
================================================================================
          _____________ ________ _______________ ________     _________         
         / ___________// ______ \\_____   _____// ______ \   / ________)        
        / /_________  / /      \ \     | |     / /      \ \ | (_______          
       |  __________|| |        | |    | |    | |        | | \________ \        
        \ \_________ | |        | |    | |     \ \______/ /___________) |       
         \__________||_|        |_|    |_|      \________//____________/        
                                                                                
====================================[ Qcore ]===================================

 Git describe: 2.3.0-1-g21d9df7e5
 Compiler:     GNU 9.1.0
 Build type:   Release
 Version:      2.3.0-1-g21d9df7e5

 Start time:   Sun Oct 24 17:21:22 2021

 Data directory: /work/zw18965/.local/qcore/share/entos/qcore/data
 Number of threads: 24
 Number of threads was determined by: command line argument

 --------------------------------------------------------------------------------
                                   command: dft                                  
 --------------------------------------------------------------------------------
 AO basis set:                           def2-tzvppd
 Number of AO basis functions:          56
 ECP on atom 1 (Ag):                     28 electrons

 Formula:                                Ag
 Nuclear charge:                        47.000000000
 Total charge:                           0.000000000
 Number of core electrons:              28
 Number of treated electrons:           19

 Number of alpha electrons:             10
 Number of beta electrons:               9
 Number of unpaired electrons:           1
 Spin:                                   1
 Multiplicity:                           doublet

 Theory:                                 dft
 Exchange-correlation functional:        wb97x

 Using range separated hybrid functional
 Range separation parameter:             0.300000000
 Short range exact exchange:             0.263800000
 Total long range exact exchange:        1.000000000

 Method for Coulomb:                     incore_df
 Method for exact exchange:              pre_transformed_df
 Integral threshold:                     1.00e-12
 DF basis set:                           def2-universal-jkfit
 Number of DF basis functions:         255
 Schwarz screening threshold:            1.00e-10
 Coulomb fitting method:                 Cholesky

 ------------------
  UW12 Correlation 
 ------------------
 Factor for UW12 correlation:            1.000000000
 Same spin scale factor:                 0.000000000
 Calculate indirect contribution:        false
 Method for three electron term:         df_ri
 Auxiliary RI basis set:                 Def2-TZVPPD-RI
 Number of RI basis functions:         176
 Gaussians in geminal expansion:         4
 UW12 screening threshold:               1.00e-12
 Method for density-fitting:             w(r)
 Number of core spatial orbitals:        4

 Total number of grid points:         8498
 Method for AO orthogonalization:        symmetric
 Threshold for linear dependence:        1.00e-08
 D3BJ dispersion energy:                 0.000000000

 -------------------------------------
  Running unrestricted open-shell SCF 
 -------------------------------------
 Max number of iterations:             128
 Conv. threshold (gradient):             1.00e-05
 Conv. threshold (energy):               1.00e-06
 Interpolation scheme:                   adiis+cdiis
 Initial guess:                          SAD

 ---------------------------------------------------------------
                  energy        change          grad        time
 ---------------------------------------------------------------
   0      -148.121542249                    1.28e-02        0.90
   1      -148.173445870     -5.19e-02      2.18e-02        0.07
   2      -148.174057066     -6.11e-04      5.90e-03        0.06
   3      -148.174170310     -1.13e-04      4.04e-03        0.06
   4      -148.174187224     -1.69e-05      1.06e-03        0.05
   5      -148.174186850      3.74e-07      5.67e-05        0.06
   6      -148.174186865     -1.43e-08      4.61e-06        0.06

 SCF converged in 6 iterations.

 Dipole moment (in Debye):               0.000001       0.000001       0.000001

 Quadrupole moment (in Debye-Angstrom):
                  1            2            3
 1       -19.540758     0.000000     0.000000
 2         0.000000   -19.540758     0.000000
 3         0.000000     0.000000   -19.540758

 Spin-squared expectation <S^2>:         0.750
 Total spin quantum number S:            0.500
 TOTAL ENERGY:                        -148.174186871

 --------------------------------------------------------------------------------

 End time:                               Sun Oct 24 17:21:27 2021
 Total wall-clock time:                  4.463 seconds
==================================================================================
