
================================================================================
          _____________ ________ _______________ ________     _________         
         / ___________// ______ \\_____   _____// ______ \   / ________)        
        / /_________  / /      \ \     | |     / /      \ \ | (_______          
       |  __________|| |        | |    | |    | |        | | \________ \        
        \ \_________ | |        | |    | |     \ \______/ /___________) |       
         \__________||_|        |_|    |_|      \________//____________/        
                                                                                
====================================[ Qcore ]===================================

 Git describe: 2.3.0-1-g21d9df7e5
 Compiler:     GNU 9.1.0
 Build type:   Release
 Version:      2.3.0-1-g21d9df7e5

 Start time:   Sun Oct 24 17:21:22 2021

 Data directory: /work/zw18965/.local/qcore/share/entos/qcore/data
 Number of threads: 24
 Number of threads was determined by: command line argument

 --------------------------------------------------------------------------------
                                   command: dft                                  
 --------------------------------------------------------------------------------
 AO basis set:                           def2-tzvppd
 Number of AO basis functions:          96
 ECP on atom 1 (Ag):                     28 electrons

 Formula:                                FAg
 Nuclear charge:                        56.000000000
 Total charge:                           0.000000000
 Number of core electrons:              28
 Number of treated electrons:           28

 Number of alpha electrons:             14
 Number of beta electrons:              14
 Number of unpaired electrons:           0
 Spin:                                   0
 Multiplicity:                           singlet

 Theory:                                 dft
 Exchange-correlation functional:        wb97x

 Using range separated hybrid functional
 Range separation parameter:             0.300000000
 Short range exact exchange:             0.263800000
 Total long range exact exchange:        1.000000000

 Method for Coulomb:                     incore_df
 Method for exact exchange:              pre_transformed_df
 Integral threshold:                     1.00e-12
 DF basis set:                           def2-universal-jkfit
 Number of DF basis functions:         332
 Schwarz screening threshold:            1.00e-10
 Coulomb fitting method:                 Cholesky

 ------------------
  UW12 Correlation 
 ------------------
 Factor for UW12 correlation:            1.000000000
 Same spin scale factor:                 0.000000000
 Calculate indirect contribution:        false
 Method for three electron term:         df_ri
 Auxiliary RI basis set:                 Def2-TZVPPD-RI
 Number of RI basis functions:         268
 Gaussians in geminal expansion:         4
 UW12 screening threshold:               1.00e-12
 Method for density-fitting:             w(r)
 Number of core spatial orbitals:        5

 Total number of grid points:        15310
 Method for AO orthogonalization:        symmetric
 Threshold for linear dependence:        1.00e-08
 D3BJ dispersion energy:                -0.001086240

 -------------------------------------
  Running restricted closed-shell SCF 
 -------------------------------------
 Max number of iterations:             128
 Conv. threshold (gradient):             1.00e-05
 Conv. threshold (energy):               1.00e-06
 Interpolation scheme:                   adiis+cdiis
 Initial guess:                          SAD

 ---------------------------------------------------------------
                  energy        change          grad        time
 ---------------------------------------------------------------
   0      -248.787565097                    1.71e+00        2.33
   1      -248.881582797     -9.40e-02      1.20e+00        0.14
   2      -248.696128852      1.85e-01      2.04e+00        0.13
   3      -248.999418930     -3.03e-01      2.81e-01        0.12
   4      -248.996528388      2.89e-03      3.67e-01        0.10
   5      -249.005350682     -8.82e-03      3.05e-02        0.09
   6      -249.005387307     -3.66e-05      3.22e-02        0.09
   7      -249.005474784     -8.75e-05      3.56e-03        0.10
   8      -249.005479507     -4.72e-06      1.79e-03        0.09
   9      -249.005479153      3.54e-07      5.38e-04        0.10
  10      -249.005479304     -1.51e-07      1.25e-04        0.10
  11      -249.005479260      4.41e-08      2.34e-05        0.09
  12      -249.005479251      8.74e-09      4.89e-06        0.10

 SCF converged in 12 iterations.

 Dipole moment (in Debye):               0.000000       0.000000       6.162252

 Quadrupole moment (in Debye-Angstrom):
                  1            2            3
 1       -22.021859    -0.000000     0.000000
 2        -0.000000   -22.021859     0.000000
 3         0.000000     0.000000   -28.452240

 Spin-squared expectation <S^2>:         0.000
 Total spin quantum number S:            0.000
 TOTAL ENERGY:                        -249.005479252

 --------------------------------------------------------------------------------

 End time:                               Sun Oct 24 17:21:30 2021
 Total wall-clock time:                  7.948 seconds
==================================================================================
