
================================================================================
          _____________ ________ _______________ ________     _________         
         / ___________// ______ \\_____   _____// ______ \   / ________)        
        / /_________  / /      \ \     | |     / /      \ \ | (_______          
       |  __________|| |        | |    | |    | |        | | \________ \        
        \ \_________ | |        | |    | |     \ \______/ /___________) |       
         \__________||_|        |_|    |_|      \________//____________/        
                                                                                
====================================[ Qcore ]===================================

 Git describe: 2.3.0-1-g21d9df7e5
 Compiler:     GNU 9.1.0
 Build type:   Release
 Version:      2.3.0-1-g21d9df7e5

 Start time:   Sun Oct 24 17:21:22 2021

 Data directory: /work/zw18965/.local/qcore/share/entos/qcore/data
 Number of threads: 24
 Number of threads was determined by: command line argument

 --------------------------------------------------------------------------------
                                   command: dft                                  
 --------------------------------------------------------------------------------
 AO basis set:                           def2-tzvppd
 Number of AO basis functions:         168
 ECP on atom 1 (Ag):                     28 electrons
 ECP on atom 2 (Ag):                     28 electrons
 ECP on atom 3 (Ag):                     28 electrons

 Formula:                                Ag3
 Nuclear charge:                       141.000000000
 Total charge:                           0.000000000
 Number of core electrons:              84
 Number of treated electrons:           57

 Number of alpha electrons:             29
 Number of beta electrons:              28
 Number of unpaired electrons:           1
 Spin:                                   1
 Multiplicity:                           doublet

 Theory:                                 dft
 Exchange-correlation functional:        wb97x

 Using range separated hybrid functional
 Range separation parameter:             0.300000000
 Short range exact exchange:             0.263800000
 Total long range exact exchange:        1.000000000

 Method for Coulomb:                     incore_df
 Method for exact exchange:              pre_transformed_df
 Integral threshold:                     1.00e-12
 DF basis set:                           def2-universal-jkfit
 Number of DF basis functions:         765
 Schwarz screening threshold:            1.00e-10
 Coulomb fitting method:                 Cholesky

 ------------------
  UW12 Correlation 
 ------------------
 Factor for UW12 correlation:            1.000000000
 Same spin scale factor:                 0.000000000
 Calculate indirect contribution:        false
 Method for three electron term:         df_ri
 Auxiliary RI basis set:                 Def2-TZVPPD-RI
 Number of RI basis functions:         528
 Gaussians in geminal expansion:         4
 UW12 screening threshold:               1.00e-12
 Method for density-fitting:             w(r)
 Number of core spatial orbitals:       12

 Total number of grid points:        25494
 Method for AO orthogonalization:        symmetric
 Threshold for linear dependence:        1.00e-08
 D3BJ dispersion energy:                -0.012025052

 -------------------------------------
  Running unrestricted open-shell SCF 
 -------------------------------------
 Max number of iterations:             128
 Conv. threshold (gradient):             1.00e-05
 Conv. threshold (energy):               1.00e-06
 Interpolation scheme:                   adiis+cdiis
 Initial guess:                          SAD

 ---------------------------------------------------------------
                  energy        change          grad        time
 ---------------------------------------------------------------
   0      -444.608620010                    1.97e+00       11.14
   1      -444.641509717     -3.29e-02      9.20e-02        2.25
   2      -444.646158908     -4.65e-03      7.22e-02        2.26
   3      -444.648925931     -2.77e-03      1.48e-02        2.22
   4      -444.649239127     -3.13e-04      6.74e-03        2.22
   5      -444.649287477     -4.84e-05      3.41e-03        2.23
   6      -444.649312785     -2.53e-05      1.87e-03        2.23
   7      -444.649315066     -2.28e-06      9.07e-04        2.23
   8      -444.649316167     -1.10e-06      4.51e-04        2.25
   9      -444.649317005     -8.38e-07      2.00e-04        2.23
  10      -444.649316690      3.15e-07      9.55e-05        2.23
  11      -444.649316732     -4.22e-08      4.95e-05        2.28
  12      -444.649316719      1.30e-08      1.90e-05        2.24
  13      -444.649316738     -1.87e-08      9.60e-06        2.25

 SCF converged in 13 iterations.

 Dipole moment (in Debye):              -0.035712       1.218939       0.000001

 Quadrupole moment (in Debye-Angstrom):
                  1            2            3
 1       -62.310572     0.198641     0.000000
 2         0.198641   -48.977178     0.000000
 3         0.000000     0.000000   -58.828953

 Spin-squared expectation <S^2>:         0.761
 Total spin quantum number S:            0.505
 TOTAL ENERGY:                        -444.649316737

 --------------------------------------------------------------------------------

 End time:                               Sun Oct 24 17:22:09 2021
 Total wall-clock time:                 46.893 seconds
==================================================================================
