
================================================================================
          _____________ ________ _______________ ________     _________         
         / ___________// ______ \\_____   _____// ______ \   / ________)        
        / /_________  / /      \ \     | |     / /      \ \ | (_______          
       |  __________|| |        | |    | |    | |        | | \________ \        
        \ \_________ | |        | |    | |     \ \______/ /___________) |       
         \__________||_|        |_|    |_|      \________//____________/        
                                                                                
====================================[ Qcore ]===================================

 Git describe: 2.3.0-3-g778a55bfd
 Compiler:     GNU 9.3.0
 Build type:   Release
 Version:      2.3.0-3-g778a55bfd

 Start time:   Wed Nov  3 11:23:12 2021

 Data directory: /mnt/storage/scratch/zw18965/.local/qcore/share/entos/qcore/data
 Number of threads: 28
 Number of threads was determined by: command line argument

 --------------------------------------------------------------------------------
                                   command: dft                                  
 --------------------------------------------------------------------------------
 AO basis set:                           def2-tzvppd
 Number of AO basis functions:         312
 ECP on atom 1 (Ag):                     28 electrons
 ECP on atom 2 (Ag):                     28 electrons
 ECP on atom 3 (Ag):                     28 electrons
 ECP on atom 4 (Ag):                     28 electrons

 Formula:                                H3NAg4(2+)
 Nuclear charge:                       198.000000000
 Total charge:                           2.000000000
 Number of core electrons:             112
 Number of treated electrons:           84

 Number of alpha electrons:             42
 Number of beta electrons:              42
 Number of unpaired electrons:           0
 Spin:                                   0
 Multiplicity:                           singlet

 Theory:                                 dft
 Exchange-correlation functional:        wb97x

 Using range separated hybrid functional
 Range separation parameter:             0.300000000
 Short range exact exchange:             0.263800000
 Total long range exact exchange:        1.000000000

 Method for Coulomb:                     incore_df
 Method for exact exchange:              pre_transformed_df
 Integral threshold:                     1.00e-12
 DF basis set:                           def2-universal-jkfit
 Number of DF basis functions:        1151
 Schwarz screening threshold:            1.00e-10
 Coulomb fitting method:                 Cholesky

 ------------------
  UW12 Correlation 
 ------------------
 Factor for UW12 correlation:            1.000000000
 Same spin scale factor:                 0.000000000
 Calculate indirect contribution:        false
 Method for three electron term:         df_ri
 Auxiliary RI basis set:                 Def2-TZVPPD-RI
 Number of RI basis functions:         913
 Gaussians in geminal expansion:         4
 UW12 screening threshold:               1.00e-12
 Method for density-fitting:             w(r)
 Number of core spatial orbitals:       17

 Total number of grid points:        58462
 Method for AO orthogonalization:        symmetric
 Threshold for linear dependence:        1.00e-08
 D3BJ dispersion energy:                -0.027274171

 -------------------------------------
  Running restricted closed-shell SCF 
 -------------------------------------
 Max number of iterations:             128
 Conv. threshold (gradient):             1.00e-05
 Conv. threshold (energy):               1.00e-06
 Interpolation scheme:                   adiis+cdiis
 Initial guess:                          SAD

 ---------------------------------------------------------------
                  energy        change          grad        time
 ---------------------------------------------------------------
   0      -644.271125367                    9.23e+00       62.25
   1      -643.448431904      8.23e-01      1.74e+00        9.00
   2      -643.457839759     -9.41e-03      1.86e+00        8.92
   3      -643.530594739     -7.28e-02      2.77e-01        8.82
   4      -643.530747563     -1.53e-04      2.89e-01        8.87
   5      -643.532703940     -1.96e-03      5.03e-02        8.93
   6      -643.532688825      1.51e-05      5.29e-02        8.81
   7      -643.532783557     -9.47e-05      1.55e-03        8.86
   8      -643.532783089      4.67e-07      4.86e-04        8.83
   9      -643.532783451     -3.62e-07      1.61e-04        8.89
  10      -643.532783342      1.09e-07      7.43e-05        8.81
  11      -643.532783430     -8.81e-08      2.31e-05        8.87
  12      -643.532783373      5.72e-08      1.21e-05        8.86
  13      -643.532783387     -1.48e-08      3.21e-06        8.90

 SCF converged in 13 iterations.

 Dipole moment (in Debye):               0.000000      -0.000804      -3.492190

 Quadrupole moment (in Debye-Angstrom):
                  1            2            3
 1       -57.828675     0.000001     0.000000
 2         0.000001   -57.828437     0.000506
 3         0.000000     0.000506   -38.172250

 Spin-squared expectation <S^2>:         0.000
 Total spin quantum number S:            0.000
 TOTAL ENERGY:                        -643.532783394

 --------------------------------------------------------------------------------

 End time:                               Wed Nov  3 11:26:29 2021
 Total wall-clock time:                197.129 seconds
==================================================================================
