
================================================================================
          _____________ ________ _______________ ________     _________         
         / ___________// ______ \\_____   _____// ______ \   / ________)        
        / /_________  / /      \ \     | |     / /      \ \ | (_______          
       |  __________|| |        | |    | |    | |        | | \________ \        
        \ \_________ | |        | |    | |     \ \______/ /___________) |       
         \__________||_|        |_|    |_|      \________//____________/        
                                                                                
====================================[ Qcore ]===================================

 Git describe: 2.3.0-1-g21d9df7e5
 Compiler:     GNU 9.1.0
 Build type:   Release
 Version:      2.3.0-1-g21d9df7e5

 Start time:   Sun Oct 24 17:21:22 2021

 Data directory: /work/zw18965/.local/qcore/share/entos/qcore/data
 Number of threads: 24
 Number of threads was determined by: command line argument

 --------------------------------------------------------------------------------
                                   command: dft                                  
 --------------------------------------------------------------------------------
 AO basis set:                           def2-tzvppd
 Number of AO basis functions:         241
 ECP on atom 1 (Ag):                     28 electrons
 ECP on atom 2 (Ag):                     28 electrons
 ECP on atom 3 (Ag):                     28 electrons
 ECP on atom 4 (Ag):                     28 electrons

 Formula:                                HAg4(2+)
 Nuclear charge:                       189.000000000
 Total charge:                           2.000000000
 Number of core electrons:             112
 Number of treated electrons:           75

 Number of alpha electrons:             38
 Number of beta electrons:              37
 Number of unpaired electrons:           1
 Spin:                                   1
 Multiplicity:                           doublet

 Theory:                                 dft
 Exchange-correlation functional:        wb97x

 Using range separated hybrid functional
 Range separation parameter:             0.300000000
 Short range exact exchange:             0.263800000
 Total long range exact exchange:        1.000000000

 Method for Coulomb:                     incore_df
 Method for exact exchange:              pre_transformed_df
 Integral threshold:                     1.00e-12
 DF basis set:                           def2-universal-jkfit
 Number of DF basis functions:        1038
 Schwarz screening threshold:            1.00e-10
 Coulomb fitting method:                 Cholesky

 ------------------
  UW12 Correlation 
 ------------------
 Factor for UW12 correlation:            1.000000000
 Same spin scale factor:                 0.000000000
 Calculate indirect contribution:        false
 Method for three electron term:         df_ri
 Auxiliary RI basis set:                 Def2-TZVPPD-RI
 Number of RI basis functions:         743
 Gaussians in geminal expansion:         4
 UW12 screening threshold:               1.00e-12
 Method for density-fitting:             w(r)
 Number of core spatial orbitals:       16

 Total number of grid points:        39882
 Method for AO orthogonalization:        symmetric
 Threshold for linear dependence:        1.00e-08
 D3BJ dispersion energy:                -0.021969583

 -------------------------------------
  Running unrestricted open-shell SCF 
 -------------------------------------
 Max number of iterations:             128
 Conv. threshold (gradient):             1.00e-05
 Conv. threshold (energy):               1.00e-06
 Interpolation scheme:                   adiis+cdiis
 Initial guess:                          SAD

 ---------------------------------------------------------------
                  energy        change          grad        time
 ---------------------------------------------------------------
   0      -593.442051044                    3.09e+00       31.69
   1      -592.785219044      6.57e-01      2.42e-01        8.31
   2      -592.814504660     -2.93e-02      1.82e-01        8.35
   3      -592.818555417     -4.05e-03      1.81e-01        8.17
   4      -592.834390446     -1.58e-02      1.92e-02        8.52
   5      -592.834698044     -3.08e-04      1.89e-02        8.42
   6      -592.834806248     -1.08e-04      5.04e-03        8.18
   7      -592.834815918     -9.67e-06      2.05e-03        8.37
   8      -592.834819651     -3.73e-06      1.35e-03        8.61
   9      -592.834820698     -1.05e-06      4.78e-04        8.58
  10      -592.834820937     -2.39e-07      2.04e-04        8.23
  11      -592.834820846      9.08e-08      9.02e-05        8.21
  12      -592.834820848     -2.09e-09      2.84e-05        8.23
  13      -592.834820842      5.81e-09      1.31e-05        8.29
  14      -592.834820835      7.35e-09      3.49e-06        8.20

 SCF converged in 14 iterations.

 Dipole moment (in Debye):              -0.000001       0.000000      -1.004548

 Quadrupole moment (in Debye-Angstrom):
                  1            2            3
 1       -49.368711    -0.000000     0.000000
 2        -0.000000   -48.058787     0.000001
 3         0.000000     0.000001   -49.414521

 Spin-squared expectation <S^2>:         0.763
 Total spin quantum number S:            0.506
 TOTAL ENERGY:                        -592.834820832

 --------------------------------------------------------------------------------

 End time:                               Sun Oct 24 17:24:05 2021
 Total wall-clock time:                162.871 seconds
==================================================================================
