
================================================================================
          _____________ ________ _______________ ________     _________         
         / ___________// ______ \\_____   _____// ______ \   / ________)        
        / /_________  / /      \ \     | |     / /      \ \ | (_______          
       |  __________|| |        | |    | |    | |        | | \________ \        
        \ \_________ | |        | |    | |     \ \______/ /___________) |       
         \__________||_|        |_|    |_|      \________//____________/        
                                                                                
====================================[ Qcore ]===================================

 Git describe: 2.3.0-3-g778a55bfd
 Compiler:     GNU 9.3.0
 Build type:   Release
 Version:      2.3.0-3-g778a55bfd

 Start time:   Wed Nov  3 11:29:12 2021

 Data directory: /mnt/storage/scratch/zw18965/.local/qcore/share/entos/qcore/data
 Number of threads: 28
 Number of threads was determined by: command line argument

 --------------------------------------------------------------------------------
                                   command: dft                                  
 --------------------------------------------------------------------------------
 AO basis set:                           def2-tzvppd
 Number of AO basis functions:         241
 ECP on atom 1 (Ag):                     28 electrons
 ECP on atom 2 (Ag):                     28 electrons
 ECP on atom 3 (Ag):                     28 electrons
 ECP on atom 4 (Ag):                     28 electrons

 Formula:                                HAg4(2+)
 Nuclear charge:                       189.000000000
 Total charge:                           2.000000000
 Number of core electrons:             112
 Number of treated electrons:           75

 Number of alpha electrons:             38
 Number of beta electrons:              37
 Number of unpaired electrons:           1
 Spin:                                   1
 Multiplicity:                           doublet

 Theory:                                 dft
 Exchange-correlation functional:        wb97x

 Using range separated hybrid functional
 Range separation parameter:             0.300000000
 Short range exact exchange:             0.263800000
 Total long range exact exchange:        1.000000000

 Method for Coulomb:                     incore_df
 Method for exact exchange:              pre_transformed_df
 Integral threshold:                     1.00e-12
 DF basis set:                           def2-universal-jkfit
 Number of DF basis functions:        1038
 Schwarz screening threshold:            1.00e-10
 Coulomb fitting method:                 Cholesky

 ------------------
  UW12 Correlation 
 ------------------
 Factor for UW12 correlation:            1.000000000
 Same spin scale factor:                 0.000000000
 Calculate indirect contribution:        false
 Method for three electron term:         df_ri
 Auxiliary RI basis set:                 Def2-TZVPPD-RI
 Number of RI basis functions:         743
 Gaussians in geminal expansion:         4
 UW12 screening threshold:               1.00e-12
 Method for density-fitting:             w(r)
 Number of core spatial orbitals:       16

 Total number of grid points:        39882
 Method for AO orthogonalization:        symmetric
 Threshold for linear dependence:        1.00e-08
 D3BJ dispersion energy:                -0.023000216

 -------------------------------------
  Running unrestricted open-shell SCF 
 -------------------------------------
 Max number of iterations:             128
 Conv. threshold (gradient):             1.00e-05
 Conv. threshold (energy):               1.00e-06
 Interpolation scheme:                   adiis+cdiis
 Initial guess:                          SAD

 ---------------------------------------------------------------
                  energy        change          grad        time
 ---------------------------------------------------------------
   0      -588.135557019                    3.44e+00       43.81
   1      -587.417809810      7.18e-01      2.52e-01        9.83
   2      -587.443147589     -2.53e-02      1.42e-01        9.70
   3      -587.448637293     -5.49e-03      1.45e-01        9.67
   4      -587.463613645     -1.50e-02      1.86e-02        9.82
   5      -587.463904817     -2.91e-04      1.84e-02        9.77
   6      -587.464051706     -1.47e-04      4.28e-03        9.69
   7      -587.464059132     -7.43e-06      1.16e-03        9.66
   8      -587.464061802     -2.67e-06      5.55e-04        9.77
   9      -587.464062742     -9.40e-07      1.55e-04        9.65
  10      -587.464062821     -7.97e-08      6.79e-05        9.70
  11      -587.464062758      6.33e-08      3.65e-05        9.67
  12      -587.464062758      5.21e-10      1.42e-05        9.74
  13      -587.464062761     -3.24e-09      6.23e-06        9.65

 SCF converged in 13 iterations.

 Dipole moment (in Debye):               0.000001      -0.000171      -0.120292

 Quadrupole moment (in Debye-Angstrom):
                  1            2            3
 1       -50.231367    -0.000000    -0.000000
 2        -0.000000   -50.231724    -0.000732
 3        -0.000000    -0.000732   -52.713706

 Spin-squared expectation <S^2>:         0.759
 Total spin quantum number S:            0.504
 TOTAL ENERGY:                        -587.464062764

 --------------------------------------------------------------------------------

 End time:                               Wed Nov  3 11:32:19 2021
 Total wall-clock time:                186.862 seconds
==================================================================================
