
================================================================================
          _____________ ________ _______________ ________     _________         
         / ___________// ______ \\_____   _____// ______ \   / ________)        
        / /_________  / /      \ \     | |     / /      \ \ | (_______          
       |  __________|| |        | |    | |    | |        | | \________ \        
        \ \_________ | |        | |    | |     \ \______/ /___________) |       
         \__________||_|        |_|    |_|      \________//____________/        
                                                                                
====================================[ Qcore ]===================================

 Git describe: 2.3.0-1-g21d9df7e5
 Compiler:     GNU 9.1.0
 Build type:   Release
 Version:      2.3.0-1-g21d9df7e5

 Start time:   Sun Oct 24 17:21:50 2021

 Data directory: /work/zw18965/.local/qcore/share/entos/qcore/data
 Number of threads: 24
 Number of threads was determined by: command line argument

 --------------------------------------------------------------------------------
                                   command: dft                                  
 --------------------------------------------------------------------------------
 AO basis set:                           def2-tzvppd
 Number of AO basis functions:         224
 ECP on atom 1 (Ag):                     28 electrons
 ECP on atom 2 (Ag):                     28 electrons
 ECP on atom 3 (Ag):                     28 electrons
 ECP on atom 4 (Ag):                     28 electrons

 Formula:                                Ag4
 Nuclear charge:                       188.000000000
 Total charge:                           0.000000000
 Number of core electrons:             112
 Number of treated electrons:           76

 Number of alpha electrons:             38
 Number of beta electrons:              38
 Number of unpaired electrons:           0
 Spin:                                   0
 Multiplicity:                           singlet

 Theory:                                 dft
 Exchange-correlation functional:        wb97x

 Using range separated hybrid functional
 Range separation parameter:             0.300000000
 Short range exact exchange:             0.263800000
 Total long range exact exchange:        1.000000000

 Method for Coulomb:                     incore_df
 Method for exact exchange:              pre_transformed_df
 Integral threshold:                     1.00e-12
 DF basis set:                           def2-universal-jkfit
 Number of DF basis functions:        1020
 Schwarz screening threshold:            1.00e-10
 Coulomb fitting method:                 Cholesky

 ------------------
  UW12 Correlation 
 ------------------
 Factor for UW12 correlation:            1.000000000
 Same spin scale factor:                 0.000000000
 Calculate indirect contribution:        false
 Method for three electron term:         df_ri
 Auxiliary RI basis set:                 Def2-TZVPPD-RI
 Number of RI basis functions:         704
 Gaussians in geminal expansion:         4
 UW12 screening threshold:               1.00e-12
 Method for density-fitting:             w(r)
 Number of core spatial orbitals:       16

 Total number of grid points:        33992
 Method for AO orthogonalization:        symmetric
 Threshold for linear dependence:        1.00e-08
 D3BJ dispersion energy:                -0.019501058

 -------------------------------------
  Running restricted closed-shell SCF 
 -------------------------------------
 Max number of iterations:             128
 Conv. threshold (gradient):             1.00e-05
 Conv. threshold (energy):               1.00e-06
 Interpolation scheme:                   adiis+cdiis
 Initial guess:                          SAD

 ---------------------------------------------------------------
                  energy        change          grad        time
 ---------------------------------------------------------------
   0      -592.875802595                    5.96e+00       21.08
   1      -592.915301028     -3.95e-02      2.40e-01        3.83
   2      -592.921160108     -5.86e-03      1.86e-01        3.78
   3      -592.922345625     -1.19e-03      1.74e-01        3.71
   4      -592.926058470     -3.71e-03      2.33e-02        3.64
   5      -592.926075994     -1.75e-05      2.25e-02        3.60
   6      -592.926187299     -1.11e-04      1.91e-03        3.76
   7      -592.926188055     -7.56e-07      6.44e-04        3.67
   8      -592.926188175     -1.20e-07      2.82e-04        3.75
   9      -592.926188692     -5.17e-07      1.58e-04        3.79
  10      -592.926188539      1.53e-07      3.18e-05        3.71
  11      -592.926188509      3.03e-08      8.90e-06        3.63

 SCF converged in 11 iterations.

 Dipole moment (in Debye):              -0.004062       0.000779       0.002143

 Quadrupole moment (in Debye-Angstrom):
                  1            2            3
 1       -72.499991     1.943494    -3.866399
 2         1.943494   -76.254771    -1.676613
 3        -3.866399    -1.676613   -75.642533

 Spin-squared expectation <S^2>:         0.000
 Total spin quantum number S:            0.000
 TOTAL ENERGY:                        -592.926188511

 --------------------------------------------------------------------------------

 End time:                               Sun Oct 24 17:23:01 2021
 Total wall-clock time:                 70.986 seconds
==================================================================================
