
================================================================================
          _____________ ________ _______________ ________     _________         
         / ___________// ______ \\_____   _____// ______ \   / ________)        
        / /_________  / /      \ \     | |     / /      \ \ | (_______          
       |  __________|| |        | |    | |    | |        | | \________ \        
        \ \_________ | |        | |    | |     \ \______/ /___________) |       
         \__________||_|        |_|    |_|      \________//____________/        
                                                                                
====================================[ Qcore ]===================================

 Git describe: 2.3.0-1-g21d9df7e5
 Compiler:     GNU 9.1.0
 Build type:   Release
 Version:      2.3.0-1-g21d9df7e5

 Start time:   Sun Oct 24 17:21:22 2021

 Data directory: /work/zw18965/.local/qcore/share/entos/qcore/data
 Number of threads: 24
 Number of threads was determined by: command line argument

 --------------------------------------------------------------------------------
                                   command: dft                                  
 --------------------------------------------------------------------------------
 AO basis set:                           def2-tzvppd
 Number of AO basis functions:         241
 ECP on atom 1 (Ag):                     28 electrons
 ECP on atom 2 (Ag):                     28 electrons
 ECP on atom 3 (Ag):                     28 electrons
 ECP on atom 4 (Ag):                     28 electrons

 Formula:                                HAg4(2+)
 Nuclear charge:                       189.000000000
 Total charge:                           2.000000000
 Number of core electrons:             112
 Number of treated electrons:           75

 Number of alpha electrons:             38
 Number of beta electrons:              37
 Number of unpaired electrons:           1
 Spin:                                   1
 Multiplicity:                           doublet

 Theory:                                 dft
 Exchange-correlation functional:        wb97x

 Using range separated hybrid functional
 Range separation parameter:             0.300000000
 Short range exact exchange:             0.263800000
 Total long range exact exchange:        1.000000000

 Method for Coulomb:                     incore_df
 Method for exact exchange:              pre_transformed_df
 Integral threshold:                     1.00e-12
 DF basis set:                           def2-universal-jkfit
 Number of DF basis functions:        1038
 Schwarz screening threshold:            1.00e-10
 Coulomb fitting method:                 Cholesky

 ------------------
  UW12 Correlation 
 ------------------
 Factor for UW12 correlation:            1.000000000
 Same spin scale factor:                 0.000000000
 Calculate indirect contribution:        false
 Method for three electron term:         df_ri
 Auxiliary RI basis set:                 Def2-TZVPPD-RI
 Number of RI basis functions:         743
 Gaussians in geminal expansion:         4
 UW12 screening threshold:               1.00e-12
 Method for density-fitting:             w(r)
 Number of core spatial orbitals:       16

 Total number of grid points:        39882
 Method for AO orthogonalization:        symmetric
 Threshold for linear dependence:        1.00e-08
 D3BJ dispersion energy:                -0.022253362

 -------------------------------------
  Running unrestricted open-shell SCF 
 -------------------------------------
 Max number of iterations:             128
 Conv. threshold (gradient):             1.00e-05
 Conv. threshold (energy):               1.00e-06
 Interpolation scheme:                   adiis+cdiis
 Initial guess:                          SAD

 ---------------------------------------------------------------
                  energy        change          grad        time
 ---------------------------------------------------------------
   0      -593.398190018                    2.87e+00       37.15
   1      -592.747945390      6.50e-01      3.18e-01        9.29
   2      -592.784134113     -3.62e-02      2.47e-01        9.43
   3      -592.788893129     -4.76e-03      2.86e-01       10.18
   4      -592.814168806     -2.53e-02      5.00e-02        9.84
   5      -592.815334441     -1.17e-03      5.19e-02        9.90
   6      -592.816232186     -8.98e-04      1.35e-02       10.22
   7      -592.816402836     -1.71e-04      4.87e-03        9.96
   8      -592.816426966     -2.41e-05      2.28e-03        9.63
   9      -592.816431661     -4.69e-06      6.42e-04        9.58
  10      -592.816431579      8.11e-08      2.15e-04        9.31
  11      -592.816431768     -1.89e-07      1.11e-04        9.65
  12      -592.816431724      4.40e-08      5.66e-05        9.88
  13      -592.816431743     -1.88e-08      2.78e-05        9.48
  14      -592.816431727      1.63e-08      1.30e-05        9.27
  15      -592.816431717      1.01e-08      6.53e-06        9.36

 SCF converged in 15 iterations.

 Dipole moment (in Debye):               0.000001      -0.000068       0.277589

 Quadrupole moment (in Debye-Angstrom):
                  1            2            3
 1       -49.289851    -0.000000    -0.000000
 2        -0.000000   -49.290148    -0.000142
 3        -0.000000    -0.000142   -45.629258

 Spin-squared expectation <S^2>:         0.757
 Total spin quantum number S:            0.503
 TOTAL ENERGY:                        -592.816431718

 --------------------------------------------------------------------------------

 End time:                               Sun Oct 24 17:24:40 2021
 Total wall-clock time:                198.110 seconds
==================================================================================
