
================================================================================
          _____________ ________ _______________ ________     _________         
         / ___________// ______ \\_____   _____// ______ \   / ________)        
        / /_________  / /      \ \     | |     / /      \ \ | (_______          
       |  __________|| |        | |    | |    | |        | | \________ \        
        \ \_________ | |        | |    | |     \ \______/ /___________) |       
         \__________||_|        |_|    |_|      \________//____________/        
                                                                                
====================================[ Qcore ]===================================

 Git describe: 2.3.0-3-g778a55bfd
 Compiler:     GNU 9.3.0
 Build type:   Release
 Version:      2.3.0-3-g778a55bfd

 Start time:   Wed Nov  3 11:26:11 2021

 Data directory: /mnt/storage/scratch/zw18965/.local/qcore/share/entos/qcore/data
 Number of threads: 28
 Number of threads was determined by: command line argument

 --------------------------------------------------------------------------------
                                   command: dft                                  
 --------------------------------------------------------------------------------
 AO basis set:                           def2-tzvppd
 Number of AO basis functions:          99
 ECP on atom 1 (Au):                     60 electrons

 Formula:                                FAu
 Nuclear charge:                        88.000000000
 Total charge:                           0.000000000
 Number of core electrons:              60
 Number of treated electrons:           28

 Number of alpha electrons:             14
 Number of beta electrons:              14
 Number of unpaired electrons:           0
 Spin:                                   0
 Multiplicity:                           singlet

 Theory:                                 dft
 Exchange-correlation functional:        wb97x

 Using range separated hybrid functional
 Range separation parameter:             0.300000000
 Short range exact exchange:             0.263800000
 Total long range exact exchange:        1.000000000

 Method for Coulomb:                     incore_df
 Method for exact exchange:              pre_transformed_df
 Integral threshold:                     1.00e-12
 DF basis set:                           def2-universal-jkfit
 Number of DF basis functions:         324
 Schwarz screening threshold:            1.00e-10
 Coulomb fitting method:                 Cholesky

 ------------------
  UW12 Correlation 
 ------------------
 Factor for UW12 correlation:            1.000000000
 Same spin scale factor:                 0.000000000
 Calculate indirect contribution:        false
 Method for three electron term:         df_ri
 Auxiliary RI basis set:                 Def2-TZVPPD-RI
 Number of RI basis functions:         285
 Gaussians in geminal expansion:         4
 UW12 screening threshold:               1.00e-12
 Method for density-fitting:             w(r)
 Number of core spatial orbitals:        5

 Total number of grid points:        15932
 Method for AO orthogonalization:        symmetric
 Threshold for linear dependence:        1.00e-08
 D3BJ dispersion energy:                -0.001221677

 -------------------------------------
  Running restricted closed-shell SCF 
 -------------------------------------
 Max number of iterations:             128
 Conv. threshold (gradient):             1.00e-05
 Conv. threshold (energy):               1.00e-06
 Interpolation scheme:                   adiis+cdiis
 Initial guess:                          SAD

 ---------------------------------------------------------------
                  energy        change          grad        time
 ---------------------------------------------------------------
   0      -235.333310173                    3.81e+00        3.55
   1      -235.317981186      1.53e-02      1.27e+00        0.11
   2      -235.081436673      2.37e-01      2.26e+00        0.11
   3      -235.419166402     -3.38e-01      4.01e-01        0.11
   4      -235.410957705      8.21e-03      6.00e-01        0.11
   5      -235.430439456     -1.95e-02      6.83e-02        0.11
   6      -235.430508087     -6.86e-05      8.81e-02        0.11
   7      -235.431187003     -6.79e-04      6.24e-03        0.11
   8      -235.431210834     -2.38e-05      2.56e-03        0.10
   9      -235.431213041     -2.21e-06      5.27e-04        0.10
  10      -235.431213403     -3.63e-07      1.68e-04        0.10
  11      -235.431213029      3.75e-07      4.75e-05        0.10
  12      -235.431213073     -4.44e-08      1.52e-05        0.10
  13      -235.431213079     -5.76e-09      2.92e-06        0.10

 SCF converged in 13 iterations.

 Dipole moment (in Debye):              -0.000000      -0.000000       4.394761

 Quadrupole moment (in Debye-Angstrom):
                  1            2            3
 1       -27.274752    -0.000000     0.000001
 2        -0.000000   -27.274752     0.000001
 3         0.000001     0.000001   -30.351012

 Spin-squared expectation <S^2>:         0.000
 Total spin quantum number S:            0.000
 TOTAL ENERGY:                        -235.431213078

 --------------------------------------------------------------------------------

 End time:                               Wed Nov  3 11:26:19 2021
 Total wall-clock time:                  8.417 seconds
==================================================================================
