
================================================================================
          _____________ ________ _______________ ________     _________         
         / ___________// ______ \\_____   _____// ______ \   / ________)        
        / /_________  / /      \ \     | |     / /      \ \ | (_______          
       |  __________|| |        | |    | |    | |        | | \________ \        
        \ \_________ | |        | |    | |     \ \______/ /___________) |       
         \__________||_|        |_|    |_|      \________//____________/        
                                                                                
====================================[ Qcore ]===================================

 Git describe: 2.3.0-1-g21d9df7e5
 Compiler:     GNU 9.1.0
 Build type:   Release
 Version:      2.3.0-1-g21d9df7e5

 Start time:   Sun Oct 24 17:22:46 2021

 Data directory: /work/zw18965/.local/qcore/share/entos/qcore/data
 Number of threads: 24
 Number of threads was determined by: command line argument

 --------------------------------------------------------------------------------
                                   command: dft                                  
 --------------------------------------------------------------------------------
 AO basis set:                           def2-tzvppd
 Number of AO basis functions:         177
 ECP on atom 1 (Au):                     60 electrons
 ECP on atom 2 (Au):                     60 electrons
 ECP on atom 3 (Au):                     60 electrons

 Formula:                                Au3
 Nuclear charge:                       237.000000000
 Total charge:                           0.000000000
 Number of core electrons:             180
 Number of treated electrons:           57

 Number of alpha electrons:             29
 Number of beta electrons:              28
 Number of unpaired electrons:           1
 Spin:                                   1
 Multiplicity:                           doublet

 Theory:                                 dft
 Exchange-correlation functional:        wb97x

 Using range separated hybrid functional
 Range separation parameter:             0.300000000
 Short range exact exchange:             0.263800000
 Total long range exact exchange:        1.000000000

 Method for Coulomb:                     incore_df
 Method for exact exchange:              pre_transformed_df
 Integral threshold:                     1.00e-12
 DF basis set:                           def2-universal-jkfit
 Number of DF basis functions:         741
 Schwarz screening threshold:            1.00e-10
 Coulomb fitting method:                 Cholesky

 ------------------
  UW12 Correlation 
 ------------------
 Factor for UW12 correlation:            1.000000000
 Same spin scale factor:                 0.000000000
 Calculate indirect contribution:        false
 Method for three electron term:         df_ri
 Auxiliary RI basis set:                 Def2-TZVPPD-RI
 Number of RI basis functions:         579
 Gaussians in geminal expansion:         4
 UW12 screening threshold:               1.00e-12
 Method for density-fitting:             w(r)
 Number of core spatial orbitals:       12

 Total number of grid points:        27360
 Method for AO orthogonalization:        symmetric
 Threshold for linear dependence:        1.00e-08
 D3BJ dispersion energy:                -0.010027043

 -------------------------------------
  Running unrestricted open-shell SCF 
 -------------------------------------
 Max number of iterations:             128
 Conv. threshold (gradient):             1.00e-05
 Conv. threshold (energy):               1.00e-06
 Interpolation scheme:                   adiis+cdiis
 Initial guess:                          SAD

 ---------------------------------------------------------------
                  energy        change          grad        time
 ---------------------------------------------------------------
   0      -410.412694437                    3.57e+00       13.51
   1      -410.485927527     -7.32e-02      8.85e-02        2.44
   2      -410.490186694     -4.26e-03      7.43e-02        2.44
   3      -410.493788371     -3.60e-03      2.41e-02        2.43
   4      -410.494380906     -5.93e-04      1.01e-02        2.41
   5      -410.494510995     -1.30e-04      4.81e-03        2.49
   6      -410.494568527     -5.75e-05      1.25e-03        2.45
   7      -410.494574064     -5.54e-06      4.01e-04        2.42
   8      -410.494573908      1.56e-07      8.14e-05        2.42
   9      -410.494574287     -3.79e-07      3.94e-05        2.42
  10      -410.494574172      1.15e-07      1.34e-05        2.42
  11      -410.494574186     -1.46e-08      5.11e-06        2.40

 SCF converged in 11 iterations.

 Dipole moment (in Debye):              -0.000000      -0.000000       0.000001

 Quadrupole moment (in Debye-Angstrom):
                  1            2            3
 1       -67.662605    -0.000002     0.000002
 2        -0.000002   -67.662605     0.000002
 3         0.000002     0.000002   -52.475435

 Spin-squared expectation <S^2>:         0.785
 Total spin quantum number S:            0.517
 TOTAL ENERGY:                        -410.494574187

 --------------------------------------------------------------------------------

 End time:                               Sun Oct 24 17:23:33 2021
 Total wall-clock time:                 46.594 seconds
==================================================================================
