
================================================================================
          _____________ ________ _______________ ________     _________         
         / ___________// ______ \\_____   _____// ______ \   / ________)        
        / /_________  / /      \ \     | |     / /      \ \ | (_______          
       |  __________|| |        | |    | |    | |        | | \________ \        
        \ \_________ | |        | |    | |     \ \______/ /___________) |       
         \__________||_|        |_|    |_|      \________//____________/        
                                                                                
====================================[ Qcore ]===================================

 Git describe: 2.3.0-3-g778a55bfd
 Compiler:     GNU 9.3.0
 Build type:   Release
 Version:      2.3.0-3-g778a55bfd

 Start time:   Wed Nov  3 11:21:18 2021

 Data directory: /mnt/storage/scratch/zw18965/.local/qcore/share/entos/qcore/data
 Number of threads: 28
 Number of threads was determined by: command line argument

 --------------------------------------------------------------------------------
                                   command: dft                                  
 --------------------------------------------------------------------------------
 AO basis set:                           def2-tzvppd
 Number of AO basis functions:         177
 ECP on atom 1 (Au):                     60 electrons
 ECP on atom 2 (Au):                     60 electrons
 ECP on atom 3 (Au):                     60 electrons

 Formula:                                Au3
 Nuclear charge:                       237.000000000
 Total charge:                           0.000000000
 Number of core electrons:             180
 Number of treated electrons:           57

 Number of alpha electrons:             29
 Number of beta electrons:              28
 Number of unpaired electrons:           1
 Spin:                                   1
 Multiplicity:                           doublet

 Theory:                                 dft
 Exchange-correlation functional:        wb97x

 Using range separated hybrid functional
 Range separation parameter:             0.300000000
 Short range exact exchange:             0.263800000
 Total long range exact exchange:        1.000000000

 Method for Coulomb:                     incore_df
 Method for exact exchange:              pre_transformed_df
 Integral threshold:                     1.00e-12
 DF basis set:                           def2-universal-jkfit
 Number of DF basis functions:         741
 Schwarz screening threshold:            1.00e-10
 Coulomb fitting method:                 Cholesky

 ------------------
  UW12 Correlation 
 ------------------
 Factor for UW12 correlation:            1.000000000
 Same spin scale factor:                 0.000000000
 Calculate indirect contribution:        false
 Method for three electron term:         df_ri
 Auxiliary RI basis set:                 Def2-TZVPPD-RI
 Number of RI basis functions:         579
 Gaussians in geminal expansion:         4
 UW12 screening threshold:               1.00e-12
 Method for density-fitting:             w(r)
 Number of core spatial orbitals:       12

 Total number of grid points:        27360
 Method for AO orthogonalization:        symmetric
 Threshold for linear dependence:        1.00e-08
 D3BJ dispersion energy:                -0.013752216

 -------------------------------------
  Running unrestricted open-shell SCF 
 -------------------------------------
 Max number of iterations:             128
 Conv. threshold (gradient):             1.00e-05
 Conv. threshold (energy):               1.00e-06
 Interpolation scheme:                   adiis+cdiis
 Initial guess:                          SAD

 ---------------------------------------------------------------
                  energy        change          grad        time
 ---------------------------------------------------------------
   0      -406.885666729                    5.02e+00       18.93
   1      -406.849091366      3.66e-02      1.31e-01        2.93
   2      -406.853644476     -4.55e-03      1.34e-01        2.89
   3      -406.858001215     -4.36e-03      8.50e-02        2.82
   4      -406.860663730     -2.66e-03      4.04e-02        2.83
   5      -406.861365591     -7.02e-04      1.03e-02        2.91
   6      -406.861490016     -1.24e-04      5.64e-03        2.90
   7      -406.861523327     -3.33e-05      4.10e-03        2.87
   8      -406.861537554     -1.42e-05      1.87e-03        2.88
   9      -406.861544488     -6.93e-06      1.19e-03        2.89
  10      -406.861546018     -1.53e-06      7.03e-04        2.82
  11      -406.861546986     -9.67e-07      4.84e-04        2.84
  12      -406.861548053     -1.07e-06      4.57e-04        2.84
  13      -406.861548792     -7.38e-07      4.36e-04        2.86
  14      -406.861549446     -6.54e-07      4.54e-04        2.81
  15      -406.861549903     -4.57e-07      4.42e-04        2.89
  16      -406.861551000     -1.10e-06      4.44e-04        2.84
  17      -406.861552078     -1.08e-06      4.44e-04        2.85
  18      -406.861555356     -3.28e-06      4.42e-04        2.80
  19      -406.861563700     -8.34e-06      4.43e-04        2.86
  20      -406.861563082      6.18e-07      4.36e-04        2.85
  21      -406.861569240     -6.16e-06      4.59e-04        2.82
  22      -406.861571030     -1.79e-06      4.12e-04        2.92
  23      -406.861574611     -3.58e-06      4.43e-04        2.82
  24      -406.861574416      1.95e-07      3.53e-04        2.88
  25      -406.861586649     -1.22e-05      1.82e-03        2.92
  26      -406.861587151     -5.01e-07      1.12e-03        2.85
  27      -406.861588236     -1.09e-06      6.40e-04        2.83
  28      -406.861591489     -3.25e-06      8.19e-04        2.87
  29      -406.861592052     -5.63e-07      4.14e-04        2.87
  30      -406.861593421     -1.37e-06      1.01e-03        2.89
  31      -406.861593756     -3.34e-07      6.91e-05        2.84
  32      -406.861593822     -6.61e-08      3.23e-04        2.87
  33      -406.861593875     -5.29e-08      1.45e-05        2.85
  34      -406.861593884     -9.75e-09      1.14e-05        2.85
  35      -406.861593881      3.10e-09      3.05e-05        2.84
  36      -406.861593884     -2.77e-09      5.01e-06        2.84

 SCF converged in 36 iterations.

 Dipole moment (in Debye):              -1.253468       0.721944      -0.000000

 Quadrupole moment (in Debye-Angstrom):
                  1            2            3
 1       -68.819907     4.752077     0.000001
 2         4.752077   -63.345564    -0.000000
 3         0.000001    -0.000000   -70.048246

 Spin-squared expectation <S^2>:         0.775
 Total spin quantum number S:            0.512
 TOTAL ENERGY:                        -406.861593885

 --------------------------------------------------------------------------------

 End time:                               Wed Nov  3 11:23:28 2021
 Total wall-clock time:                130.052 seconds
==================================================================================
