
================================================================================
          _____________ ________ _______________ ________     _________         
         / ___________// ______ \\_____   _____// ______ \   / ________)        
        / /_________  / /      \ \     | |     / /      \ \ | (_______          
       |  __________|| |        | |    | |    | |        | | \________ \        
        \ \_________ | |        | |    | |     \ \______/ /___________) |       
         \__________||_|        |_|    |_|      \________//____________/        
                                                                                
====================================[ Qcore ]===================================

 Git describe: 2.3.0-3-g778a55bfd
 Compiler:     GNU 9.3.0
 Build type:   Release
 Version:      2.3.0-3-g778a55bfd

 Start time:   Wed Nov  3 11:24:12 2021

 Data directory: /mnt/storage/scratch/zw18965/.local/qcore/share/entos/qcore/data
 Number of threads: 28
 Number of threads was determined by: command line argument

 --------------------------------------------------------------------------------
                                   command: dft                                  
 --------------------------------------------------------------------------------
 AO basis set:                           def2-tzvppd
 Number of AO basis functions:         177
 ECP on atom 1 (Au):                     60 electrons
 ECP on atom 2 (Au):                     60 electrons
 ECP on atom 3 (Au):                     60 electrons

 Formula:                                Au3+
 Nuclear charge:                       237.000000000
 Total charge:                           1.000000000
 Number of core electrons:             180
 Number of treated electrons:           56

 Number of alpha electrons:             28
 Number of beta electrons:              28
 Number of unpaired electrons:           0
 Spin:                                   0
 Multiplicity:                           singlet

 Theory:                                 dft
 Exchange-correlation functional:        wb97x

 Using range separated hybrid functional
 Range separation parameter:             0.300000000
 Short range exact exchange:             0.263800000
 Total long range exact exchange:        1.000000000

 Method for Coulomb:                     incore_df
 Method for exact exchange:              pre_transformed_df
 Integral threshold:                     1.00e-12
 DF basis set:                           def2-universal-jkfit
 Number of DF basis functions:         741
 Schwarz screening threshold:            1.00e-10
 Coulomb fitting method:                 Cholesky

 ------------------
  UW12 Correlation 
 ------------------
 Factor for UW12 correlation:            1.000000000
 Same spin scale factor:                 0.000000000
 Calculate indirect contribution:        false
 Method for three electron term:         df_ri
 Auxiliary RI basis set:                 Def2-TZVPPD-RI
 Number of RI basis functions:         579
 Gaussians in geminal expansion:         4
 UW12 screening threshold:               1.00e-12
 Method for density-fitting:             w(r)
 Number of core spatial orbitals:       12

 Total number of grid points:        27360
 Method for AO orthogonalization:        symmetric
 Threshold for linear dependence:        1.00e-08
 D3BJ dispersion energy:                -0.009811404

 -------------------------------------
  Running restricted closed-shell SCF 
 -------------------------------------
 Max number of iterations:             128
 Conv. threshold (gradient):             1.00e-05
 Conv. threshold (energy):               1.00e-06
 Interpolation scheme:                   adiis+cdiis
 Initial guess:                          SAD

 ---------------------------------------------------------------
                  energy        change          grad        time
 ---------------------------------------------------------------
   0      -406.775652116                    7.26e+00       15.15
   1      -406.521955339      2.54e-01      1.80e-01        1.39
   2      -406.530368771     -8.41e-03      1.41e-01        1.38
   3      -406.533505868     -3.14e-03      1.24e-01        1.36
   4      -406.536734326     -3.23e-03      2.84e-02        1.35
   5      -406.536864071     -1.30e-04      3.03e-02        1.35
   6      -406.537055725     -1.92e-04      3.08e-03        1.33
   7      -406.537061375     -5.65e-06      1.45e-03        1.35
   8      -406.537062874     -1.50e-06      6.83e-04        1.34
   9      -406.537063315     -4.41e-07      2.14e-04        1.34
  10      -406.537063293      2.18e-08      3.33e-05        1.34
  11      -406.537063284      8.73e-09      4.73e-06        1.33

 SCF converged in 11 iterations.

 Dipole moment (in Debye):              -0.000003      -0.000003       0.000009

 Quadrupole moment (in Debye-Angstrom):
                  1            2            3
 1       -63.575134    -0.000003    -0.000001
 2        -0.000003   -63.575134    -0.000001
 3        -0.000001    -0.000001   -15.706944

 Spin-squared expectation <S^2>:         0.000
 Total spin quantum number S:            0.000
 TOTAL ENERGY:                        -406.537063282

 --------------------------------------------------------------------------------

 End time:                               Wed Nov  3 11:24:48 2021
 Total wall-clock time:                 36.170 seconds
==================================================================================
