
================================================================================
          _____________ ________ _______________ ________     _________         
         / ___________// ______ \\_____   _____// ______ \   / ________)        
        / /_________  / /      \ \     | |     / /      \ \ | (_______          
       |  __________|| |        | |    | |    | |        | | \________ \        
        \ \_________ | |        | |    | |     \ \______/ /___________) |       
         \__________||_|        |_|    |_|      \________//____________/        
                                                                                
====================================[ Qcore ]===================================

 Git describe: 2.3.0-3-g778a55bfd
 Compiler:     GNU 9.3.0
 Build type:   Release
 Version:      2.3.0-3-g778a55bfd

 Start time:   Wed Nov  3 11:23:11 2021

 Data directory: /mnt/storage/scratch/zw18965/.local/qcore/share/entos/qcore/data
 Number of threads: 28
 Number of threads was determined by: command line argument

 --------------------------------------------------------------------------------
                                   command: dft                                  
 --------------------------------------------------------------------------------
 AO basis set:                           def2-tzvppd
 Number of AO basis functions:         253
 ECP on atom 1 (Au):                     60 electrons
 ECP on atom 2 (Au):                     60 electrons
 ECP on atom 3 (Au):                     60 electrons
 ECP on atom 4 (Au):                     60 electrons

 Formula:                                HAu4(2+)
 Nuclear charge:                       317.000000000
 Total charge:                           2.000000000
 Number of core electrons:             240
 Number of treated electrons:           75

 Number of alpha electrons:             38
 Number of beta electrons:              37
 Number of unpaired electrons:           1
 Spin:                                   1
 Multiplicity:                           doublet

 Theory:                                 dft
 Exchange-correlation functional:        wb97x

 Using range separated hybrid functional
 Range separation parameter:             0.300000000
 Short range exact exchange:             0.263800000
 Total long range exact exchange:        1.000000000

 Method for Coulomb:                     incore_df
 Method for exact exchange:              pre_transformed_df
 Integral threshold:                     1.00e-12
 DF basis set:                           def2-universal-jkfit
 Number of DF basis functions:        1006
 Schwarz screening threshold:            1.00e-10
 Coulomb fitting method:                 Cholesky

 ------------------
  UW12 Correlation 
 ------------------
 Factor for UW12 correlation:            1.000000000
 Same spin scale factor:                 0.000000000
 Calculate indirect contribution:        false
 Method for three electron term:         df_ri
 Auxiliary RI basis set:                 Def2-TZVPPD-RI
 Number of RI basis functions:         811
 Gaussians in geminal expansion:         4
 UW12 screening threshold:               1.00e-12
 Method for density-fitting:             w(r)
 Number of core spatial orbitals:       16

 Total number of grid points:        42370
 Method for AO orthogonalization:        symmetric
 Threshold for linear dependence:        1.00e-08
 D3BJ dispersion energy:                -0.027034305

 -------------------------------------
  Running unrestricted open-shell SCF 
 -------------------------------------
 Max number of iterations:             128
 Conv. threshold (gradient):             1.00e-05
 Conv. threshold (energy):               1.00e-06
 Interpolation scheme:                   adiis+cdiis
 Initial guess:                          SAD

 ---------------------------------------------------------------
                  energy        change          grad        time
 ---------------------------------------------------------------
   0      -543.286851724                    8.92e+00       48.58
   1      -542.314339204      9.73e-01      2.93e-01       10.25
   2      -542.343583892     -2.92e-02      2.81e-01       10.24
   3      -542.368171643     -2.46e-02      1.60e-01       10.19
   4      -542.373459230     -5.29e-03      9.95e-02       10.18
   5      -542.376127997     -2.67e-03      4.73e-02       10.18
   6      -542.376858010     -7.30e-04      4.02e-03       10.15
   7      -542.376874668     -1.67e-05      2.34e-03       10.17
   8      -542.376878593     -3.92e-06      1.03e-03       10.16
   9      -542.376881328     -2.74e-06      3.53e-04       10.19
  10      -542.376881408     -8.04e-08      1.60e-04       10.19
  11      -542.376881340      6.88e-08      7.99e-05       10.24
  12      -542.376881332      8.06e-09      4.43e-05       10.20
  13      -542.376881345     -1.36e-08      2.45e-05       10.26
  14      -542.376881334      1.15e-08      9.88e-06       10.16

 SCF converged in 14 iterations.

 Dipole moment (in Debye):               0.000001      -0.000001       0.578309

 Quadrupole moment (in Debye-Angstrom):
                  1            2            3
 1       -66.111210    -0.000000    -0.000002
 2        -0.000000   -62.984705    -0.000002
 3        -0.000002    -0.000002   -64.483158

 Spin-squared expectation <S^2>:         0.764
 Total spin quantum number S:            0.507
 TOTAL ENERGY:                        -542.376881336

 --------------------------------------------------------------------------------

 End time:                               Wed Nov  3 11:26:41 2021
 Total wall-clock time:                209.143 seconds
==================================================================================
