
================================================================================
          _____________ ________ _______________ ________     _________         
         / ___________// ______ \\_____   _____// ______ \   / ________)        
        / /_________  / /      \ \     | |     / /      \ \ | (_______          
       |  __________|| |        | |    | |    | |        | | \________ \        
        \ \_________ | |        | |    | |     \ \______/ /___________) |       
         \__________||_|        |_|    |_|      \________//____________/        
                                                                                
====================================[ Qcore ]===================================

 Git describe: 2.3.0-3-g778a55bfd
 Compiler:     GNU 9.3.0
 Build type:   Release
 Version:      2.3.0-3-g778a55bfd

 Start time:   Wed Nov  3 11:23:12 2021

 Data directory: /mnt/storage/scratch/zw18965/.local/qcore/share/entos/qcore/data
 Number of threads: 28
 Number of threads was determined by: command line argument

 --------------------------------------------------------------------------------
                                   command: dft                                  
 --------------------------------------------------------------------------------
 AO basis set:                           def2-tzvppd
 Number of AO basis functions:         236
 ECP on atom 1 (Au):                     60 electrons
 ECP on atom 2 (Au):                     60 electrons
 ECP on atom 3 (Au):                     60 electrons
 ECP on atom 4 (Au):                     60 electrons

 Formula:                                Au4
 Nuclear charge:                       316.000000000
 Total charge:                           0.000000000
 Number of core electrons:             240
 Number of treated electrons:           76

 Number of alpha electrons:             38
 Number of beta electrons:              38
 Number of unpaired electrons:           0
 Spin:                                   0
 Multiplicity:                           singlet

 Theory:                                 dft
 Exchange-correlation functional:        wb97x

 Using range separated hybrid functional
 Range separation parameter:             0.300000000
 Short range exact exchange:             0.263800000
 Total long range exact exchange:        1.000000000

 Method for Coulomb:                     incore_df
 Method for exact exchange:              pre_transformed_df
 Integral threshold:                     1.00e-12
 DF basis set:                           def2-universal-jkfit
 Number of DF basis functions:         988
 Schwarz screening threshold:            1.00e-10
 Coulomb fitting method:                 Cholesky

 ------------------
  UW12 Correlation 
 ------------------
 Factor for UW12 correlation:            1.000000000
 Same spin scale factor:                 0.000000000
 Calculate indirect contribution:        false
 Method for three electron term:         df_ri
 Auxiliary RI basis set:                 Def2-TZVPPD-RI
 Number of RI basis functions:         772
 Gaussians in geminal expansion:         4
 UW12 screening threshold:               1.00e-12
 Method for density-fitting:             w(r)
 Number of core spatial orbitals:       16

 Total number of grid points:        36480
 Method for AO orthogonalization:        symmetric
 Threshold for linear dependence:        1.00e-08
 D3BJ dispersion energy:                -0.022779296

 -------------------------------------
  Running restricted closed-shell SCF 
 -------------------------------------
 Max number of iterations:             128
 Conv. threshold (gradient):             1.00e-05
 Conv. threshold (energy):               1.00e-06
 Interpolation scheme:                   adiis+cdiis
 Initial guess:                          SAD

 ---------------------------------------------------------------
                  energy        change          grad        time
 ---------------------------------------------------------------
   0      -542.619943242                    1.37e+01       31.74
   1      -542.525152243      9.48e-02      3.11e-01        4.46
   2      -542.530241630     -5.09e-03      3.10e-01        4.43
   3      -542.537547468     -7.31e-03      1.56e-01        4.47
   4      -542.539545416     -2.00e-03      9.02e-02        4.50
   5      -542.540301623     -7.56e-04      4.70e-02        4.55
   6      -542.540693734     -3.92e-04      7.91e-03        4.47
   7      -542.540718337     -2.46e-05      4.21e-03        4.49
   8      -542.540723359     -5.02e-06      1.59e-03        4.46
   9      -542.540724203     -8.45e-07      3.67e-04        4.52
  10      -542.540723803      4.01e-07      1.72e-04        4.49
  11      -542.540723786      1.68e-08      7.13e-05        4.45
  12      -542.540723802     -1.63e-08      2.51e-05        4.48
  13      -542.540723823     -2.02e-08      8.48e-06        4.50

 SCF converged in 13 iterations.

 Dipole moment (in Debye):               0.001006       0.000024      -0.000022

 Quadrupole moment (in Debye-Angstrom):
                  1            2            3
 1       -85.265561     0.079318     1.975292
 2         0.079318   -93.332337     0.009260
 3         1.975292     0.009260   -90.096585

 Spin-squared expectation <S^2>:         0.000
 Total spin quantum number S:            0.000
 TOTAL ENERGY:                        -542.540723815

 --------------------------------------------------------------------------------

 End time:                               Wed Nov  3 11:24:53 2021
 Total wall-clock time:                101.435 seconds
==================================================================================
