
================================================================================
          _____________ ________ _______________ ________     _________         
         / ___________// ______ \\_____   _____// ______ \   / ________)        
        / /_________  / /      \ \     | |     / /      \ \ | (_______          
       |  __________|| |        | |    | |    | |        | | \________ \        
        \ \_________ | |        | |    | |     \ \______/ /___________) |       
         \__________||_|        |_|    |_|      \________//____________/        
                                                                                
====================================[ Qcore ]===================================

 Git describe: 2.3.0-1-g21d9df7e5
 Compiler:     GNU 9.1.0
 Build type:   Release
 Version:      2.3.0-1-g21d9df7e5

 Start time:   Sun Oct 24 17:23:36 2021

 Data directory: /work/zw18965/.local/qcore/share/entos/qcore/data
 Number of threads: 24
 Number of threads was determined by: command line argument

 --------------------------------------------------------------------------------
                                   command: dft                                  
 --------------------------------------------------------------------------------
 AO basis set:                           def2-tzvppd
 Number of AO basis functions:         324
 ECP on atom 1 (Au):                     60 electrons
 ECP on atom 2 (Au):                     60 electrons
 ECP on atom 3 (Au):                     60 electrons
 ECP on atom 4 (Au):                     60 electrons

 Formula:                                H3NAu4(2+)
 Nuclear charge:                       326.000000000
 Total charge:                           2.000000000
 Number of core electrons:             240
 Number of treated electrons:           84

 Number of alpha electrons:             42
 Number of beta electrons:              42
 Number of unpaired electrons:           0
 Spin:                                   0
 Multiplicity:                           singlet

 Theory:                                 dft
 Exchange-correlation functional:        wb97x

 Using range separated hybrid functional
 Range separation parameter:             0.300000000
 Short range exact exchange:             0.263800000
 Total long range exact exchange:        1.000000000

 Method for Coulomb:                     incore_df
 Method for exact exchange:              pre_transformed_df
 Integral threshold:                     1.00e-12
 DF basis set:                           def2-universal-jkfit
 Number of DF basis functions:        1119
 Schwarz screening threshold:            1.00e-10
 Coulomb fitting method:                 Cholesky

 ------------------
  UW12 Correlation 
 ------------------
 Factor for UW12 correlation:            1.000000000
 Same spin scale factor:                 0.000000000
 Calculate indirect contribution:        false
 Method for three electron term:         df_ri
 Auxiliary RI basis set:                 Def2-TZVPPD-RI
 Number of RI basis functions:         981
 Gaussians in geminal expansion:         4
 UW12 screening threshold:               1.00e-12
 Method for density-fitting:             w(r)
 Number of core spatial orbitals:       17

 Total number of grid points:        60950
 Method for AO orthogonalization:        symmetric
 Threshold for linear dependence:        1.00e-08
 D3BJ dispersion energy:                -0.031100860

 -------------------------------------
  Running restricted closed-shell SCF 
 -------------------------------------
 Max number of iterations:             128
 Conv. threshold (gradient):             1.00e-05
 Conv. threshold (energy):               1.00e-06
 Interpolation scheme:                   adiis+cdiis
 Initial guess:                          SAD

 ---------------------------------------------------------------
                  energy        change          grad        time
 ---------------------------------------------------------------
   0      -604.986945408                    1.82e+01       47.51
   1      -603.977699776      1.01e+00      1.47e+00        8.56
   2      -604.000253566     -2.26e-02      1.28e+00        7.74
   3      -604.034007623     -3.38e-02      5.56e-01        7.68
   4      -604.034833875     -8.26e-04      4.75e-01        7.64
   5      -604.039840914     -5.01e-03      4.19e-02        7.66
   6      -604.039818167      2.27e-05      4.33e-02        7.57
   7      -604.039953993     -1.36e-04      3.08e-03        7.71
   8      -604.039951864      2.13e-06      1.25e-03        7.62
   9      -604.039951609      2.55e-07      3.98e-04        7.72
  10      -604.039951676     -6.70e-08      9.81e-05        7.70
  11      -604.039951624      5.16e-08      3.26e-05        7.70
  12      -604.039951638     -1.40e-08      1.80e-05        7.55
  13      -604.039951636      2.29e-09      7.06e-06        7.64

 SCF converged in 13 iterations.

 Dipole moment (in Debye):              -1.028009       5.873728      -0.000004

 Quadrupole moment (in Debye-Angstrom):
                  1            2            3
 1       -68.057117    -5.925737    -0.000006
 2        -5.925737   -35.209729     0.000001
 3        -0.000006     0.000001   -69.089376

 Spin-squared expectation <S^2>:         0.000
 Total spin quantum number S:            0.000
 TOTAL ENERGY:                        -604.039951645

 --------------------------------------------------------------------------------

 End time:                               Sun Oct 24 17:26:20 2021
 Total wall-clock time:                164.388 seconds
==================================================================================
