
================================================================================
          _____________ ________ _______________ ________     _________         
         / ___________// ______ \\_____   _____// ______ \   / ________)        
        / /_________  / /      \ \     | |     / /      \ \ | (_______          
       |  __________|| |        | |    | |    | |        | | \________ \        
        \ \_________ | |        | |    | |     \ \______/ /___________) |       
         \__________||_|        |_|    |_|      \________//____________/        
                                                                                
====================================[ Qcore ]===================================

 Git describe: 2.3.0-1-g21d9df7e5
 Compiler:     GNU 9.1.0
 Build type:   Release
 Version:      2.3.0-1-g21d9df7e5

 Start time:   Sun Oct 24 17:24:09 2021

 Data directory: /work/zw18965/.local/qcore/share/entos/qcore/data
 Number of threads: 24
 Number of threads was determined by: command line argument

 --------------------------------------------------------------------------------
                                   command: dft                                  
 --------------------------------------------------------------------------------
 AO basis set:                           def2-tzvppd
 Number of AO basis functions:         324
 ECP on atom 1 (Au):                     60 electrons
 ECP on atom 2 (Au):                     60 electrons
 ECP on atom 3 (Au):                     60 electrons
 ECP on atom 4 (Au):                     60 electrons

 Formula:                                H3NAu4(2+)
 Nuclear charge:                       326.000000000
 Total charge:                           2.000000000
 Number of core electrons:             240
 Number of treated electrons:           84

 Number of alpha electrons:             42
 Number of beta electrons:              42
 Number of unpaired electrons:           0
 Spin:                                   0
 Multiplicity:                           singlet

 Theory:                                 dft
 Exchange-correlation functional:        wb97x

 Using range separated hybrid functional
 Range separation parameter:             0.300000000
 Short range exact exchange:             0.263800000
 Total long range exact exchange:        1.000000000

 Method for Coulomb:                     incore_df
 Method for exact exchange:              pre_transformed_df
 Integral threshold:                     1.00e-12
 DF basis set:                           def2-universal-jkfit
 Number of DF basis functions:        1119
 Schwarz screening threshold:            1.00e-10
 Coulomb fitting method:                 Cholesky

 ------------------
  UW12 Correlation 
 ------------------
 Factor for UW12 correlation:            1.000000000
 Same spin scale factor:                 0.000000000
 Calculate indirect contribution:        false
 Method for three electron term:         df_ri
 Auxiliary RI basis set:                 Def2-TZVPPD-RI
 Number of RI basis functions:         981
 Gaussians in geminal expansion:         4
 UW12 screening threshold:               1.00e-12
 Method for density-fitting:             w(r)
 Number of core spatial orbitals:       17

 Total number of grid points:        60950
 Method for AO orthogonalization:        symmetric
 Threshold for linear dependence:        1.00e-08
 D3BJ dispersion energy:                -0.031503829

 -------------------------------------
  Running restricted closed-shell SCF 
 -------------------------------------
 Max number of iterations:             128
 Conv. threshold (gradient):             1.00e-05
 Conv. threshold (energy):               1.00e-06
 Interpolation scheme:                   adiis+cdiis
 Initial guess:                          SAD

 ---------------------------------------------------------------
                  energy        change          grad        time
 ---------------------------------------------------------------
   0      -604.824830017                    1.52e+01       47.92
   1      -603.881107759      9.44e-01      1.71e+00        9.45
   2      -603.897670835     -1.66e-02      1.89e+00        9.60
   3      -603.967290508     -6.96e-02      3.97e-01        8.96
   4      -603.966992084      2.98e-04      4.18e-01        9.27
   5      -603.970895853     -3.90e-03      1.62e-02        8.62
   6      -603.970920727     -2.49e-05      1.47e-02        8.93
   7      -603.970948236     -2.75e-05      1.84e-03        8.78
   8      -603.970947190      1.05e-06      9.03e-04        8.98
   9      -603.970946796      3.94e-07      3.84e-04        9.03
  10      -603.970947042     -2.46e-07      1.38e-04        8.85
  11      -603.970946942      1.00e-07      5.44e-05        8.80
  12      -603.970946964     -2.26e-08      1.78e-05        8.81
  13      -603.970946963      1.25e-09      8.27e-06        8.89

 SCF converged in 13 iterations.

 Dipole moment (in Debye):              -0.000000      -0.000207      -3.961573

 Quadrupole moment (in Debye-Angstrom):
                  1            2            3
 1       -68.855353    -0.000001    -0.000002
 2        -0.000001   -68.855512     0.001141
 3        -0.000002     0.001141   -48.190790

 Spin-squared expectation <S^2>:         0.000
 Total spin quantum number S:            0.000
 TOTAL ENERGY:                        -603.970946963

 --------------------------------------------------------------------------------

 End time:                               Sun Oct 24 17:27:12 2021
 Total wall-clock time:                183.259 seconds
==================================================================================
