
================================================================================
          _____________ ________ _______________ ________     _________         
         / ___________// ______ \\_____   _____// ______ \   / ________)        
        / /_________  / /      \ \     | |     / /      \ \ | (_______          
       |  __________|| |        | |    | |    | |        | | \________ \        
        \ \_________ | |        | |    | |     \ \______/ /___________) |       
         \__________||_|        |_|    |_|      \________//____________/        
                                                                                
====================================[ Qcore ]===================================

 Git describe: 2.3.0-3-g778a55bfd
 Compiler:     GNU 9.3.0
 Build type:   Release
 Version:      2.3.0-3-g778a55bfd

 Start time:   Wed Nov  3 11:23:11 2021

 Data directory: /mnt/storage/scratch/zw18965/.local/qcore/share/entos/qcore/data
 Number of threads: 28
 Number of threads was determined by: command line argument

 --------------------------------------------------------------------------------
                                   command: dft                                  
 --------------------------------------------------------------------------------
 AO basis set:                           def2-tzvppd
 Number of AO basis functions:         253
 ECP on atom 1 (Au):                     60 electrons
 ECP on atom 2 (Au):                     60 electrons
 ECP on atom 3 (Au):                     60 electrons
 ECP on atom 4 (Au):                     60 electrons

 Formula:                                HAu4(2+)
 Nuclear charge:                       317.000000000
 Total charge:                           2.000000000
 Number of core electrons:             240
 Number of treated electrons:           75

 Number of alpha electrons:             38
 Number of beta electrons:              37
 Number of unpaired electrons:           1
 Spin:                                   1
 Multiplicity:                           doublet

 Theory:                                 dft
 Exchange-correlation functional:        wb97x

 Using range separated hybrid functional
 Range separation parameter:             0.300000000
 Short range exact exchange:             0.263800000
 Total long range exact exchange:        1.000000000

 Method for Coulomb:                     incore_df
 Method for exact exchange:              pre_transformed_df
 Integral threshold:                     1.00e-12
 DF basis set:                           def2-universal-jkfit
 Number of DF basis functions:        1006
 Schwarz screening threshold:            1.00e-10
 Coulomb fitting method:                 Cholesky

 ------------------
  UW12 Correlation 
 ------------------
 Factor for UW12 correlation:            1.000000000
 Same spin scale factor:                 0.000000000
 Calculate indirect contribution:        false
 Method for three electron term:         df_ri
 Auxiliary RI basis set:                 Def2-TZVPPD-RI
 Number of RI basis functions:         811
 Gaussians in geminal expansion:         4
 UW12 screening threshold:               1.00e-12
 Method for density-fitting:             w(r)
 Number of core spatial orbitals:       16

 Total number of grid points:        42370
 Method for AO orthogonalization:        symmetric
 Threshold for linear dependence:        1.00e-08
 D3BJ dispersion energy:                -0.026333745

 -------------------------------------
  Running unrestricted open-shell SCF 
 -------------------------------------
 Max number of iterations:             128
 Conv. threshold (gradient):             1.00e-05
 Conv. threshold (energy):               1.00e-06
 Interpolation scheme:                   adiis+cdiis
 Initial guess:                          SAD

 ---------------------------------------------------------------
                  energy        change          grad        time
 ---------------------------------------------------------------
   0      -543.219801939                    8.22e+00       48.98
   1      -542.297282012      9.23e-01      4.08e-01       10.23
   2      -542.319307444     -2.20e-02      4.67e-01       10.32
   3      -542.369262168     -5.00e-02      1.78e-01       10.22
   4      -542.367685776      1.58e-03      1.94e-01       10.17
   5      -542.377653625     -9.97e-03      1.85e-02       10.26
   6      -542.377912002     -2.58e-04      1.33e-02       10.18
   7      -542.378017257     -1.05e-04      4.33e-03       10.15
   8      -542.378036988     -1.97e-05      2.09e-03       10.13
   9      -542.378041177     -4.19e-06      7.07e-04       10.27
  10      -542.378042319     -1.14e-06      3.49e-04       10.17
  11      -542.378042203      1.16e-07      1.53e-04       10.22
  12      -542.378042154      4.93e-08      8.02e-05       10.23
  13      -542.378042128      2.58e-08      3.66e-05       10.22
  14      -542.378042113      1.47e-08      1.26e-05       10.18
  15      -542.378042096      1.69e-08      4.73e-06       10.19

 SCF converged in 15 iterations.

 Dipole moment (in Debye):               0.000001      -0.000221       0.286969

 Quadrupole moment (in Debye-Angstrom):
                  1            2            3
 1       -64.604682    -0.000002    -0.000001
 2        -0.000002   -64.604426    -0.000128
 3        -0.000001    -0.000128   -62.387001

 Spin-squared expectation <S^2>:         0.756
 Total spin quantum number S:            0.503
 TOTAL ENERGY:                        -542.378042107

 --------------------------------------------------------------------------------

 End time:                               Wed Nov  3 11:26:51 2021
 Total wall-clock time:                219.961 seconds
==================================================================================
