
================================================================================
          _____________ ________ _______________ ________     _________         
         / ___________// ______ \\_____   _____// ______ \   / ________)        
        / /_________  / /      \ \     | |     / /      \ \ | (_______          
       |  __________|| |        | |    | |    | |        | | \________ \        
        \ \_________ | |        | |    | |     \ \______/ /___________) |       
         \__________||_|        |_|    |_|      \________//____________/        
                                                                                
====================================[ Qcore ]===================================

 Git describe: 2.3.0-1-g21d9df7e5
 Compiler:     GNU 9.1.0
 Build type:   Release
 Version:      2.3.0-1-g21d9df7e5

 Start time:   Sun Oct 24 17:23:05 2021

 Data directory: /work/zw18965/.local/qcore/share/entos/qcore/data
 Number of threads: 24
 Number of threads was determined by: command line argument

 --------------------------------------------------------------------------------
                                   command: dft                                  
 --------------------------------------------------------------------------------
 AO basis set:                           def2-tzvppd
 Number of AO basis functions:         253
 ECP on atom 1 (Au):                     60 electrons
 ECP on atom 2 (Au):                     60 electrons
 ECP on atom 3 (Au):                     60 electrons
 ECP on atom 4 (Au):                     60 electrons

 Formula:                                HAu4(2+)
 Nuclear charge:                       317.000000000
 Total charge:                           2.000000000
 Number of core electrons:             240
 Number of treated electrons:           75

 Number of alpha electrons:             38
 Number of beta electrons:              37
 Number of unpaired electrons:           1
 Spin:                                   1
 Multiplicity:                           doublet

 Theory:                                 dft
 Exchange-correlation functional:        wb97x

 Using range separated hybrid functional
 Range separation parameter:             0.300000000
 Short range exact exchange:             0.263800000
 Total long range exact exchange:        1.000000000

 Method for Coulomb:                     incore_df
 Method for exact exchange:              pre_transformed_df
 Integral threshold:                     1.00e-12
 DF basis set:                           def2-universal-jkfit
 Number of DF basis functions:        1006
 Schwarz screening threshold:            1.00e-10
 Coulomb fitting method:                 Cholesky

 ------------------
  UW12 Correlation 
 ------------------
 Factor for UW12 correlation:            1.000000000
 Same spin scale factor:                 0.000000000
 Calculate indirect contribution:        false
 Method for three electron term:         df_ri
 Auxiliary RI basis set:                 Def2-TZVPPD-RI
 Number of RI basis functions:         811
 Gaussians in geminal expansion:         4
 UW12 screening threshold:               1.00e-12
 Method for density-fitting:             w(r)
 Number of core spatial orbitals:       16

 Total number of grid points:        42370
 Method for AO orthogonalization:        symmetric
 Threshold for linear dependence:        1.00e-08
 D3BJ dispersion energy:                -0.028091143

 -------------------------------------
  Running unrestricted open-shell SCF 
 -------------------------------------
 Max number of iterations:             128
 Conv. threshold (gradient):             1.00e-05
 Conv. threshold (energy):               1.00e-06
 Interpolation scheme:                   adiis+cdiis
 Initial guess:                          SAD

 ---------------------------------------------------------------
                  energy        change          grad        time
 ---------------------------------------------------------------
   0      -548.133893277                    8.32e+00       36.10
   1      -547.156484366      9.77e-01      2.86e-01        9.13
   2      -547.192074378     -3.56e-02      1.96e-01        9.55
   3      -547.206142690     -1.41e-02      1.56e-01        9.32
   4      -547.218803229     -1.27e-02      7.32e-02        9.27
   5      -547.218603725      2.00e-04      8.07e-02        9.07
   6      -547.220356549     -1.75e-03      6.21e-03        9.38
   7      -547.220371162     -1.46e-05      3.10e-03        9.09
   8      -547.220374881     -3.72e-06      1.64e-03        9.14
   9      -547.220377848     -2.97e-06      6.02e-04        8.96
  10      -547.220378087     -2.39e-07      1.86e-04        9.03
  11      -547.220378137     -5.06e-08      5.36e-05        8.88
  12      -547.220378122      1.52e-08      2.01e-05        8.96
  13      -547.220378134     -1.22e-08      1.07e-05        8.84
  14      -547.220378129      5.04e-09      4.17e-06        9.00

 SCF converged in 14 iterations.

 Dipole moment (in Debye):               0.000001      -0.000273      -1.094388

 Quadrupole moment (in Debye-Angstrom):
                  1            2            3
 1       -61.526141    -0.000001    -0.000000
 2        -0.000001   -61.524874     0.001664
 3        -0.000000     0.001664   -65.425861

 Spin-squared expectation <S^2>:         0.757
 Total spin quantum number S:            0.504
 TOTAL ENERGY:                        -547.220378125

 --------------------------------------------------------------------------------

 End time:                               Sun Oct 24 17:26:04 2021
 Total wall-clock time:                179.007 seconds
==================================================================================
