
================================================================================
          _____________ ________ _______________ ________     _________         
         / ___________// ______ \\_____   _____// ______ \   / ________)        
        / /_________  / /      \ \     | |     / /      \ \ | (_______          
       |  __________|| |        | |    | |    | |        | | \________ \        
        \ \_________ | |        | |    | |     \ \______/ /___________) |       
         \__________||_|        |_|    |_|      \________//____________/        
                                                                                
====================================[ Qcore ]===================================

 Git describe: 2.3.0-3-g778a55bfd
 Compiler:     GNU 9.3.0
 Build type:   Release
 Version:      2.3.0-3-g778a55bfd

 Start time:   Wed Nov  3 11:29:12 2021

 Data directory: /mnt/storage/scratch/zw18965/.local/qcore/share/entos/qcore/data
 Number of threads: 28
 Number of threads was determined by: command line argument

 --------------------------------------------------------------------------------
                                   command: dft                                  
 --------------------------------------------------------------------------------
 AO basis set:                           def2-tzvppd
 Number of AO basis functions:         107

 Formula:                                FCu
 Nuclear charge:                        38.000000000
 Total charge:                           0.000000000
 Number of electrons:                   38.000000000

 Number of alpha electrons:             19
 Number of beta electrons:              19
 Number of unpaired electrons:           0
 Spin:                                   0
 Multiplicity:                           singlet

 Theory:                                 dft
 Exchange-correlation functional:        wb97x

 Using range separated hybrid functional
 Range separation parameter:             0.300000000
 Short range exact exchange:             0.263800000
 Total long range exact exchange:        1.000000000

 Method for Coulomb:                     incore_df
 Method for exact exchange:              pre_transformed_df
 Integral threshold:                     1.00e-12
 DF basis set:                           def2-universal-jkfit
 Number of DF basis functions:         341
 Schwarz screening threshold:            1.00e-10
 Coulomb fitting method:                 Cholesky

 ------------------
  UW12 Correlation 
 ------------------
 Factor for UW12 correlation:            1.000000000
 Same spin scale factor:                 0.000000000
 Calculate indirect contribution:        false
 Method for three electron term:         df_ri
 Auxiliary RI basis set:                 Def2-TZVPPD-RI
 Number of RI basis functions:         317
 Gaussians in geminal expansion:         4
 UW12 screening threshold:               1.00e-12
 Method for density-fitting:             w(r)
 Number of core spatial orbitals:       10

 Total number of grid points:        14748
 Method for AO orthogonalization:        symmetric
 Threshold for linear dependence:        1.00e-08
 D3BJ dispersion energy:                -0.000883176

 -------------------------------------
  Running restricted closed-shell SCF 
 -------------------------------------
 Max number of iterations:             128
 Conv. threshold (gradient):             1.00e-05
 Conv. threshold (energy):               1.00e-06
 Interpolation scheme:                   adiis+cdiis
 Initial guess:                          SAD

 ---------------------------------------------------------------
                  energy        change          grad        time
 ---------------------------------------------------------------
   0     -1740.264582136                    2.72e+00        4.23
   1     -1740.268850554     -4.27e-03      1.22e+00        0.15
   2     -1740.106408297      1.62e-01      2.11e+00        0.14
   3     -1740.377263908     -2.71e-01      2.81e-01        0.14
   4     -1740.374711013      2.55e-03      3.71e-01        0.13
   5     -1740.383274166     -8.56e-03      3.23e-02        0.13
   6     -1740.383494073     -2.20e-04      4.07e-02        0.14
   7     -1740.383726364     -2.32e-04      1.48e-02        0.13
   8     -1740.383803060     -7.67e-05      6.08e-03        0.13
   9     -1740.383828475     -2.54e-05      1.92e-03        0.12
  10     -1740.383829305     -8.30e-07      3.01e-04        0.12
  11     -1740.383828949      3.57e-07      1.21e-04        0.13
  12     -1740.383828935      1.38e-08      2.96e-05        0.12
  13     -1740.383828943     -8.27e-09      5.10e-06        0.12

 SCF converged in 13 iterations.

 Dipole moment (in Debye):              -0.000003      -0.000003       5.247459

 Quadrupole moment (in Debye-Angstrom):
                  1            2            3
 1       -17.266780     0.000001    -0.000002
 2         0.000001   -17.266780    -0.000002
 3        -0.000002    -0.000002   -19.334284

 Spin-squared expectation <S^2>:         0.000
 Total spin quantum number S:            0.000
 TOTAL ENERGY:                       -1740.383828942

 --------------------------------------------------------------------------------

 End time:                               Wed Nov  3 11:29:22 2021
 Total wall-clock time:                 10.599 seconds
==================================================================================
