
================================================================================
          _____________ ________ _______________ ________     _________         
         / ___________// ______ \\_____   _____// ______ \   / ________)        
        / /_________  / /      \ \     | |     / /      \ \ | (_______          
       |  __________|| |        | |    | |    | |        | | \________ \        
        \ \_________ | |        | |    | |     \ \______/ /___________) |       
         \__________||_|        |_|    |_|      \________//____________/        
                                                                                
====================================[ Qcore ]===================================

 Git describe: 2.3.0-3-g778a55bfd
 Compiler:     GNU 9.3.0
 Build type:   Release
 Version:      2.3.0-3-g778a55bfd

 Start time:   Wed Nov  3 11:30:12 2021

 Data directory: /mnt/storage/scratch/zw18965/.local/qcore/share/entos/qcore/data
 Number of threads: 28
 Number of threads was determined by: command line argument

 --------------------------------------------------------------------------------
                                   command: dft                                  
 --------------------------------------------------------------------------------
 AO basis set:                           def2-tzvppd
 Number of AO basis functions:          84

 Formula:                                HCu
 Nuclear charge:                        30.000000000
 Total charge:                           0.000000000
 Number of electrons:                   30.000000000

 Number of alpha electrons:             15
 Number of beta electrons:              15
 Number of unpaired electrons:           0
 Spin:                                   0
 Multiplicity:                           singlet

 Theory:                                 dft
 Exchange-correlation functional:        wb97x

 Using range separated hybrid functional
 Range separation parameter:             0.300000000
 Short range exact exchange:             0.263800000
 Total long range exact exchange:        1.000000000

 Method for Coulomb:                     incore_df
 Method for exact exchange:              pre_transformed_df
 Integral threshold:                     1.00e-12
 DF basis set:                           def2-universal-jkfit
 Number of DF basis functions:         282
 Schwarz screening threshold:            1.00e-10
 Coulomb fitting method:                 Cholesky

 ------------------
  UW12 Correlation 
 ------------------
 Factor for UW12 correlation:            1.000000000
 Same spin scale factor:                 0.000000000
 Calculate indirect contribution:        false
 Method for three electron term:         df_ri
 Auxiliary RI basis set:                 Def2-TZVPPD-RI
 Number of RI basis functions:         264
 Gaussians in geminal expansion:         4
 UW12 screening threshold:               1.00e-12
 Method for density-fitting:             w(r)
 Number of core spatial orbitals:        9

 Total number of grid points:        13826
 Method for AO orthogonalization:        symmetric
 Threshold for linear dependence:        1.00e-08
 D3BJ dispersion energy:                -0.000716796

 -------------------------------------
  Running restricted closed-shell SCF 
 -------------------------------------
 Max number of iterations:             128
 Conv. threshold (gradient):             1.00e-05
 Conv. threshold (energy):               1.00e-06
 Interpolation scheme:                   adiis+cdiis
 Initial guess:                          SAD

 ---------------------------------------------------------------
                  energy        change          grad        time
 ---------------------------------------------------------------
   0     -1641.021451697                    3.16e+00        2.61
   1     -1641.076739453     -5.53e-02      3.10e-01        0.08
   2     -1641.076631629      1.08e-04      4.81e-01        0.07
   3     -1641.085627099     -9.00e-03      2.39e-01        0.07
   4     -1641.088856249     -3.23e-03      1.54e-01        0.06
   5     -1641.090002814     -1.15e-03      8.00e-02        0.06
   6     -1641.090276071     -2.73e-04      5.49e-02        0.06
   7     -1641.090532841     -2.57e-04      3.22e-03        0.06
   8     -1641.090536043     -3.20e-06      1.13e-03        0.06
   9     -1641.090536815     -7.72e-07      3.63e-04        0.06
  10     -1641.090536274      5.41e-07      4.55e-05        0.07
  11     -1641.090536262      1.19e-08      2.04e-05        0.06
  12     -1641.090536278     -1.54e-08      2.16e-06        0.06

 SCF converged in 12 iterations.

 Dipole moment (in Debye):              -0.000002      -0.000002       2.917209

 Quadrupole moment (in Debye-Angstrom):
                  1            2            3
 1       -14.736820     0.000000    -0.000001
 2         0.000000   -14.736820    -0.000001
 3        -0.000001    -0.000001   -15.041277

 Spin-squared expectation <S^2>:         0.000
 Total spin quantum number S:            0.000
 TOTAL ENERGY:                       -1641.090536276

 --------------------------------------------------------------------------------

 End time:                               Wed Nov  3 11:30:20 2021
 Total wall-clock time:                  7.431 seconds
==================================================================================
