
================================================================================
          _____________ ________ _______________ ________     _________         
         / ___________// ______ \\_____   _____// ______ \   / ________)        
        / /_________  / /      \ \     | |     / /      \ \ | (_______          
       |  __________|| |        | |    | |    | |        | | \________ \        
        \ \_________ | |        | |    | |     \ \______/ /___________) |       
         \__________||_|        |_|    |_|      \________//____________/        
                                                                                
====================================[ Qcore ]===================================

 Git describe: 2.3.0-1-g21d9df7e5
 Compiler:     GNU 9.1.0
 Build type:   Release
 Version:      2.3.0-1-g21d9df7e5

 Start time:   Sun Oct 24 17:24:36 2021

 Data directory: /work/zw18965/.local/qcore/share/entos/qcore/data
 Number of threads: 24
 Number of threads was determined by: command line argument

 --------------------------------------------------------------------------------
                                   command: dft                                  
 --------------------------------------------------------------------------------
 AO basis set:                           def2-tzvppd
 Number of AO basis functions:         134

 Formula:                                Cu2
 Nuclear charge:                        58.000000000
 Total charge:                           0.000000000
 Number of electrons:                   58.000000000

 Number of alpha electrons:             29
 Number of beta electrons:              29
 Number of unpaired electrons:           0
 Spin:                                   0
 Multiplicity:                           singlet

 Theory:                                 dft
 Exchange-correlation functional:        wb97x

 Using range separated hybrid functional
 Range separation parameter:             0.300000000
 Short range exact exchange:             0.263800000
 Total long range exact exchange:        1.000000000

 Method for Coulomb:                     incore_df
 Method for exact exchange:              pre_transformed_df
 Integral threshold:                     1.00e-12
 DF basis set:                           def2-universal-jkfit
 Number of DF basis functions:         528
 Schwarz screening threshold:            1.00e-10
 Coulomb fitting method:                 Cholesky

 ------------------
  UW12 Correlation 
 ------------------
 Factor for UW12 correlation:            1.000000000
 Same spin scale factor:                 0.000000000
 Calculate indirect contribution:        false
 Method for three electron term:         df_ri
 Auxiliary RI basis set:                 Def2-TZVPPD-RI
 Number of RI basis functions:         450
 Gaussians in geminal expansion:         4
 UW12 screening threshold:               1.00e-12
 Method for density-fitting:             w(r)
 Number of core spatial orbitals:       18

 Total number of grid points:        15872
 Method for AO orthogonalization:        symmetric
 Threshold for linear dependence:        1.00e-08
 D3BJ dispersion energy:                -0.003650388

 -------------------------------------
  Running restricted closed-shell SCF 
 -------------------------------------
 Max number of iterations:             128
 Conv. threshold (gradient):             1.00e-05
 Conv. threshold (energy):               1.00e-06
 Interpolation scheme:                   adiis+cdiis
 Initial guess:                          SAD

 ---------------------------------------------------------------
                  energy        change          grad        time
 ---------------------------------------------------------------
   0     -3294.156152479                    3.04e+00        4.50
   1     -3294.204617321     -4.85e-02      1.36e-01        0.42
   2     -3294.206906473     -2.29e-03      9.56e-02        0.42
   3     -3294.204085897      2.82e-03      1.49e-01        0.40
   4     -3294.208412543     -4.33e-03      1.50e-02        0.40
   5     -3294.208453883     -4.13e-05      4.41e-03        0.40
   6     -3294.208465440     -1.16e-05      1.65e-03        0.40
   7     -3294.208468017     -2.58e-06      6.90e-04        0.41
   8     -3294.208468272     -2.55e-07      1.55e-04        0.41
   9     -3294.208468220      5.13e-08      3.20e-05        0.40
  10     -3294.208468185      3.50e-08      1.10e-05        0.41
  11     -3294.208468186     -7.43e-10      7.07e-06        0.40

 SCF converged in 11 iterations.

 Dipole moment (in Debye):              -0.000006      -0.000006       0.000004

 Quadrupole moment (in Debye-Angstrom):
                  1            2            3
 1       -26.848090     0.000002    -0.000001
 2         0.000002   -26.848090    -0.000001
 3        -0.000001    -0.000001   -18.824972

 Spin-squared expectation <S^2>:         0.000
 Total spin quantum number S:            0.000
 TOTAL ENERGY:                       -3294.208468188

 --------------------------------------------------------------------------------

 End time:                               Sun Oct 24 17:24:49 2021
 Total wall-clock time:                 13.504 seconds
==================================================================================
