
================================================================================
          _____________ ________ _______________ ________     _________         
         / ___________// ______ \\_____   _____// ______ \   / ________)        
        / /_________  / /      \ \     | |     / /      \ \ | (_______          
       |  __________|| |        | |    | |    | |        | | \________ \        
        \ \_________ | |        | |    | |     \ \______/ /___________) |       
         \__________||_|        |_|    |_|      \________//____________/        
                                                                                
====================================[ Qcore ]===================================

 Git describe: 2.3.0-1-g21d9df7e5
 Compiler:     GNU 9.1.0
 Build type:   Release
 Version:      2.3.0-1-g21d9df7e5

 Start time:   Sun Oct 24 17:24:40 2021

 Data directory: /work/zw18965/.local/qcore/share/entos/qcore/data
 Number of threads: 24
 Number of threads was determined by: command line argument

 --------------------------------------------------------------------------------
                                   command: dft                                  
 --------------------------------------------------------------------------------
 AO basis set:                           def2-tzvppd
 Number of AO basis functions:         201

 Formula:                                Cu3+
 Nuclear charge:                        87.000000000
 Total charge:                           1.000000000
 Number of electrons:                   86.000000000

 Number of alpha electrons:             43
 Number of beta electrons:              43
 Number of unpaired electrons:           0
 Spin:                                   0
 Multiplicity:                           singlet

 Theory:                                 dft
 Exchange-correlation functional:        wb97x

 Using range separated hybrid functional
 Range separation parameter:             0.300000000
 Short range exact exchange:             0.263800000
 Total long range exact exchange:        1.000000000

 Method for Coulomb:                     incore_df
 Method for exact exchange:              pre_transformed_df
 Integral threshold:                     1.00e-12
 DF basis set:                           def2-universal-jkfit
 Number of DF basis functions:         792
 Schwarz screening threshold:            1.00e-10
 Coulomb fitting method:                 Cholesky

 ------------------
  UW12 Correlation 
 ------------------
 Factor for UW12 correlation:            1.000000000
 Same spin scale factor:                 0.000000000
 Calculate indirect contribution:        false
 Method for three electron term:         df_ri
 Auxiliary RI basis set:                 Def2-TZVPPD-RI
 Number of RI basis functions:         675
 Gaussians in geminal expansion:         4
 UW12 screening threshold:               1.00e-12
 Method for density-fitting:             w(r)
 Number of core spatial orbitals:       27

 Total number of grid points:        23808
 Method for AO orthogonalization:        symmetric
 Threshold for linear dependence:        1.00e-08
 D3BJ dispersion energy:                -0.010106551

 -------------------------------------
  Running restricted closed-shell SCF 
 -------------------------------------
 Max number of iterations:             128
 Conv. threshold (gradient):             1.00e-05
 Conv. threshold (energy):               1.00e-06
 Interpolation scheme:                   adiis+cdiis
 Initial guess:                          SAD

 ---------------------------------------------------------------
                  energy        change          grad        time
 ---------------------------------------------------------------
   0     -4941.412335443                    6.40e+00       12.02
   1     -4941.095292571      3.17e-01      2.44e-01        1.87
   2     -4941.101708843     -6.42e-03      1.91e-01        1.83
   3     -4941.085424647      1.63e-02      3.39e-01        1.84
   4     -4941.108877203     -2.35e-02      7.23e-02        1.88
   5     -4941.107463559      1.41e-03      9.95e-02        2.00
   6     -4941.109853919     -2.39e-03      3.37e-03        1.96
   7     -4941.109857080     -3.16e-06      1.24e-03        1.89
   8     -4941.109857812     -7.32e-07      4.24e-04        1.84
   9     -4941.109857739      7.37e-08      3.69e-04        1.84
  10     -4941.109857665      7.39e-08      7.43e-05        1.86
  11     -4941.109857660      4.84e-09      1.39e-05        1.84
  12     -4941.109857671     -1.13e-08      4.69e-06        1.86

 SCF converged in 12 iterations.

 Dipole moment (in Debye):              -0.000003      -0.000026      -0.000005

 Quadrupole moment (in Debye-Angstrom):
                  1            2            3
 1       -21.924748    -0.000004     0.000001
 2        -0.000004   -21.924255    -0.000001
 3         0.000001    -0.000001   -34.118688

 Spin-squared expectation <S^2>:         0.000
 Total spin quantum number S:            0.000
 TOTAL ENERGY:                       -4941.109857673

 --------------------------------------------------------------------------------

 End time:                               Sun Oct 24 17:25:21 2021
 Total wall-clock time:                 41.655 seconds
==================================================================================
