
================================================================================
          _____________ ________ _______________ ________     _________         
         / ___________// ______ \\_____   _____// ______ \   / ________)        
        / /_________  / /      \ \     | |     / /      \ \ | (_______          
       |  __________|| |        | |    | |    | |        | | \________ \        
        \ \_________ | |        | |    | |     \ \______/ /___________) |       
         \__________||_|        |_|    |_|      \________//____________/        
                                                                                
====================================[ Qcore ]===================================

 Git describe: 2.3.0-3-g778a55bfd
 Compiler:     GNU 9.3.0
 Build type:   Release
 Version:      2.3.0-3-g778a55bfd

 Start time:   Wed Nov  3 11:28:12 2021

 Data directory: /mnt/storage/scratch/zw18965/.local/qcore/share/entos/qcore/data
 Number of threads: 28
 Number of threads was determined by: command line argument

 --------------------------------------------------------------------------------
                                   command: dft                                  
 --------------------------------------------------------------------------------
 AO basis set:                           def2-tzvppd
 Number of AO basis functions:         201

 Formula:                                Cu3+
 Nuclear charge:                        87.000000000
 Total charge:                           1.000000000
 Number of electrons:                   86.000000000

 Number of alpha electrons:             43
 Number of beta electrons:              43
 Number of unpaired electrons:           0
 Spin:                                   0
 Multiplicity:                           singlet

 Theory:                                 dft
 Exchange-correlation functional:        wb97x

 Using range separated hybrid functional
 Range separation parameter:             0.300000000
 Short range exact exchange:             0.263800000
 Total long range exact exchange:        1.000000000

 Method for Coulomb:                     incore_df
 Method for exact exchange:              pre_transformed_df
 Integral threshold:                     1.00e-12
 DF basis set:                           def2-universal-jkfit
 Number of DF basis functions:         792
 Schwarz screening threshold:            1.00e-10
 Coulomb fitting method:                 Cholesky

 ------------------
  UW12 Correlation 
 ------------------
 Factor for UW12 correlation:            1.000000000
 Same spin scale factor:                 0.000000000
 Calculate indirect contribution:        false
 Method for three electron term:         df_ri
 Auxiliary RI basis set:                 Def2-TZVPPD-RI
 Number of RI basis functions:         675
 Gaussians in geminal expansion:         4
 UW12 screening threshold:               1.00e-12
 Method for density-fitting:             w(r)
 Number of core spatial orbitals:       27

 Total number of grid points:        23808
 Method for AO orthogonalization:        symmetric
 Threshold for linear dependence:        1.00e-08
 D3BJ dispersion energy:                -0.007129596

 -------------------------------------
  Running restricted closed-shell SCF 
 -------------------------------------
 Max number of iterations:             128
 Conv. threshold (gradient):             1.00e-05
 Conv. threshold (energy):               1.00e-06
 Interpolation scheme:                   adiis+cdiis
 Initial guess:                          SAD

 ---------------------------------------------------------------
                  energy        change          grad        time
 ---------------------------------------------------------------
   0     -4921.544211273                    4.59e+00       18.10
   1     -4921.291356911      2.53e-01      1.60e-01        2.10
   2     -4921.295095065     -3.74e-03      1.65e-01        2.02
   3     -4921.288057340      7.04e-03      2.77e-01        2.02
   4     -4921.301516780     -1.35e-02      4.18e-02        2.04
   5     -4921.300501557      1.02e-03      7.19e-02        2.02
   6     -4921.301817007     -1.32e-03      3.49e-03        2.02
   7     -4921.301823454     -6.45e-06      1.68e-03        2.04
   8     -4921.301826519     -3.07e-06      5.30e-04        2.02
   9     -4921.301826761     -2.41e-07      2.72e-04        2.03
  10     -4921.301826906     -1.45e-07      7.80e-05        2.03
  11     -4921.301826921     -1.46e-08      1.39e-05        2.04
  12     -4921.301826900      2.13e-08      7.29e-06        2.02

 SCF converged in 12 iterations.

 Dipole moment (in Debye):              -0.000004      -0.000004       0.000007

 Quadrupole moment (in Debye-Angstrom):
                  1            2            3
 1       -35.528602     0.000002    -0.000001
 2         0.000002   -35.528602    -0.000001
 3        -0.000001    -0.000001     5.166485

 Spin-squared expectation <S^2>:         0.000
 Total spin quantum number S:            0.000
 TOTAL ENERGY:                       -4921.301826894

 --------------------------------------------------------------------------------

 End time:                               Wed Nov  3 11:29:03 2021
 Total wall-clock time:                 50.715 seconds
==================================================================================
