
================================================================================
          _____________ ________ _______________ ________     _________         
         / ___________// ______ \\_____   _____// ______ \   / ________)        
        / /_________  / /      \ \     | |     / /      \ \ | (_______          
       |  __________|| |        | |    | |    | |        | | \________ \        
        \ \_________ | |        | |    | |     \ \______/ /___________) |       
         \__________||_|        |_|    |_|      \________//____________/        
                                                                                
====================================[ Qcore ]===================================

 Git describe: 2.3.0-1-g21d9df7e5
 Compiler:     GNU 9.1.0
 Build type:   Release
 Version:      2.3.0-1-g21d9df7e5

 Start time:   Sun Oct 24 17:24:44 2021

 Data directory: /work/zw18965/.local/qcore/share/entos/qcore/data
 Number of threads: 24
 Number of threads was determined by: command line argument

 --------------------------------------------------------------------------------
                                   command: dft                                  
 --------------------------------------------------------------------------------
 AO basis set:                           def2-tzvppd
 Number of AO basis functions:         201

 Formula:                                Cu3
 Nuclear charge:                        87.000000000
 Total charge:                           0.000000000
 Number of electrons:                   87.000000000

 Number of alpha electrons:             44
 Number of beta electrons:              43
 Number of unpaired electrons:           1
 Spin:                                   1
 Multiplicity:                           doublet

 Theory:                                 dft
 Exchange-correlation functional:        wb97x

 Using range separated hybrid functional
 Range separation parameter:             0.300000000
 Short range exact exchange:             0.263800000
 Total long range exact exchange:        1.000000000

 Method for Coulomb:                     incore_df
 Method for exact exchange:              pre_transformed_df
 Integral threshold:                     1.00e-12
 DF basis set:                           def2-universal-jkfit
 Number of DF basis functions:         792
 Schwarz screening threshold:            1.00e-10
 Coulomb fitting method:                 Cholesky

 ------------------
  UW12 Correlation 
 ------------------
 Factor for UW12 correlation:            1.000000000
 Same spin scale factor:                 0.000000000
 Calculate indirect contribution:        false
 Method for three electron term:         df_ri
 Auxiliary RI basis set:                 Def2-TZVPPD-RI
 Number of RI basis functions:         675
 Gaussians in geminal expansion:         4
 UW12 screening threshold:               1.00e-12
 Method for density-fitting:             w(r)
 Number of core spatial orbitals:       27

 Total number of grid points:        23808
 Method for AO orthogonalization:        symmetric
 Threshold for linear dependence:        1.00e-08
 D3BJ dispersion energy:                -0.010130591

 -------------------------------------
  Running unrestricted open-shell SCF 
 -------------------------------------
 Max number of iterations:             128
 Conv. threshold (gradient):             1.00e-05
 Conv. threshold (energy):               1.00e-06
 Interpolation scheme:                   adiis+cdiis
 Initial guess:                          SAD

 ---------------------------------------------------------------
                  energy        change          grad        time
 ---------------------------------------------------------------
   0     -4941.416839178                    3.22e+00       14.36
   1     -4941.310606726      1.06e-01      9.21e-02        3.84
   2     -4941.315984565     -5.38e-03      7.91e-02        3.91
   3     -4941.316961097     -9.77e-04      6.03e-02        3.86
   4     -4941.318060461     -1.10e-03      1.22e-02        3.83
   5     -4941.318214457     -1.54e-04      7.12e-03        3.81
   6     -4941.318262332     -4.79e-05      3.98e-03        4.12
   7     -4941.318266161     -3.83e-06      1.73e-03        3.84
   8     -4941.318272653     -6.49e-06      9.35e-04        3.81
   9     -4941.318273889     -1.24e-06      6.17e-04        3.87
  10     -4941.318273951     -6.13e-08      3.15e-04        3.75
  11     -4941.318273999     -4.84e-08      1.23e-04        3.93
  12     -4941.318273961      3.81e-08      5.22e-05        3.96
  13     -4941.318273975     -1.41e-08      2.18e-05        3.85
  14     -4941.318273974      1.22e-09      1.15e-05        3.77
  15     -4941.318273984     -9.91e-09      5.89e-06        3.85

 SCF converged in 15 iterations.

 Dipole moment (in Debye):               0.042436       0.825263      -0.000007

 Quadrupole moment (in Debye-Angstrom):
                  1            2            3
 1       -43.059650    -0.315462     0.000001
 2        -0.315462   -31.376272     0.000001
 3         0.000001     0.000001   -39.885530

 Spin-squared expectation <S^2>:         0.759
 Total spin quantum number S:            0.504
 TOTAL ENERGY:                       -4941.318273984

 --------------------------------------------------------------------------------

 End time:                               Sun Oct 24 17:26:06 2021
 Total wall-clock time:                 81.646 seconds
==================================================================================
