
================================================================================
          _____________ ________ _______________ ________     _________         
         / ___________// ______ \\_____   _____// ______ \   / ________)        
        / /_________  / /      \ \     | |     / /      \ \ | (_______          
       |  __________|| |        | |    | |    | |        | | \________ \        
        \ \_________ | |        | |    | |     \ \______/ /___________) |       
         \__________||_|        |_|    |_|      \________//____________/        
                                                                                
====================================[ Qcore ]===================================

 Git describe: 2.3.0-3-g778a55bfd
 Compiler:     GNU 9.3.0
 Build type:   Release
 Version:      2.3.0-3-g778a55bfd

 Start time:   Wed Nov  3 11:23:11 2021

 Data directory: /mnt/storage/scratch/zw18965/.local/qcore/share/entos/qcore/data
 Number of threads: 28
 Number of threads was determined by: command line argument

 --------------------------------------------------------------------------------
                                   command: dft                                  
 --------------------------------------------------------------------------------
 AO basis set:                           def2-tzvppd
 Number of AO basis functions:         201

 Formula:                                Cu3
 Nuclear charge:                        87.000000000
 Total charge:                           0.000000000
 Number of electrons:                   87.000000000

 Number of alpha electrons:             44
 Number of beta electrons:              43
 Number of unpaired electrons:           1
 Spin:                                   1
 Multiplicity:                           doublet

 Theory:                                 dft
 Exchange-correlation functional:        wb97x

 Using range separated hybrid functional
 Range separation parameter:             0.300000000
 Short range exact exchange:             0.263800000
 Total long range exact exchange:        1.000000000

 Method for Coulomb:                     incore_df
 Method for exact exchange:              pre_transformed_df
 Integral threshold:                     1.00e-12
 DF basis set:                           def2-universal-jkfit
 Number of DF basis functions:         792
 Schwarz screening threshold:            1.00e-10
 Coulomb fitting method:                 Cholesky

 ------------------
  UW12 Correlation 
 ------------------
 Factor for UW12 correlation:            1.000000000
 Same spin scale factor:                 0.000000000
 Calculate indirect contribution:        false
 Method for three electron term:         df_ri
 Auxiliary RI basis set:                 Def2-TZVPPD-RI
 Number of RI basis functions:         675
 Gaussians in geminal expansion:         4
 UW12 screening threshold:               1.00e-12
 Method for density-fitting:             w(r)
 Number of core spatial orbitals:       27

 Total number of grid points:        23808
 Method for AO orthogonalization:        symmetric
 Threshold for linear dependence:        1.00e-08
 D3BJ dispersion energy:                -0.007325115

 -------------------------------------
  Running unrestricted open-shell SCF 
 -------------------------------------
 Max number of iterations:             128
 Conv. threshold (gradient):             1.00e-05
 Conv. threshold (energy):               1.00e-06
 Interpolation scheme:                   adiis+cdiis
 Initial guess:                          SAD

 ---------------------------------------------------------------
                  energy        change          grad        time
 ---------------------------------------------------------------
   0     -4921.580378534                    2.48e+00       19.13
   1     -4921.557932435      2.24e-02      7.07e-02        4.01
   2     -4921.562539103     -4.61e-03      4.71e-02        3.98
   3     -4921.563163408     -6.24e-04      5.86e-02        4.00
   4     -4921.564370285     -1.21e-03      1.26e-02        3.98
   5     -4921.564640302     -2.70e-04      5.36e-03        3.98
   6     -4921.564677595     -3.73e-05      4.51e-03        3.98
   7     -4921.564711667     -3.41e-05      1.32e-03        4.00
   8     -4921.564717762     -6.10e-06      5.16e-04        3.98
   9     -4921.564718935     -1.17e-06      1.28e-04        3.98
  10     -4921.564718911      2.39e-08      3.79e-05        4.00
  11     -4921.564718879      3.21e-08      1.77e-05        4.02
  12     -4921.564718870      9.46e-09      1.04e-05        4.00
  13     -4921.564718872     -1.80e-09      6.03e-06        3.98

 SCF converged in 13 iterations.

 Dipole moment (in Debye):              -0.000002      -0.000002      -0.000006

 Quadrupole moment (in Debye-Angstrom):
                  1            2            3
 1       -41.484098     0.000004     0.000001
 2         0.000004   -41.484098     0.000001
 3         0.000001     0.000001   -28.780710

 Spin-squared expectation <S^2>:         0.788
 Total spin quantum number S:            0.519
 TOTAL ENERGY:                       -4921.564718872

 --------------------------------------------------------------------------------

 End time:                               Wed Nov  3 11:24:32 2021
 Total wall-clock time:                 80.923 seconds
==================================================================================
