
================================================================================
          _____________ ________ _______________ ________     _________         
         / ___________// ______ \\_____   _____// ______ \   / ________)        
        / /_________  / /      \ \     | |     / /      \ \ | (_______          
       |  __________|| |        | |    | |    | |        | | \________ \        
        \ \_________ | |        | |    | |     \ \______/ /___________) |       
         \__________||_|        |_|    |_|      \________//____________/        
                                                                                
====================================[ Qcore ]===================================

 Git describe: 2.3.0-3-g778a55bfd
 Compiler:     GNU 9.3.0
 Build type:   Release
 Version:      2.3.0-3-g778a55bfd

 Start time:   Wed Nov  3 11:31:12 2021

 Data directory: /mnt/storage/scratch/zw18965/.local/qcore/share/entos/qcore/data
 Number of threads: 28
 Number of threads was determined by: command line argument

 --------------------------------------------------------------------------------
                                   command: dft                                  
 --------------------------------------------------------------------------------
 AO basis set:                           def2-tzvppd
 Number of AO basis functions:         285

 Formula:                                HCu4(2+)
 Nuclear charge:                       117.000000000
 Total charge:                           2.000000000
 Number of electrons:                  115.000000000

 Number of alpha electrons:             58
 Number of beta electrons:              57
 Number of unpaired electrons:           1
 Spin:                                   1
 Multiplicity:                           doublet

 Theory:                                 dft
 Exchange-correlation functional:        wb97x

 Using range separated hybrid functional
 Range separation parameter:             0.300000000
 Short range exact exchange:             0.263800000
 Total long range exact exchange:        1.000000000

 Method for Coulomb:                     incore_df
 Method for exact exchange:              pre_transformed_df
 Integral threshold:                     1.00e-12
 DF basis set:                           def2-universal-jkfit
 Number of DF basis functions:        1074
 Schwarz screening threshold:            1.00e-10
 Coulomb fitting method:                 Cholesky

 ------------------
  UW12 Correlation 
 ------------------
 Factor for UW12 correlation:            1.000000000
 Same spin scale factor:                 0.000000000
 Calculate indirect contribution:        false
 Method for three electron term:         df_ri
 Auxiliary RI basis set:                 Def2-TZVPPD-RI
 Number of RI basis functions:         939
 Gaussians in geminal expansion:         4
 UW12 screening threshold:               1.00e-12
 Method for density-fitting:             w(r)
 Number of core spatial orbitals:       36

 Total number of grid points:        37634
 Method for AO orthogonalization:        symmetric
 Threshold for linear dependence:        1.00e-08
 D3BJ dispersion energy:                -0.019748109

 -------------------------------------
  Running unrestricted open-shell SCF 
 -------------------------------------
 Max number of iterations:             128
 Conv. threshold (gradient):             1.00e-05
 Conv. threshold (energy):               1.00e-06
 Interpolation scheme:                   adiis+cdiis
 Initial guess:                          SAD

 ---------------------------------------------------------------
                  energy        change          grad        time
 ---------------------------------------------------------------
   0     -6562.959313238                    5.38e+00       52.21
   1     -6561.933525980      1.03e+00      6.41e-01       15.10
   2     -6561.788094508      1.45e-01      1.27e+00       14.95
   3     -6562.034653185     -2.47e-01      1.29e-01       15.14
   4     -6562.035757637     -1.10e-03      1.43e-01       14.94
   5     -6562.037645725     -1.89e-03      1.29e-01       14.95
   6     -6562.040809503     -3.16e-03      6.75e-02       15.00
   7     -6562.040186082      6.23e-04      9.98e-02       15.05
   8     -6562.041563430     -1.38e-03      7.74e-03       15.00
   9     -6562.041618708     -5.53e-05      3.04e-03       15.02
  10     -6562.041631533     -1.28e-05      9.88e-04       15.07
  11     -6562.041631626     -9.28e-08      3.11e-04       14.91
  12     -6562.041631598      2.79e-08      3.00e-04       14.88
  13     -6562.041631573      2.48e-08      2.53e-04       14.96
  14     -6562.041631425      1.48e-07      1.18e-04       14.83
  15     -6562.041631308      1.17e-07      7.95e-05       14.84
  16     -6562.041631183      1.25e-07      3.14e-05       15.01
  17     -6562.041631166      1.71e-08      1.52e-05       14.92
  18     -6562.041631130      3.60e-08      3.94e-06       14.99

 SCF converged in 18 iterations.

 Dipole moment (in Debye):              -0.000002      -0.000084      -0.590619

 Quadrupole moment (in Debye-Angstrom):
                  1            2            3
 1       -29.832683    -0.000002    -0.000000
 2        -0.000002   -29.832312    -0.000026
 3        -0.000000    -0.000026   -29.972283

 Spin-squared expectation <S^2>:         0.756
 Total spin quantum number S:            0.503
 TOTAL ENERGY:                       -6562.041631132

 --------------------------------------------------------------------------------

 End time:                               Wed Nov  3 11:36:58 2021
 Total wall-clock time:                345.987 seconds
==================================================================================
