
================================================================================
          _____________ ________ _______________ ________     _________         
         / ___________// ______ \\_____   _____// ______ \   / ________)        
        / /_________  / /      \ \     | |     / /      \ \ | (_______          
       |  __________|| |        | |    | |    | |        | | \________ \        
        \ \_________ | |        | |    | |     \ \______/ /___________) |       
         \__________||_|        |_|    |_|      \________//____________/        
                                                                                
====================================[ Qcore ]===================================

 Git describe: 2.3.0-3-g778a55bfd
 Compiler:     GNU 9.3.0
 Build type:   Release
 Version:      2.3.0-3-g778a55bfd

 Start time:   Wed Nov  3 11:25:12 2021

 Data directory: /mnt/storage/scratch/zw18965/.local/qcore/share/entos/qcore/data
 Number of threads: 28
 Number of threads was determined by: command line argument

 --------------------------------------------------------------------------------
                                   command: dft                                  
 --------------------------------------------------------------------------------
 AO basis set:                           def2-tzvppd
 Number of AO basis functions:         356

 Formula:                                H3NCu4(2+)
 Nuclear charge:                       126.000000000
 Total charge:                           2.000000000
 Number of electrons:                  124.000000000

 Number of alpha electrons:             62
 Number of beta electrons:              62
 Number of unpaired electrons:           0
 Spin:                                   0
 Multiplicity:                           singlet

 Theory:                                 dft
 Exchange-correlation functional:        wb97x

 Using range separated hybrid functional
 Range separation parameter:             0.300000000
 Short range exact exchange:             0.263800000
 Total long range exact exchange:        1.000000000

 Method for Coulomb:                     incore_df
 Method for exact exchange:              pre_transformed_df
 Integral threshold:                     1.00e-12
 DF basis set:                           def2-universal-jkfit
 Number of DF basis functions:        1187
 Schwarz screening threshold:            1.00e-10
 Coulomb fitting method:                 Cholesky

 ------------------
  UW12 Correlation 
 ------------------
 Factor for UW12 correlation:            1.000000000
 Same spin scale factor:                 0.000000000
 Calculate indirect contribution:        false
 Method for three electron term:         df_ri
 Auxiliary RI basis set:                 Def2-TZVPPD-RI
 Number of RI basis functions:        1109
 Gaussians in geminal expansion:         4
 UW12 screening threshold:               1.00e-12
 Method for density-fitting:             w(r)
 Number of core spatial orbitals:       37

 Total number of grid points:        56214
 Method for AO orthogonalization:        symmetric
 Threshold for linear dependence:        1.00e-08
 D3BJ dispersion energy:                -0.025182391

 -------------------------------------
  Running restricted closed-shell SCF 
 -------------------------------------
 Max number of iterations:             128
 Conv. threshold (gradient):             1.00e-05
 Conv. threshold (energy):               1.00e-06
 Interpolation scheme:                   adiis+cdiis
 Initial guess:                          SAD

 ---------------------------------------------------------------
                  energy        change          grad        time
 ---------------------------------------------------------------
   0     -6619.230748645                    1.21e+01       76.16
   1     -6618.046208922      1.18e+00      1.86e+00       12.77
   2     -6618.020047669      2.62e-02      2.06e+00       12.78
   3     -6618.123439693     -1.03e-01      2.05e-01       13.05
   4     -6618.103241799      2.02e-02      3.93e-01       12.74
   5     -6618.128654895     -2.54e-02      9.00e-02       12.69
   6     -6618.128916205     -2.61e-04      9.65e-02       12.86
   7     -6618.130213801     -1.30e-03      5.44e-03       12.81
   8     -6618.130217767     -3.97e-06      4.15e-03       12.66
   9     -6618.130218576     -8.09e-07      9.28e-04       12.77
  10     -6618.130218515      6.11e-08      3.28e-04       12.75
  11     -6618.130218497      1.73e-08      1.64e-04       12.87
  12     -6618.130218434      6.33e-08      1.10e-04       12.82
  13     -6618.130218448     -1.34e-08      4.41e-05       12.92
  14     -6618.130218465     -1.78e-08      1.23e-05       12.84
  15     -6618.130218458      7.76e-09      6.71e-06       12.78

 SCF converged in 15 iterations.

 Dipole moment (in Debye):               3.336868      -0.001141       0.000001

 Quadrupole moment (in Debye-Angstrom):
                  1            2            3
 1       -17.644726    -0.006213     0.000003
 2        -0.006213   -36.904730    -0.000005
 3         0.000003    -0.000005   -36.904837

 Spin-squared expectation <S^2>:         0.000
 Total spin quantum number S:            0.000
 TOTAL ENERGY:                       -6618.130218473

 --------------------------------------------------------------------------------

 End time:                               Wed Nov  3 11:30:07 2021
 Total wall-clock time:                294.583 seconds
==================================================================================
