
================================================================================
          _____________ ________ _______________ ________     _________         
         / ___________// ______ \\_____   _____// ______ \   / ________)        
        / /_________  / /      \ \     | |     / /      \ \ | (_______          
       |  __________|| |        | |    | |    | |        | | \________ \        
        \ \_________ | |        | |    | |     \ \______/ /___________) |       
         \__________||_|        |_|    |_|      \________//____________/        
                                                                                
====================================[ Qcore ]===================================

 Git describe: 2.3.0-3-g778a55bfd
 Compiler:     GNU 9.3.0
 Build type:   Release
 Version:      2.3.0-3-g778a55bfd

 Start time:   Wed Nov  3 11:26:11 2021

 Data directory: /mnt/storage/scratch/zw18965/.local/qcore/share/entos/qcore/data
 Number of threads: 28
 Number of threads was determined by: command line argument

 --------------------------------------------------------------------------------
                                   command: dft                                  
 --------------------------------------------------------------------------------
 AO basis set:                           def2-tzvppd
 Number of AO basis functions:         356

 Formula:                                H3NCu4(2+)
 Nuclear charge:                       126.000000000
 Total charge:                           2.000000000
 Number of electrons:                  124.000000000

 Number of alpha electrons:             62
 Number of beta electrons:              62
 Number of unpaired electrons:           0
 Spin:                                   0
 Multiplicity:                           singlet

 Theory:                                 dft
 Exchange-correlation functional:        wb97x

 Using range separated hybrid functional
 Range separation parameter:             0.300000000
 Short range exact exchange:             0.263800000
 Total long range exact exchange:        1.000000000

 Method for Coulomb:                     incore_df
 Method for exact exchange:              pre_transformed_df
 Integral threshold:                     1.00e-12
 DF basis set:                           def2-universal-jkfit
 Number of DF basis functions:        1187
 Schwarz screening threshold:            1.00e-10
 Coulomb fitting method:                 Cholesky

 ------------------
  UW12 Correlation 
 ------------------
 Factor for UW12 correlation:            1.000000000
 Same spin scale factor:                 0.000000000
 Calculate indirect contribution:        false
 Method for three electron term:         df_ri
 Auxiliary RI basis set:                 Def2-TZVPPD-RI
 Number of RI basis functions:        1109
 Gaussians in geminal expansion:         4
 UW12 screening threshold:               1.00e-12
 Method for density-fitting:             w(r)
 Number of core spatial orbitals:       37

 Total number of grid points:        56214
 Method for AO orthogonalization:        symmetric
 Threshold for linear dependence:        1.00e-08
 D3BJ dispersion energy:                -0.024028352

 -------------------------------------
  Running restricted closed-shell SCF 
 -------------------------------------
 Max number of iterations:             128
 Conv. threshold (gradient):             1.00e-05
 Conv. threshold (energy):               1.00e-06
 Interpolation scheme:                   adiis+cdiis
 Initial guess:                          SAD

 ---------------------------------------------------------------
                  energy        change          grad        time
 ---------------------------------------------------------------
   0     -6619.360207381                    1.39e+01       73.64
   1     -6618.108231612      1.25e+00      1.70e+00       12.67
   2     -6618.090479196      1.78e-02      1.59e+00       12.81
   3     -6618.171272432     -8.08e-02      4.04e-01       12.96
   4     -6618.149281459      2.20e-02      8.00e-01       12.87
   5     -6618.179329513     -3.00e-02      1.16e-01       12.89
   6     -6618.178809039      5.20e-04      1.31e-01       12.80
   7     -6618.180849126     -2.04e-03      3.40e-02       12.85
   8     -6618.180604562      2.45e-04      8.23e-02       12.81
   9     -6618.180862604     -2.58e-04      1.54e-03       12.81
  10     -6618.180863043     -4.39e-07      6.94e-04       12.81
  11     -6618.180863208     -1.65e-07      2.45e-04       13.05
  12     -6618.180863014      1.94e-07      7.13e-05       12.88
  13     -6618.180863041     -2.73e-08      6.30e-05       12.80
  14     -6618.180863048     -6.48e-09      2.39e-05       12.85
  15     -6618.180863068     -2.04e-08      1.13e-05       12.78
  16     -6618.180863066      1.92e-09      3.98e-06       12.85

 SCF converged in 16 iterations.

 Dipole moment (in Debye):               0.545790       3.154025      -0.000004

 Quadrupole moment (in Debye-Angstrom):
                  1            2            3
 1       -35.518485     4.285861     0.000002
 2         4.285861   -11.569241     0.000001
 3         0.000002     0.000001   -36.257947

 Spin-squared expectation <S^2>:         0.000
 Total spin quantum number S:            0.000
 TOTAL ENERGY:                       -6618.180863065

 --------------------------------------------------------------------------------

 End time:                               Wed Nov  3 11:31:17 2021
 Total wall-clock time:                305.488 seconds
==================================================================================
