
================================================================================
          _____________ ________ _______________ ________     _________         
         / ___________// ______ \\_____   _____// ______ \   / ________)        
        / /_________  / /      \ \     | |     / /      \ \ | (_______          
       |  __________|| |        | |    | |    | |        | | \________ \        
        \ \_________ | |        | |    | |     \ \______/ /___________) |       
         \__________||_|        |_|    |_|      \________//____________/        
                                                                                
====================================[ Qcore ]===================================

 Git describe: 2.3.0-1-g21d9df7e5
 Compiler:     GNU 9.1.0
 Build type:   Release
 Version:      2.3.0-1-g21d9df7e5

 Start time:   Sun Oct 24 17:25:29 2021

 Data directory: /work/zw18965/.local/qcore/share/entos/qcore/data
 Number of threads: 24
 Number of threads was determined by: command line argument

 --------------------------------------------------------------------------------
                                   command: dft                                  
 --------------------------------------------------------------------------------
 AO basis set:                           def2-tzvppd
 Number of AO basis functions:         285

 Formula:                                HCu4(2+)
 Nuclear charge:                       117.000000000
 Total charge:                           2.000000000
 Number of electrons:                  115.000000000

 Number of alpha electrons:             58
 Number of beta electrons:              57
 Number of unpaired electrons:           1
 Spin:                                   1
 Multiplicity:                           doublet

 Theory:                                 dft
 Exchange-correlation functional:        wb97x

 Using range separated hybrid functional
 Range separation parameter:             0.300000000
 Short range exact exchange:             0.263800000
 Total long range exact exchange:        1.000000000

 Method for Coulomb:                     incore_df
 Method for exact exchange:              pre_transformed_df
 Integral threshold:                     1.00e-12
 DF basis set:                           def2-universal-jkfit
 Number of DF basis functions:        1074
 Schwarz screening threshold:            1.00e-10
 Coulomb fitting method:                 Cholesky

 ------------------
  UW12 Correlation 
 ------------------
 Factor for UW12 correlation:            1.000000000
 Same spin scale factor:                 0.000000000
 Calculate indirect contribution:        false
 Method for three electron term:         df_ri
 Auxiliary RI basis set:                 Def2-TZVPPD-RI
 Number of RI basis functions:         939
 Gaussians in geminal expansion:         4
 UW12 screening threshold:               1.00e-12
 Method for density-fitting:             w(r)
 Number of core spatial orbitals:       36

 Total number of grid points:        37634
 Method for AO orthogonalization:        symmetric
 Threshold for linear dependence:        1.00e-08
 D3BJ dispersion energy:                -0.020389536

 -------------------------------------
  Running unrestricted open-shell SCF 
 -------------------------------------
 Max number of iterations:             128
 Conv. threshold (gradient):             1.00e-05
 Conv. threshold (energy):               1.00e-06
 Interpolation scheme:                   adiis+cdiis
 Initial guess:                          SAD

 ---------------------------------------------------------------
                  energy        change          grad        time
 ---------------------------------------------------------------
   0     -6589.337578667                    5.61e+00       43.11
   1     -6588.328009118      1.01e+00      3.56e-01       15.72
   2     -6588.284336945      4.37e-02      6.97e-01       15.62
   3     -6588.394484919     -1.10e-01      1.10e-01       15.72
   4     -6588.390176753      4.31e-03      2.10e-01       16.24
   5     -6588.397698756     -7.52e-03      1.85e-02       15.67
   6     -6588.397896244     -1.97e-04      1.32e-02       15.52
   7     -6588.397947610     -5.14e-05      4.18e-03       15.55
   8     -6588.397960509     -1.29e-05      1.93e-03       16.94
   9     -6588.397964469     -3.96e-06      7.79e-04       15.59
  10     -6588.397964424      4.48e-08      7.03e-04       15.96
  11     -6588.397964272      1.52e-07      2.83e-04       15.73
  12     -6588.397964121      1.51e-07      9.08e-05       16.05
  13     -6588.397964182     -6.05e-08      4.00e-05       15.53
  14     -6588.397964162      1.95e-08      2.67e-05       16.02
  15     -6588.397964144      1.86e-08      2.01e-05       15.59
  16     -6588.397964161     -1.73e-08      1.05e-05       15.00
  17     -6588.397964150      1.14e-08      4.54e-06       15.83

 SCF converged in 17 iterations.

 Dipole moment (in Debye):              -0.796137       0.001594      -0.004478

 Quadrupole moment (in Debye-Angstrom):
                  1            2            3
 1       -29.065173     0.004403    -0.009047
 2         0.004403   -27.558245    -0.054609
 3        -0.009047    -0.054609   -28.873997

 Spin-squared expectation <S^2>:         0.760
 Total spin quantum number S:            0.505
 TOTAL ENERGY:                       -6588.397964151

 --------------------------------------------------------------------------------

 End time:                               Sun Oct 24 17:31:06 2021
 Total wall-clock time:                337.239 seconds
==================================================================================
