
================================================================================
          _____________ ________ _______________ ________     _________         
         / ___________// ______ \\_____   _____// ______ \   / ________)        
        / /_________  / /      \ \     | |     / /      \ \ | (_______          
       |  __________|| |        | |    | |    | |        | | \________ \        
        \ \_________ | |        | |    | |     \ \______/ /___________) |       
         \__________||_|        |_|    |_|      \________//____________/        
                                                                                
====================================[ Qcore ]===================================

 Git describe: 2.3.0-3-g778a55bfd
 Compiler:     GNU 9.3.0
 Build type:   Release
 Version:      2.3.0-3-g778a55bfd

 Start time:   Wed Nov  3 11:24:21 2021

 Data directory: /mnt/storage/scratch/zw18965/.local/qcore/share/entos/qcore/data
 Number of threads: 28
 Number of threads was determined by: command line argument

 --------------------------------------------------------------------------------
                                   command: dft                                  
 --------------------------------------------------------------------------------
 AO basis set:                           def2-tzvppd
 Number of AO basis functions:         268

 Formula:                                Cu4
 Nuclear charge:                       116.000000000
 Total charge:                           0.000000000
 Number of electrons:                  116.000000000

 Number of alpha electrons:             58
 Number of beta electrons:              58
 Number of unpaired electrons:           0
 Spin:                                   0
 Multiplicity:                           singlet

 Theory:                                 dft
 Exchange-correlation functional:        wb97x

 Using range separated hybrid functional
 Range separation parameter:             0.300000000
 Short range exact exchange:             0.263800000
 Total long range exact exchange:        1.000000000

 Method for Coulomb:                     incore_df
 Method for exact exchange:              pre_transformed_df
 Integral threshold:                     1.00e-12
 DF basis set:                           def2-universal-jkfit
 Number of DF basis functions:        1056
 Schwarz screening threshold:            1.00e-10
 Coulomb fitting method:                 Cholesky

 ------------------
  UW12 Correlation 
 ------------------
 Factor for UW12 correlation:            1.000000000
 Same spin scale factor:                 0.000000000
 Calculate indirect contribution:        false
 Method for three electron term:         df_ri
 Auxiliary RI basis set:                 Def2-TZVPPD-RI
 Number of RI basis functions:         900
 Gaussians in geminal expansion:         4
 UW12 screening threshold:               1.00e-12
 Method for density-fitting:             w(r)
 Number of core spatial orbitals:       36

 Total number of grid points:        31744
 Method for AO orthogonalization:        symmetric
 Threshold for linear dependence:        1.00e-08
 D3BJ dispersion energy:                -0.017199963

 -------------------------------------
  Running restricted closed-shell SCF 
 -------------------------------------
 Max number of iterations:             128
 Conv. threshold (gradient):             1.00e-05
 Conv. threshold (energy):               1.00e-06
 Interpolation scheme:                   adiis+cdiis
 Initial guess:                          SAD

 ---------------------------------------------------------------
                  energy        change          grad        time
 ---------------------------------------------------------------
   0     -6562.424937361                    1.03e+01       46.04
   1     -6562.143061695      2.82e-01      2.74e-01       11.22
   2     -6562.147579607     -4.52e-03      2.92e-01       11.04
   3     -6562.137363134      1.02e-02      4.40e-01       11.59
   4     -6562.154601670     -1.72e-02      6.47e-02       11.48
   5     -6562.154227915      3.74e-04      9.52e-02       11.14
   6     -6562.155003777     -7.76e-04      8.89e-03       11.38
   7     -6562.155008879     -5.10e-06      4.31e-03       11.15
   8     -6562.155017707     -8.83e-06      1.79e-03       10.78
   9     -6562.155019360     -1.65e-06      9.31e-04       11.22
  10     -6562.155019411     -5.07e-08      5.29e-04       11.34
  11     -6562.155019395      1.54e-08      2.97e-04       11.45
  12     -6562.155019302      9.31e-08      9.43e-05       11.49
  13     -6562.155019341     -3.87e-08      3.70e-05       11.38
  14     -6562.155019364     -2.31e-08      1.31e-05       11.84
  15     -6562.155019360      4.49e-09      1.06e-05       11.48
  16     -6562.155019368     -8.32e-09      3.13e-06       11.48

 SCF converged in 16 iterations.

 Dipole moment (in Debye):               0.002470       0.000237       0.000029

 Quadrupole moment (in Debye-Angstrom):
                  1            2            3
 1       -47.916978     0.628742     0.938910
 2         0.628742   -54.944949     0.028661
 3         0.938910     0.028661   -52.610106

 Spin-squared expectation <S^2>:         0.000
 Total spin quantum number S:            0.000
 TOTAL ENERGY:                       -6562.155019370

 --------------------------------------------------------------------------------

 End time:                               Wed Nov  3 11:28:31 2021
 Total wall-clock time:                250.139 seconds
==================================================================================
