
================================================================================
          _____________ ________ _______________ ________     _________         
         / ___________// ______ \\_____   _____// ______ \   / ________)        
        / /_________  / /      \ \     | |     / /      \ \ | (_______          
       |  __________|| |        | |    | |    | |        | | \________ \        
        \ \_________ | |        | |    | |     \ \______/ /___________) |       
         \__________||_|        |_|    |_|      \________//____________/        
                                                                                
====================================[ Qcore ]===================================

 Git describe: 2.3.0-3-g778a55bfd
 Compiler:     GNU 9.3.0
 Build type:   Release
 Version:      2.3.0-3-g778a55bfd

 Start time:   Wed Nov  3 11:21:18 2021

 Data directory: /mnt/storage/scratch/zw18965/.local/qcore/share/entos/qcore/data
 Number of threads: 28
 Number of threads was determined by: command line argument

 --------------------------------------------------------------------------------
                                   command: dft                                  
 --------------------------------------------------------------------------------
 AO basis set:                           def2-tzvppd
 Number of AO basis functions:         285

 Formula:                                HCu4(2+)
 Nuclear charge:                       117.000000000
 Total charge:                           2.000000000
 Number of electrons:                  115.000000000

 Number of alpha electrons:             58
 Number of beta electrons:              57
 Number of unpaired electrons:           1
 Spin:                                   1
 Multiplicity:                           doublet

 Theory:                                 dft
 Exchange-correlation functional:        wb97x

 Using range separated hybrid functional
 Range separation parameter:             0.300000000
 Short range exact exchange:             0.263800000
 Total long range exact exchange:        1.000000000

 Method for Coulomb:                     incore_df
 Method for exact exchange:              pre_transformed_df
 Integral threshold:                     1.00e-12
 DF basis set:                           def2-universal-jkfit
 Number of DF basis functions:        1074
 Schwarz screening threshold:            1.00e-10
 Coulomb fitting method:                 Cholesky

 ------------------
  UW12 Correlation 
 ------------------
 Factor for UW12 correlation:            1.000000000
 Same spin scale factor:                 0.000000000
 Calculate indirect contribution:        false
 Method for three electron term:         df_ri
 Auxiliary RI basis set:                 Def2-TZVPPD-RI
 Number of RI basis functions:         939
 Gaussians in geminal expansion:         4
 UW12 screening threshold:               1.00e-12
 Method for density-fitting:             w(r)
 Number of core spatial orbitals:       36

 Total number of grid points:        37634
 Method for AO orthogonalization:        symmetric
 Threshold for linear dependence:        1.00e-08
 D3BJ dispersion energy:                -0.021147044

 -------------------------------------
  Running unrestricted open-shell SCF 
 -------------------------------------
 Max number of iterations:             128
 Conv. threshold (gradient):             1.00e-05
 Conv. threshold (energy):               1.00e-06
 Interpolation scheme:                   adiis+cdiis
 Initial guess:                          SAD

 ---------------------------------------------------------------
                  energy        change          grad        time
 ---------------------------------------------------------------
   0     -6563.134688552                    6.20e+00       49.47
   1     -6562.002136551      1.13e+00      3.04e-01       14.26
   2     -6561.946885581      5.53e-02      5.46e-01       14.10
   3     -6562.064956975     -1.18e-01      5.85e-02       14.15
   4     -6562.064243196      7.14e-04      9.04e-02       14.13
   5     -6562.066696078     -2.45e-03      4.11e-02       14.04
   6     -6562.066960561     -2.64e-04      9.00e-03       14.17
   7     -6562.066989353     -2.88e-05      2.81e-03       14.14
   8     -6562.066996386     -7.03e-06      1.30e-03       14.26
   9     -6562.066999469     -3.08e-06      5.43e-04       14.26
  10     -6562.066999446      2.31e-08      1.78e-04       14.26
  11     -6562.066999548     -1.01e-07      1.38e-04       14.19
  12     -6562.066999595     -4.72e-08      7.05e-05       14.25
  13     -6562.066999644     -4.96e-08      2.09e-05       14.22
  14     -6562.066999642      2.66e-09      8.10e-06       14.35

 SCF converged in 14 iterations.

 Dipole moment (in Debye):              -0.000002      -0.000108       0.025139

 Quadrupole moment (in Debye-Angstrom):
                  1            2            3
 1       -29.623715    -0.000003     0.000001
 2        -0.000003   -29.623606    -0.000086
 3         0.000001    -0.000086   -31.738543

 Spin-squared expectation <S^2>:         0.759
 Total spin quantum number S:            0.504
 TOTAL ENERGY:                       -6562.066999647

 --------------------------------------------------------------------------------

 End time:                               Wed Nov  3 11:25:49 2021
 Total wall-clock time:                271.586 seconds
==================================================================================
