
================================================================================
          _____________ ________ _______________ ________     _________         
         / ___________// ______ \\_____   _____// ______ \   / ________)        
        / /_________  / /      \ \     | |     / /      \ \ | (_______          
       |  __________|| |        | |    | |    | |        | | \________ \        
        \ \_________ | |        | |    | |     \ \______/ /___________) |       
         \__________||_|        |_|    |_|      \________//____________/        
                                                                                
====================================[ Qcore ]===================================

 Git describe: 2.3.0-1-g21d9df7e5
 Compiler:     GNU 9.1.0
 Build type:   Release
 Version:      2.3.0-1-g21d9df7e5

 Start time:   Sun Oct 24 17:26:04 2021

 Data directory: /work/zw18965/.local/qcore/share/entos/qcore/data
 Number of threads: 24
 Number of threads was determined by: command line argument

 --------------------------------------------------------------------------------
                                   command: dft                                  
 --------------------------------------------------------------------------------
 AO basis set:                           def2-tzvppd
 Number of AO basis functions:         268

 Formula:                                Cu4(2+)
 Nuclear charge:                       116.000000000
 Total charge:                           2.000000000
 Number of electrons:                  114.000000000

 Number of alpha electrons:             57
 Number of beta electrons:              57
 Number of unpaired electrons:           0
 Spin:                                   0
 Multiplicity:                           singlet

 Theory:                                 dft
 Exchange-correlation functional:        wb97x

 Using range separated hybrid functional
 Range separation parameter:             0.300000000
 Short range exact exchange:             0.263800000
 Total long range exact exchange:        1.000000000

 Method for Coulomb:                     incore_df
 Method for exact exchange:              pre_transformed_df
 Integral threshold:                     1.00e-12
 DF basis set:                           def2-universal-jkfit
 Number of DF basis functions:        1056
 Schwarz screening threshold:            1.00e-10
 Coulomb fitting method:                 Cholesky

 ------------------
  UW12 Correlation 
 ------------------
 Factor for UW12 correlation:            1.000000000
 Same spin scale factor:                 0.000000000
 Calculate indirect contribution:        false
 Method for three electron term:         df_ri
 Auxiliary RI basis set:                 Def2-TZVPPD-RI
 Number of RI basis functions:         900
 Gaussians in geminal expansion:         4
 UW12 screening threshold:               1.00e-12
 Method for density-fitting:             w(r)
 Number of core spatial orbitals:       36

 Total number of grid points:        31744
 Method for AO orthogonalization:        symmetric
 Threshold for linear dependence:        1.00e-08
 D3BJ dispersion energy:                -0.019111100

 -------------------------------------
  Running restricted closed-shell SCF 
 -------------------------------------
 Max number of iterations:             128
 Conv. threshold (gradient):             1.00e-05
 Conv. threshold (energy):               1.00e-06
 Interpolation scheme:                   adiis+cdiis
 Initial guess:                          SAD

 ---------------------------------------------------------------
                  energy        change          grad        time
 ---------------------------------------------------------------
   0     -6588.712785988                    9.30e+00       24.57
   1     -6587.784810158      9.28e-01      4.76e-01        5.59
   2     -6587.786830824     -2.02e-03      4.43e-01        5.45
   3     -6587.814621184     -2.78e-02      2.60e-01        5.94
   4     -6587.825322087     -1.07e-02      1.14e-01        5.43
   5     -6587.826606564     -1.28e-03      9.58e-02        5.68
   6     -6587.828103487     -1.50e-03      1.63e-02        5.50
   7     -6587.828194000     -9.05e-05      2.10e-03        5.75
   8     -6587.828194873     -8.72e-07      1.51e-03        5.45
   9     -6587.828195289     -4.16e-07      5.82e-04        5.54
  10     -6587.828195111      1.78e-07      9.94e-05        5.46
  11     -6587.828195003      1.08e-07      2.26e-05        5.49
  12     -6587.828195059     -5.58e-08      4.75e-06        5.43

 SCF converged in 12 iterations.

 Dipole moment (in Debye):               0.000004      -0.000405      -0.000187

 Quadrupole moment (in Debye-Angstrom):
                  1            2            3
 1       -27.251288    -0.000016    -0.000013
 2        -0.000016   -27.252126    -0.000048
 3        -0.000013    -0.000048   -27.251421

 Spin-squared expectation <S^2>:         0.000
 Total spin quantum number S:            0.000
 TOTAL ENERGY:                       -6587.828195067

 --------------------------------------------------------------------------------

 End time:                               Sun Oct 24 17:27:48 2021
 Total wall-clock time:                104.188 seconds
==================================================================================
