
================================================================================
          _____________ ________ _______________ ________     _________         
         / ___________// ______ \\_____   _____// ______ \   / ________)        
        / /_________  / /      \ \     | |     / /      \ \ | (_______          
       |  __________|| |        | |    | |    | |        | | \________ \        
        \ \_________ | |        | |    | |     \ \______/ /___________) |       
         \__________||_|        |_|    |_|      \________//____________/        
                                                                                
====================================[ Qcore ]===================================

 Git describe: 2.3.0
 Compiler:     GNU 9.1.0
 Build type:   Release
 Version:      2.3.0

 Start time:   Fri Oct 22 17:24:01 2021

 Data directory: /work/zw18965/.local/qcore/share/entos/qcore/data
 Number of threads: 24
 Number of threads was determined by: command line argument
  - More threads can be used by running 'qcore -n 32'

 --------------------------------------------------------------------------------
                                command: optimize                                
 --------------------------------------------------------------------------------
 Using coordinate system:                tric

 -----------------------------
  Initial coordinates summary 
 -----------------------------
 Total coordinates:                      7
 Bond distances:                         1
 Bond angles:                            0
 Dihedral angles:                        0
 Linear bond angles:                     0
 Out-of-plane bends:                     0
 Translations:                           6
 Rotations:                              0
 Hessian update scheme:                  bfgs
 Initial hessian:                        model

 ------------------------------------------------------------------------------------------------------------
                   energy      change    grad rms    grad max    step rms    step max       trust    time (s)
 ------------------------------------------------------------------------------------------------------------
   1      -147.601933638                1.51e-03    2.61e-03                            2.00e-01        0.93
   2      -147.601958832   -2.52e-05    3.97e-04    6.87e-04    7.67e-03    1.53e-02    2.00e-01        0.54
   3      -147.601960786   -1.95e-06    1.02e-05    1.76e-05    2.73e-03    5.46e-03    2.00e-01        0.57
Rejecting step due to low quality: Quality: -24.6602 New trust radius: 3.59468e-05
   4      -147.601960755    3.12e-08    1.02e-05    1.76e-05    7.19e-05    1.44e-04    3.59e-05        0.52
 Geometry optimization stopped:          thresholds achieved

 Final energy:                        -147.601960755

 ---------------------------
  Final coordinates summary 
 ---------------------------
 Total coordinates:                      7
 Bond distances:                         1
 Bond angles:                            0
 Dihedral angles:                        0
 Linear bond angles:                     0
 Out-of-plane bends:                     0
 Translations:                           6
 Rotations:                              0

 -----------
  Final XYZ 
 -----------
2
Final structure: -147.602 hartree
Ag           0.000000041          0.000000640          0.039049351
H           -0.000000041         -0.000000640         -1.582208351

 Structure in entos input format:

  structure(
    xyz = [
      ['Ag' ,          0.000000041,          0.000000640,          0.039049351],
      ['H'  ,         -0.000000041,         -0.000000640,         -1.582208351]
    ]
  )

 --------------------------------
  Geometry optimization finished 
 --------------------------------
 Saving results in set 'opt'

 --------------------------------------------------------------------------------
                                 command: hessian                                
 --------------------------------------------------------------------------------

WARNING: semianalytic method is specified for dft hessian, which is not efficient. Try switching to 'method = analytic'


 -------------------------------
  Numerical Geometrical Hessian 
 -------------------------------

 Compute hessian using two-point central differentiation.
 Step size (bohr):                       0.0100

 Frequencies (including translational and rotational modes):
 mode    frequency (cm-1)
    0                0.05 i (imaginary)
    1                0.01 i (imaginary)
    2                0.00 i (imaginary)
    3              139.77
    4              140.05
    5             1793.64

 Project out translational and rotational motions 

 The molecule is linear

 Degrees of freedom for translational and rotational motions: 5

 Vibrational frequencies:
 mode    frequency (cm-1)
    0             1793.64

 --------------------------------------------------------------------------------

 End time:                               Fri Oct 22 17:24:11 2021
 Total wall-clock time:                  9.878 seconds
==================================================================================
