
================================================================================
          _____________ ________ _______________ ________     _________         
         / ___________// ______ \\_____   _____// ______ \   / ________)        
        / /_________  / /      \ \     | |     / /      \ \ | (_______          
       |  __________|| |        | |    | |    | |        | | \________ \        
        \ \_________ | |        | |    | |     \ \______/ /___________) |       
         \__________||_|        |_|    |_|      \________//____________/        
                                                                                
====================================[ Qcore ]===================================

 Git describe: 2.3.0
 Compiler:     GNU 9.1.0
 Build type:   Release
 Version:      2.3.0

 Start time:   Fri Oct 22 17:24:00 2021

 Data directory: /work/zw18965/.local/qcore/share/entos/qcore/data
 Number of threads: 24
 Number of threads was determined by: command line argument
  - More threads can be used by running 'qcore -n 32'

 --------------------------------------------------------------------------------
                                command: optimize                                
 --------------------------------------------------------------------------------
 Using coordinate system:                tric

 -----------------------------
  Initial coordinates summary 
 -----------------------------
 Total coordinates:                      7
 Bond distances:                         1
 Bond angles:                            0
 Dihedral angles:                        0
 Linear bond angles:                     0
 Out-of-plane bends:                     0
 Translations:                           6
 Rotations:                              0
 Hessian update scheme:                  bfgs
 Initial hessian:                        model

 ------------------------------------------------------------------------------------------------------------
                   energy      change    grad rms    grad max    step rms    step max       trust    time (s)
 ------------------------------------------------------------------------------------------------------------
   1      -246.884620725                1.99e-03    3.44e-03                            2.00e-01        1.06
   2      -246.884652472   -3.17e-05    7.43e-04    1.29e-03    6.74e-03    1.35e-02    2.00e-01        0.60
   3      -246.884657834   -5.36e-06    2.91e-05    5.05e-05    4.03e-03    8.06e-03    2.00e-01        0.63
   4      -246.884657840   -6.24e-09    1.69e-07    2.93e-07    1.65e-04    3.29e-04    2.00e-01        0.59
 Geometry optimization stopped:          thresholds achieved

 Final energy:                        -246.884657840

 ---------------------------
  Final coordinates summary 
 ---------------------------
 Total coordinates:                      7
 Bond distances:                         1
 Bond angles:                            0
 Dihedral angles:                        0
 Linear bond angles:                     0
 Out-of-plane bends:                     0
 Translations:                           6
 Rotations:                              0

 -----------
  Final XYZ 
 -----------
2
Final structure: -246.885 hartree
Ag           0.000000728         -0.000001476          0.323499346
F           -0.000000728          0.000001476         -1.664950346

 Structure in entos input format:

  structure(
    xyz = [
      ['Ag' ,          0.000000728,         -0.000001476,          0.323499346],
      ['F'  ,         -0.000000728,          0.000001476,         -1.664950346]
    ]
  )

 --------------------------------
  Geometry optimization finished 
 --------------------------------
 Saving results in set 'opt'

 --------------------------------------------------------------------------------
                                 command: hessian                                
 --------------------------------------------------------------------------------

WARNING: semianalytic method is specified for dft hessian, which is not efficient. Try switching to 'method = analytic'


 -------------------------------
  Numerical Geometrical Hessian 
 -------------------------------

 Compute hessian using two-point central differentiation.
 Step size (bohr):                       0.0100

 Frequencies (including translational and rotational modes):
 mode    frequency (cm-1)
    0                0.01 i (imaginary)
    1                0.00 i (imaginary)
    2                0.00 i (imaginary)
    3               52.87
    4               52.87
    5              496.82

 Project out translational and rotational motions 

 The molecule is linear

 Degrees of freedom for translational and rotational motions: 5

 Vibrational frequencies:
 mode    frequency (cm-1)
    0              496.82

 --------------------------------------------------------------------------------

 End time:                               Fri Oct 22 17:24:11 2021
 Total wall-clock time:                 11.313 seconds
==================================================================================
