
================================================================================
          _____________ ________ _______________ ________     _________         
         / ___________// ______ \\_____   _____// ______ \   / ________)        
        / /_________  / /      \ \     | |     / /      \ \ | (_______          
       |  __________|| |        | |    | |    | |        | | \________ \        
        \ \_________ | |        | |    | |     \ \______/ /___________) |       
         \__________||_|        |_|    |_|      \________//____________/        
                                                                                
====================================[ Qcore ]===================================

 Git describe: 2.3.0
 Compiler:     GNU 9.1.0
 Build type:   Release
 Version:      2.3.0

 Start time:   Fri Oct 22 17:24:04 2021

 Data directory: /work/zw18965/.local/qcore/share/entos/qcore/data
 Number of threads: 24
 Number of threads was determined by: command line argument
  - More threads can be used by running 'qcore -n 32'

 --------------------------------------------------------------------------------
                                command: optimize                                
 --------------------------------------------------------------------------------
 Using coordinate system:                tric

 -----------------------------
  Initial coordinates summary 
 -----------------------------
 Total coordinates:                      7
 Bond distances:                         1
 Bond angles:                            0
 Dihedral angles:                        0
 Linear bond angles:                     0
 Out-of-plane bends:                     0
 Translations:                           6
 Rotations:                              0
 Hessian update scheme:                  bfgs
 Initial hessian:                        model

 ------------------------------------------------------------------------------------------------------------
                   energy      change    grad rms    grad max    step rms    step max       trust    time (s)
 ------------------------------------------------------------------------------------------------------------
   1      -294.080217476                3.66e-03    6.33e-03                            2.00e-01        1.32
   2      -294.080435960   -2.18e-04    1.39e-03    2.40e-03    2.53e-02    5.06e-02    2.00e-01        0.95
   3      -294.080476333   -4.04e-05    1.25e-04    2.16e-04    1.55e-02    3.09e-02    2.00e-01        0.93
   4      -294.080476653   -3.20e-07    7.05e-07    1.20e-06    1.53e-03    3.06e-03    2.00e-01        0.91
   5      -294.080476653   -1.62e-10    1.17e-07    1.44e-07    8.58e-06    1.72e-05    2.00e-01        0.86
 Geometry optimization stopped:          thresholds achieved

 Final energy:                        -294.080476653

 ---------------------------
  Final coordinates summary 
 ---------------------------
 Total coordinates:                      7
 Bond distances:                         1
 Bond angles:                            0
 Dihedral angles:                        0
 Linear bond angles:                     0
 Out-of-plane bends:                     0
 Translations:                           6
 Rotations:                              0

 -----------
  Final XYZ 
 -----------
2
Final structure: -294.08 hartree
Ag          -0.000001234          0.000001234          1.284221764
Ag           0.000001234         -0.000001234         -1.284221764

 Structure in entos input format:

  structure(
    xyz = [
      ['Ag' ,         -0.000001234,          0.000001234,          1.284221764],
      ['Ag' ,          0.000001234,         -0.000001234,         -1.284221764]
    ]
  )

 --------------------------------
  Geometry optimization finished 
 --------------------------------
 Saving results in set 'opt'

 --------------------------------------------------------------------------------
                                 command: hessian                                
 --------------------------------------------------------------------------------

WARNING: semianalytic method is specified for dft hessian, which is not efficient. Try switching to 'method = analytic'


 -------------------------------
  Numerical Geometrical Hessian 
 -------------------------------

 Compute hessian using two-point central differentiation.
 Step size (bohr):                       0.0100

 Frequencies (including translational and rotational modes):
 mode    frequency (cm-1)
    0                0.04 i (imaginary)
    1                0.00 i (imaginary)
    2                0.00 i (imaginary)
    3               11.43
    4               11.50
    5              185.40

 Project out translational and rotational motions 

 The molecule is linear

 Degrees of freedom for translational and rotational motions: 5

 Vibrational frequencies:
 mode    frequency (cm-1)
    0              185.40

 --------------------------------------------------------------------------------

 End time:                               Fri Oct 22 17:24:21 2021
 Total wall-clock time:                 16.871 seconds
==================================================================================
