
================================================================================
          _____________ ________ _______________ ________     _________         
         / ___________// ______ \\_____   _____// ______ \   / ________)        
        / /_________  / /      \ \     | |     / /      \ \ | (_______          
       |  __________|| |        | |    | |    | |        | | \________ \        
        \ \_________ | |        | |    | |     \ \______/ /___________) |       
         \__________||_|        |_|    |_|      \________//____________/        
                                                                                
====================================[ Qcore ]===================================

 Git describe: 2.3.0
 Compiler:     GNU 9.1.0
 Build type:   Release
 Version:      2.3.0

 Start time:   Fri Oct 22 17:24:07 2021

 Data directory: /work/zw18965/.local/qcore/share/entos/qcore/data
 Number of threads: 24
 Number of threads was determined by: command line argument
  - More threads can be used by running 'qcore -n 32'

 --------------------------------------------------------------------------------
                                command: optimize                                
 --------------------------------------------------------------------------------
 Using coordinate system:                tric

 -----------------------------
  Initial coordinates summary 
 -----------------------------
 Total coordinates:                     13
 Bond distances:                         2
 Bond angles:                            0
 Dihedral angles:                        0
 Linear bond angles:                     2
 Out-of-plane bends:                     0
 Translations:                           9
 Rotations:                              0
 Hessian update scheme:                  bfgs
 Initial hessian:                        model

 ------------------------------------------------------------------------------------------------------------
                   energy      change    grad rms    grad max    step rms    step max       trust    time (s)
 ------------------------------------------------------------------------------------------------------------
   1      -440.859936393                1.39e-03    2.95e-03                            2.00e-01        2.25
   2      -440.860032801   -9.64e-05    9.28e-04    1.97e-03    1.61e-02    1.97e-02    2.00e-01        1.78
   3      -440.860115071   -8.23e-05    5.22e-05    1.11e-04    3.22e-02    3.94e-02    2.00e-01        1.75
   4      -440.860115261   -1.90e-07    2.31e-06    4.95e-06    1.92e-03    2.35e-03    2.00e-01        1.75
   5      -440.860115447   -1.86e-07    2.64e-07    6.45e-07    8.90e-05    1.09e-04    2.00e-01        1.67
 Geometry optimization stopped:          thresholds achieved

 Final energy:                        -440.860115447

 ---------------------------
  Final coordinates summary 
 ---------------------------
 Total coordinates:                     13
 Bond distances:                         2
 Bond angles:                            0
 Dihedral angles:                        0
 Linear bond angles:                     2
 Out-of-plane bends:                     0
 Translations:                           9
 Rotations:                              0

 -----------
  Final XYZ 
 -----------
3
Final structure: -440.86 hartree
Ag           0.000000408         -0.000000411          0.000000404
Ag          -0.000000749          0.000000409          2.661868317
Ag           0.000000341          0.000000002         -2.661868721

 Structure in entos input format:

  structure(
    xyz = [
      ['Ag' ,          0.000000408,         -0.000000411,          0.000000404],
      ['Ag' ,         -0.000000749,          0.000000409,          2.661868317],
      ['Ag' ,          0.000000341,          0.000000002,         -2.661868721]
    ]
  )

 --------------------------------
  Geometry optimization finished 
 --------------------------------
 Saving results in set 'opt'

 --------------------------------------------------------------------------------
                                 command: hessian                                
 --------------------------------------------------------------------------------

WARNING: semianalytic method is specified for dft hessian, which is not efficient. Try switching to 'method = analytic'


 -------------------------------
  Numerical Geometrical Hessian 
 -------------------------------

 Compute hessian using two-point central differentiation.
 Step size (bohr):                       0.0100

 Frequencies (including translational and rotational modes):
 mode    frequency (cm-1)
    0               48.61 i (imaginary)
    1               48.61 i (imaginary)
    2                0.01 i (imaginary)
    3                0.01 i (imaginary)
    4                0.00
    5                1.41
    6                1.42
    7              105.15
    8              175.91

 Project out translational and rotational motions 

 Degrees of freedom for translational and rotational motions: 6

 Vibrational frequencies:
 mode    frequency (cm-1)
    0               48.61 i (imaginary)
    1              105.15
    2              175.91

 --------------------------------------------------------------------------------

 End time:                               Fri Oct 22 17:24:50 2021
 Total wall-clock time:                 43.095 seconds
==================================================================================
