
================================================================================
          _____________ ________ _______________ ________     _________         
         / ___________// ______ \\_____   _____// ______ \   / ________)        
        / /_________  / /      \ \     | |     / /      \ \ | (_______          
       |  __________|| |        | |    | |    | |        | | \________ \        
        \ \_________ | |        | |    | |     \ \______/ /___________) |       
         \__________||_|        |_|    |_|      \________//____________/        
                                                                                
====================================[ Qcore ]===================================

 Git describe: 2.3.0
 Compiler:     GNU 9.1.0
 Build type:   Release
 Version:      2.3.0

 Start time:   Fri Oct 22 17:24:06 2021

 Data directory: /work/zw18965/.local/qcore/share/entos/qcore/data
 Number of threads: 24
 Number of threads was determined by: command line argument
  - More threads can be used by running 'qcore -n 32'

 --------------------------------------------------------------------------------
                                command: optimize                                
 --------------------------------------------------------------------------------
 Using coordinate system:                tric

 -----------------------------
  Initial coordinates summary 
 -----------------------------
 Total coordinates:                     12
 Bond distances:                         3
 Bond angles:                            3
 Dihedral angles:                        0
 Linear bond angles:                     0
 Out-of-plane bends:                     0
 Translations:                           3
 Rotations:                              3
 Hessian update scheme:                  bfgs
 Initial hessian:                        model

 ------------------------------------------------------------------------------------------------------------
                   energy      change    grad rms    grad max    step rms    step max       trust    time (s)
 ------------------------------------------------------------------------------------------------------------
   1      -440.918354482                4.93e-03    8.67e-03                            2.00e-01        2.39
   2      -440.918904309   -5.50e-04    2.52e-03    4.45e-03    2.85e-02    5.00e-02    2.00e-01        1.96
   3      -440.919110625   -2.06e-04    1.70e-04    2.77e-04    2.97e-02    5.24e-02    2.00e-01        1.91
   4      -440.919111705   -1.08e-06    1.54e-05    3.15e-05    2.14e-03    3.92e-03    2.00e-01        1.81
   5      -440.919111720   -1.45e-08    8.55e-06    1.56e-05    1.82e-04    4.40e-04    2.00e-01        1.80
 Geometry optimization stopped:          thresholds achieved

 Final energy:                        -440.919111720

 ---------------------------
  Final coordinates summary 
 ---------------------------
 Total coordinates:                     12
 Bond distances:                         3
 Bond angles:                            3
 Dihedral angles:                        0
 Linear bond angles:                     0
 Out-of-plane bends:                     0
 Translations:                           3
 Rotations:                              3

 -----------
  Final XYZ 
 -----------
3
Final structure: -440.919 hartree
Ag          -0.000000926          1.562718281          0.000001379
Ag           1.351792823         -0.781358501          0.000003924
Ag          -1.351791897         -0.781358780         -0.000005303

 Structure in entos input format:

  structure(
    xyz = [
      ['Ag' ,         -0.000000926,          1.562718281,          0.000001379],
      ['Ag' ,          1.351792823,         -0.781358501,          0.000003924],
      ['Ag' ,         -1.351791897,         -0.781358780,         -0.000005303]
    ]
  )

 --------------------------------
  Geometry optimization finished 
 --------------------------------
 Saving results in set 'opt'

 --------------------------------------------------------------------------------
                                 command: hessian                                
 --------------------------------------------------------------------------------

WARNING: semianalytic method is specified for dft hessian, which is not efficient. Try switching to 'method = analytic'


 -------------------------------
  Numerical Geometrical Hessian 
 -------------------------------

 Compute hessian using two-point central differentiation.
 Step size (bohr):                       0.0100

 Frequencies (including translational and rotational modes):
 mode    frequency (cm-1)
    0                0.13 i (imaginary)
    1                0.02 i (imaginary)
    2                0.00 i (imaginary)
    3                5.71
    4                8.25
    5                9.61
    6              121.14
    7              121.77
    8              178.82

 Project out translational and rotational motions 

 Degrees of freedom for translational and rotational motions: 6

 Vibrational frequencies:
 mode    frequency (cm-1)
    0              121.14
    1              121.77
    2              178.82

 --------------------------------------------------------------------------------

 End time:                               Fri Oct 22 17:24:52 2021
 Total wall-clock time:                 46.169 seconds
==================================================================================
