
================================================================================
          _____________ ________ _______________ ________     _________         
         / ___________// ______ \\_____   _____// ______ \   / ________)        
        / /_________  / /      \ \     | |     / /      \ \ | (_______          
       |  __________|| |        | |    | |    | |        | | \________ \        
        \ \_________ | |        | |    | |     \ \______/ /___________) |       
         \__________||_|        |_|    |_|      \________//____________/        
                                                                                
====================================[ Qcore ]===================================

 Git describe: 2.3.0
 Compiler:     GNU 9.1.0
 Build type:   Release
 Version:      2.3.0

 Start time:   Fri Oct 22 17:24:15 2021

 Data directory: /work/zw18965/.local/qcore/share/entos/qcore/data
 Number of threads: 24
 Number of threads was determined by: command line argument

 --------------------------------------------------------------------------------
                                command: optimize                                
 --------------------------------------------------------------------------------
 Using coordinate system:                tric

 -----------------------------
  Initial coordinates summary 
 -----------------------------
 Total coordinates:                     13
 Bond distances:                         2
 Bond angles:                            0
 Dihedral angles:                        0
 Linear bond angles:                     2
 Out-of-plane bends:                     0
 Translations:                           9
 Rotations:                              0
 Hessian update scheme:                  bfgs
 Initial hessian:                        model

 ------------------------------------------------------------------------------------------------------------
                   energy      change    grad rms    grad max    step rms    step max       trust    time (s)
 ------------------------------------------------------------------------------------------------------------
   1      -441.114352603                2.45e-03    5.19e-03                            2.00e-01        2.50
   2      -441.114641839   -2.89e-04    1.50e-03    3.19e-03    2.83e-02    3.46e-02    2.00e-01        2.08
   3      -441.114826033   -1.84e-04    9.42e-05    2.00e-04    4.49e-02    5.50e-02    2.00e-01        2.06
   4      -441.114826837   -8.04e-07    4.28e-06    9.09e-06    3.01e-03    3.68e-03    2.00e-01        1.96
   5      -441.114826838   -1.17e-09    4.68e-08    1.13e-07    1.43e-04    1.75e-04    2.00e-01        1.83
 Geometry optimization stopped:          thresholds achieved

 Final energy:                        -441.114826838

 ---------------------------
  Final coordinates summary 
 ---------------------------
 Total coordinates:                     13
 Bond distances:                         2
 Bond angles:                            0
 Dihedral angles:                        0
 Linear bond angles:                     2
 Out-of-plane bends:                     0
 Translations:                           9
 Rotations:                              0

 -----------
  Final XYZ 
 -----------
3
Final structure: -441.115 hartree
Ag           0.000003426         -0.000000861          0.000000061
Ag          -0.000001982          0.000000410          2.641989688
Ag          -0.000001444          0.000000452         -2.641989748

 Structure in entos input format:

  structure(
    xyz = [
      ['Ag' ,          0.000003426,         -0.000000861,          0.000000061],
      ['Ag' ,         -0.000001982,          0.000000410,          2.641989688],
      ['Ag' ,         -0.000001444,          0.000000452,         -2.641989748]
    ]
  )

 --------------------------------
  Geometry optimization finished 
 --------------------------------
 Saving results in set 'opt'

 --------------------------------------------------------------------------------
                                 command: hessian                                
 --------------------------------------------------------------------------------

WARNING: semianalytic method is specified for dft hessian, which is not efficient. Try switching to 'method = analytic'


 -------------------------------
  Numerical Geometrical Hessian 
 -------------------------------

 Compute hessian using two-point central differentiation.
 Step size (bohr):                       0.0100

 Frequencies (including translational and rotational modes):
 mode    frequency (cm-1)
    0               25.67 i (imaginary)
    1               25.66 i (imaginary)
    2               11.29 i (imaginary)
    3               11.29 i (imaginary)
    4                0.01 i (imaginary)
    5                0.04
    6                0.04
    7              112.46
    8              174.83

 Project out translational and rotational motions 

 Degrees of freedom for translational and rotational motions: 6

 Vibrational frequencies:
 mode    frequency (cm-1)
    0               25.67 i (imaginary)
    1              112.46
    2              174.83

 --------------------------------------------------------------------------------

 End time:                               Fri Oct 22 17:25:04 2021
 Total wall-clock time:                 48.900 seconds
==================================================================================
