
================================================================================
          _____________ ________ _______________ ________     _________         
         / ___________// ______ \\_____   _____// ______ \   / ________)        
        / /_________  / /      \ \     | |     / /      \ \ | (_______          
       |  __________|| |        | |    | |    | |        | | \________ \        
        \ \_________ | |        | |    | |     \ \______/ /___________) |       
         \__________||_|        |_|    |_|      \________//____________/        
                                                                                
====================================[ Qcore ]===================================

 Git describe: 2.3.0
 Compiler:     GNU 9.1.0
 Build type:   Release
 Version:      2.3.0

 Start time:   Fri Oct 22 17:24:14 2021

 Data directory: /work/zw18965/.local/qcore/share/entos/qcore/data
 Number of threads: 24
 Number of threads was determined by: command line argument
  - More threads can be used by running 'qcore -n 32'

 --------------------------------------------------------------------------------
                                command: optimize                                
 --------------------------------------------------------------------------------
 Using coordinate system:                tric

 -----------------------------
  Initial coordinates summary 
 -----------------------------
 Total coordinates:                     12
 Bond distances:                         3
 Bond angles:                            3
 Dihedral angles:                        0
 Linear bond angles:                     0
 Out-of-plane bends:                     0
 Translations:                           3
 Rotations:                              3
 Hessian update scheme:                  bfgs
 Initial hessian:                        model

 ------------------------------------------------------------------------------------------------------------
                   energy      change    grad rms    grad max    step rms    step max       trust    time (s)
 ------------------------------------------------------------------------------------------------------------
   1      -441.113350241                7.75e-03    1.89e-02                            2.00e-01        2.70
   2      -441.115394692   -2.04e-03    4.54e-03    1.11e-02    6.66e-02    1.03e-01    2.00e-01        2.24
   3      -441.116606226   -1.21e-03    1.41e-03    2.93e-03    9.22e-02    1.44e-01    2.00e-01        2.29
   4      -441.116700633   -9.44e-05    7.02e-04    1.18e-03    2.35e-02    4.38e-02    2.00e-01        2.21
   5      -441.116720276   -1.96e-05    1.60e-04    3.35e-04    1.22e-02    2.41e-02    2.00e-01        2.14
   6      -441.116721009   -7.33e-07    3.00e-05    6.36e-05    1.75e-03    3.81e-03    2.00e-01        2.03
   7      -441.116721042   -3.27e-08    3.82e-06    7.08e-06    4.81e-04    9.57e-04    2.00e-01        1.94
 Geometry optimization stopped:          thresholds achieved

 Final energy:                        -441.116721042

 ---------------------------
  Final coordinates summary 
 ---------------------------
 Total coordinates:                     12
 Bond distances:                         3
 Bond angles:                            3
 Dihedral angles:                        0
 Linear bond angles:                     0
 Out-of-plane bends:                     0
 Translations:                           3
 Rotations:                              3

 -----------
  Final XYZ 
 -----------
3
Final structure: -441.117 hartree
Ag          -0.000148269          1.672823265         -0.000000126
Ag           1.297821179         -0.836538162         -0.000000366
Ag          -1.297672910         -0.836286103          0.000000493

 Structure in entos input format:

  structure(
    xyz = [
      ['Ag' ,         -0.000148269,          1.672823265,         -0.000000126],
      ['Ag' ,          1.297821179,         -0.836538162,         -0.000000366],
      ['Ag' ,         -1.297672910,         -0.836286103,          0.000000493]
    ]
  )

 --------------------------------
  Geometry optimization finished 
 --------------------------------
 Saving results in set 'opt'

 --------------------------------------------------------------------------------
                                 command: hessian                                
 --------------------------------------------------------------------------------

WARNING: semianalytic method is specified for dft hessian, which is not efficient. Try switching to 'method = analytic'


 -------------------------------
  Numerical Geometrical Hessian 
 -------------------------------

 Compute hessian using two-point central differentiation.
 Step size (bohr):                       0.0100

 Frequencies (including translational and rotational modes):
 mode    frequency (cm-1)
    0               83.76 i (imaginary)
    1               15.30 i (imaginary)
    2                1.64 i (imaginary)
    3                0.39 i (imaginary)
    4                0.06
    5                0.20
    6                9.65
    7              109.21
    8              182.99

 Project out translational and rotational motions 

 Degrees of freedom for translational and rotational motions: 6

 Vibrational frequencies:
 mode    frequency (cm-1)
    0               83.75 i (imaginary)
    1              109.21
    2              182.99

 --------------------------------------------------------------------------------

 End time:                               Fri Oct 22 17:25:11 2021
 Total wall-clock time:                 56.981 seconds
==================================================================================
