
================================================================================
          _____________ ________ _______________ ________     _________         
         / ___________// ______ \\_____   _____// ______ \   / ________)        
        / /_________  / /      \ \     | |     / /      \ \ | (_______          
       |  __________|| |        | |    | |    | |        | | \________ \        
        \ \_________ | |        | |    | |     \ \______/ /___________) |       
         \__________||_|        |_|    |_|      \________//____________/        
                                                                                
====================================[ Qcore ]===================================

 Git describe: 2.3.0
 Compiler:     GNU 9.1.0
 Build type:   Release
 Version:      2.3.0

 Start time:   Fri Oct 22 17:24:20 2021

 Data directory: /work/zw18965/.local/qcore/share/entos/qcore/data
 Number of threads: 24
 Number of threads was determined by: command line argument
  - More threads can be used by running 'qcore -n 32'

 --------------------------------------------------------------------------------
                                command: optimize                                
 --------------------------------------------------------------------------------
 Using coordinate system:                tric

 -----------------------------
  Initial coordinates summary 
 -----------------------------
 Total coordinates:                      7
 Bond distances:                         1
 Bond angles:                            0
 Dihedral angles:                        0
 Linear bond angles:                     0
 Out-of-plane bends:                     0
 Translations:                           6
 Rotations:                              0
 Hessian update scheme:                  bfgs
 Initial hessian:                        model

 ------------------------------------------------------------------------------------------------------------
                   energy      change    grad rms    grad max    step rms    step max       trust    time (s)
 ------------------------------------------------------------------------------------------------------------
   1      -136.357922557                4.17e-03    7.23e-03                            2.00e-01        0.96
   2      -136.358048767   -1.26e-04    6.94e-04    1.20e-03    1.51e-02    3.02e-02    2.00e-01        0.55
   3      -136.358052563   -3.80e-06    3.21e-05    5.55e-05    3.02e-03    6.03e-03    2.00e-01        0.56
   4      -136.358052561    2.13e-09    2.27e-08    3.77e-08    1.46e-04    2.92e-04    7.30e-05        0.53
 Geometry optimization stopped:          thresholds achieved

 Final energy:                        -136.358052561

 ---------------------------
  Final coordinates summary 
 ---------------------------
 Total coordinates:                      7
 Bond distances:                         1
 Bond angles:                            0
 Dihedral angles:                        0
 Linear bond angles:                     0
 Out-of-plane bends:                     0
 Translations:                           6
 Rotations:                              0

 -----------
  Final XYZ 
 -----------
2
Final structure: -136.358 hartree
Au           0.000000032          0.000000250          0.028702114
H           -0.000000032         -0.000000250         -1.513359114

 Structure in entos input format:

  structure(
    xyz = [
      ['Au' ,          0.000000032,          0.000000250,          0.028702114],
      ['H'  ,         -0.000000032,         -0.000000250,         -1.513359114]
    ]
  )

 --------------------------------
  Geometry optimization finished 
 --------------------------------
 Saving results in set 'opt'

 --------------------------------------------------------------------------------
                                 command: hessian                                
 --------------------------------------------------------------------------------

WARNING: semianalytic method is specified for dft hessian, which is not efficient. Try switching to 'method = analytic'


 -------------------------------
  Numerical Geometrical Hessian 
 -------------------------------

 Compute hessian using two-point central differentiation.
 Step size (bohr):                       0.0100

 Frequencies (including translational and rotational modes):
 mode    frequency (cm-1)
    0                0.00 i (imaginary)
    1                0.00 i (imaginary)
    2                0.00 i (imaginary)
    3              181.76
    4              181.81
    5             2229.40

 Project out translational and rotational motions 

 The molecule is linear

 Degrees of freedom for translational and rotational motions: 5

 Vibrational frequencies:
 mode    frequency (cm-1)
    0             2229.40

 --------------------------------------------------------------------------------

 End time:                               Fri Oct 22 17:24:30 2021
 Total wall-clock time:                 10.117 seconds
==================================================================================
