
================================================================================
          _____________ ________ _______________ ________     _________         
         / ___________// ______ \\_____   _____// ______ \   / ________)        
        / /_________  / /      \ \     | |     / /      \ \ | (_______          
       |  __________|| |        | |    | |    | |        | | \________ \        
        \ \_________ | |        | |    | |     \ \______/ /___________) |       
         \__________||_|        |_|    |_|      \________//____________/        
                                                                                
====================================[ Qcore ]===================================

 Git describe: 2.3.0
 Compiler:     GNU 9.1.0
 Build type:   Release
 Version:      2.3.0

 Start time:   Fri Oct 22 17:24:18 2021

 Data directory: /work/zw18965/.local/qcore/share/entos/qcore/data
 Number of threads: 24
 Number of threads was determined by: command line argument

 --------------------------------------------------------------------------------
                                command: optimize                                
 --------------------------------------------------------------------------------
 Using coordinate system:                tric

 -----------------------------
  Initial coordinates summary 
 -----------------------------
 Total coordinates:                      7
 Bond distances:                         1
 Bond angles:                            0
 Dihedral angles:                        0
 Linear bond angles:                     0
 Out-of-plane bends:                     0
 Translations:                           6
 Rotations:                              0
 Hessian update scheme:                  bfgs
 Initial hessian:                        model

 ------------------------------------------------------------------------------------------------------------
                   energy      change    grad rms    grad max    step rms    step max       trust    time (s)
 ------------------------------------------------------------------------------------------------------------
   1      -235.600158629                4.46e-03    7.72e-03                            2.00e-01        1.10
   2      -235.600289027   -1.30e-04    1.55e-03    2.69e-03    1.26e-02    2.52e-02    2.00e-01        0.68
   3      -235.600308375   -1.93e-05    1.15e-04    2.00e-04    6.71e-03    1.34e-02    2.00e-01        0.67
   4      -235.600308589   -2.14e-07    1.48e-06    2.56e-06    5.39e-04    1.08e-03    2.00e-01        0.63
 Geometry optimization stopped:          thresholds achieved

 Final energy:                        -235.600308589

 ---------------------------
  Final coordinates summary 
 ---------------------------
 Total coordinates:                      7
 Bond distances:                         1
 Bond angles:                            0
 Dihedral angles:                        0
 Linear bond angles:                     0
 Out-of-plane bends:                     0
 Translations:                           6
 Rotations:                              0

 -----------
  Final XYZ 
 -----------
2
Final structure: -235.6 hartree
Au           0.000000750         -0.000000684          0.207345246
F           -0.000000750          0.000000684         -1.738423246

 Structure in entos input format:

  structure(
    xyz = [
      ['Au' ,          0.000000750,         -0.000000684,          0.207345246],
      ['F'  ,         -0.000000750,          0.000000684,         -1.738423246]
    ]
  )

 --------------------------------
  Geometry optimization finished 
 --------------------------------
 Saving results in set 'opt'

 --------------------------------------------------------------------------------
                                 command: hessian                                
 --------------------------------------------------------------------------------

WARNING: semianalytic method is specified for dft hessian, which is not efficient. Try switching to 'method = analytic'


 -------------------------------
  Numerical Geometrical Hessian 
 -------------------------------

 Compute hessian using two-point central differentiation.
 Step size (bohr):                       0.0100

 Frequencies (including translational and rotational modes):
 mode    frequency (cm-1)
    0                0.04 i (imaginary)
    1                0.01 i (imaginary)
    2                0.00 i (imaginary)
    3               54.59
    4               54.83
    5              524.31

 Project out translational and rotational motions 

 The molecule is linear

 Degrees of freedom for translational and rotational motions: 5

 Vibrational frequencies:
 mode    frequency (cm-1)
    0              524.31

 --------------------------------------------------------------------------------

 End time:                               Fri Oct 22 17:24:30 2021
 Total wall-clock time:                 12.115 seconds
==================================================================================
