
================================================================================
          _____________ ________ _______________ ________     _________         
         / ___________// ______ \\_____   _____// ______ \   / ________)        
        / /_________  / /      \ \     | |     / /      \ \ | (_______          
       |  __________|| |        | |    | |    | |        | | \________ \        
        \ \_________ | |        | |    | |     \ \______/ /___________) |       
         \__________||_|        |_|    |_|      \________//____________/        
                                                                                
====================================[ Qcore ]===================================

 Git describe: 2.3.0
 Compiler:     GNU 9.1.0
 Build type:   Release
 Version:      2.3.0

 Start time:   Fri Oct 22 17:24:24 2021

 Data directory: /work/zw18965/.local/qcore/share/entos/qcore/data
 Number of threads: 24
 Number of threads was determined by: command line argument

 --------------------------------------------------------------------------------
                                command: optimize                                
 --------------------------------------------------------------------------------
 Using coordinate system:                tric

 -----------------------------
  Initial coordinates summary 
 -----------------------------
 Total coordinates:                      7
 Bond distances:                         1
 Bond angles:                            0
 Dihedral angles:                        0
 Linear bond angles:                     0
 Out-of-plane bends:                     0
 Translations:                           6
 Rotations:                              0
 Hessian update scheme:                  bfgs
 Initial hessian:                        model

 ------------------------------------------------------------------------------------------------------------
                   energy      change    grad rms    grad max    step rms    step max       trust    time (s)
 ------------------------------------------------------------------------------------------------------------
   1      -271.563043831                7.23e-03    1.25e-02                            2.00e-01        1.40
   2      -271.563606957   -5.63e-04    4.33e-04    7.50e-04    5.01e-02    1.00e-01    2.00e-01        1.07
   3      -271.563609186   -2.23e-06    5.25e-05    9.09e-05    2.83e-03    5.66e-03    2.00e-01        1.02
   4      -271.563609221   -3.47e-08    4.94e-07    8.54e-07    3.90e-04    7.81e-04    2.00e-01        0.98
 Geometry optimization stopped:          thresholds achieved

 Final energy:                        -271.563609221

 ---------------------------
  Final coordinates summary 
 ---------------------------
 Total coordinates:                      7
 Bond distances:                         1
 Bond angles:                            0
 Dihedral angles:                        0
 Linear bond angles:                     0
 Out-of-plane bends:                     0
 Translations:                           6
 Rotations:                              0

 -----------
  Final XYZ 
 -----------
2
Final structure: -271.564 hartree
Au          -0.000001518         -0.000001518          1.264341610
Au           0.000001518          0.000001518         -1.264341610

 Structure in entos input format:

  structure(
    xyz = [
      ['Au' ,         -0.000001518,         -0.000001518,          1.264341610],
      ['Au' ,          0.000001518,          0.000001518,         -1.264341610]
    ]
  )

 --------------------------------
  Geometry optimization finished 
 --------------------------------
 Saving results in set 'opt'

 --------------------------------------------------------------------------------
                                 command: hessian                                
 --------------------------------------------------------------------------------

WARNING: semianalytic method is specified for dft hessian, which is not efficient. Try switching to 'method = analytic'


 -------------------------------
  Numerical Geometrical Hessian 
 -------------------------------

 Compute hessian using two-point central differentiation.
 Step size (bohr):                       0.0100

 Frequencies (including translational and rotational modes):
 mode    frequency (cm-1)
    0               20.65 i (imaginary)
    1               20.64 i (imaginary)
    2                0.00 i (imaginary)
    3                0.00
    4                0.01
    5              177.60

 Project out translational and rotational motions 

 The molecule is linear

 Degrees of freedom for translational and rotational motions: 5

 Vibrational frequencies:
 mode    frequency (cm-1)
    0              177.60

 --------------------------------------------------------------------------------

 End time:                               Fri Oct 22 17:24:42 2021
 Total wall-clock time:                 18.044 seconds
==================================================================================
