
================================================================================
          _____________ ________ _______________ ________     _________         
         / ___________// ______ \\_____   _____// ______ \   / ________)        
        / /_________  / /      \ \     | |     / /      \ \ | (_______          
       |  __________|| |        | |    | |    | |        | | \________ \        
        \ \_________ | |        | |    | |     \ \______/ /___________) |       
         \__________||_|        |_|    |_|      \________//____________/        
                                                                                
====================================[ Qcore ]===================================

 Git describe: 2.3.0
 Compiler:     GNU 9.1.0
 Build type:   Release
 Version:      2.3.0

 Start time:   Fri Oct 22 17:24:31 2021

 Data directory: /work/zw18965/.local/qcore/share/entos/qcore/data
 Number of threads: 24
 Number of threads was determined by: command line argument
  - More threads can be used by running 'qcore -n 32'

 --------------------------------------------------------------------------------
                                command: optimize                                
 --------------------------------------------------------------------------------
 Using coordinate system:                tric

 -----------------------------
  Initial coordinates summary 
 -----------------------------
 Total coordinates:                     12
 Bond distances:                         3
 Bond angles:                            3
 Dihedral angles:                        0
 Linear bond angles:                     0
 Out-of-plane bends:                     0
 Translations:                           3
 Rotations:                              3
 Hessian update scheme:                  bfgs
 Initial hessian:                        model

 ------------------------------------------------------------------------------------------------------------
                   energy      change    grad rms    grad max    step rms    step max       trust    time (s)
 ------------------------------------------------------------------------------------------------------------
   1      -407.336719607                1.07e-02    2.60e-02                            2.00e-01        3.48
   2      -407.339863173   -3.14e-03    4.41e-03    1.08e-02    8.44e-02    1.43e-01    2.00e-01        2.73
   3      -407.340749347   -8.86e-04    1.35e-03    3.05e-03    6.60e-02    1.04e-01    2.00e-01        2.63
   4      -407.340825020   -7.57e-05    3.70e-04    6.40e-04    2.02e-02    3.73e-02    2.00e-01        2.55
   5      -407.340829245   -4.22e-06    2.95e-05    5.68e-05    4.85e-03    9.65e-03    2.00e-01        2.51
   6      -407.340829223    2.15e-08    5.31e-06    9.26e-06    3.20e-04    6.94e-04    1.60e-04        2.33
 Geometry optimization stopped:          thresholds achieved

 Final energy:                        -407.340829223

 ---------------------------
  Final coordinates summary 
 ---------------------------
 Total coordinates:                     12
 Bond distances:                         3
 Bond angles:                            3
 Dihedral angles:                        0
 Linear bond angles:                     0
 Out-of-plane bends:                     0
 Translations:                           3
 Rotations:                              3

 -----------
  Final XYZ 
 -----------
3
Final structure: -407.341 hartree
Au           0.000433599          1.642409284          0.000000323
Au           1.287108219         -0.820915549         -0.000002778
Au          -1.287541818         -0.821493736          0.000002455

 Structure in entos input format:

  structure(
    xyz = [
      ['Au' ,          0.000433599,          1.642409284,          0.000000323],
      ['Au' ,          1.287108219,         -0.820915549,         -0.000002778],
      ['Au' ,         -1.287541818,         -0.821493736,          0.000002455]
    ]
  )

 --------------------------------
  Geometry optimization finished 
 --------------------------------
 Saving results in set 'opt'

 --------------------------------------------------------------------------------
                                 command: hessian                                
 --------------------------------------------------------------------------------

WARNING: semianalytic method is specified for dft hessian, which is not efficient. Try switching to 'method = analytic'


 -------------------------------
  Numerical Geometrical Hessian 
 -------------------------------

 Compute hessian using two-point central differentiation.
 Step size (bohr):                       0.0100

 Frequencies (including translational and rotational modes):
 mode    frequency (cm-1)
    0               50.53 i (imaginary)
    1                8.19 i (imaginary)
    2                4.99 i (imaginary)
    3                0.03 i (imaginary)
    4                0.13
    5                0.44
    6                9.24
    7               98.69
    8              168.35

 Project out translational and rotational motions 

 Degrees of freedom for translational and rotational motions: 6

 Vibrational frequencies:
 mode    frequency (cm-1)
    0               50.42 i (imaginary)
    1               98.69
    2              168.35

 --------------------------------------------------------------------------------

 End time:                               Fri Oct 22 17:25:36 2021
 Total wall-clock time:                 65.746 seconds
==================================================================================
