
================================================================================
          _____________ ________ _______________ ________     _________         
         / ___________// ______ \\_____   _____// ______ \   / ________)        
        / /_________  / /      \ \     | |     / /      \ \ | (_______          
       |  __________|| |        | |    | |    | |        | | \________ \        
        \ \_________ | |        | |    | |     \ \______/ /___________) |       
         \__________||_|        |_|    |_|      \________//____________/        
                                                                                
====================================[ Qcore ]===================================

 Git describe: 2.3.0
 Compiler:     GNU 9.1.0
 Build type:   Release
 Version:      2.3.0

 Start time:   Fri Oct 22 17:24:24 2021

 Data directory: /work/zw18965/.local/qcore/share/entos/qcore/data
 Number of threads: 24
 Number of threads was determined by: command line argument
  - More threads can be used by running 'qcore -n 32'

 --------------------------------------------------------------------------------
                                command: optimize                                
 --------------------------------------------------------------------------------
 Using coordinate system:                tric

 -----------------------------
  Initial coordinates summary 
 -----------------------------
 Total coordinates:                     12
 Bond distances:                         3
 Bond angles:                            3
 Dihedral angles:                        0
 Linear bond angles:                     0
 Out-of-plane bends:                     0
 Translations:                           3
 Rotations:                              3
 Hessian update scheme:                  bfgs
 Initial hessian:                        model

 ------------------------------------------------------------------------------------------------------------
                   energy      change    grad rms    grad max    step rms    step max       trust    time (s)
 ------------------------------------------------------------------------------------------------------------
   1      -407.100519315                7.92e-03    1.37e-02                            2.00e-01        2.58
   2      -407.101605722   -1.09e-03    1.47e-03    2.58e-03    4.57e-02    7.93e-02    2.00e-01        2.29
   3      -407.101649988   -4.43e-05    1.58e-04    3.15e-04    1.04e-02    1.82e-02    2.00e-01        2.25
   4      -407.101650832   -8.44e-07    1.32e-05    2.60e-05    1.28e-03    2.42e-03    2.00e-01        2.21
   5      -407.101651208   -3.76e-07    4.80e-06    8.00e-06    1.46e-04    1.94e-04    2.00e-01        2.13
 Geometry optimization stopped:          thresholds achieved

 Final energy:                        -407.101651208

 ---------------------------
  Final coordinates summary 
 ---------------------------
 Total coordinates:                     12
 Bond distances:                         3
 Bond angles:                            3
 Dihedral angles:                        0
 Linear bond angles:                     0
 Out-of-plane bends:                     0
 Translations:                           3
 Rotations:                              3

 -----------
  Final XYZ 
 -----------
3
Final structure: -407.102 hartree
Au          -0.000087520          1.532180563          0.000002486
Au           1.326241841         -0.766013750         -0.000004031
Au          -1.326154321         -0.766166813          0.000001545

 Structure in entos input format:

  structure(
    xyz = [
      ['Au' ,         -0.000087520,          1.532180563,          0.000002486],
      ['Au' ,          1.326241841,         -0.766013750,         -0.000004031],
      ['Au' ,         -1.326154321,         -0.766166813,          0.000001545]
    ]
  )

 --------------------------------
  Geometry optimization finished 
 --------------------------------
 Saving results in set 'opt'

 --------------------------------------------------------------------------------
                                 command: hessian                                
 --------------------------------------------------------------------------------

WARNING: semianalytic method is specified for dft hessian, which is not efficient. Try switching to 'method = analytic'


 -------------------------------
  Numerical Geometrical Hessian 
 -------------------------------

 Compute hessian using two-point central differentiation.
 Step size (bohr):                       0.0100

 Frequencies (including translational and rotational modes):
 mode    frequency (cm-1)
    0               11.14 i (imaginary)
    1                8.03 i (imaginary)
    2                0.02 i (imaginary)
    3                0.00 i (imaginary)
    4                0.04
    5               13.11
    6              108.46
    7              108.69
    8              169.03

 Project out translational and rotational motions 

 Degrees of freedom for translational and rotational motions: 6

 Vibrational frequencies:
 mode    frequency (cm-1)
    0              108.46
    1              108.69
    2              169.03

 --------------------------------------------------------------------------------

 End time:                               Fri Oct 22 17:25:18 2021
 Total wall-clock time:                 54.575 seconds
==================================================================================
