
================================================================================
          _____________ ________ _______________ ________     _________         
         / ___________// ______ \\_____   _____// ______ \   / ________)        
        / /_________  / /      \ \     | |     / /      \ \ | (_______          
       |  __________|| |        | |    | |    | |        | | \________ \        
        \ \_________ | |        | |    | |     \ \______/ /___________) |       
         \__________||_|        |_|    |_|      \________//____________/        
                                                                                
====================================[ Qcore ]===================================

 Git describe: 2.3.0
 Compiler:     GNU 9.1.0
 Build type:   Release
 Version:      2.3.0

 Start time:   Fri Oct 22 17:24:28 2021

 Data directory: /work/zw18965/.local/qcore/share/entos/qcore/data
 Number of threads: 24
 Number of threads was determined by: command line argument
  - More threads can be used by running 'qcore -n 32'

 --------------------------------------------------------------------------------
                                command: optimize                                
 --------------------------------------------------------------------------------
 Using coordinate system:                tric

 -----------------------------
  Initial coordinates summary 
 -----------------------------
 Total coordinates:                     13
 Bond distances:                         2
 Bond angles:                            0
 Dihedral angles:                        0
 Linear bond angles:                     2
 Out-of-plane bends:                     0
 Translations:                           9
 Rotations:                              0
 Hessian update scheme:                  bfgs
 Initial hessian:                        model

 ------------------------------------------------------------------------------------------------------------
                   energy      change    grad rms    grad max    step rms    step max       trust    time (s)
 ------------------------------------------------------------------------------------------------------------
   1      -407.026402658                3.52e-03    7.48e-03                            2.00e-01        2.41
   2      -407.026925525   -5.23e-04    1.46e-03    3.10e-03    4.07e-02    4.98e-02    2.00e-01        2.04
Failed to converge
Failed to converge
Failed to converge
Failed to converge
Failed to converge
Failed to converge
Failed to converge
Failed to converge
Failed to converge
Failed to converge
   3      -407.027044681   -1.19e-04    1.48e-04    3.14e-04    2.88e-02    3.53e-02    2.00e-01        2.02
Failed to converge
Failed to converge
Failed to converge
Failed to converge
Failed to converge
Failed to converge
Failed to converge
Failed to converge
Failed to converge
Failed to converge
Failed to converge
Failed to converge
Rejecting step due to low quality: Quality: -1.78671 New trust radius: 0.00162017
   4      -407.027042460    2.22e-06    1.48e-04    3.14e-04    3.24e-03    3.98e-03    1.62e-03        2.08
Failed to converge
Failed to converge
Failed to converge
Failed to converge
Failed to converge
Failed to converge
Failed to converge
Failed to converge
Failed to converge
Failed to converge
Failed to converge
Failed to converge
   5      -407.027045578   -8.97e-07    7.83e-05    1.67e-04    1.62e-03    1.99e-03    2.29e-03        1.94
   6      -407.027043611    1.97e-06    2.90e-06    7.03e-06    1.83e-03    2.25e-03    9.14e-04        1.90
   7      -407.027046119   -2.51e-06    2.23e-06    5.37e-06    1.72e-05    3.97e-05    9.14e-04        1.87
   8      -407.027046062    5.73e-08    9.93e-07    2.28e-06    8.07e-06    1.67e-05    4.04e-06        1.83
 Geometry optimization stopped:          thresholds achieved

 Final energy:                        -407.027046062

 ---------------------------
  Final coordinates summary 
 ---------------------------
 Total coordinates:                     13
 Bond distances:                         2
 Bond angles:                            0
 Dihedral angles:                        0
 Linear bond angles:                     2
 Out-of-plane bends:                     0
 Translations:                           9
 Rotations:                              0

 -----------
  Final XYZ 
 -----------
3
Final structure: -407.027 hartree
Au           0.000012705          0.000011050         -0.000007550
Au          -0.000005061         -0.000005700          2.624170119
Au          -0.000007644         -0.000005350         -2.624162569

 Structure in entos input format:

  structure(
    xyz = [
      ['Au' ,          0.000012705,          0.000011050,         -0.000007550],
      ['Au' ,         -0.000005061,         -0.000005700,          2.624170119],
      ['Au' ,         -0.000007644,         -0.000005350,         -2.624162569]
    ]
  )

 --------------------------------
  Geometry optimization finished 
 --------------------------------
 Saving results in set 'opt'

 --------------------------------------------------------------------------------
                                 command: hessian                                
 --------------------------------------------------------------------------------

WARNING: semianalytic method is specified for dft hessian, which is not efficient. Try switching to 'method = analytic'


 -------------------------------
  Numerical Geometrical Hessian 
 -------------------------------

 Compute hessian using two-point central differentiation.
 Step size (bohr):                       0.0100

 Frequencies (including translational and rotational modes):
 mode    frequency (cm-1)
    0               67.98 i (imaginary)
    1               67.98 i (imaginary)
    2                9.23 i (imaginary)
    3                9.19 i (imaginary)
    4                0.01 i (imaginary)
    5                0.02
    6                0.03
    7               99.41
    8              162.35

 Project out translational and rotational motions 

 Degrees of freedom for translational and rotational motions: 6

 Vibrational frequencies:
 mode    frequency (cm-1)
    0               67.98 i (imaginary)
    1               99.41
    2              162.35

 --------------------------------------------------------------------------------

 End time:                               Fri Oct 22 17:25:23 2021
 Total wall-clock time:                 55.203 seconds
==================================================================================
