
================================================================================
          _____________ ________ _______________ ________     _________         
         / ___________// ______ \\_____   _____// ______ \   / ________)        
        / /_________  / /      \ \     | |     / /      \ \ | (_______          
       |  __________|| |        | |    | |    | |        | | \________ \        
        \ \_________ | |        | |    | |     \ \______/ /___________) |       
         \__________||_|        |_|    |_|      \________//____________/        
                                                                                
====================================[ Qcore ]===================================

 Git describe: 2.3.0
 Compiler:     GNU 9.1.0
 Build type:   Release
 Version:      2.3.0

 Start time:   Fri Oct 22 17:24:33 2021

 Data directory: /work/zw18965/.local/qcore/share/entos/qcore/data
 Number of threads: 24
 Number of threads was determined by: command line argument
  - More threads can be used by running 'qcore -n 32'

 --------------------------------------------------------------------------------
                                command: optimize                                
 --------------------------------------------------------------------------------
 Using coordinate system:                tric

 -----------------------------
  Initial coordinates summary 
 -----------------------------
 Total coordinates:                     13
 Bond distances:                         2
 Bond angles:                            0
 Dihedral angles:                        0
 Linear bond angles:                     2
 Out-of-plane bends:                     0
 Translations:                           9
 Rotations:                              0
 Hessian update scheme:                  bfgs
 Initial hessian:                        model

 ------------------------------------------------------------------------------------------------------------
                   energy      change    grad rms    grad max    step rms    step max       trust    time (s)
 ------------------------------------------------------------------------------------------------------------
   1      -407.338227901                4.48e-03    9.50e-03                            2.00e-01        3.00
   2      -407.339025641   -7.98e-04    1.52e-03    3.23e-03    5.17e-02    6.34e-02    2.00e-01        2.54
Failed to converge
Failed to converge
Failed to converge
Failed to converge
Failed to converge
Failed to converge
Failed to converge
   3      -407.339144388   -1.19e-04    1.40e-04    3.09e-04    2.66e-02    3.25e-02    2.00e-01        2.48
Rejecting step due to low quality: Quality: -4.32761 New trust radius: 0.00134483
   4      -407.339140158    4.23e-06    1.40e-04    3.09e-04    2.69e-03    3.41e-03    1.34e-03        2.37
   5      -407.339139844    4.54e-06    7.36e-05    1.60e-04    1.34e-03    1.71e-03    6.72e-04        2.31
Failed to converge
Failed to converge
Failed to converge
Failed to converge
Failed to converge
Failed to converge
Failed to converge
Failed to converge
Failed to converge
Failed to converge
   6      -407.339140109   -2.65e-07    3.98e-05    8.47e-05    6.72e-04    8.76e-04    9.51e-04        2.18
 Geometry optimization stopped:          thresholds achieved

 Final energy:                        -407.339140109

 ---------------------------
  Final coordinates summary 
 ---------------------------
 Total coordinates:                     13
 Bond distances:                         2
 Bond angles:                            0
 Dihedral angles:                        0
 Linear bond angles:                     2
 Out-of-plane bends:                     0
 Translations:                           9
 Rotations:                              0

 -----------
  Final XYZ 
 -----------
3
Final structure: -407.339 hartree
Au          -0.000002930         -0.000002571          0.000003523
Au           0.000000719          0.000001621          2.599463468
Au           0.000002210          0.000000950         -2.599466992

 Structure in entos input format:

  structure(
    xyz = [
      ['Au' ,         -0.000002930,         -0.000002571,          0.000003523],
      ['Au' ,          0.000000719,          0.000001621,          2.599463468],
      ['Au' ,          0.000002210,          0.000000950,         -2.599466992]
    ]
  )

 --------------------------------
  Geometry optimization finished 
 --------------------------------
 Saving results in set 'opt'

 --------------------------------------------------------------------------------
                                 command: hessian                                
 --------------------------------------------------------------------------------

WARNING: semianalytic method is specified for dft hessian, which is not efficient. Try switching to 'method = analytic'

Failed to converge
Failed to converge
Failed to converge
Failed to converge
Failed to converge
Failed to converge
Failed to converge
Failed to converge
Failed to converge
Failed to converge

 -------------------------------
  Numerical Geometrical Hessian 
 -------------------------------

 Compute hessian using two-point central differentiation.
 Step size (bohr):                       0.0100

 Frequencies (including translational and rotational modes):
 mode    frequency (cm-1)
    0               34.88 i (imaginary)
    1               34.79 i (imaginary)
    2                9.84 i (imaginary)
    3                9.70 i (imaginary)
    4                0.01
    5                0.04
    6                0.05
    7              107.50
    8              156.75

 Project out translational and rotational motions 

 Degrees of freedom for translational and rotational motions: 6

 Vibrational frequencies:
 mode    frequency (cm-1)
    0               34.79 i (imaginary)
    1              107.50
    2              156.75

 --------------------------------------------------------------------------------

 End time:                               Fri Oct 22 17:25:36 2021
 Total wall-clock time:                 63.068 seconds
==================================================================================
