
================================================================================
          _____________ ________ _______________ ________     _________         
         / ___________// ______ \\_____   _____// ______ \   / ________)        
        / /_________  / /      \ \     | |     / /      \ \ | (_______          
       |  __________|| |        | |    | |    | |        | | \________ \        
        \ \_________ | |        | |    | |     \ \______/ /___________) |       
         \__________||_|        |_|    |_|      \________//____________/        
                                                                                
====================================[ Qcore ]===================================

 Git describe: 2.3.0-3-g778a55bfd
 Compiler:     GNU 9.3.0
 Build type:   Release
 Version:      2.3.0-3-g778a55bfd

 Start time:   Tue Nov  2 10:13:08 2021

 Data directory: /mnt/storage/home/zw18965/.local/qcore/share/entos/qcore/data
 Number of threads: 28
 Number of threads was determined by: command line argument

 --------------------------------------------------------------------------------
                                command: optimize                                
 --------------------------------------------------------------------------------
 Using coordinate system:                tric

 -----------------------------
  Initial coordinates summary 
 -----------------------------
 Total coordinates:                      7
 Bond distances:                         1
 Bond angles:                            0
 Dihedral angles:                        0
 Linear bond angles:                     0
 Out-of-plane bends:                     0
 Translations:                           6
 Rotations:                              0
 Hessian update scheme:                  bfgs
 Initial hessian:                        model

 ------------------------------------------------------------------------------------------------------------
                   energy      change    grad rms    grad max    step rms    step max       trust    time (s)
 ------------------------------------------------------------------------------------------------------------
   1     -1641.137470061                3.92e-03    6.78e-03                            2.00e-01       29.73
   2     -1641.137582335   -1.12e-04    2.00e-03    3.47e-03    1.10e-02    2.19e-02    2.00e-01       13.26
   3     -1641.137623688   -4.14e-05    1.07e-04    1.85e-04    1.15e-02    2.29e-02    2.00e-01       30.00
   4     -1641.137623942   -2.53e-07    2.99e-06    5.18e-06    6.45e-04    1.29e-03    2.00e-01       16.22
   5     -1641.137623942   -3.10e-10    6.42e-08    9.58e-08    1.86e-05    3.72e-05    2.00e-01       14.35
 Geometry optimization stopped:          thresholds achieved

 Final energy:                       -1641.137623942

 ---------------------------
  Final coordinates summary 
 ---------------------------
 Total coordinates:                      7
 Bond distances:                         1
 Bond angles:                            0
 Dihedral angles:                        0
 Linear bond angles:                     0
 Out-of-plane bends:                     0
 Translations:                           6
 Rotations:                              0

 -----------
  Final XYZ 
 -----------
2
Final structure: -1641.14 hartree
Cu           0.000003050          0.000001255          0.060732947
H           -0.000003050         -0.000001255         -1.419089948

 Structure in entos input format:

  structure(
    xyz = [
      ['Cu' ,          0.000003050,          0.000001255,          0.060732947],
      ['H'  ,         -0.000003050,         -0.000001255,         -1.419089948]
    ]
  )

 --------------------------------
  Geometry optimization finished 
 --------------------------------
 Saving results in set 'opt'

 --------------------------------------------------------------------------------
                                 command: hessian                                
 --------------------------------------------------------------------------------

WARNING: semianalytic method is specified for dft hessian, which is not efficient. Try switching to 'method = analytic'


 -------------------------------
  Numerical Geometrical Hessian 
 -------------------------------

 Compute hessian using two-point central differentiation.
 Step size (bohr):                       0.0100

 Frequencies (including translational and rotational modes):
 mode    frequency (cm-1)
    0                0.06 i (imaginary)
    1                0.00
    2                0.01
    3               96.10
    4               96.55
    5             1922.04

 Project out translational and rotational motions 

 The molecule is linear

 Degrees of freedom for translational and rotational motions: 5

 Vibrational frequencies:
 mode    frequency (cm-1)
    0             1922.04

 --------------------------------------------------------------------------------

 End time:                               Tue Nov  2 10:20:03 2021
 Total wall-clock time:                414.413 seconds
==================================================================================
