
================================================================================
          _____________ ________ _______________ ________     _________         
         / ___________// ______ \\_____   _____// ______ \   / ________)        
        / /_________  / /      \ \     | |     / /      \ \ | (_______          
       |  __________|| |        | |    | |    | |        | | \________ \        
        \ \_________ | |        | |    | |     \ \______/ /___________) |       
         \__________||_|        |_|    |_|      \________//____________/        
                                                                                
====================================[ Qcore ]===================================

 Git describe: 2.3.0
 Compiler:     GNU 9.1.0
 Build type:   Release
 Version:      2.3.0

 Start time:   Fri Oct 22 17:24:33 2021

 Data directory: /work/zw18965/.local/qcore/share/entos/qcore/data
 Number of threads: 24
 Number of threads was determined by: command line argument

 --------------------------------------------------------------------------------
                                command: optimize                                
 --------------------------------------------------------------------------------
 Using coordinate system:                tric

 -----------------------------
  Initial coordinates summary 
 -----------------------------
 Total coordinates:                      7
 Bond distances:                         1
 Bond angles:                            0
 Dihedral angles:                        0
 Linear bond angles:                     0
 Out-of-plane bends:                     0
 Translations:                           6
 Rotations:                              0
 Hessian update scheme:                  bfgs
 Initial hessian:                        model

 ------------------------------------------------------------------------------------------------------------
                   energy      change    grad rms    grad max    step rms    step max       trust    time (s)
 ------------------------------------------------------------------------------------------------------------
   1     -1740.433785877                5.14e-03    8.90e-03                            2.00e-01        0.99
   2     -1740.433897982   -1.12e-04    3.21e-03    5.57e-03    7.74e-03    1.55e-02    2.00e-01        0.55
   3     -1740.433970974   -7.30e-05    7.12e-05    1.23e-04    1.29e-02    2.59e-02    2.00e-01        0.57
   4     -1740.433971254   -2.79e-07    1.43e-06    2.47e-06    2.93e-04    5.86e-04    2.00e-01        0.51
 Geometry optimization stopped:          thresholds achieved

 Final energy:                       -1740.433971254

 ---------------------------
  Final coordinates summary 
 ---------------------------
 Total coordinates:                      7
 Bond distances:                         1
 Bond angles:                            0
 Dihedral angles:                        0
 Linear bond angles:                     0
 Out-of-plane bends:                     0
 Translations:                           6
 Rotations:                              0

 -----------
  Final XYZ 
 -----------
2
Final structure: -1740.43 hartree
Cu           0.000001765          0.000001081          0.423812003
F           -0.000001765         -0.000001081         -1.340959003

 Structure in entos input format:

  structure(
    xyz = [
      ['Cu' ,          0.000001765,          0.000001081,          0.423812003],
      ['F'  ,         -0.000001765,         -0.000001081,         -1.340959003]
    ]
  )

 --------------------------------
  Geometry optimization finished 
 --------------------------------
 Saving results in set 'opt'

 --------------------------------------------------------------------------------
                                 command: hessian                                
 --------------------------------------------------------------------------------

WARNING: semianalytic method is specified for dft hessian, which is not efficient. Try switching to 'method = analytic'


 -------------------------------
  Numerical Geometrical Hessian 
 -------------------------------

 Compute hessian using two-point central differentiation.
 Step size (bohr):                       0.0100

 Frequencies (including translational and rotational modes):
 mode    frequency (cm-1)
    0               53.64 i (imaginary)
    1               53.63 i (imaginary)
    2                0.00 i (imaginary)
    3                0.01
    4                0.03
    5              610.30

 Project out translational and rotational motions 

 The molecule is linear

 Degrees of freedom for translational and rotational motions: 5

 Vibrational frequencies:
 mode    frequency (cm-1)
    0              610.30

 --------------------------------------------------------------------------------

 End time:                               Fri Oct 22 17:24:43 2021
 Total wall-clock time:                  9.958 seconds
==================================================================================
