
================================================================================
          _____________ ________ _______________ ________     _________         
         / ___________// ______ \\_____   _____// ______ \   / ________)        
        / /_________  / /      \ \     | |     / /      \ \ | (_______          
       |  __________|| |        | |    | |    | |        | | \________ \        
        \ \_________ | |        | |    | |     \ \______/ /___________) |       
         \__________||_|        |_|    |_|      \________//____________/        
                                                                                
====================================[ Qcore ]===================================

 Git describe: 2.3.0
 Compiler:     GNU 9.1.0
 Build type:   Release
 Version:      2.3.0

 Start time:   Fri Oct 22 17:24:45 2021

 Data directory: /work/zw18965/.local/qcore/share/entos/qcore/data
 Number of threads: 24
 Number of threads was determined by: command line argument

 --------------------------------------------------------------------------------
                                command: optimize                                
 --------------------------------------------------------------------------------
 Using coordinate system:                tric

 -----------------------------
  Initial coordinates summary 
 -----------------------------
 Total coordinates:                      7
 Bond distances:                         1
 Bond angles:                            0
 Dihedral angles:                        0
 Linear bond angles:                     0
 Out-of-plane bends:                     0
 Translations:                           6
 Rotations:                              0
 Hessian update scheme:                  bfgs
 Initial hessian:                        model

 ------------------------------------------------------------------------------------------------------------
                   energy      change    grad rms    grad max    step rms    step max       trust    time (s)
 ------------------------------------------------------------------------------------------------------------
   1     -3281.137370088                5.66e-03    9.80e-03                            2.00e-01        1.26
   2     -3281.137853259   -4.83e-04    1.54e-03    2.67e-03    3.92e-02    7.84e-02    2.00e-01        0.98
   3     -3281.137895202   -4.19e-05    1.20e-04    2.08e-04    1.47e-02    2.94e-02    2.00e-01        0.91
   4     -3281.137895468   -2.66e-07    2.99e-06    5.18e-06    1.24e-03    2.49e-03    2.00e-01        0.85
Rejecting step due to low quality: Quality: -596.522 New trust radius: 1.58543e-05
   5     -3281.137895370    9.81e-08    2.99e-06    5.18e-06    3.17e-05    6.34e-05    1.59e-05        0.79
 Geometry optimization stopped:          thresholds achieved

 Final energy:                       -3281.137895370

 ---------------------------
  Final coordinates summary 
 ---------------------------
 Total coordinates:                      7
 Bond distances:                         1
 Bond angles:                            0
 Dihedral angles:                        0
 Linear bond angles:                     0
 Out-of-plane bends:                     0
 Translations:                           6
 Rotations:                              0

 -----------
  Final XYZ 
 -----------
2
Final structure: -3281.14 hartree
Cu          -0.000000234          0.000000720          1.136668595
Cu           0.000000234         -0.000000720         -1.136668593

 Structure in entos input format:

  structure(
    xyz = [
      ['Cu' ,         -0.000000234,          0.000000720,          1.136668595],
      ['Cu' ,          0.000000234,         -0.000000720,         -1.136668593]
    ]
  )

 --------------------------------
  Geometry optimization finished 
 --------------------------------
 Saving results in set 'opt'

 --------------------------------------------------------------------------------
                                 command: hessian                                
 --------------------------------------------------------------------------------

WARNING: semianalytic method is specified for dft hessian, which is not efficient. Try switching to 'method = analytic'


 -------------------------------
  Numerical Geometrical Hessian 
 -------------------------------

 Compute hessian using two-point central differentiation.
 Step size (bohr):                       0.0100

 Frequencies (including translational and rotational modes):
 mode    frequency (cm-1)
    0                8.14 i (imaginary)
    1                8.09 i (imaginary)
    2                0.00 i (imaginary)
    3                0.02
    4                0.05
    5              260.38

 Project out translational and rotational motions 

 The molecule is linear

 Degrees of freedom for translational and rotational motions: 5

 Vibrational frequencies:
 mode    frequency (cm-1)
    0              260.38

 --------------------------------------------------------------------------------

 End time:                               Fri Oct 22 17:25:02 2021
 Total wall-clock time:                 16.293 seconds
==================================================================================
