
================================================================================
          _____________ ________ _______________ ________     _________         
         / ___________// ______ \\_____   _____// ______ \   / ________)        
        / /_________  / /      \ \     | |     / /      \ \ | (_______          
       |  __________|| |        | |    | |    | |        | | \________ \        
        \ \_________ | |        | |    | |     \ \______/ /___________) |       
         \__________||_|        |_|    |_|      \________//____________/        
                                                                                
====================================[ Qcore ]===================================

 Git describe: 2.3.0
 Compiler:     GNU 9.1.0
 Build type:   Release
 Version:      2.3.0

 Start time:   Fri Oct 22 17:24:54 2021

 Data directory: /work/zw18965/.local/qcore/share/entos/qcore/data
 Number of threads: 24
 Number of threads was determined by: command line argument
  - More threads can be used by running 'qcore -n 32'

 --------------------------------------------------------------------------------
                                command: optimize                                
 --------------------------------------------------------------------------------
 Using coordinate system:                tric

 -----------------------------
  Initial coordinates summary 
 -----------------------------
 Total coordinates:                     13
 Bond distances:                         2
 Bond angles:                            0
 Dihedral angles:                        0
 Linear bond angles:                     2
 Out-of-plane bends:                     0
 Translations:                           9
 Rotations:                              0
 Hessian update scheme:                  bfgs
 Initial hessian:                        model

 ------------------------------------------------------------------------------------------------------------
                   energy      change    grad rms    grad max    step rms    step max       trust    time (s)
 ------------------------------------------------------------------------------------------------------------
   1     -4921.439920153                8.01e-04    1.70e-03                            2.00e-01        2.45
   2     -4921.439952009   -3.19e-05    5.34e-04    1.13e-03    9.25e-03    1.13e-02    2.00e-01        2.01
   3     -4921.439979354   -2.73e-05    4.04e-05    8.61e-05    1.85e-02    2.27e-02    2.00e-01        1.91
   4     -4921.439979523   -1.68e-07    2.09e-06    4.59e-06    1.52e-03    1.86e-03    2.00e-01        1.88
   5     -4921.439979703   -1.80e-07    2.27e-07    5.08e-07    8.26e-05    1.03e-04    2.00e-01        1.77
 Geometry optimization stopped:          thresholds achieved

 Final energy:                       -4921.439979703

 ---------------------------
  Final coordinates summary 
 ---------------------------
 Total coordinates:                     13
 Bond distances:                         2
 Bond angles:                            0
 Dihedral angles:                        0
 Linear bond angles:                     2
 Out-of-plane bends:                     0
 Translations:                           9
 Rotations:                              0

 -----------
  Final XYZ 
 -----------
3
Final structure: -4921.44 hartree
Cu           0.000000099         -0.000001884          0.000001251
Cu          -0.000000018          0.000001582          2.356216070
Cu          -0.000000081          0.000000302         -2.356217317

 Structure in entos input format:

  structure(
    xyz = [
      ['Cu' ,          0.000000099,         -0.000001884,          0.000001251],
      ['Cu' ,         -0.000000018,          0.000001582,          2.356216070],
      ['Cu' ,         -0.000000081,          0.000000302,         -2.356217317]
    ]
  )

 --------------------------------
  Geometry optimization finished 
 --------------------------------
 Saving results in set 'opt'

 --------------------------------------------------------------------------------
                                 command: hessian                                
 --------------------------------------------------------------------------------

WARNING: semianalytic method is specified for dft hessian, which is not efficient. Try switching to 'method = analytic'


 -------------------------------
  Numerical Geometrical Hessian 
 -------------------------------

 Compute hessian using two-point central differentiation.
 Step size (bohr):                       0.0100

 Frequencies (including translational and rotational modes):
 mode    frequency (cm-1)
    0               85.93 i (imaginary)
    1               85.93 i (imaginary)
    2                0.05 i (imaginary)
    3                0.02 i (imaginary)
    4                0.01 i (imaginary)
    5                4.54
    6                4.57
    7              134.71
    8              225.96

 Project out translational and rotational motions 

 Degrees of freedom for translational and rotational motions: 6

 Vibrational frequencies:
 mode    frequency (cm-1)
    0               85.93 i (imaginary)
    1              134.71
    2              225.96

 --------------------------------------------------------------------------------

 End time:                               Fri Oct 22 17:25:41 2021
 Total wall-clock time:                 47.565 seconds
==================================================================================
