
================================================================================
          _____________ ________ _______________ ________     _________         
         / ___________// ______ \\_____   _____// ______ \   / ________)        
        / /_________  / /      \ \     | |     / /      \ \ | (_______          
       |  __________|| |        | |    | |    | |        | | \________ \        
        \ \_________ | |        | |    | |     \ \______/ /___________) |       
         \__________||_|        |_|    |_|      \________//____________/        
                                                                                
====================================[ Qcore ]===================================

 Git describe: 2.3.0
 Compiler:     GNU 9.1.0
 Build type:   Release
 Version:      2.3.0

 Start time:   Fri Oct 22 17:25:05 2021

 Data directory: /work/zw18965/.local/qcore/share/entos/qcore/data
 Number of threads: 24
 Number of threads was determined by: command line argument

 --------------------------------------------------------------------------------
                                command: optimize                                
 --------------------------------------------------------------------------------
 Using coordinate system:                tric

 -----------------------------
  Initial coordinates summary 
 -----------------------------
 Total coordinates:                     13
 Bond distances:                         2
 Bond angles:                            0
 Dihedral angles:                        0
 Linear bond angles:                     2
 Out-of-plane bends:                     0
 Translations:                           9
 Rotations:                              0
 Hessian update scheme:                  bfgs
 Initial hessian:                        model

 ------------------------------------------------------------------------------------------------------------
                   energy      change    grad rms    grad max    step rms    step max       trust    time (s)
 ------------------------------------------------------------------------------------------------------------
   1     -4921.700269061                2.86e-03    6.07e-03                            2.00e-01        2.93
   2     -4921.700646468   -3.77e-04    1.55e-03    3.30e-03    3.30e-02    4.05e-02    2.00e-01        2.31
   3     -4921.700819380   -1.73e-04    1.70e-04    3.61e-04    3.93e-02    4.81e-02    2.00e-01        2.37
   4     -4921.700821757   -2.38e-06    1.30e-05    2.76e-05    4.83e-03    5.92e-03    2.00e-01        2.25
Rejecting step due to low quality: Quality: -10.213 New trust radius: 0.000199584
   5     -4921.700821619    1.38e-07    1.30e-05    2.76e-05    3.99e-04    4.89e-04    2.00e-04        2.03
 Geometry optimization stopped:          thresholds achieved

 Final energy:                       -4921.700821619

 ---------------------------
  Final coordinates summary 
 ---------------------------
 Total coordinates:                     13
 Bond distances:                         2
 Bond angles:                            0
 Dihedral angles:                        0
 Linear bond angles:                     2
 Out-of-plane bends:                     0
 Translations:                           9
 Rotations:                              0

 -----------
  Final XYZ 
 -----------
3
Final structure: -4921.7 hartree
Cu          -0.000002795          0.000000034          0.000000158
Cu          -0.000000064         -0.000000230          2.341112174
Cu           0.000002860          0.000000196         -2.341112325

 Structure in entos input format:

  structure(
    xyz = [
      ['Cu' ,         -0.000002795,          0.000000034,          0.000000158],
      ['Cu' ,         -0.000000064,         -0.000000230,          2.341112174],
      ['Cu' ,          0.000002860,          0.000000196,         -2.341112325]
    ]
  )

 --------------------------------
  Geometry optimization finished 
 --------------------------------
 Saving results in set 'opt'

 --------------------------------------------------------------------------------
                                 command: hessian                                
 --------------------------------------------------------------------------------

WARNING: semianalytic method is specified for dft hessian, which is not efficient. Try switching to 'method = analytic'


 -------------------------------
  Numerical Geometrical Hessian 
 -------------------------------

 Compute hessian using two-point central differentiation.
 Step size (bohr):                       0.0100

 Frequencies (including translational and rotational modes):
 mode    frequency (cm-1)
    0               37.02 i (imaginary)
    1               37.02 i (imaginary)
    2                0.20 i (imaginary)
    3                0.08 i (imaginary)
    4                0.07
    5                2.57
    6                2.59
    7              152.37
    8              242.48

 Project out translational and rotational motions 

 Degrees of freedom for translational and rotational motions: 6

 Vibrational frequencies:
 mode    frequency (cm-1)
    0               37.02 i (imaginary)
    1              152.37
    2              242.48

 --------------------------------------------------------------------------------

 End time:                               Fri Oct 22 17:26:01 2021
 Total wall-clock time:                 56.210 seconds
==================================================================================
