
================================================================================
          _____________ ________ _______________ ________     _________         
         / ___________// ______ \\_____   _____// ______ \   / ________)        
        / /_________  / /      \ \     | |     / /      \ \ | (_______          
       |  __________|| |        | |    | |    | |        | | \________ \        
        \ \_________ | |        | |    | |     \ \______/ /___________) |       
         \__________||_|        |_|    |_|      \________//____________/        
                                                                                
====================================[ Qcore ]===================================

 Git describe: 2.3.0
 Compiler:     GNU 9.1.0
 Build type:   Release
 Version:      2.3.0

 Start time:   Fri Oct 22 17:24:46 2021

 Data directory: /work/zw18965/.local/qcore/share/entos/qcore/data
 Number of threads: 24
 Number of threads was determined by: command line argument

 --------------------------------------------------------------------------------
                                command: optimize                                
 --------------------------------------------------------------------------------
 Using coordinate system:                tric

 -----------------------------
  Initial coordinates summary 
 -----------------------------
 Total coordinates:                     12
 Bond distances:                         3
 Bond angles:                            3
 Dihedral angles:                        0
 Linear bond angles:                     0
 Out-of-plane bends:                     0
 Translations:                           3
 Rotations:                              3
 Hessian update scheme:                  bfgs
 Initial hessian:                        model

 ------------------------------------------------------------------------------------------------------------
                   energy      change    grad rms    grad max    step rms    step max       trust    time (s)
 ------------------------------------------------------------------------------------------------------------
   1     -4921.505123851                5.75e-03    9.98e-03                            2.00e-01        2.62
   2     -4921.505841120   -7.17e-04    2.64e-03    4.63e-03    3.32e-02    5.76e-02    2.00e-01        2.01
   3     -4921.506048030   -2.07e-04    2.27e-04    4.52e-04    2.81e-02    4.93e-02    2.00e-01        2.05
   4     -4921.506049719   -1.69e-06    2.20e-05    4.80e-05    2.66e-03    4.92e-03    2.00e-01        2.06
   5     -4921.506049915   -1.96e-07    1.17e-05    2.00e-05    2.50e-04    3.82e-04    2.00e-01        1.94
 Geometry optimization stopped:          thresholds achieved

 Final energy:                       -4921.506049915

 ---------------------------
  Final coordinates summary 
 ---------------------------
 Total coordinates:                     12
 Bond distances:                         3
 Bond angles:                            3
 Dihedral angles:                        0
 Linear bond angles:                     0
 Out-of-plane bends:                     0
 Translations:                           3
 Rotations:                              3

 -----------
  Final XYZ 
 -----------
3
Final structure: -4921.51 hartree
Cu           0.000000335          1.383967175          0.000018901
Cu           1.197131822         -0.691982634         -0.000009522
Cu          -1.197132151         -0.691983540         -0.000009379

 Structure in entos input format:

  structure(
    xyz = [
      ['Cu' ,          0.000000335,          1.383967175,          0.000018901],
      ['Cu' ,          1.197131822,         -0.691982634,         -0.000009522],
      ['Cu' ,         -1.197132151,         -0.691983540,         -0.000009379]
    ]
  )

 --------------------------------
  Geometry optimization finished 
 --------------------------------
 Saving results in set 'opt'

 --------------------------------------------------------------------------------
                                 command: hessian                                
 --------------------------------------------------------------------------------

WARNING: semianalytic method is specified for dft hessian, which is not efficient. Try switching to 'method = analytic'


 -------------------------------
  Numerical Geometrical Hessian 
 -------------------------------

 Compute hessian using two-point central differentiation.
 Step size (bohr):                       0.0100

 Frequencies (including translational and rotational modes):
 mode    frequency (cm-1)
    0                9.72 i (imaginary)
    1                0.08 i (imaginary)
    2                0.04 i (imaginary)
    3                0.01 i (imaginary)
    4                2.85
    5               12.40
    6              172.44
    7              172.93
    8              244.01

 Project out translational and rotational motions 

 Degrees of freedom for translational and rotational motions: 6

 Vibrational frequencies:
 mode    frequency (cm-1)
    0              172.44
    1              172.92
    2              244.01

 --------------------------------------------------------------------------------

 End time:                               Fri Oct 22 17:25:36 2021
 Total wall-clock time:                 49.124 seconds
==================================================================================
