
================================================================================
          _____________ ________ _______________ ________     _________         
         / ___________// ______ \\_____   _____// ______ \   / ________)        
        / /_________  / /      \ \     | |     / /      \ \ | (_______          
       |  __________|| |        | |    | |    | |        | | \________ \        
        \ \_________ | |        | |    | |     \ \______/ /___________) |       
         \__________||_|        |_|    |_|      \________//____________/        
                                                                                
====================================[ Qcore ]===================================

 Git describe: 2.3.0
 Compiler:     GNU 9.1.0
 Build type:   Release
 Version:      2.3.0

 Start time:   Fri Oct 22 17:24:55 2021

 Data directory: /work/zw18965/.local/qcore/share/entos/qcore/data
 Number of threads: 24
 Number of threads was determined by: command line argument
  - More threads can be used by running 'qcore -n 32'

 --------------------------------------------------------------------------------
                                command: optimize                                
 --------------------------------------------------------------------------------
 Using coordinate system:                tric

 -----------------------------
  Initial coordinates summary 
 -----------------------------
 Total coordinates:                     12
 Bond distances:                         3
 Bond angles:                            3
 Dihedral angles:                        0
 Linear bond angles:                     0
 Out-of-plane bends:                     0
 Translations:                           3
 Rotations:                              3
 Hessian update scheme:                  bfgs
 Initial hessian:                        model

 ------------------------------------------------------------------------------------------------------------
                   energy      change    grad rms    grad max    step rms    step max       trust    time (s)
 ------------------------------------------------------------------------------------------------------------
   1     -4921.703960008                8.46e-03    2.07e-02                            2.00e-01        3.17
   2     -4921.706173055   -2.21e-03    4.54e-03    1.11e-02    6.83e-02    1.13e-01    2.00e-01        2.51
   3     -4921.707169400   -9.96e-04    1.02e-03    2.09e-03    7.79e-02    1.29e-01    2.00e-01        2.59
   4     -4921.707210904   -4.15e-05    3.56e-04    6.32e-04    1.42e-02    2.78e-02    2.00e-01        2.73
   5     -4921.707214962   -4.06e-06    5.99e-05    1.33e-04    4.70e-03    9.65e-03    2.00e-01        2.56
   6     -4921.707215085   -1.23e-07    4.27e-05    7.30e-05    6.42e-04    1.21e-03    2.00e-01        2.39
   7     -4921.707215265   -1.80e-07    8.47e-05    1.65e-04    1.39e-03    2.15e-03    2.00e-01        2.43
   8     -4921.707262799   -4.75e-05    1.76e-03    3.80e-03    5.00e-02    7.83e-02    2.00e-01        2.78
   9     -4921.707214525    4.83e-05    1.13e-04    2.51e-04    5.49e-02    8.55e-02    2.00e-01        2.78
Rejecting step due to low quality: Quality: -1.50073 New trust radius: 0.00129365
  10     -4921.707214646   -1.21e-07    1.13e-04    2.51e-04    2.59e-03    4.26e-03    1.29e-03        2.43
  11     -4921.707214444    8.13e-08    1.50e-04    3.40e-04    1.29e-03    2.13e-03    1.83e-03        2.42
  12     -4921.707214647   -2.03e-07    1.25e-04    2.82e-04    5.00e-04    6.78e-04    1.83e-03        2.37
 Geometry optimization stopped:          thresholds achieved

 Final energy:                       -4921.707214647

 ---------------------------
  Final coordinates summary 
 ---------------------------
 Total coordinates:                     12
 Bond distances:                         3
 Bond angles:                            3
 Dihedral angles:                        0
 Linear bond angles:                     0
 Out-of-plane bends:                     0
 Translations:                           3
 Rotations:                              3

 -----------
  Final XYZ 
 -----------
3
Final structure: -4921.71 hartree
Cu           0.001091152          1.466580404         -0.000024019
Cu           1.143176173         -0.732540140          0.000015358
Cu          -1.144267309         -0.734040235          0.000008661

 Structure in entos input format:

  structure(
    xyz = [
      ['Cu' ,          0.001091152,          1.466580404,         -0.000024019],
      ['Cu' ,          1.143176173,         -0.732540140,          0.000015358],
      ['Cu' ,         -1.144267309,         -0.734040235,          0.000008661]
    ]
  )

 --------------------------------
  Geometry optimization finished 
 --------------------------------
 Saving results in set 'opt'

 --------------------------------------------------------------------------------
                                 command: hessian                                
 --------------------------------------------------------------------------------

WARNING: semianalytic method is specified for dft hessian, which is not efficient. Try switching to 'method = analytic'


 -------------------------------
  Numerical Geometrical Hessian 
 -------------------------------

 Compute hessian using two-point central differentiation.
 Step size (bohr):                       0.0100

 Frequencies (including translational and rotational modes):
 mode    frequency (cm-1)
    0              114.76 i (imaginary)
    1                0.27 i (imaginary)
    2                0.09 i (imaginary)
    3                0.38
    4               12.05
    5               19.17
    6               20.81
    7              169.19
    8              260.07

 Project out translational and rotational motions 

 Degrees of freedom for translational and rotational motions: 6

 Vibrational frequencies:
 mode    frequency (cm-1)
    0              114.75 i (imaginary)
    1              169.19
    2              260.07

 --------------------------------------------------------------------------------

 End time:                               Fri Oct 22 17:26:13 2021
 Total wall-clock time:                 77.225 seconds
==================================================================================
