Failed to converge: 
Failed to converge: 
Failed to converge: 
Failed to converge: 
Failed to converge: 
Failed to converge: 
Failed to converge: 
Failed to converge: 
Failed to converge: 
Failed to converge: 
Failed to converge: 
Failed to converge: 
Failed to converge: 
Failed to converge: 
Failed to converge: 
Failed to converge: 
Failed to converge: 
Failed to converge: 
Failed to converge: 
Failed to converge: 
Failed to converge: 
Failed to converge: 
Failed to converge: 
Failed to converge: 
Failed to converge: 
Failed to converge: 
Failed to converge: 
Failed to converge: 
Failed to converge: 
Failed to converge: 
Failed to converge: 
Failed to converge: 
Failed to converge: 
Failed to converge: 
Failed to converge: 
Failed to converge: 
Failed to converge: 
Failed to converge: 
Failed to converge: 
Failed to converge: 
Failed to converge: 
Failed to converge: 
Failed to converge: 
Failed to converge: 
Failed to converge: 
Failed to converge: 
Failed to converge: 
Failed to converge: 
Failed to converge: 
Failed to converge: 
Failed to converge: 
Failed to converge: 
Failed to converge: 
Failed to converge: 
Failed to converge: 
Failed to converge: 
Failed to converge: 
Failed to converge: 
Failed to converge: 
Failed to converge: 
Failed to converge: 
Failed to converge: 
Failed to converge: 
Failed to converge: 
Failed to converge: 
Failed to converge: 
Failed to converge: 
Failed to converge: 
Failed to converge: 
Failed to converge: 
Failed to converge: 
Failed to converge: 
Failed to converge: 
Failed to converge: 
Failed to converge: 
Failed to converge: 
Failed to converge: 
Failed to converge: 
Failed to converge: 
Failed to converge: 
Failed to converge: 
Failed to converge: 
Failed to converge: 
Failed to converge: 
Failed to converge: 
Failed to converge: 
Failed to converge: 
Failed to converge: 
Failed to converge: 
Failed to converge: 
Failed to converge: 
Failed to converge: 
Failed to converge: 
Failed to converge: 
Failed to converge: 
Failed to converge: 
Failed to converge: 
Failed to converge: 
Failed to converge: 
Failed to converge: 
Failed to converge: 
Failed to converge: 
Failed to converge: 
Failed to converge: 
Failed to converge: 
Failed to converge: 
Failed to converge: 
Failed to converge: 
Failed to converge: 
Failed to converge: 
Failed to converge: 
Failed to converge: 
Failed to converge: 
Failed to converge: 
Failed to converge: 
Failed to converge: 
Failed to converge: 
Failed to converge: 
Failed to converge: 
Failed to converge: 
Failed to converge: 
Failed to converge: 
Failed to converge: 
Failed to converge: 
Failed to converge: 
Failed to converge: 
Failed to converge: 
Failed to converge: 
Failed to converge: 
Failed to converge: 
Failed to converge: 
Failed to converge: 
Failed to converge: 
Failed to converge: 
Failed to converge: 
Failed to converge: 
Failed to converge: 
Failed to converge: 
Failed to converge: 
Failed to converge: 
Failed to converge: 
Failed to converge: 
Failed to converge: 
Failed to converge: 
Failed to converge: 
Failed to converge: 
Failed to converge: 
Failed to converge: 
Failed to converge: 
Failed to converge: 
Failed to converge: 
Failed to converge: 
Failed to converge: 
Failed to converge: 
Failed to converge: 
Failed to converge: 
Failed to converge: 
Failed to converge: 
Failed to converge: 
Failed to converge: 
Failed to converge: 
Failed to converge: 
Failed to converge: 
Failed to converge: 
Failed to converge: 
Failed to converge: 
Failed to converge: 
Failed to converge: 
Failed to converge: 
Failed to converge: 
Failed to converge: 
Failed to converge: 
Failed to converge: 
Failed to converge: 
Failed to converge: 
Failed to converge: 
Failed to converge: 
Failed to converge: 
Failed to converge: 
Failed to converge: 
Failed to converge: 
Failed to converge: 
Failed to converge: 
Failed to converge: 
Failed to converge: 
Failed to converge: 
Failed to converge: 
Failed to converge: 
Failed to converge: 
Failed to converge: 
Failed to converge: 
Failed to converge: 
Failed to converge: 
Failed to converge: 
Failed to converge: 
Failed to converge: 
Failed to converge: 
Failed to converge: 
Failed to converge: 
Failed to converge: 
Failed to converge: 
Failed to converge: 
Failed to converge: 
Failed to converge: 
Failed to converge: 
Failed to converge: 
Failed to converge: 
Failed to converge: 
Failed to converge: 
Failed to converge: 
Failed to converge: 
Failed to converge: 
Failed to converge: 
Failed to converge: 
Failed to converge: 
Failed to converge: 
Failed to converge: 
Failed to converge: 
Failed to converge: 
Failed to converge: 
Failed to converge: 
Failed to converge: 
Failed to converge: 
Failed to converge: 
Failed to converge: 
Failed to converge: 
Failed to converge: 
Failed to converge: 
Failed to converge: 
Failed to converge: 
Failed to converge: 
Failed to converge: 
Failed to converge: 
Failed to converge: 
Failed to converge: 
Failed to converge: 
Failed to converge: 
Failed to converge: 
Failed to converge: 
Failed to converge: 
Failed to converge: 
Failed to converge: 
Failed to converge: 
Failed to converge: 
Failed to converge: 
Failed to converge: 
Failed to converge: 
Failed to converge: 
Failed to converge: 
Failed to converge: 
Failed to converge: 
Failed to converge: 
Failed to converge: 
Failed to converge: 
Failed to converge: 
Failed to converge: 
Failed to converge: 
Failed to converge: 
Failed to converge: 
Failed to converge: 
Failed to converge: 
Failed to converge: 
Failed to converge: 
Failed to converge: 
Failed to converge: 
Failed to converge: 
Failed to converge: 
Failed to converge: 
Failed to converge: 
Failed to converge: 
Failed to converge: 
Failed to converge: 
Failed to converge: 
Failed to converge: 
Failed to converge: 
Failed to converge: 
Failed to converge: 
Failed to converge: 
Failed to converge: 
Failed to converge: 
Failed to converge: 
Failed to converge: 
Failed to converge: 
Failed to converge: 
Failed to converge: 
Failed to converge: 
Failed to converge: 
Failed to converge: 
Failed to converge: 
Failed to converge: 
Failed to converge: 
Failed to converge: 
Failed to converge: 
Failed to converge: 
Failed to converge: 
Failed to converge: 
Failed to converge: 
Failed to converge: 
Failed to converge: 
Failed to converge: 
Failed to converge: 
Failed to converge: 
Failed to converge: 
Failed to converge: 
Failed to converge: 
Failed to converge: 
Failed to converge: 
Failed to converge: 
Failed to converge: 
Failed to converge: 
Failed to converge: 
Failed to converge: 
Failed to converge: 
Failed to converge: 
Failed to converge: 
Failed to converge: 
Failed to converge: 
Failed to converge: 
Failed to converge: 
Failed to converge: 
Failed to converge: 
Failed to converge: 
Failed to converge: 
Failed to converge: 
Failed to converge: 
Failed to converge: 
Failed to converge: 
Failed to converge: 
Failed to converge: 
Failed to converge: 
Failed to converge: 
Failed to converge: 
Failed to converge: 
Failed to converge: 
Failed to converge: 
Failed to converge: 
Failed to converge: 
Failed to converge: 
Failed to converge: 
Failed to converge: 
Failed to converge: 
Failed to converge: 
Failed to converge: 
Failed to converge: 
Failed to converge: 
Failed to converge: 
Failed to converge: 
Failed to converge: 
Failed to converge: 
Failed to converge: 
Failed to converge: 
Failed to converge: 
Failed to converge: 
Failed to converge: 
Failed to converge: 
Failed to converge: 
Failed to converge: 
Failed to converge: 
Failed to converge: 
Failed to converge: 
Failed to converge: 
Failed to converge: 
Failed to converge: 
Failed to converge: 
Failed to converge: 
Failed to converge: 
Failed to converge: 
Failed to converge: 
Failed to converge: 
Failed to converge: 
Failed to converge: 
Failed to converge: 
Failed to converge: 
Failed to converge: 
Failed to converge: 
Failed to converge: 
Failed to converge: 
Failed to converge: 
Failed to converge: 
Failed to converge: 
Failed to converge: 
Failed to converge: 
Failed to converge: 
Failed to converge: 
Failed to converge: 
Failed to converge: 
Failed to converge: 
Failed to converge: 
Failed to converge: 
Failed to converge: 
Failed to converge: 
Failed to converge: 
Failed to converge: 
Failed to converge: 
Failed to converge: 
Failed to converge: 
Failed to converge: 
Failed to converge: 
Failed to converge: 
Failed to converge: 
Failed to converge: 
Failed to converge: 
Failed to converge: 
Failed to converge: 
Failed to converge: 
Failed to converge: 
Failed to converge: 
Failed to converge: 
Failed to converge: 
Failed to converge: 
Failed to converge: 
Failed to converge: 
Failed to converge: 
Failed to converge: 
Failed to converge: 
Failed to converge: 
Failed to converge: 
Failed to converge: 
Failed to converge: 
Failed to converge: 
Failed to converge: 
Failed to converge: 
Failed to converge: 
Failed to converge: 
Failed to converge: 
Failed to converge: 
Failed to converge: 
Failed to converge: 
Failed to converge: 
Failed to converge: 
Failed to converge: 
Failed to converge: 
Failed to converge: 
Failed to converge: 
Failed to converge: 
Failed to converge: 
Failed to converge: 
Failed to converge: 
Failed to converge: 
Failed to converge: 
Failed to converge: 
Failed to converge: 
Failed to converge: 
Failed to converge: 
Failed to converge: 
Failed to converge: 
Failed to converge: 
Failed to converge: 
Failed to converge: 
Failed to converge: 
Failed to converge: 
Failed to converge: 
Failed to converge: 
Failed to converge: 
Failed to converge: 
Failed to converge: 
Failed to converge: 
Failed to converge: 
Failed to converge: 
Failed to converge: 
Failed to converge: 
Failed to converge: 
Failed to converge: 
Failed to converge: 
Failed to converge: 
Failed to converge: 
Failed to converge: 
Failed to converge: 
Failed to converge: 
Failed to converge: 
Failed to converge: 
Failed to converge: 
Failed to converge: 
Failed to converge: 
Failed to converge: 
Failed to converge: 
Failed to converge: 
Failed to converge: 
Failed to converge: 
Failed to converge: 
Failed to converge: 
Failed to converge: 
Failed to converge: 
Failed to converge: 
Failed to converge: 
Failed to converge: 
Failed to converge: 
Failed to converge: 
Failed to converge: 
Failed to converge: 
Failed to converge: 
Failed to converge: 
Failed to converge: 
Failed to converge: 
Failed to converge: 
Failed to converge: 
Failed to converge: 
Failed to converge: 
Failed to converge: 
Failed to converge: 
Failed to converge: 
Failed to converge: 
Failed to converge: 
Failed to converge: 
Failed to converge: 
Failed to converge: 
Failed to converge: 
Failed to converge: 
Failed to converge: 
Failed to converge: 
Failed to converge: 
Failed to converge: 
Failed to converge: 
Failed to converge: 
Failed to converge: 
Failed to converge: 
Failed to converge: 
Failed to converge: 
Failed to converge: 
Failed to converge: 
Failed to converge: 
Failed to converge: 
Failed to converge: 
Failed to converge: 
Failed to converge: 
Failed to converge: 
Failed to converge: 
Failed to converge: 
Failed to converge: 
Failed to converge: 
Failed to converge: 
Failed to converge: 
Failed to converge: 
Failed to converge: 
Failed to converge: 
Failed to converge: 
Failed to converge: 
Failed to converge: 
Failed to converge: 
Failed to converge: 
Failed to converge: 
Failed to converge: 
Failed to converge: 
Failed to converge: 
Failed to converge: 
Failed to converge: 
Failed to converge: 
Failed to converge: 
Failed to converge: 
Failed to converge: 
Failed to converge: 
Failed to converge: 
Failed to converge: 
Failed to converge: 
Failed to converge: 
Failed to converge: 
Failed to converge: 
Failed to converge: 
Failed to converge: 
Failed to converge: 
Failed to converge: 
Failed to converge: 
Failed to converge: 
Failed to converge: 
Failed to converge: 
Failed to converge: 
Failed to converge: 
Failed to converge: 
Failed to converge: 
Failed to converge: 
Failed to converge: 
Failed to converge: 
Failed to converge: 
Failed to converge: 
Failed to converge: 
Failed to converge: 
Failed to converge: 
Failed to converge: 
Failed to converge: 
Failed to converge: 
Failed to converge: 
Failed to converge: 
Failed to converge: 
Failed to converge: 
Failed to converge: 
Failed to converge: 
Failed to converge: 
Failed to converge: 
Failed to converge: 
Failed to converge: 
Failed to converge: 
Failed to converge: 
Failed to converge: 
Failed to converge: 
Failed to converge: 
Failed to converge: 
Failed to converge: 
Failed to converge: 
Failed to converge: 
Failed to converge: 
Failed to converge: 
Failed to converge: 
Failed to converge: 
Failed to converge: 
Failed to converge: 
Failed to converge: 
Failed to converge: 
Failed to converge: 
Failed to converge: 
Failed to converge: 
Failed to converge: 
Failed to converge: 
Failed to converge: 
Failed to converge: 
Failed to converge: 
Failed to converge: 
Failed to converge: 
Failed to converge: 
Failed to converge: 
Failed to converge: 
Failed to converge: 
Failed to converge: 
Failed to converge: 
Failed to converge: 
Failed to converge: 
Failed to converge: 
Failed to converge: 
Failed to converge: 
Failed to converge: 
Failed to converge: 
Failed to converge: 
Failed to converge: 
Failed to converge: 
Failed to converge: 
Failed to converge: 
Failed to converge: 
Failed to converge: 
Failed to converge: 
Failed to converge: 
Failed to converge: 
Failed to converge: 
Failed to converge: 
Failed to converge: 
Failed to converge: 
Failed to converge: 
Failed to converge: 
Failed to converge: 
Failed to converge: 
Failed to converge: 
Failed to converge: 
Failed to converge: 
Failed to converge: 
Failed to converge: 
Failed to converge: 
Failed to converge: 
Failed to converge: 
Failed to converge: 
Failed to converge: 
Failed to converge: 
Failed to converge: 
Failed to converge: 
Failed to converge: 
Failed to converge: 
Failed to converge: 
Failed to converge: 
Failed to converge: 
Failed to converge: 
Failed to converge: 
Failed to converge: 
Failed to converge: 
Failed to converge: 
Failed to converge: 
Failed to converge: 
Failed to converge: 
Failed to converge: 
Failed to converge: 
Failed to converge: 
Failed to converge: 
Failed to converge: 
Failed to converge: 
Failed to converge: 
Failed to converge: 
Failed to converge: 
Failed to converge: 
Failed to converge: 
Failed to converge: 
Failed to converge: 
Failed to converge: 
Failed to converge: 
Failed to converge: 
Failed to converge: 
Failed to converge: 
Failed to converge: 
Failed to converge: 
Failed to converge: 
Failed to converge: 
Failed to converge: 
Failed to converge: 
Failed to converge: 
Failed to converge: 
Failed to converge: 
Failed to converge: 
Failed to converge: 
Failed to converge: 
Failed to converge: 
Failed to converge: 
Failed to converge: 
Failed to converge: 
Failed to converge: 
Failed to converge: 
Failed to converge: 
Failed to converge: 
Failed to converge: 
Failed to converge: 
Failed to converge: 
Failed to converge: 
Failed to converge: 
Failed to converge: 
Failed to converge: 
Failed to converge: 
Failed to converge: 
Failed to converge: 
Failed to converge: 
Failed to converge: 
Failed to converge: 
Failed to converge: 
Failed to converge: 
Failed to converge: 
Failed to converge: 
Failed to converge: 
Failed to converge: 
Failed to converge: 
Failed to converge: 
Failed to converge: 
Failed to converge: 
Failed to converge: 
Failed to converge: 
Failed to converge: 
Failed to converge: 
Failed to converge: 
Failed to converge: 
Failed to converge: 
Failed to converge: 
Failed to converge: 
Failed to converge: 
Failed to converge: 
Failed to converge: 
Failed to converge: 
Failed to converge: 
Failed to converge: 
Failed to converge: 
Failed to converge: 
Failed to converge: 
Failed to converge: 
Failed to converge: 
Failed to converge: 
Failed to converge: 
Failed to converge: 
Failed to converge: 
Failed to converge: 
Failed to converge: 
Failed to converge: 
Failed to converge: 
Failed to converge: 
Failed to converge: 
Failed to converge: 
Failed to converge: 
Failed to converge: 
Failed to converge: 
Failed to converge: 
Failed to converge: 
Failed to converge: 
Failed to converge: 
Failed to converge: 
Failed to converge: 
Failed to converge: 
Failed to converge: 
Failed to converge: 
Failed to converge: 
Failed to converge: 
Failed to converge: 
Failed to converge: 
Failed to converge: 
Failed to converge: 
Failed to converge: 
Failed to converge: 
Failed to converge: 
Failed to converge: 
Failed to converge: 
Failed to converge: 
Failed to converge: 
Failed to converge: 
Failed to converge: 
Failed to converge: 
Failed to converge: 
Failed to converge: 
Failed to converge: 
Failed to converge: 
Failed to converge: 
Failed to converge: 
Failed to converge: 
Failed to converge: 
Failed to converge: 
Failed to converge: 
Failed to converge: 
Failed to converge: 
Failed to converge: 
Failed to converge: 
Failed to converge: 
Failed to converge: 
Failed to converge: 
Failed to converge: 
Failed to converge: 
Failed to converge: 
Failed to converge: 
   -0.247220    28Ap    -0.247218  
      29Ap    -0.216342    30Ap    -0.195802    19App   -0.195798  
      31Ap    -0.176717    20App   -0.167525    32Ap    -0.167521  
      21App   -0.160102    33Ap    -0.121814    34Ap    -0.099134  
      35Ap    -0.092631    22App   -0.092624    23App   -0.081959  
      36Ap    -0.081957    37Ap    -0.055692    24App   -0.035167  
      38Ap    -0.035167    39Ap    -0.028421    40Ap    -0.005318  
      25App   -0.005299    41Ap     0.025409    26App    0.025412  
      42Ap     0.037340    27App    0.042303    43Ap     0.046482  
      28App    0.046495    44Ap     0.064773    45Ap     0.104054  
      29App    0.104079    46Ap     0.133031    30App    0.133063  
      31App    0.145123    47Ap     0.164142    32App    0.164152  
      48Ap     0.179142    49Ap     0.205930    50Ap     0.222256  
      33App    0.222269    51Ap     0.230184    52Ap     0.260924  
      34App    0.260940    53Ap     0.266238    54Ap     0.284959  
      35App    0.284970    36App    0.289717    55Ap     0.296930  
      37App    0.296942    56Ap     0.358318    38App    0.579329  
      57Ap     0.579334    58Ap     0.616031    59Ap     0.668501  
      39App    0.668512    60Ap     0.695603    40App    0.700190  
      61Ap     0.700207    62Ap     0.733576    63Ap     0.766466  
      41App    0.766498    64Ap     0.778320    65Ap     0.796417  
      42App    0.796430    43App    0.798500    66Ap     0.831266  
      44App    0.834432    67Ap     0.834452    45App    0.873638  
      68Ap     0.873664    69Ap     0.898657    46App    0.911940  
      70Ap     0.919219    47App    0.919308    48App    0.925370  
      71Ap     0.958285    49App    0.958349    72Ap     0.968900  
      73Ap     1.019993    50App    1.019994    51App    1.043790  
      52App    1.050916    74Ap     1.050920    75Ap     1.084061  
      76Ap     1.097900    53App    1.097931    77Ap     1.126244  
      54App    1.126263    55App    1.166024    78Ap     1.166986  
      79Ap     1.167844    56App    1.167864    80Ap     1.213415  
      57App    1.221935    81Ap     1.222023    82Ap     1.260078  
      58App    1.260111    83Ap     1.262407    59App    1.279542  
      84Ap     1.279633    60App    1.306145    85Ap     1.328069  
      86Ap     1.346651    61App    1.346665    62App    1.372224  
      87Ap     1.372278    88Ap     1.410136    63App    1.508189  
      89Ap     1.508203    64App    1.652278    90Ap     1.652335  
      65App    1.746622    91Ap     1.751368    92Ap     1.971228  
      93Ap     2.312972    66App    2.459779    94Ap     2.459782  
      95Ap     2.525543    96Ap     2.932412    67App    2.933668  
      97Ap     3.052850    68App    3.052898    98Ap     3.171725  
      99Ap     3.193555   100Ap     3.205489    69App    3.205559  
     101Ap     3.283452    70App    3.285460   102Ap     3.292191  
      71App    3.292265   103Ap     3.333493    72App    3.334452  
     104Ap     3.334476   105Ap     3.352319    73App    3.352363  
     106Ap     3.361919    74App    3.381881    75App    3.499007  
     107Ap     3.502841    76App    3.502971   108Ap     3.513587  
      77App    3.513707    78App    3.519264   109Ap     3.519417  
     110Ap     3.535828   111Ap     3.617542   112Ap     3.623057  
      79App    3.623196    80App    3.660648   113Ap     3.660651  
      81App    3.698156   114Ap     3.754872    82App    3.754944  
      83App    3.839245   115Ap     3.840214    84App    3.840256  
     116Ap     3.840709   117Ap     3.842685    85App    3.843953  
     118Ap     3.844060   119Ap     3.844414    86App    3.844426  
     120Ap     3.847263   121Ap     3.851247    87App    3.851338  
      88App    3.852422    89App    3.852621   122Ap     3.852780  
     123Ap     3.852857    90App    3.856181   124Ap     3.857701  
     125Ap     3.858045    91App    3.858179    92App    3.870044  
     126Ap     3.870097    93App    3.876459   127Ap     3.885267  
      94App    3.885288   128Ap     3.886690    95App    3.886701  
     129Ap     3.910010    96App    3.924054   130Ap     3.924087  
      97App    4.021509   131Ap     4.021540    98App    4.091469  
     132Ap     4.216652   133Ap     4.424174    99App    4.424425  
     134Ap     5.243330   135Ap    27.067616   100App   27.067666  
     136Ap    27.204419   101App   27.204454   137Ap    27.410347  
     102App   28.180202   138Ap    28.180230   103App   28.376981  
     139Ap    28.670357   140Ap    29.269179   104App   29.269219  
     141Ap    31.945973   142Ap    43.617951   105App   44.108428  
     143Ap    44.108446   144Ap    44.111125   145Ap   204.551011  
     146Ap   204.752425   106App  204.770844   147Ap   204.770856  

    Final Occupation by Irrep:
             Ap   App 
    DOCC [    22,   15 ]
    SOCC [     1,    0 ]

  @DF-UKS Final Energy:  -542.31297079034221

   => Energetics <=

    Nuclear Repulsion Energy =            430.6740234109537937
    One-Electron Energy =               -1785.9202342588605461
    Two-Electron Energy =                 837.6302455572960071
    DFT Exchange-Correlation Energy =     -24.6904321497314143
    Empirical Dispersion Energy =          -0.0065733500000000
    VV10 Nonlocal Energy =                  0.0000000000000000
    Total Energy =                       -542.3129707903422059

  UHF NO Occupations:
  HONO-2 :   21 Ap 1.9996202
  HONO-1 :   22 Ap 1.9979236
  HONO-0 :   23 Ap 1.0000000
  LUNO+0 :   24 Ap 0.0020764
  LUNO+1 :   25 Ap 0.0003798
  LUNO+2 :   16App 0.0001516
  LUNO+3 :   26 Ap 0.0001515


Computation Completed


Properties will be evaluated at   0.000000,   0.000000,   0.000000 [a0]

Properties computed using the SCF density matrix

  Nuclear Dipole Moment: [e a0]
     X:     0.0000      Y:    -5.6885      Z:    -0.0000

  Electronic Dipole Moment: [e a0]
     X:    -0.0002      Y:     5.5378      Z:     0.0000

  Dipole Moment: [e a0]
     X:    -0.0002      Y:    -0.1508      Z:    -0.0000     Total:     0.1508

  Dipole Moment: [D]
     X:    -0.0005      Y:    -0.3832      Z:    -0.0000     Total:     0.3832


*** tstop() called on compute130.bc4.acrc.priv at Tue Nov  2 15:23:28 2021
Module time:
	user time   =    1307.30 seconds =      21.79 minutes
	system time =      56.40 seconds =       0.94 minutes
	total time  =         62 seconds =       1.03 minutes
Total time:
	user time   =    1307.30 seconds =      21.79 minutes
	system time =      56.40 seconds =       0.94 minutes
	total time  =         62 seconds =       1.03 minutes

    Psi4 stopped on: Tuesday, 02 November 2021 03:23PM
    Psi4 wall time for execution: 0:01:01.97

*** Psi4 exiting successfully. Buy a developer a beer!
