Failed to converge: 
Failed to converge: 
Failed to converge: 
Failed to converge: 
Failed to converge: 
Failed to converge: 
Failed to converge: 
Failed to converge: 
Failed to converge: 
Failed to converge: 
Failed to converge: 
Failed to converge: 
Failed to converge: 
Failed to converge: 
Failed to converge: 
Failed to converge: 
Failed to converge: 
Failed to converge: 
Failed to converge: 
Failed to converge: 
Failed to converge: 
Failed to converge: 
Failed to converge: 
Failed to converge: 
Failed to converge: 
Failed to converge: 
Failed to converge: 
Failed to converge: 
Failed to converge: 
Failed to converge: 
Failed to converge: 
Failed to converge: 
Failed to converge: 
Failed to converge: 
Failed to converge: 
Failed to converge: 
Failed to converge: 
Failed to converge: 
Failed to converge: 
Failed to converge: 
Failed to converge: 
Failed to converge: 
Failed to converge: 
Failed to converge: 
Failed to converge: 
Failed to converge: 
Failed to converge: 
Failed to converge: 
Failed to converge: 
Failed to converge: 
Failed to converge: 
Failed to converge: 
Failed to converge: 
Failed to converge: 
Failed to converge: 
Failed to converge: 
Failed to converge: 
Failed to converge: 
Failed to converge: 
Failed to converge: 
Failed to converge: 
Failed to converge: 
Failed to converge: 
Failed to converge: 
Failed to converge: 
Failed to converge: 
Failed to converge: 
Failed to converge: 
Failed to converge: 
Failed to converge: 
Failed to converge: 
Failed to converge: 
Failed to converge: 
Failed to converge: 
Failed to converge: 
Failed to converge: 
Failed to converge: 
Failed to converge: 
Failed to converge: 
Failed to converge: 
Failed to converge: 
Failed to converge: 
Failed to converge: 
Failed to converge: 
Failed to converge: 
Failed to converge: 
Failed to converge: 
Failed to converge: 
Failed to converge: 
Failed to converge: 
Failed to converge: 
Failed to converge: 
Failed to converge: 
Failed to converge: 
Failed to converge: 
Failed to converge: 
Failed to converge: 
Failed to converge: 
Failed to converge: 
Failed to converge: 
Failed to converge: 
Failed to converge: 
Failed to converge: 
Failed to converge: 
Failed to converge: 
Failed to converge: 
Failed to converge: 
Failed to converge: 
Failed to converge: 
Failed to converge: 
Failed to converge: 
Failed to converge: 
Failed to converge: 
Failed to converge: 
Failed to converge: 
Failed to converge: 
Failed to converge: 
Failed to converge: 
Failed to converge: 
Failed to converge: 
Failed to converge: 
Failed to converge: 
Failed to converge: 
Failed to converge: 
Failed to converge: 
Failed to converge: 
Failed to converge: 
Failed to converge: 
Failed to converge: 
Failed to converge: 
Failed to converge: 
Failed to converge: 
Failed to converge: 
Failed to converge: 
Failed to converge: 
Failed to converge: 
Failed to converge: 
Failed to converge: 
Failed to converge: 
Failed to converge: 
Failed to converge: 
Failed to converge: 
Failed to converge: 
Failed to converge: 
Failed to converge: 
Failed to converge: 
Failed to converge: 
Failed to converge: 
Failed to converge: 
Failed to converge: 
Failed to converge: 
Failed to converge: 
Failed to converge: 
Failed to converge: 
Failed to converge: 
Failed to converge: 
Failed to converge: 
Failed to converge: 
Failed to converge: 
Failed to converge: 
Failed to converge: 
Failed to converge: 
Failed to converge: 
Failed to converge: 
Failed to converge: 
Failed to converge: 
Failed to converge: 
Failed to converge: 
Failed to converge: 
Failed to converge: 
Failed to converge: 
Failed to converge: 
Failed to converge: 
Failed to converge: 
Failed to converge: 
Failed to converge: 
Failed to converge: 
Failed to converge: 
Failed to converge: 
Failed to converge: 
Failed to converge: 
Failed to converge: 
Failed to converge: 
Failed to converge: 
Failed to converge: 
Failed to converge: 
Failed to converge: 
Failed to converge: 
Failed to converge: 
Failed to converge: 
Failed to converge: 
Failed to converge: 
Failed to converge: 
Failed to converge: 
Failed to converge: 
Failed to converge: 
Failed to converge: 
Failed to converge: 
Failed to converge: 
Failed to converge: 
Failed to converge: 
Failed to converge: 
Failed to converge: 
Failed to converge: 
Failed to converge: 
Failed to converge: 
Failed to converge: 
Failed to converge: 
Failed to converge: 
Failed to converge: 
Failed to converge: 
Failed to converge: 
Failed to converge: 
Failed to converge: 
Failed to converge: 
Failed to converge: 
Failed to converge: 
Failed to converge: 
Failed to converge: 
Failed to converge: 
Failed to converge: 
Failed to converge: 
Failed to converge: 
Failed to converge: 
Failed to converge: 
Failed to converge: 
Failed to converge: 
Failed to converge: 
Failed to converge: 
Failed to converge: 
Failed to converge: 
Failed to converge: 
Failed to converge: 
Failed to converge: 
Failed to converge: 
Failed to converge: 
Failed to converge: 
Failed to converge: 
Failed to converge: 
Failed to converge: 
Failed to converge: 
Failed to converge: 
Failed to converge: 
Failed to converge: 
Failed to converge: 
Failed to converge: 
Failed to converge: 
Failed to converge: 
Failed to converge: 
Failed to converge: 
Failed to converge: 
Failed to converge: 
Failed to converge: 
Failed to converge: 
Failed to converge: 
Failed to converge: 
Failed to converge: 
Failed to converge: 
Failed to converge: 
Failed to converge: 
Failed to converge: 
Failed to converge: 
Failed to converge: 
Failed to converge: 
Failed to converge: 
Failed to converge: 
Failed to converge: 
Failed to converge: 
Failed to converge: 
Failed to converge: 
Failed to converge: 
Failed to converge: 
Failed to converge: 
Failed to converge: 
Failed to converge: 
Failed to converge: 
Failed to converge: 
Failed to converge: 
Failed to converge: 
Failed to converge: 
Failed to converge: 
Failed to converge: 
Failed to converge: 
Failed to converge: 
Failed to converge: 
Failed to converge: 
Failed to converge: 
Failed to converge: 
Failed to converge: 
Failed to converge: 
Failed to converge: 
Failed to converge: 
Failed to converge: 
Failed to converge: 
Failed to converge: 
Failed to converge: 
Failed to converge: 
Failed to converge: 
Failed to converge: 
Failed to converge: 
Failed to converge: 
Failed to converge: 
Failed to converge: 
Failed to converge: 
Failed to converge: 
Failed to converge: 
Failed to converge: 
Failed to converge: 
Failed to converge: 
Failed to converge: 
Failed to converge: 
Failed to converge: 
Failed to converge: 
Failed to converge: 
Failed to converge: 
Failed to converge: 
Failed to converge: 
Failed to converge: 
Failed to converge: 
Failed to converge: 
Failed to converge: 
Failed to converge: 
Failed to converge: 
Failed to converge: 
Failed to converge: 
Failed to converge: 
Failed to converge: 
Failed to converge: 
Failed to converge: 
Failed to converge: 
Failed to converge: 
Failed to converge: 
Failed to converge: 
Failed to converge: 
Failed to converge: 
Failed to converge: 
Failed to converge: 
Failed to converge: 
Failed to converge: 
Failed to converge: 
Failed to converge: 
Failed to converge: 
Failed to converge: 
Failed to converge: 
Failed to converge: 
Failed to converge: 
Failed to converge: 
Failed to converge: 
Failed to converge: 
Failed to converge: 
Failed to converge: 
Failed to converge: 
Failed to converge: 
Failed to converge: 
Failed to converge: 
Failed to converge: 
Failed to converge: 
Failed to converge: 
Failed to converge: 
Failed to converge: 
Failed to converge: 
Failed to converge: 
Failed to converge: 
Failed to converge: 
Failed to converge: 
Failed to converge: 
Failed to converge: 
Failed to converge: 
Failed to converge: 
Failed to converge: 
Failed to converge: 
Failed to converge: 
  177     177
   -------------------------

  ==> Iterations <==

                           Total Energy        Delta E     RMS |[F,P]|

   @DF-UKS iter SAD:  -406.58762801272258   -4.06588e+02   0.00000e+00 
    Occupation by irrep:
             Ag   B1g   B2g   B3g    Au   B1u   B2u   B3u 
    DOCC [     8,    1,    3,    3,    1,    6,    3,    3 ]
    SOCC [     0,    1,    0,    0,    0,    0,    0,    0 ]

   @DF-UKS iter   1:  -407.24544835413701   -6.57820e-01   6.97729e-03 DIIS
    Occupation by irrep:
             Ag   B1g   B2g   B3g    Au   B1u   B2u   B3u 
    DOCC [     8,    2,    3,    3,    1,    5,    3,    3 ]
    SOCC [     0,    0,    0,    0,    0,    1,    0,    0 ]

   @DF-UKS iter   2:  -405.22809265822252    2.01736e+00   3.15308e-02 DIIS
   @DF-UKS iter   3:  -407.29803221967325   -2.06994e+00   5.58596e-03 DIIS
   @DF-UKS iter   4:  -407.35066715859159   -5.26349e-02   1.26675e-03 DIIS
   @DF-UKS iter   5:  -407.35294376105401   -2.27660e-03   5.68443e-04 DIIS
   @DF-UKS iter   6:  -407.35340908265880   -4.65322e-04   1.56420e-04 DIIS
   @DF-UKS iter   7:  -407.35347135129507   -6.22686e-05   4.20881e-05 DIIS
   @DF-UKS iter   8:  -407.35347799851309   -6.64722e-06   6.12552e-06 DIIS
   @DF-UKS iter   9:  -407.35347829021907   -2.91706e-07   1.33799e-06 DIIS
   @DF-UKS iter  10:  -407.35347830556054   -1.53415e-08   5.53068e-07 DIIS
  Energy and wave function converged.


  ==> Post-Iterations <==

   Electrons on quadrature grid:
      Nalpha   =   28.9999965486 ; deviation = -3.451e-06
      Nbeta    =   27.9999966365 ; deviation = -3.364e-06
      Ntotal   =   56.9999931850 ; deviation = -6.815e-06 

   @Spin Contamination Metric:   1.078812277E-02
   @S^2 Expected:                7.500000000E-01
   @S^2 Observed:                7.607881228E-01
   @S   Expected:                5.000000000E-01
   @S   Observed:                5.000000000E-01

    Orbital Energies [Eh]
    ---------------------

    Alpha Occupied:                                                       

       1Ag    -4.113389     1B1u   -4.113378     2Ag    -4.099196  
       2B1u   -2.301634     3Ag    -2.298609     1B2u   -2.290431  
       1B3u   -2.290431     1B3g   -2.290407     1B2g   -2.290407  
       3B1u   -2.284668     2B2u   -2.274680     2B3u   -2.274680  
       4Ag    -0.378681     2B3g   -0.318139     2B2g   -0.318139  
       4B1u   -0.297603     3B2u   -0.288292     3B3u   -0.288292  
       5Ag    -0.279079     1B1g   -0.279012     5B1u   -0.276437  
       1Au    -0.276373     6Ag    -0.265299     7Ag    -0.251541  
       2B1g   -0.251450     6B1u   -0.244590     3B3g   -0.235814  
       3B2g   -0.235814     8Ag    -0.232553  

    Alpha Virtual:                                                        

       9Ag    -0.130936     4B2u   -0.054646     4B3u   -0.054646  
       7B1u   -0.031325     4B3g   -0.012288     4B2g   -0.012288  
       5B2u    0.065957     5B3u    0.065957    10Ag     0.081718  
       8B1u    0.098902    11Ag     0.133430     6B2u    0.163448  
       6B3u    0.163448     9B1u    0.177267     5B3g    0.197049  
       5B2g    0.197049    12Ag     0.224900     7B2u    0.244013  
       7B3u    0.244013    13Ag     0.268499     3B1g    0.268507  
      14Ag     0.274763    10B1u    0.303813     2Au     0.303821  
      11B1u    0.324430     6B3g    0.330836     6B2g    0.330836  
      15Ag     0.392465     4B1g    0.392466    12B1u    0.395422  
       8B2u    0.427365     8B3u    0.427365    16Ag     0.514303  
       7B3g    0.559008     7B2g    0.559008    13B1u    0.589196  
      17Ag     0.646442    14B1u    0.805575     9B2u    0.909248  
       9B3u    0.909248    18Ag     1.013864    15B1u    1.020191  
       3Au     1.020252     8B3g    1.037553     8B2g    1.037553  
      10B2u    1.065420    10B3u    1.065420    11B2u    1.095527  
      11B3u    1.095527     9B3g    1.099483     9B2g    1.099483  
      12B2u    1.103158    12B3u    1.103158    19Ag     1.109607  
       5B1g    1.109654    13B3u    1.133466    13B2u    1.133466  
      16B1u    1.175667    17B1u    1.207352     4Au     1.207421  
      10B3g    1.243641    10B2g    1.243641    20Ag     1.261953  
      14B2u    1.385872    14B3u    1.385872    11B3g    1.410928  
      11B2g    1.410928    18B1u    1.419593     6B1g    1.438800  
      21Ag     1.438818     5Au     1.459154    19B1u    1.459154  
      20B1u    1.459229    22Ag     1.504783     7B1g    1.519311  
      23Ag     1.519356    15B2u    1.621779    15B3u    1.621779  
      12B3g    1.705481    12B2g    1.705481    21B1u    1.886013  
      24Ag     2.061951    25Ag     2.128832    22B1u    2.438202  
      26Ag     2.799236    16B2u    3.475799    16B3u    3.475799  
      23B1u    3.501866     6Au     3.502031    17B2u    3.562553  
      17B3u    3.562553    13B2g    3.566762    13B3g    3.566762  
      27Ag     3.573858     8B1g    3.573990    18B2u    3.593674  
      18B3u    3.593674    14B3g    3.640169    14B2g    3.640169  
      24B1u    3.673751     7Au     3.673926    25B1u    3.722626  
      28Ag     3.800283    19B2u    3.885721    19B3u    3.885721  
      26B1u    3.997955    15B3g    4.131110    15B2g    4.131110  
      29Ag     4.131605     9B1g    4.136493    30Ag     4.136625  
      16B2g    4.141025    16B3g    4.141025    20B3u    4.141122  
      20B2u    4.141122     8Au     4.142489    27B1u    4.142571  
      31Ag     4.142571    28B1u    4.142631    10B1g    4.143194  
       9Au     4.143194    11B1g    4.166660    32Ag     4.166728  
      17B3g    4.166922    17B2g    4.166922    33Ag     4.174202  
      12B1g    4.175111    21B2u    4.223898    21B3u    4.223898  
      18B3g    4.238857    18B2g    4.238857    34Ag     4.472037  
      29B1u    4.496117    22B2u   27.340427    22B3u   27.340427  
      19B3g   27.672053    19B2g   27.672053    23B2u   27.910632  
      23B3u   27.910632    30B1u   28.256297    35Ag    28.646365  
      31B1u   31.556250    36Ag    44.096607    32B1u   44.396269  
      37Ag    44.797496    38Ag   205.178203    33B1u  205.304762  
      39Ag   205.483136  

    Beta Occupied:                                                        

       1Ag    -4.112213     1B1u   -4.112201     2Ag    -4.099730  
       2B1u   -2.302603     3Ag    -2.299736     1B2u   -2.291275  
       1B3u   -2.291275     1B3g   -2.291253     1B2g   -2.291253  
       3B1u   -2.285736     2B2u   -2.274959     2B3u   -2.274959  
       4Ag    -0.371521     2B3g   -0.314427     2B2g   -0.314427  
       4B1u   -0.293614     3B2u   -0.284033     3B3u   -0.284033  
       5Ag    -0.274060     1B1g   -0.273981     5B1u   -0.270986  
       1Au    -0.270910     6Ag    -0.251530     2B1g   -0.251435  
       7Ag    -0.248919     3B3g   -0.235585     3B2g   -0.235585  
       8Ag    -0.232628  

    Beta Virtual:                                                         

       6B1u   -0.215720     9Ag    -0.117268     4B2u   -0.042497  
       4B3u   -0.042497     7B1u   -0.018245     4B3g    0.004844  
       4B2g    0.004844     5B2u    0.068496     5B3u    0.068496  
      10Ag     0.082852     8B1u    0.102620    11Ag     0.131750  
       6B2u    0.169478     6B3u    0.169478     9B1u    0.171593  
       5B3g    0.204639     5B2g    0.204639    12Ag     0.224583  
       7B2u    0.247977     7B3u    0.247977    13Ag     0.268242  
       3B1g    0.268245    14Ag     0.279308    10B1u    0.302090  
       2Au     0.302093    11B1u    0.317965     6B3g    0.328491  
       6B2g    0.328491    15Ag     0.391785     4B1g    0.391790  
      12B1u    0.393895     8B2u    0.426111     8B3u    0.426111  
      16Ag     0.516846     7B3g    0.558857     7B2g    0.558857  
      13B1u    0.589279    17Ag     0.646719    14B1u    0.810006  
       9B2u    0.914674     9B3u    0.914674    18Ag     1.014581  
      15B1u    1.027721     3Au     1.027796     8B3g    1.028965  
       8B2g    1.028965    10B2u    1.053030    10B3u    1.053030  
      11B2u    1.104139    11B3u    1.104139    12B2u    1.107206  
      12B3u    1.107206     9B3g    1.113114     9B2g    1.113114  
      19Ag     1.120059     5B1g    1.120130    13B3u    1.135154  
      13B2u    1.135154    16B1u    1.170526    17B1u    1.209331  
       4Au     1.209421    10B3g    1.239656    10B2g    1.239656  
      20Ag     1.259404    14B2u    1.382988    14B3u    1.382988  
      11B3g    1.410526    11B2g    1.410526    18B1u    1.414957  
       6B1g    1.440311    21Ag     1.440348    19B1u    1.451855  
       5Au     1.460159    20B1u    1.460196    22Ag     1.501001  
       7B1g    1.519571    23Ag     1.519618    15B2u    1.622287  
      15B3u    1.622287    12B3g    1.703812    12B2g    1.703812  
      21B1u    1.886290    24Ag     2.064650    25Ag     2.129450  
      22B1u    2.438047    26Ag     2.795180    16B2u    3.478671  
      16B3u    3.478671    23B1u    3.505581     6Au     3.505761  
      17B2u    3.572148    17B3u    3.572148    13B2g    3.579040  
      13B3g    3.579040    27Ag     3.581375     8B1g    3.581541  
      18B2u    3.595701    18B3u    3.595701    14B3g    3.644269  
      14B2g    3.644269    24B1u    3.675432     7Au     3.675614  
      25B1u    3.724470    28Ag     3.801349    19B2u    3.888305  
      19B3u    3.888305    26B1u    4.004024    29Ag     4.138337  
      15B3g    4.139474    15B2g    4.139474     9B1g    4.145605  
      30Ag     4.145808     8Au     4.152643    27B1u    4.152870  
      16B2g    4.153287    16B3g    4.153287    20B3u    4.153409  
      20B2u    4.153409    28B1u    4.158408    31Ag     4.158408  
      10B1g    4.159063     9Au     4.159063    17B3g    4.165399  
      17B2g    4.165399    11B1g    4.166392    32Ag     4.166539  
      33Ag     4.172892    12B1g    4.173791    21B2u    4.230158  
      21B3u    4.230158    18B3g    4.239614    18B2g    4.239614  
      34Ag     4.469709    29B1u    4.495864    22B2u   27.338205  
      22B3u   27.338205    19B3g   27.666775    19B2g   27.666775  
      23B2u   27.909069    23B3u   27.909069    30B1u   28.247699  
      35Ag    28.632250    31B1u   31.544604    36Ag    44.086201  
      32B1u   44.381812    37Ag    44.793409    38Ag   205.177760  
      33B1u  205.304160    39Ag   205.482924  

    Final Occupation by Irrep:
             Ag   B1g   B2g   B3g    Au   B1u   B2u   B3u 
    DOCC [     8,    2,    3,    3,    1,    5,    3,    3 ]
    SOCC [     0,    0,    0,    0,    0,    1,    0,    0 ]

  @DF-UKS Final Energy:  -407.35347830556054

   => Energetics <=

    Nuclear Repulsion Energy =            187.4773525738945636
    One-Electron Energy =               -1090.5018758686201181
    Two-Electron Energy =                 534.2903260414948363
    DFT Exchange-Correlation Energy =     -38.6187336923299256
    Empirical Dispersion Energy =          -0.0005473600000000
    VV10 Nonlocal Energy =                  0.0000000000000000
    Total Energy =                       -407.3534783055605999

  UHF NO Occupations:
  HONO-2 :    3B2g 1.9998030
  HONO-1 :    8 Ag 1.9961246
  HONO-0 :    6B1u 1.0000000
  LUNO+0 :    9 Ag 0.0038754
  LUNO+1 :    4B2g 0.0001970
  LUNO+2 :    4B3g 0.0001970
  LUNO+3 :    2 Au 0.0001512


Computation Completed


Properties will be evaluated at   0.000000,   0.000000,   0.000000 [a0]

Properties computed using the SCF density matrix

  Nuclear Dipole Moment: [e a0]
     X:     0.0000      Y:     0.0000      Z:    -0.0000

  Electronic Dipole Moment: [e a0]
     X:     0.0000      Y:     0.0000      Z:     0.0000

  Dipole Moment: [e a0]
     X:     0.0000      Y:     0.0000      Z:    -0.0000     Total:     0.0000

  Dipole Moment: [D]
     X:     0.0000      Y:     0.0000      Z:    -0.0000     Total:     0.0000


*** tstop() called on compute415.bc4.acrc.priv at Tue Nov  2 11:11:47 2021
Module time:
	user time   =     387.61 seconds =       6.46 minutes
	system time =      14.89 seconds =       0.25 minutes
	total time  =         22 seconds =       0.37 minutes
Total time:
	user time   =     387.61 seconds =       6.46 minutes
	system time =      14.89 seconds =       0.25 minutes
	total time  =         22 seconds =       0.37 minutes

    Psi4 stopped on: Tuesday, 02 November 2021 11:11AM
    Psi4 wall time for execution: 0:00:21.79

*** Psi4 exiting successfully. Buy a developer a beer!
