Failed to converge: 
Failed to converge: 
Failed to converge: 
Failed to converge: 
Failed to converge: 
Failed to converge: 
Failed to converge: 
Failed to converge: 
Failed to converge: 
Failed to converge: 
Failed to converge: 
Failed to converge: 
Failed to converge: 
Failed to converge: 
Failed to converge: 
Failed to converge: 
Failed to converge: 
Failed to converge: 
Failed to converge: 
Failed to converge: 
Failed to converge: 
Failed to converge: 
Failed to converge: 
Failed to converge: 
Failed to converge: 
Failed to converge: 
Failed to converge: 
Failed to converge: 
Failed to converge: 
Failed to converge: 
Failed to converge: 
Failed to converge: 
Failed to converge: 
Failed to converge: 
Failed to converge: 
Failed to converge: 
Failed to converge: 
Failed to converge: 
Failed to converge: 
Failed to converge: 
Failed to converge: 
Failed to converge: 
Failed to converge: 
Failed to converge: 
Failed to converge: 
Failed to converge: 
Failed to converge: 
Failed to converge: 
Failed to converge: 
Failed to converge: 
Failed to converge: 
Failed to converge: 
Failed to converge: 
Failed to converge: 
Failed to converge: 
Failed to converge: 
Failed to converge: 
Failed to converge: 
Failed to converge: 
Failed to converge: 
Failed to converge: 
Failed to converge: 
Failed to converge: 
Failed to converge: 
Failed to converge: 
Failed to converge: 
Failed to converge: 
Failed to converge: 
Failed to converge: 
Failed to converge: 
Failed to converge: 
Failed to converge: 
Failed to converge: 
Failed to converge: 
Failed to converge: 
Failed to converge: 
Failed to converge: 
Failed to converge: 
Failed to converge: 
Failed to converge: 
Failed to converge: 
Failed to converge: 
Failed to converge: 
Failed to converge: 
Failed to converge: 
Failed to converge: 
Failed to converge: 
Failed to converge: 
Failed to converge: 
Failed to converge: 
Failed to converge: 
Failed to converge: 
Failed to converge: 
Failed to converge: 
Failed to converge: 
Failed to converge: 
Failed to converge: 
Failed to converge: 
Failed to converge: 
Failed to converge: 
Failed to converge: 
Failed to converge: 
Failed to converge: 
Failed to converge: 
Failed to converge: 
Failed to converge: 
Failed to converge: 
Failed to converge: 
Failed to converge: 
Failed to converge: 
Failed to converge: 
Failed to converge: 
Failed to converge: 
Failed to converge: 
Failed to converge: 
Failed to converge: 
Failed to converge: 
Failed to converge: 
Failed to converge: 
Failed to converge: 
Failed to converge: 
Failed to converge: 
Failed to converge: 
Failed to converge: 
Failed to converge: 
Failed to converge: 
Failed to converge: 
Failed to converge: 
Failed to converge: 
Failed to converge: 
Failed to converge: 
Failed to converge: 
Failed to converge: 
Failed to converge: 
Failed to converge: 
Failed to converge: 
Failed to converge: 
Failed to converge: 
Failed to converge: 
Failed to converge: 
Failed to converge: 
Failed to converge: 
Failed to converge: 
Failed to converge: 
Failed to converge: 
Failed to converge: 
Failed to converge: 
Failed to converge: 
Failed to converge: 
Failed to converge: 
Failed to converge: 
Failed to converge: 
Failed to converge: 
Failed to converge: 
Failed to converge: 
Failed to converge: 
Failed to converge: 
Failed to converge: 
Failed to converge: 
Failed to converge: 
Failed to converge: 
Failed to converge: 
Failed to converge: 
Failed to converge: 
Failed to converge: 
Failed to converge: 
Failed to converge: 
Failed to converge: 
Failed to converge: 
Failed to converge: 
Failed to converge: 
Failed to converge: 
Failed to converge: 
Failed to converge: 
Failed to converge: 
Failed to converge: 
Failed to converge: 
Failed to converge: 
Failed to converge: 
Failed to converge: 
Failed to converge: 
Failed to converge: 
Failed to converge: 
Failed to converge: 
Failed to converge: 
Failed to converge: 
Failed to converge: 
Failed to converge: 
Failed to converge: 
Failed to converge: 
Failed to converge: 
Failed to converge: 
Failed to converge: 
Failed to converge: 
Failed to converge: 
Failed to converge: 
Failed to converge: 
Failed to converge: 
Failed to converge: 
Failed to converge: 
Failed to converge: 
Failed to converge: 
Failed to converge: 
Failed to converge: 
Failed to converge: 
Failed to converge: 
Failed to converge: 
Failed to converge: 
Failed to converge: 
Failed to converge: 
Failed to converge: 
Failed to converge: 
Failed to converge: 
Failed to converge: 
Failed to converge: 
Failed to converge: 
Failed to converge: 
Failed to converge: 
Failed to converge: 
Failed to converge: 
Failed to converge: 
Failed to converge: 
Failed to converge: 
Failed to converge: 
Failed to converge: 
Failed to converge: 
Failed to converge: 
Failed to converge: 
Failed to converge: 
Failed to converge: 
Failed to converge: 
Failed to converge: 
Failed to converge: 
Failed to converge: 
Failed to converge: 
Failed to converge: 
Failed to converge: 
Failed to converge: 
Failed to converge: 
Failed to converge: 
Failed to converge: 
Failed to converge: 
Failed to converge: 
Failed to converge: 
Failed to converge: 
Failed to converge: 
Failed to converge: 
Failed to converge: 
Failed to converge: 
Failed to converge: 
Failed to converge: 
Failed to converge: 
Failed to converge: 
Failed to converge: 
Failed to converge: 
Failed to converge: 
Failed to converge: 
Failed to converge: 
Failed to converge: 
Failed to converge: 
Failed to converge: 
Failed to converge: 
Failed to converge: 
Failed to converge: 
Failed to converge: 
Failed to converge: 
Failed to converge: 
Failed to converge: 
Failed to converge: 
Failed to converge: 
Failed to converge: 
Failed to converge: 
Failed to converge: 
Failed to converge: 
Failed to converge: 
Failed to converge: 
Failed to converge: 
Failed to converge: 
Failed to converge: 
Failed to converge: 
Failed to converge: 
Failed to converge: 
Failed to converge: 
Failed to converge: 
Failed to converge: 
Failed to converge: 
Failed to converge: 
Failed to converge: 
Failed to converge: 
Failed to converge: 
Failed to converge: 
Failed to converge: 
Failed to converge: 
Failed to converge: 
Failed to converge: 
Failed to converge: 
Failed to converge: 
Failed to converge: 
Failed to converge: 
Failed to converge: 
Failed to converge: 
Failed to converge: 
Failed to converge: 
Failed to converge: 
Failed to converge: 
Failed to converge: 
Failed to converge: 
Failed to converge: 
Failed to converge: 
Failed to converge: 
Failed to converge: 
Failed to converge: 
Failed to converge: 
Failed to converge: 
Failed to converge: 
Failed to converge: 
Failed to converge: 
Failed to converge: 
Failed to converge: 
Failed to converge: 
Failed to converge: 
Failed to converge: 
Failed to converge: 
Failed to converge: 
Failed to converge: 
Failed to converge: 
Failed to converge: 
Failed to converge: 
Failed to converge: 
Failed to converge: 
Failed to converge: 
Failed to converge: 
Failed to converge: 
Failed to converge: 
Failed to converge: 
Failed to converge: 
Failed to converge: 
Failed to converge: 
Failed to converge: 
Failed to converge: 
Failed to converge: 
Failed to converge: 
Failed to converge: 
Failed to converge: 
Failed to converge: 
Failed to converge: 
Failed to converge: 
Failed to converge: 
Failed to converge: 
Failed to converge: 
Failed to converge: 
Failed to converge: 
Failed to converge: 
Failed to converge: 
Failed to converge: 
Failed to converge: 
Failed to converge: 
Failed to converge: 
Failed to converge: 
Failed to converge: 
Failed to converge: 
Failed to converge: 
Failed to converge: 
Failed to converge: 
Failed to converge: 
Failed to converge: 
Failed to converge: 
Failed to converge: 
Failed to converge: 
Failed to converge: 
Failed to converge: 
Failed to converge: 
Failed to converge: 
Failed to converge: 
Failed to converge: 
Failed to converge: 
Failed to converge: 
Failed to converge: 
Failed to converge: 
Failed to converge: 
Failed to converge: 
Failed to converge: 
Failed to converge: 
Failed to converge: 
Failed to converge: 
Failed to converge: 
Failed to converge: 
Failed to converge: 
Failed to converge: 
Failed to converge: 
Failed to converge: 
Failed to converge: 
Failed to converge: 
Failed to converge: 
Failed to converge: 
Failed to converge: 
Failed to converge: 
Failed to converge: 
Failed to converge: 
Failed to converge: 
Failed to converge: 
Failed to converge: 
Failed to converge: 
Failed to converge: 
Failed to converge: 
Failed to converge: 
Failed to converge: 
Failed to converge: 
Failed to converge: 
Failed to converge: 
Failed to converge: 
Failed to converge: 
Failed to converge: 
Failed to converge: 
Failed to converge: 
Failed to converge: 
Failed to converge: 
Failed to converge: 
Failed to converge: 
Failed to converge: 
Failed to converge: 
Failed to converge: 
Failed to converge: 
Failed to converge: 
Failed to converge: 
Failed to converge: 
Failed to converge: 
Failed to converge: 
Failed to converge: 
Failed to converge: 
Failed to converge: 
Failed to converge: 
Failed to converge: 
Failed to converge: 
Failed to converge: 
Failed to converge: 
Failed to converge: 
Failed to converge: 
Failed to converge: 
Failed to converge: 
Failed to converge: 
Failed to converge: 
Failed to converge: 
Failed to converge: 
Failed to converge: 
Failed to converge: 
Failed to converge: 
Failed to converge: 
Failed to converge: 
Failed to converge: 
Failed to converge: 
Failed to converge: 
Failed to converge: 
Failed to converge: 
Failed to converge: 
Failed to converge: 
Failed to converge: 
Failed to converge: 
Failed to converge: 
Failed to converge: 
Failed to converge: 
Failed to converge: 
Failed to converge: 
Failed to converge: 
Failed to converge: 
Failed to converge: 
Failed to converge: 
Failed to converge: 
Failed to converge: 
Failed to converge: 
Failed to converge: 
Failed to converge: 
Failed to converge: 
Failed to converge: 
Failed to converge: 
Failed to converge: 
Failed to converge: 
Failed to converge: 
Failed to converge: 
Failed to converge: 
Failed to converge: 
Failed to converge: 
Failed to converge: 
Failed to converge: 
Failed to converge: 
Failed to converge: 
Failed to converge: 
Failed to converge: 
Failed to converge: 
Failed to converge: 
Failed to converge: 
Failed to converge: 
Failed to converge: 
Failed to converge: 
Failed to converge: 
Failed to converge: 
Failed to converge: 
Failed to converge: 
Failed to converge: 
Failed to converge: 
Failed to converge: 
Failed to converge: 
Failed to converge: 
Failed to converge: 
Failed to converge: 
Failed to converge: 
Failed to converge: 
Failed to converge: 
Failed to converge: 
Failed to converge: 
Failed to converge: 
Failed to converge: 
Failed to converge: 
Failed to converge: 
Failed to converge: 
Failed to converge: 
Failed to converge: 
Failed to converge: 
Failed to converge: 
Failed to converge: 
Failed to converge: 
Failed to converge: 
Failed to converge: 
Failed to converge: 
Failed to converge: 
Failed to converge: 
Failed to converge: 
Failed to converge: 
Failed to converge: 
Failed to converge: 
Failed to converge: 
Failed to converge: 
Failed to converge: 
Failed to converge: 
Failed to converge: 
Failed to converge: 
Failed to converge: 
Failed to converge: 
Failed to converge: 
Failed to converge: 
Failed to converge: 
Failed to converge: 
Failed to converge: 
Failed to converge: 
Failed to converge: 
Failed to converge: 
Failed to converge: 
Failed to converge: 
Failed to converge: 
Failed to converge: 
Failed to converge: 
Failed to converge: 
Failed to converge: 
Failed to converge: 
Failed to converge: 
Failed to converge: 
Failed to converge: 
Failed to converge: 
Failed to converge: 
Failed to converge: 
Failed to converge: 
Failed to converge: 
Failed to converge: 
Failed to converge: 
Failed to converge: 
Failed to converge: 
Failed to converge: 
Failed to converge: 
Failed to converge: 
Failed to converge: 
Failed to converge: 
Failed to converge: 
Failed to converge: 
Failed to converge: 
Failed to converge: 
Failed to converge: 
Failed to converge: 
Failed to converge: 
Failed to converge: 
Failed to converge: 
Failed to converge: 
Failed to converge: 
Failed to converge: 
Failed to converge: 
Failed to converge: 
Failed to converge: 
Failed to converge: 
Failed to converge: 
Failed to converge: 
Failed to converge: 
Failed to converge: 
Failed to converge: 
Failed to converge: 
Failed to converge: 
Failed to converge: 
Failed to converge: 
Failed to converge: 
Failed to converge: 
Failed to converge: 
Failed to converge: 
Failed to converge: 
Failed to converge: 
Failed to converge: 
Failed to converge: 
Failed to converge: 
Failed to converge: 
Failed to converge: 
Failed to converge: 
Failed to converge: 
Failed to converge: 
Failed to converge: 
Failed to converge: 
Failed to converge: 
Failed to converge: 
Failed to converge: 
Failed to converge: 
Failed to converge: 
Failed to converge: 
Failed to converge: 
Failed to converge: 
Failed to converge: 
Failed to converge: 
Failed to converge: 
Failed to converge: 
Failed to converge: 
Failed to converge: 
Failed to converge: 
Failed to converge: 
Failed to converge: 
Failed to converge: 
Failed to converge: 
Failed to converge: 
Failed to converge: 
Failed to converge: 
Failed to converge: 
Failed to converge: 
Failed to converge: 
Failed to converge: 
Failed to converge: 
Failed to converge: 
Failed to converge: 
Failed to converge: 
Failed to converge: 
Failed to converge: 
Failed to converge: 
Failed to converge: 
Failed to converge: 
Failed to converge: 
Failed to converge: 
Failed to converge: 
Failed to converge: 
Failed to converge: 
Failed to converge: 
Failed to converge: 
Failed to converge: 
Failed to converge: 
Failed to converge: 
Failed to converge: 
Failed to converge: 
Failed to converge: 
Failed to converge: 
Failed to converge: 
Failed to converge: 
Failed to converge: 
Failed to converge: 
Failed to converge: 
Failed to converge: 
Failed to converge: 
Failed to converge: 
Failed to converge: 
Failed to converge: 
Failed to converge: 
Failed to converge: 
Failed to converge: 
Failed to converge: 
Failed to converge: 
Failed to converge: 
Failed to converge: 
Failed to converge: 
Failed to converge: 
Failed to converge: 
Failed to converge: 
Failed to converge: 
Failed to converge: 
Failed to converge: 
Failed to converge: 
Failed to converge: 
Failed to converge: 
Failed to converge: 
Failed to converge: 
Failed to converge: 
Failed to converge: 
Failed to converge: 
Failed to converge: 
Failed to converge: 
Failed to converge: 
Failed to converge: 
Failed to converge: 
Failed to converge: 
Failed to converge: 
Failed to converge: 
Failed to converge: 
Failed to converge: 
Failed to converge: 
Failed to converge: 
Failed to converge: 
Failed to converge: 
Failed to converge: 
Failed to converge: 
Failed to converge: 
Failed to converge: 
Failed to converge: 
Failed to converge: 
Failed to converge: 
Failed to converge: 
Failed to converge: 
Failed to converge: 
Failed to converge: 
Failed to converge: 
Failed to converge: 
Failed to converge: 
Failed to converge: 
Failed to converge: 
Failed to converge: 
Failed to converge: 
Failed to converge: 
Failed to converge: 
Failed to converge: 
Failed to converge: 
Failed to converge: 
Failed to converge: 
Failed to converge: 
Failed to converge: 
Failed to converge: 
Failed to converge: 
Failed to converge: 
Failed to converge: 
Failed to converge: 
Failed to converge: 
Failed to converge: 
Failed to converge: 
Failed to converge: 
Failed to converge: 
Failed to converge: 
Failed to converge: 
Failed to converge: 
Failed to converge: 
Failed to converge: 
Failed to converge: 
Failed to converge: 
Failed to converge: 
Failed to converge: 
Failed to converge: 
Failed to converge: 
Failed to converge: 
Failed to converge: 
Failed to converge: 
Failed to converge: 
Failed to converge: 
Failed to converge: 
Failed to converge: 
Failed to converge: 
Failed to converge: 
Failed to converge: 
Failed to converge: 
Failed to converge: 
Failed to converge: 
Failed to converge: 
Failed to converge: 
Failed to converge: 
Failed to converge: 
Failed to converge: 
Failed to converge: 
Failed to converge: 
Failed to converge: 
Failed to converge: 
Failed to converge: 
Failed to converge: 
Failed to converge: 
Failed to converge: 
Failed to converge: 
Failed to converge: 
Failed to converge: 
Failed to converge: 
Failed to converge: 
Failed to converge: 
Failed to converge: 
Failed to converge: 
Failed to converge: 
Failed to converge: 
Failed to converge: 
Failed to converge: 
Failed to converge: 
Failed to converge: 
Failed to converge: 
Failed to converge: 
Failed to converge: 
Failed to converge: 
Failed to converge: 
Failed to converge: 
Failed to converge: 
Failed to converge: 
Failed to converge: 
Failed to converge: 
Failed to converge: 
Failed to converge: 
Failed to converge: 
Failed to converge: 
Failed to converge: 
Failed to converge: 
Failed to converge: 
Failed to converge: 
Failed to converge: 
Failed to converge: 
Failed to converge: 
    22App   -0.100704    36Ap    -0.100194  
      37Ap    -0.097202    23App   -0.097200    24App   -0.060886  
      38Ap    -0.060878    39Ap    -0.051156    40Ap    -0.032402  
      25App   -0.032399    26App   -0.023056    41Ap    -0.023055  
      42Ap    -0.018386    27App   -0.012853    43Ap    -0.012383  
      28App   -0.012382    29App    0.040359    44Ap     0.040359  
      45Ap     0.058252    30App    0.068038    46Ap     0.068060  
      31App    0.077635    32App    0.112130    47Ap     0.112135  
      48Ap     0.148288    49Ap     0.156687    50Ap     0.161873  
      33App    0.161876    51Ap     0.171474    34App    0.204019  
      52Ap     0.204022    53Ap     0.225297    35App    0.225300  
      54Ap     0.228880    36App    0.233397    55Ap     0.255882  
      37App    0.255897    56Ap     0.294567    57Ap     0.488754  
      58Ap     0.493085    38App    0.493092    59Ap     0.545048  
      39App    0.545079    60Ap     0.580245    40App    0.606299  
      61Ap     0.606305    62Ap     0.654468    41App    0.654501  
      63Ap     0.661941    64Ap     0.668969    42App    0.686430  
      65Ap     0.697249    43App    0.697260    66Ap     0.738297  
      67Ap     0.738987    44App    0.739005    68Ap     0.760127  
      45App    0.760131    46App    0.801504    69Ap     0.808911  
      70Ap     0.813035    47App    0.813049    48App    0.817033  
      71Ap     0.867770    49App    0.867782    72Ap     0.879651  
      73Ap     0.901768    50App    0.901823    51App    0.922747  
      74Ap     0.947571    52App    0.947605    75Ap     0.978990  
      53App    0.987813    76Ap     0.987838    77Ap     1.020451  
      54App    1.020471    55App    1.066445    78Ap     1.068452  
      79Ap     1.069952    56App    1.069973    80Ap     1.086194  
      81Ap     1.102418    57App    1.102433    82Ap     1.129076  
      58App    1.129100    59App    1.153555    83Ap     1.153563  
      84Ap     1.155142    60App    1.167900    85Ap     1.209103  
      61App    1.209116    86Ap     1.240317    87Ap     1.267633  
      62App    1.267666    88Ap     1.314038    89Ap     1.377349  
      63App    1.377366    64App    1.508741    90Ap     1.508743  
      65App    1.595201    91Ap     1.694892    92Ap     1.926598  
      93Ap     2.341334    94Ap     2.401482    66App    2.401486  
      95Ap     2.558440    96Ap     2.932082    67App    2.932293  
      97Ap     3.044566    68App    3.045038    98Ap     3.049337  
      99Ap     3.083406    69App    3.088038   100Ap     3.088376  
      70App    3.167926    71App    3.169107   101Ap     3.169145  
     102Ap     3.183732   103Ap     3.216725    72App    3.216923  
     104Ap     3.217171    73App    3.229329   105Ap     3.229381  
      74App    3.262442   106Ap     3.293707    75App    3.383407  
     107Ap     3.394895    76App    3.394941    77App    3.405251  
     108Ap     3.405638    78App    3.407863   109Ap     3.408474  
     110Ap     3.439666   111Ap     3.519322    79App    3.519655  
     112Ap     3.552775    80App    3.597291   113Ap     3.637194  
      81App    3.637277    82App    3.746278   114Ap     3.746355  
      83App    3.750491   115Ap     3.752474   116Ap     3.752556  
      84App    3.752841   117Ap     3.753972    85App    3.755871  
     118Ap     3.756106   119Ap     3.757642    86App    3.757779  
     120Ap     3.759251    87App    3.763739   121Ap     3.763798  
      88App    3.764102    89App    3.764422   122Ap     3.764537  
     123Ap     3.765235    90App    3.768259   124Ap     3.771369  
      91App    3.771963   125Ap     3.772338    92App    3.784885  
     126Ap     3.785150    93App    3.786912   127Ap     3.796854  
      94App    3.796901   128Ap     3.801200    95App    3.801240  
     129Ap     3.826297    96App    3.845045   130Ap     3.845125  
      97App    3.930353   131Ap     3.930486    98App    3.996087  
     132Ap     4.315104   133Ap     4.439570    99App    4.440315  
     134Ap     5.406368   135Ap    27.296889   100App   27.297017  
     136Ap    27.442313   101App   27.442329   137Ap    27.644230  
     102App   28.424679   138Ap    28.424756   103App   28.617512  
     139Ap    28.920835   140Ap    29.526162   104App   29.526238  
     141Ap    32.227891   142Ap    43.889148   143Ap    44.382843  
     105App   44.382844   144Ap    44.402009   145Ap   204.859070  
     146Ap   205.067159   147Ap   205.076898   106App  205.076903  

    Final Occupation by Irrep:
             Ap   App 
    DOCC [    22,   15 ]
    SOCC [     1,    0 ]

  @DF-UKS Final Energy:  -543.01791462860501

   => Energetics <=

    Nuclear Repulsion Energy =            430.6740234109537937
    One-Electron Energy =               -1785.3132701194847414
    Two-Electron Energy =                 863.0055818502082730
    DFT Exchange-Correlation Energy =     -51.3828035802823990
    Empirical Dispersion Energy =          -0.0014461900000000
    VV10 Nonlocal Energy =                  0.0000000000000000
    Total Energy =                       -543.0179146286050127

  UHF NO Occupations:
  HONO-2 :   15App 1.9994368
  HONO-1 :   22 Ap 1.9991761
  HONO-0 :   23 Ap 1.0000000
  LUNO+0 :   24 Ap 0.0008239
  LUNO+1 :   16App 0.0005632
  LUNO+2 :   25 Ap 0.0005624
  LUNO+3 :   26 Ap 0.0002333


Computation Completed


Properties will be evaluated at   0.000000,   0.000000,   0.000000 [a0]

Properties computed using the SCF density matrix

  Nuclear Dipole Moment: [e a0]
     X:     0.0000      Y:    -5.6885      Z:    -0.0000

  Electronic Dipole Moment: [e a0]
     X:    -0.0002      Y:     5.6071      Z:     0.0000

  Dipole Moment: [e a0]
     X:    -0.0002      Y:    -0.0815      Z:    -0.0000     Total:     0.0815

  Dipole Moment: [D]
     X:    -0.0006      Y:    -0.2071      Z:    -0.0000     Total:     0.2071


*** tstop() called on compute404.bc4.acrc.priv at Tue Nov  2 11:11:40 2021
Module time:
	user time   =    1068.61 seconds =      17.81 minutes
	system time =      49.26 seconds =       0.82 minutes
	total time  =         53 seconds =       0.88 minutes
Total time:
	user time   =    1068.61 seconds =      17.81 minutes
	system time =      49.26 seconds =       0.82 minutes
	total time  =         53 seconds =       0.88 minutes

    Psi4 stopped on: Tuesday, 02 November 2021 11:11AM
    Psi4 wall time for execution: 0:00:52.93

*** Psi4 exiting successfully. Buy a developer a beer!
