Failed to converge: 
Failed to converge: 
Failed to converge: 
Failed to converge: 
Failed to converge: 
Failed to converge: 
Failed to converge: 
Failed to converge: 
Failed to converge: 
Failed to converge: 
Failed to converge: 
Failed to converge: 
Failed to converge: 
Failed to converge: 
Failed to converge: 
Failed to converge: 
Failed to converge: 
Failed to converge: 
Failed to converge: 
Failed to converge: 
Failed to converge: 
Failed to converge: 
Failed to converge: 
Failed to converge: 
Failed to converge: 
Failed to converge: 
Failed to converge: 
Failed to converge: 
Failed to converge: 
Failed to converge: 
Failed to converge: 
Failed to converge: 
Failed to converge: 
Failed to converge: 
Failed to converge: 
Failed to converge: 
Failed to converge: 
Failed to converge: 
Failed to converge: 
Failed to converge: 
Failed to converge: 
Failed to converge: 
Failed to converge: 
Failed to converge: 
Failed to converge: 
Failed to converge: 
Failed to converge: 
Failed to converge: 
Failed to converge: 
Failed to converge: 
Failed to converge: 
Failed to converge: 
Failed to converge: 
Failed to converge: 
Failed to converge: 
Failed to converge: 
Failed to converge: 
Failed to converge: 
Failed to converge: 
Failed to converge: 
Failed to converge: 
Failed to converge: 
Failed to converge: 
Failed to converge: 
Failed to converge: 
Failed to converge: 
Failed to converge: 
Failed to converge: 
Failed to converge: 
Failed to converge: 
Failed to converge: 
Failed to converge: 
Failed to converge: 
Failed to converge: 
Failed to converge: 
Failed to converge: 
Failed to converge: 
Failed to converge: 
Failed to converge: 
Failed to converge: 
Failed to converge: 
Failed to converge: 
Failed to converge: 
Failed to converge: 
Failed to converge: 
Failed to converge: 
Failed to converge: 
Failed to converge: 
Failed to converge: 
Failed to converge: 
Failed to converge: 
Failed to converge: 
Failed to converge: 
Failed to converge: 
Failed to converge: 
Failed to converge: 
Failed to converge: 
Failed to converge: 
Failed to converge: 
Failed to converge: 
Failed to converge: 
Failed to converge: 
Failed to converge: 
Failed to converge: 
Failed to converge: 
Failed to converge: 
Failed to converge: 
Failed to converge: 
Failed to converge: 
Failed to converge: 
Failed to converge: 
Failed to converge: 
Failed to converge: 
Failed to converge: 
Failed to converge: 
Failed to converge: 
Failed to converge: 
Failed to converge: 
Failed to converge: 
Failed to converge: 
Failed to converge: 
Failed to converge: 
Failed to converge: 
Failed to converge: 
Failed to converge: 
Failed to converge: 
Failed to converge: 
Failed to converge: 
Failed to converge: 
Failed to converge: 
Failed to converge: 
Failed to converge: 
Failed to converge: 
Failed to converge: 
Failed to converge: 
Failed to converge: 
Failed to converge: 
Failed to converge: 
Failed to converge: 
Failed to converge: 
Failed to converge: 
Failed to converge: 
Failed to converge: 
Failed to converge: 
Failed to converge: 
Failed to converge: 
Failed to converge: 
Failed to converge: 
Failed to converge: 
Failed to converge: 
Failed to converge: 
Failed to converge: 
Failed to converge: 
Failed to converge: 
Failed to converge: 
Failed to converge: 
Failed to converge: 
Failed to converge: 
Failed to converge: 
Failed to converge: 
Failed to converge: 
Failed to converge: 
Failed to converge: 
Failed to converge: 
Failed to converge: 
Failed to converge: 
Failed to converge: 
Failed to converge: 
Failed to converge: 
Failed to converge: 
Failed to converge: 
Failed to converge: 
Failed to converge: 
Failed to converge: 
Failed to converge: 
Failed to converge: 
Failed to converge: 
Failed to converge: 
Failed to converge: 
Failed to converge: 
Failed to converge: 
Failed to converge: 
Failed to converge: 
Failed to converge: 
Failed to converge: 
Failed to converge: 
Failed to converge: 
Failed to converge: 
Failed to converge: 
Failed to converge: 
Failed to converge: 
Failed to converge: 
Failed to converge: 
Failed to converge: 
Failed to converge: 
Failed to converge: 
Failed to converge: 
Failed to converge: 
Failed to converge: 
Failed to converge: 
Failed to converge: 
Failed to converge: 
Failed to converge: 
Failed to converge: 
Failed to converge: 
Failed to converge: 
Failed to converge: 
Failed to converge: 
Failed to converge: 
Failed to converge: 
Failed to converge: 
Failed to converge: 
Failed to converge: 
Failed to converge: 
Failed to converge: 
Failed to converge: 
Failed to converge: 
Failed to converge: 
Failed to converge: 
Failed to converge: 
Failed to converge: 
Failed to converge: 
Failed to converge: 
Failed to converge: 
Failed to converge: 
Failed to converge: 
Failed to converge: 
Failed to converge: 
Failed to converge: 
Failed to converge: 
Failed to converge: 
Failed to converge: 
Failed to converge: 
Failed to converge: 
Failed to converge: 
Failed to converge: 
Failed to converge: 
Failed to converge: 
Failed to converge: 
Failed to converge: 
Failed to converge: 
Failed to converge: 
Failed to converge: 
Failed to converge: 
Failed to converge: 
Failed to converge: 
Failed to converge: 
Failed to converge: 
Failed to converge: 
Failed to converge: 
Failed to converge: 
Failed to converge: 
Failed to converge: 
Failed to converge: 
Failed to converge: 
Failed to converge: 
Failed to converge: 
Failed to converge: 
Failed to converge: 
Failed to converge: 
Failed to converge: 
Failed to converge: 
Failed to converge: 
Failed to converge: 
Failed to converge: 
Failed to converge: 
Failed to converge: 
Failed to converge: 
Failed to converge: 
Failed to converge: 
Failed to converge: 
Failed to converge: 
Failed to converge: 
Failed to converge: 
Failed to converge: 
Failed to converge: 
Failed to converge: 
Failed to converge: 
Failed to converge: 
Failed to converge: 
Failed to converge: 
Failed to converge: 
Failed to converge: 
Failed to converge: 
Failed to converge: 
Failed to converge: 
Failed to converge: 
Failed to converge: 
Failed to converge: 
Failed to converge: 
Failed to converge: 
Failed to converge: 
Failed to converge: 
Failed to converge: 
Failed to converge: 
Failed to converge: 
Failed to converge: 
Failed to converge: 
Failed to converge: 
Failed to converge: 
Failed to converge: 
Failed to converge: 
Failed to converge: 
Failed to converge: 
Failed to converge: 
Failed to converge: 
Failed to converge: 
Failed to converge: 
Failed to converge: 
Failed to converge: 
Failed to converge: 
Failed to converge: 
Failed to converge: 
Failed to converge: 
Failed to converge: 
Failed to converge: 
Failed to converge: 
Failed to converge: 
Failed to converge: 
Failed to converge: 
Failed to converge: 
Failed to converge: 
Failed to converge: 
Failed to converge: 
Failed to converge: 
Failed to converge: 
Failed to converge: 
Failed to converge: 
Failed to converge: 
Failed to converge: 
Failed to converge: 
Failed to converge: 
Failed to converge: 
Failed to converge: 
Failed to converge: 
Failed to converge: 
Failed to converge: 
Failed to converge: 
Failed to converge: 
Failed to converge: 
Failed to converge: 
Failed to converge: 
Failed to converge: 
Failed to converge: 
Failed to converge: 
Failed to converge: 
Failed to converge: 
Failed to converge: 
Failed to converge: 
Failed to converge: 
Failed to converge: 
Failed to converge: 
Failed to converge: 
Failed to converge: 
Failed to converge: 
Failed to converge: 
Failed to converge: 
Failed to converge: 
Failed to converge: 
Failed to converge: 
Failed to converge: 
Failed to converge: 
Failed to converge: 
Failed to converge: 
Failed to converge: 
Failed to converge: 
Failed to converge: 
Failed to converge: 
Failed to converge: 
Failed to converge: 
Failed to converge: 
Failed to converge: 
Failed to converge: 
Failed to converge: 
Failed to converge: 
Failed to converge: 
Failed to converge: 
Failed to converge: 
Failed to converge: 
Failed to converge: 
Failed to converge: 
Failed to converge: 
Failed to converge: 
Failed to converge: 
Failed to converge: 
Failed to converge: 
Failed to converge: 
Failed to converge: 
Failed to converge: 
Failed to converge: 
Failed to converge: 
Failed to converge: 
Failed to converge: 
Failed to converge: 
Failed to converge: 
Failed to converge: 
Failed to converge: 
Failed to converge: 
Failed to converge: 
Failed to converge: 
Failed to converge: 
Failed to converge: 
Failed to converge: 
Failed to converge: 
Failed to converge: 
Failed to converge: 
Failed to converge: 
Failed to converge: 
Failed to converge: 
Failed to converge: 
Failed to converge: 
Failed to converge: 
Failed to converge: 
Failed to converge: 
Failed to converge: 
Failed to converge: 
Failed to converge: 
Failed to converge: 
Failed to converge: 
Failed to converge: 
Failed to converge: 
Failed to converge: 
Failed to converge: 
Failed to converge: 
Failed to converge: 
Failed to converge: 
Failed to converge: 
Failed to converge: 
Failed to converge: 
Failed to converge: 
Failed to converge: 
Failed to converge: 
Failed to converge: 
Failed to converge: 
Failed to converge: 
Failed to converge: 
Failed to converge: 
Failed to converge: 
Failed to converge: 
Failed to converge: 
Failed to converge: 
Failed to converge: 
Failed to converge: 
Failed to converge: 
Failed to converge: 
Failed to converge: 
Failed to converge: 
Failed to converge: 
Failed to converge: 
Failed to converge: 
Failed to converge: 
Failed to converge: 
Failed to converge: 
Failed to converge: 
Failed to converge: 
Failed to converge: 
Failed to converge: 
Failed to converge: 
Failed to converge: 
Failed to converge: 
Failed to converge: 
Failed to converge: 
Failed to converge: 
Failed to converge: 
Failed to converge: 
Failed to converge: 
Failed to converge: 
Failed to converge: 
Failed to converge: 
Failed to converge: 
Failed to converge: 
Failed to converge: 
Failed to converge: 
Failed to converge: 
Failed to converge: 
Failed to converge: 
Failed to converge: 
Failed to converge: 
Failed to converge: 
Failed to converge: 
Failed to converge: 
Failed to converge: 
Failed to converge: 
Failed to converge: 
Failed to converge: 
Failed to converge: 
Failed to converge: 
Failed to converge: 
Failed to converge: 
Failed to converge: 
Failed to converge: 
Failed to converge: 
Failed to converge: 
Failed to converge: 
Failed to converge: 
Failed to converge: 
Failed to converge: 
Failed to converge: 
Failed to converge: 
Failed to converge: 
Failed to converge: 
Failed to converge: 
Failed to converge: 
Failed to converge: 
Failed to converge: 
Failed to converge: 
Failed to converge: 
Failed to converge: 
Failed to converge: 
Failed to converge: 
Failed to converge: 
Failed to converge: 
Failed to converge: 
Failed to converge: 
Failed to converge: 
Failed to converge: 
Failed to converge: 
Failed to converge: 
Failed to converge: 
Failed to converge: 
Failed to converge: 
Failed to converge: 
Failed to converge: 
Failed to converge: 
Failed to converge: 
Failed to converge: 
Failed to converge: 
Failed to converge: 
Failed to converge: 
Failed to converge: 
Failed to converge: 
Failed to converge: 
Failed to converge: 
Failed to converge: 
Failed to converge: 
Failed to converge: 
Failed to converge: 
Failed to converge: 
Failed to converge: 
Failed to converge: 
Failed to converge: 
Failed to converge: 
Failed to converge: 
Failed to converge: 
Failed to converge: 
Failed to converge: 
Failed to converge: 
Failed to converge: 
Failed to converge: 
Failed to converge: 
Failed to converge: 
Failed to converge: 
Failed to converge: 
Failed to converge: 
Failed to converge: 
Failed to converge: 
Failed to converge: 
Failed to converge: 
Failed to converge: 
Failed to converge: 
Failed to converge: 
Failed to converge: 
Failed to converge: 
Failed to converge: 
Failed to converge: 
Failed to converge: 
Failed to converge: 
Failed to converge: 
Failed to converge: 
Failed to converge: 
Failed to converge: 
Failed to converge: 
Failed to converge: 
Failed to converge: 
Failed to converge: 
Failed to converge: 
Failed to converge: 
Failed to converge: 
Failed to converge: 
Failed to converge: 
Failed to converge: 
Failed to converge: 
Failed to converge: 
Failed to converge: 
Failed to converge: 
Failed to converge: 
Failed to converge: 
Failed to converge: 
Failed to converge: 
Failed to converge: 
Failed to converge: 
Failed to converge: 
Failed to converge: 
Failed to converge: 
Failed to converge: 
Failed to converge: 
Failed to converge: 
Failed to converge: 
Failed to converge: 
Failed to converge: 
Failed to converge: 
Failed to converge: 
Failed to converge: 
Failed to converge: 
Failed to converge: 
Failed to converge: 
Failed to converge: 
Failed to converge: 
Failed to converge: 
Failed to converge: 
Failed to converge: 
Failed to converge: 
Failed to converge: 
Failed to converge: 
Failed to converge: 
Failed to converge: 
Failed to converge: 
Failed to converge: 
Failed to converge: 
Failed to converge: 
Failed to converge: 
Failed to converge: 
Failed to converge: 
Failed to converge: 
Failed to converge: 
Failed to converge: 
Failed to converge: 
Failed to converge: 
Failed to converge: 
Failed to converge: 
Failed to converge: 
Failed to converge: 
Failed to converge: 
Failed to converge: 
Failed to converge: 
Failed to converge: 
Failed to converge: 
Failed to converge: 
Failed to converge: 
Failed to converge: 
Failed to converge: 
Failed to converge: 
Failed to converge: 
Failed to converge: 
Failed to converge: 
Failed to converge: 
Failed to converge: 
Failed to converge: 
Failed to converge: 
Failed to converge: 
Failed to converge: 
Failed to converge: 
Failed to converge: 
Failed to converge: 
Failed to converge: 
Failed to converge: 
Failed to converge: 
Failed to converge: 
Failed to converge: 
Failed to converge: 
Failed to converge: 
Failed to converge: 
Failed to converge: 
Failed to converge: 
Failed to converge: 
Failed to converge: 
Failed to converge: 
Failed to converge: 
Failed to converge: 
Failed to converge: 
Failed to converge: 
Failed to converge: 
Failed to converge: 
Failed to converge: 
Failed to converge: 
Failed to converge: 
Failed to converge: 
Failed to converge: 
Failed to converge: 
Failed to converge: 
Failed to converge: 
Failed to converge: 
Failed to converge: 
Failed to converge: 
Failed to converge: 
Failed to converge: 
Failed to converge: 
Failed to converge: 
Failed to converge: 
Failed to converge: 
Failed to converge: 
Failed to converge: 
Failed to converge: 
Failed to converge: 
Failed to converge: 
Failed to converge: 
Failed to converge: 
Failed to converge: 
Failed to converge: 
Failed to converge: 
Failed to converge: 
Failed to converge: 
Failed to converge: 
Failed to converge: 
Failed to converge: 
Failed to converge: 
Failed to converge: 
Failed to converge: 
Failed to converge: 
Failed to converge: 
Failed to converge: 
Failed to converge: 
Failed to converge: 
Failed to converge: 
Failed to converge: 
Failed to converge: 
Failed to converge: 
Failed to converge: 
Failed to converge: 
Failed to converge: 
Failed to converge: 
Failed to converge: 
Failed to converge: 
Failed to converge: 
Failed to converge: 
Failed to converge: 
Failed to converge: 
Failed to converge: 
Failed to converge: 
Failed to converge: 
Failed to converge: 
Failed to converge: 
Failed to converge: 
Failed to converge: 
Failed to converge: 
Failed to converge: 
Failed to converge: 
Failed to converge: 
Failed to converge: 
Failed to converge: 
Failed to converge: 
Failed to converge: 
Failed to converge: 
Failed to converge: 
Failed to converge: 
Failed to converge: 
Failed to converge: 
Failed to converge: 
Failed to converge: 
Failed to converge: 
Failed to converge: 
Failed to converge: 
Failed to converge: 
Failed to converge: 
Failed to converge: 
Failed to converge: 
Failed to converge: 
Failed to converge: 
Failed to converge: 
Failed to converge: 
Failed to converge: 
Failed to converge: 
Failed to converge: 
Failed to converge: 
Failed to converge: 
Failed to converge: 
Failed to converge: 
Failed to converge: 
Failed to converge: 
Failed to converge: 
Failed to converge: 
Failed to converge: 
Failed to converge: 
Failed to converge: 
Failed to converge: 
Failed to converge: 
Failed to converge: 
Failed to converge: 
Failed to converge: 
Failed to converge: 
Failed to converge: 
Failed to converge: 
Failed to converge: 
Failed to converge: 
Failed to converge: 
Failed to converge: 
Failed to converge: 
Failed to converge: 
Failed to converge: 
Failed to converge: 
Failed to converge: 
Failed to converge: 
Failed to converge: 
Failed to converge: 
Failed to converge: 
Failed to converge: 
Failed to converge: 
Failed to converge: 
Failed to converge: 
Failed to converge: 
Failed to converge: 
Failed to converge: 
Failed to converge: 
Failed to converge: 
Failed to converge: 
Failed to converge: 
Failed to converge: 
Failed to converge: 
Failed to converge: 
Failed to converge: 
Failed to converge: 
Failed to converge: 
Failed to converge: 
Failed to converge: 
Failed to converge: 
Failed to converge: 
Failed to converge: 
Failed to converge: 
Failed to converge: 
Failed to converge: 
Failed to converge: 
Failed to converge: 
Failed to converge: 
Failed to converge: 
Failed to converge: 
Failed to converge: 
Failed to converge: 
Failed to converge: 
Failed to converge: 
Failed to converge: 
Failed to converge: 
  25App   -0.041840    39Ap    -0.041832  
      40Ap    -0.033432    26App   -0.021063    41Ap    -0.019293  
      27App   -0.019285    42Ap    -0.013562    43Ap     0.003093  
      44Ap     0.003270    28App    0.003275    29App    0.034688  
      45Ap     0.034740    46Ap     0.056975    30App    0.056977  
      31App    0.071431    47Ap     0.100381    48Ap     0.134718  
      49Ap     0.153846    32App    0.153849    50Ap     0.154881  
      33App    0.159043    51Ap     0.159046    34App    0.193864  
      52Ap     0.193897    53Ap     0.209689    35App    0.213545  
      54Ap     0.213568    36App    0.224439    37App    0.240082  
      55Ap     0.240118    56Ap     0.319819    38App    0.456567  
      57Ap     0.456595    58Ap     0.488836    59Ap     0.529554  
      60Ap     0.537212    39App    0.537218    61Ap     0.595226  
      40App    0.595265    62Ap     0.633961    63Ap     0.645332  
      41App    0.645349    42App    0.681855    64Ap     0.708627  
      43App    0.708653    65Ap     0.729460    66Ap     0.746076  
      44App    0.746079    45App    0.777325    67Ap     0.777330  
      46App    0.791726    68Ap     0.796527    47App    0.805567  
      69Ap     0.814185    48App    0.814215    70Ap     0.829946  
      71Ap     0.867904    49App    0.867924    72Ap     0.898538  
      73Ap     0.900891    50App    0.900892    51App    0.907714  
      52App    0.963401    74Ap     0.963414    75Ap     0.985010  
      76Ap     1.000991    53App    1.001003    77Ap     1.010669  
      78Ap     1.038124    54App    1.054683    55App    1.068258  
      79Ap     1.068280    80Ap     1.072566    56App    1.072580  
      81Ap     1.108365    57App    1.108397    82Ap     1.118933  
      58App    1.118945    83Ap     1.140653    59App    1.150258  
      84Ap     1.157084    60App    1.157122    85Ap     1.206577  
      61App    1.206607    86Ap     1.283919    87Ap     1.304022  
      62App    1.304029    88Ap     1.345087    89Ap     1.409269  
      63App    1.409336    64App    1.522115    90Ap     1.522135  
      65App    1.545917    91Ap     1.553742    92Ap     2.127082  
      93Ap     2.393925    66App    2.478292    94Ap     2.478292  
      95Ap     2.787924    96Ap     2.843454    67App    2.843747  
      97Ap     2.895804    98Ap     3.042816    99Ap     3.077171  
      68App    3.077291    69App    3.123770   100Ap     3.123842  
      70App    3.171755   101Ap     3.189830    71App    3.189886  
     102Ap     3.196183    72App    3.257649    73App    3.264566  
     103Ap     3.264726   104Ap     3.307375   105Ap     3.346487  
      74App    3.346674   106Ap     3.348669    75App    3.370584  
     107Ap     3.377899    76App    3.378115   108Ap     3.442536  
      77App    3.442703   109Ap     3.480118    78App    3.480234  
     110Ap     3.496214   111Ap     3.519682    79App    3.520394  
     112Ap     3.520620    80App    3.582827   113Ap     3.624093  
      81App    3.624588    82App    3.663348   114Ap     3.663540  
     115Ap     3.725152    83App    3.741760   116Ap     3.741818  
     117Ap     3.745470    84App    3.747155    85App    3.747978  
     118Ap     3.747993    86App    3.749837   119Ap     3.754785  
      87App    3.755239    88App    3.758179   120Ap     3.758568  
      89App    3.758774   121Ap     3.775155    90App    3.775250  
     122Ap     3.777688   123Ap     3.782141    91App    3.789285  
     124Ap     3.789391   125Ap     3.790973    92App    3.791024  
     126Ap     3.792640    93App    3.792762    94App    3.835193  
     127Ap     3.835387   128Ap     3.843660    95App    3.865591  
     129Ap     3.865647    96App    3.907538   130Ap     3.907578  
      97App    3.942362   131Ap     4.024897    98App    4.025132  
     132Ap     4.080625   133Ap     4.728854    99App    4.729073  
     134Ap     4.748106   135Ap    27.402653   100App   27.402760  
     136Ap    27.637647   101App   27.637698   102App   28.494723  
     137Ap    28.494809   103App   28.884218   138Ap    28.884298  
     139Ap    29.188403   140Ap    30.302659   104App   30.302720  
     141Ap    30.474226   142Ap    44.031759   143Ap    44.370138  
     105App   44.501947   144Ap    44.501950   145Ap   204.923415  
     146Ap   205.074278   106App  205.116221   147Ap   205.116227  

    Final Occupation by Irrep:
             Ap   App 
    DOCC [    22,   15 ]
    SOCC [     1,    0 ]

  @DF-UKS Final Energy:  -543.00168985110304

   => Energetics <=

    Nuclear Repulsion Energy =            436.1544999127022493
    One-Electron Energy =               -1795.9689724603681498
    Two-Electron Energy =                 868.2190656056754960
    DFT Exchange-Correlation Energy =     -51.4047608591126632
    Empirical Dispersion Energy =          -0.0015220500000000
    VV10 Nonlocal Energy =                  0.0000000000000000
    Total Energy =                       -543.0016898511030377

  UHF NO Occupations:
  HONO-2 :   15App 1.9995987
  HONO-1 :   22 Ap 1.9990061
  HONO-0 :   23 Ap 1.0000000
  LUNO+0 :   24 Ap 0.0009939
  LUNO+1 :   16App 0.0004013
  LUNO+2 :   25 Ap 0.0003990
  LUNO+3 :   26 Ap 0.0001762


Computation Completed


Properties will be evaluated at   0.000000,   0.000000,   0.000000 [a0]

Properties computed using the SCF density matrix

  Nuclear Dipole Moment: [e a0]
     X:    -0.0000      Y:     2.8461      Z:    -0.0000

  Electronic Dipole Moment: [e a0]
     X:    -0.0002      Y:    -2.2723      Z:     0.0000

  Dipole Moment: [e a0]
     X:    -0.0002      Y:     0.5738      Z:    -0.0000     Total:     0.5738

  Dipole Moment: [D]
     X:    -0.0005      Y:     1.4584      Z:    -0.0000     Total:     1.4584


*** tstop() called on compute415.bc4.acrc.priv at Tue Nov  2 11:12:55 2021
Module time:
	user time   =    1076.12 seconds =      17.94 minutes
	system time =      57.52 seconds =       0.96 minutes
	total time  =         51 seconds =       0.85 minutes
Total time:
	user time   =    1076.12 seconds =      17.94 minutes
	system time =      57.52 seconds =       0.96 minutes
	total time  =         51 seconds =       0.85 minutes

    Psi4 stopped on: Tuesday, 02 November 2021 11:12AM
    Psi4 wall time for execution: 0:00:50.91

*** Psi4 exiting successfully. Buy a developer a beer!
