
================================================================================
          _____________ ________ _______________ ________     _________         
         / ___________// ______ \\_____   _____// ______ \   / ________)        
        / /_________  / /      \ \     | |     / /      \ \ | (_______          
       |  __________|| |        | |    | |    | |        | | \________ \        
        \ \_________ | |        | |    | |     \ \______/ /___________) |       
         \__________||_|        |_|    |_|      \________//____________/        
                                                                                
====================================[ Qcore ]===================================

 Git describe: 2.3.0
 Compiler:     GNU 9.1.0
 Build type:   Release
 Version:      2.3.0

 Start time:   Fri Oct 22 17:20:44 2021

 Data directory: /work/zw18965/.local/qcore/share/entos/qcore/data
 Number of threads: 24
 Number of threads was determined by: command line argument
  - More threads can be used by running 'qcore -n 32'

 --------------------------------------------------------------------------------
                                command: optimize                                
 --------------------------------------------------------------------------------
 Using coordinate system:                tric

 -----------------------------
  Initial coordinates summary 
 -----------------------------
 Total coordinates:                      7
 Bond distances:                         1
 Bond angles:                            0
 Dihedral angles:                        0
 Linear bond angles:                     0
 Out-of-plane bends:                     0
 Translations:                           6
 Rotations:                              0
 Hessian update scheme:                  bfgs
 Initial hessian:                        model

 ------------------------------------------------------------------------------------------------------------
                   energy      change    grad rms    grad max    step rms    step max       trust    time (s)
 ------------------------------------------------------------------------------------------------------------
   1      -147.525042819                8.00e-04    1.39e-03                            2.00e-01        0.88
   2      -147.525049965   -7.15e-06    2.20e-04    3.82e-04    4.06e-03    8.12e-03    2.00e-01        0.51
   3      -147.525050561   -5.96e-07    2.77e-06    4.80e-06    1.54e-03    3.09e-03    2.00e-01        0.50
   4      -147.525050588   -2.76e-08    3.30e-07    5.71e-07    1.97e-05    3.94e-05    2.00e-01        0.48
 Geometry optimization stopped:          thresholds achieved

 Final energy:                        -147.525050588

 ---------------------------
  Final coordinates summary 
 ---------------------------
 Total coordinates:                      7
 Bond distances:                         1
 Bond angles:                            0
 Dihedral angles:                        0
 Linear bond angles:                     0
 Out-of-plane bends:                     0
 Translations:                           6
 Rotations:                              0

 -----------
  Final XYZ 
 -----------
2
Final structure: -147.525 hartree
Ag          -0.000000115          0.000001100          0.036523659
H            0.000000115         -0.000001100         -1.579682659

 Structure in entos input format:

  structure(
    xyz = [
      ['Ag' ,         -0.000000115,          0.000001100,          0.036523659],
      ['H'  ,          0.000000115,         -0.000001100,         -1.579682659]
    ]
  )

 --------------------------------
  Geometry optimization finished 
 --------------------------------
 Saving results in set 'opt'

 --------------------------------------------------------------------------------
                                 command: hessian                                
 --------------------------------------------------------------------------------

WARNING: semianalytic method is specified for dft hessian, which is not efficient. Try switching to 'method = analytic'


 -------------------------------
  Numerical Geometrical Hessian 
 -------------------------------

 Compute hessian using two-point central differentiation.
 Step size (bohr):                       0.0100

 Frequencies (including translational and rotational modes):
 mode    frequency (cm-1)
    0               45.50 i (imaginary)
    1               43.17 i (imaginary)
    2                0.00 i (imaginary)
    3                0.19
    4                0.20
    5             1793.70

 Project out translational and rotational motions 

 The molecule is linear

 Degrees of freedom for translational and rotational motions: 5

 Vibrational frequencies:
 mode    frequency (cm-1)
    0             1793.70

 --------------------------------------------------------------------------------

 End time:                               Fri Oct 22 17:20:53 2021
 Total wall-clock time:                  9.160 seconds
==================================================================================
