
================================================================================
          _____________ ________ _______________ ________     _________         
         / ___________// ______ \\_____   _____// ______ \   / ________)        
        / /_________  / /      \ \     | |     / /      \ \ | (_______          
       |  __________|| |        | |    | |    | |        | | \________ \        
        \ \_________ | |        | |    | |     \ \______/ /___________) |       
         \__________||_|        |_|    |_|      \________//____________/        
                                                                                
====================================[ Qcore ]===================================

 Git describe: 2.3.0
 Compiler:     GNU 9.1.0
 Build type:   Release
 Version:      2.3.0

 Start time:   Fri Oct 22 17:20:47 2021

 Data directory: /work/zw18965/.local/qcore/share/entos/qcore/data
 Number of threads: 24
 Number of threads was determined by: command line argument
  - More threads can be used by running 'qcore -n 32'

 --------------------------------------------------------------------------------
                                command: optimize                                
 --------------------------------------------------------------------------------
 Using coordinate system:                tric

 -----------------------------
  Initial coordinates summary 
 -----------------------------
 Total coordinates:                      7
 Bond distances:                         1
 Bond angles:                            0
 Dihedral angles:                        0
 Linear bond angles:                     0
 Out-of-plane bends:                     0
 Translations:                           6
 Rotations:                              0
 Hessian update scheme:                  bfgs
 Initial hessian:                        model

 ------------------------------------------------------------------------------------------------------------
                   energy      change    grad rms    grad max    step rms    step max       trust    time (s)
 ------------------------------------------------------------------------------------------------------------
   1      -293.931493092                3.35e-03    5.81e-03                            2.00e-01        1.30
   2      -293.931675964   -1.83e-04    1.23e-03    2.13e-03    2.32e-02    4.64e-02    2.00e-01        0.92
   3      -293.931706775   -3.08e-05    9.81e-05    1.70e-04    1.35e-02    2.70e-02    2.00e-01        0.89
   4      -293.931706980   -2.05e-07    3.14e-06    5.43e-06    1.17e-03    2.34e-03    2.00e-01        0.93
Rejecting step due to low quality: Quality: -12.2313 New trust radius: 1.92637e-05
   5      -293.931706978    2.57e-09    3.14e-06    5.43e-06    3.85e-05    7.71e-05    1.93e-05        0.84
 Geometry optimization stopped:          thresholds achieved

 Final energy:                        -293.931706978

 ---------------------------
  Final coordinates summary 
 ---------------------------
 Total coordinates:                      7
 Bond distances:                         1
 Bond angles:                            0
 Dihedral angles:                        0
 Linear bond angles:                     0
 Out-of-plane bends:                     0
 Translations:                           6
 Rotations:                              0

 -----------
  Final XYZ 
 -----------
2
Final structure: -293.932 hartree
Ag           0.000001591          0.000003625          1.281868048
Ag          -0.000001591         -0.000003625         -1.281868048

 Structure in entos input format:

  structure(
    xyz = [
      ['Ag' ,          0.000001591,          0.000003625,          1.281868048],
      ['Ag' ,         -0.000001591,         -0.000003625,         -1.281868048]
    ]
  )

 --------------------------------
  Geometry optimization finished 
 --------------------------------
 Saving results in set 'opt'

 --------------------------------------------------------------------------------
                                 command: hessian                                
 --------------------------------------------------------------------------------

WARNING: semianalytic method is specified for dft hessian, which is not efficient. Try switching to 'method = analytic'


 -------------------------------
  Numerical Geometrical Hessian 
 -------------------------------

 Compute hessian using two-point central differentiation.
 Step size (bohr):                       0.0100

 Frequencies (including translational and rotational modes):
 mode    frequency (cm-1)
    0               15.61 i (imaginary)
    1               15.61 i (imaginary)
    2                0.00
    3                0.02
    4                0.14
    5              185.50

 Project out translational and rotational motions 

 The molecule is linear

 Degrees of freedom for translational and rotational motions: 5

 Vibrational frequencies:
 mode    frequency (cm-1)
    0              185.50

 --------------------------------------------------------------------------------

 End time:                               Fri Oct 22 17:21:04 2021
 Total wall-clock time:                 16.747 seconds
==================================================================================
