
================================================================================
          _____________ ________ _______________ ________     _________         
         / ___________// ______ \\_____   _____// ______ \   / ________)        
        / /_________  / /      \ \     | |     / /      \ \ | (_______          
       |  __________|| |        | |    | |    | |        | | \________ \        
        \ \_________ | |        | |    | |     \ \______/ /___________) |       
         \__________||_|        |_|    |_|      \________//____________/        
                                                                                
====================================[ Qcore ]===================================

 Git describe: 2.3.0
 Compiler:     GNU 9.1.0
 Build type:   Release
 Version:      2.3.0

 Start time:   Fri Oct 22 17:20:51 2021

 Data directory: /work/zw18965/.local/qcore/share/entos/qcore/data
 Number of threads: 24
 Number of threads was determined by: command line argument
  - More threads can be used by running 'qcore -n 32'

 --------------------------------------------------------------------------------
                                command: optimize                                
 --------------------------------------------------------------------------------
 Using coordinate system:                tric

 -----------------------------
  Initial coordinates summary 
 -----------------------------
 Total coordinates:                     13
 Bond distances:                         2
 Bond angles:                            0
 Dihedral angles:                        0
 Linear bond angles:                     2
 Out-of-plane bends:                     0
 Translations:                           9
 Rotations:                              0
 Hessian update scheme:                  bfgs
 Initial hessian:                        model

 ------------------------------------------------------------------------------------------------------------
                   energy      change    grad rms    grad max    step rms    step max       trust    time (s)
 ------------------------------------------------------------------------------------------------------------
   1      -440.633415718                1.27e-03    2.70e-03                            2.00e-01        2.26
   2      -440.633497498   -8.18e-05    8.71e-04    1.85e-03    1.47e-02    1.80e-02    2.00e-01        1.82
   3      -440.633574340   -7.68e-05    5.54e-05    1.18e-04    3.18e-02    3.89e-02    2.00e-01        1.78
   4      -440.633574590   -2.50e-07    2.94e-06    6.33e-06    2.16e-03    2.64e-03    2.00e-01        1.74
   5      -440.633575047   -4.57e-07    5.17e-07    1.15e-06    1.21e-04    1.49e-04    2.00e-01        1.73
 Geometry optimization stopped:          thresholds achieved

 Final energy:                        -440.633575047

 ---------------------------
  Final coordinates summary 
 ---------------------------
 Total coordinates:                     13
 Bond distances:                         2
 Bond angles:                            0
 Dihedral angles:                        0
 Linear bond angles:                     2
 Out-of-plane bends:                     0
 Translations:                           9
 Rotations:                              0

 -----------
  Final XYZ 
 -----------
3
Final structure: -440.634 hartree
Ag           0.000000010          0.000000571         -0.000000143
Ag           0.000000744         -0.000000073          2.660920708
Ag          -0.000000754         -0.000000498         -2.660920566

 Structure in entos input format:

  structure(
    xyz = [
      ['Ag' ,          0.000000010,          0.000000571,         -0.000000143],
      ['Ag' ,          0.000000744,         -0.000000073,          2.660920708],
      ['Ag' ,         -0.000000754,         -0.000000498,         -2.660920566]
    ]
  )

 --------------------------------
  Geometry optimization finished 
 --------------------------------
 Saving results in set 'opt'

 --------------------------------------------------------------------------------
                                 command: hessian                                
 --------------------------------------------------------------------------------

WARNING: semianalytic method is specified for dft hessian, which is not efficient. Try switching to 'method = analytic'


 -------------------------------
  Numerical Geometrical Hessian 
 -------------------------------

 Compute hessian using two-point central differentiation.
 Step size (bohr):                       0.0100

 Frequencies (including translational and rotational modes):
 mode    frequency (cm-1)
    0               47.93 i (imaginary)
    1               47.93 i (imaginary)
    2                6.38 i (imaginary)
    3                6.37 i (imaginary)
    4                0.01 i (imaginary)
    5                0.01
    6                0.01
    7              101.57
    8              170.91

 Project out translational and rotational motions 

 Degrees of freedom for translational and rotational motions: 6

 Vibrational frequencies:
 mode    frequency (cm-1)
    0               47.93 i (imaginary)
    1              101.57
    2              170.91

 --------------------------------------------------------------------------------

 End time:                               Fri Oct 22 17:21:34 2021
 Total wall-clock time:                 43.520 seconds
==================================================================================
