
================================================================================
          _____________ ________ _______________ ________     _________         
         / ___________// ______ \\_____   _____// ______ \   / ________)        
        / /_________  / /      \ \     | |     / /      \ \ | (_______          
       |  __________|| |        | |    | |    | |        | | \________ \        
        \ \_________ | |        | |    | |     \ \______/ /___________) |       
         \__________||_|        |_|    |_|      \________//____________/        
                                                                                
====================================[ Qcore ]===================================

 Git describe: 2.3.0
 Compiler:     GNU 9.1.0
 Build type:   Release
 Version:      2.3.0

 Start time:   Fri Oct 22 17:20:47 2021

 Data directory: /work/zw18965/.local/qcore/share/entos/qcore/data
 Number of threads: 24
 Number of threads was determined by: command line argument
  - More threads can be used by running 'qcore -n 32'

 --------------------------------------------------------------------------------
                                command: optimize                                
 --------------------------------------------------------------------------------
 Using coordinate system:                tric

 -----------------------------
  Initial coordinates summary 
 -----------------------------
 Total coordinates:                     12
 Bond distances:                         3
 Bond angles:                            3
 Dihedral angles:                        0
 Linear bond angles:                     0
 Out-of-plane bends:                     0
 Translations:                           3
 Rotations:                              3
 Hessian update scheme:                  bfgs
 Initial hessian:                        model

 ------------------------------------------------------------------------------------------------------------
                   energy      change    grad rms    grad max    step rms    step max       trust    time (s)
 ------------------------------------------------------------------------------------------------------------
   1      -440.688698828                4.04e-03    7.02e-03                            2.00e-01        2.34
   2      -440.689069137   -3.70e-04    2.08e-03    3.63e-03    2.33e-02    4.05e-02    2.00e-01        1.97
   3      -440.689215771   -1.47e-04    1.96e-04    3.50e-04    2.48e-02    4.33e-02    2.00e-01        1.99
   4      -440.689217358   -1.59e-06    1.15e-05    2.54e-05    2.58e-03    4.55e-03    2.00e-01        1.93
   5      -440.689217376   -1.87e-08    2.39e-06    4.11e-06    1.59e-04    3.04e-04    2.00e-01        1.86
 Geometry optimization stopped:          thresholds achieved

 Final energy:                        -440.689217376

 ---------------------------
  Final coordinates summary 
 ---------------------------
 Total coordinates:                     12
 Bond distances:                         3
 Bond angles:                            3
 Dihedral angles:                        0
 Linear bond angles:                     0
 Out-of-plane bends:                     0
 Translations:                           3
 Rotations:                              3

 -----------
  Final XYZ 
 -----------
3
Final structure: -440.689 hartree
Ag          -0.000000605          1.557116540          0.000000590
Ag           1.347955928         -0.778555917         -0.000004879
Ag          -1.347955322         -0.778559623          0.000004289

 Structure in entos input format:

  structure(
    xyz = [
      ['Ag' ,         -0.000000605,          1.557116540,          0.000000590],
      ['Ag' ,          1.347955928,         -0.778555917,         -0.000004879],
      ['Ag' ,         -1.347955322,         -0.778559623,          0.000004289]
    ]
  )

 --------------------------------
  Geometry optimization finished 
 --------------------------------
 Saving results in set 'opt'

 --------------------------------------------------------------------------------
                                 command: hessian                                
 --------------------------------------------------------------------------------

WARNING: semianalytic method is specified for dft hessian, which is not efficient. Try switching to 'method = analytic'


 -------------------------------
  Numerical Geometrical Hessian 
 -------------------------------

 Compute hessian using two-point central differentiation.
 Step size (bohr):                       0.0100

 Frequencies (including translational and rotational modes):
 mode    frequency (cm-1)
    0                5.44 i (imaginary)
    1                5.36 i (imaginary)
    2                5.17 i (imaginary)
    3                0.00 i (imaginary)
    4                0.16
    5                0.18
    6              117.77
    7              117.96
    8              173.89

 Project out translational and rotational motions 

 Degrees of freedom for translational and rotational motions: 6

 Vibrational frequencies:
 mode    frequency (cm-1)
    0              117.77
    1              117.96
    2              173.89

 --------------------------------------------------------------------------------

 End time:                               Fri Oct 22 17:21:34 2021
 Total wall-clock time:                 46.568 seconds
==================================================================================
