
================================================================================
          _____________ ________ _______________ ________     _________         
         / ___________// ______ \\_____   _____// ______ \   / ________)        
        / /_________  / /      \ \     | |     / /      \ \ | (_______          
       |  __________|| |        | |    | |    | |        | | \________ \        
        \ \_________ | |        | |    | |     \ \______/ /___________) |       
         \__________||_|        |_|    |_|      \________//____________/        
                                                                                
====================================[ Qcore ]===================================

 Git describe: 2.3.0
 Compiler:     GNU 9.1.0
 Build type:   Release
 Version:      2.3.0

 Start time:   Fri Oct 22 17:20:53 2021

 Data directory: /work/zw18965/.local/qcore/share/entos/qcore/data
 Number of threads: 24
 Number of threads was determined by: command line argument
  - More threads can be used by running 'qcore -n 32'

 --------------------------------------------------------------------------------
                                command: optimize                                
 --------------------------------------------------------------------------------
 Using coordinate system:                tric

 -----------------------------
  Initial coordinates summary 
 -----------------------------
 Total coordinates:                     12
 Bond distances:                         3
 Bond angles:                            3
 Dihedral angles:                        0
 Linear bond angles:                     0
 Out-of-plane bends:                     0
 Translations:                           3
 Rotations:                              3
 Hessian update scheme:                  bfgs
 Initial hessian:                        model

 ------------------------------------------------------------------------------------------------------------
                   energy      change    grad rms    grad max    step rms    step max       trust    time (s)
 ------------------------------------------------------------------------------------------------------------
   1      -440.893380769                6.96e-03    1.69e-02                            2.00e-01        2.67
   2      -440.895117507   -1.74e-03    4.26e-03    1.03e-02    6.18e-02    9.22e-02    2.00e-01        2.24
   3      -440.896269847   -1.15e-03    1.31e-03    2.57e-03    9.46e-02    1.44e-01    2.00e-01        2.30
   4      -440.896340584   -7.07e-05    6.82e-04    1.22e-03    1.97e-02    3.75e-02    2.00e-01        2.28
   5      -440.896357688   -1.71e-05    1.49e-04    3.30e-04    1.07e-02    2.18e-02    2.00e-01        2.31
   6      -440.896358407   -7.18e-07    5.66e-05    9.48e-05    1.75e-03    3.69e-03    2.00e-01        2.20
   7      -440.896358683   -2.76e-07    7.29e-05    1.22e-04    9.66e-04    1.28e-03    2.00e-01        2.17
   8      -440.896370448   -1.18e-05    8.30e-04    1.81e-03    2.26e-02    3.01e-02    2.00e-01        2.35
   9      -440.896357951    1.25e-05    7.56e-05    1.70e-04    2.73e-02    3.71e-02    2.00e-01        2.34
  10      -440.896358045   -9.40e-08    1.92e-05    4.12e-05    1.06e-03    1.97e-03    2.00e-01        2.17
  11      -440.896358055   -9.59e-09    1.52e-06    3.37e-06    6.57e-04    9.79e-04    3.28e-04        2.11
 Geometry optimization stopped:          thresholds achieved

 Final energy:                        -440.896358055

 ---------------------------
  Final coordinates summary 
 ---------------------------
 Total coordinates:                     12
 Bond distances:                         3
 Bond angles:                            3
 Dihedral angles:                        0
 Linear bond angles:                     0
 Out-of-plane bends:                     0
 Translations:                           3
 Rotations:                              3

 -----------
  Final XYZ 
 -----------
3
Final structure: -440.896 hartree
Ag           0.000036551          1.664769327          0.000008677
Ag           1.293898830         -0.832382869          0.000004808
Ag          -1.293935381         -0.832387457         -0.000013485

 Structure in entos input format:

  structure(
    xyz = [
      ['Ag' ,          0.000036551,          1.664769327,          0.000008677],
      ['Ag' ,          1.293898830,         -0.832382869,          0.000004808],
      ['Ag' ,         -1.293935381,         -0.832387457,         -0.000013485]
    ]
  )

 --------------------------------
  Geometry optimization finished 
 --------------------------------
 Saving results in set 'opt'

 --------------------------------------------------------------------------------
                                 command: hessian                                
 --------------------------------------------------------------------------------

WARNING: semianalytic method is specified for dft hessian, which is not efficient. Try switching to 'method = analytic'


 -------------------------------
  Numerical Geometrical Hessian 
 -------------------------------

 Compute hessian using two-point central differentiation.
 Step size (bohr):                       0.0100

 Frequencies (including translational and rotational modes):
 mode    frequency (cm-1)
    0               90.48 i (imaginary)
    1               11.46 i (imaginary)
    2                4.97 i (imaginary)
    3                0.50 i (imaginary)
    4                0.11
    5                0.23
    6                8.46
    7              109.65
    8              182.77

 Project out translational and rotational motions 

 Degrees of freedom for translational and rotational motions: 6

 Vibrational frequencies:
 mode    frequency (cm-1)
    0               90.48 i (imaginary)
    1              109.65
    2              182.77

 --------------------------------------------------------------------------------

 End time:                               Fri Oct 22 17:22:00 2021
 Total wall-clock time:                 66.642 seconds
==================================================================================
