
================================================================================
          _____________ ________ _______________ ________     _________         
         / ___________// ______ \\_____   _____// ______ \   / ________)        
        / /_________  / /      \ \     | |     / /      \ \ | (_______          
       |  __________|| |        | |    | |    | |        | | \________ \        
        \ \_________ | |        | |    | |     \ \______/ /___________) |       
         \__________||_|        |_|    |_|      \________//____________/        
                                                                                
====================================[ Qcore ]===================================

 Git describe: 2.3.0
 Compiler:     GNU 9.1.0
 Build type:   Release
 Version:      2.3.0

 Start time:   Fri Oct 22 17:20:56 2021

 Data directory: /work/zw18965/.local/qcore/share/entos/qcore/data
 Number of threads: 24
 Number of threads was determined by: command line argument

 --------------------------------------------------------------------------------
                                command: optimize                                
 --------------------------------------------------------------------------------
 Using coordinate system:                tric

 -----------------------------
  Initial coordinates summary 
 -----------------------------
 Total coordinates:                     13
 Bond distances:                         2
 Bond angles:                            0
 Dihedral angles:                        0
 Linear bond angles:                     2
 Out-of-plane bends:                     0
 Translations:                           9
 Rotations:                              0
 Hessian update scheme:                  bfgs
 Initial hessian:                        model

 ------------------------------------------------------------------------------------------------------------
                   energy      change    grad rms    grad max    step rms    step max       trust    time (s)
 ------------------------------------------------------------------------------------------------------------
   1      -440.894109577                2.19e-03    4.64e-03                            2.00e-01        2.57
   2      -440.894341802   -2.32e-04    1.34e-03    2.84e-03    2.53e-02    3.09e-02    2.00e-01        2.07
   3      -440.894492691   -1.51e-04    1.15e-04    2.44e-04    3.98e-02    4.88e-02    2.00e-01        2.09
   4      -440.894494109   -1.42e-06    6.95e-06    1.48e-05    3.75e-03    4.59e-03    2.00e-01        1.94
   5      -440.894494172   -6.28e-08    3.57e-08    7.43e-08    2.41e-04    2.95e-04    2.00e-01        1.83
 Geometry optimization stopped:          thresholds achieved

 Final energy:                        -440.894494172

 ---------------------------
  Final coordinates summary 
 ---------------------------
 Total coordinates:                     13
 Bond distances:                         2
 Bond angles:                            0
 Dihedral angles:                        0
 Linear bond angles:                     2
 Out-of-plane bends:                     0
 Translations:                           9
 Rotations:                              0

 -----------
  Final XYZ 
 -----------
3
Final structure: -440.894 hartree
Ag          -0.000005808          0.000005783         -0.000000374
Ag           0.000002761         -0.000003154          2.637302761
Ag           0.000003047         -0.000002628         -2.637302388

 Structure in entos input format:

  structure(
    xyz = [
      ['Ag' ,         -0.000005808,          0.000005783,         -0.000000374],
      ['Ag' ,          0.000002761,         -0.000003154,          2.637302761],
      ['Ag' ,          0.000003047,         -0.000002628,         -2.637302388]
    ]
  )

 --------------------------------
  Geometry optimization finished 
 --------------------------------
 Saving results in set 'opt'

 --------------------------------------------------------------------------------
                                 command: hessian                                
 --------------------------------------------------------------------------------

WARNING: semianalytic method is specified for dft hessian, which is not efficient. Try switching to 'method = analytic'


 -------------------------------
  Numerical Geometrical Hessian 
 -------------------------------

 Compute hessian using two-point central differentiation.
 Step size (bohr):                       0.0100

 Frequencies (including translational and rotational modes):
 mode    frequency (cm-1)
    0               20.50 i (imaginary)
    1               20.50 i (imaginary)
    2                8.04 i (imaginary)
    3                8.04 i (imaginary)
    4                0.04 i (imaginary)
    5                0.01
    6                0.02
    7              110.32
    8              171.58

 Project out translational and rotational motions 

 Degrees of freedom for translational and rotational motions: 6

 Vibrational frequencies:
 mode    frequency (cm-1)
    0               20.50 i (imaginary)
    1              110.32
    2              171.58

 --------------------------------------------------------------------------------

 End time:                               Fri Oct 22 17:21:45 2021
 Total wall-clock time:                 48.933 seconds
==================================================================================
