
================================================================================
          _____________ ________ _______________ ________     _________         
         / ___________// ______ \\_____   _____// ______ \   / ________)        
        / /_________  / /      \ \     | |     / /      \ \ | (_______          
       |  __________|| |        | |    | |    | |        | | \________ \        
        \ \_________ | |        | |    | |     \ \______/ /___________) |       
         \__________||_|        |_|    |_|      \________//____________/        
                                                                                
====================================[ Qcore ]===================================

 Git describe: 2.3.0
 Compiler:     GNU 9.1.0
 Build type:   Release
 Version:      2.3.0

 Start time:   Fri Oct 22 17:20:59 2021

 Data directory: /work/zw18965/.local/qcore/share/entos/qcore/data
 Number of threads: 24
 Number of threads was determined by: command line argument

 --------------------------------------------------------------------------------
                                command: optimize                                
 --------------------------------------------------------------------------------
 Using coordinate system:                tric

 -----------------------------
  Initial coordinates summary 
 -----------------------------
 Total coordinates:                      7
 Bond distances:                         1
 Bond angles:                            0
 Dihedral angles:                        0
 Linear bond angles:                     0
 Out-of-plane bends:                     0
 Translations:                           6
 Rotations:                              0
 Hessian update scheme:                  bfgs
 Initial hessian:                        model

 ------------------------------------------------------------------------------------------------------------
                   energy      change    grad rms    grad max    step rms    step max       trust    time (s)
 ------------------------------------------------------------------------------------------------------------
   1      -235.518369447                3.76e-03    6.51e-03                            2.00e-01        1.18
   2      -235.518459935   -9.05e-05    1.18e-03    2.05e-03    1.06e-02    2.12e-02    2.00e-01        0.68
   3      -235.518470520   -1.06e-05    5.38e-05    9.32e-05    4.87e-03    9.73e-03    2.00e-01        0.68
   4      -235.518470574   -5.35e-08    7.45e-07    1.26e-06    2.32e-04    4.64e-04    2.00e-01        0.64
 Geometry optimization stopped:          thresholds achieved

 Final energy:                        -235.518470574

 ---------------------------
  Final coordinates summary 
 ---------------------------
 Total coordinates:                      7
 Bond distances:                         1
 Bond angles:                            0
 Dihedral angles:                        0
 Linear bond angles:                     0
 Out-of-plane bends:                     0
 Translations:                           6
 Rotations:                              0

 -----------
  Final XYZ 
 -----------
2
Final structure: -235.518 hartree
Au          -0.000003093         -0.000000285          0.205159394
F            0.000003093          0.000000285         -1.736237394

 Structure in entos input format:

  structure(
    xyz = [
      ['Au' ,         -0.000003093,         -0.000000285,          0.205159394],
      ['F'  ,          0.000003093,          0.000000285,         -1.736237394]
    ]
  )

 --------------------------------
  Geometry optimization finished 
 --------------------------------
 Saving results in set 'opt'

 --------------------------------------------------------------------------------
                                 command: hessian                                
 --------------------------------------------------------------------------------

WARNING: semianalytic method is specified for dft hessian, which is not efficient. Try switching to 'method = analytic'


 -------------------------------
  Numerical Geometrical Hessian 
 -------------------------------

 Compute hessian using two-point central differentiation.
 Step size (bohr):                       0.0100

 Frequencies (including translational and rotational modes):
 mode    frequency (cm-1)
    0                0.05 i (imaginary)
    1                0.03 i (imaginary)
    2                0.00 i (imaginary)
    3               58.49
    4               58.74
    5              548.64

 Project out translational and rotational motions 

 The molecule is linear

 Degrees of freedom for translational and rotational motions: 5

 Vibrational frequencies:
 mode    frequency (cm-1)
    0              548.64

 --------------------------------------------------------------------------------

 End time:                               Fri Oct 22 17:21:11 2021
 Total wall-clock time:                 12.196 seconds
==================================================================================
