
================================================================================
          _____________ ________ _______________ ________     _________         
         / ___________// ______ \\_____   _____// ______ \   / ________)        
        / /_________  / /      \ \     | |     / /      \ \ | (_______          
       |  __________|| |        | |    | |    | |        | | \________ \        
        \ \_________ | |        | |    | |     \ \______/ /___________) |       
         \__________||_|        |_|    |_|      \________//____________/        
                                                                                
====================================[ Qcore ]===================================

 Git describe: 2.3.0
 Compiler:     GNU 9.1.0
 Build type:   Release
 Version:      2.3.0

 Start time:   Fri Oct 22 17:21:05 2021

 Data directory: /work/zw18965/.local/qcore/share/entos/qcore/data
 Number of threads: 24
 Number of threads was determined by: command line argument
  - More threads can be used by running 'qcore -n 32'

 --------------------------------------------------------------------------------
                                command: optimize                                
 --------------------------------------------------------------------------------
 Using coordinate system:                tric

 -----------------------------
  Initial coordinates summary 
 -----------------------------
 Total coordinates:                      7
 Bond distances:                         1
 Bond angles:                            0
 Dihedral angles:                        0
 Linear bond angles:                     0
 Out-of-plane bends:                     0
 Translations:                           6
 Rotations:                              0
 Hessian update scheme:                  bfgs
 Initial hessian:                        model

 ------------------------------------------------------------------------------------------------------------
                   energy      change    grad rms    grad max    step rms    step max       trust    time (s)
 ------------------------------------------------------------------------------------------------------------
   1      -136.270900727                3.78e-03    6.55e-03                            2.00e-01        0.89
   2      -136.271003848   -1.03e-04    6.17e-04    1.07e-03    1.37e-02    2.74e-02    2.00e-01        0.50
   3      -136.271006803   -2.95e-06    2.54e-05    4.40e-05    2.67e-03    5.34e-03    2.00e-01        0.50
   4      -136.271007018   -2.15e-07    9.53e-07    1.65e-06    1.15e-04    2.29e-04    2.00e-01        0.48
 Geometry optimization stopped:          thresholds achieved

 Final energy:                        -136.271007018

 ---------------------------
  Final coordinates summary 
 ---------------------------
 Total coordinates:                      7
 Bond distances:                         1
 Bond angles:                            0
 Dihedral angles:                        0
 Linear bond angles:                     0
 Out-of-plane bends:                     0
 Translations:                           6
 Rotations:                              0

 -----------
  Final XYZ 
 -----------
2
Final structure: -136.271 hartree
Au           0.000000098         -0.000000141          0.027748515
H           -0.000000098          0.000000141         -1.512405515

 Structure in entos input format:

  structure(
    xyz = [
      ['Au' ,          0.000000098,         -0.000000141,          0.027748515],
      ['H'  ,         -0.000000098,          0.000000141,         -1.512405515]
    ]
  )

 --------------------------------
  Geometry optimization finished 
 --------------------------------
 Saving results in set 'opt'

 --------------------------------------------------------------------------------
                                 command: hessian                                
 --------------------------------------------------------------------------------

WARNING: semianalytic method is specified for dft hessian, which is not efficient. Try switching to 'method = analytic'


 -------------------------------
  Numerical Geometrical Hessian 
 -------------------------------

 Compute hessian using two-point central differentiation.
 Step size (bohr):                       0.0100

 Frequencies (including translational and rotational modes):
 mode    frequency (cm-1)
    0                0.03 i (imaginary)
    1                0.01 i (imaginary)
    2                0.00 i (imaginary)
    3               57.67
    4               58.10
    5             2241.07

 Project out translational and rotational motions 

 The molecule is linear

 Degrees of freedom for translational and rotational motions: 5

 Vibrational frequencies:
 mode    frequency (cm-1)
    0             2241.07

 --------------------------------------------------------------------------------

 End time:                               Fri Oct 22 17:21:14 2021
 Total wall-clock time:                  9.076 seconds
==================================================================================
