
================================================================================
          _____________ ________ _______________ ________     _________         
         / ___________// ______ \\_____   _____// ______ \   / ________)        
        / /_________  / /      \ \     | |     / /      \ \ | (_______          
       |  __________|| |        | |    | |    | |        | | \________ \        
        \ \_________ | |        | |    | |     \ \______/ /___________) |       
         \__________||_|        |_|    |_|      \________//____________/        
                                                                                
====================================[ Qcore ]===================================

 Git describe: 2.3.0
 Compiler:     GNU 9.1.0
 Build type:   Release
 Version:      2.3.0

 Start time:   Fri Oct 22 17:21:07 2021

 Data directory: /work/zw18965/.local/qcore/share/entos/qcore/data
 Number of threads: 24
 Number of threads was determined by: command line argument
  - More threads can be used by running 'qcore -n 32'

 --------------------------------------------------------------------------------
                                command: optimize                                
 --------------------------------------------------------------------------------
 Using coordinate system:                tric

 -----------------------------
  Initial coordinates summary 
 -----------------------------
 Total coordinates:                      7
 Bond distances:                         1
 Bond angles:                            0
 Dihedral angles:                        0
 Linear bond angles:                     0
 Out-of-plane bends:                     0
 Translations:                           6
 Rotations:                              0
 Hessian update scheme:                  bfgs
 Initial hessian:                        model

 ------------------------------------------------------------------------------------------------------------
                   energy      change    grad rms    grad max    step rms    step max       trust    time (s)
 ------------------------------------------------------------------------------------------------------------
   1      -271.392557886                6.38e-03    1.10e-02                            2.00e-01        1.39
   2      -271.393009405   -4.52e-04    2.45e-04    4.25e-04    4.42e-02    8.84e-02    2.00e-01        1.03
   3      -271.393010188   -7.83e-07    2.47e-05    4.28e-05    1.64e-03    3.27e-03    2.00e-01        0.94
   4      -271.393010219   -3.06e-08    1.35e-07    2.34e-07    1.83e-04    3.67e-04    2.00e-01        0.94
 Geometry optimization stopped:          thresholds achieved

 Final energy:                        -271.393010219

 ---------------------------
  Final coordinates summary 
 ---------------------------
 Total coordinates:                      7
 Bond distances:                         1
 Bond angles:                            0
 Dihedral angles:                        0
 Linear bond angles:                     0
 Out-of-plane bends:                     0
 Translations:                           6
 Rotations:                              0

 -----------
  Final XYZ 
 -----------
2
Final structure: -271.393 hartree
Au          -0.000000274         -0.000000953          1.261958181
Au           0.000000274          0.000000953         -1.261958181

 Structure in entos input format:

  structure(
    xyz = [
      ['Au' ,         -0.000000274,         -0.000000953,          1.261958181],
      ['Au' ,          0.000000274,          0.000000953,         -1.261958181]
    ]
  )

 --------------------------------
  Geometry optimization finished 
 --------------------------------
 Saving results in set 'opt'

 --------------------------------------------------------------------------------
                                 command: hessian                                
 --------------------------------------------------------------------------------

WARNING: semianalytic method is specified for dft hessian, which is not efficient. Try switching to 'method = analytic'


 -------------------------------
  Numerical Geometrical Hessian 
 -------------------------------

 Compute hessian using two-point central differentiation.
 Step size (bohr):                       0.0100

 Frequencies (including translational and rotational modes):
 mode    frequency (cm-1)
    0               12.58 i (imaginary)
    1               12.53 i (imaginary)
    2                0.00
    3                0.03
    4                0.03
    5              177.45

 Project out translational and rotational motions 

 The molecule is linear

 Degrees of freedom for translational and rotational motions: 5

 Vibrational frequencies:
 mode    frequency (cm-1)
    0              177.45

 --------------------------------------------------------------------------------

 End time:                               Fri Oct 22 17:21:24 2021
 Total wall-clock time:                 17.367 seconds
==================================================================================
