
================================================================================
          _____________ ________ _______________ ________     _________         
         / ___________// ______ \\_____   _____// ______ \   / ________)        
        / /_________  / /      \ \     | |     / /      \ \ | (_______          
       |  __________|| |        | |    | |    | |        | | \________ \        
        \ \_________ | |        | |    | |     \ \______/ /___________) |       
         \__________||_|        |_|    |_|      \________//____________/        
                                                                                
====================================[ Qcore ]===================================

 Git describe: 2.3.0
 Compiler:     GNU 9.1.0
 Build type:   Release
 Version:      2.3.0

 Start time:   Fri Oct 22 17:21:27 2021

 Data directory: /work/zw18965/.local/qcore/share/entos/qcore/data
 Number of threads: 24
 Number of threads was determined by: command line argument
  - More threads can be used by running 'qcore -n 32'

 --------------------------------------------------------------------------------
                                command: optimize                                
 --------------------------------------------------------------------------------
 Using coordinate system:                tric

 -----------------------------
  Initial coordinates summary 
 -----------------------------
 Total coordinates:                     13
 Bond distances:                         2
 Bond angles:                            0
 Dihedral angles:                        0
 Linear bond angles:                     2
 Out-of-plane bends:                     0
 Translations:                           9
 Rotations:                              0
 Hessian update scheme:                  bfgs
 Initial hessian:                        model

 ------------------------------------------------------------------------------------------------------------
                   energy      change    grad rms    grad max    step rms    step max       trust    time (s)
 ------------------------------------------------------------------------------------------------------------
   1      -407.085826917                3.82e-03    8.10e-03                            2.00e-01        2.69
   2      -407.086406974   -5.80e-04    1.28e-03    2.71e-03    4.41e-02    5.40e-02    2.00e-01        2.33
Failed to converge
Failed to converge
Failed to converge
Failed to converge
Failed to converge
   3      -407.086488161   -8.12e-05    1.26e-04    2.68e-04    2.22e-02    2.72e-02    2.00e-01        2.32
Failed to converge
Failed to converge
Failed to converge
Failed to converge
Failed to converge
   4      -407.086501752   -1.36e-05    2.84e-05    6.96e-05    2.43e-03    2.98e-03    2.00e-01        2.21
Failed to converge
Failed to converge
Failed to converge
Failed to converge
Failed to converge
Failed to converge
Failed to converge
Failed to converge
Rejecting step due to low quality: Quality: -1238.97 New trust radius: 7.00508e-05
   5      -407.086489049    1.27e-05    2.84e-05    6.96e-05    1.40e-04    3.13e-04    7.01e-05        2.13
Failed to converge
Failed to converge
Failed to converge
   6      -407.086488999    1.28e-05    8.69e-06    1.92e-05    7.01e-05    1.56e-04    3.50e-05        2.03
Failed to converge
Failed to converge
Failed to converge
   7      -407.086489108   -1.09e-07    8.10e-06    1.84e-05    3.50e-05    4.42e-05    4.95e-05        1.99
 Geometry optimization stopped:          thresholds achieved

 Final energy:                        -407.086489108

 ---------------------------
  Final coordinates summary 
 ---------------------------
 Total coordinates:                     13
 Bond distances:                         2
 Bond angles:                            0
 Dihedral angles:                        0
 Linear bond angles:                     2
 Out-of-plane bends:                     0
 Translations:                           9
 Rotations:                              0

 -----------
  Final XYZ 
 -----------
3
Final structure: -407.086 hartree
Au          -0.000006385          0.000000549          0.000053125
Au           0.000002882         -0.000000925          2.591971950
Au           0.000003503          0.000000376         -2.592025075

 Structure in entos input format:

  structure(
    xyz = [
      ['Au' ,         -0.000006385,          0.000000549,          0.000053125],
      ['Au' ,          0.000002882,         -0.000000925,          2.591971950],
      ['Au' ,          0.000003503,          0.000000376,         -2.592025075]
    ]
  )

 --------------------------------
  Geometry optimization finished 
 --------------------------------
 Saving results in set 'opt'

 --------------------------------------------------------------------------------
                                 command: hessian                                
 --------------------------------------------------------------------------------

WARNING: semianalytic method is specified for dft hessian, which is not efficient. Try switching to 'method = analytic'

Failed to converge
Failed to converge
Failed to converge

 -------------------------------
  Numerical Geometrical Hessian 
 -------------------------------

 Compute hessian using two-point central differentiation.
 Step size (bohr):                       0.0100

 Frequencies (including translational and rotational modes):
 mode    frequency (cm-1)
    0               32.44 i (imaginary)
    1               32.42 i (imaginary)
    2                8.46 i (imaginary)
    3                8.42 i (imaginary)
    4                0.02
    5                0.03
    6                0.05
    7              107.41
    8              160.03

 Project out translational and rotational motions 

 Degrees of freedom for translational and rotational motions: 6

 Vibrational frequencies:
 mode    frequency (cm-1)
    0               32.42 i (imaginary)
    1              107.41
    2              160.03

 --------------------------------------------------------------------------------

 End time:                               Fri Oct 22 17:22:27 2021
 Total wall-clock time:                 59.421 seconds
==================================================================================
