
================================================================================
          _____________ ________ _______________ ________     _________         
         / ___________// ______ \\_____   _____// ______ \   / ________)        
        / /_________  / /      \ \     | |     / /      \ \ | (_______          
       |  __________|| |        | |    | |    | |        | | \________ \        
        \ \_________ | |        | |    | |     \ \______/ /___________) |       
         \__________||_|        |_|    |_|      \________//____________/        
                                                                                
====================================[ Qcore ]===================================

 Git describe: 2.3.0
 Compiler:     GNU 9.1.0
 Build type:   Release
 Version:      2.3.0

 Start time:   Fri Oct 22 17:21:17 2021

 Data directory: /work/zw18965/.local/qcore/share/entos/qcore/data
 Number of threads: 24
 Number of threads was determined by: command line argument
  - More threads can be used by running 'qcore -n 32'

 --------------------------------------------------------------------------------
                                command: optimize                                
 --------------------------------------------------------------------------------
 Using coordinate system:                tric

 -----------------------------
  Initial coordinates summary 
 -----------------------------
 Total coordinates:                     12
 Bond distances:                         3
 Bond angles:                            3
 Dihedral angles:                        0
 Linear bond angles:                     0
 Out-of-plane bends:                     0
 Translations:                           3
 Rotations:                              3
 Hessian update scheme:                  bfgs
 Initial hessian:                        model

 ------------------------------------------------------------------------------------------------------------
                   energy      change    grad rms    grad max    step rms    step max       trust    time (s)
 ------------------------------------------------------------------------------------------------------------
   1      -407.085704961                9.31e-03    2.28e-02                            2.00e-01        3.70
   2      -407.088187675   -2.48e-03    3.87e-03    9.41e-03    7.61e-02    1.25e-01    2.00e-01        2.73
   3      -407.088865946   -6.78e-04    1.02e-03    2.30e-03    5.92e-02    8.99e-02    2.00e-01        2.70
   4      -407.088905522   -3.96e-05    2.64e-04    4.57e-04    1.44e-02    2.62e-02    2.00e-01        2.56
   5      -407.088907382   -1.86e-06    1.99e-05    3.75e-05    3.14e-03    6.17e-03    2.00e-01        2.44
   6      -407.088907375    7.16e-09    7.76e-07    1.67e-06    1.79e-04    3.26e-04    8.94e-05        2.30
 Geometry optimization stopped:          thresholds achieved

 Final energy:                        -407.088907375

 ---------------------------
  Final coordinates summary 
 ---------------------------
 Total coordinates:                     12
 Bond distances:                         3
 Bond angles:                            3
 Dihedral angles:                        0
 Linear bond angles:                     0
 Out-of-plane bends:                     0
 Translations:                           3
 Rotations:                              3

 -----------
  Final XYZ 
 -----------
3
Final structure: -407.089 hartree
Au          -0.000027097          1.624619274          0.000014005
Au           1.285839943         -0.812339355         -0.000011300
Au          -1.285812846         -0.812279919         -0.000002705

 Structure in entos input format:

  structure(
    xyz = [
      ['Au' ,         -0.000027097,          1.624619274,          0.000014005],
      ['Au' ,          1.285839943,         -0.812339355,         -0.000011300],
      ['Au' ,         -1.285812846,         -0.812279919,         -0.000002705]
    ]
  )

 --------------------------------
  Geometry optimization finished 
 --------------------------------
 Saving results in set 'opt'

 --------------------------------------------------------------------------------
                                 command: hessian                                
 --------------------------------------------------------------------------------

WARNING: semianalytic method is specified for dft hessian, which is not efficient. Try switching to 'method = analytic'


 -------------------------------
  Numerical Geometrical Hessian 
 -------------------------------

 Compute hessian using two-point central differentiation.
 Step size (bohr):                       0.0100

 Frequencies (including translational and rotational modes):
 mode    frequency (cm-1)
    0               53.78 i (imaginary)
    1               10.62 i (imaginary)
    2                7.63 i (imaginary)
    3                5.17 i (imaginary)
    4                0.01
    5                0.06
    6                0.30
    7              101.62
    8              169.01

 Project out translational and rotational motions 

 Degrees of freedom for translational and rotational motions: 6

 Vibrational frequencies:
 mode    frequency (cm-1)
    0               53.76 i (imaginary)
    1              101.62
    2              169.01

 --------------------------------------------------------------------------------

 End time:                               Fri Oct 22 17:22:23 2021
 Total wall-clock time:                 65.880 seconds
==================================================================================
