
================================================================================
          _____________ ________ _______________ ________     _________         
         / ___________// ______ \\_____   _____// ______ \   / ________)        
        / /_________  / /      \ \     | |     / /      \ \ | (_______          
       |  __________|| |        | |    | |    | |        | | \________ \        
        \ \_________ | |        | |    | |     \ \______/ /___________) |       
         \__________||_|        |_|    |_|      \________//____________/        
                                                                                
====================================[ Qcore ]===================================

 Git describe: 2.3.0
 Compiler:     GNU 9.1.0
 Build type:   Release
 Version:      2.3.0

 Start time:   Fri Oct 22 17:21:10 2021

 Data directory: /work/zw18965/.local/qcore/share/entos/qcore/data
 Number of threads: 24
 Number of threads was determined by: command line argument
  - More threads can be used by running 'qcore -n 32'

 --------------------------------------------------------------------------------
                                command: optimize                                
 --------------------------------------------------------------------------------
 Using coordinate system:                tric

 -----------------------------
  Initial coordinates summary 
 -----------------------------
 Total coordinates:                     12
 Bond distances:                         3
 Bond angles:                            3
 Dihedral angles:                        0
 Linear bond angles:                     0
 Out-of-plane bends:                     0
 Translations:                           3
 Rotations:                              3
 Hessian update scheme:                  bfgs
 Initial hessian:                        model

 ------------------------------------------------------------------------------------------------------------
                   energy      change    grad rms    grad max    step rms    step max       trust    time (s)
 ------------------------------------------------------------------------------------------------------------
   1      -406.839751588                6.81e-03    1.17e-02                            2.00e-01        2.94
   2      -406.840552395   -8.01e-04    1.19e-03    2.04e-03    3.93e-02    6.91e-02    2.00e-01        2.50
   3      -406.840580719   -2.83e-05    1.18e-04    1.94e-04    8.36e-03    1.48e-02    2.00e-01        2.44
   4      -406.840580966   -2.47e-07    2.64e-06    6.05e-06    9.15e-04    1.69e-03    2.00e-01        2.37
Rejecting step due to low quality: Quality: -21.4494 New trust radius: 1.22454e-05
   5      -406.840580961    5.11e-09    2.64e-06    6.05e-06    2.45e-05    5.95e-05    1.22e-05        2.30
 Geometry optimization stopped:          thresholds achieved

 Final energy:                        -406.840580961

 ---------------------------
  Final coordinates summary 
 ---------------------------
 Total coordinates:                     12
 Bond distances:                         3
 Bond angles:                            3
 Dihedral angles:                        0
 Linear bond angles:                     0
 Out-of-plane bends:                     0
 Translations:                           3
 Rotations:                              3

 -----------
  Final XYZ 
 -----------
3
Final structure: -406.841 hartree
Au          -0.000005911          1.526675323         -0.000001374
Au           1.322903023         -0.763334675          0.000002804
Au          -1.322897112         -0.763340647         -0.000001430

 Structure in entos input format:

  structure(
    xyz = [
      ['Au' ,         -0.000005911,          1.526675323,         -0.000001374],
      ['Au' ,          1.322903023,         -0.763334675,          0.000002804],
      ['Au' ,         -1.322897112,         -0.763340647,         -0.000001430]
    ]
  )

 --------------------------------
  Geometry optimization finished 
 --------------------------------
 Saving results in set 'opt'

 --------------------------------------------------------------------------------
                                 command: hessian                                
 --------------------------------------------------------------------------------

WARNING: semianalytic method is specified for dft hessian, which is not efficient. Try switching to 'method = analytic'


 -------------------------------
  Numerical Geometrical Hessian 
 -------------------------------

 Compute hessian using two-point central differentiation.
 Step size (bohr):                       0.0100

 Frequencies (including translational and rotational modes):
 mode    frequency (cm-1)
    0               10.15 i (imaginary)
    1                9.43 i (imaginary)
    2                4.34 i (imaginary)
    3                0.01
    4                0.03
    5                0.10
    6              108.81
    7              110.31
    8              170.78

 Project out translational and rotational motions 

 Degrees of freedom for translational and rotational motions: 6

 Vibrational frequencies:
 mode    frequency (cm-1)
    0              108.81
    1              110.31
    2              170.78

 --------------------------------------------------------------------------------

 End time:                               Fri Oct 22 17:22:09 2021
 Total wall-clock time:                 58.888 seconds
==================================================================================
