
================================================================================
          _____________ ________ _______________ ________     _________         
         / ___________// ______ \\_____   _____// ______ \   / ________)        
        / /_________  / /      \ \     | |     / /      \ \ | (_______          
       |  __________|| |        | |    | |    | |        | | \________ \        
        \ \_________ | |        | |    | |     \ \______/ /___________) |       
         \__________||_|        |_|    |_|      \________//____________/        
                                                                                
====================================[ Qcore ]===================================

 Git describe: 2.3.0
 Compiler:     GNU 9.1.0
 Build type:   Release
 Version:      2.3.0

 Start time:   Fri Oct 22 17:21:14 2021

 Data directory: /work/zw18965/.local/qcore/share/entos/qcore/data
 Number of threads: 24
 Number of threads was determined by: command line argument

 --------------------------------------------------------------------------------
                                command: optimize                                
 --------------------------------------------------------------------------------
 Using coordinate system:                tric

 -----------------------------
  Initial coordinates summary 
 -----------------------------
 Total coordinates:                     13
 Bond distances:                         2
 Bond angles:                            0
 Dihedral angles:                        0
 Linear bond angles:                     2
 Out-of-plane bends:                     0
 Translations:                           9
 Rotations:                              0
 Hessian update scheme:                  bfgs
 Initial hessian:                        model

 ------------------------------------------------------------------------------------------------------------
                   energy      change    grad rms    grad max    step rms    step max       trust    time (s)
 ------------------------------------------------------------------------------------------------------------
   1      -406.768275986                2.95e-03    6.26e-03                            2.00e-01        2.51
   2      -406.768648268   -3.72e-04    1.28e-03    2.72e-03    3.41e-02    4.18e-02    2.00e-01        2.05
Failed to converge
Failed to converge
Failed to converge
Failed to converge
Failed to converge
Failed to converge
Failed to converge
   3      -407.626219506   -8.58e-01    3.09e+00    7.48e+00    2.62e-02    3.21e-02    2.00e-01        2.20
Rejecting step due to low quality: Quality: -25.419 New trust radius: 0.1
   4      -406.765228768    8.61e-01    3.09e+00    7.48e+00    2.00e-01    3.16e-01    1.00e-01        2.40
Rejecting step due to low quality: Quality: -35.9047 New trust radius: 0.05
   5      -406.767783033    8.58e-01    3.09e+00    7.48e+00    1.00e-01    1.58e-01    5.00e-02        2.13
Rejecting step due to low quality: Quality: -62.6182 New trust radius: 0.025
   6      -406.768501346    8.58e-01    3.09e+00    7.48e+00    5.00e-02    7.91e-02    2.50e-02        2.12
Rejecting step due to low quality: Quality: -117.719 New trust radius: 0.0125
   7      -406.768687139    8.58e-01    3.09e+00    7.48e+00    2.50e-02    3.96e-02    1.25e-02        2.14
Rejecting step due to low quality: Quality: -228.588 New trust radius: 0.00625
   8      -406.768732295    8.57e-01    3.09e+00    7.48e+00    1.25e-02    1.98e-02    6.25e-03        2.14
   9      -406.768742036    8.57e-01    1.86e-04    4.47e-04    6.25e-03    9.89e-03    3.12e-03        1.99
  10      -406.768743417   -1.38e-06    7.01e-05    1.70e-04    3.12e-03    4.83e-03    3.12e-03        2.00
  11      -406.768743442   -2.55e-08    6.18e-05    1.49e-04    4.76e-04    7.36e-04    3.12e-03        1.92
 Geometry optimization stopped:          thresholds achieved

 Final energy:                        -406.768743442

 ---------------------------
  Final coordinates summary 
 ---------------------------
 Total coordinates:                     13
 Bond distances:                         2
 Bond angles:                            0
 Dihedral angles:                        0
 Linear bond angles:                     2
 Out-of-plane bends:                     0
 Translations:                           9
 Rotations:                              0

 -----------
  Final XYZ 
 -----------
3
Final structure: -406.769 hartree
Au           0.000005620         -0.000004523          0.000400295
Au          -0.000002495          0.000001539          2.617438858
Au          -0.000003125          0.000002984         -2.617839153

 Structure in entos input format:

  structure(
    xyz = [
      ['Au' ,          0.000005620,         -0.000004523,          0.000400295],
      ['Au' ,         -0.000002495,          0.000001539,          2.617438858],
      ['Au' ,         -0.000003125,          0.000002984,         -2.617839153]
    ]
  )

 --------------------------------
  Geometry optimization finished 
 --------------------------------
 Saving results in set 'opt'

 --------------------------------------------------------------------------------
                                 command: hessian                                
 --------------------------------------------------------------------------------

WARNING: semianalytic method is specified for dft hessian, which is not efficient. Try switching to 'method = analytic'


 -------------------------------
  Numerical Geometrical Hessian 
 -------------------------------

 Compute hessian using two-point central differentiation.
 Step size (bohr):                       0.0100

 Frequencies (including translational and rotational modes):
 mode    frequency (cm-1)
    0               65.71 i (imaginary)
    1               65.71 i (imaginary)
    2                8.62 i (imaginary)
    3                8.59 i (imaginary)
    4                0.00
    5                0.02
    6                0.04
    7               98.98
    8              162.53

 Project out translational and rotational motions 

 Degrees of freedom for translational and rotational motions: 6

 Vibrational frequencies:
 mode    frequency (cm-1)
    0               65.71 i (imaginary)
    1               98.98
    2              162.53

 --------------------------------------------------------------------------------

 End time:                               Fri Oct 22 17:22:18 2021
 Total wall-clock time:                 64.112 seconds
==================================================================================
