
================================================================================
          _____________ ________ _______________ ________     _________         
         / ___________// ______ \\_____   _____// ______ \   / ________)        
        / /_________  / /      \ \     | |     / /      \ \ | (_______          
       |  __________|| |        | |    | |    | |        | | \________ \        
        \ \_________ | |        | |    | |     \ \______/ /___________) |       
         \__________||_|        |_|    |_|      \________//____________/        
                                                                                
====================================[ Qcore ]===================================

 Git describe: 2.3.0
 Compiler:     GNU 9.1.0
 Build type:   Release
 Version:      2.3.0

 Start time:   Fri Oct 22 17:21:31 2021

 Data directory: /work/zw18965/.local/qcore/share/entos/qcore/data
 Number of threads: 24
 Number of threads was determined by: command line argument
  - More threads can be used by running 'qcore -n 32'

 --------------------------------------------------------------------------------
                                command: optimize                                
 --------------------------------------------------------------------------------
 Using coordinate system:                tric

 -----------------------------
  Initial coordinates summary 
 -----------------------------
 Total coordinates:                      7
 Bond distances:                         1
 Bond angles:                            0
 Dihedral angles:                        0
 Linear bond angles:                     0
 Out-of-plane bends:                     0
 Translations:                           6
 Rotations:                              0
 Hessian update scheme:                  bfgs
 Initial hessian:                        model

 ------------------------------------------------------------------------------------------------------------
                   energy      change    grad rms    grad max    step rms    step max       trust    time (s)
 ------------------------------------------------------------------------------------------------------------
   1     -1740.494340053                4.47e-03    7.74e-03                            2.00e-01        0.99
   2     -1740.494424045   -8.40e-05    2.74e-03    4.75e-03    6.73e-03    1.35e-02    2.00e-01        0.49
   3     -1740.494476456   -5.24e-05    1.04e-04    1.81e-04    1.07e-02    2.14e-02    2.00e-01        0.51
   4     -1740.494476570   -1.15e-07    2.73e-06    4.73e-06    4.23e-04    8.47e-04    2.00e-01        0.49
 Geometry optimization stopped:          thresholds achieved

 Final energy:                       -1740.494476570

 ---------------------------
  Final coordinates summary 
 ---------------------------
 Total coordinates:                      7
 Bond distances:                         1
 Bond angles:                            0
 Dihedral angles:                        0
 Linear bond angles:                     0
 Out-of-plane bends:                     0
 Translations:                           6
 Rotations:                              0

 -----------
  Final XYZ 
 -----------
2
Final structure: -1740.49 hartree
Cu          -0.000000461          0.000000070          0.422170474
F            0.000000461         -0.000000070         -1.339317475

 Structure in entos input format:

  structure(
    xyz = [
      ['Cu' ,         -0.000000461,          0.000000070,          0.422170474],
      ['F'  ,          0.000000461,         -0.000000070,         -1.339317475]
    ]
  )

 --------------------------------
  Geometry optimization finished 
 --------------------------------
 Saving results in set 'opt'

 --------------------------------------------------------------------------------
                                 command: hessian                                
 --------------------------------------------------------------------------------

WARNING: semianalytic method is specified for dft hessian, which is not efficient. Try switching to 'method = analytic'


 -------------------------------
  Numerical Geometrical Hessian 
 -------------------------------

 Compute hessian using two-point central differentiation.
 Step size (bohr):                       0.0100

 Frequencies (including translational and rotational modes):
 mode    frequency (cm-1)
    0               50.62 i (imaginary)
    1               50.62 i (imaginary)
    2                0.01
    3                0.01
    4                0.02
    5              612.52

 Project out translational and rotational motions 

 The molecule is linear

 Degrees of freedom for translational and rotational motions: 5

 Vibrational frequencies:
 mode    frequency (cm-1)
    0              612.52

 --------------------------------------------------------------------------------

 End time:                               Fri Oct 22 17:21:41 2021
 Total wall-clock time:                  9.642 seconds
==================================================================================
