
================================================================================
          _____________ ________ _______________ ________     _________         
         / ___________// ______ \\_____   _____// ______ \   / ________)        
        / /_________  / /      \ \     | |     / /      \ \ | (_______          
       |  __________|| |        | |    | |    | |        | | \________ \        
        \ \_________ | |        | |    | |     \ \______/ /___________) |       
         \__________||_|        |_|    |_|      \________//____________/        
                                                                                
====================================[ Qcore ]===================================

 Git describe: 2.3.0-3-g778a55bfd
 Compiler:     GNU 9.3.0
 Build type:   Release
 Version:      2.3.0-3-g778a55bfd

 Start time:   Tue Nov  2 10:13:08 2021

 Data directory: /mnt/storage/home/zw18965/.local/qcore/share/entos/qcore/data
 Number of threads: 28
 Number of threads was determined by: command line argument

 --------------------------------------------------------------------------------
                                command: optimize                                
 --------------------------------------------------------------------------------
 Using coordinate system:                tric

 -----------------------------
  Initial coordinates summary 
 -----------------------------
 Total coordinates:                      7
 Bond distances:                         1
 Bond angles:                            0
 Dihedral angles:                        0
 Linear bond angles:                     0
 Out-of-plane bends:                     0
 Translations:                           6
 Rotations:                              0
 Hessian update scheme:                  bfgs
 Initial hessian:                        model

 ------------------------------------------------------------------------------------------------------------
                   energy      change    grad rms    grad max    step rms    step max       trust    time (s)
 ------------------------------------------------------------------------------------------------------------
   1     -1641.191704616                3.34e-03    5.79e-03                            2.00e-01       35.00
   2     -1641.191786825   -8.22e-05    1.74e-03    3.02e-03    9.35e-03    1.87e-02    2.00e-01       14.56
   3     -1641.191818914   -3.21e-05    7.93e-05    1.37e-04    1.02e-02    2.05e-02    2.00e-01       10.94
   4     -1641.191818965   -5.10e-08    2.08e-06    3.61e-06    4.87e-04    9.74e-04    2.00e-01       13.74
 Geometry optimization stopped:          thresholds achieved

 Final energy:                       -1641.191818965

 ---------------------------
  Final coordinates summary 
 ---------------------------
 Total coordinates:                      7
 Bond distances:                         1
 Bond angles:                            0
 Dihedral angles:                        0
 Linear bond angles:                     0
 Out-of-plane bends:                     0
 Translations:                           6
 Rotations:                              0

 -----------
  Final XYZ 
 -----------
2
Final structure: -1641.19 hartree
Cu           0.000000378          0.000000934          0.059132559
H           -0.000000378         -0.000000934         -1.417489560

 Structure in entos input format:

  structure(
    xyz = [
      ['Cu' ,          0.000000378,          0.000000934,          0.059132559],
      ['H'  ,         -0.000000378,         -0.000000934,         -1.417489560]
    ]
  )

 --------------------------------
  Geometry optimization finished 
 --------------------------------
 Saving results in set 'opt'

 --------------------------------------------------------------------------------
                                 command: hessian                                
 --------------------------------------------------------------------------------

WARNING: semianalytic method is specified for dft hessian, which is not efficient. Try switching to 'method = analytic'


 -------------------------------
  Numerical Geometrical Hessian 
 -------------------------------

 Compute hessian using two-point central differentiation.
 Step size (bohr):                       0.0100

 Frequencies (including translational and rotational modes):
 mode    frequency (cm-1)
    0               33.58 i (imaginary)
    1               33.50 i (imaginary)
    2                0.00 i (imaginary)
    3                0.00
    4                0.22
    5             1912.28

 Project out translational and rotational motions 

 The molecule is linear

 Degrees of freedom for translational and rotational motions: 5

 Vibrational frequencies:
 mode    frequency (cm-1)
    0             1912.28

 --------------------------------------------------------------------------------

 End time:                               Tue Nov  2 10:17:59 2021
 Total wall-clock time:                290.706 seconds
==================================================================================
