
================================================================================
          _____________ ________ _______________ ________     _________         
         / ___________// ______ \\_____   _____// ______ \   / ________)        
        / /_________  / /      \ \     | |     / /      \ \ | (_______          
       |  __________|| |        | |    | |    | |        | | \________ \        
        \ \_________ | |        | |    | |     \ \______/ /___________) |       
         \__________||_|        |_|    |_|      \________//____________/        
                                                                                
====================================[ Qcore ]===================================

 Git describe: 2.3.0
 Compiler:     GNU 9.1.0
 Build type:   Release
 Version:      2.3.0

 Start time:   Fri Oct 22 17:21:37 2021

 Data directory: /work/zw18965/.local/qcore/share/entos/qcore/data
 Number of threads: 24
 Number of threads was determined by: command line argument
  - More threads can be used by running 'qcore -n 32'

 --------------------------------------------------------------------------------
                                command: optimize                                
 --------------------------------------------------------------------------------
 Using coordinate system:                tric

 -----------------------------
  Initial coordinates summary 
 -----------------------------
 Total coordinates:                      7
 Bond distances:                         1
 Bond angles:                            0
 Dihedral angles:                        0
 Linear bond angles:                     0
 Out-of-plane bends:                     0
 Translations:                           6
 Rotations:                              0
 Hessian update scheme:                  bfgs
 Initial hessian:                        model

 ------------------------------------------------------------------------------------------------------------
                   energy      change    grad rms    grad max    step rms    step max       trust    time (s)
 ------------------------------------------------------------------------------------------------------------
   1     -3281.250100882                4.92e-03    8.52e-03                            2.00e-01        1.19
   2     -3281.250472635   -3.72e-04    1.46e-03    2.54e-03    3.41e-02    6.82e-02    2.00e-01        0.92
   3     -3281.250512602   -4.00e-05    1.45e-04    2.51e-04    1.45e-02    2.89e-02    2.00e-01        0.90
   4     -3281.250513012   -4.11e-07    4.64e-06    8.03e-06    1.59e-03    3.17e-03    2.00e-01        0.81
   5     -3281.250513013   -4.62e-10    3.44e-08    4.21e-08    5.24e-05    1.05e-04    2.00e-01        0.77
 Geometry optimization stopped:          thresholds achieved

 Final energy:                       -3281.250513013

 ---------------------------
  Final coordinates summary 
 ---------------------------
 Total coordinates:                      7
 Bond distances:                         1
 Bond angles:                            0
 Dihedral angles:                        0
 Linear bond angles:                     0
 Out-of-plane bends:                     0
 Translations:                           6
 Rotations:                              0

 -----------
  Final XYZ 
 -----------
2
Final structure: -3281.25 hartree
Cu          -0.000000615          0.000003442          1.134038254
Cu           0.000000615         -0.000003442         -1.134038253

 Structure in entos input format:

  structure(
    xyz = [
      ['Cu' ,         -0.000000615,          0.000003442,          1.134038254],
      ['Cu' ,          0.000000615,         -0.000003442,         -1.134038253]
    ]
  )

 --------------------------------
  Geometry optimization finished 
 --------------------------------
 Saving results in set 'opt'

 --------------------------------------------------------------------------------
                                 command: hessian                                
 --------------------------------------------------------------------------------

WARNING: semianalytic method is specified for dft hessian, which is not efficient. Try switching to 'method = analytic'


 -------------------------------
  Numerical Geometrical Hessian 
 -------------------------------

 Compute hessian using two-point central differentiation.
 Step size (bohr):                       0.0100

 Frequencies (including translational and rotational modes):
 mode    frequency (cm-1)
    0                9.09 i (imaginary)
    1                9.00 i (imaginary)
    2                0.04 i (imaginary)
    3                0.06
    4                0.15
    5              251.91

 Project out translational and rotational motions 

 The molecule is linear

 Degrees of freedom for translational and rotational motions: 5

 Vibrational frequencies:
 mode    frequency (cm-1)
    0              251.91

 --------------------------------------------------------------------------------

 End time:                               Fri Oct 22 17:21:53 2021
 Total wall-clock time:                 15.991 seconds
==================================================================================
