
================================================================================
          _____________ ________ _______________ ________     _________         
         / ___________// ______ \\_____   _____// ______ \   / ________)        
        / /_________  / /      \ \     | |     / /      \ \ | (_______          
       |  __________|| |        | |    | |    | |        | | \________ \        
        \ \_________ | |        | |    | |     \ \______/ /___________) |       
         \__________||_|        |_|    |_|      \________//____________/        
                                                                                
====================================[ Qcore ]===================================

 Git describe: 2.3.0
 Compiler:     GNU 9.1.0
 Build type:   Release
 Version:      2.3.0

 Start time:   Fri Oct 22 17:21:44 2021

 Data directory: /work/zw18965/.local/qcore/share/entos/qcore/data
 Number of threads: 24
 Number of threads was determined by: command line argument
  - More threads can be used by running 'qcore -n 32'

 --------------------------------------------------------------------------------
                                command: optimize                                
 --------------------------------------------------------------------------------
 Using coordinate system:                tric

 -----------------------------
  Initial coordinates summary 
 -----------------------------
 Total coordinates:                     12
 Bond distances:                         3
 Bond angles:                            3
 Dihedral angles:                        0
 Linear bond angles:                     0
 Out-of-plane bends:                     0
 Translations:                           3
 Rotations:                              3
 Hessian update scheme:                  bfgs
 Initial hessian:                        model

 ------------------------------------------------------------------------------------------------------------
                   energy      change    grad rms    grad max    step rms    step max       trust    time (s)
 ------------------------------------------------------------------------------------------------------------
   1     -4921.875935691                7.78e-03    1.90e-02                            2.00e-01        3.10
   2     -4921.877855143   -1.92e-03    4.11e-03    1.01e-02    6.48e-02    1.03e-01    2.00e-01        2.51
   3     -4921.878706742   -8.52e-04    1.05e-03    2.24e-03    7.12e-02    1.15e-01    2.00e-01        2.54
   4     -4921.878752354   -4.56e-05    3.83e-04    6.94e-04    1.56e-02    3.00e-02    2.00e-01        2.69
   5     -4921.878757111   -4.76e-06    9.05e-05    1.98e-04    4.81e-03    1.01e-02    2.00e-01        2.50
   6     -4921.878757439   -3.28e-07    6.75e-05    1.19e-04    1.04e-03    1.91e-03    2.00e-01        2.46
   7     -4921.878758153   -7.14e-07    1.40e-04    2.69e-04    2.28e-03    3.70e-03    2.00e-01        2.52
   8     -4921.879000690   -2.43e-04    3.64e-03    7.42e-03    2.00e-01    3.29e-01    2.83e-01        2.88
   9     -4921.878776991    2.24e-04    1.21e-03    2.64e-03    1.71e-01    2.88e-01    8.57e-02        3.02
  10     -4921.878950294   -1.73e-04    2.70e-03    5.63e-03    6.46e-02    9.48e-02    8.57e-02        2.84
  11     -4921.878760837    1.89e-04    4.83e-04    9.51e-04    8.56e-02    1.18e-01    1.21e-01        2.93
  12     -4921.878754102    6.74e-06    2.74e-04    5.59e-04    1.70e-02    2.67e-02    1.21e-01        2.56
  13     -4921.878756648   -2.55e-06    3.74e-04    8.38e-04    6.90e-03    1.58e-02    1.21e-01        2.57
  14     -4921.878704965    5.17e-05    2.73e-03    5.72e-03    1.20e-01    2.71e-01    1.71e-01        2.85
  15     -4921.878774259   -6.93e-05    2.08e-03    3.93e-03    1.71e-01    3.86e-01    1.71e-01        2.89
  16     -4921.878796823   -2.26e-05    1.97e-03    3.27e-03    8.67e-03    1.44e-02    1.71e-01        2.64
Rejecting step due to low quality: Quality: -14.4266 New trust radius: 0.0860491
  17     -4921.876912719    1.88e-03    1.97e-03    3.27e-03    1.72e-01    3.83e-01    8.60e-02        2.98
Rejecting step due to low quality: Quality: -1.80223 New trust radius: 0.043336
  18     -4921.878656475    1.40e-04    1.97e-03    3.27e-03    8.67e-02    1.92e-01    4.33e-02        2.81
  19     -4921.878811401   -1.46e-05    3.14e-03    5.32e-03    4.37e-02    9.68e-02    4.33e-02        2.73
  20     -4921.878856944   -4.55e-05    2.63e-03    4.68e-03    9.79e-03    2.01e-02    4.33e-02        2.37
  21     -4921.878924359   -6.74e-05    2.62e-03    5.06e-03    3.32e-02    5.34e-02    4.33e-02        2.74
  22     -4921.879008586   -8.42e-05    2.10e-03    4.39e-03    2.89e-02    5.34e-02    4.33e-02        2.69
  23     -4921.879078694   -7.01e-05    1.66e-03    3.04e-03    1.54e-02    2.84e-02    4.33e-02        2.54
  24     -4921.879171421   -9.27e-05    1.28e-03    2.18e-03    2.56e-02    4.43e-02    4.33e-02        2.66
  25     -4921.879375545   -2.04e-04    1.05e-03    2.20e-03    3.61e-02    6.64e-02    6.13e-02        2.69
  26     -4921.879521025   -1.45e-04    4.01e-04    7.66e-04    6.14e-02    9.39e-02    6.13e-02        2.65
  27     -4921.879534096   -1.31e-05    8.14e-05    1.76e-04    1.24e-02    2.04e-02    6.13e-02        2.51
  28     -4921.879535658   -1.56e-06    3.04e-05    5.81e-05    5.42e-03    1.15e-02    6.13e-02        2.31
  29     -4921.879536201   -5.43e-07    2.31e-05    5.06e-05    2.20e-03    4.92e-03    6.13e-02        2.26
  30     -4921.879536389   -1.87e-07    3.30e-05    6.07e-05    1.26e-03    5.59e-03    6.13e-02        2.24
  31     -4921.879537202   -8.13e-07    5.15e-05    1.03e-04    1.27e-03    1.55e-02    6.13e-02        2.45
  32     -4921.879538028   -8.26e-07    4.82e-05    1.06e-04    4.83e-04    1.88e-02    6.13e-02        2.44
  33     -4921.879538425   -3.97e-07    2.14e-05    4.64e-05    1.77e-03    7.17e-03    6.13e-02        2.25
Rejecting step due to low quality: Quality: -1.82745 New trust radius: 0.000581662
  34     -4921.879538331    9.42e-08    2.14e-05    4.64e-05    1.16e-03    2.70e-03    5.82e-04        2.13
  35     -4921.879538380    4.43e-08    1.15e-05    2.36e-05    5.82e-04    1.35e-03    2.91e-04        2.04
  36     -4921.879538351    2.97e-08    6.72e-06    1.39e-05    2.91e-04    6.77e-04    1.45e-04        2.10
 Geometry optimization stopped:          thresholds achieved

 Final energy:                       -4921.879538351

 ---------------------------
  Final coordinates summary 
 ---------------------------
 Total coordinates:                     12
 Bond distances:                         3
 Bond angles:                            3
 Dihedral angles:                        0
 Linear bond angles:                     0
 Out-of-plane bends:                     0
 Translations:                           3
 Rotations:                              3

 -----------
  Final XYZ 
 -----------
3
Final structure: -4921.88 hartree
Cu          -0.047143704          1.462887443         -0.001997305
Cu           1.177808772         -0.867464503          0.005876637
Cu          -1.130662540         -0.595418019         -0.003879332

 Structure in entos input format:

  structure(
    xyz = [
      ['Cu' ,         -0.047143704,          1.462887443,         -0.001997305],
      ['Cu' ,          1.177808772,         -0.867464503,          0.005876637],
      ['Cu' ,         -1.130662540,         -0.595418019,         -0.003879332]
    ]
  )

 --------------------------------
  Geometry optimization finished 
 --------------------------------
 Saving results in set 'opt'

 --------------------------------------------------------------------------------
                                 command: hessian                                
 --------------------------------------------------------------------------------

WARNING: semianalytic method is specified for dft hessian, which is not efficient. Try switching to 'method = analytic'


 -------------------------------
  Numerical Geometrical Hessian 
 -------------------------------

 Compute hessian using two-point central differentiation.
 Step size (bohr):                       0.0100

 Frequencies (including translational and rotational modes):
 mode    frequency (cm-1)
    0                9.99 i (imaginary)
    1                0.56 i (imaginary)
    2                0.14 i (imaginary)
    3                0.08
    4               16.18
    5               17.44
    6               92.32
    7              152.97
    8              245.45

 Project out translational and rotational motions 

 Degrees of freedom for translational and rotational motions: 6

 Vibrational frequencies:
 mode    frequency (cm-1)
    0               92.32
    1              152.97
    2              245.45

 --------------------------------------------------------------------------------

 End time:                               Fri Oct 22 17:24:03 2021
 Total wall-clock time:                138.976 seconds
==================================================================================
