
================================================================================
          _____________ ________ _______________ ________     _________         
         / ___________// ______ \\_____   _____// ______ \   / ________)        
        / /_________  / /      \ \     | |     / /      \ \ | (_______          
       |  __________|| |        | |    | |    | |        | | \________ \        
        \ \_________ | |        | |    | |     \ \______/ /___________) |       
         \__________||_|        |_|    |_|      \________//____________/        
                                                                                
====================================[ Qcore ]===================================

 Git describe: 2.3.0
 Compiler:     GNU 9.1.0
 Build type:   Release
 Version:      2.3.0

 Start time:   Fri Oct 22 17:21:48 2021

 Data directory: /work/zw18965/.local/qcore/share/entos/qcore/data
 Number of threads: 24
 Number of threads was determined by: command line argument

 --------------------------------------------------------------------------------
                                command: optimize                                
 --------------------------------------------------------------------------------
 Using coordinate system:                tric

 -----------------------------
  Initial coordinates summary 
 -----------------------------
 Total coordinates:                     13
 Bond distances:                         2
 Bond angles:                            0
 Dihedral angles:                        0
 Linear bond angles:                     2
 Out-of-plane bends:                     0
 Translations:                           9
 Rotations:                              0
 Hessian update scheme:                  bfgs
 Initial hessian:                        model

 ------------------------------------------------------------------------------------------------------------
                   energy      change    grad rms    grad max    step rms    step max       trust    time (s)
 ------------------------------------------------------------------------------------------------------------
   1     -4921.872044189                2.57e-03    5.46e-03                            2.00e-01        2.96
   2     -4921.872355336   -3.11e-04    1.45e-03    3.08e-03    2.97e-02    3.64e-02    2.00e-01        2.29
   3     -4921.872513255   -1.58e-04    1.24e-04    2.63e-04    3.85e-02    4.72e-02    2.00e-01        2.42
   4     -4921.872514706   -1.45e-06    7.15e-06    1.53e-05    3.60e-03    4.41e-03    2.00e-01        2.29
Rejecting step due to low quality: Quality: -9.12886 New trust radius: 0.000110018
   5     -4921.872514668    3.73e-08    7.15e-06    1.53e-05    2.20e-04    2.71e-04    1.10e-04        2.06
 Geometry optimization stopped:          thresholds achieved

 Final energy:                       -4921.872514668

 ---------------------------
  Final coordinates summary 
 ---------------------------
 Total coordinates:                     13
 Bond distances:                         2
 Bond angles:                            0
 Dihedral angles:                        0
 Linear bond angles:                     2
 Out-of-plane bends:                     0
 Translations:                           9
 Rotations:                              0

 -----------
  Final XYZ 
 -----------
3
Final structure: -4921.87 hartree
Cu           0.000000386         -0.000000498         -0.000000240
Cu           0.000001831         -0.000000619          2.337654597
Cu          -0.000002217          0.000001117         -2.337654357

 Structure in entos input format:

  structure(
    xyz = [
      ['Cu' ,          0.000000386,         -0.000000498,         -0.000000240],
      ['Cu' ,          0.000001831,         -0.000000619,          2.337654597],
      ['Cu' ,         -0.000002217,          0.000001117,         -2.337654357]
    ]
  )

 --------------------------------
  Geometry optimization finished 
 --------------------------------
 Saving results in set 'opt'

 --------------------------------------------------------------------------------
                                 command: hessian                                
 --------------------------------------------------------------------------------

WARNING: semianalytic method is specified for dft hessian, which is not efficient. Try switching to 'method = analytic'


 -------------------------------
  Numerical Geometrical Hessian 
 -------------------------------

 Compute hessian using two-point central differentiation.
 Step size (bohr):                       0.0100

 Frequencies (including translational and rotational modes):
 mode    frequency (cm-1)
    0               35.69 i (imaginary)
    1               35.69 i (imaginary)
    2                4.44 i (imaginary)
    3                4.42 i (imaginary)
    4                0.02 i (imaginary)
    5                0.08
    6                0.08
    7              152.56
    8              242.45

 Project out translational and rotational motions 

 Degrees of freedom for translational and rotational motions: 6

 Vibrational frequencies:
 mode    frequency (cm-1)
    0               35.69 i (imaginary)
    1              152.56
    2              242.45

 --------------------------------------------------------------------------------

 End time:                               Fri Oct 22 17:22:44 2021
 Total wall-clock time:                 56.225 seconds
==================================================================================
