
================================================================================
          _____________ ________ _______________ ________     _________         
         / ___________// ______ \\_____   _____// ______ \   / ________)        
        / /_________  / /      \ \     | |     / /      \ \ | (_______          
       |  __________|| |        | |    | |    | |        | | \________ \        
        \ \_________ | |        | |    | |     \ \______/ /___________) |       
         \__________||_|        |_|    |_|      \________//____________/        
                                                                                
====================================[ Qcore ]===================================

 Git describe: 2.3.0
 Compiler:     GNU 9.1.0
 Build type:   Release
 Version:      2.3.0

 Start time:   Fri Oct 22 17:21:38 2021

 Data directory: /work/zw18965/.local/qcore/share/entos/qcore/data
 Number of threads: 24
 Number of threads was determined by: command line argument
  - More threads can be used by running 'qcore -n 32'

 --------------------------------------------------------------------------------
                                command: optimize                                
 --------------------------------------------------------------------------------
 Using coordinate system:                tric

 -----------------------------
  Initial coordinates summary 
 -----------------------------
 Total coordinates:                     12
 Bond distances:                         3
 Bond angles:                            3
 Dihedral angles:                        0
 Linear bond angles:                     0
 Out-of-plane bends:                     0
 Translations:                           3
 Rotations:                              3
 Hessian update scheme:                  bfgs
 Initial hessian:                        model

 ------------------------------------------------------------------------------------------------------------
                   energy      change    grad rms    grad max    step rms    step max       trust    time (s)
 ------------------------------------------------------------------------------------------------------------
   1     -4921.668424628                4.87e-03    8.49e-03                            2.00e-01        2.49
   2     -4921.668935256   -5.11e-04    2.16e-03    3.79e-03    2.81e-02    4.90e-02    2.00e-01        2.07
   3     -4921.669072666   -1.37e-04    2.27e-04    4.31e-04    2.25e-02    3.93e-02    2.00e-01        2.02
   4     -4921.669074250   -1.58e-06    1.80e-05    4.40e-05    2.64e-03    4.79e-03    2.00e-01        1.98
   5     -4921.669074317   -6.71e-08    7.98e-06    1.31e-05    2.16e-04    4.00e-04    2.00e-01        1.87
 Geometry optimization stopped:          thresholds achieved

 Final energy:                       -4921.669074317

 ---------------------------
  Final coordinates summary 
 ---------------------------
 Total coordinates:                     12
 Bond distances:                         3
 Bond angles:                            3
 Dihedral angles:                        0
 Linear bond angles:                     0
 Out-of-plane bends:                     0
 Translations:                           3
 Rotations:                              3

 -----------
  Final XYZ 
 -----------
3
Final structure: -4921.67 hartree
Cu          -0.000005899          1.378120095          0.000013418
Cu           1.192443323         -0.689055043         -0.000007296
Cu          -1.192437425         -0.689064046         -0.000006121

 Structure in entos input format:

  structure(
    xyz = [
      ['Cu' ,         -0.000005899,          1.378120095,          0.000013418],
      ['Cu' ,          1.192443323,         -0.689055043,         -0.000007296],
      ['Cu' ,         -1.192437425,         -0.689064046,         -0.000006121]
    ]
  )

 --------------------------------
  Geometry optimization finished 
 --------------------------------
 Saving results in set 'opt'

 --------------------------------------------------------------------------------
                                 command: hessian                                
 --------------------------------------------------------------------------------

WARNING: semianalytic method is specified for dft hessian, which is not efficient. Try switching to 'method = analytic'


 -------------------------------
  Numerical Geometrical Hessian 
 -------------------------------

 Compute hessian using two-point central differentiation.
 Step size (bohr):                       0.0100

 Frequencies (including translational and rotational modes):
 mode    frequency (cm-1)
    0               11.28 i (imaginary)
    1                5.66 i (imaginary)
    2                0.06 i (imaginary)
    3                0.02 i (imaginary)
    4                0.13
    5                4.22
    6              167.25
    7              168.01
    8              241.71

 Project out translational and rotational motions 

 Degrees of freedom for translational and rotational motions: 6

 Vibrational frequencies:
 mode    frequency (cm-1)
    0              167.25
    1              168.01
    2              241.71

 --------------------------------------------------------------------------------

 End time:                               Fri Oct 22 17:22:26 2021
 Total wall-clock time:                 48.570 seconds
==================================================================================
