
================================================================================
          _____________ ________ _______________ ________     _________         
         / ___________// ______ \\_____   _____// ______ \   / ________)        
        / /_________  / /      \ \     | |     / /      \ \ | (_______          
       |  __________|| |        | |    | |    | |        | | \________ \        
        \ \_________ | |        | |    | |     \ \______/ /___________) |       
         \__________||_|        |_|    |_|      \________//____________/        
                                                                                
====================================[ Qcore ]===================================

 Git describe: 2.3.0
 Compiler:     GNU 9.1.0
 Build type:   Release
 Version:      2.3.0

 Start time:   Fri Oct 22 17:21:39 2021

 Data directory: /work/zw18965/.local/qcore/share/entos/qcore/data
 Number of threads: 24
 Number of threads was determined by: command line argument

 --------------------------------------------------------------------------------
                                command: optimize                                
 --------------------------------------------------------------------------------
 Using coordinate system:                tric

 -----------------------------
  Initial coordinates summary 
 -----------------------------
 Total coordinates:                     13
 Bond distances:                         2
 Bond angles:                            0
 Dihedral angles:                        0
 Linear bond angles:                     2
 Out-of-plane bends:                     0
 Translations:                           9
 Rotations:                              0
 Hessian update scheme:                  bfgs
 Initial hessian:                        model

 ------------------------------------------------------------------------------------------------------------
                   energy      change    grad rms    grad max    step rms    step max       trust    time (s)
 ------------------------------------------------------------------------------------------------------------
   1     -4921.606324074                9.36e-04    1.99e-03                            2.00e-01        2.50
   2     -4921.606367561   -4.35e-05    6.15e-04    1.31e-03    1.08e-02    1.32e-02    2.00e-01        1.93
   3     -4921.606401900   -3.43e-05    2.86e-05    6.06e-05    2.07e-02    2.54e-02    2.00e-01        2.10
   4     -4921.606402022   -1.22e-07    9.25e-07    2.18e-06    1.01e-03    1.24e-03    2.00e-01        1.98
   5     -4921.606402022   -6.44e-10    3.97e-08    7.86e-08    3.26e-05    4.24e-05    2.00e-01        1.79
 Geometry optimization stopped:          thresholds achieved

 Final energy:                       -4921.606402022

 ---------------------------
  Final coordinates summary 
 ---------------------------
 Total coordinates:                     13
 Bond distances:                         2
 Bond angles:                            0
 Dihedral angles:                        0
 Linear bond angles:                     2
 Out-of-plane bends:                     0
 Translations:                           9
 Rotations:                              0

 -----------
  Final XYZ 
 -----------
3
Final structure: -4921.61 hartree
Cu           0.000003868         -0.000002049          0.000000759
Cu          -0.000000192          0.000001815          2.358271149
Cu          -0.000003676          0.000000234         -2.358271904

 Structure in entos input format:

  structure(
    xyz = [
      ['Cu' ,          0.000003868,         -0.000002049,          0.000000759],
      ['Cu' ,         -0.000000192,          0.000001815,          2.358271149],
      ['Cu' ,         -0.000003676,          0.000000234,         -2.358271904]
    ]
  )

 --------------------------------
  Geometry optimization finished 
 --------------------------------
 Saving results in set 'opt'

 --------------------------------------------------------------------------------
                                 command: hessian                                
 --------------------------------------------------------------------------------

WARNING: semianalytic method is specified for dft hessian, which is not efficient. Try switching to 'method = analytic'


 -------------------------------
  Numerical Geometrical Hessian 
 -------------------------------

 Compute hessian using two-point central differentiation.
 Step size (bohr):                       0.0100

 Frequencies (including translational and rotational modes):
 mode    frequency (cm-1)
    0               82.86 i (imaginary)
    1               82.85 i (imaginary)
    2                0.54 i (imaginary)
    3                0.23 i (imaginary)
    4                0.01
    5                0.13
    6                0.63
    7              140.25
    8              236.45

 Project out translational and rotational motions 

 Degrees of freedom for translational and rotational motions: 6

 Vibrational frequencies:
 mode    frequency (cm-1)
    0               82.86 i (imaginary)
    1              140.25
    2              236.45

 --------------------------------------------------------------------------------

 End time:                               Fri Oct 22 17:22:27 2021
 Total wall-clock time:                 48.448 seconds
==================================================================================
