
================================================================================
          _____________ ________ _______________ ________     _________         
         / ___________// ______ \\_____   _____// ______ \   / ________)        
        / /_________  / /      \ \     | |     / /      \ \ | (_______          
       |  __________|| |        | |    | |    | |        | | \________ \        
        \ \_________ | |        | |    | |     \ \______/ /___________) |       
         \__________||_|        |_|    |_|      \________//____________/        
                                                                                
====================================[ Qcore ]===================================

 Git describe: 2.3.0
 Compiler:     GNU 9.1.0
 Build type:   Release
 Version:      2.3.0

 Start time:   Fri Oct 22 17:53:24 2021

 Data directory: /work/zw18965/.local/qcore/share/entos/qcore/data
 Number of threads: 24
 Number of threads was determined by: command line argument
  - More threads can be used by running 'qcore -n 32'

 --------------------------------------------------------------------------------
                                   command: dft                                  
 --------------------------------------------------------------------------------
 AO basis set:                           def2-tzvppd
 Number of AO basis functions:          96
 ECP on atom 1 (Ag):                     28 electrons

 Formula:                                FAg
 Nuclear charge:                        56.000000000
 Total charge:                           0.000000000
 Number of core electrons:              28
 Number of treated electrons:           28

 Number of alpha electrons:             14
 Number of beta electrons:              14
 Number of unpaired electrons:           0
 Spin:                                   0
 Multiplicity:                           singlet

 Theory:                                 dft
 Exchange-correlation functional:        blyp
 Method for Coulomb:                     incore_df
 Integral threshold:                     1.00e-12
 DF basis set:                           def2-universal-jkfit
 Number of DF basis functions:         332
 Schwarz screening threshold:            1.00e-10
 Coulomb fitting method:                 Cholesky
 Total number of grid points:        15310
 Method for AO orthogonalization:        symmetric
 Threshold for linear dependence:        1.00e-08
 D3BJ dispersion energy:                -0.001110049

 -------------------------------------
  Running restricted closed-shell SCF 
 -------------------------------------
 Max number of iterations:             128
 Conv. threshold (gradient):             1.00e-05
 Conv. threshold (energy):               1.00e-06
 Interpolation scheme:                   adiis+cdiis
 Initial guess:                          SAD

 ---------------------------------------------------------------
                  energy        change          grad        time
 ---------------------------------------------------------------
   0      -246.813596757                    1.79e+00        0.01
   1      -246.702360909      1.11e-01      1.21e+00        0.01
   2      -237.695524261      9.01e+00      6.14e+00        0.01
   3      -245.535890967     -7.84e+00      3.62e+00        0.01
   4      -246.761605466     -1.23e+00      1.07e+00        0.01
   5      -246.829048137     -6.74e-02      3.10e-01        0.01
   6      -246.827795519      1.25e-03      3.43e-01        0.01
   7      -246.835887183     -8.09e-03      2.77e-02        0.01
   8      -246.835685886      2.01e-04      5.01e-02        0.01
   9      -246.835974706     -2.89e-04      2.68e-03        0.01
  10      -246.835975454     -7.48e-07      1.64e-04        0.01
  11      -246.835975455     -1.91e-09      5.99e-06        0.01

 SCF converged in 11 iterations.

 Dipole moment (in Debye):               0.000001       0.000001       5.091010

 Quadrupole moment (in Debye-Angstrom):
                  1            2            3
 1       -23.647921     0.000000     0.000000
 2         0.000000   -23.647921     0.000000
 3         0.000000     0.000000   -27.954859

 Spin-squared expectation <S^2>:         0.000
 Total spin quantum number S:            0.000
 TOTAL ENERGY:                        -246.835975455

 --------------------------------------------------------------------------------

 End time:                               Fri Oct 22 17:53:25 2021
 Total wall-clock time:                  0.660 seconds
==================================================================================
