
================================================================================
          _____________ ________ _______________ ________     _________         
         / ___________// ______ \\_____   _____// ______ \   / ________)        
        / /_________  / /      \ \     | |     / /      \ \ | (_______          
       |  __________|| |        | |    | |    | |        | | \________ \        
        \ \_________ | |        | |    | |     \ \______/ /___________) |       
         \__________||_|        |_|    |_|      \________//____________/        
                                                                                
====================================[ Qcore ]===================================

 Git describe: 2.3.0
 Compiler:     GNU 9.1.0
 Build type:   Release
 Version:      2.3.0

 Start time:   Fri Oct 22 17:53:26 2021

 Data directory: /work/zw18965/.local/qcore/share/entos/qcore/data
 Number of threads: 24
 Number of threads was determined by: command line argument
  - More threads can be used by running 'qcore -n 32'

 --------------------------------------------------------------------------------
                                   command: dft                                  
 --------------------------------------------------------------------------------
 AO basis set:                           def2-tzvppd
 Number of AO basis functions:         112
 ECP on atom 1 (Ag):                     28 electrons
 ECP on atom 2 (Ag):                     28 electrons

 Formula:                                Ag2
 Nuclear charge:                        94.000000000
 Total charge:                           0.000000000
 Number of core electrons:              56
 Number of treated electrons:           38

 Number of alpha electrons:             19
 Number of beta electrons:              19
 Number of unpaired electrons:           0
 Spin:                                   0
 Multiplicity:                           singlet

 Theory:                                 dft
 Exchange-correlation functional:        blyp
 Method for Coulomb:                     incore_df
 Integral threshold:                     1.00e-12
 DF basis set:                           def2-universal-jkfit
 Number of DF basis functions:         510
 Schwarz screening threshold:            1.00e-10
 Coulomb fitting method:                 Cholesky
 Total number of grid points:        16996
 Method for AO orthogonalization:        symmetric
 Threshold for linear dependence:        1.00e-08
 D3BJ dispersion energy:                -0.003701575

 -------------------------------------
  Running restricted closed-shell SCF 
 -------------------------------------
 Max number of iterations:             128
 Conv. threshold (gradient):             1.00e-05
 Conv. threshold (energy):               1.00e-06
 Interpolation scheme:                   adiis+cdiis
 Initial guess:                          SAD

 ---------------------------------------------------------------
                  energy        change          grad        time
 ---------------------------------------------------------------
   0      -293.995091849                    2.05e+00        0.01
   1      -293.942102493      5.30e-02      1.77e-01        0.01
   2      -293.927005243      1.51e-02      2.77e-01        0.01
   3      -293.951352420     -2.43e-02      5.24e-02        0.01
   4      -293.950743321      6.09e-04      7.30e-02        0.01
   5      -293.952145507     -1.40e-03      6.18e-04        0.01
   6      -293.952145600     -9.35e-08      1.55e-04        0.01
   7      -293.952145606     -6.03e-09      1.56e-05        0.01
   8      -293.952145606     -5.44e-11      1.21e-06        0.01

 SCF converged in 8 iterations.

 Dipole moment (in Debye):               0.000001       0.000001      -0.000010

 Quadrupole moment (in Debye-Angstrom):
                  1            2            3
 1       -40.628780     0.000000    -0.000000
 2         0.000000   -40.628780    -0.000000
 3        -0.000000    -0.000000   -34.101478

 Spin-squared expectation <S^2>:         0.000
 Total spin quantum number S:            0.000
 TOTAL ENERGY:                        -293.952145606

 --------------------------------------------------------------------------------

 End time:                               Fri Oct 22 17:53:27 2021
 Total wall-clock time:                  0.674 seconds
==================================================================================
