
================================================================================
          _____________ ________ _______________ ________     _________         
         / ___________// ______ \\_____   _____// ______ \   / ________)        
        / /_________  / /      \ \     | |     / /      \ \ | (_______          
       |  __________|| |        | |    | |    | |        | | \________ \        
        \ \_________ | |        | |    | |     \ \______/ /___________) |       
         \__________||_|        |_|    |_|      \________//____________/        
                                                                                
====================================[ Qcore ]===================================

 Git describe: 2.3.0
 Compiler:     GNU 9.1.0
 Build type:   Release
 Version:      2.3.0

 Start time:   Fri Oct 22 17:53:35 2021

 Data directory: /work/zw18965/.local/qcore/share/entos/qcore/data
 Number of threads: 24
 Number of threads was determined by: command line argument
  - More threads can be used by running 'qcore -n 32'

 --------------------------------------------------------------------------------
                                   command: dft                                  
 --------------------------------------------------------------------------------
 AO basis set:                           def2-tzvppd
 Number of AO basis functions:         168
 ECP on atom 1 (Ag):                     28 electrons
 ECP on atom 2 (Ag):                     28 electrons
 ECP on atom 3 (Ag):                     28 electrons

 Formula:                                Ag3
 Nuclear charge:                       141.000000000
 Total charge:                           0.000000000
 Number of core electrons:              84
 Number of treated electrons:           57

 Number of alpha electrons:             29
 Number of beta electrons:              28
 Number of unpaired electrons:           1
 Spin:                                   1
 Multiplicity:                           doublet

 Theory:                                 dft
 Exchange-correlation functional:        blyp
 Method for Coulomb:                     incore_df
 Integral threshold:                     1.00e-12
 DF basis set:                           def2-universal-jkfit
 Number of DF basis functions:         765
 Schwarz screening threshold:            1.00e-10
 Coulomb fitting method:                 Cholesky
 Total number of grid points:        25494
 Method for AO orthogonalization:        symmetric
 Threshold for linear dependence:        1.00e-08
 D3BJ dispersion energy:                -0.008176024

 -------------------------------------
  Running unrestricted open-shell SCF 
 -------------------------------------
 Max number of iterations:             128
 Conv. threshold (gradient):             1.00e-05
 Conv. threshold (energy):               1.00e-06
 Interpolation scheme:                   adiis+cdiis
 Initial guess:                          SAD

 ---------------------------------------------------------------
                  energy        change          grad        time
 ---------------------------------------------------------------
   0      -441.020656669                    1.56e+00        0.03
   1      -440.916961131      1.04e-01      9.36e-02        0.03
   2      -440.887883993      2.91e-02      1.77e-01        0.03
   3      -440.925876923     -3.80e-02      4.30e-02        0.04
   4      -440.926930094     -1.05e-03      2.76e-03        0.03
   5      -440.926937986     -7.89e-06      1.58e-03        0.03
   6      -440.926941408     -3.42e-06      7.63e-04        0.04
   7      -440.926941894     -4.86e-07      1.89e-04        0.04
   8      -440.926941929     -3.50e-08      7.34e-05        0.04
   9      -440.926941924      5.52e-09      1.05e-04        0.04
  10      -440.926941934     -1.02e-08      3.04e-06        0.04

 SCF converged in 10 iterations.

 Dipole moment (in Debye):               0.000002       0.000002       0.000006

 Quadrupole moment (in Debye-Angstrom):
                  1            2            3
 1       -60.629017     0.000000     0.000000
 2         0.000000   -60.629017     0.000000
 3         0.000000     0.000000   -50.931646

 Spin-squared expectation <S^2>:         0.752
 Total spin quantum number S:            0.501
 TOTAL ENERGY:                        -440.926941934

 --------------------------------------------------------------------------------

 End time:                               Fri Oct 22 17:53:36 2021
 Total wall-clock time:                  1.160 seconds
==================================================================================
