
================================================================================
          _____________ ________ _______________ ________     _________         
         / ___________// ______ \\_____   _____// ______ \   / ________)        
        / /_________  / /      \ \     | |     / /      \ \ | (_______          
       |  __________|| |        | |    | |    | |        | | \________ \        
        \ \_________ | |        | |    | |     \ \______/ /___________) |       
         \__________||_|        |_|    |_|      \________//____________/        
                                                                                
====================================[ Qcore ]===================================

 Git describe: 2.3.0
 Compiler:     GNU 9.1.0
 Build type:   Release
 Version:      2.3.0

 Start time:   Fri Oct 22 17:53:28 2021

 Data directory: /work/zw18965/.local/qcore/share/entos/qcore/data
 Number of threads: 24
 Number of threads was determined by: command line argument
  - More threads can be used by running 'qcore -n 32'

 --------------------------------------------------------------------------------
                                   command: dft                                  
 --------------------------------------------------------------------------------
 AO basis set:                           def2-tzvppd
 Number of AO basis functions:         168
 ECP on atom 1 (Ag):                     28 electrons
 ECP on atom 2 (Ag):                     28 electrons
 ECP on atom 3 (Ag):                     28 electrons

 Formula:                                Ag3+
 Nuclear charge:                       141.000000000
 Total charge:                           1.000000000
 Number of core electrons:              84
 Number of treated electrons:           56

 Number of alpha electrons:             28
 Number of beta electrons:              28
 Number of unpaired electrons:           0
 Spin:                                   0
 Multiplicity:                           singlet

 Theory:                                 dft
 Exchange-correlation functional:        blyp
 Method for Coulomb:                     incore_df
 Integral threshold:                     1.00e-12
 DF basis set:                           def2-universal-jkfit
 Number of DF basis functions:         765
 Schwarz screening threshold:            1.00e-10
 Coulomb fitting method:                 Cholesky
 Total number of grid points:        25494
 Method for AO orthogonalization:        symmetric
 Threshold for linear dependence:        1.00e-08
 D3BJ dispersion energy:                -0.008100459

 -------------------------------------
  Running restricted closed-shell SCF 
 -------------------------------------
 Max number of iterations:             128
 Conv. threshold (gradient):             1.00e-05
 Conv. threshold (energy):               1.00e-06
 Interpolation scheme:                   adiis+cdiis
 Initial guess:                          SAD

 ---------------------------------------------------------------
                  energy        change          grad        time
 ---------------------------------------------------------------
   0      -441.005206888                    2.91e+00        0.03
   1      -440.649913177      3.55e-01      2.09e-01        0.03
   2      -440.626373988      2.35e-02      3.58e-01        0.03
   3      -440.664780622     -3.84e-02      5.20e-02        0.03
   4      -440.663014475      1.77e-03      9.16e-02        0.03
   5      -440.665731345     -2.72e-03      5.01e-03        0.03
   6      -440.665735948     -4.60e-06      3.24e-03        0.03
   7      -440.665720017      1.59e-05      8.87e-03        0.03
   8      -440.665738543     -1.85e-05      4.12e-04        0.03
   9      -440.665738581     -3.81e-08      3.99e-05        0.03
  10      -440.665738582     -4.38e-10      1.78e-06        0.03

 SCF converged in 10 iterations.

 Dipole moment (in Debye):               0.000002       0.000002       0.000027

 Quadrupole moment (in Debye-Angstrom):
                  1            2            3
 1       -54.193926     0.000001    -0.000000
 2         0.000001   -54.193926    -0.000000
 3        -0.000000    -0.000000   -11.119286

 Spin-squared expectation <S^2>:         0.000
 Total spin quantum number S:            0.000
 TOTAL ENERGY:                        -440.665738582

 --------------------------------------------------------------------------------

 End time:                               Fri Oct 22 17:53:29 2021
 Total wall-clock time:                  1.091 seconds
==================================================================================
