
================================================================================
          _____________ ________ _______________ ________     _________         
         / ___________// ______ \\_____   _____// ______ \   / ________)        
        / /_________  / /      \ \     | |     / /      \ \ | (_______          
       |  __________|| |        | |    | |    | |        | | \________ \        
        \ \_________ | |        | |    | |     \ \______/ /___________) |       
         \__________||_|        |_|    |_|      \________//____________/        
                                                                                
====================================[ Qcore ]===================================

 Git describe: 2.3.0
 Compiler:     GNU 9.1.0
 Build type:   Release
 Version:      2.3.0

 Start time:   Fri Oct 22 17:53:27 2021

 Data directory: /work/zw18965/.local/qcore/share/entos/qcore/data
 Number of threads: 24
 Number of threads was determined by: command line argument
  - More threads can be used by running 'qcore -n 32'

 --------------------------------------------------------------------------------
                                   command: dft                                  
 --------------------------------------------------------------------------------
 AO basis set:                           def2-tzvppd
 Number of AO basis functions:         168
 ECP on atom 1 (Ag):                     28 electrons
 ECP on atom 2 (Ag):                     28 electrons
 ECP on atom 3 (Ag):                     28 electrons

 Formula:                                Ag3+
 Nuclear charge:                       141.000000000
 Total charge:                           1.000000000
 Number of core electrons:              84
 Number of treated electrons:           56

 Number of alpha electrons:             28
 Number of beta electrons:              28
 Number of unpaired electrons:           0
 Spin:                                   0
 Multiplicity:                           singlet

 Theory:                                 dft
 Exchange-correlation functional:        blyp
 Method for Coulomb:                     incore_df
 Integral threshold:                     1.00e-12
 DF basis set:                           def2-universal-jkfit
 Number of DF basis functions:         765
 Schwarz screening threshold:            1.00e-10
 Coulomb fitting method:                 Cholesky
 Total number of grid points:        25494
 Method for AO orthogonalization:        symmetric
 Threshold for linear dependence:        1.00e-08
 D3BJ dispersion energy:                -0.010906987

 -------------------------------------
  Running restricted closed-shell SCF 
 -------------------------------------
 Max number of iterations:             128
 Conv. threshold (gradient):             1.00e-05
 Conv. threshold (energy):               1.00e-06
 Interpolation scheme:                   adiis+cdiis
 Initial guess:                          SAD

 ---------------------------------------------------------------
                  energy        change          grad        time
 ---------------------------------------------------------------
   0      -441.082699776                    4.16e+00        0.03
   1      -440.688544631      3.94e-01      2.94e-01        0.03
   2      -440.663153349      2.54e-02      4.32e-01        0.03
   3      -440.707085142     -4.39e-02      7.04e-02        0.03
   4      -440.705462845      1.62e-03      1.17e-01        0.03
   5      -440.708056280     -2.59e-03      7.91e-04        0.03
   6      -440.708056422     -1.42e-07      2.04e-04        0.03
   7      -440.708056427     -5.02e-09      3.84e-05        0.03
   8      -440.708056427     -9.20e-11      2.39e-05        0.03
   9      -440.708056427     -8.83e-11      1.45e-06        0.03

 SCF converged in 9 iterations.

 Dipole moment (in Debye):               0.000002      -0.000043       0.000002

 Quadrupole moment (in Debye-Angstrom):
                  1            2            3
 1       -41.166464    -0.000001     0.000001
 2        -0.000001   -41.166672     0.000001
 3         0.000001     0.000001   -54.414725

 Spin-squared expectation <S^2>:         0.000
 Total spin quantum number S:            0.000
 TOTAL ENERGY:                        -440.708056427

 --------------------------------------------------------------------------------

 End time:                               Fri Oct 22 17:53:28 2021
 Total wall-clock time:                  1.081 seconds
==================================================================================
