
================================================================================
          _____________ ________ _______________ ________     _________         
         / ___________// ______ \\_____   _____// ______ \   / ________)        
        / /_________  / /      \ \     | |     / /      \ \ | (_______          
       |  __________|| |        | |    | |    | |        | | \________ \        
        \ \_________ | |        | |    | |     \ \______/ /___________) |       
         \__________||_|        |_|    |_|      \________//____________/        
                                                                                
====================================[ Qcore ]===================================

 Git describe: 2.3.0
 Compiler:     GNU 9.1.0
 Build type:   Release
 Version:      2.3.0

 Start time:   Sun Oct 24 14:57:33 2021

 Data directory: /work/zw18965/.local/qcore/share/entos/qcore/data
 Number of threads: 24
 Number of threads was determined by: number of physical cores

 --------------------------------------------------------------------------------
                                   command: dft                                  
 --------------------------------------------------------------------------------
 AO basis set:                           def2-tzvppd
 Number of AO basis functions:         168
 ECP on atom 1 (Ag):                     28 electrons
 ECP on atom 2 (Ag):                     28 electrons
 ECP on atom 3 (Ag):                     28 electrons

 Formula:                                Ag3
 Nuclear charge:                       141.000000000
 Total charge:                           0.000000000
 Number of core electrons:              84
 Number of treated electrons:           57

 Number of alpha electrons:             29
 Number of beta electrons:              28
 Number of unpaired electrons:           1
 Spin:                                   1
 Multiplicity:                           doublet

 Theory:                                 dft
 Exchange-correlation functional:        b3lyp
 Method for Coulomb:                     incore_df
 Method for exact exchange:              pre_transformed_df
 Integral threshold:                     1.00e-12
 DF basis set:                           def2-universal-jkfit
 Number of DF basis functions:         765
 Schwarz screening threshold:            1.00e-10
 Coulomb fitting method:                 Cholesky
 Total number of grid points:        25494
 Method for AO orthogonalization:        symmetric
 Threshold for linear dependence:        1.00e-08

 -------------------------------------
  Running unrestricted open-shell SCF 
 -------------------------------------
 Max number of iterations:             128
 Conv. threshold (gradient):             1.00e-05
 Conv. threshold (energy):               1.00e-06
 Interpolation scheme:                   adiis+cdiis
 Initial guess:                          SAD

 ---------------------------------------------------------------
                  energy        change          grad        time
 ---------------------------------------------------------------
   0      -441.105830188                    2.05e+00        0.08
   1      -440.939097152      1.67e-01      1.22e-01        0.06
   2      -440.934524170      4.57e-03      1.58e-01        0.05
   3      -440.948401132     -1.39e-02      1.73e-02        0.05
   4      -440.948212520      1.89e-04      2.99e-02        0.05
   5      -440.948585103     -3.73e-04      4.11e-03        0.05
   6      -440.948592566     -7.46e-06      9.94e-04        0.05
   7      -440.948593340     -7.74e-07      3.01e-04        0.05
   8      -440.948593384     -4.40e-08      1.37e-04        0.05
   9      -440.948593395     -1.06e-08      6.08e-05        0.05
  10      -440.948593396     -1.73e-09      2.74e-05        0.05
  11      -440.948593397     -4.47e-10      1.01e-05        0.05
  12      -440.948593397     -7.36e-11      2.84e-06        0.05

 SCF converged in 12 iterations.

 Dipole moment (in Debye):               0.009137      -1.116823       0.000002

 Quadrupole moment (in Debye-Angstrom):
                  1            2            3
 1       -52.497583    -0.047398     0.000001
 2        -0.047398   -64.806258     0.000001
 3         0.000001     0.000001   -60.508847

 Spin-squared expectation <S^2>:         0.754
 Total spin quantum number S:            0.502
 TOTAL ENERGY:                        -440.948593397
 Saving results in set 'guess'

 --------------------------------------------------------------------------------
                                   command: dft                                  
 --------------------------------------------------------------------------------
 AO basis set:                           def2-tzvppd
 Number of AO basis functions:         168
 ECP on atom 1 (Ag):                     28 electrons
 ECP on atom 2 (Ag):                     28 electrons
 ECP on atom 3 (Ag):                     28 electrons

 Formula:                                Ag3
 Nuclear charge:                       141.000000000
 Total charge:                           0.000000000
 Number of core electrons:              84
 Number of treated electrons:           57

 Number of alpha electrons:             29
 Number of beta electrons:              28
 Number of unpaired electrons:           1
 Spin:                                   1
 Multiplicity:                           doublet

 Theory:                                 dft
 Exchange-correlation functional:        blyp
 Method for Coulomb:                     incore_df
 Integral threshold:                     1.00e-12
 DF basis set:                           def2-universal-jkfit
 Number of DF basis functions:         765
 Schwarz screening threshold:            1.00e-10
 Coulomb fitting method:                 Cholesky
 Total number of grid points:        25494
 Method for AO orthogonalization:        symmetric
 Threshold for linear dependence:        1.00e-08
 D3BJ dispersion energy:                -0.010902023

 -------------------------------------
  Running unrestricted open-shell SCF 
 -------------------------------------
 Max number of iterations:             128
 Conv. threshold (gradient):             1.00e-05
 Conv. threshold (energy):               1.00e-06
 Interpolation scheme:                   adiis+cdiis
 Initializing maximum overlap method (MOM)

 ---------------------------------------------------------------
                  energy        change          grad        time
 ---------------------------------------------------------------
   0      -440.918969355                    5.98e-02        0.05
   1      -440.919460711     -4.91e-04      5.73e-02        0.04
   2      -440.910273870      9.19e-03      1.19e-01        0.04
   3      -440.922458143     -1.22e-02      1.12e-02        0.04
   4      -440.922530596     -7.25e-05      6.36e-03        0.04
   5      -440.922544529     -1.39e-05      1.32e-03        0.04
   6      -440.922545249     -7.20e-07      2.94e-04        0.04
   7      -440.922545242      6.66e-09      2.40e-04        0.04
   8      -440.922545248     -6.05e-09      2.32e-04        0.04
   9      -440.922545320     -7.24e-08      1.28e-04        0.04
  10      -440.922545332     -1.14e-08      8.90e-05        0.04
  11      -440.922545339     -7.01e-09      1.36e-05        0.04
  12      -440.922545339     -6.53e-11      1.32e-05        0.04
  13      -440.922545339     -1.32e-10      2.36e-06        0.04

 SCF converged in 13 iterations.

 Dipole moment (in Debye):               0.000532      -1.042558       0.000002

 Quadrupole moment (in Debye-Angstrom):
                  1            2            3
 1       -53.686754    -0.002460     0.000001
 2        -0.002460   -64.632815     0.000001
 3         0.000001     0.000001   -60.773645

 Spin-squared expectation <S^2>:         0.752
 Total spin quantum number S:            0.501
 TOTAL ENERGY:                        -440.922545339

 --------------------------------------------------------------------------------

 End time:                               Sun Oct 24 14:57:36 2021
 Total wall-clock time:                  3.228 seconds
==================================================================================
