
================================================================================
          _____________ ________ _______________ ________     _________         
         / ___________// ______ \\_____   _____// ______ \   / ________)        
        / /_________  / /      \ \     | |     / /      \ \ | (_______          
       |  __________|| |        | |    | |    | |        | | \________ \        
        \ \_________ | |        | |    | |     \ \______/ /___________) |       
         \__________||_|        |_|    |_|      \________//____________/        
                                                                                
====================================[ Qcore ]===================================

 Git describe: 2.3.0
 Compiler:     GNU 9.1.0
 Build type:   Release
 Version:      2.3.0

 Start time:   Fri Oct 22 17:53:51 2021

 Data directory: /work/zw18965/.local/qcore/share/entos/qcore/data
 Number of threads: 24
 Number of threads was determined by: command line argument
  - More threads can be used by running 'qcore -n 32'

 --------------------------------------------------------------------------------
                                   command: dft                                  
 --------------------------------------------------------------------------------
 AO basis set:                           def2-tzvppd
 Number of AO basis functions:         224
 ECP on atom 1 (Ag):                     28 electrons
 ECP on atom 2 (Ag):                     28 electrons
 ECP on atom 3 (Ag):                     28 electrons
 ECP on atom 4 (Ag):                     28 electrons

 Formula:                                Ag4
 Nuclear charge:                       188.000000000
 Total charge:                           0.000000000
 Number of core electrons:             112
 Number of treated electrons:           76

 Number of alpha electrons:             38
 Number of beta electrons:              38
 Number of unpaired electrons:           0
 Spin:                                   0
 Multiplicity:                           singlet

 Theory:                                 dft
 Exchange-correlation functional:        blyp
 Method for Coulomb:                     incore_df
 Integral threshold:                     1.00e-12
 DF basis set:                           def2-universal-jkfit
 Number of DF basis functions:        1020
 Schwarz screening threshold:            1.00e-10
 Coulomb fitting method:                 Cholesky
 Total number of grid points:        33992
 Method for AO orthogonalization:        symmetric
 Threshold for linear dependence:        1.00e-08
 D3BJ dispersion energy:                -0.019298960

 -------------------------------------
  Running restricted closed-shell SCF 
 -------------------------------------
 Max number of iterations:             128
 Conv. threshold (gradient):             1.00e-05
 Conv. threshold (energy):               1.00e-06
 Interpolation scheme:                   adiis+cdiis
 Initial guess:                          SAD

 ---------------------------------------------------------------
                  energy        change          grad        time
 ---------------------------------------------------------------
   0      -588.141387543                    6.22e+00        0.05
   1      -587.924005564      2.17e-01      4.12e-01        0.04
   2      -587.892794832      3.12e-02      6.27e-01        0.05
   3      -587.943030927     -5.02e-02      1.08e-01        0.04
   4      -587.941548590      1.48e-03      1.55e-01        0.05
   5      -587.944571695     -3.02e-03      2.03e-02        0.05
   6      -587.944499874      7.18e-05      3.32e-02        0.05
   7      -587.944626160     -1.26e-04      2.49e-03        0.06
   8      -587.944626975     -8.15e-07      2.63e-04        0.05
   9      -587.944626983     -7.99e-09      1.01e-04        0.05
  10      -587.944626984     -9.77e-10      4.31e-05        0.05
  11      -587.944626984     -1.90e-10      9.80e-06        0.05

 SCF converged in 11 iterations.

 Dipole moment (in Debye):              -0.003337       0.000572       0.001826

 Quadrupole moment (in Debye-Angstrom):
                  1            2            3
 1       -76.748464     2.788345    -3.155165
 2         2.788345   -82.010196    -1.303392
 3        -3.155165    -1.303392   -78.759899

 Spin-squared expectation <S^2>:         0.000
 Total spin quantum number S:            0.000
 TOTAL ENERGY:                        -587.944626984

 --------------------------------------------------------------------------------

 End time:                               Fri Oct 22 17:53:53 2021
 Total wall-clock time:                  1.679 seconds
==================================================================================
