
================================================================================
          _____________ ________ _______________ ________     _________         
         / ___________// ______ \\_____   _____// ______ \   / ________)        
        / /_________  / /      \ \     | |     / /      \ \ | (_______          
       |  __________|| |        | |    | |    | |        | | \________ \        
        \ \_________ | |        | |    | |     \ \______/ /___________) |       
         \__________||_|        |_|    |_|      \________//____________/        
                                                                                
====================================[ Qcore ]===================================

 Git describe: 2.3.0
 Compiler:     GNU 9.1.0
 Build type:   Release
 Version:      2.3.0

 Start time:   Fri Oct 22 17:53:43 2021

 Data directory: /work/zw18965/.local/qcore/share/entos/qcore/data
 Number of threads: 24
 Number of threads was determined by: command line argument
  - More threads can be used by running 'qcore -n 32'

 --------------------------------------------------------------------------------
                                   command: dft                                  
 --------------------------------------------------------------------------------
 AO basis set:                           def2-tzvppd
 Number of AO basis functions:         224
 ECP on atom 1 (Ag):                     28 electrons
 ECP on atom 2 (Ag):                     28 electrons
 ECP on atom 3 (Ag):                     28 electrons
 ECP on atom 4 (Ag):                     28 electrons

 Formula:                                Ag4(2+)
 Nuclear charge:                       188.000000000
 Total charge:                           2.000000000
 Number of core electrons:             112
 Number of treated electrons:           74

 Number of alpha electrons:             37
 Number of beta electrons:              37
 Number of unpaired electrons:           0
 Spin:                                   0
 Multiplicity:                           singlet

 Theory:                                 dft
 Exchange-correlation functional:        blyp
 Method for Coulomb:                     incore_df
 Integral threshold:                     1.00e-12
 DF basis set:                           def2-universal-jkfit
 Number of DF basis functions:        1020
 Schwarz screening threshold:            1.00e-10
 Coulomb fitting method:                 Cholesky
 Total number of grid points:        33992
 Method for AO orthogonalization:        symmetric
 Threshold for linear dependence:        1.00e-08
 D3BJ dispersion energy:                -0.021562415

 -------------------------------------
  Running restricted closed-shell SCF 
 -------------------------------------
 Max number of iterations:             128
 Conv. threshold (gradient):             1.00e-05
 Conv. threshold (energy):               1.00e-06
 Interpolation scheme:                   adiis+cdiis
 Initial guess:                          SAD

 ---------------------------------------------------------------
                  energy        change          grad        time
 ---------------------------------------------------------------
   0      -588.137111007                    5.34e+00        0.04
   1      -587.253927559      8.83e-01      3.32e-01        0.05
   2      -587.202312898      5.16e-02      4.69e-01        0.04
   3      -587.293614349     -9.13e-02      6.96e-02        0.05
   4      -587.290531015      3.08e-03      1.14e-01        0.05
   5      -587.295155916     -4.62e-03      1.79e-03        0.05
   6      -587.295156126     -2.10e-07      2.02e-03        0.05
   7      -587.295156918     -7.92e-07      1.61e-04        0.05
   8      -587.295156924     -5.44e-09      4.00e-05        0.05
   9      -587.295156924     -1.36e-10      3.50e-05        0.04
  10      -587.295156924     -8.30e-11      5.48e-07        0.05

 SCF converged in 10 iterations.

 Dipole moment (in Debye):               0.000001      -0.000046      -0.000070

 Quadrupole moment (in Debye-Angstrom):
                  1            2            3
 1       -50.938838    -0.000004    -0.000008
 2        -0.000004   -50.937820    -0.000300
 3        -0.000008    -0.000300   -50.939359

 Spin-squared expectation <S^2>:         0.000
 Total spin quantum number S:            0.000
 TOTAL ENERGY:                        -587.295156924

 --------------------------------------------------------------------------------

 End time:                               Fri Oct 22 17:53:45 2021
 Total wall-clock time:                  1.594 seconds
==================================================================================
