
================================================================================
          _____________ ________ _______________ ________     _________         
         / ___________// ______ \\_____   _____// ______ \   / ________)        
        / /_________  / /      \ \     | |     / /      \ \ | (_______          
       |  __________|| |        | |    | |    | |        | | \________ \        
        \ \_________ | |        | |    | |     \ \______/ /___________) |       
         \__________||_|        |_|    |_|      \________//____________/        
                                                                                
====================================[ Qcore ]===================================

 Git describe: 2.3.0
 Compiler:     GNU 9.1.0
 Build type:   Release
 Version:      2.3.0

 Start time:   Fri Oct 22 17:53:36 2021

 Data directory: /work/zw18965/.local/qcore/share/entos/qcore/data
 Number of threads: 24
 Number of threads was determined by: command line argument
  - More threads can be used by running 'qcore -n 32'

 --------------------------------------------------------------------------------
                                   command: dft                                  
 --------------------------------------------------------------------------------
 AO basis set:                           def2-tzvppd
 Number of AO basis functions:         241
 ECP on atom 1 (Ag):                     28 electrons
 ECP on atom 2 (Ag):                     28 electrons
 ECP on atom 3 (Ag):                     28 electrons
 ECP on atom 4 (Ag):                     28 electrons

 Formula:                                HAg4(2+)
 Nuclear charge:                       189.000000000
 Total charge:                           2.000000000
 Number of core electrons:             112
 Number of treated electrons:           75

 Number of alpha electrons:             38
 Number of beta electrons:              37
 Number of unpaired electrons:           1
 Spin:                                   1
 Multiplicity:                           doublet

 Theory:                                 dft
 Exchange-correlation functional:        blyp
 Method for Coulomb:                     incore_df
 Integral threshold:                     1.00e-12
 DF basis set:                           def2-universal-jkfit
 Number of DF basis functions:        1038
 Schwarz screening threshold:            1.00e-10
 Coulomb fitting method:                 Cholesky
 Total number of grid points:        39882
 Method for AO orthogonalization:        symmetric
 Threshold for linear dependence:        1.00e-08
 D3BJ dispersion energy:                -0.022960691

 -------------------------------------
  Running unrestricted open-shell SCF 
 -------------------------------------
 Max number of iterations:             128
 Conv. threshold (gradient):             1.00e-05
 Conv. threshold (energy):               1.00e-06
 Interpolation scheme:                   adiis+cdiis
 Initial guess:                          SAD

 ---------------------------------------------------------------
                  energy        change          grad        time
 ---------------------------------------------------------------
   0      -588.672793910                    3.02e+00        0.06
   1      -587.683908038      9.89e-01      6.91e-01        0.07
   2      -587.373137627      3.11e-01      1.00e+00        0.07
   3      -587.797494815     -4.24e-01      2.88e-01        0.08
   4      -587.795374162      2.12e-03      3.50e-01        0.07
   5      -587.818161284     -2.28e-02      9.84e-02        0.07
   6      -587.804392069      1.38e-02      2.23e-01        0.07
   7      -587.821867171     -1.75e-02      1.13e-02        0.08
   8      -587.821891416     -2.42e-05      4.01e-03        0.08
   9      -587.821895317     -3.90e-06      1.23e-03        0.07
  10      -587.821895671     -3.53e-07      2.46e-04        0.07
  11      -587.821895696     -2.53e-08      1.42e-04        0.07
  12      -587.821895704     -8.48e-09      1.77e-05        0.08
  13      -587.821895704     -1.11e-10      4.90e-06        0.07

 SCF converged in 13 iterations.

 Dipole moment (in Debye):               0.000002      -0.000004       0.153114

 Quadrupole moment (in Debye-Angstrom):
                  1            2            3
 1       -52.404393    -0.000000    -0.000000
 2        -0.000000   -52.404349     0.000077
 3        -0.000000     0.000077   -49.428468

 Spin-squared expectation <S^2>:         0.755
 Total spin quantum number S:            0.502
 TOTAL ENERGY:                        -587.821895704

 --------------------------------------------------------------------------------

 End time:                               Fri Oct 22 17:53:39 2021
 Total wall-clock time:                  2.253 seconds
==================================================================================
