
================================================================================
          _____________ ________ _______________ ________     _________         
         / ___________// ______ \\_____   _____// ______ \   / ________)        
        / /_________  / /      \ \     | |     / /      \ \ | (_______          
       |  __________|| |        | |    | |    | |        | | \________ \        
        \ \_________ | |        | |    | |     \ \______/ /___________) |       
         \__________||_|        |_|    |_|      \________//____________/        
                                                                                
====================================[ Qcore ]===================================

 Git describe: 2.3.0
 Compiler:     GNU 9.1.0
 Build type:   Release
 Version:      2.3.0

 Start time:   Fri Oct 22 17:53:41 2021

 Data directory: /work/zw18965/.local/qcore/share/entos/qcore/data
 Number of threads: 24
 Number of threads was determined by: command line argument
  - More threads can be used by running 'qcore -n 32'

 --------------------------------------------------------------------------------
                                   command: dft                                  
 --------------------------------------------------------------------------------
 AO basis set:                           def2-tzvppd
 Number of AO basis functions:         241
 ECP on atom 1 (Ag):                     28 electrons
 ECP on atom 2 (Ag):                     28 electrons
 ECP on atom 3 (Ag):                     28 electrons
 ECP on atom 4 (Ag):                     28 electrons

 Formula:                                HAg4(2+)
 Nuclear charge:                       189.000000000
 Total charge:                           2.000000000
 Number of core electrons:             112
 Number of treated electrons:           75

 Number of alpha electrons:             38
 Number of beta electrons:              37
 Number of unpaired electrons:           1
 Spin:                                   1
 Multiplicity:                           doublet

 Theory:                                 dft
 Exchange-correlation functional:        blyp
 Method for Coulomb:                     incore_df
 Integral threshold:                     1.00e-12
 DF basis set:                           def2-universal-jkfit
 Number of DF basis functions:        1038
 Schwarz screening threshold:            1.00e-10
 Coulomb fitting method:                 Cholesky
 Total number of grid points:        39882
 Method for AO orthogonalization:        symmetric
 Threshold for linear dependence:        1.00e-08
 D3BJ dispersion energy:                -0.024572776

 -------------------------------------
  Running unrestricted open-shell SCF 
 -------------------------------------
 Max number of iterations:             128
 Conv. threshold (gradient):             1.00e-05
 Conv. threshold (energy):               1.00e-06
 Interpolation scheme:                   adiis+cdiis
 Initial guess:                          SAD

 ---------------------------------------------------------------
                  energy        change          grad        time
 ---------------------------------------------------------------
   0      -588.715012515                    3.38e+00        0.07
   1      -587.752701242      9.62e-01      3.91e-01        0.08
   2      -587.643409285      1.09e-01      4.82e-01        0.08
   3      -587.825430283     -1.82e-01      1.13e-01        0.08
   4      -587.815234852      1.02e-02      1.42e-01        0.07
   5      -587.829517177     -1.43e-02      3.47e-02        0.08
   6      -587.829474625      4.26e-05      3.13e-02        0.08
   7      -587.830117157     -6.43e-04      2.02e-03        0.09
   8      -587.830117749     -5.92e-07      1.22e-03        0.08
   9      -587.830117931     -1.82e-07      2.98e-04        0.08
  10      -587.830117943     -1.22e-08      3.96e-05        0.08
  11      -587.830117944     -4.97e-10      1.80e-05        0.08
  12      -587.830117944     -5.26e-11      8.85e-06        0.08

 SCF converged in 12 iterations.

 Dipole moment (in Debye):               0.000004       0.000118      -0.625042

 Quadrupole moment (in Debye-Angstrom):
                  1            2            3
 1       -51.458649    -0.000000     0.000000
 2        -0.000000   -51.458709    -0.000350
 3         0.000000    -0.000350   -53.749279

 Spin-squared expectation <S^2>:         0.753
 Total spin quantum number S:            0.501
 TOTAL ENERGY:                        -587.830117944

 --------------------------------------------------------------------------------

 End time:                               Fri Oct 22 17:53:43 2021
 Total wall-clock time:                  2.241 seconds
==================================================================================
