
================================================================================
          _____________ ________ _______________ ________     _________         
         / ___________// ______ \\_____   _____// ______ \   / ________)        
        / /_________  / /      \ \     | |     / /      \ \ | (_______          
       |  __________|| |        | |    | |    | |        | | \________ \        
        \ \_________ | |        | |    | |     \ \______/ /___________) |       
         \__________||_|        |_|    |_|      \________//____________/        
                                                                                
====================================[ Qcore ]===================================

 Git describe: 2.3.0
 Compiler:     GNU 9.1.0
 Build type:   Release
 Version:      2.3.0

 Start time:   Fri Oct 22 17:53:48 2021

 Data directory: /work/zw18965/.local/qcore/share/entos/qcore/data
 Number of threads: 24
 Number of threads was determined by: command line argument
  - More threads can be used by running 'qcore -n 32'

 --------------------------------------------------------------------------------
                                   command: dft                                  
 --------------------------------------------------------------------------------
 AO basis set:                           def2-tzvppd
 Number of AO basis functions:         312
 ECP on atom 1 (Ag):                     28 electrons
 ECP on atom 2 (Ag):                     28 electrons
 ECP on atom 3 (Ag):                     28 electrons
 ECP on atom 4 (Ag):                     28 electrons

 Formula:                                H3NAg4(2+)
 Nuclear charge:                       198.000000000
 Total charge:                           2.000000000
 Number of core electrons:             112
 Number of treated electrons:           84

 Number of alpha electrons:             42
 Number of beta electrons:              42
 Number of unpaired electrons:           0
 Spin:                                   0
 Multiplicity:                           singlet

 Theory:                                 dft
 Exchange-correlation functional:        blyp
 Method for Coulomb:                     incore_df
 Integral threshold:                     1.00e-12
 DF basis set:                           def2-universal-jkfit
 Number of DF basis functions:        1151
 Schwarz screening threshold:            1.00e-10
 Coulomb fitting method:                 Cholesky
 Total number of grid points:        58462
 Method for AO orthogonalization:        symmetric
 Threshold for linear dependence:        1.00e-08
 D3BJ dispersion energy:                -0.031402479

 -------------------------------------
  Running restricted closed-shell SCF 
 -------------------------------------
 Max number of iterations:             128
 Conv. threshold (gradient):             1.00e-05
 Conv. threshold (energy):               1.00e-06
 Interpolation scheme:                   adiis+cdiis
 Initial guess:                          SAD

 ---------------------------------------------------------------
                  energy        change          grad        time
 ---------------------------------------------------------------
   0      -644.706770044                    9.07e+00        0.08
   1      -643.757977419      9.49e-01      2.28e+00        0.08
   2      -642.194921555      1.56e+00      5.24e+00        0.09
   3      -643.783198137     -1.59e+00      2.30e+00        0.10
   4      -643.897715465     -1.15e-01      2.35e-01        0.09
   5      -643.860632122      3.71e-02      8.06e-01        0.09
   6      -643.900516886     -3.99e-02      1.65e-01        0.09
   7      -643.904073119     -3.56e-03      6.67e-02        0.10
   8      -643.903453002      6.20e-04      1.63e-01        0.10
   9      -643.904239651     -7.87e-04      2.14e-03        0.10
  10      -643.904239800     -1.49e-07      3.53e-04        0.09
  11      -643.904239809     -8.97e-09      6.67e-05        0.09
  12      -643.904239809     -4.32e-10      1.24e-05        0.09
  13      -643.904239809     -2.43e-11      5.25e-06        0.10

 SCF converged in 13 iterations.

 Dipole moment (in Debye):               0.000001      -0.000142      -4.040446

 Quadrupole moment (in Debye-Angstrom):
                  1            2            3
 1       -59.504685     0.000002     0.000001
 2         0.000002   -59.504639     0.000829
 3         0.000001     0.000829   -38.231007

 Spin-squared expectation <S^2>:         0.000
 Total spin quantum number S:            0.000
 TOTAL ENERGY:                        -643.904239809

 --------------------------------------------------------------------------------

 End time:                               Fri Oct 22 17:53:51 2021
 Total wall-clock time:                  2.878 seconds
==================================================================================
