
================================================================================
          _____________ ________ _______________ ________     _________         
         / ___________// ______ \\_____   _____// ______ \   / ________)        
        / /_________  / /      \ \     | |     / /      \ \ | (_______          
       |  __________|| |        | |    | |    | |        | | \________ \        
        \ \_________ | |        | |    | |     \ \______/ /___________) |       
         \__________||_|        |_|    |_|      \________//____________/        
                                                                                
====================================[ Qcore ]===================================

 Git describe: 2.3.0
 Compiler:     GNU 9.1.0
 Build type:   Release
 Version:      2.3.0

 Start time:   Fri Oct 22 17:53:45 2021

 Data directory: /work/zw18965/.local/qcore/share/entos/qcore/data
 Number of threads: 24
 Number of threads was determined by: command line argument
  - More threads can be used by running 'qcore -n 32'

 --------------------------------------------------------------------------------
                                   command: dft                                  
 --------------------------------------------------------------------------------
 AO basis set:                           def2-tzvppd
 Number of AO basis functions:         312
 ECP on atom 1 (Ag):                     28 electrons
 ECP on atom 2 (Ag):                     28 electrons
 ECP on atom 3 (Ag):                     28 electrons
 ECP on atom 4 (Ag):                     28 electrons

 Formula:                                H3NAg4(2+)
 Nuclear charge:                       198.000000000
 Total charge:                           2.000000000
 Number of core electrons:             112
 Number of treated electrons:           84

 Number of alpha electrons:             42
 Number of beta electrons:              42
 Number of unpaired electrons:           0
 Spin:                                   0
 Multiplicity:                           singlet

 Theory:                                 dft
 Exchange-correlation functional:        blyp
 Method for Coulomb:                     incore_df
 Integral threshold:                     1.00e-12
 DF basis set:                           def2-universal-jkfit
 Number of DF basis functions:        1151
 Schwarz screening threshold:            1.00e-10
 Coulomb fitting method:                 Cholesky
 Total number of grid points:        58462
 Method for AO orthogonalization:        symmetric
 Threshold for linear dependence:        1.00e-08
 D3BJ dispersion energy:                -0.028323349

 -------------------------------------
  Running restricted closed-shell SCF 
 -------------------------------------
 Max number of iterations:             128
 Conv. threshold (gradient):             1.00e-05
 Conv. threshold (energy):               1.00e-06
 Interpolation scheme:                   adiis+cdiis
 Initial guess:                          SAD

 ---------------------------------------------------------------
                  energy        change          grad        time
 ---------------------------------------------------------------
   0      -644.780310400                    9.97e+00        0.08
   1      -643.823440605      9.57e-01      2.23e+00        0.09
   2      -643.144056769      6.79e-01      5.35e+00        0.09
   3      -643.884966325     -7.41e-01      1.55e+00        0.10
   4      -643.938462508     -5.35e-02      3.02e-01        0.09
   5      -643.933840566      4.62e-03      4.21e-01        0.09
   6      -643.943317484     -9.48e-03      1.75e-01        0.09
   7      -643.939926875      3.39e-03      2.87e-01        0.09
   8      -643.943947949     -4.02e-03      1.27e-01        0.09
   9      -643.944097872     -1.50e-04      7.63e-02        0.10
  10      -643.944227635     -1.30e-04      6.00e-02        0.10
  11      -643.944397680     -1.70e-04      2.53e-04        0.10
  12      -643.944397682     -2.31e-09      8.25e-05        0.09
  13      -643.944397683     -9.63e-10      3.85e-05        0.09
  14      -643.944397683     -9.85e-11      5.89e-06        0.09

 SCF converged in 14 iterations.

 Dipole moment (in Debye):              -0.826783       4.719853       0.000001

 Quadrupole moment (in Debye-Angstrom):
                  1            2            3
 1       -58.254130    -5.605931    -0.000001
 2        -5.605931   -27.337910    -0.000000
 3        -0.000001    -0.000000   -59.236771

 Spin-squared expectation <S^2>:         0.000
 Total spin quantum number S:            0.000
 TOTAL ENERGY:                        -643.944397683

 --------------------------------------------------------------------------------

 End time:                               Fri Oct 22 17:53:48 2021
 Total wall-clock time:                  2.976 seconds
==================================================================================
