
================================================================================
          _____________ ________ _______________ ________     _________         
         / ___________// ______ \\_____   _____// ______ \   / ________)        
        / /_________  / /      \ \     | |     / /      \ \ | (_______          
       |  __________|| |        | |    | |    | |        | | \________ \        
        \ \_________ | |        | |    | |     \ \______/ /___________) |       
         \__________||_|        |_|    |_|      \________//____________/        
                                                                                
====================================[ Qcore ]===================================

 Git describe: 2.3.0
 Compiler:     GNU 9.1.0
 Build type:   Release
 Version:      2.3.0

 Start time:   Fri Oct 22 17:53:39 2021

 Data directory: /work/zw18965/.local/qcore/share/entos/qcore/data
 Number of threads: 24
 Number of threads was determined by: command line argument
  - More threads can be used by running 'qcore -n 32'

 --------------------------------------------------------------------------------
                                   command: dft                                  
 --------------------------------------------------------------------------------
 AO basis set:                           def2-tzvppd
 Number of AO basis functions:         241
 ECP on atom 1 (Ag):                     28 electrons
 ECP on atom 2 (Ag):                     28 electrons
 ECP on atom 3 (Ag):                     28 electrons
 ECP on atom 4 (Ag):                     28 electrons

 Formula:                                HAg4(2+)
 Nuclear charge:                       189.000000000
 Total charge:                           2.000000000
 Number of core electrons:             112
 Number of treated electrons:           75

 Number of alpha electrons:             38
 Number of beta electrons:              37
 Number of unpaired electrons:           1
 Spin:                                   1
 Multiplicity:                           doublet

 Theory:                                 dft
 Exchange-correlation functional:        blyp
 Method for Coulomb:                     incore_df
 Integral threshold:                     1.00e-12
 DF basis set:                           def2-universal-jkfit
 Number of DF basis functions:        1038
 Schwarz screening threshold:            1.00e-10
 Coulomb fitting method:                 Cholesky
 Total number of grid points:        39882
 Method for AO orthogonalization:        symmetric
 Threshold for linear dependence:        1.00e-08
 D3BJ dispersion energy:                -0.023995603

 -------------------------------------
  Running unrestricted open-shell SCF 
 -------------------------------------
 Max number of iterations:             128
 Conv. threshold (gradient):             1.00e-05
 Conv. threshold (energy):               1.00e-06
 Interpolation scheme:                   adiis+cdiis
 Initial guess:                          SAD

 ---------------------------------------------------------------
                  energy        change          grad        time
 ---------------------------------------------------------------
   0      -588.696184155                    3.24e+00        0.07
   1      -587.750813387      9.45e-01      4.50e-01        0.07
   2      -587.606248472      1.45e-01      6.88e-01        0.07
   3      -587.830586809     -2.24e-01      1.33e-01        0.08
   4      -587.818058687      1.25e-02      2.36e-01        0.07
   5      -587.837196001     -1.91e-02      4.44e-02        0.07
   6      -587.836323317      8.73e-04      6.44e-02        0.08
   7      -587.837990822     -1.67e-03      2.69e-03        0.08
   8      -587.837992053     -1.23e-06      1.30e-03        0.09
   9      -587.837992277     -2.24e-07      3.02e-04        0.08
  10      -587.837992303     -2.67e-08      7.97e-05        0.07
  11      -587.837992305     -1.64e-09      3.31e-05        0.07
  12      -587.837992305     -3.86e-10      9.59e-06        0.08

 SCF converged in 12 iterations.

 Dipole moment (in Debye):               0.000003       0.000005      -0.088180

 Quadrupole moment (in Debye-Angstrom):
                  1            2            3
 1       -53.158775    -0.000000     0.000006
 2        -0.000000   -50.954815     0.000003
 3         0.000006     0.000003   -51.877804

 Spin-squared expectation <S^2>:         0.753
 Total spin quantum number S:            0.501
 TOTAL ENERGY:                        -587.837992305

 --------------------------------------------------------------------------------

 End time:                               Fri Oct 22 17:53:41 2021
 Total wall-clock time:                  2.200 seconds
==================================================================================
