
================================================================================
          _____________ ________ _______________ ________     _________         
         / ___________// ______ \\_____   _____// ______ \   / ________)        
        / /_________  / /      \ \     | |     / /      \ \ | (_______          
       |  __________|| |        | |    | |    | |        | | \________ \        
        \ \_________ | |        | |    | |     \ \______/ /___________) |       
         \__________||_|        |_|    |_|      \________//____________/        
                                                                                
====================================[ Qcore ]===================================

 Git describe: 2.3.0
 Compiler:     GNU 9.1.0
 Build type:   Release
 Version:      2.3.0

 Start time:   Fri Oct 22 17:53:53 2021

 Data directory: /work/zw18965/.local/qcore/share/entos/qcore/data
 Number of threads: 24
 Number of threads was determined by: command line argument
  - More threads can be used by running 'qcore -n 32'

 --------------------------------------------------------------------------------
                                   command: dft                                  
 --------------------------------------------------------------------------------
 AO basis set:                           def2-tzvppd
 Number of AO basis functions:          76
 ECP on atom 1 (Au):                     60 electrons

 Formula:                                HAu
 Nuclear charge:                        80.000000000
 Total charge:                           0.000000000
 Number of core electrons:              60
 Number of treated electrons:           20

 Number of alpha electrons:             10
 Number of beta electrons:              10
 Number of unpaired electrons:           0
 Spin:                                   0
 Multiplicity:                           singlet

 Theory:                                 dft
 Exchange-correlation functional:        blyp
 Method for Coulomb:                     incore_df
 Integral threshold:                     1.00e-12
 DF basis set:                           def2-universal-jkfit
 Number of DF basis functions:         265
 Schwarz screening threshold:            1.00e-10
 Coulomb fitting method:                 Cholesky
 Total number of grid points:        15010
 Method for AO orthogonalization:        symmetric
 Threshold for linear dependence:        1.00e-08
 D3BJ dispersion energy:                -0.000988496

 -------------------------------------
  Running restricted closed-shell SCF 
 -------------------------------------
 Max number of iterations:             128
 Conv. threshold (gradient):             1.00e-05
 Conv. threshold (energy):               1.00e-06
 Interpolation scheme:                   adiis+cdiis
 Initial guess:                          SAD

 ---------------------------------------------------------------
                  energy        change          grad        time
 ---------------------------------------------------------------
   0      -136.299373873                    5.98e+00        0.01
   1      -136.278353416      2.10e-02      5.87e-01        0.01
   2      -136.125783679      1.53e-01      1.28e+00        0.01
   3      -136.296257196     -1.70e-01      3.84e-01        0.01
   4      -136.308960089     -1.27e-02      1.23e-01        0.01
   5      -136.308660832      2.99e-04      1.33e-01        0.01
   6      -136.310377189     -1.72e-03      1.04e-02        0.01
   7      -136.310318328      5.89e-05      2.13e-02        0.01
   8      -136.310393854     -7.55e-05      6.72e-05        0.01
   9      -136.310393854     -4.76e-10      2.20e-05        0.01
  10      -136.310393854     -6.45e-11      1.08e-06        0.01

 SCF converged in 10 iterations.

 Dipole moment (in Debye):               0.000000       0.000000       1.087519

 Quadrupole moment (in Debye-Angstrom):
                  1            2            3
 1       -25.305550     0.000000    -0.000000
 2         0.000000   -25.305550    -0.000000
 3        -0.000000    -0.000000   -22.125991

 Spin-squared expectation <S^2>:         0.000
 Total spin quantum number S:            0.000
 TOTAL ENERGY:                        -136.310393854

 --------------------------------------------------------------------------------

 End time:                               Fri Oct 22 17:53:54 2021
 Total wall-clock time:                  0.570 seconds
==================================================================================
