
================================================================================
          _____________ ________ _______________ ________     _________         
         / ___________// ______ \\_____   _____// ______ \   / ________)        
        / /_________  / /      \ \     | |     / /      \ \ | (_______          
       |  __________|| |        | |    | |    | |        | | \________ \        
        \ \_________ | |        | |    | |     \ \______/ /___________) |       
         \__________||_|        |_|    |_|      \________//____________/        
                                                                                
====================================[ Qcore ]===================================

 Git describe: 2.3.0
 Compiler:     GNU 9.1.0
 Build type:   Release
 Version:      2.3.0

 Start time:   Fri Oct 22 17:53:54 2021

 Data directory: /work/zw18965/.local/qcore/share/entos/qcore/data
 Number of threads: 24
 Number of threads was determined by: command line argument
  - More threads can be used by running 'qcore -n 32'

 --------------------------------------------------------------------------------
                                   command: dft                                  
 --------------------------------------------------------------------------------
 AO basis set:                           def2-tzvppd
 Number of AO basis functions:          59
 ECP on atom 1 (Au):                     60 electrons

 Formula:                                Au
 Nuclear charge:                        79.000000000
 Total charge:                           0.000000000
 Number of core electrons:              60
 Number of treated electrons:           19

 Number of alpha electrons:             10
 Number of beta electrons:               9
 Number of unpaired electrons:           1
 Spin:                                   1
 Multiplicity:                           doublet

 Theory:                                 dft
 Exchange-correlation functional:        blyp
 Method for Coulomb:                     incore_df
 Integral threshold:                     1.00e-12
 DF basis set:                           def2-universal-jkfit
 Number of DF basis functions:         247
 Schwarz screening threshold:            1.00e-10
 Coulomb fitting method:                 Cholesky
 Total number of grid points:         9120
 Method for AO orthogonalization:        symmetric
 Threshold for linear dependence:        1.00e-08
 D3BJ dispersion energy:                 0.000000000

 -------------------------------------
  Running unrestricted open-shell SCF 
 -------------------------------------
 Max number of iterations:             128
 Conv. threshold (gradient):             1.00e-05
 Conv. threshold (energy):               1.00e-06
 Interpolation scheme:                   adiis+cdiis
 Initial guess:                          SAD

 ---------------------------------------------------------------
                  energy        change          grad        time
 ---------------------------------------------------------------
   0      -135.690377536                    3.37e-03        0.01
   1      -135.695351485     -4.97e-03      6.95e-03        0.01
   2      -135.695594349     -2.43e-04      2.68e-03        0.01
   3      -135.695585386      8.96e-06      3.06e-03        0.01
   4      -135.695607911     -2.25e-05      1.41e-04        0.01
   5      -135.695607972     -6.16e-08      1.80e-05        0.01
   6      -135.695607973     -8.72e-10      1.27e-07        0.01

 SCF converged in 6 iterations.

 Dipole moment (in Debye):               0.000001       0.000001       0.000001

 Quadrupole moment (in Debye-Angstrom):
                  1            2            3
 1       -23.110429    -0.000000    -0.000000
 2        -0.000000   -23.110429    -0.000000
 3        -0.000000    -0.000000   -23.110429

 Spin-squared expectation <S^2>:         0.751
 Total spin quantum number S:            0.500
 TOTAL ENERGY:                        -135.695607973

 --------------------------------------------------------------------------------

 End time:                               Fri Oct 22 17:53:55 2021
 Total wall-clock time:                  0.467 seconds
==================================================================================
