
================================================================================
          _____________ ________ _______________ ________     _________         
         / ___________// ______ \\_____   _____// ______ \   / ________)        
        / /_________  / /      \ \     | |     / /      \ \ | (_______          
       |  __________|| |        | |    | |    | |        | | \________ \        
        \ \_________ | |        | |    | |     \ \______/ /___________) |       
         \__________||_|        |_|    |_|      \________//____________/        
                                                                                
====================================[ Qcore ]===================================

 Git describe: 2.3.0
 Compiler:     GNU 9.1.0
 Build type:   Release
 Version:      2.3.0

 Start time:   Fri Oct 22 17:53:53 2021

 Data directory: /work/zw18965/.local/qcore/share/entos/qcore/data
 Number of threads: 24
 Number of threads was determined by: command line argument
  - More threads can be used by running 'qcore -n 32'

 --------------------------------------------------------------------------------
                                   command: dft                                  
 --------------------------------------------------------------------------------
 AO basis set:                           def2-tzvppd
 Number of AO basis functions:          99
 ECP on atom 1 (Au):                     60 electrons

 Formula:                                FAu
 Nuclear charge:                        88.000000000
 Total charge:                           0.000000000
 Number of core electrons:              60
 Number of treated electrons:           28

 Number of alpha electrons:             14
 Number of beta electrons:              14
 Number of unpaired electrons:           0
 Spin:                                   0
 Multiplicity:                           singlet

 Theory:                                 dft
 Exchange-correlation functional:        blyp
 Method for Coulomb:                     incore_df
 Integral threshold:                     1.00e-12
 DF basis set:                           def2-universal-jkfit
 Number of DF basis functions:         324
 Schwarz screening threshold:            1.00e-10
 Coulomb fitting method:                 Cholesky
 Total number of grid points:        15932
 Method for AO orthogonalization:        symmetric
 Threshold for linear dependence:        1.00e-08
 D3BJ dispersion energy:                -0.001201385

 -------------------------------------
  Running restricted closed-shell SCF 
 -------------------------------------
 Max number of iterations:             128
 Conv. threshold (gradient):             1.00e-05
 Conv. threshold (energy):               1.00e-06
 Interpolation scheme:                   adiis+cdiis
 Initial guess:                          SAD

 ---------------------------------------------------------------
                  energy        change          grad        time
 ---------------------------------------------------------------
   0      -235.612457323                    3.76e+00        0.01
   1      -235.451128942      1.61e-01      1.34e+00        0.01
   2      -231.219547661      4.23e+00      7.54e+00        0.01
   3      -235.033121836     -3.81e+00      2.82e+00        0.01
   4      -235.557308668     -5.24e-01      4.75e-01        0.01
   5      -235.557302631      6.04e-06      4.34e-01        0.01
   6      -235.573268322     -1.60e-02      8.55e-02        0.01
   7      -235.563683149      9.59e-03      3.63e-01        0.01
   8      -235.574168454     -1.05e-02      3.20e-03        0.01
   9      -235.574169580     -1.13e-06      6.96e-04        0.01
  10      -235.574169632     -5.25e-08      1.22e-04        0.01
  11      -235.574169634     -1.59e-09      1.06e-05        0.01
  12      -235.574169634     -1.14e-11      1.38e-06        0.01

 SCF converged in 12 iterations.

 Dipole moment (in Debye):              -0.000000      -0.000000       3.635591

 Quadrupole moment (in Debye-Angstrom):
                  1            2            3
 1       -27.923640    -0.000000     0.000001
 2        -0.000000   -27.923640     0.000001
 3         0.000001     0.000001   -29.682580

 Spin-squared expectation <S^2>:         0.000
 Total spin quantum number S:            0.000
 TOTAL ENERGY:                        -235.574169634

 --------------------------------------------------------------------------------

 End time:                               Fri Oct 22 17:53:53 2021
 Total wall-clock time:                  0.687 seconds
==================================================================================
