
================================================================================
          _____________ ________ _______________ ________     _________         
         / ___________// ______ \\_____   _____// ______ \   / ________)        
        / /_________  / /      \ \     | |     / /      \ \ | (_______          
       |  __________|| |        | |    | |    | |        | | \________ \        
        \ \_________ | |        | |    | |     \ \______/ /___________) |       
         \__________||_|        |_|    |_|      \________//____________/        
                                                                                
====================================[ Qcore ]===================================

 Git describe: 2.3.0
 Compiler:     GNU 9.1.0
 Build type:   Release
 Version:      2.3.0

 Start time:   Fri Oct 22 17:53:55 2021

 Data directory: /work/zw18965/.local/qcore/share/entos/qcore/data
 Number of threads: 24
 Number of threads was determined by: command line argument
  - More threads can be used by running 'qcore -n 32'

 --------------------------------------------------------------------------------
                                   command: dft                                  
 --------------------------------------------------------------------------------
 AO basis set:                           def2-tzvppd
 Number of AO basis functions:         118
 ECP on atom 1 (Au):                     60 electrons
 ECP on atom 2 (Au):                     60 electrons

 Formula:                                Au2
 Nuclear charge:                       158.000000000
 Total charge:                           0.000000000
 Number of core electrons:             120
 Number of treated electrons:           38

 Number of alpha electrons:             19
 Number of beta electrons:              19
 Number of unpaired electrons:           0
 Spin:                                   0
 Multiplicity:                           singlet

 Theory:                                 dft
 Exchange-correlation functional:        blyp
 Method for Coulomb:                     incore_df
 Integral threshold:                     1.00e-12
 DF basis set:                           def2-universal-jkfit
 Number of DF basis functions:         494
 Schwarz screening threshold:            1.00e-10
 Coulomb fitting method:                 Cholesky
 Total number of grid points:        18240
 Method for AO orthogonalization:        symmetric
 Threshold for linear dependence:        1.00e-08
 D3BJ dispersion energy:                -0.003923068

 -------------------------------------
  Running restricted closed-shell SCF 
 -------------------------------------
 Max number of iterations:             128
 Conv. threshold (gradient):             1.00e-05
 Conv. threshold (energy):               1.00e-06
 Interpolation scheme:                   adiis+cdiis
 Initial guess:                          SAD

 ---------------------------------------------------------------
                  energy        change          grad        time
 ---------------------------------------------------------------
   0      -271.535300102                    5.10e+00        0.01
   1      -271.453743851      8.16e-02      2.94e-01        0.01
   2      -271.421263674      3.25e-02      4.68e-01        0.01
   3      -271.469385647     -4.81e-02      9.75e-02        0.01
   4      -271.468858086      5.28e-04      1.12e-01        0.02
   5      -271.471293441     -2.44e-03      1.42e-03        0.02
   6      -271.471294107     -6.66e-07      1.64e-04        0.01
   7      -271.471294113     -6.19e-09      2.69e-05        0.01
   8      -271.471294113      8.45e-11      3.36e-05        0.02
   9      -271.471294113     -2.65e-10      1.67e-06        0.01

 SCF converged in 9 iterations.

 Dipole moment (in Debye):               0.000001       0.000001       0.000000

 Quadrupole moment (in Debye-Angstrom):
                  1            2            3
 1       -47.185406    -0.000000     0.000000
 2        -0.000000   -47.185406     0.000000
 3         0.000000     0.000000   -39.329528

 Spin-squared expectation <S^2>:         0.000
 Total spin quantum number S:            0.000
 TOTAL ENERGY:                        -271.471294113

 --------------------------------------------------------------------------------

 End time:                               Fri Oct 22 17:53:55 2021
 Total wall-clock time:                  0.726 seconds
==================================================================================
