
================================================================================
          _____________ ________ _______________ ________     _________         
         / ___________// ______ \\_____   _____// ______ \   / ________)        
        / /_________  / /      \ \     | |     / /      \ \ | (_______          
       |  __________|| |        | |    | |    | |        | | \________ \        
        \ \_________ | |        | |    | |     \ \______/ /___________) |       
         \__________||_|        |_|    |_|      \________//____________/        
                                                                                
====================================[ Qcore ]===================================

 Git describe: 2.3.0
 Compiler:     GNU 9.1.0
 Build type:   Release
 Version:      2.3.0

 Start time:   Sun Oct 24 15:03:17 2021

 Data directory: /work/zw18965/.local/qcore/share/entos/qcore/data
 Number of threads: 24
 Number of threads was determined by: number of physical cores

 --------------------------------------------------------------------------------
                                   command: dft                                  
 --------------------------------------------------------------------------------
 AO basis set:                           def2-tzvppd
 Number of AO basis functions:         177
 ECP on atom 1 (Au):                     60 electrons
 ECP on atom 2 (Au):                     60 electrons
 ECP on atom 3 (Au):                     60 electrons

 Formula:                                Au3+
 Nuclear charge:                       237.000000000
 Total charge:                           1.000000000
 Number of core electrons:             180
 Number of treated electrons:           56

 Number of alpha electrons:             28
 Number of beta electrons:              28
 Number of unpaired electrons:           0
 Spin:                                   0
 Multiplicity:                           singlet

 Theory:                                 dft
 Exchange-correlation functional:        b3lyp
 Method for Coulomb:                     incore_df
 Method for exact exchange:              pre_transformed_df
 Integral threshold:                     1.00e-12
 DF basis set:                           def2-universal-jkfit
 Number of DF basis functions:         741
 Schwarz screening threshold:            1.00e-10
 Coulomb fitting method:                 Cholesky
 Total number of grid points:        27360
 Method for AO orthogonalization:        symmetric
 Threshold for linear dependence:        1.00e-08
 D3BJ dispersion energy:                -0.007774543

 -------------------------------------
  Running restricted closed-shell SCF 
 -------------------------------------
 Max number of iterations:             128
 Conv. threshold (gradient):             1.00e-05
 Conv. threshold (energy):               1.00e-06
 Interpolation scheme:                   adiis+cdiis
 Initial guess:                          SAD

 ---------------------------------------------------------------
                  energy        change          grad        time
 ---------------------------------------------------------------
   0      -407.289999721                    7.31e+00        0.06
   1      -406.848586415      4.41e-01      2.53e-01        0.04
   2      -406.841903098      6.68e-03      3.38e-01        0.04
   3      -406.868026951     -2.61e-02      5.38e-02        0.04
   4      -406.867168428      8.59e-04      9.05e-02        0.04
   5      -406.868430533     -1.26e-03      1.70e-03        0.04
   6      -406.868430941     -4.08e-07      6.72e-04        0.04
   7      -406.868430820      1.21e-07      9.93e-04        0.04
   8      -406.868431000     -1.80e-07      4.22e-04        0.04
   9      -406.868431042     -4.21e-08      1.90e-05        0.04
  10      -406.868431042     -7.45e-11      1.87e-06        0.04

 SCF converged in 10 iterations.

 Dipole moment (in Debye):              -0.000004      -0.000004      -0.000003

 Quadrupole moment (in Debye-Angstrom):
                  1            2            3
 1       -63.666424    -0.000006    -0.000002
 2        -0.000006   -63.666424    -0.000002
 3        -0.000002    -0.000002   -19.461425

 Spin-squared expectation <S^2>:         0.000
 Total spin quantum number S:            0.000
 TOTAL ENERGY:                        -406.868431042
 Saving results in set 'guess'

 --------------------------------------------------------------------------------
                                   command: dft                                  
 --------------------------------------------------------------------------------
 AO basis set:                           def2-tzvppd
 Number of AO basis functions:         177
 ECP on atom 1 (Au):                     60 electrons
 ECP on atom 2 (Au):                     60 electrons
 ECP on atom 3 (Au):                     60 electrons

 Formula:                                Au3+
 Nuclear charge:                       237.000000000
 Total charge:                           1.000000000
 Number of core electrons:             180
 Number of treated electrons:           56

 Number of alpha electrons:             28
 Number of beta electrons:              28
 Number of unpaired electrons:           0
 Spin:                                   0
 Multiplicity:                           singlet

 Theory:                                 dft
 Exchange-correlation functional:        blyp
 Method for Coulomb:                     incore_df
 Integral threshold:                     1.00e-12
 DF basis set:                           def2-universal-jkfit
 Number of DF basis functions:         741
 Schwarz screening threshold:            1.00e-10
 Coulomb fitting method:                 Cholesky
 Total number of grid points:        27360
 Method for AO orthogonalization:        symmetric
 Threshold for linear dependence:        1.00e-08
 D3BJ dispersion energy:                -0.008847084

 -------------------------------------
  Running restricted closed-shell SCF 
 -------------------------------------
 Max number of iterations:             128
 Conv. threshold (gradient):             1.00e-05
 Conv. threshold (energy):               1.00e-06
 Interpolation scheme:                   adiis+cdiis
 Initializing maximum overlap method (MOM)

 ---------------------------------------------------------------
                  energy        change          grad        time
 ---------------------------------------------------------------
   0      -406.889422132                    1.59e-01        0.04
   1      -406.892133988     -2.71e-03      6.74e-02        0.04
   2      -406.888798147      3.34e-03      1.33e-01        0.03
   3      -406.893834401     -5.04e-03      2.23e-02        0.03
   4      -406.893912817     -7.84e-05      5.82e-03        0.03
   5      -406.893913838     -1.02e-06      5.90e-03        0.03
   6      -406.893918282     -4.44e-06      3.22e-03        0.03
   7      -406.893920051     -1.77e-06      2.13e-04        0.03
   8      -406.893920059     -7.80e-09      8.77e-06        0.03

 SCF converged in 8 iterations.

 Dipole moment (in Debye):              -0.000046      -0.000046       0.000241

 Quadrupole moment (in Debye-Angstrom):
                  1            2            3
 1       -64.004018    -0.000010    -0.000004
 2        -0.000010   -64.004018    -0.000004
 3        -0.000004    -0.000004   -21.406503

 Spin-squared expectation <S^2>:         0.000
 Total spin quantum number S:            0.000
 TOTAL ENERGY:                        -406.893920059

 --------------------------------------------------------------------------------

 End time:                               Sun Oct 24 15:03:20 2021
 Total wall-clock time:                  2.840 seconds
==================================================================================
