
================================================================================
          _____________ ________ _______________ ________     _________         
         / ___________// ______ \\_____   _____// ______ \   / ________)        
        / /_________  / /      \ \     | |     / /      \ \ | (_______          
       |  __________|| |        | |    | |    | |        | | \________ \        
        \ \_________ | |        | |    | |     \ \______/ /___________) |       
         \__________||_|        |_|    |_|      \________//____________/        
                                                                                
====================================[ Qcore ]===================================

 Git describe: 2.3.0
 Compiler:     GNU 9.1.0
 Build type:   Release
 Version:      2.3.0

 Start time:   Fri Oct 22 17:54:10 2021

 Data directory: /work/zw18965/.local/qcore/share/entos/qcore/data
 Number of threads: 24
 Number of threads was determined by: command line argument
  - More threads can be used by running 'qcore -n 32'

 --------------------------------------------------------------------------------
                                   command: dft                                  
 --------------------------------------------------------------------------------
 AO basis set:                           def2-tzvppd
 Number of AO basis functions:         177
 ECP on atom 1 (Au):                     60 electrons
 ECP on atom 2 (Au):                     60 electrons
 ECP on atom 3 (Au):                     60 electrons

 Formula:                                Au3
 Nuclear charge:                       237.000000000
 Total charge:                           0.000000000
 Number of core electrons:             180
 Number of treated electrons:           57

 Number of alpha electrons:             29
 Number of beta electrons:              28
 Number of unpaired electrons:           1
 Spin:                                   1
 Multiplicity:                           doublet

 Theory:                                 dft
 Exchange-correlation functional:        blyp
 Method for Coulomb:                     incore_df
 Integral threshold:                     1.00e-12
 DF basis set:                           def2-universal-jkfit
 Number of DF basis functions:         741
 Schwarz screening threshold:            1.00e-10
 Coulomb fitting method:                 Cholesky
 Total number of grid points:        27360
 Method for AO orthogonalization:        symmetric
 Threshold for linear dependence:        1.00e-08
 D3BJ dispersion energy:                -0.008923796

 -------------------------------------
  Running unrestricted open-shell SCF 
 -------------------------------------
 Max number of iterations:             128
 Conv. threshold (gradient):             1.00e-05
 Conv. threshold (energy):               1.00e-06
 Interpolation scheme:                   adiis+cdiis
 Initial guess:                          SAD

 ---------------------------------------------------------------
                  energy        change          grad        time
 ---------------------------------------------------------------
   0      -407.336834943                    3.90e+00        0.04
   1      -407.149088366      1.88e-01      2.59e-01        0.04
   2      -407.026541005      1.23e-01      4.47e-01        0.04
   3      -407.196300568     -1.70e-01      1.11e-01        0.04
   4      -407.207480701     -1.12e-02      6.03e-02        0.04
   5      -407.067875961      1.40e-01      5.15e-01        0.04
   6      -407.208612724     -1.41e-01      4.23e-02        0.04
   7      -407.209377523     -7.65e-04      1.76e-02        0.04
   8      -407.209387842     -1.03e-05      1.49e-02        0.04
   9      -407.209466035     -7.82e-05      1.14e-02        0.04
  10      -407.209575637     -1.10e-04      1.20e-03        0.04
  11      -407.209576545     -9.08e-07      9.64e-05        0.04
  12      -407.209576548     -3.02e-09      6.51e-05        0.04
  13      -407.209576551     -2.44e-09      2.02e-05        0.04
  14      -407.209576551     -5.04e-11      1.62e-05        0.04
  15      -407.209576551     -1.72e-10      5.62e-06        0.04

 SCF converged in 15 iterations.

 Dipole moment (in Debye):              -0.000022      -0.000022      -0.000021

 Quadrupole moment (in Debye-Angstrom):
                  1            2            3
 1       -70.115762    -0.000010     0.000003
 2        -0.000010   -70.115762     0.000003
 3         0.000003     0.000003   -58.962138

 Spin-squared expectation <S^2>:         0.751
 Total spin quantum number S:            0.501
 TOTAL ENERGY:                        -407.209576551

 --------------------------------------------------------------------------------

 End time:                               Fri Oct 22 17:54:11 2021
 Total wall-clock time:                  1.454 seconds
==================================================================================
