
================================================================================
          _____________ ________ _______________ ________     _________         
         / ___________// ______ \\_____   _____// ______ \   / ________)        
        / /_________  / /      \ \     | |     / /      \ \ | (_______          
       |  __________|| |        | |    | |    | |        | | \________ \        
        \ \_________ | |        | |    | |     \ \______/ /___________) |       
         \__________||_|        |_|    |_|      \________//____________/        
                                                                                
====================================[ Qcore ]===================================

 Git describe: 2.3.0
 Compiler:     GNU 9.1.0
 Build type:   Release
 Version:      2.3.0

 Start time:   Sun Oct 24 15:00:10 2021

 Data directory: /work/zw18965/.local/qcore/share/entos/qcore/data
 Number of threads: 24
 Number of threads was determined by: number of physical cores

 --------------------------------------------------------------------------------
                                   command: dft                                  
 --------------------------------------------------------------------------------
 AO basis set:                           def2-tzvppd
 Number of AO basis functions:         177
 ECP on atom 1 (Au):                     60 electrons
 ECP on atom 2 (Au):                     60 electrons
 ECP on atom 3 (Au):                     60 electrons

 Formula:                                Au3
 Nuclear charge:                       237.000000000
 Total charge:                           0.000000000
 Number of core electrons:             180
 Number of treated electrons:           57

 Number of alpha electrons:             29
 Number of beta electrons:              28
 Number of unpaired electrons:           1
 Spin:                                   1
 Multiplicity:                           doublet

 Theory:                                 dft
 Exchange-correlation functional:        b3lyp
 Method for Coulomb:                     incore_df
 Method for exact exchange:              pre_transformed_df
 Integral threshold:                     1.00e-12
 DF basis set:                           def2-universal-jkfit
 Number of DF basis functions:         741
 Schwarz screening threshold:            1.00e-10
 Coulomb fitting method:                 Cholesky
 Total number of grid points:        27360
 Method for AO orthogonalization:        symmetric
 Threshold for linear dependence:        1.00e-08
 D3BJ dispersion energy:                -0.010338907

 -------------------------------------
  Running unrestricted open-shell SCF 
 -------------------------------------
 Max number of iterations:             128
 Conv. threshold (gradient):             1.00e-05
 Conv. threshold (energy):               1.00e-06
 Interpolation scheme:                   adiis+cdiis
 Initial guess:                          SAD

 ---------------------------------------------------------------
                  energy        change          grad        time
 ---------------------------------------------------------------
   0      -407.379410336                    5.06e+00        0.09
   1      -407.165111401      2.14e-01      1.71e-01        0.07
   2      -407.150353713      1.48e-02      2.54e-01        0.06
   3      -407.177716989     -2.74e-02      5.88e-02        0.07
   4      -407.175903725      1.81e-03      1.07e-01        0.06
   5      -407.178871612     -2.97e-03      9.70e-03        0.06
   6      -407.178911577     -4.00e-05      3.54e-03        0.06
   7      -407.178927370     -1.58e-05      2.12e-03        0.06
   8      -407.178930948     -3.58e-06      1.18e-03        0.06
   9      -407.178932185     -1.24e-06      7.67e-04        0.07
  10      -407.178932555     -3.70e-07      3.07e-04        0.06
  11      -407.178932640     -8.50e-08      1.02e-04        0.06
  12      -407.178932655     -1.56e-08      5.69e-05        0.06
  13      -407.178932666     -1.07e-08      5.06e-05        0.06
  14      -407.178932678     -1.19e-08      4.51e-05        0.06
  15      -407.178932698     -2.07e-08      4.16e-05        0.06
  16      -407.178932751     -5.26e-08      3.47e-05        0.06
  17      -407.178932800     -4.87e-08      2.67e-05        0.06
  18      -407.178932820     -2.04e-08      1.14e-05        0.06
  19      -407.178932822     -1.55e-09      5.54e-06        0.06

 SCF converged in 19 iterations.

 Dipole moment (in Debye):               0.000249      -1.203508       0.000000

 Quadrupole moment (in Debye-Angstrom):
                  1            2            3
 1       -62.208045    -0.001054     0.000002
 2        -0.001054   -71.659667     0.000001
 3         0.000002     0.000001   -70.286178

 Spin-squared expectation <S^2>:         0.765
 Total spin quantum number S:            0.508
 TOTAL ENERGY:                        -407.178932822
 Saving results in set 'guess'

 --------------------------------------------------------------------------------
                                   command: dft                                  
 --------------------------------------------------------------------------------
 AO basis set:                           def2-tzvppd
 Number of AO basis functions:         177
 ECP on atom 1 (Au):                     60 electrons
 ECP on atom 2 (Au):                     60 electrons
 ECP on atom 3 (Au):                     60 electrons

 Formula:                                Au3
 Nuclear charge:                       237.000000000
 Total charge:                           0.000000000
 Number of core electrons:             180
 Number of treated electrons:           57

 Number of alpha electrons:             29
 Number of beta electrons:              28
 Number of unpaired electrons:           1
 Spin:                                   1
 Multiplicity:                           doublet

 Theory:                                 dft
 Exchange-correlation functional:        blyp
 Method for Coulomb:                     incore_df
 Integral threshold:                     1.00e-12
 DF basis set:                           def2-universal-jkfit
 Number of DF basis functions:         741
 Schwarz screening threshold:            1.00e-10
 Coulomb fitting method:                 Cholesky
 Total number of grid points:        27360
 Method for AO orthogonalization:        symmetric
 Threshold for linear dependence:        1.00e-08
 D3BJ dispersion energy:                -0.011675814

 -------------------------------------
  Running unrestricted open-shell SCF 
 -------------------------------------
 Max number of iterations:             128
 Conv. threshold (gradient):             1.00e-05
 Conv. threshold (energy):               1.00e-06
 Interpolation scheme:                   adiis+cdiis
 Initializing maximum overlap method (MOM)

 ---------------------------------------------------------------
                  energy        change          grad        time
 ---------------------------------------------------------------
   0      -407.199852604                    9.14e-02        0.06
   1      -407.200184205     -3.32e-04      9.96e-02        0.04
   2      -407.181849479      1.83e-02      2.45e-01        0.04
   3      -407.202649189     -2.08e-02      4.84e-02        0.04
   4      -407.203643432     -9.94e-04      1.85e-02        0.04
   5      -407.203712914     -6.95e-05      3.11e-03        0.04
   6      -407.203717475     -4.56e-06      1.44e-03        0.04
   7      -407.203717655     -1.80e-07      7.50e-04        0.04
   8      -407.203718003     -3.48e-07      4.10e-04        0.04
   9      -407.203718126     -1.22e-07      1.41e-04        0.04
  10      -407.203718136     -9.89e-09      4.61e-05        0.05
  11      -407.203718137     -9.90e-10      3.30e-05        0.04
  12      -407.203718137     -3.18e-10      5.64e-06        0.05

 SCF converged in 12 iterations.

 Dipole moment (in Debye):               0.000045      -1.046885       0.000000

 Quadrupole moment (in Debye-Angstrom):
                  1            2            3
 1       -63.441483    -0.000177     0.000002
 2        -0.000177   -71.580783     0.000001
 3         0.000002     0.000001   -70.840250

 Spin-squared expectation <S^2>:         0.759
 Total spin quantum number S:            0.504
 TOTAL ENERGY:                        -407.203718137

 --------------------------------------------------------------------------------

 End time:                               Sun Oct 24 15:00:14 2021
 Total wall-clock time:                  3.976 seconds
==================================================================================
