
================================================================================
          _____________ ________ _______________ ________     _________         
         / ___________// ______ \\_____   _____// ______ \   / ________)        
        / /_________  / /      \ \     | |     / /      \ \ | (_______          
       |  __________|| |        | |    | |    | |        | | \________ \        
        \ \_________ | |        | |    | |     \ \______/ /___________) |       
         \__________||_|        |_|    |_|      \________//____________/        
                                                                                
====================================[ Qcore ]===================================

 Git describe: 2.3.0
 Compiler:     GNU 9.1.0
 Build type:   Release
 Version:      2.3.0

 Start time:   Fri Oct 22 17:53:55 2021

 Data directory: /work/zw18965/.local/qcore/share/entos/qcore/data
 Number of threads: 24
 Number of threads was determined by: command line argument
  - More threads can be used by running 'qcore -n 32'

 --------------------------------------------------------------------------------
                                   command: dft                                  
 --------------------------------------------------------------------------------
 AO basis set:                           def2-tzvppd
 Number of AO basis functions:         177
 ECP on atom 1 (Au):                     60 electrons
 ECP on atom 2 (Au):                     60 electrons
 ECP on atom 3 (Au):                     60 electrons

 Formula:                                Au3+
 Nuclear charge:                       237.000000000
 Total charge:                           1.000000000
 Number of core electrons:             180
 Number of treated electrons:           56

 Number of alpha electrons:             28
 Number of beta electrons:              28
 Number of unpaired electrons:           0
 Spin:                                   0
 Multiplicity:                           singlet

 Theory:                                 dft
 Exchange-correlation functional:        blyp
 Method for Coulomb:                     incore_df
 Integral threshold:                     1.00e-12
 DF basis set:                           def2-universal-jkfit
 Number of DF basis functions:         741
 Schwarz screening threshold:            1.00e-10
 Coulomb fitting method:                 Cholesky
 Total number of grid points:        27360
 Method for AO orthogonalization:        symmetric
 Threshold for linear dependence:        1.00e-08
 D3BJ dispersion energy:                -0.011689586

 -------------------------------------
  Running restricted closed-shell SCF 
 -------------------------------------
 Max number of iterations:             128
 Conv. threshold (gradient):             1.00e-05
 Conv. threshold (energy):               1.00e-06
 Interpolation scheme:                   adiis+cdiis
 Initial guess:                          SAD

 ---------------------------------------------------------------
                  energy        change          grad        time
 ---------------------------------------------------------------
   0      -407.417145600                    1.07e+01        0.03
   1      -406.905449943      5.12e-01      4.62e-01        0.03
   2      -406.860256038      4.52e-02      6.54e-01        0.03
   3      -406.945865074     -8.56e-02      9.01e-02        0.03
   4      -406.942833374      3.03e-03      1.42e-01        0.03
   5      -406.947773671     -4.94e-03      5.11e-03        0.03
   6      -406.947777814     -4.14e-06      1.31e-03        0.03
   7      -406.947778003     -1.89e-07      9.41e-04        0.03
   8      -406.947778076     -7.31e-08      2.98e-04        0.03
   9      -406.947778082     -6.06e-09      3.21e-06        0.03

 SCF converged in 9 iterations.

 Dipole moment (in Debye):               0.000001      -0.000143       0.000001

 Quadrupole moment (in Debye-Angstrom):
                  1            2            3
 1       -50.709493     0.000002    -0.000000
 2         0.000002   -50.710059    -0.000000
 3        -0.000000    -0.000000   -64.979171

 Spin-squared expectation <S^2>:         0.000
 Total spin quantum number S:            0.000
 TOTAL ENERGY:                        -406.947778082

 --------------------------------------------------------------------------------

 End time:                               Fri Oct 22 17:53:57 2021
 Total wall-clock time:                  1.116 seconds
==================================================================================
