
================================================================================
          _____________ ________ _______________ ________     _________         
         / ___________// ______ \\_____   _____// ______ \   / ________)        
        / /_________  / /      \ \     | |     / /      \ \ | (_______          
       |  __________|| |        | |    | |    | |        | | \________ \        
        \ \_________ | |        | |    | |     \ \______/ /___________) |       
         \__________||_|        |_|    |_|      \________//____________/        
                                                                                
====================================[ Qcore ]===================================

 Git describe: 2.3.0
 Compiler:     GNU 9.1.0
 Build type:   Release
 Version:      2.3.0

 Start time:   Fri Oct 22 17:54:26 2021

 Data directory: /work/zw18965/.local/qcore/share/entos/qcore/data
 Number of threads: 24
 Number of threads was determined by: command line argument
  - More threads can be used by running 'qcore -n 32'

 --------------------------------------------------------------------------------
                                   command: dft                                  
 --------------------------------------------------------------------------------
 AO basis set:                           def2-tzvppd
 Number of AO basis functions:         324
 ECP on atom 1 (Au):                     60 electrons
 ECP on atom 2 (Au):                     60 electrons
 ECP on atom 3 (Au):                     60 electrons
 ECP on atom 4 (Au):                     60 electrons

 Formula:                                H3NAu4(2+)
 Nuclear charge:                       326.000000000
 Total charge:                           2.000000000
 Number of core electrons:             240
 Number of treated electrons:           84

 Number of alpha electrons:             42
 Number of beta electrons:              42
 Number of unpaired electrons:           0
 Spin:                                   0
 Multiplicity:                           singlet

 Theory:                                 dft
 Exchange-correlation functional:        blyp
 Method for Coulomb:                     incore_df
 Integral threshold:                     1.00e-12
 DF basis set:                           def2-universal-jkfit
 Number of DF basis functions:        1119
 Schwarz screening threshold:            1.00e-10
 Coulomb fitting method:                 Cholesky
 Total number of grid points:        60950
 Method for AO orthogonalization:        symmetric
 Threshold for linear dependence:        1.00e-08
 D3BJ dispersion energy:                -0.033438546

 -------------------------------------
  Running restricted closed-shell SCF 
 -------------------------------------
 Max number of iterations:             128
 Conv. threshold (gradient):             1.00e-05
 Conv. threshold (energy):               1.00e-06
 Interpolation scheme:                   adiis+cdiis
 Initial guess:                          SAD

 ---------------------------------------------------------------
                  energy        change          grad        time
 ---------------------------------------------------------------
   0      -599.850810549                    1.67e+01        0.09
   1      -598.674163824      1.18e+00      2.45e+00        0.10
   2      -595.334198853      3.34e+00      9.11e+00        0.10
   3      -598.417545889     -3.08e+00      4.23e+00        0.09
   4      -598.854451953     -4.37e-01      3.25e-01        0.09
   5      -598.748500957      1.06e-01      1.26e+00        0.10
   6      -598.859098187     -1.11e-01      2.95e-01        0.10
   7      -598.861608007     -2.51e-03      5.71e-01        0.10
   8      -598.864360296     -2.75e-03      3.85e-01        0.10
   9      -598.865988839     -1.63e-03      1.79e-01        0.11
  10      -598.867667512     -1.68e-03      1.19e-01        0.12
  11      -598.867777292     -1.10e-04      1.57e-01        0.12
  12      -598.867917667     -1.40e-04      8.93e-02        0.12
  13      -598.868255607     -3.38e-04      3.24e-02        0.14
  14      -598.868318962     -6.34e-05      3.96e-04        0.11
  15      -598.868318970     -7.71e-09      2.63e-04        0.11
  16      -598.868318972     -2.29e-09      2.30e-05        0.10
  17      -598.868318972     -2.39e-11      1.05e-05        0.10
  18      -598.868318972     -4.21e-12      3.81e-06        0.10

 SCF converged in 18 iterations.

 Dipole moment (in Debye):              -0.000001      -0.000052      -5.234092

 Quadrupole moment (in Debye-Angstrom):
                  1            2            3
 1       -73.217294    -0.000003    -0.000002
 2        -0.000003   -73.217650     0.000097
 3        -0.000002     0.000097   -48.939809

 Spin-squared expectation <S^2>:         0.000
 Total spin quantum number S:            0.000
 TOTAL ENERGY:                        -598.868318972

 --------------------------------------------------------------------------------

 End time:                               Fri Oct 22 17:54:30 2021
 Total wall-clock time:                  3.754 seconds
==================================================================================
