
================================================================================
          _____________ ________ _______________ ________     _________         
         / ___________// ______ \\_____   _____// ______ \   / ________)        
        / /_________  / /      \ \     | |     / /      \ \ | (_______          
       |  __________|| |        | |    | |    | |        | | \________ \        
        \ \_________ | |        | |    | |     \ \______/ /___________) |       
         \__________||_|        |_|    |_|      \________//____________/        
                                                                                
====================================[ Qcore ]===================================

 Git describe: 2.3.0
 Compiler:     GNU 9.1.0
 Build type:   Release
 Version:      2.3.0

 Start time:   Fri Oct 22 17:54:30 2021

 Data directory: /work/zw18965/.local/qcore/share/entos/qcore/data
 Number of threads: 24
 Number of threads was determined by: command line argument
  - More threads can be used by running 'qcore -n 32'

 --------------------------------------------------------------------------------
                                   command: dft                                  
 --------------------------------------------------------------------------------
 AO basis set:                           def2-tzvppd
 Number of AO basis functions:         236
 ECP on atom 1 (Au):                     60 electrons
 ECP on atom 2 (Au):                     60 electrons
 ECP on atom 3 (Au):                     60 electrons
 ECP on atom 4 (Au):                     60 electrons

 Formula:                                Au4
 Nuclear charge:                       316.000000000
 Total charge:                           0.000000000
 Number of core electrons:             240
 Number of treated electrons:           76

 Number of alpha electrons:             38
 Number of beta electrons:              38
 Number of unpaired electrons:           0
 Spin:                                   0
 Multiplicity:                           singlet

 Theory:                                 dft
 Exchange-correlation functional:        blyp
 Method for Coulomb:                     incore_df
 Integral threshold:                     1.00e-12
 DF basis set:                           def2-universal-jkfit
 Number of DF basis functions:         988
 Schwarz screening threshold:            1.00e-10
 Coulomb fitting method:                 Cholesky
 Total number of grid points:        36480
 Method for AO orthogonalization:        symmetric
 Threshold for linear dependence:        1.00e-08
 D3BJ dispersion energy:                -0.021071238

 -------------------------------------
  Running restricted closed-shell SCF 
 -------------------------------------
 Max number of iterations:             128
 Conv. threshold (gradient):             1.00e-05
 Conv. threshold (energy):               1.00e-06
 Interpolation scheme:                   adiis+cdiis
 Initial guess:                          SAD

 ---------------------------------------------------------------
                  energy        change          grad        time
 ---------------------------------------------------------------
   0      -543.261083075                    1.40e+01        0.05
   1      -542.966954748      2.94e-01      5.06e-01        0.05
   2      -542.914610988      5.23e-02      8.81e-01        0.05
   3      -542.988202026     -7.36e-02      2.04e-01        0.05
   4      -542.966047839      2.22e-02      5.64e-01        0.06
   5      -542.991647748     -2.56e-02      1.40e-01        0.06
   6      -542.989805443      1.84e-03      1.73e-01        0.06
   7      -542.993650996     -3.85e-03      6.62e-02        0.06
   8      -542.992957543      6.93e-04      1.12e-01        0.06
   9      -542.994072255     -1.11e-03      1.90e-03        0.06
  10      -542.994072510     -2.54e-07      9.79e-04        0.06
  11      -542.994072581     -7.11e-08      8.94e-05        0.06
  12      -542.994072582     -8.83e-10      4.01e-05        0.05
  13      -542.994072582     -2.30e-10      7.85e-06        0.06

 SCF converged in 13 iterations.

 Dipole moment (in Debye):               0.000809       0.000024       0.000006

 Quadrupole moment (in Debye-Angstrom):
                  1            2            3
 1       -87.756431     0.064233     1.975901
 2         0.064233   -94.416802     0.014460
 3         1.975901     0.014460   -92.588428

 Spin-squared expectation <S^2>:         0.000
 Total spin quantum number S:            0.000
 TOTAL ENERGY:                        -542.994072582

 --------------------------------------------------------------------------------

 End time:                               Fri Oct 22 17:54:32 2021
 Total wall-clock time:                  1.989 seconds
==================================================================================
