
================================================================================
          _____________ ________ _______________ ________     _________         
         / ___________// ______ \\_____   _____// ______ \   / ________)        
        / /_________  / /      \ \     | |     / /      \ \ | (_______          
       |  __________|| |        | |    | |    | |        | | \________ \        
        \ \_________ | |        | |    | |     \ \______/ /___________) |       
         \__________||_|        |_|    |_|      \________//____________/        
                                                                                
====================================[ Qcore ]===================================

 Git describe: 2.3.0
 Compiler:     GNU 9.1.0
 Build type:   Release
 Version:      2.3.0

 Start time:   Fri Oct 22 17:54:14 2021

 Data directory: /work/zw18965/.local/qcore/share/entos/qcore/data
 Number of threads: 24
 Number of threads was determined by: command line argument
  - More threads can be used by running 'qcore -n 32'

 --------------------------------------------------------------------------------
                                   command: dft                                  
 --------------------------------------------------------------------------------
 AO basis set:                           def2-tzvppd
 Number of AO basis functions:         253
 ECP on atom 1 (Au):                     60 electrons
 ECP on atom 2 (Au):                     60 electrons
 ECP on atom 3 (Au):                     60 electrons
 ECP on atom 4 (Au):                     60 electrons

 Formula:                                HAu4(2+)
 Nuclear charge:                       317.000000000
 Total charge:                           2.000000000
 Number of core electrons:             240
 Number of treated electrons:           75

 Number of alpha electrons:             38
 Number of beta electrons:              37
 Number of unpaired electrons:           1
 Spin:                                   1
 Multiplicity:                           doublet

 Theory:                                 dft
 Exchange-correlation functional:        blyp
 Method for Coulomb:                     incore_df
 Integral threshold:                     1.00e-12
 DF basis set:                           def2-universal-jkfit
 Number of DF basis functions:        1006
 Schwarz screening threshold:            1.00e-10
 Coulomb fitting method:                 Cholesky
 Total number of grid points:        42370
 Method for AO orthogonalization:        symmetric
 Threshold for linear dependence:        1.00e-08
 D3BJ dispersion energy:                -0.026128691

 -------------------------------------
  Running unrestricted open-shell SCF 
 -------------------------------------
 Max number of iterations:             128
 Conv. threshold (gradient):             1.00e-05
 Conv. threshold (energy):               1.00e-06
 Interpolation scheme:                   adiis+cdiis
 Initial guess:                          SAD

 ---------------------------------------------------------------
                  energy        change          grad        time
 ---------------------------------------------------------------
   0      -543.886599097                    9.02e+00        0.08
   1      -542.679611248      1.21e+00      5.62e-01        0.09
   2      -542.516532401      1.63e-01      8.71e-01        0.09
   3      -542.804693961     -2.88e-01      1.23e-01        0.08
   4      -542.772047367      3.26e-02      3.55e-01        0.09
   5      -542.811011192     -3.90e-02      9.44e-02        0.10
   6      -542.807581148      3.43e-03      1.36e-01        0.09
   7      -542.814412929     -6.83e-03      2.61e-03        0.09
   8      -542.814415302     -2.37e-06      1.35e-03        0.09
   9      -542.814415989     -6.87e-07      6.04e-04        0.09
  10      -542.814416096     -1.07e-07      2.10e-04        0.09
  11      -542.814416095      1.13e-09      2.33e-04        0.09
  12      -542.814416108     -1.33e-08      5.76e-05        0.09
  13      -542.814416109     -7.68e-10      2.09e-05        0.10
  14      -542.814416109     -5.26e-11      7.77e-06        0.09

 SCF converged in 14 iterations.

 Dipole moment (in Debye):              -0.000002       0.000064       0.842969

 Quadrupole moment (in Debye-Angstrom):
                  1            2            3
 1       -67.626430    -0.000001     0.000002
 2        -0.000001   -64.809199     0.000053
 3         0.000002     0.000053   -65.323044

 Spin-squared expectation <S^2>:         0.752
 Total spin quantum number S:            0.501
 TOTAL ENERGY:                        -542.814416109

 --------------------------------------------------------------------------------

 End time:                               Fri Oct 22 17:54:17 2021
 Total wall-clock time:                  2.683 seconds
==================================================================================
