
================================================================================
          _____________ ________ _______________ ________     _________         
         / ___________// ______ \\_____   _____// ______ \   / ________)        
        / /_________  / /      \ \     | |     / /      \ \ | (_______          
       |  __________|| |        | |    | |    | |        | | \________ \        
        \ \_________ | |        | |    | |     \ \______/ /___________) |       
         \__________||_|        |_|    |_|      \________//____________/        
                                                                                
====================================[ Qcore ]===================================

 Git describe: 2.3.0
 Compiler:     GNU 9.1.0
 Build type:   Release
 Version:      2.3.0

 Start time:   Fri Oct 22 17:54:17 2021

 Data directory: /work/zw18965/.local/qcore/share/entos/qcore/data
 Number of threads: 24
 Number of threads was determined by: command line argument
  - More threads can be used by running 'qcore -n 32'

 --------------------------------------------------------------------------------
                                   command: dft                                  
 --------------------------------------------------------------------------------
 AO basis set:                           def2-tzvppd
 Number of AO basis functions:         253
 ECP on atom 1 (Au):                     60 electrons
 ECP on atom 2 (Au):                     60 electrons
 ECP on atom 3 (Au):                     60 electrons
 ECP on atom 4 (Au):                     60 electrons

 Formula:                                HAu4(2+)
 Nuclear charge:                       317.000000000
 Total charge:                           2.000000000
 Number of core electrons:             240
 Number of treated electrons:           75

 Number of alpha electrons:             38
 Number of beta electrons:              37
 Number of unpaired electrons:           1
 Spin:                                   1
 Multiplicity:                           doublet

 Theory:                                 dft
 Exchange-correlation functional:        blyp
 Method for Coulomb:                     incore_df
 Integral threshold:                     1.00e-12
 DF basis set:                           def2-universal-jkfit
 Number of DF basis functions:        1006
 Schwarz screening threshold:            1.00e-10
 Coulomb fitting method:                 Cholesky
 Total number of grid points:        42370
 Method for AO orthogonalization:        symmetric
 Threshold for linear dependence:        1.00e-08
 D3BJ dispersion energy:                -0.026668171

 -------------------------------------
  Running unrestricted open-shell SCF 
 -------------------------------------
 Max number of iterations:             128
 Conv. threshold (gradient):             1.00e-05
 Conv. threshold (energy):               1.00e-06
 Interpolation scheme:                   adiis+cdiis
 Initial guess:                          SAD

 ---------------------------------------------------------------
                  energy        change          grad        time
 ---------------------------------------------------------------
   0      -543.906522528                    9.16e+00        0.09
   1      -542.661153283      1.25e+00      4.25e-01        0.09
   2      -542.316120836      3.45e-01      1.09e+00        0.09
   3      -542.726475347     -4.10e-01      4.36e-01        0.09
   4      -541.464361513      1.26e+00      3.57e+00        0.09
   5      -542.709667881     -1.25e+00      8.08e-01        0.10
   6      -542.760237774     -5.06e-02      3.84e-01        0.10
   7      -542.788164583     -2.79e-02      1.50e-01        0.10
   8      -542.787518543      6.46e-04      1.63e-01        0.10
   9      -542.784786542      2.73e-03      2.14e-01        0.11
  10      -542.793626969     -8.84e-03      1.30e-02        0.12
  11      -542.793421925      2.05e-04      3.81e-02        0.13
  12      -542.793670072     -2.48e-04      1.19e-03        0.12
  13      -542.793670279     -2.07e-07      5.96e-04        0.09
  14      -542.793670366     -8.70e-08      2.35e-04        0.09
  15      -542.793670376     -1.05e-08      1.24e-04        0.12
  16      -542.793670379     -3.08e-09      3.42e-05        0.09
  17      -542.793670379     -1.15e-10      2.51e-05        0.10
  18      -542.793670380     -1.29e-10      3.36e-06        0.09

 SCF converged in 18 iterations.

 Dipole moment (in Debye):               0.000001      -0.000064      -1.375446

 Quadrupole moment (in Debye-Angstrom):
                  1            2            3
 1       -65.132747    -0.000002    -0.000002
 2        -0.000002   -65.132753    -0.000495
 3        -0.000002    -0.000495   -68.688250

 Spin-squared expectation <S^2>:         0.752
 Total spin quantum number S:            0.501
 TOTAL ENERGY:                        -542.793670380

 --------------------------------------------------------------------------------

 End time:                               Fri Oct 22 17:54:20 2021
 Total wall-clock time:                  3.240 seconds
==================================================================================
