
================================================================================
          _____________ ________ _______________ ________     _________         
         / ___________// ______ \\_____   _____// ______ \   / ________)        
        / /_________  / /      \ \     | |     / /      \ \ | (_______          
       |  __________|| |        | |    | |    | |        | | \________ \        
        \ \_________ | |        | |    | |     \ \______/ /___________) |       
         \__________||_|        |_|    |_|      \________//____________/        
                                                                                
====================================[ Qcore ]===================================

 Git describe: 2.3.0
 Compiler:     GNU 9.1.0
 Build type:   Release
 Version:      2.3.0

 Start time:   Fri Oct 22 17:54:20 2021

 Data directory: /work/zw18965/.local/qcore/share/entos/qcore/data
 Number of threads: 24
 Number of threads was determined by: command line argument
  - More threads can be used by running 'qcore -n 32'

 --------------------------------------------------------------------------------
                                   command: dft                                  
 --------------------------------------------------------------------------------
 AO basis set:                           def2-tzvppd
 Number of AO basis functions:         236
 ECP on atom 1 (Au):                     60 electrons
 ECP on atom 2 (Au):                     60 electrons
 ECP on atom 3 (Au):                     60 electrons
 ECP on atom 4 (Au):                     60 electrons

 Formula:                                Au4(2+)
 Nuclear charge:                       316.000000000
 Total charge:                           2.000000000
 Number of core electrons:             240
 Number of treated electrons:           74

 Number of alpha electrons:             37
 Number of beta electrons:              37
 Number of unpaired electrons:           0
 Spin:                                   0
 Multiplicity:                           singlet

 Theory:                                 dft
 Exchange-correlation functional:        blyp
 Method for Coulomb:                     incore_df
 Integral threshold:                     1.00e-12
 DF basis set:                           def2-universal-jkfit
 Number of DF basis functions:         988
 Schwarz screening threshold:            1.00e-10
 Coulomb fitting method:                 Cholesky
 Total number of grid points:        36480
 Method for AO orthogonalization:        symmetric
 Threshold for linear dependence:        1.00e-08
 D3BJ dispersion energy:                -0.023239713

 -------------------------------------
  Running restricted closed-shell SCF 
 -------------------------------------
 Max number of iterations:             128
 Conv. threshold (gradient):             1.00e-05
 Conv. threshold (energy):               1.00e-06
 Interpolation scheme:                   adiis+cdiis
 Initial guess:                          SAD

 ---------------------------------------------------------------
                  energy        change          grad        time
 ---------------------------------------------------------------
   0      -543.294319576                    1.49e+01        0.05
   1      -542.172706031      1.12e+00      5.27e-01        0.05
   2      -542.108936838      6.38e-02      6.36e-01        0.05
   3      -542.253145435     -1.44e-01      8.63e-02        0.05
   4      -542.251150519      1.99e-03      1.17e-01        0.06
   5      -542.254850394     -3.70e-03      7.01e-03        0.06
   6      -542.254856369     -5.97e-06      3.62e-03        0.05
   7      -542.254857632     -1.26e-06      1.14e-03        0.05
   8      -542.254857562      7.01e-08      1.62e-03        0.05
   9      -542.254857700     -1.38e-07      9.77e-06        0.05

 SCF converged in 9 iterations.

 Dipole moment (in Debye):               0.000002       0.000099      -0.000007

 Quadrupole moment (in Debye-Angstrom):
                  1            2            3
 1       -64.442974     0.000003    -0.000003
 2         0.000003   -64.443556    -0.000623
 3        -0.000003    -0.000623   -64.444122

 Spin-squared expectation <S^2>:         0.000
 Total spin quantum number S:            0.000
 TOTAL ENERGY:                        -542.254857700

 --------------------------------------------------------------------------------

 End time:                               Fri Oct 22 17:54:22 2021
 Total wall-clock time:                  1.748 seconds
==================================================================================
