
================================================================================
          _____________ ________ _______________ ________     _________         
         / ___________// ______ \\_____   _____// ______ \   / ________)        
        / /_________  / /      \ \     | |     / /      \ \ | (_______          
       |  __________|| |        | |    | |    | |        | | \________ \        
        \ \_________ | |        | |    | |     \ \______/ /___________) |       
         \__________||_|        |_|    |_|      \________//____________/        
                                                                                
====================================[ Qcore ]===================================

 Git describe: 2.3.0
 Compiler:     GNU 9.1.0
 Build type:   Release
 Version:      2.3.0

 Start time:   Fri Oct 22 17:54:11 2021

 Data directory: /work/zw18965/.local/qcore/share/entos/qcore/data
 Number of threads: 24
 Number of threads was determined by: command line argument
  - More threads can be used by running 'qcore -n 32'

 --------------------------------------------------------------------------------
                                   command: dft                                  
 --------------------------------------------------------------------------------
 AO basis set:                           def2-tzvppd
 Number of AO basis functions:         253
 ECP on atom 1 (Au):                     60 electrons
 ECP on atom 2 (Au):                     60 electrons
 ECP on atom 3 (Au):                     60 electrons
 ECP on atom 4 (Au):                     60 electrons

 Formula:                                HAu4(2+)
 Nuclear charge:                       317.000000000
 Total charge:                           2.000000000
 Number of core electrons:             240
 Number of treated electrons:           75

 Number of alpha electrons:             38
 Number of beta electrons:              37
 Number of unpaired electrons:           1
 Spin:                                   1
 Multiplicity:                           doublet

 Theory:                                 dft
 Exchange-correlation functional:        blyp
 Method for Coulomb:                     incore_df
 Integral threshold:                     1.00e-12
 DF basis set:                           def2-universal-jkfit
 Number of DF basis functions:        1006
 Schwarz screening threshold:            1.00e-10
 Coulomb fitting method:                 Cholesky
 Total number of grid points:        42370
 Method for AO orthogonalization:        symmetric
 Threshold for linear dependence:        1.00e-08
 D3BJ dispersion energy:                -0.024844094

 -------------------------------------
  Running unrestricted open-shell SCF 
 -------------------------------------
 Max number of iterations:             128
 Conv. threshold (gradient):             1.00e-05
 Conv. threshold (energy):               1.00e-06
 Interpolation scheme:                   adiis+cdiis
 Initial guess:                          SAD

 ---------------------------------------------------------------
                  energy        change          grad        time
 ---------------------------------------------------------------
   0      -543.850507301                    8.35e+00        0.08
   1      -542.488300061      1.36e+00      5.71e-01        0.08
   2      -538.375692143      4.11e+00      4.63e+00        0.08
   3      -542.347328212     -3.97e+00      1.06e+00        0.08
   4      -542.160790416      1.87e-01      2.26e+00        0.08
   5      -542.802736114     -6.42e-01      1.69e-01        0.09
   6      -542.778642454      2.41e-02      3.01e-01        0.10
   7      -542.812863803     -3.42e-02      4.97e-02        0.09
   8      -542.812034274      8.30e-04      7.50e-02        0.10
   9      -542.814204644     -2.17e-03      1.33e-02        0.11
  10      -542.814259435     -5.48e-05      4.63e-03        0.09
  11      -542.814266085     -6.65e-06      1.91e-03        0.09
  12      -542.814266643     -5.58e-07      7.11e-04        0.09
  13      -542.814266752     -1.09e-07      3.22e-04        0.10
  14      -542.814266748      3.58e-09      2.74e-04        0.09
  15      -542.814266772     -2.37e-08      3.86e-05        0.09
  16      -542.814266772     -2.27e-10      1.56e-05        0.09
  17      -542.814266772     -8.19e-11      1.02e-05        0.12
  18      -542.814266772     -1.96e-11      1.44e-06        0.09

 SCF converged in 18 iterations.

 Dipole moment (in Debye):               0.000001      -0.000007       0.285117

 Quadrupole moment (in Debye-Angstrom):
                  1            2            3
 1       -66.002150    -0.000004    -0.000002
 2        -0.000004   -66.002416     0.000036
 3        -0.000002     0.000036   -63.349199

 Spin-squared expectation <S^2>:         0.753
 Total spin quantum number S:            0.501
 TOTAL ENERGY:                        -542.814266772

 --------------------------------------------------------------------------------

 End time:                               Fri Oct 22 17:54:14 2021
 Total wall-clock time:                  3.077 seconds
==================================================================================
