
================================================================================
          _____________ ________ _______________ ________     _________         
         / ___________// ______ \\_____   _____// ______ \   / ________)        
        / /_________  / /      \ \     | |     / /      \ \ | (_______          
       |  __________|| |        | |    | |    | |        | | \________ \        
        \ \_________ | |        | |    | |     \ \______/ /___________) |       
         \__________||_|        |_|    |_|      \________//____________/        
                                                                                
====================================[ Qcore ]===================================

 Git describe: 2.3.0
 Compiler:     GNU 9.1.0
 Build type:   Release
 Version:      2.3.0

 Start time:   Fri Oct 22 17:54:22 2021

 Data directory: /work/zw18965/.local/qcore/share/entos/qcore/data
 Number of threads: 24
 Number of threads was determined by: command line argument
  - More threads can be used by running 'qcore -n 32'

 --------------------------------------------------------------------------------
                                   command: dft                                  
 --------------------------------------------------------------------------------
 AO basis set:                           def2-tzvppd
 Number of AO basis functions:         324
 ECP on atom 1 (Au):                     60 electrons
 ECP on atom 2 (Au):                     60 electrons
 ECP on atom 3 (Au):                     60 electrons
 ECP on atom 4 (Au):                     60 electrons

 Formula:                                H3NAu4(2+)
 Nuclear charge:                       326.000000000
 Total charge:                           2.000000000
 Number of core electrons:             240
 Number of treated electrons:           84

 Number of alpha electrons:             42
 Number of beta electrons:              42
 Number of unpaired electrons:           0
 Spin:                                   0
 Multiplicity:                           singlet

 Theory:                                 dft
 Exchange-correlation functional:        blyp
 Method for Coulomb:                     incore_df
 Integral threshold:                     1.00e-12
 DF basis set:                           def2-universal-jkfit
 Number of DF basis functions:        1119
 Schwarz screening threshold:            1.00e-10
 Coulomb fitting method:                 Cholesky
 Total number of grid points:        60950
 Method for AO orthogonalization:        symmetric
 Threshold for linear dependence:        1.00e-08
 D3BJ dispersion energy:                -0.030711805

 -------------------------------------
  Running restricted closed-shell SCF 
 -------------------------------------
 Max number of iterations:             128
 Conv. threshold (gradient):             1.00e-05
 Conv. threshold (energy):               1.00e-06
 Interpolation scheme:                   adiis+cdiis
 Initial guess:                          SAD

 ---------------------------------------------------------------
                  energy        change          grad        time
 ---------------------------------------------------------------
   0      -599.965832752                    2.02e+01        0.09
   1      -598.787127759      1.18e+00      2.40e+00        0.10
   2      -598.227231225      5.60e-01      5.33e+00        0.09
   3      -598.886464555     -6.59e-01      1.08e+00        0.09
   4      -598.913822950     -2.74e-02      6.66e-01        0.10
   5      -598.903874707      9.95e-03      7.66e-01        0.09
   6      -598.927368600     -2.35e-02      3.09e-01        0.10
   7      -598.926789673      5.79e-04      3.50e-01        0.10
   8      -598.930432975     -3.64e-03      1.30e-01        0.10
   9      -598.927581782      2.85e-03      3.14e-01        0.11
  10      -598.930677236     -3.10e-03      9.31e-02        0.12
  11      -598.930959301     -2.82e-04      3.50e-02        0.12
  12      -598.930989010     -2.97e-05      2.46e-04        0.11
  13      -598.930989014     -3.78e-09      9.70e-05        0.12
  14      -598.930989014     -3.20e-10      7.08e-05        0.10
  15      -598.930989015     -2.37e-10      2.28e-05        0.12
  16      -598.930989015     -3.12e-11      8.48e-06        0.10

 SCF converged in 16 iterations.

 Dipole moment (in Debye):              -1.199408       6.853641      -0.000006

 Quadrupole moment (in Debye-Angstrom):
                  1            2            3
 1       -72.186249    -6.504846    -0.000012
 2        -6.504846   -36.126533     0.000002
 3        -0.000012     0.000002   -73.320832

 Spin-squared expectation <S^2>:         0.000
 Total spin quantum number S:            0.000
 TOTAL ENERGY:                        -598.930989015

 --------------------------------------------------------------------------------

 End time:                               Fri Oct 22 17:54:26 2021
 Total wall-clock time:                  3.428 seconds
==================================================================================
