
================================================================================
          _____________ ________ _______________ ________     _________         
         / ___________// ______ \\_____   _____// ______ \   / ________)        
        / /_________  / /      \ \     | |     / /      \ \ | (_______          
       |  __________|| |        | |    | |    | |        | | \________ \        
        \ \_________ | |        | |    | |     \ \______/ /___________) |       
         \__________||_|        |_|    |_|      \________//____________/        
                                                                                
====================================[ Qcore ]===================================

 Git describe: 2.3.0
 Compiler:     GNU 9.1.0
 Build type:   Release
 Version:      2.3.0

 Start time:   Fri Oct 22 17:54:32 2021

 Data directory: /work/zw18965/.local/qcore/share/entos/qcore/data
 Number of threads: 24
 Number of threads was determined by: command line argument
  - More threads can be used by running 'qcore -n 32'

 --------------------------------------------------------------------------------
                                   command: dft                                  
 --------------------------------------------------------------------------------
 AO basis set:                           def2-tzvppd
 Number of AO basis functions:         107

 Formula:                                FCu
 Nuclear charge:                        38.000000000
 Total charge:                           0.000000000
 Number of electrons:                   38.000000000

 Number of alpha electrons:             19
 Number of beta electrons:              19
 Number of unpaired electrons:           0
 Spin:                                   0
 Multiplicity:                           singlet

 Theory:                                 dft
 Exchange-correlation functional:        blyp
 Method for Coulomb:                     incore_df
 Integral threshold:                     1.00e-12
 DF basis set:                           def2-universal-jkfit
 Number of DF basis functions:         341
 Schwarz screening threshold:            1.00e-10
 Coulomb fitting method:                 Cholesky
 Total number of grid points:        14748
 Method for AO orthogonalization:        symmetric
 Threshold for linear dependence:        1.00e-08
 D3BJ dispersion energy:                -0.000881912

 -------------------------------------
  Running restricted closed-shell SCF 
 -------------------------------------
 Max number of iterations:             128
 Conv. threshold (gradient):             1.00e-05
 Conv. threshold (energy):               1.00e-06
 Interpolation scheme:                   adiis+cdiis
 Initial guess:                          SAD

 ---------------------------------------------------------------
                  energy        change          grad        time
 ---------------------------------------------------------------
   0     -1740.527992890                    2.72e+00        0.01
   1     -1740.368222534      1.60e-01      1.37e+00        0.01
   2     -1733.705164048      6.66e+00      6.33e+00        0.01
   3     -1739.738682462     -6.03e+00      3.24e+00        0.01
   4     -1740.473275717     -7.35e-01      7.92e-01        0.01
   5     -1740.496952244     -2.37e-02      4.68e-01        0.01
   6     -1740.509284931     -1.23e-02      1.40e-01        0.01
   7     -1740.507416854      1.87e-03      2.16e-01        0.01
   8     -1740.508758844     -1.34e-03      1.23e-01        0.01
   9     -1740.510552237     -1.79e-03      3.59e-02        0.01
  10     -1740.509793946      7.58e-04      1.13e-01        0.01
  11     -1740.510635070     -8.41e-04      1.39e-04        0.01
  12     -1740.510635072     -1.53e-09      2.91e-05        0.01
  13     -1740.510635072     -7.03e-11      2.62e-06        0.01

 SCF converged in 13 iterations.

 Dipole moment (in Debye):              -0.000006      -0.000006       4.487639

 Quadrupole moment (in Debye-Angstrom):
                  1            2            3
 1       -17.952460     0.000002    -0.000004
 2         0.000002   -17.952460    -0.000004
 3        -0.000004    -0.000004   -19.085173

 Spin-squared expectation <S^2>:         0.000
 Total spin quantum number S:            0.000
 TOTAL ENERGY:                       -1740.510635072

 --------------------------------------------------------------------------------

 End time:                               Fri Oct 22 17:54:32 2021
 Total wall-clock time:                  0.690 seconds
==================================================================================
