
================================================================================
          _____________ ________ _______________ ________     _________         
         / ___________// ______ \\_____   _____// ______ \   / ________)        
        / /_________  / /      \ \     | |     / /      \ \ | (_______          
       |  __________|| |        | |    | |    | |        | | \________ \        
        \ \_________ | |        | |    | |     \ \______/ /___________) |       
         \__________||_|        |_|    |_|      \________//____________/        
                                                                                
====================================[ Qcore ]===================================

 Git describe: 2.3.0
 Compiler:     GNU 9.1.0
 Build type:   Release
 Version:      2.3.0

 Start time:   Fri Oct 22 17:54:32 2021

 Data directory: /work/zw18965/.local/qcore/share/entos/qcore/data
 Number of threads: 24
 Number of threads was determined by: command line argument
  - More threads can be used by running 'qcore -n 32'

 --------------------------------------------------------------------------------
                                   command: dft                                  
 --------------------------------------------------------------------------------
 AO basis set:                           def2-tzvppd
 Number of AO basis functions:          84

 Formula:                                HCu
 Nuclear charge:                        30.000000000
 Total charge:                           0.000000000
 Number of electrons:                   30.000000000

 Number of alpha electrons:             15
 Number of beta electrons:              15
 Number of unpaired electrons:           0
 Spin:                                   0
 Multiplicity:                           singlet

 Theory:                                 dft
 Exchange-correlation functional:        blyp
 Method for Coulomb:                     incore_df
 Integral threshold:                     1.00e-12
 DF basis set:                           def2-universal-jkfit
 Number of DF basis functions:         282
 Schwarz screening threshold:            1.00e-10
 Coulomb fitting method:                 Cholesky
 Total number of grid points:        13826
 Method for AO orthogonalization:        symmetric
 Threshold for linear dependence:        1.00e-08
 D3BJ dispersion energy:                -0.000764795

 -------------------------------------
  Running restricted closed-shell SCF 
 -------------------------------------
 Max number of iterations:             128
 Conv. threshold (gradient):             1.00e-05
 Conv. threshold (energy):               1.00e-06
 Interpolation scheme:                   adiis+cdiis
 Initial guess:                          SAD

 ---------------------------------------------------------------
                  energy        change          grad        time
 ---------------------------------------------------------------
   0     -1641.195420800                    3.15e+00        0.01
   1     -1641.138420841      5.70e-02      8.45e-01        0.01
   2     -1640.737992909      4.00e-01      2.18e+00        0.01
   3     -1641.152324685     -4.14e-01      7.04e-01        0.01
   4     -1641.192052586     -3.97e-02      2.01e-01        0.01
   5     -1641.171732269      2.03e-02      5.68e-01        0.01
   6     -1641.191763965     -2.00e-02      2.11e-01        0.01
   7     -1641.194592473     -2.83e-03      1.54e-02        0.01
   8     -1641.194404976      1.87e-04      5.08e-02        0.01
   9     -1641.194625140     -2.20e-04      1.07e-03        0.01
  10     -1641.194625216     -7.69e-08      1.31e-05        0.01
  11     -1641.194625217     -1.98e-11      4.00e-06        0.01

 SCF converged in 11 iterations.

 Dipole moment (in Debye):              -0.000004      -0.000004       2.213667

 Quadrupole moment (in Debye-Angstrom):
                  1            2            3
 1       -15.172646     0.000000    -0.000002
 2         0.000000   -15.172646    -0.000002
 3        -0.000002    -0.000002   -14.791093

 Spin-squared expectation <S^2>:         0.000
 Total spin quantum number S:            0.000
 TOTAL ENERGY:                       -1641.194625217

 --------------------------------------------------------------------------------

 End time:                               Fri Oct 22 17:54:33 2021
 Total wall-clock time:                  0.589 seconds
==================================================================================
