
================================================================================
          _____________ ________ _______________ ________     _________         
         / ___________// ______ \\_____   _____// ______ \   / ________)        
        / /_________  / /      \ \     | |     / /      \ \ | (_______          
       |  __________|| |        | |    | |    | |        | | \________ \        
        \ \_________ | |        | |    | |     \ \______/ /___________) |       
         \__________||_|        |_|    |_|      \________//____________/        
                                                                                
====================================[ Qcore ]===================================

 Git describe: 2.3.0
 Compiler:     GNU 9.1.0
 Build type:   Release
 Version:      2.3.0

 Start time:   Fri Oct 22 17:54:34 2021

 Data directory: /work/zw18965/.local/qcore/share/entos/qcore/data
 Number of threads: 24
 Number of threads was determined by: command line argument
  - More threads can be used by running 'qcore -n 32'

 --------------------------------------------------------------------------------
                                   command: dft                                  
 --------------------------------------------------------------------------------
 AO basis set:                           def2-tzvppd
 Number of AO basis functions:         134

 Formula:                                Cu2
 Nuclear charge:                        58.000000000
 Total charge:                           0.000000000
 Number of electrons:                   58.000000000

 Number of alpha electrons:             29
 Number of beta electrons:              29
 Number of unpaired electrons:           0
 Spin:                                   0
 Multiplicity:                           singlet

 Theory:                                 dft
 Exchange-correlation functional:        blyp
 Method for Coulomb:                     incore_df
 Integral threshold:                     1.00e-12
 DF basis set:                           def2-universal-jkfit
 Number of DF basis functions:         528
 Schwarz screening threshold:            1.00e-10
 Coulomb fitting method:                 Cholesky
 Total number of grid points:        15872
 Method for AO orthogonalization:        symmetric
 Threshold for linear dependence:        1.00e-08
 D3BJ dispersion energy:                -0.002665306

 -------------------------------------
  Running restricted closed-shell SCF 
 -------------------------------------
 Max number of iterations:             128
 Conv. threshold (gradient):             1.00e-05
 Conv. threshold (energy):               1.00e-06
 Interpolation scheme:                   adiis+cdiis
 Initial guess:                          SAD

 ---------------------------------------------------------------
                  energy        change          grad        time
 ---------------------------------------------------------------
   0     -3281.348634100                    3.31e+00        0.01
   1     -3281.240554964      1.08e-01      3.30e-01        0.01
   2     -3281.176239332      6.43e-02      6.72e-01        0.01
   3     -3281.254170204     -7.79e-02      1.32e-01        0.01
   4     -3281.249663930      4.51e-03      2.28e-01        0.02
   5     -3281.256563493     -6.90e-03      1.44e-01        0.02
   6     -3281.258448734     -1.89e-03      8.83e-02        0.01
   7     -3281.259589258     -1.14e-03      2.71e-02        0.02
   8     -3281.259733482     -1.44e-04      1.59e-04        0.01
   9     -3281.259733487     -4.97e-09      2.53e-05        0.01
  10     -3281.259733487     -4.23e-11      1.62e-05        0.01
  11     -3281.259733487     -2.96e-11      1.83e-06        0.01

 SCF converged in 11 iterations.

 Dipole moment (in Debye):              -0.000004      -0.000004       0.000001

 Quadrupole moment (in Debye-Angstrom):
                  1            2            3
 1       -28.213799     0.000001     0.000001
 2         0.000001   -28.213799     0.000001
 3         0.000001     0.000001   -21.736013

 Spin-squared expectation <S^2>:         0.000
 Total spin quantum number S:            0.000
 TOTAL ENERGY:                       -3281.259733487

 --------------------------------------------------------------------------------

 End time:                               Fri Oct 22 17:54:34 2021
 Total wall-clock time:                  0.767 seconds
==================================================================================
