
================================================================================
          _____________ ________ _______________ ________     _________         
         / ___________// ______ \\_____   _____// ______ \   / ________)        
        / /_________  / /      \ \     | |     / /      \ \ | (_______          
       |  __________|| |        | |    | |    | |        | | \________ \        
        \ \_________ | |        | |    | |     \ \______/ /___________) |       
         \__________||_|        |_|    |_|      \________//____________/        
                                                                                
====================================[ Qcore ]===================================

 Git describe: 2.3.0
 Compiler:     GNU 9.1.0
 Build type:   Release
 Version:      2.3.0

 Start time:   Fri Oct 22 17:54:44 2021

 Data directory: /work/zw18965/.local/qcore/share/entos/qcore/data
 Number of threads: 24
 Number of threads was determined by: command line argument
  - More threads can be used by running 'qcore -n 32'

 --------------------------------------------------------------------------------
                                   command: dft                                  
 --------------------------------------------------------------------------------
 AO basis set:                           def2-tzvppd
 Number of AO basis functions:         201

 Formula:                                Cu3
 Nuclear charge:                        87.000000000
 Total charge:                           0.000000000
 Number of electrons:                   87.000000000

 Number of alpha electrons:             44
 Number of beta electrons:              43
 Number of unpaired electrons:           1
 Spin:                                   1
 Multiplicity:                           doublet

 Theory:                                 dft
 Exchange-correlation functional:        blyp
 Method for Coulomb:                     incore_df
 Integral threshold:                     1.00e-12
 DF basis set:                           def2-universal-jkfit
 Number of DF basis functions:         792
 Schwarz screening threshold:            1.00e-10
 Coulomb fitting method:                 Cholesky
 Total number of grid points:        23808
 Method for AO orthogonalization:        symmetric
 Threshold for linear dependence:        1.00e-08
 D3BJ dispersion energy:                -0.006315996

 -------------------------------------
  Running unrestricted open-shell SCF 
 -------------------------------------
 Max number of iterations:             128
 Conv. threshold (gradient):             1.00e-05
 Conv. threshold (energy):               1.00e-06
 Interpolation scheme:                   adiis+cdiis
 Initial guess:                          SAD

 ---------------------------------------------------------------
                  energy        change          grad        time
 ---------------------------------------------------------------
   0     -4922.057613554                    2.53e+00        0.04
   1     -4921.853862797      2.04e-01      2.85e-01        0.04
   2     -4921.370082351      4.84e-01      7.87e-01        0.04
   3     -4921.768163725     -3.98e-01      4.70e-01        0.04
   4     -4921.449704174      3.18e-01      1.17e+00        0.05
   5     -4921.885654160     -4.36e-01      8.86e-02        0.05
   6     -4921.883601597      2.05e-03      1.05e-01        0.05
   7     -4921.890973924     -7.37e-03      1.06e-02        0.05
   8     -4921.891021360     -4.74e-05      3.85e-03        0.04
   9     -4921.890977627      4.37e-05      9.29e-03        0.04
  10     -4921.891024813     -4.72e-05      4.68e-04        0.05
  11     -4921.891024831     -1.84e-08      2.37e-04        0.04
  12     -4921.891024822      9.37e-09      2.43e-04        0.05
  13     -4921.891024867     -4.54e-08      1.15e-05        0.05
  14     -4921.891024867     -6.55e-11      3.02e-06        0.05

 SCF converged in 14 iterations.

 Dipole moment (in Debye):              -0.000006      -0.000006       0.000084

 Quadrupole moment (in Debye-Angstrom):
                  1            2            3
 1       -41.825070     0.000004     0.000002
 2         0.000004   -41.825070     0.000002
 3         0.000002     0.000002   -32.889584

 Spin-squared expectation <S^2>:         0.752
 Total spin quantum number S:            0.501
 TOTAL ENERGY:                       -4921.891024867

 --------------------------------------------------------------------------------

 End time:                               Fri Oct 22 17:54:45 2021
 Total wall-clock time:                  1.468 seconds
==================================================================================
