
================================================================================
          _____________ ________ _______________ ________     _________         
         / ___________// ______ \\_____   _____// ______ \   / ________)        
        / /_________  / /      \ \     | |     / /      \ \ | (_______          
       |  __________|| |        | |    | |    | |        | | \________ \        
        \ \_________ | |        | |    | |     \ \______/ /___________) |       
         \__________||_|        |_|    |_|      \________//____________/        
                                                                                
====================================[ Qcore ]===================================

 Git describe: 2.3.0
 Compiler:     GNU 9.1.0
 Build type:   Release
 Version:      2.3.0

 Start time:   Sun Oct 24 15:01:35 2021

 Data directory: /work/zw18965/.local/qcore/share/entos/qcore/data
 Number of threads: 24
 Number of threads was determined by: number of physical cores

 --------------------------------------------------------------------------------
                                   command: dft                                  
 --------------------------------------------------------------------------------
 AO basis set:                           def2-tzvppd
 Number of AO basis functions:         201

 Formula:                                Cu3
 Nuclear charge:                        87.000000000
 Total charge:                           0.000000000
 Number of electrons:                   87.000000000

 Number of alpha electrons:             44
 Number of beta electrons:              43
 Number of unpaired electrons:           1
 Spin:                                   1
 Multiplicity:                           doublet

 Theory:                                 dft
 Exchange-correlation functional:        b3lyp
 Method for Coulomb:                     incore_df
 Method for exact exchange:              pre_transformed_df
 Integral threshold:                     1.00e-12
 DF basis set:                           def2-universal-jkfit
 Number of DF basis functions:         792
 Schwarz screening threshold:            1.00e-10
 Coulomb fitting method:                 Cholesky
 Total number of grid points:        23808
 Method for AO orthogonalization:        symmetric
 Threshold for linear dependence:        1.00e-08
 D3BJ dispersion energy:                -0.006848549

 -------------------------------------
  Running unrestricted open-shell SCF 
 -------------------------------------
 Max number of iterations:             128
 Conv. threshold (gradient):             1.00e-05
 Conv. threshold (energy):               1.00e-06
 Interpolation scheme:                   adiis+cdiis
 Initial guess:                          SAD

 ---------------------------------------------------------------
                  energy        change          grad        time
 ---------------------------------------------------------------
   0     -4921.653559376                    3.44e+00        0.11
   1     -4921.367064539      2.86e-01      1.98e-01        0.09
   2     -4921.321691751      4.54e-02      3.36e-01        0.08
   3     -4921.381830813     -6.01e-02      6.70e-02        0.09
   4     -4921.381664848      1.66e-04      8.83e-02        0.09
   5     -4921.384125681     -2.46e-03      1.44e-02        0.10
   6     -4921.384187668     -6.20e-05      4.27e-03        0.09
   7     -4921.384197358     -9.69e-06      2.57e-03        0.08
   8     -4921.384199360     -2.00e-06      9.26e-04        0.09
   9     -4921.384199656     -2.97e-07      5.03e-04        0.09
  10     -4921.384199730     -7.33e-08      3.02e-04        0.09
  11     -4921.384199767     -3.68e-08      8.80e-05        0.10
  12     -4921.384199773     -6.28e-09      2.97e-05        0.09
  13     -4921.384199773     -3.17e-10      1.31e-05        0.08
  14     -4921.384199773     -9.91e-11      3.27e-06        0.08

 SCF converged in 14 iterations.

 Dipole moment (in Debye):              -0.003274      -0.794365      -0.000004

 Quadrupole moment (in Debye-Angstrom):
                  1            2            3
 1       -34.243103     0.019189    -0.000000
 2         0.019189   -45.181421     0.000004
 3        -0.000000     0.000004   -41.421654

 Spin-squared expectation <S^2>:         0.758
 Total spin quantum number S:            0.504
 TOTAL ENERGY:                       -4921.384199773
 Saving results in set 'guess'

 --------------------------------------------------------------------------------
                                   command: dft                                  
 --------------------------------------------------------------------------------
 AO basis set:                           def2-tzvppd
 Number of AO basis functions:         201

 Formula:                                Cu3
 Nuclear charge:                        87.000000000
 Total charge:                           0.000000000
 Number of electrons:                   87.000000000

 Number of alpha electrons:             44
 Number of beta electrons:              43
 Number of unpaired electrons:           1
 Spin:                                   1
 Multiplicity:                           doublet

 Theory:                                 dft
 Exchange-correlation functional:        blyp
 Method for Coulomb:                     incore_df
 Integral threshold:                     1.00e-12
 DF basis set:                           def2-universal-jkfit
 Number of DF basis functions:         792
 Schwarz screening threshold:            1.00e-10
 Coulomb fitting method:                 Cholesky
 Total number of grid points:        23808
 Method for AO orthogonalization:        symmetric
 Threshold for linear dependence:        1.00e-08
 D3BJ dispersion energy:                -0.007838677

 -------------------------------------
  Running unrestricted open-shell SCF 
 -------------------------------------
 Max number of iterations:             128
 Conv. threshold (gradient):             1.00e-05
 Conv. threshold (energy):               1.00e-06
 Interpolation scheme:                   adiis+cdiis
 Initializing maximum overlap method (MOM)

 ---------------------------------------------------------------
                  energy        change          grad        time
 ---------------------------------------------------------------
   0     -4921.885256420                    6.95e-02        0.05
   1     -4921.835218795      5.00e-02      5.30e-01        0.06
   2     -4921.282381489      5.53e-01      1.05e+00        0.05
   3     -4921.807479770     -5.25e-01      4.88e-01        0.06
   4     -4921.890136254     -8.27e-02      8.22e-02        0.06
   5     -4921.833024097      5.71e-02      4.38e-01        0.06
   6     -4921.892661255     -5.96e-02      4.01e-02        0.06
   7     -4921.892864848     -2.04e-04      1.05e-02        0.06
   8     -4921.892858093      6.75e-06      8.77e-03        0.06
   9     -4921.892876246     -1.82e-05      9.89e-03        0.06
  10     -4921.892907780     -3.15e-05      1.59e-03        0.06
  11     -4921.892909237     -1.46e-06      1.14e-03        0.05
  12     -4921.892909516     -2.79e-07      3.13e-04        0.06
  13     -4921.892909562     -4.65e-08      2.15e-04        0.06
  14     -4921.892909578     -1.56e-08      1.44e-04        0.06
  15     -4921.892909583     -5.69e-09      4.59e-05        0.06
  16     -4921.892909585     -1.96e-09      2.43e-05        0.05
  17     -4921.892909586     -3.09e-10      1.93e-05        0.05
  18     -4921.892909586     -3.57e-10      1.32e-05        0.06
  19     -4921.892909586     -1.80e-10      5.99e-06        0.06

 SCF converged in 19 iterations.

 Dipole moment (in Debye):               0.000069      -0.731559      -0.000005

 Quadrupole moment (in Debye-Angstrom):
                  1            2            3
 1       -35.446577    -0.000354    -0.000001
 2        -0.000354   -44.976753     0.000005
 3        -0.000001     0.000005   -42.014858

 Spin-squared expectation <S^2>:         0.755
 Total spin quantum number S:            0.503
 TOTAL ENERGY:                       -4921.892909586

 --------------------------------------------------------------------------------

 End time:                               Sun Oct 24 15:01:39 2021
 Total wall-clock time:                  4.398 seconds
==================================================================================
