
================================================================================
          _____________ ________ _______________ ________     _________         
         / ___________// ______ \\_____   _____// ______ \   / ________)        
        / /_________  / /      \ \     | |     / /      \ \ | (_______          
       |  __________|| |        | |    | |    | |        | | \________ \        
        \ \_________ | |        | |    | |     \ \______/ /___________) |       
         \__________||_|        |_|    |_|      \________//____________/        
                                                                                
====================================[ Qcore ]===================================

 Git describe: 2.3.0
 Compiler:     GNU 9.1.0
 Build type:   Release
 Version:      2.3.0

 Start time:   Fri Oct 22 17:54:36 2021

 Data directory: /work/zw18965/.local/qcore/share/entos/qcore/data
 Number of threads: 24
 Number of threads was determined by: command line argument
  - More threads can be used by running 'qcore -n 32'

 --------------------------------------------------------------------------------
                                   command: dft                                  
 --------------------------------------------------------------------------------
 AO basis set:                           def2-tzvppd
 Number of AO basis functions:         201

 Formula:                                Cu3+
 Nuclear charge:                        87.000000000
 Total charge:                           1.000000000
 Number of electrons:                   86.000000000

 Number of alpha electrons:             43
 Number of beta electrons:              43
 Number of unpaired electrons:           0
 Spin:                                   0
 Multiplicity:                           singlet

 Theory:                                 dft
 Exchange-correlation functional:        blyp
 Method for Coulomb:                     incore_df
 Integral threshold:                     1.00e-12
 DF basis set:                           def2-universal-jkfit
 Number of DF basis functions:         792
 Schwarz screening threshold:            1.00e-10
 Coulomb fitting method:                 Cholesky
 Total number of grid points:        23808
 Method for AO orthogonalization:        symmetric
 Threshold for linear dependence:        1.00e-08
 D3BJ dispersion energy:                -0.006228084

 -------------------------------------
  Running restricted closed-shell SCF 
 -------------------------------------
 Max number of iterations:             128
 Conv. threshold (gradient):             1.00e-05
 Conv. threshold (energy):               1.00e-06
 Interpolation scheme:                   adiis+cdiis
 Initial guess:                          SAD

 ---------------------------------------------------------------
                  energy        change          grad        time
 ---------------------------------------------------------------
   0     -4922.028099336                    4.68e+00        0.03
   1     -4921.550050612      4.78e-01      8.18e-01        0.03
   2     -4920.501216246      1.05e+00      3.00e+00        0.03
   3     -4921.348185530     -8.47e-01      1.20e+00        0.03
   4     -4919.887528230      1.46e+00      3.98e+00        0.03
   5     -4921.605067519     -1.72e+00      3.27e-01        0.03
   6     -4921.610752089     -5.68e-03      2.88e-01        0.04
   7     -4921.620544291     -9.79e-03      8.44e-02        0.04
   8     -4921.616205163      4.34e-03      2.37e-01        0.04
   9     -4921.621464740     -5.26e-03      3.08e-02        0.04
  10     -4921.621613842     -1.49e-04      4.69e-03        0.03
  11     -4921.621613895     -5.26e-08      4.65e-03        0.03
  12     -4921.621617310     -3.42e-06      1.42e-03        0.03
  13     -4921.621617621     -3.12e-07      4.79e-04        0.04
  14     -4921.621617659     -3.71e-08      7.52e-05        0.03
  15     -4921.621617659     -8.86e-10      1.24e-05        0.04
  16     -4921.621617659     -2.18e-11      6.74e-07        0.04

 SCF converged in 16 iterations.

 Dipole moment (in Debye):              -0.000007      -0.000007       0.000008

 Quadrupole moment (in Debye-Angstrom):
                  1            2            3
 1       -35.816034     0.000006    -0.000001
 2         0.000006   -35.816034    -0.000001
 3        -0.000001    -0.000001     0.207007

 Spin-squared expectation <S^2>:         0.000
 Total spin quantum number S:            0.000
 TOTAL ENERGY:                       -4921.621617659

 --------------------------------------------------------------------------------

 End time:                               Fri Oct 22 17:54:37 2021
 Total wall-clock time:                  1.360 seconds
==================================================================================
