
================================================================================
          _____________ ________ _______________ ________     _________         
         / ___________// ______ \\_____   _____// ______ \   / ________)        
        / /_________  / /      \ \     | |     / /      \ \ | (_______          
       |  __________|| |        | |    | |    | |        | | \________ \        
        \ \_________ | |        | |    | |     \ \______/ /___________) |       
         \__________||_|        |_|    |_|      \________//____________/        
                                                                                
====================================[ Qcore ]===================================

 Git describe: 2.3.0
 Compiler:     GNU 9.1.0
 Build type:   Release
 Version:      2.3.0

 Start time:   Fri Oct 22 17:54:34 2021

 Data directory: /work/zw18965/.local/qcore/share/entos/qcore/data
 Number of threads: 24
 Number of threads was determined by: command line argument
  - More threads can be used by running 'qcore -n 32'

 --------------------------------------------------------------------------------
                                   command: dft                                  
 --------------------------------------------------------------------------------
 AO basis set:                           def2-tzvppd
 Number of AO basis functions:         201

 Formula:                                Cu3+
 Nuclear charge:                        87.000000000
 Total charge:                           1.000000000
 Number of electrons:                   86.000000000

 Number of alpha electrons:             43
 Number of beta electrons:              43
 Number of unpaired electrons:           0
 Spin:                                   0
 Multiplicity:                           singlet

 Theory:                                 dft
 Exchange-correlation functional:        blyp
 Method for Coulomb:                     incore_df
 Integral threshold:                     1.00e-12
 DF basis set:                           def2-universal-jkfit
 Number of DF basis functions:         792
 Schwarz screening threshold:            1.00e-10
 Coulomb fitting method:                 Cholesky
 Total number of grid points:        23808
 Method for AO orthogonalization:        symmetric
 Threshold for linear dependence:        1.00e-08
 D3BJ dispersion energy:                -0.007837546

 -------------------------------------
  Running restricted closed-shell SCF 
 -------------------------------------
 Max number of iterations:             128
 Conv. threshold (gradient):             1.00e-05
 Conv. threshold (energy):               1.00e-06
 Interpolation scheme:                   adiis+cdiis
 Initial guess:                          SAD

 ---------------------------------------------------------------
                  energy        change          grad        time
 ---------------------------------------------------------------
   0     -4922.156284036                    6.98e+00        0.03
   1     -4921.597304684      5.59e-01      8.19e-01        0.03
   2     -4921.074425079      5.23e-01      1.58e+00        0.03
   3     -4921.612490845     -5.38e-01      6.11e-01        0.04
   4     -4921.672086792     -5.96e-02      1.16e-01        0.04
   5     -4921.660265071      1.18e-02      2.82e-01        0.04
   6     -4921.672782694     -1.25e-02      8.80e-02        0.04
   7     -4921.673967902     -1.19e-03      1.89e-02        0.04
   8     -4921.674023552     -5.56e-05      1.36e-03        0.04
   9     -4921.674023642     -8.99e-08      3.44e-04        0.04
  10     -4921.674023647     -5.12e-09      2.52e-05        0.04
  11     -4921.674023647     -5.28e-11      9.51e-06        0.04

 SCF converged in 11 iterations.

 Dipole moment (in Debye):              -0.000000       0.000282      -0.000009

 Quadrupole moment (in Debye-Angstrom):
                  1            2            3
 1       -24.529960    -0.000002     0.000000
 2        -0.000002   -24.529519     0.000003
 3         0.000000     0.000003   -36.111171

 Spin-squared expectation <S^2>:         0.000
 Total spin quantum number S:            0.000
 TOTAL ENERGY:                       -4921.674023647

 --------------------------------------------------------------------------------

 End time:                               Fri Oct 22 17:54:36 2021
 Total wall-clock time:                  1.178 seconds
==================================================================================
