
================================================================================
          _____________ ________ _______________ ________     _________         
         / ___________// ______ \\_____   _____// ______ \   / ________)        
        / /_________  / /      \ \     | |     / /      \ \ | (_______          
       |  __________|| |        | |    | |    | |        | | \________ \        
        \ \_________ | |        | |    | |     \ \______/ /___________) |       
         \__________||_|        |_|    |_|      \________//____________/        
                                                                                
====================================[ Qcore ]===================================

 Git describe: 2.3.0
 Compiler:     GNU 9.1.0
 Build type:   Release
 Version:      2.3.0

 Start time:   Fri Oct 22 17:55:02 2021

 Data directory: /work/zw18965/.local/qcore/share/entos/qcore/data
 Number of threads: 24
 Number of threads was determined by: command line argument
  - More threads can be used by running 'qcore -n 32'

 --------------------------------------------------------------------------------
                                   command: dft                                  
 --------------------------------------------------------------------------------
 AO basis set:                           def2-tzvppd
 Number of AO basis functions:         356

 Formula:                                H3NCu4(2+)
 Nuclear charge:                       126.000000000
 Total charge:                           2.000000000
 Number of electrons:                  124.000000000

 Number of alpha electrons:             62
 Number of beta electrons:              62
 Number of unpaired electrons:           0
 Spin:                                   0
 Multiplicity:                           singlet

 Theory:                                 dft
 Exchange-correlation functional:        blyp
 Method for Coulomb:                     incore_df
 Integral threshold:                     1.00e-12
 DF basis set:                           def2-universal-jkfit
 Number of DF basis functions:        1187
 Schwarz screening threshold:            1.00e-10
 Coulomb fitting method:                 Cholesky
 Total number of grid points:        56214
 Method for AO orthogonalization:        symmetric
 Threshold for linear dependence:        1.00e-08
 D3BJ dispersion energy:                -0.025224350

 -------------------------------------
  Running restricted closed-shell SCF 
 -------------------------------------
 Max number of iterations:             128
 Conv. threshold (gradient):             1.00e-05
 Conv. threshold (energy):               1.00e-06
 Interpolation scheme:                   adiis+cdiis
 Initial guess:                          SAD

 ---------------------------------------------------------------
                  energy        change          grad        time
 ---------------------------------------------------------------
   0     -6619.595512202                    1.22e+01        0.09
   1     -6618.242905188      1.35e+00      2.62e+00        0.11
   2     -6615.513648376      2.73e+00      6.18e+00        0.11
   3     -6618.197922536     -2.68e+00      2.36e+00        0.10
   4     -6618.468495896     -2.71e-01      1.12e+00        0.10
   5     -6617.581245701      8.87e-01      8.52e+00        0.10
   6     -6618.399414395     -8.18e-01      1.72e+00        0.11
   7     -6618.416321353     -1.69e-02      2.58e+00        0.11
   8     -6618.518728505     -1.02e-01      3.57e-01        0.12
   9     -6618.511298578      7.43e-03      6.48e-01        0.12
  10     -6618.525226022     -1.39e-02      2.86e-01        0.14
  11     -6618.514328344      1.09e-02      6.94e-01        0.13
  12     -6618.526041266     -1.17e-02      2.76e-01        0.17
  13     -6618.524013076      2.03e-03      2.97e-01        0.14
  14     -6618.527190678     -3.18e-03      3.52e-02        0.14
  15     -6618.526489965      7.01e-04      9.55e-02        0.13
  16     -6618.527239477     -7.50e-04      1.29e-03        0.12
  17     -6618.527239532     -5.42e-08      5.13e-04        0.10
  18     -6618.527239542     -1.07e-08      1.65e-04        0.11
  19     -6618.527239543     -7.11e-10      8.94e-05        0.10
  20     -6618.527239543     -3.08e-10      6.22e-06        0.11

 SCF converged in 20 iterations.

 Dipole moment (in Debye):               3.820881      -0.000969       0.000003

 Quadrupole moment (in Debye-Angstrom):
                  1            2            3
 1       -17.821577    -0.006603     0.000006
 2        -0.006603   -38.402344    -0.000009
 3         0.000006    -0.000009   -38.402634

 Spin-squared expectation <S^2>:         0.000
 Total spin quantum number S:            0.000
 TOTAL ENERGY:                       -6618.527239543

 --------------------------------------------------------------------------------

 End time:                               Fri Oct 22 17:55:06 2021
 Total wall-clock time:                  4.044 seconds
==================================================================================
