
================================================================================
          _____________ ________ _______________ ________     _________         
         / ___________// ______ \\_____   _____// ______ \   / ________)        
        / /_________  / /      \ \     | |     / /      \ \ | (_______          
       |  __________|| |        | |    | |    | |        | | \________ \        
        \ \_________ | |        | |    | |     \ \______/ /___________) |       
         \__________||_|        |_|    |_|      \________//____________/        
                                                                                
====================================[ Qcore ]===================================

 Git describe: 2.3.0
 Compiler:     GNU 9.1.0
 Build type:   Release
 Version:      2.3.0

 Start time:   Fri Oct 22 17:55:06 2021

 Data directory: /work/zw18965/.local/qcore/share/entos/qcore/data
 Number of threads: 24
 Number of threads was determined by: command line argument
  - More threads can be used by running 'qcore -n 32'

 --------------------------------------------------------------------------------
                                   command: dft                                  
 --------------------------------------------------------------------------------
 AO basis set:                           def2-tzvppd
 Number of AO basis functions:         268

 Formula:                                Cu4
 Nuclear charge:                       116.000000000
 Total charge:                           0.000000000
 Number of electrons:                  116.000000000

 Number of alpha electrons:             58
 Number of beta electrons:              58
 Number of unpaired electrons:           0
 Spin:                                   0
 Multiplicity:                           singlet

 Theory:                                 dft
 Exchange-correlation functional:        blyp
 Method for Coulomb:                     incore_df
 Integral threshold:                     1.00e-12
 DF basis set:                           def2-universal-jkfit
 Number of DF basis functions:        1056
 Schwarz screening threshold:            1.00e-10
 Coulomb fitting method:                 Cholesky
 Total number of grid points:        31744
 Method for AO orthogonalization:        symmetric
 Threshold for linear dependence:        1.00e-08
 D3BJ dispersion energy:                -0.014513823

 -------------------------------------
  Running restricted closed-shell SCF 
 -------------------------------------
 Max number of iterations:             128
 Conv. threshold (gradient):             1.00e-05
 Conv. threshold (energy):               1.00e-06
 Interpolation scheme:                   adiis+cdiis
 Initial guess:                          SAD

 ---------------------------------------------------------------
                  energy        change          grad        time
 ---------------------------------------------------------------
   0     -6562.984191249                    1.05e+01        0.05
   1     -6562.506457850      4.78e-01      8.24e-01        0.06
   2     -6562.027320455      4.79e-01      1.74e+00        0.06
   3     -6562.532666649     -5.05e-01      6.66e-01        0.06
   4     -6562.566967996     -3.43e-02      3.50e-01        0.06
   5     -6562.218154177      3.49e-01      3.07e+00        0.07
   6     -6562.530838421     -3.13e-01      8.27e-01        0.06
   7     -6562.576301056     -4.55e-02      1.83e-01        0.06
   8     -6562.577561904     -1.26e-03      1.23e-01        0.07
   9     -6562.575425404      2.14e-03      2.34e-01        0.07
  10     -6562.579001469     -3.58e-03      2.13e-02        0.07
  11     -6562.578556520      4.45e-04      8.35e-02        0.07
  12     -6562.579062593     -5.06e-04      1.98e-04        0.07
  13     -6562.579062594     -1.58e-09      1.16e-04        0.06
  14     -6562.579062595     -7.97e-10      5.51e-05        0.06
  15     -6562.579062595     -1.23e-10      3.19e-05        0.06
  16     -6562.579062595     -7.91e-11      2.91e-06        0.06

 SCF converged in 16 iterations.

 Dipole moment (in Debye):               0.002243       0.000199       0.000043

 Quadrupole moment (in Debye-Angstrom):
                  1            2            3
 1       -49.900730     0.516138     1.080743
 2         0.516138   -55.753626     0.088540
 3         1.080743     0.088540   -55.336192

 Spin-squared expectation <S^2>:         0.000
 Total spin quantum number S:            0.000
 TOTAL ENERGY:                       -6562.579062596

 --------------------------------------------------------------------------------

 End time:                               Fri Oct 22 17:55:08 2021
 Total wall-clock time:                  2.177 seconds
==================================================================================
