
================================================================================
          _____________ ________ _______________ ________     _________         
         / ___________// ______ \\_____   _____// ______ \   / ________)        
        / /_________  / /      \ \     | |     / /      \ \ | (_______          
       |  __________|| |        | |    | |    | |        | | \________ \        
        \ \_________ | |        | |    | |     \ \______/ /___________) |       
         \__________||_|        |_|    |_|      \________//____________/        
                                                                                
====================================[ Qcore ]===================================

 Git describe: 2.3.0
 Compiler:     GNU 9.1.0
 Build type:   Release
 Version:      2.3.0

 Start time:   Fri Oct 22 17:54:46 2021

 Data directory: /work/zw18965/.local/qcore/share/entos/qcore/data
 Number of threads: 24
 Number of threads was determined by: command line argument
  - More threads can be used by running 'qcore -n 32'

 --------------------------------------------------------------------------------
                                   command: dft                                  
 --------------------------------------------------------------------------------
 AO basis set:                           def2-tzvppd
 Number of AO basis functions:         285

 Formula:                                HCu4(2+)
 Nuclear charge:                       117.000000000
 Total charge:                           2.000000000
 Number of electrons:                  115.000000000

 Number of alpha electrons:             58
 Number of beta electrons:              57
 Number of unpaired electrons:           1
 Spin:                                   1
 Multiplicity:                           doublet

 Theory:                                 dft
 Exchange-correlation functional:        blyp
 Method for Coulomb:                     incore_df
 Integral threshold:                     1.00e-12
 DF basis set:                           def2-universal-jkfit
 Number of DF basis functions:        1074
 Schwarz screening threshold:            1.00e-10
 Coulomb fitting method:                 Cholesky
 Total number of grid points:        37634
 Method for AO orthogonalization:        symmetric
 Threshold for linear dependence:        1.00e-08
 D3BJ dispersion energy:                -0.017126040

 -------------------------------------
  Running unrestricted open-shell SCF 
 -------------------------------------
 Max number of iterations:             128
 Conv. threshold (gradient):             1.00e-05
 Conv. threshold (energy):               1.00e-06
 Interpolation scheme:                   adiis+cdiis
 Initial guess:                          SAD

 ---------------------------------------------------------------
                  energy        change          grad        time
 ---------------------------------------------------------------
   0     -6563.528723782                    5.48e+00        0.08
   1     -6561.795640500      1.73e+00      1.21e+00        0.09
   2     -6558.427301973      3.37e+00      1.98e+00        0.09
   3     -6561.978403913     -3.55e+00      1.16e+00        0.10
   4     -6562.245767104     -2.67e-01      1.48e+00        0.09
   5     -6561.864602701      3.81e-01      1.50e+00        0.10
   6     -6562.358023416     -4.93e-01      7.15e-01        0.10
   7     -6561.792277932      5.66e-01      2.97e+00        0.11
   8     -6562.427120964     -6.35e-01      2.26e-01        0.11
   9     -6562.388293450      3.88e-02      4.21e-01        0.12
  10     -6562.420004867     -3.17e-02      3.27e-01        0.12
  11     -6562.430300295     -1.03e-02      2.47e-01        0.13
  12     -6562.411647648      1.87e-02      5.93e-01        0.14
  13     -6562.441829661     -3.02e-02      9.45e-02        0.13
  14     -6562.438648905      3.18e-03      2.13e-01        0.13
  15     -6562.443311448     -4.66e-03      3.96e-03        0.14
  16     -6562.443311626     -1.78e-07      3.61e-03        0.10
  17     -6562.443313358     -1.73e-06      3.04e-03        0.09
  18     -6562.443314723     -1.36e-06      6.46e-04        0.11
  19     -6562.443314773     -5.02e-08      2.42e-04        0.10
  20     -6562.443314787     -1.36e-08      8.97e-05        0.09
  21     -6562.443314789     -1.92e-09      4.73e-05        0.09
  22     -6562.443314789     -2.22e-10      1.29e-05        0.10
  23     -6562.443314789     -3.18e-11      2.84e-06        0.09

 SCF converged in 23 iterations.

 Dipole moment (in Debye):              -0.000003       0.000221      -0.650877

 Quadrupole moment (in Debye-Angstrom):
                  1            2            3
 1       -30.924177    -0.000005    -0.000002
 2        -0.000005   -30.923592     0.000040
 3        -0.000002     0.000040   -30.997451

 Spin-squared expectation <S^2>:         0.754
 Total spin quantum number S:            0.502
 TOTAL ENERGY:                       -6562.443314789

 --------------------------------------------------------------------------------

 End time:                               Fri Oct 22 17:54:49 2021
 Total wall-clock time:                  3.758 seconds
==================================================================================
