
================================================================================
          _____________ ________ _______________ ________     _________         
         / ___________// ______ \\_____   _____// ______ \   / ________)        
        / /_________  / /      \ \     | |     / /      \ \ | (_______          
       |  __________|| |        | |    | |    | |        | | \________ \        
        \ \_________ | |        | |    | |     \ \______/ /___________) |       
         \__________||_|        |_|    |_|      \________//____________/        
                                                                                
====================================[ Qcore ]===================================

 Git describe: 2.3.0
 Compiler:     GNU 9.1.0
 Build type:   Release
 Version:      2.3.0

 Start time:   Fri Oct 22 17:54:58 2021

 Data directory: /work/zw18965/.local/qcore/share/entos/qcore/data
 Number of threads: 24
 Number of threads was determined by: command line argument
  - More threads can be used by running 'qcore -n 32'

 --------------------------------------------------------------------------------
                                   command: dft                                  
 --------------------------------------------------------------------------------
 AO basis set:                           def2-tzvppd
 Number of AO basis functions:         356

 Formula:                                H3NCu4(2+)
 Nuclear charge:                       126.000000000
 Total charge:                           2.000000000
 Number of electrons:                  124.000000000

 Number of alpha electrons:             62
 Number of beta electrons:              62
 Number of unpaired electrons:           0
 Spin:                                   0
 Multiplicity:                           singlet

 Theory:                                 dft
 Exchange-correlation functional:        blyp
 Method for Coulomb:                     incore_df
 Integral threshold:                     1.00e-12
 DF basis set:                           def2-universal-jkfit
 Number of DF basis functions:        1187
 Schwarz screening threshold:            1.00e-10
 Coulomb fitting method:                 Cholesky
 Total number of grid points:        56214
 Method for AO orthogonalization:        symmetric
 Threshold for linear dependence:        1.00e-08
 D3BJ dispersion energy:                -0.022520544

 -------------------------------------
  Running restricted closed-shell SCF 
 -------------------------------------
 Max number of iterations:             128
 Conv. threshold (gradient):             1.00e-05
 Conv. threshold (energy):               1.00e-06
 Interpolation scheme:                   adiis+cdiis
 Initial guess:                          SAD

 ---------------------------------------------------------------
                  energy        change          grad        time
 ---------------------------------------------------------------
   0     -6619.696878113                    1.41e+01        0.10
   1     -6618.296770167      1.40e+00      2.58e+00        0.10
   2     -6616.339663780      1.96e+00      6.20e+00        0.10
   3     -6618.337522666     -2.00e+00      1.97e+00        0.10
   4     -6618.556340640     -2.19e-01      8.84e-01        0.11
   5     -6618.419603239      1.37e-01      2.18e+00        0.11
   6     -6618.547368948     -1.28e-01      5.89e-01        0.11
   7     -6618.529921658      1.74e-02      1.08e+00        0.11
   8     -6618.576892554     -4.70e-02      1.79e-01        0.12
   9     -6618.564888246      1.20e-02      7.07e-01        0.12
  10     -6618.576494244     -1.16e-02      2.17e-01        0.14
  11     -6618.577433377     -9.39e-04      7.00e-02        0.13
  12     -6618.577582386     -1.49e-04      5.63e-02        0.15
  13     -6618.577909642     -3.27e-04      3.65e-04        0.13
  14     -6618.577909635      7.07e-09      5.52e-04        0.11
  15     -6618.577909646     -1.11e-08      5.65e-05        0.10
  16     -6618.577909646     -1.67e-10      1.73e-05        0.11
  17     -6618.577909646     -1.27e-11      6.09e-06        0.11

 SCF converged in 17 iterations.

 Dipole moment (in Debye):               0.659095       3.806084      -0.000012

 Quadrupole moment (in Debye-Angstrom):
                  1            2            3
 1       -36.990212     4.598141     0.000006
 2         4.598141   -11.295439     0.000005
 3         0.000006     0.000005   -37.784203

 Spin-squared expectation <S^2>:         0.000
 Total spin quantum number S:            0.000
 TOTAL ENERGY:                       -6618.577909646

 --------------------------------------------------------------------------------

 End time:                               Fri Oct 22 17:55:02 2021
 Total wall-clock time:                  3.611 seconds
==================================================================================
