
================================================================================
          _____________ ________ _______________ ________     _________         
         / ___________// ______ \\_____   _____// ______ \   / ________)        
        / /_________  / /      \ \     | |     / /      \ \ | (_______          
       |  __________|| |        | |    | |    | |        | | \________ \        
        \ \_________ | |        | |    | |     \ \______/ /___________) |       
         \__________||_|        |_|    |_|      \________//____________/        
                                                                                
====================================[ Qcore ]===================================

 Git describe: 2.3.0
 Compiler:     GNU 9.1.0
 Build type:   Release
 Version:      2.3.0

 Start time:   Fri Oct 22 17:54:49 2021

 Data directory: /work/zw18965/.local/qcore/share/entos/qcore/data
 Number of threads: 24
 Number of threads was determined by: command line argument
  - More threads can be used by running 'qcore -n 32'

 --------------------------------------------------------------------------------
                                   command: dft                                  
 --------------------------------------------------------------------------------
 AO basis set:                           def2-tzvppd
 Number of AO basis functions:         285

 Formula:                                HCu4(2+)
 Nuclear charge:                       117.000000000
 Total charge:                           2.000000000
 Number of electrons:                  115.000000000

 Number of alpha electrons:             58
 Number of beta electrons:              57
 Number of unpaired electrons:           1
 Spin:                                   1
 Multiplicity:                           doublet

 Theory:                                 dft
 Exchange-correlation functional:        blyp
 Method for Coulomb:                     incore_df
 Integral threshold:                     1.00e-12
 DF basis set:                           def2-universal-jkfit
 Number of DF basis functions:        1074
 Schwarz screening threshold:            1.00e-10
 Coulomb fitting method:                 Cholesky
 Total number of grid points:        37634
 Method for AO orthogonalization:        symmetric
 Threshold for linear dependence:        1.00e-08
 D3BJ dispersion energy:                -0.018050504

 -------------------------------------
  Running unrestricted open-shell SCF 
 -------------------------------------
 Max number of iterations:             128
 Conv. threshold (gradient):             1.00e-05
 Conv. threshold (energy):               1.00e-06
 Interpolation scheme:                   adiis+cdiis
 Initial guess:                          SAD

 ---------------------------------------------------------------
                  energy        change          grad        time
 ---------------------------------------------------------------
   0     -6563.591152300                    6.16e+00        0.08
   1     -6562.095564788      1.50e+00      1.24e+00        0.09
   2     -6559.915003929      2.18e+00      1.97e+00        0.09
   3     -6562.182799913     -2.27e+00      1.00e+00        0.10
   4     -6562.432771855     -2.50e-01      4.32e-01        0.09
   5     -6560.498453856      1.93e+00      3.85e+00        0.10
   6     -6562.294923895     -1.80e+00      9.40e-01        0.10
   7     -6562.443756130     -1.49e-01      3.55e-01        0.11
   8     -6562.243072927      2.01e-01      2.10e+00        0.11
   9     -6562.449153737     -2.06e-01      4.51e-01        0.12
  10     -6562.465086582     -1.59e-02      8.20e-02        0.12
  11     -6562.451477489      1.36e-02      4.14e-01        0.13
  12     -6562.466537581     -1.51e-02      3.93e-03        0.12
  13     -6562.466540384     -2.80e-06      1.01e-03        0.10
  14     -6562.466540130      2.54e-07      2.10e-03        0.10
  15     -6562.466540568     -4.38e-07      6.42e-04        0.11
  16     -6562.466540650     -8.15e-08      1.40e-04        0.10
  17     -6562.466540653     -3.22e-09      3.53e-05        0.10
  18     -6562.466540653     -1.76e-10      3.63e-05        0.11
  19     -6562.466540653     -2.04e-10      3.17e-06        0.12

 SCF converged in 19 iterations.

 Dipole moment (in Debye):              -0.225408       0.001180      -0.002151

 Quadrupole moment (in Debye-Angstrom):
                  1            2            3
 1       -31.469929     0.003953    -0.008418
 2         0.003953   -30.389639    -0.055779
 3        -0.008418    -0.055779   -31.717481

 Spin-squared expectation <S^2>:         0.752
 Total spin quantum number S:            0.501
 TOTAL ENERGY:                       -6562.466540653

 --------------------------------------------------------------------------------

 End time:                               Fri Oct 22 17:54:53 2021
 Total wall-clock time:                  3.347 seconds
==================================================================================
