
================================================================================
          _____________ ________ _______________ ________     _________         
         / ___________// ______ \\_____   _____// ______ \   / ________)        
        / /_________  / /      \ \     | |     / /      \ \ | (_______          
       |  __________|| |        | |    | |    | |        | | \________ \        
        \ \_________ | |        | |    | |     \ \______/ /___________) |       
         \__________||_|        |_|    |_|      \________//____________/        
                                                                                
====================================[ Qcore ]===================================

 Git describe: 2.3.0
 Compiler:     GNU 9.1.0
 Build type:   Release
 Version:      2.3.0

 Start time:   Fri Oct 22 17:54:56 2021

 Data directory: /work/zw18965/.local/qcore/share/entos/qcore/data
 Number of threads: 24
 Number of threads was determined by: command line argument
  - More threads can be used by running 'qcore -n 32'

 --------------------------------------------------------------------------------
                                   command: dft                                  
 --------------------------------------------------------------------------------
 AO basis set:                           def2-tzvppd
 Number of AO basis functions:         268

 Formula:                                Cu4(2+)
 Nuclear charge:                       116.000000000
 Total charge:                           2.000000000
 Number of electrons:                  114.000000000

 Number of alpha electrons:             57
 Number of beta electrons:              57
 Number of unpaired electrons:           0
 Spin:                                   0
 Multiplicity:                           singlet

 Theory:                                 dft
 Exchange-correlation functional:        blyp
 Method for Coulomb:                     incore_df
 Integral threshold:                     1.00e-12
 DF basis set:                           def2-universal-jkfit
 Number of DF basis functions:        1056
 Schwarz screening threshold:            1.00e-10
 Coulomb fitting method:                 Cholesky
 Total number of grid points:        31744
 Method for AO orthogonalization:        symmetric
 Threshold for linear dependence:        1.00e-08
 D3BJ dispersion energy:                -0.015617284

 -------------------------------------
  Running restricted closed-shell SCF 
 -------------------------------------
 Max number of iterations:             128
 Conv. threshold (gradient):             1.00e-05
 Conv. threshold (energy):               1.00e-06
 Interpolation scheme:                   adiis+cdiis
 Initial guess:                          SAD

 ---------------------------------------------------------------
                  energy        change          grad        time
 ---------------------------------------------------------------
   0     -6562.983217574                    1.02e+01        0.05
   1     -6561.699945740      1.28e+00      1.20e+00        0.06
   2     -6560.375954791      1.32e+00      2.30e+00        0.06
   3     -6561.738386417     -1.36e+00      9.13e-01        0.06
   4     -6561.903026897     -1.65e-01      1.41e-01        0.06
   5     -6561.873440771      2.96e-02      4.26e-01        0.07
   6     -6561.902264295     -2.88e-02      1.49e-01        0.06
   7     -6561.905987968     -3.72e-03      6.00e-03        0.06
   8     -6561.905943707      4.43e-05      1.91e-02        0.07
   9     -6561.905996892     -5.32e-05      1.34e-03        0.07
  10     -6561.905996985     -9.25e-08      1.62e-04        0.06
  11     -6561.905996986     -1.03e-09      2.85e-05        0.06
  12     -6561.905996986     -4.18e-11      1.98e-05        0.06
  13     -6561.905996986     -3.18e-11      5.97e-06        0.06

 SCF converged in 13 iterations.

 Dipole moment (in Debye):              -0.000004      -0.000155      -0.000084

 Quadrupole moment (in Debye-Angstrom):
                  1            2            3
 1       -29.923900    -0.000020    -0.000003
 2        -0.000020   -29.924339    -0.000030
 3        -0.000003    -0.000030   -29.923875

 Spin-squared expectation <S^2>:         0.000
 Total spin quantum number S:            0.000
 TOTAL ENERGY:                       -6561.905996986

 --------------------------------------------------------------------------------

 End time:                               Fri Oct 22 17:54:58 2021
 Total wall-clock time:                  1.962 seconds
==================================================================================
