
================================================================================
          _____________ ________ _______________ ________     _________         
         / ___________// ______ \\_____   _____// ______ \   / ________)        
        / /_________  / /      \ \     | |     / /      \ \ | (_______          
       |  __________|| |        | |    | |    | |        | | \________ \        
        \ \_________ | |        | |    | |     \ \______/ /___________) |       
         \__________||_|        |_|    |_|      \________//____________/        
                                                                                
====================================[ Qcore ]===================================

 Git describe: 2.3.0
 Compiler:     GNU 9.1.0
 Build type:   Release
 Version:      2.3.0

 Start time:   Fri Oct 22 17:54:53 2021

 Data directory: /work/zw18965/.local/qcore/share/entos/qcore/data
 Number of threads: 24
 Number of threads was determined by: command line argument
  - More threads can be used by running 'qcore -n 32'

 --------------------------------------------------------------------------------
                                   command: dft                                  
 --------------------------------------------------------------------------------
 AO basis set:                           def2-tzvppd
 Number of AO basis functions:         285

 Formula:                                HCu4(2+)
 Nuclear charge:                       117.000000000
 Total charge:                           2.000000000
 Number of electrons:                  115.000000000

 Number of alpha electrons:             58
 Number of beta electrons:              57
 Number of unpaired electrons:           1
 Spin:                                   1
 Multiplicity:                           doublet

 Theory:                                 dft
 Exchange-correlation functional:        blyp
 Method for Coulomb:                     incore_df
 Integral threshold:                     1.00e-12
 DF basis set:                           def2-universal-jkfit
 Number of DF basis functions:        1074
 Schwarz screening threshold:            1.00e-10
 Coulomb fitting method:                 Cholesky
 Total number of grid points:        37634
 Method for AO orthogonalization:        symmetric
 Threshold for linear dependence:        1.00e-08
 D3BJ dispersion energy:                -0.018355863

 -------------------------------------
  Running unrestricted open-shell SCF 
 -------------------------------------
 Max number of iterations:             128
 Conv. threshold (gradient):             1.00e-05
 Conv. threshold (energy):               1.00e-06
 Interpolation scheme:                   adiis+cdiis
 Initial guess:                          SAD

 ---------------------------------------------------------------
                  energy        change          grad        time
 ---------------------------------------------------------------
   0     -6563.636554559                    6.26e+00        0.08
   1     -6562.112869331      1.52e+00      9.72e-01        0.09
   2     -6560.071050650      2.04e+00      1.68e+00        0.09
   3     -6562.203200105     -2.13e+00      7.71e-01        0.10
   4     -6562.431123798     -2.28e-01      3.77e-01        0.10
   5     -6554.815747931      7.62e+00      9.50e+00        0.11
   6     -6560.964241906     -6.15e+00      5.24e+00        0.10
   7     -6562.361950369     -1.40e+00      9.05e-01        0.12
   8     -6562.456130463     -9.42e-02      1.82e-01        0.11
   9     -6562.456107937      2.25e-05      1.98e-01        0.12
  10     -6562.458513519     -2.41e-03      7.66e-02        0.12
  11     -6562.460439387     -1.93e-03      1.81e-02        0.13
  12     -6562.460577305     -1.38e-04      2.88e-03        0.12
  13     -6562.460577391     -8.54e-08      2.28e-03        0.10
  14     -6562.460578253     -8.62e-07      2.00e-04        0.10
  15     -6562.460578259     -6.57e-09      6.69e-05        0.10
  16     -6562.460578260     -6.82e-10      3.15e-05        0.12
  17     -6562.460578260     -7.00e-11      3.09e-05        0.10
  18     -6562.460578260     -1.39e-10      8.35e-06        0.10

 SCF converged in 18 iterations.

 Dipole moment (in Debye):              -0.000004       0.000208      -0.384338

 Quadrupole moment (in Debye-Angstrom):
                  1            2            3
 1       -30.792818    -0.000008     0.000001
 2        -0.000008   -30.792373    -0.000316
 3         0.000001    -0.000316   -32.633006

 Spin-squared expectation <S^2>:         0.752
 Total spin quantum number S:            0.501
 TOTAL ENERGY:                       -6562.460578260

 --------------------------------------------------------------------------------

 End time:                               Fri Oct 22 17:54:56 2021
 Total wall-clock time:                  3.236 seconds
==================================================================================
