
================================================================================
          _____________ ________ _______________ ________     _________         
         / ___________// ______ \\_____   _____// ______ \   / ________)        
        / /_________  / /      \ \     | |     / /      \ \ | (_______          
       |  __________|| |        | |    | |    | |        | | \________ \        
        \ \_________ | |        | |    | |     \ \______/ /___________) |       
         \__________||_|        |_|    |_|      \________//____________/        
                                                                                
====================================[ Qcore ]===================================

 Git describe: 2.3.0
 Compiler:     GNU 9.1.0
 Build type:   Release
 Version:      2.3.0

 Start time:   Fri Oct 22 17:55:09 2021

 Data directory: /work/zw18965/.local/qcore/share/entos/qcore/data
 Number of threads: 24
 Number of threads was determined by: command line argument
  - More threads can be used by running 'qcore -n 32'

 --------------------------------------------------------------------------------
                                   command: dft                                  
 --------------------------------------------------------------------------------
 AO basis set:                           def2-tzvppd
 Number of AO basis functions:          88

 Formula:                                H3N
 Nuclear charge:                        10.000000000
 Total charge:                           0.000000000
 Number of electrons:                   10.000000000

 Number of alpha electrons:              5
 Number of beta electrons:               5
 Number of unpaired electrons:           0
 Spin:                                   0
 Multiplicity:                           singlet

 Theory:                                 dft
 Exchange-correlation functional:        blyp
 Method for Coulomb:                     incore_df
 Integral threshold:                     1.00e-12
 DF basis set:                           def2-universal-jkfit
 Number of DF basis functions:         131
 Schwarz screening threshold:            1.00e-10
 Coulomb fitting method:                 Cholesky
 Total number of grid points:        24470
 Method for AO orthogonalization:        symmetric
 Threshold for linear dependence:        1.00e-08
 D3BJ dispersion energy:                -0.001528239

 -------------------------------------
  Running restricted closed-shell SCF 
 -------------------------------------
 Max number of iterations:             128
 Conv. threshold (gradient):             1.00e-05
 Conv. threshold (energy):               1.00e-06
 Interpolation scheme:                   adiis+cdiis
 Initial guess:                          SAD

 ---------------------------------------------------------------
                  energy        change          grad        time
 ---------------------------------------------------------------
   0       -56.512765561                    7.04e+00        0.02
   1       -56.450121295      6.26e-02      1.69e+00        0.01
   2       -56.026692604      4.23e-01      2.93e+00        0.01
   3       -56.529819387     -5.03e-01      9.35e-01        0.01
   4       -56.558380256     -2.86e-02      4.12e-01        0.01
   5       -56.562003406     -3.62e-03      2.69e-01        0.01
   6       -56.564638954     -2.64e-03      6.96e-02        0.01
   7       -56.564437915      2.01e-04      1.00e-01        0.01
   8       -56.564824815     -3.87e-04      1.73e-05        0.01
   9       -56.564824815     -9.94e-12      1.29e-06        0.01

 SCF converged in 9 iterations.

 Dipole moment (in Debye):               0.000151      -1.564866      -0.000000

 Quadrupole moment (in Debye-Angstrom):
                  1            2            3
 1        -6.610579     0.000642     0.000000
 2         0.000642    -9.422766    -0.000000
 3         0.000000    -0.000000    -6.609746

 Spin-squared expectation <S^2>:         0.000
 Total spin quantum number S:            0.000
 TOTAL ENERGY:                         -56.564824815

 --------------------------------------------------------------------------------

 End time:                               Fri Oct 22 17:55:09 2021
 Total wall-clock time:                  0.391 seconds
==================================================================================
