
================================================================================
          _____________ ________ _______________ ________     _________         
         / ___________// ______ \\_____   _____// ______ \   / ________)        
        / /_________  / /      \ \     | |     / /      \ \ | (_______          
       |  __________|| |        | |    | |    | |        | | \________ \        
        \ \_________ | |        | |    | |     \ \______/ /___________) |       
         \__________||_|        |_|    |_|      \________//____________/        
                                                                                
====================================[ Qcore ]===================================

 Git describe: 2.3.0
 Compiler:     GNU 9.1.0
 Build type:   Release
 Version:      2.3.0

 Start time:   Fri Oct 22 17:19:36 2021

 Data directory: /work/zw18965/.local/qcore/share/entos/qcore/data
 Number of threads: 24
 Number of threads was determined by: command line argument
  - More threads can be used by running 'qcore -n 32'

 --------------------------------------------------------------------------------
                                command: optimize                                
 --------------------------------------------------------------------------------
 Using coordinate system:                tric

 -----------------------------
  Initial coordinates summary 
 -----------------------------
 Total coordinates:                      7
 Bond distances:                         1
 Bond angles:                            0
 Dihedral angles:                        0
 Linear bond angles:                     0
 Out-of-plane bends:                     0
 Translations:                           6
 Rotations:                              0
 Hessian update scheme:                  bfgs
 Initial hessian:                        model

 ------------------------------------------------------------------------------------------------------------
                   energy      change    grad rms    grad max    step rms    step max       trust    time (s)
 ------------------------------------------------------------------------------------------------------------
   1      -246.835975455                5.13e-03    8.89e-03                            2.00e-01        0.89
   2      -246.836191000   -2.16e-04    2.05e-03    3.55e-03    1.74e-02    3.48e-02    2.00e-01        0.51
   3      -246.836234528   -4.35e-05    1.35e-04    2.33e-04    1.16e-02    2.32e-02    2.00e-01        0.53
   4      -246.836234723   -1.96e-07    4.19e-06    7.26e-06    8.14e-04    1.63e-03    2.00e-01        0.53
   5      -246.836234724   -2.00e-10    3.88e-08    4.56e-08    2.62e-05    5.23e-05    2.00e-01        0.49
 Geometry optimization stopped:          thresholds achieved

 Final energy:                        -246.836234724

 ---------------------------
  Final coordinates summary 
 ---------------------------
 Total coordinates:                      7
 Bond distances:                         1
 Bond angles:                            0
 Dihedral angles:                        0
 Linear bond angles:                     0
 Out-of-plane bends:                     0
 Translations:                           6
 Rotations:                              0

 -----------
  Final XYZ 
 -----------
2
Final structure: -246.836 hartree
Ag          -0.000002192         -0.000001706          0.333509285
F            0.000002192          0.000001706         -1.674960285

 Structure in entos input format:

  structure(
    xyz = [
      ['Ag' ,         -0.000002192,         -0.000001706,          0.333509285],
      ['F'  ,          0.000002192,          0.000001706,         -1.674960285]
    ]
  )

 --------------------------------
  Geometry optimization finished 
 --------------------------------
 Saving results in set 'opt'

 --------------------------------------------------------------------------------
                                 command: hessian                                
 --------------------------------------------------------------------------------

WARNING: semianalytic method is specified for dft hessian, which is not efficient. Try switching to 'method = analytic'


 -------------------------------
  Numerical Geometrical Hessian 
 -------------------------------

 Compute hessian using two-point central differentiation.
 Step size (bohr):                       0.0100

 Frequencies (including translational and rotational modes):
 mode    frequency (cm-1)
    0                0.02 i (imaginary)
    1                0.00 i (imaginary)
    2                0.00 i (imaginary)
    3               66.35
    4               66.36
    5              475.71

 Project out translational and rotational motions 

 The molecule is linear

 Degrees of freedom for translational and rotational motions: 5

 Vibrational frequencies:
 mode    frequency (cm-1)
    0              475.71

 --------------------------------------------------------------------------------

 End time:                               Fri Oct 22 17:19:46 2021
 Total wall-clock time:                 10.033 seconds
==================================================================================
