
================================================================================
          _____________ ________ _______________ ________     _________         
         / ___________// ______ \\_____   _____// ______ \   / ________)        
        / /_________  / /      \ \     | |     / /      \ \ | (_______          
       |  __________|| |        | |    | |    | |        | | \________ \        
        \ \_________ | |        | |    | |     \ \______/ /___________) |       
         \__________||_|        |_|    |_|      \________//____________/        
                                                                                
====================================[ Qcore ]===================================

 Git describe: 2.3.0
 Compiler:     GNU 9.1.0
 Build type:   Release
 Version:      2.3.0

 Start time:   Fri Oct 22 17:19:46 2021

 Data directory: /work/zw18965/.local/qcore/share/entos/qcore/data
 Number of threads: 24
 Number of threads was determined by: command line argument

 --------------------------------------------------------------------------------
                                command: optimize                                
 --------------------------------------------------------------------------------
 Using coordinate system:                tric

 -----------------------------
  Initial coordinates summary 
 -----------------------------
 Total coordinates:                      7
 Bond distances:                         1
 Bond angles:                            0
 Dihedral angles:                        0
 Linear bond angles:                     0
 Out-of-plane bends:                     0
 Translations:                           6
 Rotations:                              0
 Hessian update scheme:                  bfgs
 Initial hessian:                        model

 ------------------------------------------------------------------------------------------------------------
                   energy      change    grad rms    grad max    step rms    step max       trust    time (s)
 ------------------------------------------------------------------------------------------------------------
   1      -147.533351959                3.97e-04    6.88e-04                            2.00e-01        0.71
   2      -147.533353774   -1.81e-06    1.22e-04    2.12e-04    2.02e-03    4.04e-03    2.00e-01        0.40
   3      -147.533353949   -1.76e-07    8.64e-07    1.49e-06    8.98e-04    1.80e-03    2.00e-01        0.39
   4      -147.533353949   -1.59e-11    8.22e-08    1.13e-07    6.37e-06    1.27e-05    2.00e-01        0.37
 Geometry optimization stopped:          thresholds achieved

 Final energy:                        -147.533353949

 ---------------------------
  Final coordinates summary 
 ---------------------------
 Total coordinates:                      7
 Bond distances:                         1
 Bond angles:                            0
 Dihedral angles:                        0
 Linear bond angles:                     0
 Out-of-plane bends:                     0
 Translations:                           6
 Rotations:                              0

 -----------
  Final XYZ 
 -----------
2
Final structure: -147.533 hartree
Ag          -0.000001050         -0.000000995          0.035093076
H            0.000001050          0.000000995         -1.578252076

 Structure in entos input format:

  structure(
    xyz = [
      ['Ag' ,         -0.000001050,         -0.000000995,          0.035093076],
      ['H'  ,          0.000001050,          0.000000995,         -1.578252076]
    ]
  )

 --------------------------------
  Geometry optimization finished 
 --------------------------------
 Saving results in set 'opt'

 --------------------------------------------------------------------------------
                                 command: hessian                                
 --------------------------------------------------------------------------------

WARNING: semianalytic method is specified for dft hessian, which is not efficient. Try switching to 'method = analytic'


 -------------------------------
  Numerical Geometrical Hessian 
 -------------------------------

 Compute hessian using two-point central differentiation.
 Step size (bohr):                       0.0100

 Frequencies (including translational and rotational modes):
 mode    frequency (cm-1)
    0               48.84 i (imaginary)
    1               47.22 i (imaginary)
    2                0.00 i (imaginary)
    3                0.05
    4                0.17
    5             1759.23

 Project out translational and rotational motions 

 The molecule is linear

 Degrees of freedom for translational and rotational motions: 5

 Vibrational frequencies:
 mode    frequency (cm-1)
    0             1759.23

 --------------------------------------------------------------------------------

 End time:                               Fri Oct 22 17:19:54 2021
 Total wall-clock time:                  7.169 seconds
==================================================================================
