
================================================================================
          _____________ ________ _______________ ________     _________         
         / ___________// ______ \\_____   _____// ______ \   / ________)        
        / /_________  / /      \ \     | |     / /      \ \ | (_______          
       |  __________|| |        | |    | |    | |        | | \________ \        
        \ \_________ | |        | |    | |     \ \______/ /___________) |       
         \__________||_|        |_|    |_|      \________//____________/        
                                                                                
====================================[ Qcore ]===================================

 Git describe: 2.3.0
 Compiler:     GNU 9.1.0
 Build type:   Release
 Version:      2.3.0

 Start time:   Fri Oct 22 17:19:47 2021

 Data directory: /work/zw18965/.local/qcore/share/entos/qcore/data
 Number of threads: 24
 Number of threads was determined by: command line argument
  - More threads can be used by running 'qcore -n 32'

 --------------------------------------------------------------------------------
                                command: optimize                                
 --------------------------------------------------------------------------------
 Using coordinate system:                tric

 -----------------------------
  Initial coordinates summary 
 -----------------------------
 Total coordinates:                      7
 Bond distances:                         1
 Bond angles:                            0
 Dihedral angles:                        0
 Linear bond angles:                     0
 Out-of-plane bends:                     0
 Translations:                           6
 Rotations:                              0
 Hessian update scheme:                  bfgs
 Initial hessian:                        model

 ------------------------------------------------------------------------------------------------------------
                   energy      change    grad rms    grad max    step rms    step max       trust    time (s)
 ------------------------------------------------------------------------------------------------------------
   1      -293.952145606                5.72e-03    9.91e-03                            2.00e-01        0.87
   2      -293.952685555   -5.40e-04    2.24e-03    3.89e-03    3.97e-02    7.93e-02    2.00e-01        0.66
   3      -293.952797132   -1.12e-04    3.11e-04    5.39e-04    2.56e-02    5.12e-02    2.00e-01        0.64
   4      -293.952799529   -2.40e-06    2.00e-05    3.47e-05    4.12e-03    8.24e-03    2.00e-01        0.64
Rejecting step due to low quality: Quality: -1.08834 New trust radius: 0.000141583
   5      -293.952799518    1.07e-08    2.00e-05    3.47e-05    2.83e-04    5.66e-04    1.42e-04        0.58
 Geometry optimization stopped:          thresholds achieved

 Final energy:                        -293.952799518

 ---------------------------
  Final coordinates summary 
 ---------------------------
 Total coordinates:                      7
 Bond distances:                         1
 Bond angles:                            0
 Dihedral angles:                        0
 Linear bond angles:                     0
 Out-of-plane bends:                     0
 Translations:                           6
 Rotations:                              0

 -----------
  Final XYZ 
 -----------
2
Final structure: -293.953 hartree
Ag           0.000003230          0.000000229          1.298520919
Ag          -0.000003230         -0.000000229         -1.298520919

 Structure in entos input format:

  structure(
    xyz = [
      ['Ag' ,          0.000003230,          0.000000229,          1.298520919],
      ['Ag' ,         -0.000003230,         -0.000000229,         -1.298520919]
    ]
  )

 --------------------------------
  Geometry optimization finished 
 --------------------------------
 Saving results in set 'opt'

 --------------------------------------------------------------------------------
                                 command: hessian                                
 --------------------------------------------------------------------------------

WARNING: semianalytic method is specified for dft hessian, which is not efficient. Try switching to 'method = analytic'


 -------------------------------
  Numerical Geometrical Hessian 
 -------------------------------

 Compute hessian using two-point central differentiation.
 Step size (bohr):                       0.0100

 Frequencies (including translational and rotational modes):
 mode    frequency (cm-1)
    0               17.85 i (imaginary)
    1               17.85 i (imaginary)
    2                0.00 i (imaginary)
    3                0.08
    4                0.08
    5              172.38

 Project out translational and rotational motions 

 The molecule is linear

 Degrees of freedom for translational and rotational motions: 5

 Vibrational frequencies:
 mode    frequency (cm-1)
    0              172.38

 --------------------------------------------------------------------------------

 End time:                               Fri Oct 22 17:19:59 2021
 Total wall-clock time:                 11.517 seconds
==================================================================================
