
================================================================================
          _____________ ________ _______________ ________     _________         
         / ___________// ______ \\_____   _____// ______ \   / ________)        
        / /_________  / /      \ \     | |     / /      \ \ | (_______          
       |  __________|| |        | |    | |    | |        | | \________ \        
        \ \_________ | |        | |    | |     \ \______/ /___________) |       
         \__________||_|        |_|    |_|      \________//____________/        
                                                                                
====================================[ Qcore ]===================================

 Git describe: 2.3.0
 Compiler:     GNU 9.1.0
 Build type:   Release
 Version:      2.3.0

 Start time:   Fri Oct 22 17:19:49 2021

 Data directory: /work/zw18965/.local/qcore/share/entos/qcore/data
 Number of threads: 24
 Number of threads was determined by: command line argument
  - More threads can be used by running 'qcore -n 32'

 --------------------------------------------------------------------------------
                                command: optimize                                
 --------------------------------------------------------------------------------
 Using coordinate system:                tric

 -----------------------------
  Initial coordinates summary 
 -----------------------------
 Total coordinates:                     12
 Bond distances:                         3
 Bond angles:                            3
 Dihedral angles:                        0
 Linear bond angles:                     0
 Out-of-plane bends:                     0
 Translations:                           3
 Rotations:                              3
 Hessian update scheme:                  bfgs
 Initial hessian:                        model

 ------------------------------------------------------------------------------------------------------------
                   energy      change    grad rms    grad max    step rms    step max       trust    time (s)
 ------------------------------------------------------------------------------------------------------------
   1      -440.708056427                6.16e-03    1.07e-02                            2.00e-01        1.63
   2      -440.708916520   -8.60e-04    3.18e-03    5.55e-03    3.56e-02    6.18e-02    2.00e-01        1.35
   3      -440.709272170   -3.56e-04    4.52e-04    8.04e-04    3.81e-02    6.63e-02    2.00e-01        1.31
   4      -440.709280808   -8.64e-06    4.13e-05    8.42e-05    6.29e-03    1.11e-02    2.00e-01        1.30
Rejecting step due to low quality: Quality: -1.838 New trust radius: 0.000314914
   5      -440.709280684    1.24e-07    4.13e-05    8.42e-05    6.30e-04    1.16e-03    3.15e-04        1.23
 Geometry optimization stopped:          thresholds achieved

 Final energy:                        -440.709280684

 ---------------------------
  Final coordinates summary 
 ---------------------------
 Total coordinates:                     12
 Bond distances:                         3
 Bond angles:                            3
 Dihedral angles:                        0
 Linear bond angles:                     0
 Out-of-plane bends:                     0
 Translations:                           3
 Rotations:                              3

 -----------
  Final XYZ 
 -----------
3
Final structure: -440.709 hartree
Ag           0.000015588          1.572624190         -0.000004653
Ag           1.361140747         -0.786321028          0.000001051
Ag          -1.361156336         -0.786302162          0.000003602

 Structure in entos input format:

  structure(
    xyz = [
      ['Ag' ,          0.000015588,          1.572624190,         -0.000004653],
      ['Ag' ,          1.361140747,         -0.786321028,          0.000001051],
      ['Ag' ,         -1.361156336,         -0.786302162,          0.000003602]
    ]
  )

 --------------------------------
  Geometry optimization finished 
 --------------------------------
 Saving results in set 'opt'

 --------------------------------------------------------------------------------
                                 command: hessian                                
 --------------------------------------------------------------------------------

WARNING: semianalytic method is specified for dft hessian, which is not efficient. Try switching to 'method = analytic'


 -------------------------------
  Numerical Geometrical Hessian 
 -------------------------------

 Compute hessian using two-point central differentiation.
 Step size (bohr):                       0.0100

 Frequencies (including translational and rotational modes):
 mode    frequency (cm-1)
    0                7.36 i (imaginary)
    1                6.21 i (imaginary)
    2                3.22 i (imaginary)
    3                0.01 i (imaginary)
    4                0.35
    5                0.48
    6              110.51
    7              110.93
    8              165.37

 Project out translational and rotational motions 

 Degrees of freedom for translational and rotational motions: 6

 Vibrational frequencies:
 mode    frequency (cm-1)
    0              110.51
    1              110.93
    2              165.37

 --------------------------------------------------------------------------------

 End time:                               Fri Oct 22 17:20:20 2021
 Total wall-clock time:                 30.510 seconds
==================================================================================
