
================================================================================
          _____________ ________ _______________ ________     _________         
         / ___________// ______ \\_____   _____// ______ \   / ________)        
        / /_________  / /      \ \     | |     / /      \ \ | (_______          
       |  __________|| |        | |    | |    | |        | | \________ \        
        \ \_________ | |        | |    | |     \ \______/ /___________) |       
         \__________||_|        |_|    |_|      \________//____________/        
                                                                                
====================================[ Qcore ]===================================

 Git describe: 2.3.0
 Compiler:     GNU 9.1.0
 Build type:   Release
 Version:      2.3.0

 Start time:   Fri Oct 22 17:19:54 2021

 Data directory: /work/zw18965/.local/qcore/share/entos/qcore/data
 Number of threads: 24
 Number of threads was determined by: command line argument
  - More threads can be used by running 'qcore -n 32'

 --------------------------------------------------------------------------------
                                command: optimize                                
 --------------------------------------------------------------------------------
 Using coordinate system:                tric

 -----------------------------
  Initial coordinates summary 
 -----------------------------
 Total coordinates:                     13
 Bond distances:                         2
 Bond angles:                            0
 Dihedral angles:                        0
 Linear bond angles:                     2
 Out-of-plane bends:                     0
 Translations:                           9
 Rotations:                              0
 Hessian update scheme:                  bfgs
 Initial hessian:                        model

 ------------------------------------------------------------------------------------------------------------
                   energy      change    grad rms    grad max    step rms    step max       trust    time (s)
 ------------------------------------------------------------------------------------------------------------
   1      -440.665738582                2.93e-03    6.22e-03                            2.00e-01        1.50
   2      -440.666172270   -4.34e-04    2.00e-03    4.24e-03    3.39e-02    4.15e-02    2.00e-01        1.16
   3      -440.666597245   -4.25e-04    2.94e-04    6.25e-04    7.27e-02    8.90e-02    2.00e-01        1.12
   4      -440.666609340   -1.21e-05    3.69e-05    7.83e-05    1.25e-02    1.54e-02    2.00e-01        1.11
   5      -440.666609631   -2.90e-07    9.52e-07    2.15e-06    1.80e-03    2.20e-03    2.00e-01        1.06
   6      -440.666609640   -9.33e-09    1.72e-07    3.98e-07    4.68e-05    5.87e-05    2.00e-01        1.03
 Geometry optimization stopped:          thresholds achieved

 Final energy:                        -440.666609640

 ---------------------------
  Final coordinates summary 
 ---------------------------
 Total coordinates:                     13
 Bond distances:                         2
 Bond angles:                            0
 Dihedral angles:                        0
 Linear bond angles:                     2
 Out-of-plane bends:                     0
 Translations:                           9
 Rotations:                              0

 -----------
  Final XYZ 
 -----------
3
Final structure: -440.667 hartree
Ag           0.000006758         -0.000002726         -0.000000629
Ag          -0.000006464          0.000002761          2.707681125
Ag          -0.000000295         -0.000000035         -2.707680496

 Structure in entos input format:

  structure(
    xyz = [
      ['Ag' ,          0.000006758,         -0.000002726,         -0.000000629],
      ['Ag' ,         -0.000006464,          0.000002761,          2.707681125],
      ['Ag' ,         -0.000000295,         -0.000000035,         -2.707680496]
    ]
  )

 --------------------------------
  Geometry optimization finished 
 --------------------------------
 Saving results in set 'opt'

 --------------------------------------------------------------------------------
                                 command: hessian                                
 --------------------------------------------------------------------------------

WARNING: semianalytic method is specified for dft hessian, which is not efficient. Try switching to 'method = analytic'


 -------------------------------
  Numerical Geometrical Hessian 
 -------------------------------

 Compute hessian using two-point central differentiation.
 Step size (bohr):                       0.0100

 Frequencies (including translational and rotational modes):
 mode    frequency (cm-1)
    0               41.67 i (imaginary)
    1               41.60 i (imaginary)
    2                4.55 i (imaginary)
    3                4.55 i (imaginary)
    4                0.00
    5                0.10
    6                0.14
    7               92.11
    8              155.02

 Project out translational and rotational motions 

 Degrees of freedom for translational and rotational motions: 6

 Vibrational frequencies:
 mode    frequency (cm-1)
    0               41.61 i (imaginary)
    1               92.11
    2              155.02

 --------------------------------------------------------------------------------

 End time:                               Fri Oct 22 17:20:21 2021
 Total wall-clock time:                 27.636 seconds
==================================================================================
