
================================================================================
          _____________ ________ _______________ ________     _________         
         / ___________// ______ \\_____   _____// ______ \   / ________)        
        / /_________  / /      \ \     | |     / /      \ \ | (_______          
       |  __________|| |        | |    | |    | |        | | \________ \        
        \ \_________ | |        | |    | |     \ \______/ /___________) |       
         \__________||_|        |_|    |_|      \________//____________/        
                                                                                
====================================[ Qcore ]===================================

 Git describe: 2.3.0
 Compiler:     GNU 9.1.0
 Build type:   Release
 Version:      2.3.0

 Start time:   Fri Oct 22 17:19:57 2021

 Data directory: /work/zw18965/.local/qcore/share/entos/qcore/data
 Number of threads: 24
 Number of threads was determined by: command line argument

 --------------------------------------------------------------------------------
                                command: optimize                                
 --------------------------------------------------------------------------------
 Using coordinate system:                tric

 -----------------------------
  Initial coordinates summary 
 -----------------------------
 Total coordinates:                     13
 Bond distances:                         2
 Bond angles:                            0
 Dihedral angles:                        0
 Linear bond angles:                     2
 Out-of-plane bends:                     0
 Translations:                           9
 Rotations:                              0
 Hessian update scheme:                  bfgs
 Initial hessian:                        model

 ------------------------------------------------------------------------------------------------------------
                   energy      change    grad rms    grad max    step rms    step max       trust    time (s)
 ------------------------------------------------------------------------------------------------------------
   1      -440.926941934                3.35e-03    7.10e-03                            2.00e-01        1.60
   2      -440.927480083   -5.38e-04    2.04e-03    4.32e-03    3.87e-02    4.73e-02    2.00e-01        1.25
   3      -440.927832563   -3.52e-04    2.58e-04    5.47e-04    6.01e-02    7.35e-02    2.00e-01        1.27
   4      -440.927839440   -6.88e-06    2.50e-05    5.32e-05    8.71e-03    1.07e-02    2.00e-01        1.21
   5      -440.927839580   -1.40e-07    3.49e-07    7.68e-07    9.33e-04    1.14e-03    2.00e-01        1.19
 Geometry optimization stopped:          thresholds achieved

 Final energy:                        -440.927839580

 ---------------------------
  Final coordinates summary 
 ---------------------------
 Total coordinates:                     13
 Bond distances:                         2
 Bond angles:                            0
 Dihedral angles:                        0
 Linear bond angles:                     2
 Out-of-plane bends:                     0
 Translations:                           9
 Rotations:                              0

 -----------
  Final XYZ 
 -----------
3
Final structure: -440.928 hartree
Ag           0.000010409         -0.000007182          0.000000462
Ag          -0.000005016          0.000005742          2.662747808
Ag          -0.000005393          0.000001441         -2.662748270

 Structure in entos input format:

  structure(
    xyz = [
      ['Ag' ,          0.000010409,         -0.000007182,          0.000000462],
      ['Ag' ,         -0.000005016,          0.000005742,          2.662747808],
      ['Ag' ,         -0.000005393,          0.000001441,         -2.662748270]
    ]
  )

 --------------------------------
  Geometry optimization finished 
 --------------------------------
 Saving results in set 'opt'

 --------------------------------------------------------------------------------
                                 command: hessian                                
 --------------------------------------------------------------------------------

WARNING: semianalytic method is specified for dft hessian, which is not efficient. Try switching to 'method = analytic'


 -------------------------------
  Numerical Geometrical Hessian 
 -------------------------------

 Compute hessian using two-point central differentiation.
 Step size (bohr):                       0.0100

 Frequencies (including translational and rotational modes):
 mode    frequency (cm-1)
    0               19.86 i (imaginary)
    1               19.83 i (imaginary)
    2                8.02 i (imaginary)
    3                8.00 i (imaginary)
    4                0.01 i (imaginary)
    5                0.02
    6                0.02
    7              105.78
    8              172.20

 Project out translational and rotational motions 

 Degrees of freedom for translational and rotational motions: 6

 Vibrational frequencies:
 mode    frequency (cm-1)
    0               19.84 i (imaginary)
    1              105.78
    2              172.20

 --------------------------------------------------------------------------------

 End time:                               Fri Oct 22 17:20:26 2021
 Total wall-clock time:                 29.653 seconds
==================================================================================
