
================================================================================
          _____________ ________ _______________ ________     _________         
         / ___________// ______ \\_____   _____// ______ \   / ________)        
        / /_________  / /      \ \     | |     / /      \ \ | (_______          
       |  __________|| |        | |    | |    | |        | | \________ \        
        \ \_________ | |        | |    | |     \ \______/ /___________) |       
         \__________||_|        |_|    |_|      \________//____________/        
                                                                                
====================================[ Qcore ]===================================

 Git describe: 2.3.0-1-g21d9df7e5
 Compiler:     GNU 9.1.0
 Build type:   Release
 Version:      2.3.0-1-g21d9df7e5

 Start time:   Mon Oct 25 13:53:32 2021

 Data directory: /work/zw18965/.local/qcore/share/entos/qcore/data
 Number of threads: 24
 Number of threads was determined by: command line argument

 --------------------------------------------------------------------------------
                                   command: dft                                  
 --------------------------------------------------------------------------------
 AO basis set:                           def2-tzvppd
 Number of AO basis functions:         168
 ECP on atom 1 (Ag):                     28 electrons
 ECP on atom 2 (Ag):                     28 electrons
 ECP on atom 3 (Ag):                     28 electrons

 Formula:                                Ag3
 Nuclear charge:                       141.000000000
 Total charge:                           0.000000000
 Number of core electrons:              84
 Number of treated electrons:           57

 Number of alpha electrons:             29
 Number of beta electrons:              28
 Number of unpaired electrons:           1
 Spin:                                   1
 Multiplicity:                           doublet

 Theory:                                 dft
 Exchange-correlation functional:        b3lyp
 Method for Coulomb:                     incore_df
 Method for exact exchange:              pre_transformed_df
 Integral threshold:                     1.00e-12
 DF basis set:                           def2-universal-jkfit
 Number of DF basis functions:         765
 Schwarz screening threshold:            1.00e-10
 Coulomb fitting method:                 Cholesky
 Total number of grid points:        25494
 Method for AO orthogonalization:        symmetric
 Threshold for linear dependence:        1.00e-08
 D3BJ dispersion energy:                -0.009569576

 -------------------------------------
  Running unrestricted open-shell SCF 
 -------------------------------------
 Max number of iterations:             128
 Conv. threshold (gradient):             1.00e-05
 Conv. threshold (energy):               1.00e-06
 Interpolation scheme:                   adiis+cdiis
 Initial guess:                          SAD

 ---------------------------------------------------------------
                  energy        change          grad        time
 ---------------------------------------------------------------
   0      -441.115399764                    2.05e+00        0.09
   1      -440.948666728      1.67e-01      1.22e-01        0.07
   2      -440.944093746      4.57e-03      1.58e-01        0.06
   3      -440.957970708     -1.39e-02      1.73e-02        0.06
   4      -440.957782096      1.89e-04      2.99e-02        0.06
   5      -440.958154679     -3.73e-04      4.11e-03        0.06
   6      -440.958162142     -7.46e-06      9.94e-04        0.06
   7      -440.958162916     -7.74e-07      3.01e-04        0.08
   8      -440.958162960     -4.40e-08      1.37e-04        0.06
   9      -440.958162970     -1.06e-08      6.08e-05        0.07
  10      -440.958162972     -1.73e-09      2.74e-05        0.07
  11      -440.958162972     -4.47e-10      1.01e-05        0.07
  12      -440.958162973     -7.29e-11      2.84e-06        0.07

 SCF converged in 12 iterations.

 Dipole moment (in Debye):               0.009140      -1.116823       0.000002

 Quadrupole moment (in Debye-Angstrom):
                  1            2            3
 1       -52.497583    -0.047411     0.000001
 2        -0.047411   -64.806258     0.000001
 3         0.000001     0.000001   -60.508847

 Spin-squared expectation <S^2>:         0.754
 Total spin quantum number S:            0.502
 TOTAL ENERGY:                        -440.958162973
 Saving results in set 'guess'

 --------------------------------------------------------------------------------
                                   command: dft                                  
 --------------------------------------------------------------------------------
 AO basis set:                           def2-tzvppd
 Number of AO basis functions:         168
 ECP on atom 1 (Ag):                     28 electrons
 ECP on atom 2 (Ag):                     28 electrons
 ECP on atom 3 (Ag):                     28 electrons

 Formula:                                Ag3
 Nuclear charge:                       141.000000000
 Total charge:                           0.000000000
 Number of core electrons:              84
 Number of treated electrons:           57

 Number of alpha electrons:             29
 Number of beta electrons:              28
 Number of unpaired electrons:           1
 Spin:                                   1
 Multiplicity:                           doublet

 Theory:                                 dft
 Exchange-correlation functional:        blyp
 Method for Coulomb:                     incore_df
 Integral threshold:                     1.00e-12
 DF basis set:                           def2-universal-jkfit
 Number of DF basis functions:         765
 Schwarz screening threshold:            1.00e-10
 Coulomb fitting method:                 Cholesky
 Total number of grid points:        25494
 Method for AO orthogonalization:        symmetric
 Threshold for linear dependence:        1.00e-08
 D3BJ dispersion energy:                -0.010902023

 -------------------------------------
  Running unrestricted open-shell SCF 
 -------------------------------------
 Max number of iterations:             128
 Conv. threshold (gradient):             1.00e-05
 Conv. threshold (energy):               1.00e-06
 Interpolation scheme:                   adiis+cdiis
 Initializing maximum overlap method (MOM)

 ---------------------------------------------------------------
                  energy        change          grad        time
 ---------------------------------------------------------------
   0      -440.918969355                    5.98e-02        0.05
   1      -440.919460711     -4.91e-04      5.73e-02        0.04
   2      -440.910273870      9.19e-03      1.19e-01        0.03
   3      -440.922458143     -1.22e-02      1.12e-02        0.04
   4      -440.922530596     -7.25e-05      6.36e-03        0.04
   5      -440.922544529     -1.39e-05      1.32e-03        0.04
   6      -440.922545249     -7.20e-07      2.94e-04        0.04
   7      -440.922545242      6.67e-09      2.40e-04        0.05
   8      -440.922545248     -6.07e-09      2.32e-04        0.04
   9      -440.922545320     -7.24e-08      1.28e-04        0.04
  10      -440.922545332     -1.14e-08      8.90e-05        0.04
  11      -440.922545339     -7.01e-09      1.36e-05        0.04
  12      -440.922545339     -6.54e-11      1.32e-05        0.04
  13      -440.922545339     -1.33e-10      2.36e-06        0.04

 SCF converged in 13 iterations.

 Dipole moment (in Debye):               0.000532      -1.042558       0.000002

 Quadrupole moment (in Debye-Angstrom):
                  1            2            3
 1       -53.686754    -0.002461     0.000001
 2        -0.002461   -64.632815     0.000001
 3         0.000001     0.000001   -60.773645

 Spin-squared expectation <S^2>:         0.752
 Total spin quantum number S:            0.501
 TOTAL ENERGY:                        -440.922545339
 Saving results in set 'guesss'

 --------------------------------------------------------------------------------
                                command: optimize                                
 --------------------------------------------------------------------------------
 Using coordinate system:                tric

 -----------------------------
  Initial coordinates summary 
 -----------------------------
 Total coordinates:                     12
 Bond distances:                         3
 Bond angles:                            3
 Dihedral angles:                        0
 Linear bond angles:                     0
 Out-of-plane bends:                     0
 Translations:                           3
 Rotations:                              3
 Hessian update scheme:                  bfgs
 Initial hessian:                        model

 ------------------------------------------------------------------------------------------------------------
                   energy      change    grad rms    grad max    step rms    step max       trust    time (s)
 ------------------------------------------------------------------------------------------------------------
   1      -440.922545339                8.45e-03    2.04e-02                            2.00e-01        2.39
   2      -440.921998581    5.47e-04    8.28e-03    1.69e-02    6.37e-02    1.13e-01    3.19e-02        2.23
   3      -440.924761937   -2.76e-03    4.24e-03    9.89e-03    3.19e-02    7.62e-02    4.50e-02        2.21
Rejecting step due to low quality: Quality: -1.1e+03 New trust radius: 0.018
   4      -440.657498597    2.67e-01    4.24e-03    9.89e-03    3.55e-02    6.71e-02    1.77e-02        4.49
Rejecting step due to low quality: Quality: -9.7e+02 New trust radius: 0.0089
   5      -440.741356417    1.83e-01    4.24e-03    9.89e-03    1.77e-02    3.35e-02    8.87e-03        3.21
   6      -440.923050604    1.71e-03    6.60e-03    1.20e-02    8.87e-03    1.68e-02    4.43e-03        2.05
   7      -440.924901480   -1.85e-03    3.91e-03    8.43e-03    4.43e-03    7.96e-03    6.27e-03        2.13
   8      -440.923117226    1.78e-03    6.42e-03    1.09e-02    6.27e-03    1.11e-02    3.14e-03        2.10
   9      -440.924946731   -1.83e-03    3.81e-03    7.48e-03    3.14e-03    5.46e-03    4.43e-03        2.10
  10      -440.923139853    1.81e-03    6.34e-03    1.02e-02    4.43e-03    8.07e-03    2.22e-03        3.26
  11      -440.924961397   -1.82e-03    3.79e-03    6.83e-03    2.22e-03    3.90e-03    3.14e-03        2.10
  12      -440.172525173    7.52e-01    3.51e-02    6.74e-02    3.14e-03    6.29e-03    1.57e-03        6.58
3
XYZ coordinates for failed energy and gradient
Ag           0.000361410          1.603810222         -0.000005625
Ag           1.356964164         -0.801646534          0.000010132
Ag          -1.357325574         -0.802164688         -0.000004507

Error: SCF not converged after 127 cycles
