
================================================================================
          _____________ ________ _______________ ________     _________         
         / ___________// ______ \\_____   _____// ______ \   / ________)        
        / /_________  / /      \ \     | |     / /      \ \ | (_______          
       |  __________|| |        | |    | |    | |        | | \________ \        
        \ \_________ | |        | |    | |     \ \______/ /___________) |       
         \__________||_|        |_|    |_|      \________//____________/        
                                                                                
====================================[ Qcore ]===================================

 Git describe: 2.3.0
 Compiler:     GNU 9.1.0
 Build type:   Release
 Version:      2.3.0

 Start time:   Fri Oct 22 17:19:58 2021

 Data directory: /work/zw18965/.local/qcore/share/entos/qcore/data
 Number of threads: 24
 Number of threads was determined by: command line argument

 --------------------------------------------------------------------------------
                                command: optimize                                
 --------------------------------------------------------------------------------
 Using coordinate system:                tric

 -----------------------------
  Initial coordinates summary 
 -----------------------------
 Total coordinates:                      7
 Bond distances:                         1
 Bond angles:                            0
 Dihedral angles:                        0
 Linear bond angles:                     0
 Out-of-plane bends:                     0
 Translations:                           6
 Rotations:                              0
 Hessian update scheme:                  bfgs
 Initial hessian:                        model

 ------------------------------------------------------------------------------------------------------------
                   energy      change    grad rms    grad max    step rms    step max       trust    time (s)
 ------------------------------------------------------------------------------------------------------------
   1      -235.574169634                8.66e-03    1.50e-02                            2.00e-01        0.86
   2      -235.574659112   -4.89e-04    3.05e-03    5.27e-03    2.44e-02    4.89e-02    2.00e-01        0.50
   3      -235.574736433   -7.73e-05    3.72e-04    6.45e-04    1.33e-02    2.65e-02    2.00e-01        0.51
   4      -235.574737793   -1.36e-06    1.79e-05    3.10e-05    1.85e-03    3.69e-03    2.00e-01        0.52
Rejecting step due to low quality: Quality: -34.1017 New trust radius: 4.65708e-05
   5      -235.574737695    9.84e-08    1.79e-05    3.10e-05    9.31e-05    1.86e-04    4.66e-05        0.48
 Geometry optimization stopped:          thresholds achieved

 Final energy:                        -235.574737695

 ---------------------------
  Final coordinates summary 
 ---------------------------
 Total coordinates:                      7
 Bond distances:                         1
 Bond angles:                            0
 Dihedral angles:                        0
 Linear bond angles:                     0
 Out-of-plane bends:                     0
 Translations:                           6
 Rotations:                              0

 -----------
  Final XYZ 
 -----------
2
Final structure: -235.575 hartree
Au          -0.000006969         -0.000007949          0.217769833
F            0.000006969          0.000007949         -1.748847833

 Structure in entos input format:

  structure(
    xyz = [
      ['Au' ,         -0.000006969,         -0.000007949,          0.217769833],
      ['F'  ,          0.000006969,          0.000007949,         -1.748847833]
    ]
  )

 --------------------------------
  Geometry optimization finished 
 --------------------------------
 Saving results in set 'opt'

 --------------------------------------------------------------------------------
                                 command: hessian                                
 --------------------------------------------------------------------------------

WARNING: semianalytic method is specified for dft hessian, which is not efficient. Try switching to 'method = analytic'


 -------------------------------
  Numerical Geometrical Hessian 
 -------------------------------

 Compute hessian using two-point central differentiation.
 Step size (bohr):                       0.0100

 Frequencies (including translational and rotational modes):
 mode    frequency (cm-1)
    0                0.08 i (imaginary)
    1                0.02 i (imaginary)
    2                0.01 i (imaginary)
    3               61.07
    4               61.17
    5              501.26

 Project out translational and rotational motions 

 The molecule is linear

 Degrees of freedom for translational and rotational motions: 5

 Vibrational frequencies:
 mode    frequency (cm-1)
    0              501.26

 --------------------------------------------------------------------------------

 End time:                               Fri Oct 22 17:20:07 2021
 Total wall-clock time:                  9.545 seconds
==================================================================================
