
================================================================================
          _____________ ________ _______________ ________     _________         
         / ___________// ______ \\_____   _____// ______ \   / ________)        
        / /_________  / /      \ \     | |     / /      \ \ | (_______          
       |  __________|| |        | |    | |    | |        | | \________ \        
        \ \_________ | |        | |    | |     \ \______/ /___________) |       
         \__________||_|        |_|    |_|      \________//____________/        
                                                                                
====================================[ Qcore ]===================================

 Git describe: 2.3.0
 Compiler:     GNU 9.1.0
 Build type:   Release
 Version:      2.3.0

 Start time:   Fri Oct 22 17:20:00 2021

 Data directory: /work/zw18965/.local/qcore/share/entos/qcore/data
 Number of threads: 24
 Number of threads was determined by: command line argument

 --------------------------------------------------------------------------------
                                command: optimize                                
 --------------------------------------------------------------------------------
 Using coordinate system:                tric

 -----------------------------
  Initial coordinates summary 
 -----------------------------
 Total coordinates:                      7
 Bond distances:                         1
 Bond angles:                            0
 Dihedral angles:                        0
 Linear bond angles:                     0
 Out-of-plane bends:                     0
 Translations:                           6
 Rotations:                              0
 Hessian update scheme:                  bfgs
 Initial hessian:                        model

 ------------------------------------------------------------------------------------------------------------
                   energy      change    grad rms    grad max    step rms    step max       trust    time (s)
 ------------------------------------------------------------------------------------------------------------
   1      -136.310393854                4.84e-03    8.39e-03                            2.00e-01        0.70
   2      -136.310565213   -1.71e-04    8.65e-04    1.50e-03    1.75e-02    3.51e-02    2.00e-01        0.42
   3      -136.310570921   -5.71e-06    4.93e-05    8.54e-05    3.81e-03    7.62e-03    2.00e-01        0.40
   4      -136.310571277   -3.56e-07    1.10e-06    1.91e-06    2.30e-04    4.61e-04    2.00e-01        0.40
 Geometry optimization stopped:          thresholds achieved

 Final energy:                        -136.310571277

 ---------------------------
  Final coordinates summary 
 ---------------------------
 Total coordinates:                      7
 Bond distances:                         1
 Bond angles:                            0
 Dihedral angles:                        0
 Linear bond angles:                     0
 Out-of-plane bends:                     0
 Translations:                           6
 Rotations:                              0

 -----------
  Final XYZ 
 -----------
2
Final structure: -136.311 hartree
Au          -0.000000057          0.000000320          0.030447279
H            0.000000057         -0.000000320         -1.515104279

 Structure in entos input format:

  structure(
    xyz = [
      ['Au' ,         -0.000000057,          0.000000320,          0.030447279],
      ['H'  ,          0.000000057,         -0.000000320,         -1.515104279]
    ]
  )

 --------------------------------
  Geometry optimization finished 
 --------------------------------
 Saving results in set 'opt'

 --------------------------------------------------------------------------------
                                 command: hessian                                
 --------------------------------------------------------------------------------

WARNING: semianalytic method is specified for dft hessian, which is not efficient. Try switching to 'method = analytic'


 -------------------------------
  Numerical Geometrical Hessian 
 -------------------------------

 Compute hessian using two-point central differentiation.
 Step size (bohr):                       0.0100

 Frequencies (including translational and rotational modes):
 mode    frequency (cm-1)
    0                0.04 i (imaginary)
    1                0.03 i (imaginary)
    2                0.01 i (imaginary)
    3               73.56
    4               73.56
    5             2199.39

 Project out translational and rotational motions 

 The molecule is linear

 Degrees of freedom for translational and rotational motions: 5

 Vibrational frequencies:
 mode    frequency (cm-1)
    0             2199.39

 --------------------------------------------------------------------------------

 End time:                               Fri Oct 22 17:20:07 2021
 Total wall-clock time:                  7.249 seconds
==================================================================================
