
================================================================================
          _____________ ________ _______________ ________     _________         
         / ___________// ______ \\_____   _____// ______ \   / ________)        
        / /_________  / /      \ \     | |     / /      \ \ | (_______          
       |  __________|| |        | |    | |    | |        | | \________ \        
        \ \_________ | |        | |    | |     \ \______/ /___________) |       
         \__________||_|        |_|    |_|      \________//____________/        
                                                                                
====================================[ Qcore ]===================================

 Git describe: 2.3.0
 Compiler:     GNU 9.1.0
 Build type:   Release
 Version:      2.3.0

 Start time:   Fri Oct 22 17:20:02 2021

 Data directory: /work/zw18965/.local/qcore/share/entos/qcore/data
 Number of threads: 24
 Number of threads was determined by: command line argument
  - More threads can be used by running 'qcore -n 32'

 --------------------------------------------------------------------------------
                                command: optimize                                
 --------------------------------------------------------------------------------
 Using coordinate system:                tric

 -----------------------------
  Initial coordinates summary 
 -----------------------------
 Total coordinates:                      7
 Bond distances:                         1
 Bond angles:                            0
 Dihedral angles:                        0
 Linear bond angles:                     0
 Out-of-plane bends:                     0
 Translations:                           6
 Rotations:                              0
 Hessian update scheme:                  bfgs
 Initial hessian:                        model

 ------------------------------------------------------------------------------------------------------------
                   energy      change    grad rms    grad max    step rms    step max       trust    time (s)
 ------------------------------------------------------------------------------------------------------------
   1      -271.471294113                1.03e-02    1.78e-02                            2.00e-01        0.93
   2      -271.472535881   -1.24e-03    3.40e-04    5.90e-04    7.13e-02    1.43e-01    2.00e-01        0.71
   3      -271.472537593   -1.71e-06    5.87e-05    1.02e-04    2.44e-03    4.88e-03    2.00e-01        0.72
   4      -271.472537619   -2.60e-08    6.44e-07    1.01e-06    5.08e-04    1.02e-03    2.00e-01        0.67
 Geometry optimization stopped:          thresholds achieved

 Final energy:                        -271.472537619

 ---------------------------
  Final coordinates summary 
 ---------------------------
 Total coordinates:                      7
 Bond distances:                         1
 Bond angles:                            0
 Dihedral angles:                        0
 Linear bond angles:                     0
 Out-of-plane bends:                     0
 Translations:                           6
 Rotations:                              0

 -----------
  Final XYZ 
 -----------
2
Final structure: -271.473 hartree
Au           0.000007109          0.000001512          1.278829691
Au          -0.000007109         -0.000001512         -1.278829691

 Structure in entos input format:

  structure(
    xyz = [
      ['Au' ,          0.000007109,          0.000001512,          1.278829691],
      ['Au' ,         -0.000007109,         -0.000001512,         -1.278829691]
    ]
  )

 --------------------------------
  Geometry optimization finished 
 --------------------------------
 Saving results in set 'opt'

 --------------------------------------------------------------------------------
                                 command: hessian                                
 --------------------------------------------------------------------------------

WARNING: semianalytic method is specified for dft hessian, which is not efficient. Try switching to 'method = analytic'


 -------------------------------
  Numerical Geometrical Hessian 
 -------------------------------

 Compute hessian using two-point central differentiation.
 Step size (bohr):                       0.0100

 Frequencies (including translational and rotational modes):
 mode    frequency (cm-1)
    0               13.90 i (imaginary)
    1               13.78 i (imaginary)
    2                0.00 i (imaginary)
    3                0.12
    4                0.23
    5              163.09

 Project out translational and rotational motions 

 The molecule is linear

 Degrees of freedom for translational and rotational motions: 5

 Vibrational frequencies:
 mode    frequency (cm-1)
    0              163.09

 --------------------------------------------------------------------------------

 End time:                               Fri Oct 22 17:20:14 2021
 Total wall-clock time:                 12.080 seconds
==================================================================================
