
================================================================================
          _____________ ________ _______________ ________     _________         
         / ___________// ______ \\_____   _____// ______ \   / ________)        
        / /_________  / /      \ \     | |     / /      \ \ | (_______          
       |  __________|| |        | |    | |    | |        | | \________ \        
        \ \_________ | |        | |    | |     \ \______/ /___________) |       
         \__________||_|        |_|    |_|      \________//____________/        
                                                                                
====================================[ Qcore ]===================================

 Git describe: 2.3.0
 Compiler:     GNU 9.1.0
 Build type:   Release
 Version:      2.3.0

 Start time:   Fri Oct 22 17:20:10 2021

 Data directory: /work/zw18965/.local/qcore/share/entos/qcore/data
 Number of threads: 24
 Number of threads was determined by: command line argument

 --------------------------------------------------------------------------------
                                command: optimize                                
 --------------------------------------------------------------------------------
 Using coordinate system:                tric

 -----------------------------
  Initial coordinates summary 
 -----------------------------
 Total coordinates:                     13
 Bond distances:                         2
 Bond angles:                            0
 Dihedral angles:                        0
 Linear bond angles:                     2
 Out-of-plane bends:                     0
 Translations:                           9
 Rotations:                              0
 Hessian update scheme:                  bfgs
 Initial hessian:                        model

 ------------------------------------------------------------------------------------------------------------
                   energy      change    grad rms    grad max    step rms    step max       trust    time (s)
 ------------------------------------------------------------------------------------------------------------
   1      -407.209576551                5.62e-03    1.19e-02                            2.00e-01        1.92
Failed to converge
Failed to converge
Failed to converge
Failed to converge
Failed to converge
Failed to converge
Failed to converge
   2      -407.210821198   -1.24e-03    1.89e-03    4.01e-03    6.48e-02    7.94e-02    2.00e-01        1.43
   3      -407.211001888   -1.81e-04    2.73e-04    5.82e-04    3.29e-02    4.04e-02    2.00e-01        1.41
   4      -407.211011595   -9.71e-06    1.66e-05    3.90e-05    5.56e-03    6.84e-03    2.00e-01        1.36
Failed to converge
Failed to converge
Failed to converge
Rejecting step due to low quality: Quality: -587.952 New trust radius: 0.000126323
   5      -407.211006185    5.41e-06    1.66e-05    3.90e-05    2.53e-04    4.32e-04    1.26e-04        1.27
   6      -407.211006058    5.54e-06    1.09e-05    2.61e-05    1.26e-04    2.16e-04    6.32e-05        1.25
   7      -407.211006061   -2.64e-09    8.47e-06    2.07e-05    6.32e-05    7.97e-05    8.93e-05        1.29
 Geometry optimization stopped:          thresholds achieved

 Final energy:                        -407.211006061

 ---------------------------
  Final coordinates summary 
 ---------------------------
 Total coordinates:                     13
 Bond distances:                         2
 Bond angles:                            0
 Dihedral angles:                        0
 Linear bond angles:                     2
 Out-of-plane bends:                     0
 Translations:                           9
 Rotations:                              0

 -----------
  Final XYZ 
 -----------
3
Final structure: -407.211 hartree
Au          -0.000011049         -0.000012874          0.000025135
Au           0.000004913          0.000003948          2.614491758
Au           0.000006136          0.000008926         -2.614516893

 Structure in entos input format:

  structure(
    xyz = [
      ['Au' ,         -0.000011049,         -0.000012874,          0.000025135],
      ['Au' ,          0.000004913,          0.000003948,          2.614491758],
      ['Au' ,          0.000006136,          0.000008926,         -2.614516893]
    ]
  )

 --------------------------------
  Geometry optimization finished 
 --------------------------------
 Saving results in set 'opt'

 --------------------------------------------------------------------------------
                                 command: hessian                                
 --------------------------------------------------------------------------------

WARNING: semianalytic method is specified for dft hessian, which is not efficient. Try switching to 'method = analytic'


 -------------------------------
  Numerical Geometrical Hessian 
 -------------------------------

 Compute hessian using two-point central differentiation.
 Step size (bohr):                       0.0100

 Frequencies (including translational and rotational modes):
 mode    frequency (cm-1)
    0               48.90 i (imaginary)
    1               48.89 i (imaginary)
    2                9.80 i (imaginary)
    3                9.79 i (imaginary)
    4                0.03
    5                0.04
    6                0.08
    7              103.20
    8              164.05

 Project out translational and rotational motions 

 Degrees of freedom for translational and rotational motions: 6

 Vibrational frequencies:
 mode    frequency (cm-1)
    0               48.89 i (imaginary)
    1              103.20
    2              164.05

 --------------------------------------------------------------------------------

 End time:                               Fri Oct 22 17:20:48 2021
 Total wall-clock time:                 37.320 seconds
==================================================================================
