
================================================================================
          _____________ ________ _______________ ________     _________         
         / ___________// ______ \\_____   _____// ______ \   / ________)        
        / /_________  / /      \ \     | |     / /      \ \ | (_______          
       |  __________|| |        | |    | |    | |        | | \________ \        
        \ \_________ | |        | |    | |     \ \______/ /___________) |       
         \__________||_|        |_|    |_|      \________//____________/        
                                                                                
====================================[ Qcore ]===================================

 Git describe: 2.3.0-1-g21d9df7e5
 Compiler:     GNU 9.1.0
 Build type:   Release
 Version:      2.3.0-1-g21d9df7e5

 Start time:   Mon Oct 25 13:54:46 2021

 Data directory: /work/zw18965/.local/qcore/share/entos/qcore/data
 Number of threads: 24
 Number of threads was determined by: command line argument

 --------------------------------------------------------------------------------
                                   command: dft                                  
 --------------------------------------------------------------------------------
 AO basis set:                           def2-tzvppd
 Number of AO basis functions:         177
 ECP on atom 1 (Au):                     60 electrons
 ECP on atom 2 (Au):                     60 electrons
 ECP on atom 3 (Au):                     60 electrons

 Formula:                                Au3
 Nuclear charge:                       237.000000000
 Total charge:                           0.000000000
 Number of core electrons:             180
 Number of treated electrons:           57

 Number of alpha electrons:             29
 Number of beta electrons:              28
 Number of unpaired electrons:           1
 Spin:                                   1
 Multiplicity:                           doublet

 Theory:                                 dft
 Exchange-correlation functional:        b3lyp
 Method for Coulomb:                     incore_df
 Method for exact exchange:              pre_transformed_df
 Integral threshold:                     1.00e-12
 DF basis set:                           def2-universal-jkfit
 Number of DF basis functions:         741
 Schwarz screening threshold:            1.00e-10
 Coulomb fitting method:                 Cholesky
 Total number of grid points:        27360
 Method for AO orthogonalization:        symmetric
 Threshold for linear dependence:        1.00e-08
 D3BJ dispersion energy:                -0.010338907

 -------------------------------------
  Running unrestricted open-shell SCF 
 -------------------------------------
 Max number of iterations:             128
 Conv. threshold (gradient):             1.00e-05
 Conv. threshold (energy):               1.00e-06
 Interpolation scheme:                   adiis+cdiis
 Initial guess:                          SAD

 ---------------------------------------------------------------
                  energy        change          grad        time
 ---------------------------------------------------------------
   0      -407.379410335                    5.06e+00        0.11
   1      -407.165111401      2.14e-01      1.71e-01        0.07
   2      -407.150353686      1.48e-02      2.54e-01        0.07
   3      -407.177716987     -2.74e-02      5.88e-02        0.08
   4      -407.175903712      1.81e-03      1.07e-01        0.07
   5      -407.178871614     -2.97e-03      9.70e-03        0.07
   6      -407.178911579     -4.00e-05      3.54e-03        0.09
   7      -407.178927371     -1.58e-05      2.12e-03        0.08
   8      -407.178930951     -3.58e-06      1.18e-03        0.07
   9      -407.178932186     -1.24e-06      7.67e-04        0.08
  10      -407.178932556     -3.69e-07      3.07e-04        0.07
  11      -407.178932641     -8.49e-08      1.02e-04        0.07
  12      -407.178932656     -1.55e-08      5.68e-05        0.07
  13      -407.178932667     -1.06e-08      5.05e-05        0.08
  14      -407.178932679     -1.18e-08      4.50e-05        0.07
  15      -407.178932699     -2.05e-08      4.15e-05        0.07
  16      -407.178932751     -5.23e-08      3.46e-05        0.07
  17      -407.178932800     -4.85e-08      2.67e-05        0.08
  18      -407.178932820     -2.04e-08      1.14e-05        0.08
  19      -407.178932822     -1.56e-09      5.53e-06        0.08

 SCF converged in 19 iterations.

 Dipole moment (in Debye):               0.000248      -1.203508       0.000000

 Quadrupole moment (in Debye-Angstrom):
                  1            2            3
 1       -62.208045    -0.001050     0.000002
 2        -0.001050   -71.659667     0.000001
 3         0.000002     0.000001   -70.286178

 Spin-squared expectation <S^2>:         0.765
 Total spin quantum number S:            0.508
 TOTAL ENERGY:                        -407.178932822
 Saving results in set 'gues'

 --------------------------------------------------------------------------------
                                   command: dft                                  
 --------------------------------------------------------------------------------
 AO basis set:                           def2-tzvppd
 Number of AO basis functions:         177
 ECP on atom 1 (Au):                     60 electrons
 ECP on atom 2 (Au):                     60 electrons
 ECP on atom 3 (Au):                     60 electrons

 Formula:                                Au3
 Nuclear charge:                       237.000000000
 Total charge:                           0.000000000
 Number of core electrons:             180
 Number of treated electrons:           57

 Number of alpha electrons:             29
 Number of beta electrons:              28
 Number of unpaired electrons:           1
 Spin:                                   1
 Multiplicity:                           doublet

 Theory:                                 dft
 Exchange-correlation functional:        blyp
 Method for Coulomb:                     incore_df
 Integral threshold:                     1.00e-12
 DF basis set:                           def2-universal-jkfit
 Number of DF basis functions:         741
 Schwarz screening threshold:            1.00e-10
 Coulomb fitting method:                 Cholesky
 Total number of grid points:        27360
 Method for AO orthogonalization:        symmetric
 Threshold for linear dependence:        1.00e-08
 D3BJ dispersion energy:                -0.011675814

 -------------------------------------
  Running unrestricted open-shell SCF 
 -------------------------------------
 Max number of iterations:             128
 Conv. threshold (gradient):             1.00e-05
 Conv. threshold (energy):               1.00e-06
 Interpolation scheme:                   adiis+cdiis
 Initializing maximum overlap method (MOM)

 ---------------------------------------------------------------
                  energy        change          grad        time
 ---------------------------------------------------------------
   0      -407.199852604                    9.14e-02        0.05
   1      -407.200184205     -3.32e-04      9.96e-02        0.04
   2      -407.181849481      1.83e-02      2.45e-01        0.04
   3      -407.202649189     -2.08e-02      4.84e-02        0.04
   4      -407.203643432     -9.94e-04      1.85e-02        0.04
   5      -407.203712914     -6.95e-05      3.11e-03        0.04
   6      -407.203717475     -4.56e-06      1.44e-03        0.04
   7      -407.203717658     -1.82e-07      7.48e-04        0.04
   8      -407.203718003     -3.45e-07      4.11e-04        0.04
   9      -407.203718126     -1.23e-07      1.41e-04        0.04
  10      -407.203718136     -9.89e-09      4.61e-05        0.04
  11      -407.203718137     -9.91e-10      3.30e-05        0.04
  12      -407.203718137     -3.18e-10      5.63e-06        0.04

 SCF converged in 12 iterations.

 Dipole moment (in Debye):               0.000044      -1.046885       0.000000

 Quadrupole moment (in Debye-Angstrom):
                  1            2            3
 1       -63.441483    -0.000176     0.000002
 2        -0.000176   -71.580783     0.000001
 3         0.000002     0.000001   -70.840250

 Spin-squared expectation <S^2>:         0.759
 Total spin quantum number S:            0.504
 TOTAL ENERGY:                        -407.203718137
 Saving results in set 'guess'

 --------------------------------------------------------------------------------
                                command: optimize                                
 --------------------------------------------------------------------------------
 Using coordinate system:                tric

 -----------------------------
  Initial coordinates summary 
 -----------------------------
 Total coordinates:                     12
 Bond distances:                         3
 Bond angles:                            3
 Dihedral angles:                        0
 Linear bond angles:                     0
 Out-of-plane bends:                     0
 Translations:                           3
 Rotations:                              3
 Hessian update scheme:                  bfgs
 Initial hessian:                        model

 ------------------------------------------------------------------------------------------------------------
                   energy      change    grad rms    grad max    step rms    step max       trust    time (s)
 ------------------------------------------------------------------------------------------------------------
   1      -407.203718137                1.28e-02    2.91e-02                            2.00e-01        2.91
3
XYZ coordinates for failed energy and gradient
Au          -0.000005639          1.578505919          0.000000979
Au           1.319321857         -0.789255660         -0.000000206
Au          -1.319316218         -0.789250259         -0.000000773

Error: SCF not converged after 127 cycles
