
================================================================================
          _____________ ________ _______________ ________     _________         
         / ___________// ______ \\_____   _____// ______ \   / ________)        
        / /_________  / /      \ \     | |     / /      \ \ | (_______          
       |  __________|| |        | |    | |    | |        | | \________ \        
        \ \_________ | |        | |    | |     \ \______/ /___________) |       
         \__________||_|        |_|    |_|      \________//____________/        
                                                                                
====================================[ Qcore ]===================================

 Git describe: 2.3.0-1-g21d9df7e5
 Compiler:     GNU 9.1.0
 Build type:   Release
 Version:      2.3.0-1-g21d9df7e5

 Start time:   Mon Oct 25 13:54:23 2021

 Data directory: /work/zw18965/.local/qcore/share/entos/qcore/data
 Number of threads: 24
 Number of threads was determined by: command line argument

 --------------------------------------------------------------------------------
                                   command: dft                                  
 --------------------------------------------------------------------------------
 AO basis set:                           def2-tzvppd
 Number of AO basis functions:         177
 ECP on atom 1 (Au):                     60 electrons
 ECP on atom 2 (Au):                     60 electrons
 ECP on atom 3 (Au):                     60 electrons

 Formula:                                Au3+
 Nuclear charge:                       237.000000000
 Total charge:                           1.000000000
 Number of core electrons:             180
 Number of treated electrons:           56

 Number of alpha electrons:             28
 Number of beta electrons:              28
 Number of unpaired electrons:           0
 Spin:                                   0
 Multiplicity:                           singlet

 Theory:                                 dft
 Exchange-correlation functional:        b3lyp
 Method for Coulomb:                     incore_df
 Method for exact exchange:              pre_transformed_df
 Integral threshold:                     1.00e-12
 DF basis set:                           def2-universal-jkfit
 Number of DF basis functions:         741
 Schwarz screening threshold:            1.00e-10
 Coulomb fitting method:                 Cholesky
 Total number of grid points:        27360
 Method for AO orthogonalization:        symmetric
 Threshold for linear dependence:        1.00e-08
 D3BJ dispersion energy:                -0.007774543

 -------------------------------------
  Running restricted closed-shell SCF 
 -------------------------------------
 Max number of iterations:             128
 Conv. threshold (gradient):             1.00e-05
 Conv. threshold (energy):               1.00e-06
 Interpolation scheme:                   adiis+cdiis
 Initial guess:                          SAD

 ---------------------------------------------------------------
                  energy        change          grad        time
 ---------------------------------------------------------------
   0      -407.289999723                    7.31e+00        0.06
   1      -406.848586415      4.41e-01      2.53e-01        0.04
   2      -406.841903098      6.68e-03      3.38e-01        0.03
   3      -406.868026951     -2.61e-02      5.38e-02        0.04
   4      -406.867168428      8.59e-04      9.05e-02        0.04
   5      -406.868430533     -1.26e-03      1.70e-03        0.03
   6      -406.868430941     -4.08e-07      6.73e-04        0.03
   7      -406.868430819      1.22e-07      9.96e-04        0.03
   8      -406.868431000     -1.81e-07      4.21e-04        0.03
   9      -406.868431042     -4.19e-08      1.90e-05        0.04
  10      -406.868431042     -7.41e-11      1.87e-06        0.03

 SCF converged in 10 iterations.

 Dipole moment (in Debye):              -0.000004      -0.000004      -0.000003

 Quadrupole moment (in Debye-Angstrom):
                  1            2            3
 1       -63.666424    -0.000006    -0.000002
 2        -0.000006   -63.666424    -0.000002
 3        -0.000002    -0.000002   -19.461425

 Spin-squared expectation <S^2>:         0.000
 Total spin quantum number S:            0.000
 TOTAL ENERGY:                        -406.868431042
 Saving results in set 'gues'

 --------------------------------------------------------------------------------
                                   command: dft                                  
 --------------------------------------------------------------------------------
 AO basis set:                           def2-tzvppd
 Number of AO basis functions:         177
 ECP on atom 1 (Au):                     60 electrons
 ECP on atom 2 (Au):                     60 electrons
 ECP on atom 3 (Au):                     60 electrons

 Formula:                                Au3+
 Nuclear charge:                       237.000000000
 Total charge:                           1.000000000
 Number of core electrons:             180
 Number of treated electrons:           56

 Number of alpha electrons:             28
 Number of beta electrons:              28
 Number of unpaired electrons:           0
 Spin:                                   0
 Multiplicity:                           singlet

 Theory:                                 dft
 Exchange-correlation functional:        blyp
 Method for Coulomb:                     incore_df
 Integral threshold:                     1.00e-12
 DF basis set:                           def2-universal-jkfit
 Number of DF basis functions:         741
 Schwarz screening threshold:            1.00e-10
 Coulomb fitting method:                 Cholesky
 Total number of grid points:        27360
 Method for AO orthogonalization:        symmetric
 Threshold for linear dependence:        1.00e-08
 D3BJ dispersion energy:                -0.008847084

 -------------------------------------
  Running restricted closed-shell SCF 
 -------------------------------------
 Max number of iterations:             128
 Conv. threshold (gradient):             1.00e-05
 Conv. threshold (energy):               1.00e-06
 Interpolation scheme:                   adiis+cdiis
 Initializing maximum overlap method (MOM)

 ---------------------------------------------------------------
                  energy        change          grad        time
 ---------------------------------------------------------------
   0      -406.889422132                    1.59e-01        0.04
   1      -406.892133988     -2.71e-03      6.74e-02        0.03
   2      -406.888798147      3.34e-03      1.33e-01        0.03
   3      -406.893834401     -5.04e-03      2.23e-02        0.03
   4      -406.893912817     -7.84e-05      5.82e-03        0.02
   5      -406.893913835     -1.02e-06      5.90e-03        0.03
   6      -406.893918283     -4.45e-06      3.22e-03        0.03
   7      -406.893920051     -1.77e-06      2.13e-04        0.03
   8      -406.893920059     -7.80e-09      8.77e-06        0.04

 SCF converged in 8 iterations.

 Dipole moment (in Debye):              -0.000046      -0.000046       0.000241

 Quadrupole moment (in Debye-Angstrom):
                  1            2            3
 1       -64.004018    -0.000010    -0.000004
 2        -0.000010   -64.004018    -0.000004
 3        -0.000004    -0.000004   -21.406503

 Spin-squared expectation <S^2>:         0.000
 Total spin quantum number S:            0.000
 TOTAL ENERGY:                        -406.893920059
 Saving results in set 'guess'

 --------------------------------------------------------------------------------
                                command: optimize                                
 --------------------------------------------------------------------------------
 Using coordinate system:                tric

 -----------------------------
  Initial coordinates summary 
 -----------------------------
 Total coordinates:                     13
 Bond distances:                         2
 Bond angles:                            0
 Dihedral angles:                        0
 Linear bond angles:                     2
 Out-of-plane bends:                     0
 Translations:                           9
 Rotations:                              0
 Hessian update scheme:                  bfgs
 Initial hessian:                        model

 ------------------------------------------------------------------------------------------------------------
                   energy      change    grad rms    grad max    step rms    step max       trust    time (s)
 ------------------------------------------------------------------------------------------------------------
   1      -406.893920059                4.82e-03    1.02e-02                            2.00e-01        2.20
Failed to converge
Failed to converge
Failed to converge
Failed to converge
Failed to converge
Rejecting step due to low quality: Quality: -1.1e+04 New trust radius: 0.028
   2      -399.350629000    7.54e+00    4.82e-03    1.02e-02    5.57e-02    6.82e-02    2.79e-02        4.50
Failed to converge
Failed to converge
Failed to converge
Failed to converge
Failed to converge
Failed to converge
Failed to converge
Rejecting step due to low quality: Quality: -3.8e+03 New trust radius: 0.014
   3      -404.908800540    1.99e+00    4.82e-03    1.02e-02    2.79e-02    3.41e-02    1.39e-02        2.94
3
XYZ coordinates for failed energy and gradient
Au          -0.000000854         -0.000000854         -0.000000828
Au           0.000000307          0.000000307          2.585890463
Au           0.000000547          0.000000547         -2.585889635

Error: SCF not converged after 127 cycles
