
================================================================================
          _____________ ________ _______________ ________     _________         
         / ___________// ______ \\_____   _____// ______ \   / ________)        
        / /_________  / /      \ \     | |     / /      \ \ | (_______          
       |  __________|| |        | |    | |    | |        | | \________ \        
        \ \_________ | |        | |    | |     \ \______/ /___________) |       
         \__________||_|        |_|    |_|      \________//____________/        
                                                                                
====================================[ Qcore ]===================================

 Git describe: 2.3.0
 Compiler:     GNU 9.1.0
 Build type:   Release
 Version:      2.3.0

 Start time:   Fri Oct 22 17:20:04 2021

 Data directory: /work/zw18965/.local/qcore/share/entos/qcore/data
 Number of threads: 24
 Number of threads was determined by: command line argument
  - More threads can be used by running 'qcore -n 32'

 --------------------------------------------------------------------------------
                                command: optimize                                
 --------------------------------------------------------------------------------
 Using coordinate system:                tric

 -----------------------------
  Initial coordinates summary 
 -----------------------------
 Total coordinates:                     12
 Bond distances:                         3
 Bond angles:                            3
 Dihedral angles:                        0
 Linear bond angles:                     0
 Out-of-plane bends:                     0
 Translations:                           3
 Rotations:                              3
 Hessian update scheme:                  bfgs
 Initial hessian:                        model

 ------------------------------------------------------------------------------------------------------------
                   energy      change    grad rms    grad max    step rms    step max       trust    time (s)
 ------------------------------------------------------------------------------------------------------------
   1      -406.947778082                1.12e-02    1.93e-02                            2.00e-01        1.69
   2      -406.949973851   -2.20e-03    2.20e-03    3.77e-03    6.49e-02    1.14e-01    2.00e-01        1.52
   3      -406.950080273   -1.06e-04    3.51e-04    6.00e-04    1.58e-02    2.77e-02    2.00e-01        1.44
   4      -406.950083506   -3.23e-06    1.46e-05    2.36e-05    3.00e-03    5.31e-03    2.00e-01        1.44
   5      -406.950083572   -6.65e-08    6.78e-07    1.16e-06    1.31e-04    2.48e-04    2.00e-01        1.41
 Geometry optimization stopped:          thresholds achieved

 Final energy:                        -406.950083572

 ---------------------------
  Final coordinates summary 
 ---------------------------
 Total coordinates:                     12
 Bond distances:                         3
 Bond angles:                            3
 Dihedral angles:                        0
 Linear bond angles:                     0
 Out-of-plane bends:                     0
 Translations:                           3
 Rotations:                              3

 -----------
  Final XYZ 
 -----------
3
Final structure: -406.95 hartree
Au           0.000012196          1.545097360          0.000000738
Au           1.339155883         -0.772559675         -0.000011011
Au          -1.339168079         -0.772537685          0.000010274

 Structure in entos input format:

  structure(
    xyz = [
      ['Au' ,          0.000012196,          1.545097360,          0.000000738],
      ['Au' ,          1.339155883,         -0.772559675,         -0.000011011],
      ['Au' ,         -1.339168079,         -0.772537685,          0.000010274]
    ]
  )

 --------------------------------
  Geometry optimization finished 
 --------------------------------
 Saving results in set 'opt'

 --------------------------------------------------------------------------------
                                 command: hessian                                
 --------------------------------------------------------------------------------

WARNING: semianalytic method is specified for dft hessian, which is not efficient. Try switching to 'method = analytic'


 -------------------------------
  Numerical Geometrical Hessian 
 -------------------------------

 Compute hessian using two-point central differentiation.
 Step size (bohr):                       0.0100

 Frequencies (including translational and rotational modes):
 mode    frequency (cm-1)
    0                9.60 i (imaginary)
    1                8.94 i (imaginary)
    2                4.42 i (imaginary)
    3                0.00
    4                0.04
    5                0.10
    6              101.58
    7              102.91
    8              160.91

 Project out translational and rotational motions 

 Degrees of freedom for translational and rotational motions: 6

 Vibrational frequencies:
 mode    frequency (cm-1)
    0              101.58
    1              102.91
    2              160.91

 --------------------------------------------------------------------------------

 End time:                               Fri Oct 22 17:20:40 2021
 Total wall-clock time:                 35.289 seconds
==================================================================================
