
================================================================================
          _____________ ________ _______________ ________     _________         
         / ___________// ______ \\_____   _____// ______ \   / ________)        
        / /_________  / /      \ \     | |     / /      \ \ | (_______          
       |  __________|| |        | |    | |    | |        | | \________ \        
        \ \_________ | |        | |    | |     \ \______/ /___________) |       
         \__________||_|        |_|    |_|      \________//____________/        
                                                                                
====================================[ Qcore ]===================================

 Git describe: 2.3.0-3-g778a55bfd
 Compiler:     GNU 9.3.0
 Build type:   Release
 Version:      2.3.0-3-g778a55bfd

 Start time:   Tue Nov  2 10:13:09 2021

 Data directory: /mnt/storage/home/zw18965/.local/qcore/share/entos/qcore/data
 Number of threads: 28
 Number of threads was determined by: command line argument

 --------------------------------------------------------------------------------
                                command: optimize                                
 --------------------------------------------------------------------------------
 Using coordinate system:                tric

 -----------------------------
  Initial coordinates summary 
 -----------------------------
 Total coordinates:                      7
 Bond distances:                         1
 Bond angles:                            0
 Dihedral angles:                        0
 Linear bond angles:                     0
 Out-of-plane bends:                     0
 Translations:                           6
 Rotations:                              0
 Hessian update scheme:                  bfgs
 Initial hessian:                        model

 ------------------------------------------------------------------------------------------------------------
                   energy      change    grad rms    grad max    step rms    step max       trust    time (s)
 ------------------------------------------------------------------------------------------------------------
   1     -1641.194625217                3.05e-03    5.28e-03                            2.00e-01       22.46
   2     -1641.194694154   -6.89e-05    1.62e-03    2.80e-03    8.54e-03    1.71e-02    2.00e-01       13.68
   3     -1641.194722309   -2.82e-05    7.12e-05    1.23e-04    9.63e-03    1.93e-02    2.00e-01       12.12
   4     -1641.194722365   -5.61e-08    1.83e-06    3.17e-06    4.43e-04    8.87e-04    2.00e-01        8.91
 Geometry optimization stopped:          thresholds achieved

 Final energy:                       -1641.194722365

 ---------------------------
  Final coordinates summary 
 ---------------------------
 Total coordinates:                      7
 Bond distances:                         1
 Bond angles:                            0
 Dihedral angles:                        0
 Linear bond angles:                     0
 Out-of-plane bends:                     0
 Translations:                           6
 Rotations:                              0

 -----------
  Final XYZ 
 -----------
2
Final structure: -1641.19 hartree
Cu          -0.000001776          0.000000944          0.058367242
H            0.000001776         -0.000000944         -1.416724242

 Structure in entos input format:

  structure(
    xyz = [
      ['Cu' ,         -0.000001776,          0.000000944,          0.058367242],
      ['H'  ,          0.000001776,         -0.000000944,         -1.416724242]
    ]
  )

 --------------------------------
  Geometry optimization finished 
 --------------------------------
 Saving results in set 'opt'

 --------------------------------------------------------------------------------
                                 command: hessian                                
 --------------------------------------------------------------------------------

WARNING: semianalytic method is specified for dft hessian, which is not efficient. Try switching to 'method = analytic'


 -------------------------------
  Numerical Geometrical Hessian 
 -------------------------------

 Compute hessian using two-point central differentiation.
 Step size (bohr):                       0.0100

 Frequencies (including translational and rotational modes):
 mode    frequency (cm-1)
    0               38.55 i (imaginary)
    1               36.45 i (imaginary)
    2                0.03 i (imaginary)
    3                0.21
    4                0.47
    5             1898.53

 Project out translational and rotational motions 

 The molecule is linear

 Degrees of freedom for translational and rotational motions: 5

 Vibrational frequencies:
 mode    frequency (cm-1)
    0             1898.53

 --------------------------------------------------------------------------------

 End time:                               Tue Nov  2 10:15:48 2021
 Total wall-clock time:                158.493 seconds
==================================================================================
