
================================================================================
          _____________ ________ _______________ ________     _________         
         / ___________// ______ \\_____   _____// ______ \   / ________)        
        / /_________  / /      \ \     | |     / /      \ \ | (_______          
       |  __________|| |        | |    | |    | |        | | \________ \        
        \ \_________ | |        | |    | |     \ \______/ /___________) |       
         \__________||_|        |_|    |_|      \________//____________/        
                                                                                
====================================[ Qcore ]===================================

 Git describe: 2.3.0
 Compiler:     GNU 9.1.0
 Build type:   Release
 Version:      2.3.0

 Start time:   Fri Oct 22 17:20:13 2021

 Data directory: /work/zw18965/.local/qcore/share/entos/qcore/data
 Number of threads: 24
 Number of threads was determined by: command line argument
  - More threads can be used by running 'qcore -n 32'

 --------------------------------------------------------------------------------
                                command: optimize                                
 --------------------------------------------------------------------------------
 Using coordinate system:                tric

 -----------------------------
  Initial coordinates summary 
 -----------------------------
 Total coordinates:                      7
 Bond distances:                         1
 Bond angles:                            0
 Dihedral angles:                        0
 Linear bond angles:                     0
 Out-of-plane bends:                     0
 Translations:                           6
 Rotations:                              0
 Hessian update scheme:                  bfgs
 Initial hessian:                        model

 ------------------------------------------------------------------------------------------------------------
                   energy      change    grad rms    grad max    step rms    step max       trust    time (s)
 ------------------------------------------------------------------------------------------------------------
   1     -1740.510635072                6.84e-03    1.18e-02                            2.00e-01        0.71
   2     -1740.510833175   -1.98e-04    4.27e-03    7.39e-03    1.03e-02    2.06e-02    2.00e-01        0.31
   3     -1740.510964778   -1.32e-04    2.41e-04    4.18e-04    1.71e-02    3.41e-02    2.00e-01        0.33
   4     -1740.510964976   -1.98e-07    1.02e-05    1.77e-05    1.02e-03    2.05e-03    2.00e-01        0.31
Rejecting step due to low quality: Quality: -35.1456 New trust radius: 2.2672e-05
   5     -1740.510964948    2.83e-08    1.02e-05    1.77e-05    4.53e-05    9.07e-05    2.27e-05        0.31
 Geometry optimization stopped:          thresholds achieved

 Final energy:                       -1740.510964948

 ---------------------------
  Final coordinates summary 
 ---------------------------
 Total coordinates:                      7
 Bond distances:                         1
 Bond angles:                            0
 Dihedral angles:                        0
 Linear bond angles:                     0
 Out-of-plane bends:                     0
 Translations:                           6
 Rotations:                              0

 -----------
  Final XYZ 
 -----------
2
Final structure: -1740.51 hartree
Cu          -0.000004014         -0.000004014          0.427743853
F            0.000004014          0.000004014         -1.344890852

 Structure in entos input format:

  structure(
    xyz = [
      ['Cu' ,         -0.000004014,         -0.000004014,          0.427743853],
      ['F'  ,          0.000004014,          0.000004014,         -1.344890852]
    ]
  )

 --------------------------------
  Geometry optimization finished 
 --------------------------------
 Saving results in set 'opt'

 --------------------------------------------------------------------------------
                                 command: hessian                                
 --------------------------------------------------------------------------------

WARNING: semianalytic method is specified for dft hessian, which is not efficient. Try switching to 'method = analytic'


 -------------------------------
  Numerical Geometrical Hessian 
 -------------------------------

 Compute hessian using two-point central differentiation.
 Step size (bohr):                       0.0100

 Frequencies (including translational and rotational modes):
 mode    frequency (cm-1)
    0               59.94 i (imaginary)
    1               59.84 i (imaginary)
    2                0.00 i (imaginary)
    3                0.01
    4                0.11
    5              593.12

 Project out translational and rotational motions 

 The molecule is linear

 Degrees of freedom for translational and rotational motions: 5

 Vibrational frequencies:
 mode    frequency (cm-1)
    0              593.12

 --------------------------------------------------------------------------------

 End time:                               Fri Oct 22 17:20:19 2021
 Total wall-clock time:                  6.245 seconds
==================================================================================
