
================================================================================
          _____________ ________ _______________ ________     _________         
         / ___________// ______ \\_____   _____// ______ \   / ________)        
        / /_________  / /      \ \     | |     / /      \ \ | (_______          
       |  __________|| |        | |    | |    | |        | | \________ \        
        \ \_________ | |        | |    | |     \ \______/ /___________) |       
         \__________||_|        |_|    |_|      \________//____________/        
                                                                                
====================================[ Qcore ]===================================

 Git describe: 2.3.0
 Compiler:     GNU 9.1.0
 Build type:   Release
 Version:      2.3.0

 Start time:   Fri Oct 22 17:20:17 2021

 Data directory: /work/zw18965/.local/qcore/share/entos/qcore/data
 Number of threads: 24
 Number of threads was determined by: command line argument
  - More threads can be used by running 'qcore -n 32'

 --------------------------------------------------------------------------------
                                command: optimize                                
 --------------------------------------------------------------------------------
 Using coordinate system:                tric

 -----------------------------
  Initial coordinates summary 
 -----------------------------
 Total coordinates:                      7
 Bond distances:                         1
 Bond angles:                            0
 Dihedral angles:                        0
 Linear bond angles:                     0
 Out-of-plane bends:                     0
 Translations:                           6
 Rotations:                              0
 Hessian update scheme:                  bfgs
 Initial hessian:                        model

 ------------------------------------------------------------------------------------------------------------
                   energy      change    grad rms    grad max    step rms    step max       trust    time (s)
 ------------------------------------------------------------------------------------------------------------
   1     -3281.259733487                5.98e-03    1.04e-02                            2.00e-01        0.83
   2     -3281.260283932   -5.50e-04    1.82e-03    3.16e-03    4.14e-02    8.28e-02    2.00e-01        0.50
   3     -3281.260347480   -6.35e-05    2.22e-04    3.85e-04    1.82e-02    3.64e-02    2.00e-01        0.49
   4     -3281.260348975   -1.49e-06    8.31e-06    1.44e-05    2.52e-03    5.05e-03    2.00e-01        0.50
   5     -3281.260348976   -1.42e-09    6.54e-08    1.13e-07    9.80e-05    1.96e-04    2.00e-01        0.42
 Geometry optimization stopped:          thresholds achieved

 Final energy:                       -3281.260348976

 ---------------------------
  Final coordinates summary 
 ---------------------------
 Total coordinates:                      7
 Bond distances:                         1
 Bond angles:                            0
 Dihedral angles:                        0
 Linear bond angles:                     0
 Out-of-plane bends:                     0
 Translations:                           6
 Rotations:                              0

 -----------
  Final XYZ 
 -----------
2
Final structure: -3281.26 hartree
Cu           0.000000729          0.000003188          1.140412390
Cu          -0.000000729         -0.000003188         -1.140412391

 Structure in entos input format:

  structure(
    xyz = [
      ['Cu' ,          0.000000729,          0.000003188,          1.140412390],
      ['Cu' ,         -0.000000729,         -0.000003188,         -1.140412391]
    ]
  )

 --------------------------------
  Geometry optimization finished 
 --------------------------------
 Saving results in set 'opt'

 --------------------------------------------------------------------------------
                                 command: hessian                                
 --------------------------------------------------------------------------------

WARNING: semianalytic method is specified for dft hessian, which is not efficient. Try switching to 'method = analytic'


 -------------------------------
  Numerical Geometrical Hessian 
 -------------------------------

 Compute hessian using two-point central differentiation.
 Step size (bohr):                       0.0100

 Frequencies (including translational and rotational modes):
 mode    frequency (cm-1)
    0                6.82 i (imaginary)
    1                6.82 i (imaginary)
    2                0.00
    3                0.00
    4                0.11
    5              245.95

 Project out translational and rotational motions 

 The molecule is linear

 Degrees of freedom for translational and rotational motions: 5

 Vibrational frequencies:
 mode    frequency (cm-1)
    0              245.95

 --------------------------------------------------------------------------------

 End time:                               Fri Oct 22 17:20:26 2021
 Total wall-clock time:                  8.984 seconds
==================================================================================
