
================================================================================
          _____________ ________ _______________ ________     _________         
         / ___________// ______ \\_____   _____// ______ \   / ________)        
        / /_________  / /      \ \     | |     / /      \ \ | (_______          
       |  __________|| |        | |    | |    | |        | | \________ \        
        \ \_________ | |        | |    | |     \ \______/ /___________) |       
         \__________||_|        |_|    |_|      \________//____________/        
                                                                                
====================================[ Qcore ]===================================

 Git describe: 2.3.0
 Compiler:     GNU 9.1.0
 Build type:   Release
 Version:      2.3.0

 Start time:   Fri Oct 22 17:20:17 2021

 Data directory: /work/zw18965/.local/qcore/share/entos/qcore/data
 Number of threads: 24
 Number of threads was determined by: command line argument
  - More threads can be used by running 'qcore -n 32'

 --------------------------------------------------------------------------------
                                command: optimize                                
 --------------------------------------------------------------------------------
 Using coordinate system:                tric

 -----------------------------
  Initial coordinates summary 
 -----------------------------
 Total coordinates:                     12
 Bond distances:                         3
 Bond angles:                            3
 Dihedral angles:                        0
 Linear bond angles:                     0
 Out-of-plane bends:                     0
 Translations:                           3
 Rotations:                              3
 Hessian update scheme:                  bfgs
 Initial hessian:                        model

 ------------------------------------------------------------------------------------------------------------
                   energy      change    grad rms    grad max    step rms    step max       trust    time (s)
 ------------------------------------------------------------------------------------------------------------
   1     -4921.674023647                5.45e-03    9.47e-03                            2.00e-01        1.36
   2     -4921.674652973   -6.29e-04    2.33e-03    4.10e-03    3.15e-02    5.47e-02    2.00e-01        1.02
   3     -4921.674810246   -1.57e-04    2.71e-04    5.16e-04    2.36e-02    4.13e-02    2.00e-01        0.96
   4     -4921.674812754   -2.51e-06    2.36e-05    5.76e-05    3.10e-03    5.65e-03    2.00e-01        0.94
   5     -4921.674812776   -2.20e-08    1.05e-05    1.74e-05    2.84e-04    5.28e-04    2.00e-01        0.88
 Geometry optimization stopped:          thresholds achieved

 Final energy:                       -4921.674812776

 ---------------------------
  Final coordinates summary 
 ---------------------------
 Total coordinates:                     12
 Bond distances:                         3
 Bond angles:                            3
 Dihedral angles:                        0
 Linear bond angles:                     0
 Out-of-plane bends:                     0
 Translations:                           3
 Rotations:                              3

 -----------
  Final XYZ 
 -----------
3
Final structure: -4921.67 hartree
Cu           0.000025973          1.380820894          0.000013410
Cu           1.194616609         -0.690430640         -0.000003468
Cu          -1.194642590         -0.690389255         -0.000009941

 Structure in entos input format:

  structure(
    xyz = [
      ['Cu' ,          0.000025973,          1.380820894,          0.000013410],
      ['Cu' ,          1.194616609,         -0.690430640,         -0.000003468],
      ['Cu' ,         -1.194642590,         -0.690389255,         -0.000009941]
    ]
  )

 --------------------------------
  Geometry optimization finished 
 --------------------------------
 Saving results in set 'opt'

 --------------------------------------------------------------------------------
                                 command: hessian                                
 --------------------------------------------------------------------------------

WARNING: semianalytic method is specified for dft hessian, which is not efficient. Try switching to 'method = analytic'


 -------------------------------
  Numerical Geometrical Hessian 
 -------------------------------

 Compute hessian using two-point central differentiation.
 Step size (bohr):                       0.0100

 Frequencies (including translational and rotational modes):
 mode    frequency (cm-1)
    0               13.56 i (imaginary)
    1                3.36 i (imaginary)
    2                0.30 i (imaginary)
    3                0.04
    4                0.70
    5                7.25
    6              166.03
    7              167.06
    8              242.69

 Project out translational and rotational motions 

 Degrees of freedom for translational and rotational motions: 6

 Vibrational frequencies:
 mode    frequency (cm-1)
    0              166.03
    1              167.05
    2              242.69

 --------------------------------------------------------------------------------

 End time:                               Fri Oct 22 17:20:41 2021
 Total wall-clock time:                 23.843 seconds
==================================================================================
