
================================================================================
          _____________ ________ _______________ ________     _________         
         / ___________// ______ \\_____   _____// ______ \   / ________)        
        / /_________  / /      \ \     | |     / /      \ \ | (_______          
       |  __________|| |        | |    | |    | |        | | \________ \        
        \ \_________ | |        | |    | |     \ \______/ /___________) |       
         \__________||_|        |_|    |_|      \________//____________/        
                                                                                
====================================[ Qcore ]===================================

 Git describe: 2.3.0
 Compiler:     GNU 9.1.0
 Build type:   Release
 Version:      2.3.0

 Start time:   Fri Oct 22 17:20:20 2021

 Data directory: /work/zw18965/.local/qcore/share/entos/qcore/data
 Number of threads: 24
 Number of threads was determined by: command line argument
  - More threads can be used by running 'qcore -n 32'

 --------------------------------------------------------------------------------
                                command: optimize                                
 --------------------------------------------------------------------------------
 Using coordinate system:                tric

 -----------------------------
  Initial coordinates summary 
 -----------------------------
 Total coordinates:                     13
 Bond distances:                         2
 Bond angles:                            0
 Dihedral angles:                        0
 Linear bond angles:                     2
 Out-of-plane bends:                     0
 Translations:                           9
 Rotations:                              0
 Hessian update scheme:                  bfgs
 Initial hessian:                        model

 ------------------------------------------------------------------------------------------------------------
                   energy      change    grad rms    grad max    step rms    step max       trust    time (s)
 ------------------------------------------------------------------------------------------------------------
   1     -4921.621617659                1.63e-03    3.45e-03                            2.00e-01        1.55
   2     -4921.621748321   -1.31e-04    1.05e-03    2.23e-03    1.88e-02    2.30e-02    2.00e-01        0.99
   3     -4921.621847288   -9.90e-05    8.81e-05    1.87e-04    3.41e-02    4.18e-02    2.00e-01        0.96
   4     -4921.621847839   -5.52e-07    5.71e-06    1.21e-05    3.12e-03    3.83e-03    2.00e-01        0.93
   5     -4921.621847945   -1.05e-07    2.87e-07    4.85e-07    2.16e-04    2.65e-04    2.00e-01        0.87
 Geometry optimization stopped:          thresholds achieved

 Final energy:                       -4921.621847945

 ---------------------------
  Final coordinates summary 
 ---------------------------
 Total coordinates:                     13
 Bond distances:                         2
 Bond angles:                            0
 Dihedral angles:                        0
 Linear bond angles:                     2
 Out-of-plane bends:                     0
 Translations:                           9
 Rotations:                              0

 -----------
  Final XYZ 
 -----------
3
Final structure: -4921.62 hartree
Cu          -0.000008830         -0.000005375          0.000001119
Cu           0.000004151          0.000004255          2.373618939
Cu           0.000004679          0.000001120         -2.373620048

 Structure in entos input format:

  structure(
    xyz = [
      ['Cu' ,         -0.000008830,         -0.000005375,          0.000001119],
      ['Cu' ,          0.000004151,          0.000004255,          2.373618939],
      ['Cu' ,          0.000004679,          0.000001120,         -2.373620048]
    ]
  )

 --------------------------------
  Geometry optimization finished 
 --------------------------------
 Saving results in set 'opt'

 --------------------------------------------------------------------------------
                                 command: hessian                                
 --------------------------------------------------------------------------------

WARNING: semianalytic method is specified for dft hessian, which is not efficient. Try switching to 'method = analytic'


 -------------------------------
  Numerical Geometrical Hessian 
 -------------------------------

 Compute hessian using two-point central differentiation.
 Step size (bohr):                       0.0100

 Frequencies (including translational and rotational modes):
 mode    frequency (cm-1)
    0              104.56 i (imaginary)
    1              104.55 i (imaginary)
    2                0.14 i (imaginary)
    3                0.10 i (imaginary)
    4                0.05 i (imaginary)
    5                5.75
    6                5.86
    7              137.43
    8              231.29

 Project out translational and rotational motions 

 Degrees of freedom for translational and rotational motions: 6

 Vibrational frequencies:
 mode    frequency (cm-1)
    0              104.55 i (imaginary)
    1              137.43
    2              231.29

 --------------------------------------------------------------------------------

 End time:                               Fri Oct 22 17:20:44 2021
 Total wall-clock time:                 23.804 seconds
==================================================================================
