
================================================================================
          _____________ ________ _______________ ________     _________         
         / ___________// ______ \\_____   _____// ______ \   / ________)        
        / /_________  / /      \ \     | |     / /      \ \ | (_______          
       |  __________|| |        | |    | |    | |        | | \________ \        
        \ \_________ | |        | |    | |     \ \______/ /___________) |       
         \__________||_|        |_|    |_|      \________//____________/        
                                                                                
====================================[ Qcore ]===================================

 Git describe: 2.3.0
 Compiler:     GNU 9.1.0
 Build type:   Release
 Version:      2.3.0

 Start time:   Fri Oct 22 17:20:23 2021

 Data directory: /work/zw18965/.local/qcore/share/entos/qcore/data
 Number of threads: 24
 Number of threads was determined by: command line argument
  - More threads can be used by running 'qcore -n 32'

 --------------------------------------------------------------------------------
                                command: optimize                                
 --------------------------------------------------------------------------------
 Using coordinate system:                tric

 -----------------------------
  Initial coordinates summary 
 -----------------------------
 Total coordinates:                     13
 Bond distances:                         2
 Bond angles:                            0
 Dihedral angles:                        0
 Linear bond angles:                     2
 Out-of-plane bends:                     0
 Translations:                           9
 Rotations:                              0
 Hessian update scheme:                  bfgs
 Initial hessian:                        model

 ------------------------------------------------------------------------------------------------------------
                   energy      change    grad rms    grad max    step rms    step max       trust    time (s)
 ------------------------------------------------------------------------------------------------------------
   1     -4921.891024867                2.76e-03    5.86e-03                            2.00e-01        1.68
   2     -4921.891377531   -3.53e-04    1.51e-03    3.21e-03    3.19e-02    3.90e-02    2.00e-01        1.15
   3     -4921.891541074   -1.64e-04    1.35e-04    2.87e-04    3.87e-02    4.74e-02    2.00e-01        1.11
   4     -4921.891542498   -1.42e-06    8.09e-06    1.72e-05    3.80e-03    4.66e-03    2.00e-01        1.06
   5     -4921.891542729   -2.31e-07    3.84e-07    9.04e-07    2.42e-04    2.97e-04    2.00e-01        0.97
 Geometry optimization stopped:          thresholds achieved

 Final energy:                       -4921.891542729

 ---------------------------
  Final coordinates summary 
 ---------------------------
 Total coordinates:                     13
 Bond distances:                         2
 Bond angles:                            0
 Dihedral angles:                        0
 Linear bond angles:                     2
 Out-of-plane bends:                     0
 Translations:                           9
 Rotations:                              0

 -----------
  Final XYZ 
 -----------
3
Final structure: -4921.89 hartree
Cu           0.000005717          0.000000124          0.000001857
Cu           0.000000263          0.000003018          2.339470527
Cu          -0.000005980         -0.000003143         -2.339472385

 Structure in entos input format:

  structure(
    xyz = [
      ['Cu' ,          0.000005717,          0.000000124,          0.000001857],
      ['Cu' ,          0.000000263,          0.000003018,          2.339470527],
      ['Cu' ,         -0.000005980,         -0.000003143,         -2.339472385]
    ]
  )

 --------------------------------
  Geometry optimization finished 
 --------------------------------
 Saving results in set 'opt'

 --------------------------------------------------------------------------------
                                 command: hessian                                
 --------------------------------------------------------------------------------

WARNING: semianalytic method is specified for dft hessian, which is not efficient. Try switching to 'method = analytic'


 -------------------------------
  Numerical Geometrical Hessian 
 -------------------------------

 Compute hessian using two-point central differentiation.
 Step size (bohr):                       0.0100

 Frequencies (including translational and rotational modes):
 mode    frequency (cm-1)
    0               56.52 i (imaginary)
    1               56.48 i (imaginary)
    2                0.42 i (imaginary)
    3                0.16 i (imaginary)
    4                0.08 i (imaginary)
    5                3.06
    6                3.18
    7              154.76
    8              253.44

 Project out translational and rotational motions 

 Degrees of freedom for translational and rotational motions: 6

 Vibrational frequencies:
 mode    frequency (cm-1)
    0               56.52 i (imaginary)
    1              154.76
    2              253.44

 --------------------------------------------------------------------------------

 End time:                               Fri Oct 22 17:20:50 2021
 Total wall-clock time:                 27.299 seconds
==================================================================================
