
================================================================================
          _____________ ________ _______________ ________     _________         
         / ___________// ______ \\_____   _____// ______ \   / ________)        
        / /_________  / /      \ \     | |     / /      \ \ | (_______          
       |  __________|| |        | |    | |    | |        | | \________ \        
        \ \_________ | |        | |    | |     \ \______/ /___________) |       
         \__________||_|        |_|    |_|      \________//____________/        
                                                                                
====================================[ Qcore ]===================================

 Git describe: 2.3.0-1-g21d9df7e5
 Compiler:     GNU 9.1.0
 Build type:   Release
 Version:      2.3.0-1-g21d9df7e5

 Start time:   Mon Oct 25 13:55:06 2021

 Data directory: /work/zw18965/.local/qcore/share/entos/qcore/data
 Number of threads: 24
 Number of threads was determined by: command line argument

 --------------------------------------------------------------------------------
                                   command: dft                                  
 --------------------------------------------------------------------------------
 AO basis set:                           def2-tzvppd
 Number of AO basis functions:         201

 Formula:                                Cu3
 Nuclear charge:                        87.000000000
 Total charge:                           0.000000000
 Number of electrons:                   87.000000000

 Number of alpha electrons:             44
 Number of beta electrons:              43
 Number of unpaired electrons:           1
 Spin:                                   1
 Multiplicity:                           doublet

 Theory:                                 dft
 Exchange-correlation functional:        b3lyp
 Method for Coulomb:                     incore_df
 Method for exact exchange:              pre_transformed_df
 Integral threshold:                     1.00e-12
 DF basis set:                           def2-universal-jkfit
 Number of DF basis functions:         792
 Schwarz screening threshold:            1.00e-10
 Coulomb fitting method:                 Cholesky
 Total number of grid points:        23808
 Method for AO orthogonalization:        symmetric
 Threshold for linear dependence:        1.00e-08
 D3BJ dispersion energy:                -0.006848549

 -------------------------------------
  Running unrestricted open-shell SCF 
 -------------------------------------
 Max number of iterations:             128
 Conv. threshold (gradient):             1.00e-05
 Conv. threshold (energy):               1.00e-06
 Interpolation scheme:                   adiis+cdiis
 Initial guess:                          SAD

 ---------------------------------------------------------------
                  energy        change          grad        time
 ---------------------------------------------------------------
   0     -4921.653559375                    3.44e+00        0.11
   1     -4921.367064538      2.86e-01      1.98e-01        0.11
   2     -4921.321691750      4.54e-02      3.36e-01        0.10
   3     -4921.381830812     -6.01e-02      6.70e-02        0.11
   4     -4921.381664847      1.66e-04      8.83e-02        0.12
   5     -4921.384125680     -2.46e-03      1.44e-02        0.11
   6     -4921.384187667     -6.20e-05      4.27e-03        0.11
   7     -4921.384197358     -9.69e-06      2.57e-03        0.11
   8     -4921.384199359     -2.00e-06      9.26e-04        0.11
   9     -4921.384199656     -2.97e-07      5.03e-04        0.12
  10     -4921.384199729     -7.33e-08      3.02e-04        0.11
  11     -4921.384199766     -3.68e-08      8.80e-05        0.11
  12     -4921.384199772     -6.28e-09      2.97e-05        0.11
  13     -4921.384199772     -3.17e-10      1.31e-05        0.11
  14     -4921.384199772     -9.55e-11      3.27e-06        0.12

 SCF converged in 14 iterations.

 Dipole moment (in Debye):              -0.003274      -0.794365      -0.000004

 Quadrupole moment (in Debye-Angstrom):
                  1            2            3
 1       -34.243103     0.019191    -0.000000
 2         0.019191   -45.181421     0.000004
 3        -0.000000     0.000004   -41.421654

 Spin-squared expectation <S^2>:         0.758
 Total spin quantum number S:            0.504
 TOTAL ENERGY:                       -4921.384199772
 Saving results in set 'gues'

 --------------------------------------------------------------------------------
                                   command: dft                                  
 --------------------------------------------------------------------------------
 AO basis set:                           def2-tzvppd
 Number of AO basis functions:         201

 Formula:                                Cu3
 Nuclear charge:                        87.000000000
 Total charge:                           0.000000000
 Number of electrons:                   87.000000000

 Number of alpha electrons:             44
 Number of beta electrons:              43
 Number of unpaired electrons:           1
 Spin:                                   1
 Multiplicity:                           doublet

 Theory:                                 dft
 Exchange-correlation functional:        blyp
 Method for Coulomb:                     incore_df
 Integral threshold:                     1.00e-12
 DF basis set:                           def2-universal-jkfit
 Number of DF basis functions:         792
 Schwarz screening threshold:            1.00e-10
 Coulomb fitting method:                 Cholesky
 Total number of grid points:        23808
 Method for AO orthogonalization:        symmetric
 Threshold for linear dependence:        1.00e-08
 D3BJ dispersion energy:                -0.007838677

 -------------------------------------
  Running unrestricted open-shell SCF 
 -------------------------------------
 Max number of iterations:             128
 Conv. threshold (gradient):             1.00e-05
 Conv. threshold (energy):               1.00e-06
 Interpolation scheme:                   adiis+cdiis
 Initializing maximum overlap method (MOM)

 ---------------------------------------------------------------
                  energy        change          grad        time
 ---------------------------------------------------------------
   0     -4921.885256420                    6.95e-02        0.05
   1     -4921.835218795      5.00e-02      5.30e-01        0.05
   2     -4921.282381490      5.53e-01      1.05e+00        0.06
   3     -4921.807479770     -5.25e-01      4.88e-01        0.05
   4     -4921.890136254     -8.27e-02      8.22e-02        0.05
   5     -4921.833024104      5.71e-02      4.38e-01        0.05
   6     -4921.892661255     -5.96e-02      4.01e-02        0.05
   7     -4921.892864843     -2.04e-04      1.05e-02        0.05
   8     -4921.892858086      6.76e-06      8.77e-03        0.05
   9     -4921.892876244     -1.82e-05      9.89e-03        0.05
  10     -4921.892907780     -3.15e-05      1.59e-03        0.05
  11     -4921.892909237     -1.46e-06      1.14e-03        0.05
  12     -4921.892909516     -2.79e-07      3.13e-04        0.06
  13     -4921.892909562     -4.65e-08      2.15e-04        0.05
  14     -4921.892909578     -1.56e-08      1.45e-04        0.05
  15     -4921.892909583     -5.70e-09      4.59e-05        0.05
  16     -4921.892909585     -1.95e-09      2.43e-05        0.05
  17     -4921.892909586     -3.08e-10      1.93e-05        0.05
  18     -4921.892909586     -3.58e-10      1.32e-05        0.05
  19     -4921.892909586     -1.75e-10      6.00e-06        0.05

 SCF converged in 19 iterations.

 Dipole moment (in Debye):               0.000069      -0.731559      -0.000005

 Quadrupole moment (in Debye-Angstrom):
                  1            2            3
 1       -35.446577    -0.000354    -0.000001
 2        -0.000354   -44.976753     0.000005
 3        -0.000001     0.000005   -42.014858

 Spin-squared expectation <S^2>:         0.755
 Total spin quantum number S:            0.503
 TOTAL ENERGY:                       -4921.892909586
 Saving results in set 'guess'

 --------------------------------------------------------------------------------
                                command: optimize                                
 --------------------------------------------------------------------------------
 Using coordinate system:                tric

 -----------------------------
  Initial coordinates summary 
 -----------------------------
 Total coordinates:                     12
 Bond distances:                         3
 Bond angles:                            3
 Dihedral angles:                        0
 Linear bond angles:                     0
 Out-of-plane bends:                     0
 Translations:                           3
 Rotations:                              3
 Hessian update scheme:                  bfgs
 Initial hessian:                        model

 ------------------------------------------------------------------------------------------------------------
                   energy      change    grad rms    grad max    step rms    step max       trust    time (s)
 ------------------------------------------------------------------------------------------------------------
   1     -4921.892909586                8.47e-03    2.06e-02                            2.00e-01        2.49
3
XYZ coordinates for failed energy and gradient
Cu          -0.000007119          1.394743071         -0.000002942
Cu           1.159908740         -0.697373549          0.000002474
Cu          -1.159901621         -0.697369522          0.000000468

Error: SCF not converged after 127 cycles
