Traceback (most recent call last):
  File "/work/zw18965/.conda/envs/p4env/bin/psi4", line 287, in <module>
    exec(content)
  File "<string>", line 29, in <module>
  File "/work/zw18965/.conda/envs/p4env/lib//python3.7/site-packages/psi4/driver/driver.py", line 556, in energy
    wfn = procedures['energy'][lowername](lowername, molecule=molecule, **kwargs)
  File "/work/zw18965/.conda/envs/p4env/lib//python3.7/site-packages/psi4/driver/procrouting/proc.py", line 2002, in run_scf
    scf_wfn = scf_helper(name, post_scf=False, **kwargs)
  File "/work/zw18965/.conda/envs/p4env/lib//python3.7/site-packages/psi4/driver/procrouting/proc.py", line 1363, in scf_helper
    e_scf = scf_wfn.compute_energy()
  File "/work/zw18965/.conda/envs/p4env/lib//python3.7/site-packages/psi4/driver/procrouting/scf_proc/scf_iterator.py", line 94, in scf_compute_energy
    raise e
  File "/work/zw18965/.conda/envs/p4env/lib//python3.7/site-packages/psi4/driver/procrouting/scf_proc/scf_iterator.py", line 87, in scf_compute_energy
    self.iterations()
  File "/work/zw18965/.conda/envs/p4env/lib//python3.7/site-packages/psi4/driver/procrouting/scf_proc/scf_iterator.py", line 447, in scf_iterate
    raise SCFConvergenceError("""SCF iterations""", self.iteration_, self, Ediff, Dnorm)

psi4.driver.p4util.exceptions.SCFConvergenceError: Could not converge SCF iterations in 100 iterations.

Printing out the relevant lines from the Psithon --> Python processed input file:
    Ag      -1.328441   -0.766976   -0.000000 
     """)
    core.IO.set_default_namespace("")
    core.set_global_option("REFERENCE", "uks")
    core.set_global_option("BASIS", "Def2-TZVPPD")
--> energy("GAM")

 134.110 GiB by Python driver.

*** tstart() called on bp1-compute00162.data.bp.acrc.priv
*** at Thu Oct 28 15:24:21 2021

   => Loading Basis Set <=

    Name: DEF2-TZVPPD
    Role: ORBITAL
    Keyword: BASIS
    atoms 1-3 entry AG         line  2174 (ECP: line  3646) file /work/zw18965/.conda/envs/p4env/share/psi4/basis/def2-tzvppd.gbs 

    !!!  WARNING: ECP capability is in beta. Please check occupations closely.  !!!


         ---------------------------------------------------------
                                   SCF
               by Justin Turney, Rob Parrish, Andy Simmonett
                          and Daniel G. A. Smith
                              UKS Reference
                       24 Threads, 137329 MiB Core
         ---------------------------------------------------------

  ==> Geometry <==

    Molecular point group: c2v
    Full point group: C2v

    Geometry (in Angstrom), charge = 0, multiplicity = 2:

       Center              X                  Y                   Z               Mass       
    ------------   -----------------  -----------------  -----------------  -----------------
         AG           0.000000000000    -0.000000000000     1.533951333333   106.905091600000
         AG           1.328441000000     0.000000000000    -0.766975666667   106.905091600000
         AG          -1.328441000000    -0.000000000000    -0.766975666667   106.905091600000

  Running in c2v symmetry.

  Rotational constants: A =      0.04468  B =      0.04468  C =      0.02234 [cm^-1]
  Rotational constants: A =   1339.38178  B =   1339.38143  C =    669.69080 [MHz]
  Nuclear repulsion =  215.703579372583732

  Charge       = 0
  Multiplicity = 2
  Electrons    = 57
  Nalpha       = 29
  Nbeta        = 28

  ==> Algorithm <==

  SCF Algorithm Type is DF.
  DIIS enabled.
  MOM disabled.
  Fractional occupation disabled.
  Guess Type is SAD.
  Energy threshold   = 1.00e-06
  Density threshold  = 1.00e-06
  Integral threshold = 0.00e+00

  ==> Primary Basis <==

  Basis Set: DEF2-TZVPPD
    Blend: DEF2-TZVPPD
    Number of shells: 48
    Number of basis function: 168
    Number of Cartesian functions: 213
    Spherical Harmonics?: true
    Max angular momentum: 4

  Core potential: DEF2-TZVPPD
    Number of shells: 12
    Number of ECP primitives: 42
    Number of ECP core electrons: 84
    Max angular momentum: 3

  ==> DFT Potential <==

   => Composite Functional: GAM <= 

   GAM GGA Minessota Exchange-Correlation Functional

    H.S. Yu, et al., Phys. Chem. Chem. Phys. 17, 12146, 2015


    Deriv               =              1
    GGA                 =           TRUE
    Meta                =          FALSE

    Exchange Hybrid     =          FALSE
    MP2 Hybrid          =          FALSE

   => Exchange Functionals <=

    1.0000     XC_GGA_X_GAM

   => Correlation Functionals <=

    1.0000     XC_GGA_C_GAM

   => Molecular Quadrature <=

    Radial Scheme          =       TREUTLER
    Pruning Scheme         =           FLAT
    Nuclear Scheme         =       TREUTLER

    BS radius alpha        =              1
    Pruning alpha          =              1
    Radial Points          =             75
    Spherical Points       =            302
    Total Points           =          67397
    Total Blocks           =            591
    Max Points             =            255
    Max Functions          =            166

   => Loading Basis Set <=

    Name: (DEF2-TZVPPD AUX)
    Role: JKFIT
    Keyword: DF_BASIS_SCF
    atoms 1-3 entry AG         line  4369 file /work/zw18965/.conda/envs/p4env/share/psi4/basis/def2-tzvpp-jkfit.gbs 

  ==> Pre-Iterations <==

   -------------------------------------------------------
    Irrep   Nso     Nmo     Nalpha   Nbeta   Ndocc  Nsocc
   -------------------------------------------------------
     A1        59      59       0       0       0       0
     A2        27      27       0       0       0       0
     B1        49      49       0       0       0       0
     B2        33      33       0       0       0       0
   -------------------------------------------------------
    Total     168     168      29      28      28       1
   -------------------------------------------------------

  ==> Integral Setup <==

  DFHelper Memory: AOs need 0.176 GiB; user supplied 100.344 GiB. Using in-core AOs.

  ==> MemDFJK: Density-Fitted J/K Matrices <==

    J tasked:                   Yes
    K tasked:                    No
    wK tasked:                   No
    OpenMP threads:              24
    Memory [MiB]:            102752
    Algorithm:                 Core
    Schwarz Cutoff:           1E-12
    Mask sparsity (%):       1.2472
    Fitting Condition:        1E-10

   => Auxiliary Basis Set <=

  Basis Set: (DEF2-TZVPPD AUX)
    Blend: DEF2-TZVPP-JKFIT
    Number of shells: 147
    Number of basis function: 765
    Number of Cartesian functions: 1152
    Spherical Harmonics?: true
    Max angular momentum: 6

  Cached 100.0% of DFT collocation blocks in 0.239 [GiB].

  Minimum eigenvalue in the overlap matrix is 2.9352212695E-03.
  Using Symmetric Orthogonalization.

  SCF Guess: Superposition of Atomic Densities via on-the-fly atomic UHF.

  ==> Iterations <==

                           Total Energy        Delta E     RMS |[F,P]|

   @DF-UKS iter SAD:  -442.22382877109351   -4.42224e+02   0.00000e+00 
    Occupation by irrep:
             A1    A2    B1    B2 
    DOCC [    11,    4,    8,    5 ]
    SOCC [     1,    0,    0,    0 ]

   @DF-UKS iter   1:  -442.70734492721488   -4.83516e-01   5.23839e-03 DIIS
    Occupation by irrep:
             A1    A2    B1    B2 
    DOCC [    11,    4,    8,    5 ]
    SOCC [     0,    0,    1,    0 ]

   @DF-UKS iter   2:  -442.39580894853304    3.11536e-01   1.18750e-02 DIIS
    Occupation by irrep:
             A1    A2    B1    B2 
    DOCC [    11,    4,    8,    5 ]
    SOCC [     1,    0,    0,    0 ]

   @DF-UKS iter   3:  -442.76880748372946   -3.72999e-01   2.07019e-03 DIIS
    Occupation by irrep:
             A1    A2    B1    B2 
    DOCC [    11,    4,    8,    5 ]
    SOCC [     0,    0,    1,    0 ]

   @DF-UKS iter   4:  -442.77286264909321   -4.05517e-03   1.69477e-03 DIIS
    Occupation by irrep:
             A1    A2    B1    B2 
    DOCC [    11,    4,    8,    5 ]
    SOCC [     1,    0,    0,    0 ]

   @DF-UKS iter   5:  -442.78513495943059   -1.22723e-02   9.32031e-04 DIIS
    Occupation by irrep:
             A1    A2    B1    B2 
    DOCC [    11,    4,    8,    5 ]
    SOCC [     0,    0,    1,    0 ]

   @DF-UKS iter   6:  -442.78310724963592    2.02771e-03   1.02440e-03 DIIS
    Occupation by irrep:
             A1    A2    B1    B2 
    DOCC [    11,    4,    8,    5 ]
    SOCC [     1,    0,    0,    0 ]

   @DF-UKS iter   7:  -442.78588989750119   -2.78265e-03   7.21703e-04 DIIS
   @DF-UKS iter   8:  -442.78366532712687    2.22457e-03   9.18501e-04 DIIS
    Occupation by irrep:
             A1    A2    B1    B2 
    DOCC [    11,    4,    8,    5 ]
    SOCC [     0,    0,    1,    0 ]

   @DF-UKS iter   9:  -442.78509943121833   -1.43410e-03   8.10196e-04 DIIS
   @DF-UKS iter  10:  -442.78426448260109    8.34949e-04   8.75496e-04 DIIS
    Occupation by irrep:
             A1    A2    B1    B2 
    DOCC [    11,    4,    8,    5 ]
    SOCC [     1,    0,    0,    0 ]

   @DF-UKS iter  11:  -442.78519838021873   -9.33898e-04   7.88449e-04 DIIS
   @DF-UKS iter  12:  -442.78136193916396    3.83644e-03   1.10744e-03 DIIS
    Occupation by irrep:
             A1    A2    B1    B2 
    DOCC [    11,    4,    8,    5 ]
    SOCC [     0,    0,    1,    0 ]

   @DF-UKS iter  13:  -442.78273532039691   -1.37338e-03   1.00763e-03 DIIS
   @DF-UKS iter  14:  -442.78177616590790    9.59154e-04   1.06199e-03 DIIS
    Occupation by irrep:
             A1    A2    B1    B2 
    DOCC [    11,    4,    8,    5 ]
    SOCC [     1,    0,    0,    0 ]

   @DF-UKS iter  15:  -442.78210719387118   -3.31028e-04   1.03921e-03 DIIS
   @DF-UKS iter  16:  -442.77739211868084    4.71508e-03   1.35440e-03 DIIS
   @DF-UKS iter  17:  -442.78503195303915   -7.63983e-03   8.10414e-04 DIIS
    Occupation by irrep:
             A1    A2    B1    B2 
    DOCC [    11,    4,    8,    5 ]
    SOCC [     0,    0,    1,    0 ]

   @DF-UKS iter  18:  -442.78453492118285    4.97032e-04   8.60233e-04 DIIS
   @DF-UKS iter  19:  -442.78460908589761   -7.41647e-05   8.36998e-04 DIIS
    Occupation by irrep:
             A1    A2    B1    B2 
    DOCC [    11,    4,    8,    5 ]
    SOCC [     1,    0,    0,    0 ]

   @DF-UKS iter  20:  -442.78020031349604    4.40877e-03   1.15543e-03 DIIS
   @DF-UKS iter  21:  -442.77613775118584    4.06256e-03   1.42049e-03 DIIS
   @DF-UKS iter  22:  -442.78547848580899   -9.34073e-03   7.70021e-04 DIIS
    Occupation by irrep:
             A1    A2    B1    B2 
    DOCC [    11,    4,    8,    5 ]
    SOCC [     0,    0,    1,    0 ]

   @DF-UKS iter  23:  -442.78374501726626    1.73347e-03   9.09877e-04 DIIS
    Occupation by irrep:
             A1    A2    B1    B2 
    DOCC [    11,    4,    8,    5 ]
    SOCC [     1,    0,    0,    0 ]

   @DF-UKS iter  24:  -442.78411838536329   -3.73368e-04   8.96207e-04 DIIS
   @DF-UKS iter  25:  -442.78344762961399    6.70756e-04   9.43225e-04 DIIS
   @DF-UKS iter  26:  -442.78447878246038   -1.03115e-03   8.62858e-04 DIIS
   @DF-UKS iter  27:  -442.78449690367563   -1.81212e-05   8.51059e-04 DIIS
    Occupation by irrep:
             A1    A2    B1    B2 
    DOCC [    11,    4,    8,    5 ]
    SOCC [     0,    0,    1,    0 ]

   @DF-UKS iter  28:  -442.78467481757809   -1.77914e-04   8.31916e-04 DIIS
    Occupation by irrep:
             A1    A2    B1    B2 
    DOCC [    11,    4,    8,    5 ]
    SOCC [     1,    0,    0,    0 ]

   @DF-UKS iter  29:  -442.77798222454646    6.69259e-03   1.31305e-03 DIIS
    Occupation by irrep:
             A1    A2    B1    B2 
    DOCC [    11,    4,    8,    5 ]
    SOCC [     0,    0,    1,    0 ]

   @DF-UKS iter  30:  -442.78359081580845   -5.60859e-03   9.30261e-04 DIIS
    Occupation by irrep:
             A1    A2    B1    B2 
    DOCC [    11,    4,    8,    5 ]
    SOCC [     1,    0,    0,    0 ]

   @DF-UKS iter  31:  -442.77824852920673    5.34229e-03   1.29315e-03 DIIS
    Occupation by irrep:
             A1    A2    B1    B2 
    DOCC [    11,    4,    8,    5 ]
    SOCC [     0,    0,    1,    0 ]

   @DF-UKS iter  32:  -442.78346206232698   -5.21353e-03   9.45119e-04 DIIS
    Occupation by irrep:
             A1    A2    B1    B2 
    DOCC [    11,    4,    8,    5 ]
    SOCC [     1,    0,    0,    0 ]

   @DF-UKS iter  33:  -442.77822946597314    5.23260e-03   1.29422e-03 DIIS
    Occupation by irrep:
             A1    A2    B1    B2 
    DOCC [    11,    4,    8,    5 ]
    SOCC [     0,    0,    1,    0 ]

   @DF-UKS iter  34:  -442.78327225291014   -5.04279e-03   9.60609e-04 DIIS
    Occupation by irrep:
             A1    A2    B1    B2 
    DOCC [    11,    4,    8,    5 ]
    SOCC [     1,    0,    0,    0 ]

   @DF-UKS iter  35:  -442.77826497385092    5.00728e-03   1.29160e-03 DIIS
    Occupation by irrep:
             A1    A2    B1    B2 
    DOCC [    11,    4,    8,    5 ]
    SOCC [     0,    0,    1,    0 ]

   @DF-UKS iter  36:  -442.78360657362020   -5.34160e-03   9.33673e-04 DIIS
    Occupation by irrep:
             A1    A2    B1    B2 
    DOCC [    11,    4,    8,    5 ]
    SOCC [     1,    0,    0,    0 ]

   @DF-UKS iter  37:  -442.77817799189245    5.42858e-03   1.29760e-03 DIIS
    Occupation by irrep:
             A1    A2    B1    B2 
    DOCC [    11,    4,    8,    5 ]
    SOCC [     0,    0,    1,    0 ]

   @DF-UKS iter  38:  -442.78297350280570   -4.79551e-03   9.84120e-04 DIIS
    Occupation by irrep:
             A1    A2    B1    B2 
    DOCC [    11,    4,    8,    5 ]
    SOCC [     1,    0,    0,    0 ]

   @DF-UKS iter  39:  -442.77826909425323    4.70441e-03   1.29029e-03 DIIS
    Occupation by irrep:
             A1    A2    B1    B2 
    DOCC [    11,    4,    8,    5 ]
    SOCC [     0,    0,    1,    0 ]

   @DF-UKS iter  40:  -442.78407481370743   -5.80572e-03   8.94709e-04 DIIS
    Occupation by irrep:
             A1    A2    B1    B2 
    DOCC [    11,    4,    8,    5 ]
    SOCC [     1,    0,    0,    0 ]

   @DF-UKS iter  41:  -442.77790506513531    6.16975e-03   1.31406e-03 DIIS
    Occupation by irrep:
             A1    A2    B1    B2 
    DOCC [    11,    4,    8,    5 ]
    SOCC [     0,    0,    1,    0 ]

   @DF-UKS iter  42:  -442.78218948503820   -4.28442e-03   1.04369e-03 DIIS
    Occupation by irrep:
             A1    A2    B1    B2 
    DOCC [    11,    4,    8,    5 ]
    SOCC [     1,    0,    0,    0 ]

   @DF-UKS iter  43:  -442.77799765532370    4.19183e-03   1.30232e-03 DIIS
    Occupation by irrep:
             A1    A2    B1    B2 
    DOCC [    11,    4,    8,    5 ]
    SOCC [     0,    0,    1,    0 ]

   @DF-UKS iter  44:  -442.78464194504988   -6.64429e-03   8.46135e-04 DIIS
    Occupation by irrep:
             A1    A2    B1    B2 
    DOCC [    11,    4,    8,    5 ]
    SOCC [     1,    0,    0,    0 ]

   @DF-UKS iter  45:  -442.77734369552479    7.29825e-03   1.34562e-03 DIIS
    Occupation by irrep:
             A1    A2    B1    B2 
    DOCC [    11,    4,    8,    5 ]
    SOCC [     0,    0,    1,    0 ]

   @DF-UKS iter  46:  -442.78025580380825   -2.91211e-03   1.17348e-03 DIIS
    Occupation by irrep:
             A1    A2    B1    B2 
    DOCC [    11,    4,    8,    5 ]
    SOCC [     1,    0,    0,    0 ]

   @DF-UKS iter  47:  -442.77554283863935    4.71297e-03   1.42826e-03 DIIS
    Occupation by irrep:
             A1    A2    B1    B2 
    DOCC [    11,    4,    8,    5 ]
    SOCC [     0,    0,    1,    0 ]

   @DF-UKS iter  48:  -442.78232952481642   -6.78669e-03   1.03861e-03 DIIS
    Occupation by irrep:
             A1    A2    B1    B2 
    DOCC [    11,    4,    8,    5 ]
    SOCC [     1,    0,    0,    0 ]

   @DF-UKS iter  49:  -442.77595950954822    6.37002e-03   1.40174e-03 DIIS
    Occupation by irrep:
             A1    A2    B1    B2 
    DOCC [    11,    4,    8,    5 ]
    SOCC [     0,    0,    1,    0 ]

   @DF-UKS iter  50:  -442.78223447628147   -6.27497e-03   1.04764e-03 DIIS
    Occupation by irrep:
             A1    A2    B1    B2 
    DOCC [    11,    4,    8,    5 ]
    SOCC [     1,    0,    0,    0 ]

   @DF-UKS iter  51:  -442.77613659230724    6.09788e-03   1.38968e-03 DIIS
    Occupation by irrep:
             A1    A2    B1    B2 
    DOCC [    11,    4,    8,    5 ]
    SOCC [     0,    0,    1,    0 ]

   @DF-UKS iter  52:  -442.78248810664252   -6.35151e-03   1.03040e-03 DIIS
    Occupation by irrep:
             A1    A2    B1    B2 
    DOCC [    11,    4,    8,    5 ]
    SOCC [     1,    0,    0,    0 ]

   @DF-UKS iter  53:  -442.77637965430483    6.10845e-03   1.37472e-03 DIIS
    Occupation by irrep:
             A1    A2    B1    B2 
    DOCC [    11,    4,    8,    5 ]
    SOCC [     0,    0,    1,    0 ]

   @DF-UKS iter  54:  -442.78267132248118   -6.29167e-03   1.01759e-03 DIIS
    Occupation by irrep:
             A1    A2    B1    B2 
    DOCC [    11,    4,    8,    5 ]
    SOCC [     1,    0,    0,    0 ]

   @DF-UKS iter  55:  -442.77665065048916    6.02067e-03   1.35896e-03 DIIS
    Occupation by irrep:
             A1    A2    B1    B2 
    DOCC [    11,    4,    8,    5 ]
    SOCC [     0,    0,    1,    0 ]

   @DF-UKS iter  56:  -442.78279526487893   -6.14461e-03   1.00876e-03 DIIS
    Occupation by irrep:
             A1    A2    B1    B2 
    DOCC [    11,    4,    8,    5 ]
    SOCC [     1,    0,    0,    0 ]

   @DF-UKS iter  57:  -442.77689038166056    5.90488e-03   1.34537e-03 DIIS
    Occupation by irrep:
             A1    A2    B1    B2 
    DOCC [    11,    4,    8,    5 ]
    SOCC [     0,    0,    1,    0 ]

   @DF-UKS iter  58:  -442.78286746165998   -5.97708e-03   1.00354e-03 DIIS
    Occupation by irrep:
             A1    A2    B1    B2 
    DOCC [    11,    4,    8,    5 ]
    SOCC [     1,    0,    0,    0 ]

   @DF-UKS iter  59:  -442.77706128765487    5.80617e-03   1.33577e-03 DIIS
    Occupation by irrep:
             A1    A2    B1    B2 
    DOCC [    11,    4,    8,    5 ]
    SOCC [     0,    0,    1,    0 ]

   @DF-UKS iter  60:  -442.78290614972968   -5.84486e-03   1.00072e-03 DIIS
    Occupation by irrep:
             A1    A2    B1    B2 
    DOCC [    11,    4,    8,    5 ]
    SOCC [     1,    0,    0,    0 ]

   @DF-UKS iter  61:  -442.77716502425767    5.74113e-03   1.32995e-03 DIIS
    Occupation by irrep:
             A1    A2    B1    B2 
    DOCC [    11,    4,    8,    5 ]
    SOCC [     0,    0,    1,    0 ]

   @DF-UKS iter  62:  -442.78292673418662   -5.76171e-03   9.99206e-04 DIIS
    Occupation by irrep:
             A1    A2    B1    B2 
    DOCC [    11,    4,    8,    5 ]
    SOCC [     1,    0,    0,    0 ]

   @DF-UKS iter  63:  -442.77722338696253    5.70335e-03   1.32667e-03 DIIS
    Occupation by irrep:
             A1    A2    B1    B2 
    DOCC [    11,    4,    8,    5 ]
    SOCC [     0,    0,    1,    0 ]

   @DF-UKS iter  64:  -442.78293786308006   -5.71448e-03   9.98385e-04 DIIS
    Occupation by irrep:
             A1    A2    B1    B2 
    DOCC [    11,    4,    8,    5 ]
    SOCC [     1,    0,    0,    0 ]

   @DF-UKS iter  65:  -442.77725581501613    5.68205e-03   1.32484e-03 DIIS
    Occupation by irrep:
             A1    A2    B1    B2 
    DOCC [    11,    4,    8,    5 ]
    SOCC [     0,    0,    1,    0 ]

   @DF-UKS iter  66:  -442.78294389466021   -5.68808e-03   9.97941e-04 DIIS
    Occupation by irrep:
             A1    A2    B1    B2 
    DOCC [    11,    4,    8,    5 ]
    SOCC [     1,    0,    0,    0 ]

   @DF-UKS iter  67:  -442.77727398709646    5.66991e-03   1.32381e-03 DIIS
    Occupation by irrep:
             A1    A2    B1    B2 
    DOCC [    11,    4,    8,    5 ]
    SOCC [     0,    0,    1,    0 ]

   @DF-UKS iter  68:  -442.78294716116636   -5.67317e-03   9.97701e-04 DIIS
    Occupation by irrep:
             A1    A2    B1    B2 
    DOCC [    11,    4,    8,    5 ]
    SOCC [     1,    0,    0,    0 ]

   @DF-UKS iter  69:  -442.77728422851908    5.66293e-03   1.32323e-03 DIIS
    Occupation by irrep:
             A1    A2    B1    B2 
    DOCC [    11,    4,    8,    5 ]
    SOCC [     0,    0,    1,    0 ]

   @DF-UKS iter  70:  -442.78294893617078   -5.66471e-03   9.97571e-04 DIIS
    Occupation by irrep:
             A1    A2    B1    B2 
    DOCC [    11,    4,    8,    5 ]
    SOCC [     1,    0,    0,    0 ]

   @DF-UKS iter  71:  -442.77728999458998    5.65894e-03   1.32290e-03 DIIS
    Occupation by irrep:
             A1    A2    B1    B2 
    DOCC [    11,    4,    8,    5 ]
    SOCC [     0,    0,    1,    0 ]

   @DF-UKS iter  72:  -442.78294990600023   -5.65991e-03   9.97501e-04 DIIS
    Occupation by irrep:
             A1    A2    B1    B2 
    DOCC [    11,    4,    8,    5 ]
    SOCC [     1,    0,    0,    0 ]

   @DF-UKS iter  73:  -442.77729322684149    5.65668e-03   1.32272e-03 DIIS
    Occupation by irrep:
             A1    A2    B1    B2 
    DOCC [    11,    4,    8,    5 ]
    SOCC [     0,    0,    1,    0 ]

   @DF-UKS iter  74:  -442.78295043841911   -5.65721e-03   9.97462e-04 DIIS
    Occupation by irrep:
             A1    A2    B1    B2 
    DOCC [    11,    4,    8,    5 ]
    SOCC [     1,    0,    0,    0 ]

   @DF-UKS iter  75:  -442.77729503055662    5.65541e-03   1.32262e-03 DIIS
    Occupation by irrep:
             A1    A2    B1    B2 
    DOCC [    11,    4,    8,    5 ]
    SOCC [     0,    0,    1,    0 ]

   @DF-UKS iter  76:  -442.78295073157949   -5.65570e-03   9.97440e-04 DIIS
    Occupation by irrep:
             A1    A2    B1    B2 
    DOCC [    11,    4,    8,    5 ]
    SOCC [     1,    0,    0,    0 ]

   @DF-UKS iter  77:  -442.77729603369255    5.65470e-03   1.32256e-03 DIIS
    Occupation by irrep:
             A1    A2    B1    B2 
    DOCC [    11,    4,    8,    5 ]
    SOCC [     0,    0,    1,    0 ]

   @DF-UKS iter  78:  -442.78295089324490   -5.65486e-03   9.97429e-04 DIIS
    Occupation by irrep:
             A1    A2    B1    B2 
    DOCC [    11,    4,    8,    5 ]
    SOCC [     1,    0,    0,    0 ]

   @DF-UKS iter  79:  -442.77729659034514    5.65430e-03   1.32253e-03 DIIS
    Occupation by irrep:
             A1    A2    B1    B2 
    DOCC [    11,    4,    8,    5 ]
    SOCC [     0,    0,    1,    0 ]

   @DF-UKS iter  80:  -442.78295098246133   -5.65439e-03   9.97422e-04 DIIS
    Occupation by irrep:
             A1    A2    B1    B2 
    DOCC [    11,    4,    8,    5 ]
    SOCC [     1,    0,    0,    0 ]

   @DF-UKS iter  81:  -442.77729689879709    5.65408e-03   1.32251e-03 DIIS
    Occupation by irrep:
             A1    A2    B1    B2 
    DOCC [    11,    4,    8,    5 ]
    SOCC [     0,    0,    1,    0 ]

   @DF-UKS iter  82:  -442.78295103171388   -5.65413e-03   9.97419e-04 DIIS
    Occupation by irrep:
             A1    A2    B1    B2 
    DOCC [    11,    4,    8,    5 ]
    SOCC [     1,    0,    0,    0 ]

   @DF-UKS iter  83:  -442.77729706955301    5.65396e-03   1.32250e-03 DIIS
    Occupation by irrep:
             A1    A2    B1    B2 
    DOCC [    11,    4,    8,    5 ]
    SOCC [     0,    0,    1,    0 ]

   @DF-UKS iter  84:  -442.78295105891095   -5.65399e-03   9.97417e-04 DIIS
    Occupation by irrep:
             A1    A2    B1    B2 
    DOCC [    11,    4,    8,    5 ]
    SOCC [     1,    0,    0,    0 ]

   @DF-UKS iter  85:  -442.77729716401859    5.65389e-03   1.32250e-03 DIIS
    Occupation by irrep:
             A1    A2    B1    B2 
    DOCC [    11,    4,    8,    5 ]
    SOCC [     0,    0,    1,    0 ]

   @DF-UKS iter  86:  -442.78295107393103   -5.65391e-03   9.97415e-04 DIIS
    Occupation by irrep:
             A1    A2    B1    B2 
    DOCC [    11,    4,    8,    5 ]
    SOCC [     1,    0,    0,    0 ]

   @DF-UKS iter  87:  -442.77729721625474    5.65386e-03   1.32249e-03 DIIS
    Occupation by irrep:
             A1    A2    B1    B2 
    DOCC [    11,    4,    8,    5 ]
    SOCC [     0,    0,    1,    0 ]

   @DF-UKS iter  88:  -442.78295108222744   -5.65387e-03   9.97415e-04 DIIS
    Occupation by irrep:
             A1    A2    B1    B2 
    DOCC [    11,    4,    8,    5 ]
    SOCC [     1,    0,    0,    0 ]

   @DF-UKS iter  89:  -442.77729724513017    5.65384e-03   1.32249e-03 DIIS
    Occupation by irrep:
             A1    A2    B1    B2 
    DOCC [    11,    4,    8,    5 ]
    SOCC [     0,    0,    1,    0 ]

   @DF-UKS iter  90:  -442.78295108681016   -5.65384e-03   9.97415e-04 DIIS
    Occupation by irrep:
             A1    A2    B1    B2 
    DOCC [    11,    4,    8,    5 ]
    SOCC [     1,    0,    0,    0 ]

   @DF-UKS iter  91:  -442.77729726108862    5.65383e-03   1.32249e-03 DIIS
    Occupation by irrep:
             A1    A2    B1    B2 
    DOCC [    11,    4,    8,    5 ]
    SOCC [     0,    0,    1,    0 ]

   @DF-UKS iter  92:  -442.78295108934196   -5.65383e-03   9.97414e-04 DIIS
    Occupation by irrep:
             A1    A2    B1    B2 
    DOCC [    11,    4,    8,    5 ]
    SOCC [     1,    0,    0,    0 ]

   @DF-UKS iter  93:  -442.77729726990685    5.65382e-03   1.32249e-03 DIIS
    Occupation by irrep:
             A1    A2    B1    B2 
    DOCC [    11,    4,    8,    5 ]
    SOCC [     0,    0,    1,    0 ]

   @DF-UKS iter  94:  -442.78295109074008   -5.65382e-03   9.97414e-04 DIIS
    Occupation by irrep:
             A1    A2    B1    B2 
    DOCC [    11,    4,    8,    5 ]
    SOCC [     1,    0,    0,    0 ]

   @DF-UKS iter  95:  -442.77729727477924    5.65382e-03   1.32249e-03 DIIS
    Occupation by irrep:
             A1    A2    B1    B2 
    DOCC [    11,    4,    8,    5 ]
    SOCC [     0,    0,    1,    0 ]

   @DF-UKS iter  96:  -442.78295109151247   -5.65382e-03   9.97414e-04 DIIS
    Occupation by irrep:
             A1    A2    B1    B2 
    DOCC [    11,    4,    8,    5 ]
    SOCC [     1,    0,    0,    0 ]

   @DF-UKS iter  97:  -442.77729727747112    5.65381e-03   1.32249e-03 DIIS
    Occupation by irrep:
             A1    A2    B1    B2 
    DOCC [    11,    4,    8,    5 ]
    SOCC [     0,    0,    1,    0 ]

   @DF-UKS iter  98:  -442.78295109193959   -5.65381e-03   9.97414e-04 DIIS
    Occupation by irrep:
             A1    A2    B1    B2 
    DOCC [    11,    4,    8,    5 ]
    SOCC [     1,    0,    0,    0 ]

   @DF-UKS iter  99:  -442.77729727895849    5.65381e-03   1.32249e-03 DIIS
    Occupation by irrep:
             A1    A2    B1    B2 
    DOCC [    11,    4,    8,    5 ]
    SOCC [     0,    0,    1,    0 ]

   @DF-UKS iter 100:  -442.78295109217504   -5.65381e-03   9.97414e-04 DIIS

PsiException: Could not converge SCF iterations in 100 iterations.

  Failed to converge.

Traceback (most recent call last):
  File "/work/zw18965/.conda/envs/p4env/bin/psi4", line 287, in <module>
    exec(content)
  File "<string>", line 29, in <module>
  File "/work/zw18965/.conda/envs/p4env/lib//python3.7/site-packages/psi4/driver/driver.py", line 556, in energy
    wfn = procedures['energy'][lowername](lowername, molecule=molecule, **kwargs)
  File "/work/zw18965/.conda/envs/p4env/lib//python3.7/site-packages/psi4/driver/procrouting/proc.py", line 2002, in run_scf
    scf_wfn = scf_helper(name, post_scf=False, **kwargs)
  File "/work/zw18965/.conda/envs/p4env/lib//python3.7/site-packages/psi4/driver/procrouting/proc.py", line 1363, in scf_helper
    e_scf = scf_wfn.compute_energy()
  File "/work/zw18965/.conda/envs/p4env/lib//python3.7/site-packages/psi4/driver/procrouting/scf_proc/scf_iterator.py", line 94, in scf_compute_energy
    raise e
  File "/work/zw18965/.conda/envs/p4env/lib//python3.7/site-packages/psi4/driver/procrouting/scf_proc/scf_iterator.py", line 87, in scf_compute_energy
    self.iterations()
  File "/work/zw18965/.conda/envs/p4env/lib//python3.7/site-packages/psi4/driver/procrouting/scf_proc/scf_iterator.py", line 447, in scf_iterate
    raise SCFConvergenceError("""SCF iterations""", self.iteration_, self, Ediff, Dnorm)

psi4.driver.p4util.exceptions.SCFConvergenceError: Could not converge SCF iterations in 100 iterations.


Printing out the relevant lines from the Psithon --> Python processed input file:
    Ag      -1.328441   -0.766976   -0.000000 
     """)
    core.IO.set_default_namespace("")
    core.set_global_option("REFERENCE", "uks")
    core.set_global_option("BASIS", "Def2-TZVPPD")
--> energy("GAM")

    Psi4 stopped on: Thursday, 28 October 2021 03:25PM
    Psi4 wall time for execution: 0:01:00.93

*** Psi4 encountered an error. Buy a developer more coffee!
*** Resources and help at github.com/psi4/psi4.
