Failed to converge: 
Failed to converge: 
Failed to converge: 
Failed to converge: 
Failed to converge: 
Failed to converge: 
Failed to converge: 
Failed to converge: 
Failed to converge: 
Failed to converge: 
Failed to converge: 
Failed to converge: 
Failed to converge: 
Failed to converge: 
Failed to converge: 
Failed to converge: 
Failed to converge: 
Failed to converge: 
Failed to converge: 
Failed to converge: 
Failed to converge: 
Failed to converge: 
Failed to converge: 
Failed to converge: 
Failed to converge: 
Failed to converge: 
Failed to converge: 
Failed to converge: 
Failed to converge: 
Failed to converge: 
Failed to converge: 
Failed to converge: 
Failed to converge: 
Failed to converge: 
Failed to converge: 
Failed to converge: 
Failed to converge: 
Failed to converge: 
Failed to converge: 
Failed to converge: 
Failed to converge: 
Failed to converge: 
Failed to converge: 
Failed to converge: 
Failed to converge: 
Failed to converge: 
Failed to converge: 
Failed to converge: 
Failed to converge: 
Failed to converge: 
Failed to converge: 
Failed to converge: 
Failed to converge: 
Failed to converge: 
Failed to converge: 
Failed to converge: 
Failed to converge: 
Failed to converge: 
Failed to converge: 
Failed to converge: 
Failed to converge: 
Failed to converge: 
Failed to converge: 
Failed to converge: 
Failed to converge: 
Failed to converge: 
Failed to converge: 
Failed to converge: 
Failed to converge: 
Failed to converge: 
Failed to converge: 
Failed to converge: 
Failed to converge: 
Failed to converge: 
Failed to converge: 
Failed to converge: 
Failed to converge: 
Failed to converge: 
Failed to converge: 
Failed to converge: 
Failed to converge: 
Failed to converge: 
Failed to converge: 
Failed to converge: 
Failed to converge: 
Failed to converge: 
Failed to converge: 
Failed to converge: 
Failed to converge: 
Failed to converge: 
Failed to converge: 
Failed to converge: 
Failed to converge: 
Failed to converge: 
Failed to converge: 
Failed to converge: 
Failed to converge: 
Failed to converge: 
Failed to converge: 
Failed to converge: 
Failed to converge: 
Failed to converge: 
Failed to converge: 
Failed to converge: 
Failed to converge: 
Failed to converge: 
Failed to converge: 
Failed to converge: 
Failed to converge: 
Failed to converge: 
Failed to converge: 
Failed to converge: 
Failed to converge: 
Failed to converge: 
Failed to converge: 
Failed to converge: 
Failed to converge: 
Failed to converge: 
Failed to converge: 
Failed to converge: 
Failed to converge: 
Failed to converge: 
Failed to converge: 
Failed to converge: 
Failed to converge: 
Failed to converge: 
Failed to converge: 
Failed to converge: 
Failed to converge: 
Failed to converge: 
Failed to converge: 
Failed to converge: 
Failed to converge: 
Failed to converge: 
Failed to converge: 
Failed to converge: 
Failed to converge: 
Failed to converge: 
Failed to converge: 
Failed to converge: 
Failed to converge: 
Failed to converge: 
Failed to converge: 
Failed to converge: 
Failed to converge: 
Failed to converge: 
Failed to converge: 
Failed to converge: 
Failed to converge: 
Failed to converge: 
Failed to converge: 
Failed to converge: 
Failed to converge: 
Failed to converge: 
Failed to converge: 
Failed to converge: 
Failed to converge: 
Failed to converge: 
Failed to converge: 
Failed to converge: 
Failed to converge: 
Failed to converge: 
Failed to converge: 
Failed to converge: 
Failed to converge: 
Failed to converge: 
Failed to converge: 
Failed to converge: 
Failed to converge: 
Failed to converge: 
Failed to converge: 
Failed to converge: 
Failed to converge: 
Failed to converge: 
Failed to converge: 
Failed to converge: 
Failed to converge: 
Failed to converge: 
Failed to converge: 
Failed to converge: 
Failed to converge: 
Failed to converge: 
Failed to converge: 
Failed to converge: 
Failed to converge: 
Failed to converge: 
Failed to converge: 
Failed to converge: 
Failed to converge: 
Failed to converge: 
Failed to converge: 
Failed to converge: 
Failed to converge: 
Failed to converge: 
Failed to converge: 
Failed to converge: 
Failed to converge: 
Failed to converge: 
Failed to converge: 
Failed to converge: 
Failed to converge: 
Failed to converge: 
Failed to converge: 
Failed to converge: 
Failed to converge: 
Failed to converge: 
Failed to converge: 
Failed to converge: 
Failed to converge: 
Failed to converge: 
Failed to converge: 
Failed to converge: 
Failed to converge: 
Failed to converge: 
Failed to converge: 
Failed to converge: 
Failed to converge: 
Failed to converge: 
Failed to converge: 
Failed to converge: 
Failed to converge: 
Failed to converge: 
Failed to converge: 
Failed to converge: 
Failed to converge: 
Failed to converge: 
Failed to converge: 
Failed to converge: 
Failed to converge: 
Failed to converge: 
Failed to converge: 
Failed to converge: 
Failed to converge: 
Failed to converge: 
Failed to converge: 
Failed to converge: 
Failed to converge: 
Failed to converge: 
Failed to converge: 
Failed to converge: 
Failed to converge: 
Failed to converge: 
Failed to converge: 
Failed to converge: 
Failed to converge: 
Failed to converge: 
Failed to converge: 
Failed to converge: 
Failed to converge: 
Failed to converge: 
Failed to converge: 
Failed to converge: 
Failed to converge: 
Failed to converge: 
Failed to converge: 
Failed to converge: 
Failed to converge: 
Failed to converge: 
Failed to converge: 
Failed to converge: 
Failed to converge: 
Failed to converge: 
Failed to converge: 
Failed to converge: 
Failed to converge: 
Failed to converge: 
Failed to converge: 
Failed to converge: 
Failed to converge: 
Failed to converge: 
Failed to converge: 
Failed to converge: 
Failed to converge: 
Failed to converge: 
Failed to converge: 
Failed to converge: 
Failed to converge: 
Failed to converge: 
Failed to converge: 
Failed to converge: 
Failed to converge: 
Failed to converge: 
Failed to converge: 
Failed to converge: 
Failed to converge: 
Failed to converge: 
Failed to converge: 
Failed to converge: 
Failed to converge: 
Failed to converge: 
Failed to converge: 
Failed to converge: 
Failed to converge: 
Failed to converge: 
Failed to converge: 
Failed to converge: 
Failed to converge: 
Failed to converge: 
Failed to converge: 
Failed to converge: 
Failed to converge: 
Failed to converge: 
Failed to converge: 
Failed to converge: 
Failed to converge: 
Failed to converge: 
Failed to converge: 
Failed to converge: 
Failed to converge: 
Failed to converge: 
Failed to converge: 
Failed to converge: 
Failed to converge: 
Failed to converge: 
Failed to converge: 
Failed to converge: 
Failed to converge: 
Failed to converge: 
Failed to converge: 
Failed to converge: 
Failed to converge: 
Failed to converge: 
Failed to converge: 
Failed to converge: 
Failed to converge: 
Failed to converge: 
Failed to converge: 
Failed to converge: 
Failed to converge: 
Failed to converge: 
Failed to converge: 
Failed to converge: 
Failed to converge: 
Failed to converge: 
Failed to converge: 
Failed to converge: 
Failed to converge: 
Failed to converge: 
Failed to converge: 
Failed to converge: 
Failed to converge: 
Failed to converge: 
Failed to converge: 
Failed to converge: 
Failed to converge: 
Failed to converge: 
Failed to converge: 
Failed to converge: 
Failed to converge: 
Failed to converge: 
Failed to converge: 
Failed to converge: 
Failed to converge: 
Failed to converge: 
Failed to converge: 
Failed to converge: 
Failed to converge: 
Failed to converge: 
Failed to converge: 
Failed to converge: 
Failed to converge: 
Failed to converge: 
Failed to converge: 
Failed to converge: 
Failed to converge: 
Failed to converge: 
Failed to converge: 
Failed to converge: 
Failed to converge: 
Failed to converge: 
Failed to converge: 
Failed to converge: 
Failed to converge: 
Failed to converge: 
Failed to converge: 
Failed to converge: 
Failed to converge: 
Failed to converge: 
Failed to converge: 
Failed to converge: 
Failed to converge: 
Failed to converge: 
Failed to converge: 
Failed to converge: 
Failed to converge: 
Failed to converge: 
Failed to converge: 
Failed to converge: 
Failed to converge: 
Failed to converge: 
Failed to converge: 
Failed to converge: 
Failed to converge: 
Failed to converge: 
Failed to converge: 
Failed to converge: 
Failed to converge: 
Failed to converge: 
Failed to converge: 
Failed to converge: 
Failed to converge: 
Failed to converge: 
Failed to converge: 
Failed to converge: 
Failed to converge: 
Failed to converge: 
Failed to converge: 
Failed to converge: 
Failed to converge: 
Failed to converge: 
Failed to converge: 
Failed to converge: 
Failed to converge: 
Failed to converge: 
Failed to converge: 
Failed to converge: 
Failed to converge: 
Failed to converge: 
Failed to converge: 
Failed to converge: 
Failed to converge: 
Failed to converge: 
Failed to converge: 
Failed to converge: 
Failed to converge: 
Failed to converge: 
Failed to converge: 
Failed to converge: 
Failed to converge: 
Failed to converge: 
Failed to converge: 
Failed to converge: 
Failed to converge: 
Failed to converge: 
Failed to converge: 
Failed to converge: 
Failed to converge: 
Failed to converge: 
Failed to converge: 
Failed to converge: 
Failed to converge: 
Failed to converge: 
Failed to converge: 
Failed to converge: 
Failed to converge: 
Failed to converge: 
Failed to converge: 
Failed to converge: 
Failed to converge: 
Failed to converge: 
Failed to converge: 
Failed to converge: 
Failed to converge: 
Failed to converge: 
Failed to converge: 
Failed to converge: 
Failed to converge: 
Failed to converge: 
Failed to converge: 
Failed to converge: 
Failed to converge: 
Failed to converge: 
Failed to converge: 
Failed to converge: 
Failed to converge: 
Failed to converge: 
Failed to converge: 
Failed to converge: 
Failed to converge: 
Failed to converge: 
Failed to converge: 
Failed to converge: 
Failed to converge: 
Failed to converge: 
Failed to converge: 
Failed to converge: 
Failed to converge: 
Failed to converge: 
Failed to converge: 
Failed to converge: 
Failed to converge: 
Failed to converge: 
Failed to converge: 
Failed to converge: 
Failed to converge: 
Failed to converge: 
Failed to converge: 
Failed to converge: 
Failed to converge: 
Failed to converge: 
Failed to converge: 
Failed to converge: 
Failed to converge: 
Failed to converge: 
Failed to converge: 
Failed to converge: 
Failed to converge: 
Failed to converge: 
Failed to converge: 
Failed to converge: 
Failed to converge: 
Failed to converge: 
Failed to converge: 
Failed to converge: 
Failed to converge: 
Failed to converge: 
Failed to converge: 
Failed to converge: 
Failed to converge: 
Failed to converge: 
Failed to converge: 
Failed to converge: 
Failed to converge: 
Failed to converge: 
Failed to converge: 
Failed to converge: 
Failed to converge: 
Failed to converge: 
Failed to converge: 
Failed to converge: 
Failed to converge: 
Failed to converge: 
Failed to converge: 
Failed to converge: 
Failed to converge: 
Failed to converge: 
Failed to converge: 
Failed to converge: 
Failed to converge: 
Failed to converge: 
Failed to converge: 
Failed to converge: 
Failed to converge: 
Failed to converge: 
Failed to converge: 
Failed to converge: 
Failed to converge: 
Failed to converge: 
Failed to converge: 
Failed to converge: 
Failed to converge: 
Failed to converge: 
Failed to converge: 
Failed to converge: 
Failed to converge: 
Failed to converge: 
Failed to converge: 
Failed to converge: 
Failed to converge: 
Failed to converge: 
Failed to converge: 
Failed to converge: 
Failed to converge: 
Failed to converge: 
Failed to converge: 
Failed to converge: 
Failed to converge: 
Failed to converge: 
Failed to converge: 
Failed to converge: 
Failed to converge: 
Failed to converge: 
Failed to converge: 
Failed to converge: 
Failed to converge: 
Failed to converge: 
Failed to converge: 
Failed to converge: 
Failed to converge: 
Failed to converge: 
Failed to converge: 
Failed to converge: 
Failed to converge: 
Failed to converge: 
Failed to converge: 
Failed to converge: 
Failed to converge: 
Failed to converge: 
Failed to converge: 
Failed to converge: 
Failed to converge: 
Failed to converge: 
Failed to converge: 
Failed to converge: 
Failed to converge: 
Failed to converge: 
Failed to converge: 
Failed to converge: 
Failed to converge: 
Failed to converge: 
Failed to converge: 
Failed to converge: 
Failed to converge: 
Failed to converge: 
Failed to converge: 
Failed to converge: 
Failed to converge: 
Failed to converge: 
Failed to converge: 
Failed to converge: 
Failed to converge: 
Failed to converge: 
Failed to converge: 
Failed to converge: 
Failed to converge: 
Failed to converge: 
Failed to converge: 
Failed to converge: 
Failed to converge: 
Failed to converge: 
Failed to converge: 
Failed to converge: 
Failed to converge: 
Failed to converge: 
Failed to converge: 
Failed to converge: 
Failed to converge: 
Failed to converge: 
Failed to converge: 
Failed to converge: 
Failed to converge: 
Failed to converge: 
Failed to converge: 
Failed to converge: 
Failed to converge: 
Failed to converge: 
Failed to converge: 
Failed to converge: 
Failed to converge: 
Failed to converge: 
Failed to converge: 
Failed to converge: 
Failed to converge: 
Failed to converge: 
Failed to converge: 
Failed to converge: 
Failed to converge: 
Failed to converge: 
Failed to converge: 
Failed to converge: 
Failed to converge: 
Failed to converge: 
Failed to converge: 
Failed to converge: 
Failed to converge: 
Failed to converge: 
Failed to converge: 
Failed to converge: 
Failed to converge: 
Failed to converge: 
Failed to converge: 
Failed to converge: 
Failed to converge: 
Failed to converge: 
Failed to converge: 
Failed to converge: 
Failed to converge: 
Failed to converge: 
Failed to converge: 
Failed to converge: 
Failed to converge: 
Failed to converge: 
Failed to converge: 
Failed to converge: 
Failed to converge: 
Failed to converge: 
Failed to converge: 
Failed to converge: 
Failed to converge: 
Failed to converge: 
Failed to converge: 
Failed to converge: 
Failed to converge: 
Failed to converge: 
Failed to converge: 
Failed to converge: 
Failed to converge: 
Failed to converge: 
Failed to converge: 
Failed to converge: 
Failed to converge: 
Failed to converge: 
Failed to converge: 
Failed to converge: 
Failed to converge: 
Failed to converge: 
Failed to converge: 
Failed to converge: 
Failed to converge: 
Failed to converge: 
Failed to converge: 
Failed to converge: 
Failed to converge: 
Failed to converge: 
Failed to converge: 
Failed to converge: 
Failed to converge: 
Failed to converge: 
Failed to converge: 
Failed to converge: 
Failed to converge: 
Failed to converge: 
Failed to converge: 
Failed to converge: 
Failed to converge: 
Failed to converge: 
Failed to converge: 
Failed to converge: 
Failed to converge: 
Failed to converge: 
Failed to converge: 
Failed to converge: 
Failed to converge: 
Failed to converge: 
Failed to converge: 
Failed to converge: 
Failed to converge: 
Failed to converge: 
Failed to converge: 
Failed to converge: 
Failed to converge: 
Failed to converge: 
Failed to converge: 
Failed to converge: 
Failed to converge: 
Failed to converge: 
Failed to converge: 
Failed to converge: 
Failed to converge: 
Failed to converge: 
Failed to converge: 
Failed to converge: 
Failed to converge: 
Failed to converge: 
Failed to converge: 
Failed to converge: 
Failed to converge: 
Failed to converge: 
Failed to converge: 
Failed to converge: 
Failed to converge: 
Failed to converge: 
Failed to converge: 
Failed to converge: 
Failed to converge: 
Failed to converge: 
Failed to converge: 
Failed to converge: 
Failed to converge: 
Failed to converge: 
Failed to converge: 
Failed to converge: 
Failed to converge: 
Failed to converge: 
Failed to converge: 
Failed to converge: 
Failed to converge: 
Failed to converge: 
Failed to converge: 
Failed to converge: 
Failed to converge: 
Failed to converge: 
Failed to converge: 
Failed to converge: 
Failed to converge: 
Failed to converge: 
Failed to converge: 
Failed to converge: 
Failed to converge: 
Failed to converge: 
Failed to converge: 
Failed to converge: 
Failed to converge: 
Failed to converge: 
Failed to converge: 
Failed to converge: 
Failed to converge: 
Failed to converge: 
Failed to converge: 
Failed to converge: 
Failed to converge: 
Failed to converge: 
Failed to converge: 
Failed to converge: 
Failed to converge: 
Failed to converge: 
Failed to converge: 
Failed to converge: 
Failed to converge: 
Failed to converge: 
Failed to converge: 
Failed to converge: 
Failed to converge: 
Failed to converge: 
Failed to converge: 
Failed to converge: 
Failed to converge: 
Failed to converge: 
Failed to converge: 
Failed to converge: 
Failed to converge: 
Failed to converge: 
Failed to converge: 
Failed to converge: 
Failed to converge: 
Failed to converge: 
Failed to converge: 
Failed to converge: 
Failed to converge: 
Failed to converge: 
Failed to converge: 
Failed to converge: 
Failed to converge: 
Failed to converge: 
Failed to converge: 
Failed to converge: 
Failed to converge: 
Failed to converge: 
Failed to converge: 
Failed to converge: 
Failed to converge: 
Failed to converge: 
Failed to converge: 
Failed to converge: 
Failed to converge: 
Failed to converge: 
Failed to converge: 
Failed to converge: 
Failed to converge: 
Failed to converge: 
Failed to converge: 
    0.134411  
      33App    0.134424    51Ap     0.134723    52Ap     0.166458  
      34App    0.166467    53Ap     0.185895    35App    0.205298  
      54Ap     0.205342    36App    0.210449    55Ap     0.217303  
      37App    0.217305    56Ap     0.304211    57Ap     0.434104  
      38App    0.434125    58Ap     0.474660    59Ap     0.496867  
      39App    0.524808    60Ap     0.524855    40App    0.574835  
      61Ap     0.574881    62Ap     0.616012    41App    0.624543  
      63Ap     0.624564    42App    0.662756    43App    0.686038  
      64Ap     0.686057    65Ap     0.706644    44App    0.725721  
      66Ap     0.725731    45App    0.752360    67Ap     0.752363  
      46App    0.767002    68Ap     0.767690    47App    0.779676  
      48App    0.787938    69Ap     0.787951    70Ap     0.800842  
      49App    0.840904    71Ap     0.840935    72Ap     0.864096  
      73Ap     0.871856    50App    0.871879    51App    0.878934  
      52App    0.928220    74Ap     0.928234    75Ap     0.947115  
      53App    0.966494    76Ap     0.966548    77Ap     0.970605  
      78Ap     0.997592    54App    1.018611    55App    1.027390  
      79Ap     1.027404    80Ap     1.033041    56App    1.033054  
      57App    1.072405    81Ap     1.072423    58App    1.081645  
      82Ap     1.081650    83Ap     1.105079    59App    1.117281  
      84Ap     1.120006    60App    1.120021    61App    1.169353  
      85Ap     1.169361    86Ap     1.232965    62App    1.265493  
      87Ap     1.265513    88Ap     1.301631    63App    1.359354  
      89Ap     1.359442    90Ap     1.478010    64App    1.478023  
      91Ap     1.482808    65App    1.503500    92Ap     2.001045  
      93Ap     2.260627    66App    2.342420    94Ap     2.342525  
      95Ap     2.600179    96Ap     2.681057    67App    2.681192  
      97Ap     2.730811    98Ap     2.910083    68App    2.938940  
      99Ap     2.939051    69App    2.973467   100Ap     2.973488  
      70App    3.041292   101Ap     3.057487    71App    3.057532  
     102Ap     3.063345    72App    3.125873    73App    3.131088  
     103Ap     3.131228   104Ap     3.167655   105Ap     3.204985  
      74App    3.205022   106Ap     3.213345    75App    3.234349  
     107Ap     3.242407    76App    3.242571   108Ap     3.294164  
      77App    3.294165    78App    3.344475   109Ap     3.344506  
     110Ap     3.351296   111Ap     3.379094    79App    3.379776  
     112Ap     3.379940    80App    3.445961   113Ap     3.483983  
      81App    3.484278   114Ap     3.499151    82App    3.499252  
     115Ap     3.564974    83App    3.595575   116Ap     3.595637  
     117Ap     3.598141    84App    3.599959    85App    3.601942  
     118Ap     3.602053    86App    3.602518   119Ap     3.606716  
      87App    3.607145    88App    3.610418   120Ap     3.610640  
      89App    3.612612   121Ap     3.627154   122Ap     3.627812  
      90App    3.627874   123Ap     3.630663    91App    3.638767  
     124Ap     3.638769    92App    3.642868   125Ap     3.642898  
      93App    3.644021   126Ap     3.644777    94App    3.679134  
     127Ap     3.679169   128Ap     3.692603    95App    3.709107  
     129Ap     3.709210    96App    3.758854   130Ap     3.758900  
      97App    3.797074   131Ap     3.841498    98App    3.841499  
     132Ap     3.885537   133Ap     4.482336    99App    4.482545  
     134Ap     4.497996   135Ap    27.182383   100App   27.182444  
     136Ap    27.416758   101App   27.416796   137Ap    28.267871  
     102App   28.268291   103App   28.654097   138Ap    28.654164  
     139Ap    28.954103   104App   30.062212   140Ap    30.062229  
     141Ap    30.241146   142Ap    43.879530   143Ap    44.216618  
     105App   44.344940   144Ap    44.344955   145Ap   204.755075  
     146Ap   204.906450   106App  204.947640   147Ap   204.947649  

    Final Occupation by Irrep:
             Ap   App 
    DOCC [    22,   15 ]
    SOCC [     1,    0 ]

  @DF-UKS Final Energy:  -544.89192273719982

   => Energetics <=

    Nuclear Repulsion Energy =            436.1544999127022493
    One-Electron Energy =               -1798.0259588519902536
    Two-Electron Energy =                 870.6259738705705331
    DFT Exchange-Correlation Energy =     -53.6464376684822568
    Empirical Dispersion Energy =           0.0000000000000000
    VV10 Nonlocal Energy =                  0.0000000000000000
    Total Energy =                       -544.8919227371997067

  UHF NO Occupations:
  HONO-2 :   15App 1.9998757
  HONO-1 :   22 Ap 1.9993987
  HONO-0 :   23 Ap 1.0000000
  LUNO+0 :   24 Ap 0.0006013
  LUNO+1 :   16App 0.0001243
  LUNO+2 :   25 Ap 0.0001241
  LUNO+3 :   26 Ap 0.0000540


Computation Completed


Properties will be evaluated at   0.000000,   0.000000,   0.000000 [a0]

Properties computed using the SCF density matrix

  Nuclear Dipole Moment: [e a0]
     X:    -0.0000      Y:     2.8461      Z:    -0.0000

  Electronic Dipole Moment: [e a0]
     X:    -0.0001      Y:    -2.3144      Z:     0.0000

  Dipole Moment: [e a0]
     X:    -0.0001      Y:     0.5317      Z:    -0.0000     Total:     0.5317

  Dipole Moment: [D]
     X:    -0.0002      Y:     1.3515      Z:    -0.0000     Total:     1.3515


*** tstop() called on compute415.bc4.acrc.priv at Tue Nov  2 11:04:37 2021
Module time:
	user time   =     757.83 seconds =      12.63 minutes
	system time =      41.22 seconds =       0.69 minutes
	total time  =         37 seconds =       0.62 minutes
Total time:
	user time   =     757.83 seconds =      12.63 minutes
	system time =      41.22 seconds =       0.69 minutes
	total time  =         37 seconds =       0.62 minutes

    Psi4 stopped on: Tuesday, 02 November 2021 11:04AM
    Psi4 wall time for execution: 0:00:37.08

*** Psi4 exiting successfully. Buy a developer a beer!
