
================================================================================
          _____________ ________ _______________ ________     _________         
         / ___________// ______ \\_____   _____// ______ \   / ________)        
        / /_________  / /      \ \     | |     / /      \ \ | (_______          
       |  __________|| |        | |    | |    | |        | | \________ \        
        \ \_________ | |        | |    | |     \ \______/ /___________) |       
         \__________||_|        |_|    |_|      \________//____________/        
                                                                                
====================================[ Qcore ]===================================

 Git describe: 2.3.0
 Compiler:     GNU 9.1.0
 Build type:   Release
 Version:      2.3.0

 Start time:   Fri Oct 22 17:18:55 2021

 Data directory: /work/zw18965/.local/qcore/share/entos/qcore/data
 Number of threads: 24
 Number of threads was determined by: command line argument
  - More threads can be used by running 'qcore -n 32'

 --------------------------------------------------------------------------------
                                command: optimize                                
 --------------------------------------------------------------------------------
 Using coordinate system:                tric

 -----------------------------
  Initial coordinates summary 
 -----------------------------
 Total coordinates:                      7
 Bond distances:                         1
 Bond angles:                            0
 Dihedral angles:                        0
 Linear bond angles:                     0
 Out-of-plane bends:                     0
 Translations:                           6
 Rotations:                              0
 Hessian update scheme:                  bfgs
 Initial hessian:                        model

 ------------------------------------------------------------------------------------------------------------
                   energy      change    grad rms    grad max    step rms    step max       trust    time (s)
 ------------------------------------------------------------------------------------------------------------
   1      -147.545491724                1.08e-03    1.87e-03                            2.00e-01        0.73
   2      -147.545504954   -1.32e-05    3.22e-04    5.58e-04    5.47e-03    1.09e-02    2.00e-01        0.38
   3      -147.545506280   -1.33e-06    5.63e-06    9.75e-06    2.33e-03    4.66e-03    2.00e-01        0.38
Rejecting step due to low quality: Quality: -34.3318 New trust radius: 2.07443e-05
   4      -147.545506266    1.39e-08    5.63e-06    9.75e-06    4.15e-05    8.30e-05    2.07e-05        0.36
 Geometry optimization stopped:          thresholds achieved

 Final energy:                        -147.545506266

 ---------------------------
  Final coordinates summary 
 ---------------------------
 Total coordinates:                      7
 Bond distances:                         1
 Bond angles:                            0
 Dihedral angles:                        0
 Linear bond angles:                     0
 Out-of-plane bends:                     0
 Translations:                           6
 Rotations:                              0

 -----------
  Final XYZ 
 -----------
2
Final structure: -147.546 hartree
Ag           0.000001668         -0.000000171          0.037676431
H           -0.000001668          0.000000171         -1.580835431

 Structure in entos input format:

  structure(
    xyz = [
      ['Ag' ,          0.000001668,         -0.000000171,          0.037676431],
      ['H'  ,         -0.000001668,          0.000000171,         -1.580835431]
    ]
  )

 --------------------------------
  Geometry optimization finished 
 --------------------------------
 Saving results in set 'opt'

 --------------------------------------------------------------------------------
                                 command: hessian                                
 --------------------------------------------------------------------------------

WARNING: semianalytic method is specified for dft hessian, which is not efficient. Try switching to 'method = analytic'


 -------------------------------
  Numerical Geometrical Hessian 
 -------------------------------

 Compute hessian using two-point central differentiation.
 Step size (bohr):                       0.0100

 Frequencies (including translational and rotational modes):
 mode    frequency (cm-1)
    0               45.99 i (imaginary)
    1               44.24 i (imaginary)
    2                0.00 i (imaginary)
    3                0.03
    4                0.18
    5             1757.70

 Project out translational and rotational motions 

 The molecule is linear

 Degrees of freedom for translational and rotational motions: 5

 Vibrational frequencies:
 mode    frequency (cm-1)
    0             1757.70

 --------------------------------------------------------------------------------

 End time:                               Fri Oct 22 17:19:03 2021
 Total wall-clock time:                  7.205 seconds
==================================================================================
