
================================================================================
          _____________ ________ _______________ ________     _________         
         / ___________// ______ \\_____   _____// ______ \   / ________)        
        / /_________  / /      \ \     | |     / /      \ \ | (_______          
       |  __________|| |        | |    | |    | |        | | \________ \        
        \ \_________ | |        | |    | |     \ \______/ /___________) |       
         \__________||_|        |_|    |_|      \________//____________/        
                                                                                
====================================[ Qcore ]===================================

 Git describe: 2.3.0
 Compiler:     GNU 9.1.0
 Build type:   Release
 Version:      2.3.0

 Start time:   Fri Oct 22 17:18:56 2021

 Data directory: /work/zw18965/.local/qcore/share/entos/qcore/data
 Number of threads: 24
 Number of threads was determined by: command line argument
  - More threads can be used by running 'qcore -n 32'

 --------------------------------------------------------------------------------
                                command: optimize                                
 --------------------------------------------------------------------------------
 Using coordinate system:                tric

 -----------------------------
  Initial coordinates summary 
 -----------------------------
 Total coordinates:                      7
 Bond distances:                         1
 Bond angles:                            0
 Dihedral angles:                        0
 Linear bond angles:                     0
 Out-of-plane bends:                     0
 Translations:                           6
 Rotations:                              0
 Hessian update scheme:                  bfgs
 Initial hessian:                        model

 ------------------------------------------------------------------------------------------------------------
                   energy      change    grad rms    grad max    step rms    step max       trust    time (s)
 ------------------------------------------------------------------------------------------------------------
   1      -293.975756968                5.37e-03    9.29e-03                            2.00e-01        0.97
   2      -293.976230480   -4.74e-04    2.08e-03    3.61e-03    3.72e-02    7.43e-02    2.00e-01        0.68
   3      -293.976325178   -9.47e-05    2.68e-04    4.64e-04    2.36e-02    4.72e-02    2.00e-01        0.68
   4      -293.976326884   -1.71e-06    1.57e-05    2.73e-05    3.48e-03    6.96e-03    2.00e-01        0.66
   5      -293.976326918   -3.40e-08    1.06e-07    1.81e-07    2.17e-04    4.35e-04    2.00e-01        0.64
 Geometry optimization stopped:          thresholds achieved

 Final energy:                        -293.976326918

 ---------------------------
  Final coordinates summary 
 ---------------------------
 Total coordinates:                      7
 Bond distances:                         1
 Bond angles:                            0
 Dihedral angles:                        0
 Linear bond angles:                     0
 Out-of-plane bends:                     0
 Translations:                           6
 Rotations:                              0

 -----------
  Final XYZ 
 -----------
2
Final structure: -293.976 hartree
Ag          -0.000002000         -0.000002000          1.295928058
Ag           0.000002000          0.000002000         -1.295928058

 Structure in entos input format:

  structure(
    xyz = [
      ['Ag' ,         -0.000002000,         -0.000002000,          1.295928058],
      ['Ag' ,          0.000002000,          0.000002000,         -1.295928058]
    ]
  )

 --------------------------------
  Geometry optimization finished 
 --------------------------------
 Saving results in set 'opt'

 --------------------------------------------------------------------------------
                                 command: hessian                                
 --------------------------------------------------------------------------------

WARNING: semianalytic method is specified for dft hessian, which is not efficient. Try switching to 'method = analytic'


 -------------------------------
  Numerical Geometrical Hessian 
 -------------------------------

 Compute hessian using two-point central differentiation.
 Step size (bohr):                       0.0100

 Frequencies (including translational and rotational modes):
 mode    frequency (cm-1)
    0               15.88 i (imaginary)
    1               15.81 i (imaginary)
    2                0.00 i (imaginary)
    3                0.03
    4                0.07
    5              174.55

 Project out translational and rotational motions 

 The molecule is linear

 Degrees of freedom for translational and rotational motions: 5

 Vibrational frequencies:
 mode    frequency (cm-1)
    0              174.55

 --------------------------------------------------------------------------------

 End time:                               Fri Oct 22 17:19:08 2021
 Total wall-clock time:                 12.379 seconds
==================================================================================
