
================================================================================
          _____________ ________ _______________ ________     _________         
         / ___________// ______ \\_____   _____// ______ \   / ________)        
        / /_________  / /      \ \     | |     / /      \ \ | (_______          
       |  __________|| |        | |    | |    | |        | | \________ \        
        \ \_________ | |        | |    | |     \ \______/ /___________) |       
         \__________||_|        |_|    |_|      \________//____________/        
                                                                                
====================================[ Qcore ]===================================

 Git describe: 2.3.0
 Compiler:     GNU 9.1.0
 Build type:   Release
 Version:      2.3.0

 Start time:   Fri Oct 22 17:18:55 2021

 Data directory: /work/zw18965/.local/qcore/share/entos/qcore/data
 Number of threads: 24
 Number of threads was determined by: command line argument
  - More threads can be used by running 'qcore -n 32'

 --------------------------------------------------------------------------------
                                command: optimize                                
 --------------------------------------------------------------------------------
 Using coordinate system:                tric

 -----------------------------
  Initial coordinates summary 
 -----------------------------
 Total coordinates:                     13
 Bond distances:                         2
 Bond angles:                            0
 Dihedral angles:                        0
 Linear bond angles:                     2
 Out-of-plane bends:                     0
 Translations:                           9
 Rotations:                              0
 Hessian update scheme:                  bfgs
 Initial hessian:                        model

 ------------------------------------------------------------------------------------------------------------
                   energy      change    grad rms    grad max    step rms    step max       trust    time (s)
 ------------------------------------------------------------------------------------------------------------
   1      -440.703467274                2.74e-03    5.81e-03                            2.00e-01        1.55
   2      -440.703846237   -3.79e-04    1.88e-03    3.99e-03    3.16e-02    3.88e-02    2.00e-01        1.26
   3      -440.704222231   -3.76e-04    2.57e-04    5.44e-04    6.90e-02    8.45e-02    2.00e-01        1.23
   4      -440.704230916   -8.69e-06    3.00e-05    6.37e-05    1.09e-02    1.34e-02    2.00e-01        1.19
   5      -440.704231451   -5.35e-07    2.67e-07    5.65e-07    1.44e-03    1.77e-03    2.00e-01        1.21
   6      -440.704231796   -3.45e-07    4.20e-07    9.21e-07    1.19e-05    1.44e-05    2.00e-01        1.08
 Geometry optimization stopped:          thresholds achieved

 Final energy:                        -440.704231796

 ---------------------------
  Final coordinates summary 
 ---------------------------
 Total coordinates:                     13
 Bond distances:                         2
 Bond angles:                            0
 Dihedral angles:                        0
 Linear bond angles:                     2
 Out-of-plane bends:                     0
 Translations:                           9
 Rotations:                              0

 -----------
  Final XYZ 
 -----------
3
Final structure: -440.704 hartree
Ag          -0.000008454          0.000003664         -0.000000756
Ag           0.000005125         -0.000000935          2.702551891
Ag           0.000003329         -0.000002729         -2.702551136

 Structure in entos input format:

  structure(
    xyz = [
      ['Ag' ,         -0.000008454,          0.000003664,         -0.000000756],
      ['Ag' ,          0.000005125,         -0.000000935,          2.702551891],
      ['Ag' ,          0.000003329,         -0.000002729,         -2.702551136]
    ]
  )

 --------------------------------
  Geometry optimization finished 
 --------------------------------
 Saving results in set 'opt'

 --------------------------------------------------------------------------------
                                 command: hessian                                
 --------------------------------------------------------------------------------

WARNING: semianalytic method is specified for dft hessian, which is not efficient. Try switching to 'method = analytic'


 -------------------------------
  Numerical Geometrical Hessian 
 -------------------------------

 Compute hessian using two-point central differentiation.
 Step size (bohr):                       0.0100

 Frequencies (including translational and rotational modes):
 mode    frequency (cm-1)
    0               41.54 i (imaginary)
    1               41.53 i (imaginary)
    2                3.95 i (imaginary)
    3                3.95 i (imaginary)
    4                0.03
    5                0.19
    6                0.22
    7               92.85
    8              156.62

 Project out translational and rotational motions 

 Degrees of freedom for translational and rotational motions: 6

 Vibrational frequencies:
 mode    frequency (cm-1)
    0               41.54 i (imaginary)
    1               92.85
    2              156.62

 --------------------------------------------------------------------------------

 End time:                               Fri Oct 22 17:19:25 2021
 Total wall-clock time:                 30.065 seconds
==================================================================================
