
================================================================================
          _____________ ________ _______________ ________     _________         
         / ___________// ______ \\_____   _____// ______ \   / ________)        
        / /_________  / /      \ \     | |     / /      \ \ | (_______          
       |  __________|| |        | |    | |    | |        | | \________ \        
        \ \_________ | |        | |    | |     \ \______/ /___________) |       
         \__________||_|        |_|    |_|      \________//____________/        
                                                                                
====================================[ Qcore ]===================================

 Git describe: 2.3.0
 Compiler:     GNU 9.1.0
 Build type:   Release
 Version:      2.3.0

 Start time:   Fri Oct 22 17:18:55 2021

 Data directory: /work/zw18965/.local/qcore/share/entos/qcore/data
 Number of threads: 24
 Number of threads was determined by: command line argument
  - More threads can be used by running 'qcore -n 32'

 --------------------------------------------------------------------------------
                                command: optimize                                
 --------------------------------------------------------------------------------
 Using coordinate system:                tric

 -----------------------------
  Initial coordinates summary 
 -----------------------------
 Total coordinates:                     12
 Bond distances:                         3
 Bond angles:                            3
 Dihedral angles:                        0
 Linear bond angles:                     0
 Out-of-plane bends:                     0
 Translations:                           3
 Rotations:                              3
 Hessian update scheme:                  bfgs
 Initial hessian:                        model

 ------------------------------------------------------------------------------------------------------------
                   energy      change    grad rms    grad max    step rms    step max       trust    time (s)
 ------------------------------------------------------------------------------------------------------------
   1      -440.749910478                6.06e-03    1.05e-02                            2.00e-01        1.62
   2      -440.750744247   -8.34e-04    3.16e-03    5.51e-03    3.50e-02    6.07e-02    2.00e-01        1.34
   3      -440.751098259   -3.54e-04    4.41e-04    7.81e-04    3.83e-02    6.66e-02    2.00e-01        1.30
   4      -440.751106227   -7.97e-06    3.99e-05    7.90e-05    6.20e-03    1.09e-02    2.00e-01        1.28
   5      -440.751106343   -1.17e-07    4.10e-06    7.79e-06    6.14e-04    1.12e-03    2.00e-01        1.25
 Geometry optimization stopped:          thresholds achieved

 Final energy:                        -440.751106343

 ---------------------------
  Final coordinates summary 
 ---------------------------
 Total coordinates:                     12
 Bond distances:                         3
 Bond angles:                            3
 Dihedral angles:                        0
 Linear bond angles:                     0
 Out-of-plane bends:                     0
 Translations:                           3
 Rotations:                              3

 -----------
  Final XYZ 
 -----------
3
Final structure: -440.751 hartree
Ag           0.000007378          1.572630376          0.000010751
Ag           1.361236764         -0.786319880         -0.000009100
Ag          -1.361244142         -0.786309496         -0.000001651

 Structure in entos input format:

  structure(
    xyz = [
      ['Ag' ,          0.000007378,          1.572630376,          0.000010751],
      ['Ag' ,          1.361236764,         -0.786319880,         -0.000009100],
      ['Ag' ,         -1.361244142,         -0.786309496,         -0.000001651]
    ]
  )

 --------------------------------
  Geometry optimization finished 
 --------------------------------
 Saving results in set 'opt'

 --------------------------------------------------------------------------------
                                 command: hessian                                
 --------------------------------------------------------------------------------

WARNING: semianalytic method is specified for dft hessian, which is not efficient. Try switching to 'method = analytic'


 -------------------------------
  Numerical Geometrical Hessian 
 -------------------------------

 Compute hessian using two-point central differentiation.
 Step size (bohr):                       0.0100

 Frequencies (including translational and rotational modes):
 mode    frequency (cm-1)
    0                5.76 i (imaginary)
    1                5.06 i (imaginary)
    2                1.81 i (imaginary)
    3                0.01
    4                0.14
    5                0.17
    6              111.02
    7              111.38
    8              164.57

 Project out translational and rotational motions 

 Degrees of freedom for translational and rotational motions: 6

 Vibrational frequencies:
 mode    frequency (cm-1)
    0              111.02
    1              111.38
    2              164.57

 --------------------------------------------------------------------------------

 End time:                               Fri Oct 22 17:19:27 2021
 Total wall-clock time:                 31.320 seconds
==================================================================================
