
================================================================================
          _____________ ________ _______________ ________     _________         
         / ___________// ______ \\_____   _____// ______ \   / ________)        
        / /_________  / /      \ \     | |     / /      \ \ | (_______          
       |  __________|| |        | |    | |    | |        | | \________ \        
        \ \_________ | |        | |    | |     \ \______/ /___________) |       
         \__________||_|        |_|    |_|      \________//____________/        
                                                                                
====================================[ Qcore ]===================================

 Git describe: 2.3.0
 Compiler:     GNU 9.1.0
 Build type:   Release
 Version:      2.3.0

 Start time:   Fri Oct 22 17:18:55 2021

 Data directory: /work/zw18965/.local/qcore/share/entos/qcore/data
 Number of threads: 24
 Number of threads was determined by: command line argument
  - More threads can be used by running 'qcore -n 32'

 --------------------------------------------------------------------------------
                                command: optimize                                
 --------------------------------------------------------------------------------
 Using coordinate system:                tric

 -----------------------------
  Initial coordinates summary 
 -----------------------------
 Total coordinates:                     13
 Bond distances:                         2
 Bond angles:                            0
 Dihedral angles:                        0
 Linear bond angles:                     2
 Out-of-plane bends:                     0
 Translations:                           9
 Rotations:                              0
 Hessian update scheme:                  bfgs
 Initial hessian:                        model

 ------------------------------------------------------------------------------------------------------------
                   energy      change    grad rms    grad max    step rms    step max       trust    time (s)
 ------------------------------------------------------------------------------------------------------------
   1      -440.961325708                3.33e-03    7.07e-03                            2.00e-01        2.07
   2      -440.961860580   -5.35e-04    2.04e-03    4.33e-03    3.85e-02    4.71e-02    2.00e-01        1.54
   3      -440.962217455   -3.57e-04    2.59e-04    5.51e-04    6.08e-02    7.44e-02    2.00e-01        1.58
   4      -440.962224554   -7.10e-06    2.50e-05    5.31e-05    8.85e-03    1.08e-02    2.00e-01        1.53
   5      -440.962224909   -3.55e-07    2.29e-07    5.47e-07    9.45e-04    1.16e-03    2.00e-01        1.41
 Geometry optimization stopped:          thresholds achieved

 Final energy:                        -440.962224909

 ---------------------------
  Final coordinates summary 
 ---------------------------
 Total coordinates:                     13
 Bond distances:                         2
 Bond angles:                            0
 Dihedral angles:                        0
 Linear bond angles:                     2
 Out-of-plane bends:                     0
 Translations:                           9
 Rotations:                              0

 -----------
  Final XYZ 
 -----------
3
Final structure: -440.962 hartree
Ag          -0.000001175          0.000007360          0.000001298
Ag           0.000000371         -0.000004057          2.663209833
Ag           0.000000803         -0.000003304         -2.663211131

 Structure in entos input format:

  structure(
    xyz = [
      ['Ag' ,         -0.000001175,          0.000007360,          0.000001298],
      ['Ag' ,          0.000000371,         -0.000004057,          2.663209833],
      ['Ag' ,          0.000000803,         -0.000003304,         -2.663211131]
    ]
  )

 --------------------------------
  Geometry optimization finished 
 --------------------------------
 Saving results in set 'opt'

 --------------------------------------------------------------------------------
                                 command: hessian                                
 --------------------------------------------------------------------------------

WARNING: semianalytic method is specified for dft hessian, which is not efficient. Try switching to 'method = analytic'


 -------------------------------
  Numerical Geometrical Hessian 
 -------------------------------

 Compute hessian using two-point central differentiation.
 Step size (bohr):                       0.0100

 Frequencies (including translational and rotational modes):
 mode    frequency (cm-1)
    0               17.45 i (imaginary)
    1               17.41 i (imaginary)
    2                7.00 i (imaginary)
    3                7.00 i (imaginary)
    4                0.01 i (imaginary)
    5                0.04
    6                0.06
    7              105.19
    8              167.80

 Project out translational and rotational motions 

 Degrees of freedom for translational and rotational motions: 6

 Vibrational frequencies:
 mode    frequency (cm-1)
    0               17.41 i (imaginary)
    1              105.19
    2              167.80

 --------------------------------------------------------------------------------

 End time:                               Fri Oct 22 17:19:33 2021
 Total wall-clock time:                 37.587 seconds
==================================================================================
