
================================================================================
          _____________ ________ _______________ ________     _________         
         / ___________// ______ \\_____   _____// ______ \   / ________)        
        / /_________  / /      \ \     | |     / /      \ \ | (_______          
       |  __________|| |        | |    | |    | |        | | \________ \        
        \ \_________ | |        | |    | |     \ \______/ /___________) |       
         \__________||_|        |_|    |_|      \________//____________/        
                                                                                
====================================[ Qcore ]===================================

 Git describe: 2.3.0
 Compiler:     GNU 9.1.0
 Build type:   Release
 Version:      2.3.0

 Start time:   Fri Oct 22 17:18:55 2021

 Data directory: /work/zw18965/.local/qcore/share/entos/qcore/data
 Number of threads: 24
 Number of threads was determined by: command line argument
  - More threads can be used by running 'qcore -n 32'

 --------------------------------------------------------------------------------
                                command: optimize                                
 --------------------------------------------------------------------------------
 Using coordinate system:                tric

 -----------------------------
  Initial coordinates summary 
 -----------------------------
 Total coordinates:                     12
 Bond distances:                         3
 Bond angles:                            3
 Dihedral angles:                        0
 Linear bond angles:                     0
 Out-of-plane bends:                     0
 Translations:                           3
 Rotations:                              3
 Hessian update scheme:                  bfgs
 Initial hessian:                        model

 ------------------------------------------------------------------------------------------------------------
                   energy      change    grad rms    grad max    step rms    step max       trust    time (s)
 ------------------------------------------------------------------------------------------------------------
   1      -440.958162972                8.30e-03    2.02e-02                            2.00e-01        2.04
   2      -440.960292739   -2.13e-03    4.96e-03    1.21e-02    6.48e-02    1.12e-01    2.00e-01        1.61
   3      -440.961761881   -1.47e-03    1.40e-03    3.31e-03    9.75e-02    1.68e-01    2.00e-01        1.70
   4      -440.961899096   -1.37e-04    4.85e-04    9.05e-04    3.35e-02    6.12e-02    2.00e-01        1.61
   5      -440.961911809   -1.27e-05    1.77e-04    3.81e-04    1.12e-02    2.28e-02    2.00e-01        1.60
   6      -440.961913066   -1.26e-06    1.21e-04    1.90e-04    2.54e-03    5.96e-03    2.00e-01        1.53
   7      -440.961914878   -1.81e-06    2.15e-04    3.77e-04    3.69e-03    7.70e-03    2.00e-01        1.53
   8      -440.962022310   -1.07e-04    4.60e-03    8.97e-03    1.81e-01    3.74e-01    2.83e-01        1.69
   9      -440.962077784   -5.55e-05    3.20e-03    6.31e-03    8.13e-02    1.79e-01    2.83e-01        1.64
  10      -440.962451303   -3.74e-04    3.91e-03    8.05e-03    8.91e-02    1.18e-01    2.83e-01        1.64
Rejecting step due to low quality: Quality: -3.26324 New trust radius: 0.14208
  11      -440.959680160    2.77e-03    3.91e-03    8.05e-03    2.84e-01    4.57e-01    1.42e-01        1.67
  12      -440.962415396    3.59e-05    2.91e-03    6.16e-03    1.44e-01    2.30e-01    7.19e-02        1.65
  13      -440.962781651   -3.66e-04    2.90e-03    6.60e-03    7.18e-02    1.01e-01    1.02e-01        1.66
  14      -440.962934539   -1.53e-04    2.40e-03    5.46e-03    3.35e-02    6.29e-02    1.02e-01        1.57
  15      -440.963145716   -2.11e-04    1.52e-03    3.19e-03    3.50e-02    8.22e-02    1.02e-01        1.62
  16      -440.963351644   -2.06e-04    8.17e-04    1.37e-03    4.74e-02    7.19e-02    1.02e-01        1.64
  17      -440.963516333   -1.65e-04    4.93e-04    9.20e-04    5.79e-02    1.20e-01    1.02e-01        1.55
  18      -440.963587906   -7.16e-05    2.45e-04    5.81e-04    5.64e-02    1.24e-01    1.02e-01        1.54
  19      -440.963601791   -1.39e-05    8.37e-05    1.79e-04    2.93e-02    6.62e-02    1.02e-01        1.50
  20      -440.963603956   -2.17e-06    1.42e-05    3.26e-05    1.48e-02    3.38e-02    1.02e-01        1.48
  21      -440.963604129   -1.73e-07    1.40e-05    2.65e-05    3.77e-03    8.46e-03    1.02e-01        1.38
  22      -440.963604238   -1.09e-07    1.56e-05    2.54e-05    2.32e-03    5.16e-03    1.02e-01        1.35
  23      -440.963604818   -5.80e-07    2.21e-05    3.79e-05    4.72e-03    1.16e-02    1.02e-01        1.40
  24      -440.963606785   -1.97e-06    3.92e-05    6.54e-05    1.14e-02    4.45e-02    1.02e-01        1.47
Rejecting step due to low quality: Quality: -2.77178 New trust radius: 0.0505566
  25      -440.963561952    4.48e-05    3.92e-05    6.54e-05    1.01e-01    4.39e-01    5.06e-02        1.65
  26      -440.963617082   -1.03e-05    1.06e-04    2.12e-04    5.02e-02    2.18e-01    7.15e-02        1.57
  27      -440.963614611    2.47e-06    4.41e-05    8.62e-05    2.68e-02    1.07e-01    1.34e-02        1.54
  28      -440.963618280   -3.67e-06    3.67e-05    7.61e-05    1.28e-02    6.18e-02    1.90e-02        1.50
  29      -440.963618843   -5.63e-07    3.40e-05    6.83e-05    8.30e-03    5.13e-02    1.90e-02        1.49
  30      -440.963619671   -8.28e-07    2.81e-05    4.90e-05    6.94e-03    2.29e-02    1.90e-02        1.46
  31      -440.963620064   -3.94e-07    2.01e-05    3.34e-05    6.27e-03    1.39e-02    1.90e-02        1.43
  32      -440.963620697   -6.33e-07    5.19e-06    1.20e-05    1.07e-02    2.37e-02    1.90e-02        1.45
  33      -440.963620862   -1.65e-07    2.62e-06    5.41e-06    1.92e-03    8.39e-03    1.90e-02        1.45
  34      -440.963620923   -6.09e-08    9.97e-07    2.01e-06    8.44e-04    8.94e-03    1.90e-02        1.40
  35      -440.963621108   -1.85e-07    9.97e-07    1.82e-06    7.61e-05    8.70e-04    1.90e-02        1.31
 Geometry optimization stopped:          thresholds achieved

 Final energy:                        -440.963621108

 ---------------------------
  Final coordinates summary 
 ---------------------------
 Total coordinates:                     12
 Bond distances:                         3
 Bond angles:                            3
 Dihedral angles:                        0
 Linear bond angles:                     0
 Out-of-plane bends:                     0
 Translations:                           3
 Rotations:                              3

 -----------
  Final XYZ 
 -----------
3
Final structure: -440.964 hartree
Ag           0.051252268          1.775348503         -0.001697076
Ag           1.270074194         -0.589325124         -0.007620592
Ag          -1.321326460         -1.186024380          0.009317667

 Structure in entos input format:

  structure(
    xyz = [
      ['Ag' ,          0.051252268,          1.775348503,         -0.001697076],
      ['Ag' ,          1.270074194,         -0.589325124,         -0.007620592],
      ['Ag' ,         -1.321326460,         -1.186024380,          0.009317667]
    ]
  )

 --------------------------------
  Geometry optimization finished 
 --------------------------------
 Saving results in set 'opt'

 --------------------------------------------------------------------------------
                                 command: hessian                                
 --------------------------------------------------------------------------------

WARNING: semianalytic method is specified for dft hessian, which is not efficient. Try switching to 'method = analytic'


 -------------------------------
  Numerical Geometrical Hessian 
 -------------------------------

 Compute hessian using two-point central differentiation.
 Step size (bohr):                       0.0100

 Frequencies (including translational and rotational modes):
 mode    frequency (cm-1)
    0                0.55 i (imaginary)
    1                0.17 i (imaginary)
    2                0.06 i (imaginary)
    3                2.46
    4                8.84
    5                9.05
    6               25.64
    7              123.53
    8              161.02

 Project out translational and rotational motions 

 Degrees of freedom for translational and rotational motions: 6

 Vibrational frequencies:
 mode    frequency (cm-1)
    0               25.61
    1              123.52
    2              161.02

 --------------------------------------------------------------------------------

 End time:                               Fri Oct 22 17:20:17 2021
 Total wall-clock time:                 82.027 seconds
==================================================================================
