
================================================================================
          _____________ ________ _______________ ________     _________         
         / ___________// ______ \\_____   _____// ______ \   / ________)        
        / /_________  / /      \ \     | |     / /      \ \ | (_______          
       |  __________|| |        | |    | |    | |        | | \________ \        
        \ \_________ | |        | |    | |     \ \______/ /___________) |       
         \__________||_|        |_|    |_|      \________//____________/        
                                                                                
====================================[ Qcore ]===================================

 Git describe: 2.3.0
 Compiler:     GNU 9.1.0
 Build type:   Release
 Version:      2.3.0

 Start time:   Fri Oct 22 17:18:55 2021

 Data directory: /work/zw18965/.local/qcore/share/entos/qcore/data
 Number of threads: 24
 Number of threads was determined by: command line argument

 --------------------------------------------------------------------------------
                                command: optimize                                
 --------------------------------------------------------------------------------
 Using coordinate system:                tric

 -----------------------------
  Initial coordinates summary 
 -----------------------------
 Total coordinates:                      7
 Bond distances:                         1
 Bond angles:                            0
 Dihedral angles:                        0
 Linear bond angles:                     0
 Out-of-plane bends:                     0
 Translations:                           6
 Rotations:                              0
 Hessian update scheme:                  bfgs
 Initial hessian:                        model

 ------------------------------------------------------------------------------------------------------------
                   energy      change    grad rms    grad max    step rms    step max       trust    time (s)
 ------------------------------------------------------------------------------------------------------------
   1      -235.533199934                5.94e-03    1.03e-02                            2.00e-01        0.94
   2      -235.533429266   -2.29e-04    2.00e-03    3.46e-03    1.68e-02    3.35e-02    2.00e-01        0.53
   3      -235.533460815   -3.15e-05    1.55e-04    2.68e-04    8.48e-03    1.70e-02    2.00e-01        0.57
   4      -235.533461024   -2.08e-07    4.76e-06    8.24e-06    7.13e-04    1.43e-03    2.00e-01        0.52
   5      -235.533461024   -4.67e-10    1.07e-07    1.41e-07    2.26e-05    4.52e-05    2.00e-01        0.49
 Geometry optimization stopped:          thresholds achieved

 Final energy:                        -235.533461024

 ---------------------------
  Final coordinates summary 
 ---------------------------
 Total coordinates:                      7
 Bond distances:                         1
 Bond angles:                            0
 Dihedral angles:                        0
 Linear bond angles:                     0
 Out-of-plane bends:                     0
 Translations:                           6
 Rotations:                              0

 -----------
  Final XYZ 
 -----------
2
Final structure: -235.533 hartree
Au          -0.000002441         -0.000001188          0.210604399
F            0.000002441          0.000001188         -1.741682399

 Structure in entos input format:

  structure(
    xyz = [
      ['Au' ,         -0.000002441,         -0.000001188,          0.210604399],
      ['F'  ,          0.000002441,          0.000001188,         -1.741682399]
    ]
  )

 --------------------------------
  Geometry optimization finished 
 --------------------------------
 Saving results in set 'opt'

 --------------------------------------------------------------------------------
                                 command: hessian                                
 --------------------------------------------------------------------------------

WARNING: semianalytic method is specified for dft hessian, which is not efficient. Try switching to 'method = analytic'


 -------------------------------
  Numerical Geometrical Hessian 
 -------------------------------

 Compute hessian using two-point central differentiation.
 Step size (bohr):                       0.0100

 Frequencies (including translational and rotational modes):
 mode    frequency (cm-1)
    0                0.03 i (imaginary)
    1                0.03 i (imaginary)
    2                0.00 i (imaginary)
    3               57.92
    4               58.13
    5              526.49

 Project out translational and rotational motions 

 The molecule is linear

 Degrees of freedom for translational and rotational motions: 5

 Vibrational frequencies:
 mode    frequency (cm-1)
    0              526.49

 --------------------------------------------------------------------------------

 End time:                               Fri Oct 22 17:19:06 2021
 Total wall-clock time:                 10.412 seconds
==================================================================================
