
================================================================================
          _____________ ________ _______________ ________     _________         
         / ___________// ______ \\_____   _____// ______ \   / ________)        
        / /_________  / /      \ \     | |     / /      \ \ | (_______          
       |  __________|| |        | |    | |    | |        | | \________ \        
        \ \_________ | |        | |    | |     \ \______/ /___________) |       
         \__________||_|        |_|    |_|      \________//____________/        
                                                                                
====================================[ Qcore ]===================================

 Git describe: 2.3.0
 Compiler:     GNU 9.1.0
 Build type:   Release
 Version:      2.3.0

 Start time:   Fri Oct 22 17:18:55 2021

 Data directory: /work/zw18965/.local/qcore/share/entos/qcore/data
 Number of threads: 24
 Number of threads was determined by: command line argument
  - More threads can be used by running 'qcore -n 32'

 --------------------------------------------------------------------------------
                                command: optimize                                
 --------------------------------------------------------------------------------
 Using coordinate system:                tric

 -----------------------------
  Initial coordinates summary 
 -----------------------------
 Total coordinates:                      7
 Bond distances:                         1
 Bond angles:                            0
 Dihedral angles:                        0
 Linear bond angles:                     0
 Out-of-plane bends:                     0
 Translations:                           6
 Rotations:                              0
 Hessian update scheme:                  bfgs
 Initial hessian:                        model

 ------------------------------------------------------------------------------------------------------------
                   energy      change    grad rms    grad max    step rms    step max       trust    time (s)
 ------------------------------------------------------------------------------------------------------------
   1      -136.302341773                4.11e-03    7.11e-03                            2.00e-01        0.71
   2      -136.302464887   -1.23e-04    7.19e-04    1.24e-03    1.49e-02    2.97e-02    2.00e-01        0.40
   3      -136.302468706   -3.82e-06    3.47e-05    6.00e-05    3.15e-03    6.31e-03    2.00e-01        0.40
   4      -136.302468716   -9.75e-09    2.00e-07    3.45e-07    1.60e-04    3.20e-04    2.00e-01        0.39
 Geometry optimization stopped:          thresholds achieved

 Final energy:                        -136.302468716

 ---------------------------
  Final coordinates summary 
 ---------------------------
 Total coordinates:                      7
 Bond distances:                         1
 Bond angles:                            0
 Dihedral angles:                        0
 Linear bond angles:                     0
 Out-of-plane bends:                     0
 Translations:                           6
 Rotations:                              0

 -----------
  Final XYZ 
 -----------
2
Final structure: -136.302 hartree
Au          -0.000000378          0.000000101          0.028653927
H            0.000000378         -0.000000101         -1.513310927

 Structure in entos input format:

  structure(
    xyz = [
      ['Au' ,         -0.000000378,          0.000000101,          0.028653927],
      ['H'  ,          0.000000378,         -0.000000101,         -1.513310927]
    ]
  )

 --------------------------------
  Geometry optimization finished 
 --------------------------------
 Saving results in set 'opt'

 --------------------------------------------------------------------------------
                                 command: hessian                                
 --------------------------------------------------------------------------------

WARNING: semianalytic method is specified for dft hessian, which is not efficient. Try switching to 'method = analytic'


 -------------------------------
  Numerical Geometrical Hessian 
 -------------------------------

 Compute hessian using two-point central differentiation.
 Step size (bohr):                       0.0100

 Frequencies (including translational and rotational modes):
 mode    frequency (cm-1)
    0                0.03 i (imaginary)
    1                0.01 i (imaginary)
    2                0.00 i (imaginary)
    3               66.97
    4               67.23
    5             2217.13

 Project out translational and rotational motions 

 The molecule is linear

 Degrees of freedom for translational and rotational motions: 5

 Vibrational frequencies:
 mode    frequency (cm-1)
    0             2217.13

 --------------------------------------------------------------------------------

 End time:                               Fri Oct 22 17:19:02 2021
 Total wall-clock time:                  7.256 seconds
==================================================================================
