
================================================================================
          _____________ ________ _______________ ________     _________         
         / ___________// ______ \\_____   _____// ______ \   / ________)        
        / /_________  / /      \ \     | |     / /      \ \ | (_______          
       |  __________|| |        | |    | |    | |        | | \________ \        
        \ \_________ | |        | |    | |     \ \______/ /___________) |       
         \__________||_|        |_|    |_|      \________//____________/        
                                                                                
====================================[ Qcore ]===================================

 Git describe: 2.3.0
 Compiler:     GNU 9.1.0
 Build type:   Release
 Version:      2.3.0

 Start time:   Fri Oct 22 17:18:55 2021

 Data directory: /work/zw18965/.local/qcore/share/entos/qcore/data
 Number of threads: 24
 Number of threads was determined by: command line argument

 --------------------------------------------------------------------------------
                                command: optimize                                
 --------------------------------------------------------------------------------
 Using coordinate system:                tric

 -----------------------------
  Initial coordinates summary 
 -----------------------------
 Total coordinates:                      7
 Bond distances:                         1
 Bond angles:                            0
 Dihedral angles:                        0
 Linear bond angles:                     0
 Out-of-plane bends:                     0
 Translations:                           6
 Rotations:                              0
 Hessian update scheme:                  bfgs
 Initial hessian:                        model

 ------------------------------------------------------------------------------------------------------------
                   energy      change    grad rms    grad max    step rms    step max       trust    time (s)
 ------------------------------------------------------------------------------------------------------------
   1      -271.455442724                9.11e-03    1.58e-02                            2.00e-01        1.07
   2      -271.456401791   -9.59e-04    1.12e-04    1.93e-04    6.31e-02    1.26e-01    2.00e-01        0.81
   3      -271.456401950   -1.59e-07    1.65e-05    2.85e-05    7.83e-04    1.57e-03    2.00e-01        0.74
   4      -271.456401968   -1.83e-08    1.84e-07    3.17e-07    1.35e-04    2.71e-04    2.00e-01        0.69
 Geometry optimization stopped:          thresholds achieved

 Final energy:                        -271.456401968

 ---------------------------
  Final coordinates summary 
 ---------------------------
 Total coordinates:                      7
 Bond distances:                         1
 Bond angles:                            0
 Dihedral angles:                        0
 Linear bond angles:                     0
 Out-of-plane bends:                     0
 Translations:                           6
 Rotations:                              0

 -----------
  Final XYZ 
 -----------
2
Final structure: -271.456 hartree
Au           0.000004696          0.000001631          1.273444266
Au          -0.000004696         -0.000001631         -1.273444266

 Structure in entos input format:

  structure(
    xyz = [
      ['Au' ,          0.000004696,          0.000001631,          1.273444266],
      ['Au' ,         -0.000004696,         -0.000001631,         -1.273444266]
    ]
  )

 --------------------------------
  Geometry optimization finished 
 --------------------------------
 Saving results in set 'opt'

 --------------------------------------------------------------------------------
                                 command: hessian                                
 --------------------------------------------------------------------------------

WARNING: semianalytic method is specified for dft hessian, which is not efficient. Try switching to 'method = analytic'


 -------------------------------
  Numerical Geometrical Hessian 
 -------------------------------

 Compute hessian using two-point central differentiation.
 Step size (bohr):                       0.0100

 Frequencies (including translational and rotational modes):
 mode    frequency (cm-1)
    0               12.46 i (imaginary)
    1               12.38 i (imaginary)
    2                0.00 i (imaginary)
    3                0.09
    4                0.17
    5              167.55

 Project out translational and rotational motions 

 The molecule is linear

 Degrees of freedom for translational and rotational motions: 5

 Vibrational frequencies:
 mode    frequency (cm-1)
    0              167.55

 --------------------------------------------------------------------------------

 End time:                               Fri Oct 22 17:19:08 2021
 Total wall-clock time:                 13.439 seconds
==================================================================================
