
================================================================================
          _____________ ________ _______________ ________     _________         
         / ___________// ______ \\_____   _____// ______ \   / ________)        
        / /_________  / /      \ \     | |     / /      \ \ | (_______          
       |  __________|| |        | |    | |    | |        | | \________ \        
        \ \_________ | |        | |    | |     \ \______/ /___________) |       
         \__________||_|        |_|    |_|      \________//____________/        
                                                                                
====================================[ Qcore ]===================================

 Git describe: 2.3.0
 Compiler:     GNU 9.1.0
 Build type:   Release
 Version:      2.3.0

 Start time:   Fri Oct 22 17:19:08 2021

 Data directory: /work/zw18965/.local/qcore/share/entos/qcore/data
 Number of threads: 24
 Number of threads was determined by: command line argument

 --------------------------------------------------------------------------------
                                command: optimize                                
 --------------------------------------------------------------------------------
 Using coordinate system:                tric

 -----------------------------
  Initial coordinates summary 
 -----------------------------
 Total coordinates:                     12
 Bond distances:                         3
 Bond angles:                            3
 Dihedral angles:                        0
 Linear bond angles:                     0
 Out-of-plane bends:                     0
 Translations:                           3
 Rotations:                              3
 Hessian update scheme:                  bfgs
 Initial hessian:                        model

 ------------------------------------------------------------------------------------------------------------
                   energy      change    grad rms    grad max    step rms    step max       trust    time (s)
 ------------------------------------------------------------------------------------------------------------
   1      -407.178932822                1.15e-02    2.72e-02                            2.00e-01        2.69
   2      -407.182134930   -3.20e-03    4.33e-03    1.06e-02    8.21e-02    1.51e-01    2.00e-01        2.05
   3      -407.182937054   -8.02e-04    1.24e-03    3.03e-03    5.83e-02    9.78e-02    2.00e-01        2.12
   4      -407.183022024   -8.50e-05    2.31e-04    5.22e-04    2.37e-02    3.93e-02    2.00e-01        1.88
   5      -407.183024392   -2.37e-06    4.14e-05    7.58e-05    4.18e-03    7.65e-03    2.00e-01        1.82
   6      -407.183024448   -5.65e-08    7.24e-06    1.60e-05    4.08e-04    8.00e-04    2.00e-01        1.67
 Geometry optimization stopped:          thresholds achieved

 Final energy:                        -407.183024448

 ---------------------------
  Final coordinates summary 
 ---------------------------
 Total coordinates:                     12
 Bond distances:                         3
 Bond angles:                            3
 Dihedral angles:                        0
 Linear bond angles:                     0
 Out-of-plane bends:                     0
 Translations:                           3
 Rotations:                              3

 -----------
  Final XYZ 
 -----------
3
Final structure: -407.183 hartree
Au           0.000024809          1.639597740         -0.000007368
Au           1.298824009         -0.819760152         -0.000009607
Au          -1.298848818         -0.819837588          0.000016975

 Structure in entos input format:

  structure(
    xyz = [
      ['Au' ,          0.000024809,          1.639597740,         -0.000007368],
      ['Au' ,          1.298824009,         -0.819760152,         -0.000009607],
      ['Au' ,         -1.298848818,         -0.819837588,          0.000016975]
    ]
  )

 --------------------------------
  Geometry optimization finished 
 --------------------------------
 Saving results in set 'opt'

 --------------------------------------------------------------------------------
                                 command: hessian                                
 --------------------------------------------------------------------------------

WARNING: semianalytic method is specified for dft hessian, which is not efficient. Try switching to 'method = analytic'


 -------------------------------
  Numerical Geometrical Hessian 
 -------------------------------

 Compute hessian using two-point central differentiation.
 Step size (bohr):                       0.0100

 Frequencies (including translational and rotational modes):
 mode    frequency (cm-1)
    0               79.85 i (imaginary)
    1               11.07 i (imaginary)
    2                7.97 i (imaginary)
    3                5.15 i (imaginary)
    4                0.03 i (imaginary)
    5                0.03
    6                0.25
    7               96.58
    8              159.29

 Project out translational and rotational motions 

 Degrees of freedom for translational and rotational motions: 6

 Vibrational frequencies:
 mode    frequency (cm-1)
    0               79.84 i (imaginary)
    1               96.58
    2              159.29

 --------------------------------------------------------------------------------

 End time:                               Fri Oct 22 17:19:56 2021
 Total wall-clock time:                 48.508 seconds
==================================================================================
