
================================================================================
          _____________ ________ _______________ ________     _________         
         / ___________// ______ \\_____   _____// ______ \   / ________)        
        / /_________  / /      \ \     | |     / /      \ \ | (_______          
       |  __________|| |        | |    | |    | |        | | \________ \        
        \ \_________ | |        | |    | |     \ \______/ /___________) |       
         \__________||_|        |_|    |_|      \________//____________/        
                                                                                
====================================[ Qcore ]===================================

 Git describe: 2.3.0
 Compiler:     GNU 9.1.0
 Build type:   Release
 Version:      2.3.0

 Start time:   Fri Oct 22 17:19:06 2021

 Data directory: /work/zw18965/.local/qcore/share/entos/qcore/data
 Number of threads: 24
 Number of threads was determined by: command line argument
  - More threads can be used by running 'qcore -n 32'

 --------------------------------------------------------------------------------
                                command: optimize                                
 --------------------------------------------------------------------------------
 Using coordinate system:                tric

 -----------------------------
  Initial coordinates summary 
 -----------------------------
 Total coordinates:                     13
 Bond distances:                         2
 Bond angles:                            0
 Dihedral angles:                        0
 Linear bond angles:                     2
 Out-of-plane bends:                     0
 Translations:                           9
 Rotations:                              0
 Hessian update scheme:                  bfgs
 Initial hessian:                        model

 ------------------------------------------------------------------------------------------------------------
                   energy      change    grad rms    grad max    step rms    step max       trust    time (s)
 ------------------------------------------------------------------------------------------------------------
   1      -406.868431043                4.48e-03    9.50e-03                            2.00e-01        1.85
   2      -406.869289458   -8.58e-04    1.99e-03    4.21e-03    5.17e-02    6.33e-02    2.00e-01        1.53
   3      -406.869529008   -2.40e-04    2.79e-04    5.94e-04    4.12e-02    5.05e-02    2.00e-01        1.62
   4      -406.869532908   -3.90e-06    2.15e-05    4.67e-05    6.74e-03    8.27e-03    2.00e-01        1.53
   5      -406.869533069   -1.61e-07    8.91e-07    1.62e-06    5.61e-04    6.98e-04    2.00e-01        1.44
 Geometry optimization stopped:          thresholds achieved

 Final energy:                        -406.869533069

 ---------------------------
  Final coordinates summary 
 ---------------------------
 Total coordinates:                     13
 Bond distances:                         2
 Bond angles:                            0
 Dihedral angles:                        0
 Linear bond angles:                     2
 Out-of-plane bends:                     0
 Translations:                           9
 Rotations:                              0

 -----------
  Final XYZ 
 -----------
3
Final structure: -406.87 hartree
Au          -0.000017774          0.000014173          0.000005204
Au           0.000009376         -0.000005838          2.641821865
Au           0.000008399         -0.000008335         -2.641827069

 Structure in entos input format:

  structure(
    xyz = [
      ['Au' ,         -0.000017774,          0.000014173,          0.000005204],
      ['Au' ,          0.000009376,         -0.000005838,          2.641821865],
      ['Au' ,          0.000008399,         -0.000008335,         -2.641827069]
    ]
  )

 --------------------------------
  Geometry optimization finished 
 --------------------------------
 Saving results in set 'opt'

 --------------------------------------------------------------------------------
                                 command: hessian                                
 --------------------------------------------------------------------------------

WARNING: semianalytic method is specified for dft hessian, which is not efficient. Try switching to 'method = analytic'


 -------------------------------
  Numerical Geometrical Hessian 
 -------------------------------

 Compute hessian using two-point central differentiation.
 Step size (bohr):                       0.0100

 Frequencies (including translational and rotational modes):
 mode    frequency (cm-1)
    0               60.31 i (imaginary)
    1               60.30 i (imaginary)
    2                8.75 i (imaginary)
    3                8.73 i (imaginary)
    4                0.01
    5                0.01
    6                0.04
    7               93.74
    8              154.36

 Project out translational and rotational motions 

 Degrees of freedom for translational and rotational motions: 6

 Vibrational frequencies:
 mode    frequency (cm-1)
    0               60.30 i (imaginary)
    1               93.74
    2              154.36

 --------------------------------------------------------------------------------

 End time:                               Fri Oct 22 17:19:43 2021
 Total wall-clock time:                 37.079 seconds
==================================================================================
