
================================================================================
          _____________ ________ _______________ ________     _________         
         / ___________// ______ \\_____   _____// ______ \   / ________)        
        / /_________  / /      \ \     | |     / /      \ \ | (_______          
       |  __________|| |        | |    | |    | |        | | \________ \        
        \ \_________ | |        | |    | |     \ \______/ /___________) |       
         \__________||_|        |_|    |_|      \________//____________/        
                                                                                
====================================[ Qcore ]===================================

 Git describe: 2.3.0
 Compiler:     GNU 9.1.0
 Build type:   Release
 Version:      2.3.0

 Start time:   Fri Oct 22 17:19:09 2021

 Data directory: /work/zw18965/.local/qcore/share/entos/qcore/data
 Number of threads: 24
 Number of threads was determined by: command line argument
  - More threads can be used by running 'qcore -n 32'

 --------------------------------------------------------------------------------
                                command: optimize                                
 --------------------------------------------------------------------------------
 Using coordinate system:                tric

 -----------------------------
  Initial coordinates summary 
 -----------------------------
 Total coordinates:                     13
 Bond distances:                         2
 Bond angles:                            0
 Dihedral angles:                        0
 Linear bond angles:                     2
 Out-of-plane bends:                     0
 Translations:                           9
 Rotations:                              0
 Hessian update scheme:                  bfgs
 Initial hessian:                        model

 ------------------------------------------------------------------------------------------------------------
                   energy      change    grad rms    grad max    step rms    step max       trust    time (s)
 ------------------------------------------------------------------------------------------------------------
   1      -407.182506327                5.20e-03    1.10e-02                            2.00e-01        2.05
   2      -407.183579405   -1.07e-03    1.78e-03    3.78e-03    6.00e-02    7.35e-02    2.00e-01        1.68
   3      -407.183740055   -1.61e-04    2.41e-04    5.12e-04    3.13e-02    3.83e-02    2.00e-01        1.64
Failed to converge
Failed to converge
Failed to converge
Failed to converge
Failed to converge
   4      -407.183743040   -2.99e-06    1.39e-05    3.04e-05    4.89e-03    6.00e-03    2.00e-01        1.56
Failed to converge
Failed to converge
Failed to converge
Failed to converge
Failed to converge
   5      -407.183745339   -2.30e-06    3.79e-06    8.72e-06    2.99e-04    3.75e-04    2.00e-01        1.44
Rejecting step due to low quality: Quality: -10075 New trust radius: 1.40127e-05
   6      -407.183743072    2.27e-06    3.79e-06    8.72e-06    2.80e-05    6.05e-05    1.40e-05        1.46
Failed to converge
Failed to converge
Failed to converge
Failed to converge
Failed to converge
   7      -407.183743072    2.27e-06    1.48e-06    3.30e-06    1.41e-05    3.02e-05    7.03e-06        1.40
   8      -407.183743012    6.03e-08    8.16e-07    1.87e-06    6.41e-06    9.99e-06    3.20e-06        1.33
 Geometry optimization stopped:          thresholds achieved

 Final energy:                        -407.183743012

 ---------------------------
  Final coordinates summary 
 ---------------------------
 Total coordinates:                     13
 Bond distances:                         2
 Bond angles:                            0
 Dihedral angles:                        0
 Linear bond angles:                     2
 Out-of-plane bends:                     0
 Translations:                           9
 Rotations:                              0

 -----------
  Final XYZ 
 -----------
3
Final structure: -407.184 hartree
Au           0.000008874         -0.000004039          0.000005799
Au          -0.000003706          0.000000809          2.609944236
Au          -0.000005168          0.000003231         -2.609950035

 Structure in entos input format:

  structure(
    xyz = [
      ['Au' ,          0.000008874,         -0.000004039,          0.000005799],
      ['Au' ,         -0.000003706,          0.000000809,          2.609944236],
      ['Au' ,         -0.000005168,          0.000003231,         -2.609950035]
    ]
  )

 --------------------------------
  Geometry optimization finished 
 --------------------------------
 Saving results in set 'opt'

 --------------------------------------------------------------------------------
                                 command: hessian                                
 --------------------------------------------------------------------------------

WARNING: semianalytic method is specified for dft hessian, which is not efficient. Try switching to 'method = analytic'


 -------------------------------
  Numerical Geometrical Hessian 
 -------------------------------

 Compute hessian using two-point central differentiation.
 Step size (bohr):                       0.0100

 Frequencies (including translational and rotational modes):
 mode    frequency (cm-1)
    0               30.71 i (imaginary)
    1               30.71 i (imaginary)
    2                8.74 i (imaginary)
    3                8.74 i (imaginary)
    4                0.01
    5                0.03
    6                0.08
    7              103.48
    8              162.53

 Project out translational and rotational motions 

 Degrees of freedom for translational and rotational motions: 6

 Vibrational frequencies:
 mode    frequency (cm-1)
    0               30.71 i (imaginary)
    1              103.48
    2              162.53

 --------------------------------------------------------------------------------

 End time:                               Fri Oct 22 17:19:53 2021
 Total wall-clock time:                 43.770 seconds
==================================================================================
