
================================================================================
          _____________ ________ _______________ ________     _________         
         / ___________// ______ \\_____   _____// ______ \   / ________)        
        / /_________  / /      \ \     | |     / /      \ \ | (_______          
       |  __________|| |        | |    | |    | |        | | \________ \        
        \ \_________ | |        | |    | |     \ \______/ /___________) |       
         \__________||_|        |_|    |_|      \________//____________/        
                                                                                
====================================[ Qcore ]===================================

 Git describe: 2.3.0
 Compiler:     GNU 9.1.0
 Build type:   Release
 Version:      2.3.0

 Start time:   Fri Oct 22 17:19:05 2021

 Data directory: /work/zw18965/.local/qcore/share/entos/qcore/data
 Number of threads: 24
 Number of threads was determined by: command line argument
  - More threads can be used by running 'qcore -n 32'

 --------------------------------------------------------------------------------
                                command: optimize                                
 --------------------------------------------------------------------------------
 Using coordinate system:                tric

 -----------------------------
  Initial coordinates summary 
 -----------------------------
 Total coordinates:                     12
 Bond distances:                         3
 Bond angles:                            3
 Dihedral angles:                        0
 Linear bond angles:                     0
 Out-of-plane bends:                     0
 Translations:                           3
 Rotations:                              3
 Hessian update scheme:                  bfgs
 Initial hessian:                        model

 ------------------------------------------------------------------------------------------------------------
                   energy      change    grad rms    grad max    step rms    step max       trust    time (s)
 ------------------------------------------------------------------------------------------------------------
   1      -406.928937913                9.72e-03    1.67e-02                            2.00e-01        1.88
   2      -406.930589059   -1.65e-03    1.90e-03    3.27e-03    5.61e-02    9.84e-02    2.00e-01        1.69
   3      -406.930667631   -7.86e-05    2.69e-04    4.57e-04    1.37e-02    2.41e-02    2.00e-01        1.59
   4      -406.930669540   -1.91e-06    9.53e-06    1.60e-05    2.25e-03    4.01e-03    2.00e-01        1.56
   5      -406.930669593   -5.29e-08    6.53e-07    1.27e-06    8.31e-05    1.65e-04    2.00e-01        1.50
 Geometry optimization stopped:          thresholds achieved

 Final energy:                        -406.930669593

 ---------------------------
  Final coordinates summary 
 ---------------------------
 Total coordinates:                     12
 Bond distances:                         3
 Bond angles:                            3
 Dihedral angles:                        0
 Linear bond angles:                     0
 Out-of-plane bends:                     0
 Translations:                           3
 Rotations:                              3

 -----------
  Final XYZ 
 -----------
3
Final structure: -406.931 hartree
Au          -0.000005960          1.539059502          0.000004153
Au           1.333759841         -0.769524922         -0.000007944
Au          -1.333753881         -0.769534581          0.000003791

 Structure in entos input format:

  structure(
    xyz = [
      ['Au' ,         -0.000005960,          1.539059502,          0.000004153],
      ['Au' ,          1.333759841,         -0.769524922,         -0.000007944],
      ['Au' ,         -1.333753881,         -0.769534581,          0.000003791]
    ]
  )

 --------------------------------
  Geometry optimization finished 
 --------------------------------
 Saving results in set 'opt'

 --------------------------------------------------------------------------------
                                 command: hessian                                
 --------------------------------------------------------------------------------

WARNING: semianalytic method is specified for dft hessian, which is not efficient. Try switching to 'method = analytic'


 -------------------------------
  Numerical Geometrical Hessian 
 -------------------------------

 Compute hessian using two-point central differentiation.
 Step size (bohr):                       0.0100

 Frequencies (including translational and rotational modes):
 mode    frequency (cm-1)
    0                9.21 i (imaginary)
    1                8.54 i (imaginary)
    2                4.08 i (imaginary)
    3                0.01 i (imaginary)
    4                0.04
    5                0.20
    6              103.87
    7              104.98
    8              163.34

 Project out translational and rotational motions 

 Degrees of freedom for translational and rotational motions: 6

 Vibrational frequencies:
 mode    frequency (cm-1)
    0              103.87
    1              104.98
    2              163.34

 --------------------------------------------------------------------------------

 End time:                               Fri Oct 22 17:19:44 2021
 Total wall-clock time:                 38.533 seconds
==================================================================================
