
================================================================================
          _____________ ________ _______________ ________     _________         
         / ___________// ______ \\_____   _____// ______ \   / ________)        
        / /_________  / /      \ \     | |     / /      \ \ | (_______          
       |  __________|| |        | |    | |    | |        | | \________ \        
        \ \_________ | |        | |    | |     \ \______/ /___________) |       
         \__________||_|        |_|    |_|      \________//____________/        
                                                                                
====================================[ Qcore ]===================================

 Git describe: 2.3.0
 Compiler:     GNU 9.1.0
 Build type:   Release
 Version:      2.3.0

 Start time:   Fri Oct 22 17:19:11 2021

 Data directory: /work/zw18965/.local/qcore/share/entos/qcore/data
 Number of threads: 24
 Number of threads was determined by: command line argument
  - More threads can be used by running 'qcore -n 32'

 --------------------------------------------------------------------------------
                                command: optimize                                
 --------------------------------------------------------------------------------
 Using coordinate system:                tric

 -----------------------------
  Initial coordinates summary 
 -----------------------------
 Total coordinates:                      7
 Bond distances:                         1
 Bond angles:                            0
 Dihedral angles:                        0
 Linear bond angles:                     0
 Out-of-plane bends:                     0
 Translations:                           6
 Rotations:                              0
 Hessian update scheme:                  bfgs
 Initial hessian:                        model

 ------------------------------------------------------------------------------------------------------------
                   energy      change    grad rms    grad max    step rms    step max       trust    time (s)
 ------------------------------------------------------------------------------------------------------------
   1     -1740.312424785                6.62e-03    1.15e-02                            2.00e-01        0.76
   2     -1740.312609611   -1.85e-04    4.10e-03    7.10e-03    9.97e-03    1.99e-02    2.00e-01        0.34
   3     -1740.312730027   -1.20e-04    2.35e-04    4.07e-04    1.62e-02    3.24e-02    2.00e-01        0.37
   4     -1740.312730211   -1.84e-07    1.01e-05    1.75e-05    9.85e-04    1.97e-03    2.00e-01        0.36
   5     -1740.312730212   -7.91e-10    1.92e-08    2.99e-08    4.43e-05    8.85e-05    2.00e-01        0.30
 Geometry optimization stopped:          thresholds achieved

 Final energy:                       -1740.312730212

 ---------------------------
  Final coordinates summary 
 ---------------------------
 Total coordinates:                      7
 Bond distances:                         1
 Bond angles:                            0
 Dihedral angles:                        0
 Linear bond angles:                     0
 Out-of-plane bends:                     0
 Translations:                           6
 Rotations:                              0

 -----------
  Final XYZ 
 -----------
2
Final structure: -1740.31 hartree
Cu          -0.000006681          0.000003271          0.427116514
F            0.000006681         -0.000003271         -1.344263515

 Structure in entos input format:

  structure(
    xyz = [
      ['Cu' ,         -0.000006681,          0.000003271,          0.427116514],
      ['F'  ,          0.000006681,         -0.000003271,         -1.344263515]
    ]
  )

 --------------------------------
  Geometry optimization finished 
 --------------------------------
 Saving results in set 'opt'

 --------------------------------------------------------------------------------
                                 command: hessian                                
 --------------------------------------------------------------------------------

WARNING: semianalytic method is specified for dft hessian, which is not efficient. Try switching to 'method = analytic'


 -------------------------------
  Numerical Geometrical Hessian 
 -------------------------------

 Compute hessian using two-point central differentiation.
 Step size (bohr):                       0.0100

 Frequencies (including translational and rotational modes):
 mode    frequency (cm-1)
    0               52.19 i (imaginary)
    1               52.15 i (imaginary)
    2                0.01
    3                0.03
    4                0.06
    5              596.81

 Project out translational and rotational motions 

 The molecule is linear

 Degrees of freedom for translational and rotational motions: 5

 Vibrational frequencies:
 mode    frequency (cm-1)
    0              596.81

 --------------------------------------------------------------------------------

 End time:                               Fri Oct 22 17:19:18 2021
 Total wall-clock time:                  7.002 seconds
==================================================================================
