
================================================================================
          _____________ ________ _______________ ________     _________         
         / ___________// ______ \\_____   _____// ______ \   / ________)        
        / /_________  / /      \ \     | |     / /      \ \ | (_______          
       |  __________|| |        | |    | |    | |        | | \________ \        
        \ \_________ | |        | |    | |     \ \______/ /___________) |       
         \__________||_|        |_|    |_|      \________//____________/        
                                                                                
====================================[ Qcore ]===================================

 Git describe: 2.3.0-3-g778a55bfd
 Compiler:     GNU 9.3.0
 Build type:   Release
 Version:      2.3.0-3-g778a55bfd

 Start time:   Tue Nov  2 10:13:08 2021

 Data directory: /mnt/storage/home/zw18965/.local/qcore/share/entos/qcore/data
 Number of threads: 28
 Number of threads was determined by: command line argument

 --------------------------------------------------------------------------------
                                command: optimize                                
 --------------------------------------------------------------------------------
 Using coordinate system:                tric

 -----------------------------
  Initial coordinates summary 
 -----------------------------
 Total coordinates:                      7
 Bond distances:                         1
 Bond angles:                            0
 Dihedral angles:                        0
 Linear bond angles:                     0
 Out-of-plane bends:                     0
 Translations:                           6
 Rotations:                              0
 Hessian update scheme:                  bfgs
 Initial hessian:                        model

 ------------------------------------------------------------------------------------------------------------
                   energy      change    grad rms    grad max    step rms    step max       trust    time (s)
 ------------------------------------------------------------------------------------------------------------
   1     -1641.026626746                3.85e-03    6.66e-03                            2.00e-01       40.99
   2     -1641.026736357   -1.10e-04    2.04e-03    3.54e-03    1.08e-02    2.15e-02    2.00e-01        5.83
   3     -1641.026781690   -4.53e-05    1.12e-04    1.93e-04    1.22e-02    2.45e-02    2.00e-01       27.50
   4     -1641.026781734   -4.39e-08    3.47e-06    6.01e-06    7.05e-04    1.41e-03    2.00e-01       17.37
   5     -1641.026781830   -9.66e-08    6.41e-08    9.84e-08    2.27e-05    4.53e-05    2.00e-01       15.08
 Geometry optimization stopped:          thresholds achieved

 Final energy:                       -1641.026781830

 ---------------------------
  Final coordinates summary 
 ---------------------------
 Total coordinates:                      7
 Bond distances:                         1
 Bond angles:                            0
 Dihedral angles:                        0
 Linear bond angles:                     0
 Out-of-plane bends:                     0
 Translations:                           6
 Rotations:                              0

 -----------
  Final XYZ 
 -----------
2
Final structure: -1641.03 hartree
Cu           0.000003030          0.000000430          0.061068219
H           -0.000003030         -0.000000430         -1.419425219

 Structure in entos input format:

  structure(
    xyz = [
      ['Cu' ,          0.000003030,          0.000000430,          0.061068219],
      ['H'  ,         -0.000003030,         -0.000000430,         -1.419425219]
    ]
  )

 --------------------------------
  Geometry optimization finished 
 --------------------------------
 Saving results in set 'opt'

 --------------------------------------------------------------------------------
                                 command: hessian                                
 --------------------------------------------------------------------------------

WARNING: semianalytic method is specified for dft hessian, which is not efficient. Try switching to 'method = analytic'


 -------------------------------
  Numerical Geometrical Hessian 
 -------------------------------

 Compute hessian using two-point central differentiation.
 Step size (bohr):                       0.0100

 Frequencies (including translational and rotational modes):
 mode    frequency (cm-1)
    0               33.17 i (imaginary)
    1               33.04 i (imaginary)
    2                0.01 i (imaginary)
    3                0.03
    4                0.37
    5             1877.86

 Project out translational and rotational motions 

 The molecule is linear

 Degrees of freedom for translational and rotational motions: 5

 Vibrational frequencies:
 mode    frequency (cm-1)
    0             1877.86

 --------------------------------------------------------------------------------

 End time:                               Tue Nov  2 10:17:43 2021
 Total wall-clock time:                275.064 seconds
==================================================================================
