
================================================================================
          _____________ ________ _______________ ________     _________         
         / ___________// ______ \\_____   _____// ______ \   / ________)        
        / /_________  / /      \ \     | |     / /      \ \ | (_______          
       |  __________|| |        | |    | |    | |        | | \________ \        
        \ \_________ | |        | |    | |     \ \______/ /___________) |       
         \__________||_|        |_|    |_|      \________//____________/        
                                                                                
====================================[ Qcore ]===================================

 Git describe: 2.3.0
 Compiler:     GNU 9.1.0
 Build type:   Release
 Version:      2.3.0

 Start time:   Fri Oct 22 17:19:11 2021

 Data directory: /work/zw18965/.local/qcore/share/entos/qcore/data
 Number of threads: 24
 Number of threads was determined by: command line argument

 --------------------------------------------------------------------------------
                                command: optimize                                
 --------------------------------------------------------------------------------
 Using coordinate system:                tric

 -----------------------------
  Initial coordinates summary 
 -----------------------------
 Total coordinates:                      7
 Bond distances:                         1
 Bond angles:                            0
 Dihedral angles:                        0
 Linear bond angles:                     0
 Out-of-plane bends:                     0
 Translations:                           6
 Rotations:                              0
 Hessian update scheme:                  bfgs
 Initial hessian:                        model

 ------------------------------------------------------------------------------------------------------------
                   energy      change    grad rms    grad max    step rms    step max       trust    time (s)
 ------------------------------------------------------------------------------------------------------------
   1     -3280.923103850                6.64e-03    1.15e-02                            2.00e-01        0.84
   2     -3280.923788951   -6.85e-04    2.10e-03    3.64e-03    4.60e-02    9.20e-02    2.00e-01        0.63
   3     -3280.923876013   -8.71e-05    2.80e-04    4.84e-04    2.13e-02    4.26e-02    2.00e-01        0.59
   4     -3280.923877850   -1.84e-06    1.33e-05    2.31e-05    3.27e-03    6.54e-03    2.00e-01        0.56
Rejecting step due to low quality: Quality: -95.1198 New trust radius: 8.18563e-05
   5     -3280.923877491    3.60e-07    1.33e-05    2.31e-05    1.64e-04    3.27e-04    8.19e-05        0.51
 Geometry optimization stopped:          thresholds achieved

 Final energy:                       -3280.923877491

 ---------------------------
  Final coordinates summary 
 ---------------------------
 Total coordinates:                      7
 Bond distances:                         1
 Bond angles:                            0
 Dihedral angles:                        0
 Linear bond angles:                     0
 Out-of-plane bends:                     0
 Translations:                           6
 Rotations:                              0

 -----------
  Final XYZ 
 -----------
2
Final structure: -3280.92 hartree
Cu          -0.000002001         -0.000001837          1.144857336
Cu           0.000002001          0.000001837         -1.144857337

 Structure in entos input format:

  structure(
    xyz = [
      ['Cu' ,         -0.000002001,         -0.000001837,          1.144857336],
      ['Cu' ,          0.000002001,          0.000001837,         -1.144857337]
    ]
  )

 --------------------------------
  Geometry optimization finished 
 --------------------------------
 Saving results in set 'opt'

 --------------------------------------------------------------------------------
                                 command: hessian                                
 --------------------------------------------------------------------------------

WARNING: semianalytic method is specified for dft hessian, which is not efficient. Try switching to 'method = analytic'


 -------------------------------
  Numerical Geometrical Hessian 
 -------------------------------

 Compute hessian using two-point central differentiation.
 Step size (bohr):                       0.0100

 Frequencies (including translational and rotational modes):
 mode    frequency (cm-1)
    0                8.37 i (imaginary)
    1                8.27 i (imaginary)
    2                0.02 i (imaginary)
    3                0.05
    4                0.23
    5              241.40

 Project out translational and rotational motions 

 The molecule is linear

 Degrees of freedom for translational and rotational motions: 5

 Vibrational frequencies:
 mode    frequency (cm-1)
    0              241.40

 --------------------------------------------------------------------------------

 End time:                               Fri Oct 22 17:19:22 2021
 Total wall-clock time:                 10.398 seconds
==================================================================================
