
================================================================================
          _____________ ________ _______________ ________     _________         
         / ___________// ______ \\_____   _____// ______ \   / ________)        
        / /_________  / /      \ \     | |     / /      \ \ | (_______          
       |  __________|| |        | |    | |    | |        | | \________ \        
        \ \_________ | |        | |    | |     \ \______/ /___________) |       
         \__________||_|        |_|    |_|      \________//____________/        
                                                                                
====================================[ Qcore ]===================================

 Git describe: 2.3.0
 Compiler:     GNU 9.1.0
 Build type:   Release
 Version:      2.3.0

 Start time:   Fri Oct 22 17:19:21 2021

 Data directory: /work/zw18965/.local/qcore/share/entos/qcore/data
 Number of threads: 24
 Number of threads was determined by: command line argument
  - More threads can be used by running 'qcore -n 32'

 --------------------------------------------------------------------------------
                                command: optimize                                
 --------------------------------------------------------------------------------
 Using coordinate system:                tric

 -----------------------------
  Initial coordinates summary 
 -----------------------------
 Total coordinates:                     12
 Bond distances:                         3
 Bond angles:                            3
 Dihedral angles:                        0
 Linear bond angles:                     0
 Out-of-plane bends:                     0
 Translations:                           3
 Rotations:                              3
 Hessian update scheme:                  bfgs
 Initial hessian:                        model

 ------------------------------------------------------------------------------------------------------------
                   energy      change    grad rms    grad max    step rms    step max       trust    time (s)
 ------------------------------------------------------------------------------------------------------------
   1     -4921.173889557                6.66e-03    1.16e-02                            2.00e-01        1.61
   2     -4921.174842544   -9.53e-04    2.99e-03    5.24e-03    3.84e-02    6.67e-02    2.00e-01        1.26
   3     -4921.175116534   -2.74e-04    4.23e-04    7.84e-04    3.14e-02    5.49e-02    2.00e-01        1.27
   4     -4921.175122859   -6.33e-06    3.79e-05    9.03e-05    5.18e-03    9.29e-03    2.00e-01        1.15
Rejecting step due to low quality: Quality: -3.75482 New trust radius: 0.000247988
   5     -4921.175122676    1.83e-07    3.79e-05    9.03e-05    4.96e-04    9.62e-04    2.48e-04        1.21
 Geometry optimization stopped:          thresholds achieved

 Final energy:                       -4921.175122676

 ---------------------------
  Final coordinates summary 
 ---------------------------
 Total coordinates:                     12
 Bond distances:                         3
 Bond angles:                            3
 Dihedral angles:                        0
 Linear bond angles:                     0
 Out-of-plane bends:                     0
 Translations:                           3
 Rotations:                              3

 -----------
  Final XYZ 
 -----------
3
Final structure: -4921.18 hartree
Cu          -0.000012917          1.389551408         -0.000021476
Cu           1.202358584         -0.694766990          0.000014472
Cu          -1.202345665         -0.694783437          0.000007004

 Structure in entos input format:

  structure(
    xyz = [
      ['Cu' ,         -0.000012917,          1.389551408,         -0.000021476],
      ['Cu' ,          1.202358584,         -0.694766990,          0.000014472],
      ['Cu' ,         -1.202345665,         -0.694783437,          0.000007004]
    ]
  )

 --------------------------------
  Geometry optimization finished 
 --------------------------------
 Saving results in set 'opt'

 --------------------------------------------------------------------------------
                                 command: hessian                                
 --------------------------------------------------------------------------------

WARNING: semianalytic method is specified for dft hessian, which is not efficient. Try switching to 'method = analytic'


 -------------------------------
  Numerical Geometrical Hessian 
 -------------------------------

 Compute hessian using two-point central differentiation.
 Step size (bohr):                       0.0100

 Frequencies (including translational and rotational modes):
 mode    frequency (cm-1)
    0               14.02 i (imaginary)
    1                7.68 i (imaginary)
    2                0.23 i (imaginary)
    3                0.03
    4                0.30
    5                7.93
    6              160.10
    7              160.83
    8              231.98

 Project out translational and rotational motions 

 Degrees of freedom for translational and rotational motions: 6

 Vibrational frequencies:
 mode    frequency (cm-1)
    0              160.10
    1              160.82
    2              231.98

 --------------------------------------------------------------------------------

 End time:                               Fri Oct 22 17:19:51 2021
 Total wall-clock time:                 29.247 seconds
==================================================================================
