
================================================================================
          _____________ ________ _______________ ________     _________         
         / ___________// ______ \\_____   _____// ______ \   / ________)        
        / /_________  / /      \ \     | |     / /      \ \ | (_______          
       |  __________|| |        | |    | |    | |        | | \________ \        
        \ \_________ | |        | |    | |     \ \______/ /___________) |       
         \__________||_|        |_|    |_|      \________//____________/        
                                                                                
====================================[ Qcore ]===================================

 Git describe: 2.3.0
 Compiler:     GNU 9.1.0
 Build type:   Release
 Version:      2.3.0

 Start time:   Fri Oct 22 17:19:25 2021

 Data directory: /work/zw18965/.local/qcore/share/entos/qcore/data
 Number of threads: 24
 Number of threads was determined by: command line argument

 --------------------------------------------------------------------------------
                                command: optimize                                
 --------------------------------------------------------------------------------
 Using coordinate system:                tric

 -----------------------------
  Initial coordinates summary 
 -----------------------------
 Total coordinates:                     13
 Bond distances:                         2
 Bond angles:                            0
 Dihedral angles:                        0
 Linear bond angles:                     2
 Out-of-plane bends:                     0
 Translations:                           9
 Rotations:                              0
 Hessian update scheme:                  bfgs
 Initial hessian:                        model

 ------------------------------------------------------------------------------------------------------------
                   energy      change    grad rms    grad max    step rms    step max       trust    time (s)
 ------------------------------------------------------------------------------------------------------------
   1     -4921.120373796                2.19e-03    4.65e-03                            2.00e-01        1.71
   2     -4921.120612590   -2.39e-04    1.45e-03    3.07e-03    2.53e-02    3.10e-02    2.00e-01        1.20
   3     -4921.120812529   -2.00e-04    1.63e-04    3.46e-04    4.89e-02    5.99e-02    2.00e-01        1.29
   4     -4921.120815272   -2.74e-06    1.48e-05    3.15e-05    6.23e-03    7.63e-03    2.00e-01        1.18
   5     -4921.120815295   -2.34e-08    1.71e-07    3.53e-07    6.23e-04    7.63e-04    2.00e-01        1.04
 Geometry optimization stopped:          thresholds achieved

 Final energy:                       -4921.120815295

 ---------------------------
  Final coordinates summary 
 ---------------------------
 Total coordinates:                     13
 Bond distances:                         2
 Bond angles:                            0
 Dihedral angles:                        0
 Linear bond angles:                     2
 Out-of-plane bends:                     0
 Translations:                           9
 Rotations:                              0

 -----------
  Final XYZ 
 -----------
3
Final structure: -4921.12 hartree
Cu          -0.000000992          0.000001908          0.000000647
Cu           0.000001923          0.000000931          2.389735218
Cu          -0.000000931         -0.000002838         -2.389735862

 Structure in entos input format:

  structure(
    xyz = [
      ['Cu' ,         -0.000000992,          0.000001908,          0.000000647],
      ['Cu' ,          0.000001923,          0.000000931,          2.389735218],
      ['Cu' ,         -0.000000931,         -0.000002838,         -2.389735862]
    ]
  )

 --------------------------------
  Geometry optimization finished 
 --------------------------------
 Saving results in set 'opt'

 --------------------------------------------------------------------------------
                                 command: hessian                                
 --------------------------------------------------------------------------------

WARNING: semianalytic method is specified for dft hessian, which is not efficient. Try switching to 'method = analytic'


 -------------------------------
  Numerical Geometrical Hessian 
 -------------------------------

 Compute hessian using two-point central differentiation.
 Step size (bohr):                       0.0100

 Frequencies (including translational and rotational modes):
 mode    frequency (cm-1)
    0               75.08 i (imaginary)
    1               75.06 i (imaginary)
    2                0.16 i (imaginary)
    3                0.14 i (imaginary)
    4                0.04 i (imaginary)
    5                4.14
    6                4.15
    7              130.17
    8              219.86

 Project out translational and rotational motions 

 Degrees of freedom for translational and rotational motions: 6

 Vibrational frequencies:
 mode    frequency (cm-1)
    0               75.06 i (imaginary)
    1              130.17
    2              219.86

 --------------------------------------------------------------------------------

 End time:                               Fri Oct 22 17:19:54 2021
 Total wall-clock time:                 29.484 seconds
==================================================================================
