
================================================================================
          _____________ ________ _______________ ________     _________         
         / ___________// ______ \\_____   _____// ______ \   / ________)        
        / /_________  / /      \ \     | |     / /      \ \ | (_______          
       |  __________|| |        | |    | |    | |        | | \________ \        
        \ \_________ | |        | |    | |     \ \______/ /___________) |       
         \__________||_|        |_|    |_|      \________//____________/        
                                                                                
====================================[ Qcore ]===================================

 Git describe: 2.3.0
 Compiler:     GNU 9.1.0
 Build type:   Release
 Version:      2.3.0

 Start time:   Fri Oct 22 17:19:29 2021

 Data directory: /work/zw18965/.local/qcore/share/entos/qcore/data
 Number of threads: 24
 Number of threads was determined by: command line argument
  - More threads can be used by running 'qcore -n 32'

 --------------------------------------------------------------------------------
                                command: optimize                                
 --------------------------------------------------------------------------------
 Using coordinate system:                tric

 -----------------------------
  Initial coordinates summary 
 -----------------------------
 Total coordinates:                     12
 Bond distances:                         3
 Bond angles:                            3
 Dihedral angles:                        0
 Linear bond angles:                     0
 Out-of-plane bends:                     0
 Translations:                           3
 Rotations:                              3
 Hessian update scheme:                  bfgs
 Initial hessian:                        model

 ------------------------------------------------------------------------------------------------------------
                   energy      change    grad rms    grad max    step rms    step max       trust    time (s)
 ------------------------------------------------------------------------------------------------------------
   1     -4921.384199772                9.18e-03    2.22e-02                            2.00e-01        2.22
   2     -4921.386574728   -2.37e-03    4.72e-03    1.15e-02    6.90e-02    1.21e-01    2.00e-01        1.66
   3     -4921.387640000   -1.07e-03    1.20e-03    2.85e-03    7.45e-02    1.30e-01    2.00e-01        1.67
   4     -4921.387719148   -7.91e-05    2.96e-04    5.64e-04    2.29e-02    4.19e-02    2.00e-01        1.52
   5     -4921.387722458   -3.31e-06    7.16e-05    1.53e-04    5.16e-03    1.03e-02    2.00e-01        1.54
   6     -4921.387723146   -6.89e-07    2.85e-05    5.38e-05    7.68e-04    1.57e-03    2.00e-01        1.52
Rejecting step due to low quality: Quality: -11.019 New trust radius: 0.000231931
   7     -4921.387722770    3.76e-07    2.85e-05    5.38e-05    4.64e-04    7.34e-04    2.32e-04        1.55
 Geometry optimization stopped:          thresholds achieved

 Final energy:                       -4921.387722770

 ---------------------------
  Final coordinates summary 
 ---------------------------
 Total coordinates:                     12
 Bond distances:                         3
 Bond angles:                            3
 Dihedral angles:                        0
 Linear bond angles:                     0
 Out-of-plane bends:                     0
 Translations:                           3
 Rotations:                              3

 -----------
  Final XYZ 
 -----------
3
Final structure: -4921.39 hartree
Cu          -0.000506962          1.474305887         -0.000020715
Cu           1.152203405         -0.737697535          0.000016851
Cu          -1.151696442         -0.736608345          0.000003864

 Structure in entos input format:

  structure(
    xyz = [
      ['Cu' ,         -0.000506962,          1.474305887,         -0.000020715],
      ['Cu' ,          1.152203405,         -0.737697535,          0.000016851],
      ['Cu' ,         -1.151696442,         -0.736608345,          0.000003864]
    ]
  )

 --------------------------------
  Geometry optimization finished 
 --------------------------------
 Saving results in set 'opt'

 --------------------------------------------------------------------------------
                                 command: hessian                                
 --------------------------------------------------------------------------------

WARNING: semianalytic method is specified for dft hessian, which is not efficient. Try switching to 'method = analytic'


 -------------------------------
  Numerical Geometrical Hessian 
 -------------------------------

 Compute hessian using two-point central differentiation.
 Step size (bohr):                       0.0100

 Frequencies (including translational and rotational modes):
 mode    frequency (cm-1)
    0              129.69 i (imaginary)
    1                0.15 i (imaginary)
    2                0.07 i (imaginary)
    3                0.31
    4                7.98
    5               15.87
    6               20.26
    7              160.41
    8              244.68

 Project out translational and rotational motions 

 Degrees of freedom for translational and rotational motions: 6

 Vibrational frequencies:
 mode    frequency (cm-1)
    0              129.68 i (imaginary)
    1              160.41
    2              244.68

 --------------------------------------------------------------------------------

 End time:                               Fri Oct 22 17:20:10 2021
 Total wall-clock time:                 41.258 seconds
==================================================================================
