
================================================================================
          _____________ ________ _______________ ________     _________         
         / ___________// ______ \\_____   _____// ______ \   / ________)        
        / /_________  / /      \ \     | |     / /      \ \ | (_______          
       |  __________|| |        | |    | |    | |        | | \________ \        
        \ \_________ | |        | |    | |     \ \______/ /___________) |       
         \__________||_|        |_|    |_|      \________//____________/        
                                                                                
====================================[ Qcore ]===================================

 Git describe: 2.3.0
 Compiler:     GNU 9.1.0
 Build type:   Release
 Version:      2.3.0

 Start time:   Fri Oct 22 17:19:30 2021

 Data directory: /work/zw18965/.local/qcore/share/entos/qcore/data
 Number of threads: 24
 Number of threads was determined by: command line argument
  - More threads can be used by running 'qcore -n 32'

 --------------------------------------------------------------------------------
                                command: optimize                                
 --------------------------------------------------------------------------------
 Using coordinate system:                tric

 -----------------------------
  Initial coordinates summary 
 -----------------------------
 Total coordinates:                     13
 Bond distances:                         2
 Bond angles:                            0
 Dihedral angles:                        0
 Linear bond angles:                     2
 Out-of-plane bends:                     0
 Translations:                           9
 Rotations:                              0
 Hessian update scheme:                  bfgs
 Initial hessian:                        model

 ------------------------------------------------------------------------------------------------------------
                   energy      change    grad rms    grad max    step rms    step max       trust    time (s)
 ------------------------------------------------------------------------------------------------------------
   1     -4921.383051836                3.52e-03    7.48e-03                            2.00e-01        1.91
   2     -4921.383632198   -5.80e-04    1.99e-03    4.23e-03    4.07e-02    4.98e-02    2.00e-01        1.55
   3     -4921.383932540   -3.00e-04    2.36e-04    5.01e-04    5.29e-02    6.48e-02    2.00e-01        1.54
   4     -4921.383937272   -4.73e-06    2.03e-05    4.32e-05    7.11e-03    8.72e-03    2.00e-01        1.39
   5     -4921.383937308   -3.57e-08    2.75e-07    5.59e-07    6.70e-04    8.21e-04    2.00e-01        1.21
 Geometry optimization stopped:          thresholds achieved

 Final energy:                       -4921.383937308

 ---------------------------
  Final coordinates summary 
 ---------------------------
 Total coordinates:                     13
 Bond distances:                         2
 Bond angles:                            0
 Dihedral angles:                        0
 Linear bond angles:                     2
 Out-of-plane bends:                     0
 Translations:                           9
 Rotations:                              0

 -----------
  Final XYZ 
 -----------
3
Final structure: -4921.38 hartree
Cu          -0.000010243          0.000007870          0.000000675
Cu           0.000007199         -0.000000918          2.356794614
Cu           0.000003044         -0.000006953         -2.356795297

 Structure in entos input format:

  structure(
    xyz = [
      ['Cu' ,         -0.000010243,          0.000007870,          0.000000675],
      ['Cu' ,          0.000007199,         -0.000000918,          2.356794614],
      ['Cu' ,          0.000003044,         -0.000006953,         -2.356795297]
    ]
  )

 --------------------------------
  Geometry optimization finished 
 --------------------------------
 Saving results in set 'opt'

 --------------------------------------------------------------------------------
                                 command: hessian                                
 --------------------------------------------------------------------------------

WARNING: semianalytic method is specified for dft hessian, which is not efficient. Try switching to 'method = analytic'


 -------------------------------
  Numerical Geometrical Hessian 
 -------------------------------

 Compute hessian using two-point central differentiation.
 Step size (bohr):                       0.0100

 Frequencies (including translational and rotational modes):
 mode    frequency (cm-1)
    0               31.74 i (imaginary)
    1               31.72 i (imaginary)
    2                0.19 i (imaginary)
    3                0.02 i (imaginary)
    4                0.05
    5                3.51
    6                3.70
    7              146.79
    8              237.46

 Project out translational and rotational motions 

 Degrees of freedom for translational and rotational motions: 6

 Vibrational frequencies:
 mode    frequency (cm-1)
    0               31.73 i (imaginary)
    1              146.79
    2              237.46

 --------------------------------------------------------------------------------

 End time:                               Fri Oct 22 17:20:05 2021
 Total wall-clock time:                 35.562 seconds
==================================================================================
