
================================================================================
          _____________ ________ _______________ ________     _________         
         / ___________// ______ \\_____   _____// ______ \   / ________)        
        / /_________  / /      \ \     | |     / /      \ \ | (_______          
       |  __________|| |        | |    | |    | |        | | \________ \        
        \ \_________ | |        | |    | |     \ \______/ /___________) |       
         \__________||_|        |_|    |_|      \________//____________/        
                                                                                
====================================[ Qcore ]===================================

 Git describe: 2.3.0-1-g21d9df7e5
 Compiler:     GNU 9.1.0
 Build type:   Release
 Version:      2.3.0-1-g21d9df7e5

 Start time:   Mon Oct 25 10:56:12 2021

 Data directory: /work/zw18965/.local/qcore/share/entos/qcore/data
 Number of threads: 24
 Number of threads was determined by: command line argument

 --------------------------------------------------------------------------------
                                command: optimize                                
 --------------------------------------------------------------------------------
 Using coordinate system:                tric

 -----------------------------
  Initial coordinates summary 
 -----------------------------
 Total coordinates:                      7
 Bond distances:                         1
 Bond angles:                            0
 Dihedral angles:                        0
 Linear bond angles:                     0
 Out-of-plane bends:                     0
 Translations:                           6
 Rotations:                              0
 Hessian update scheme:                  bfgs
 Initial hessian:                        model

 ------------------------------------------------------------------------------------------------------------
                   energy      change    grad rms    grad max    step rms    step max       trust    time (s)
 ------------------------------------------------------------------------------------------------------------
   1      -147.291771910                7.66e-04    1.33e-03                            2.00e-01        3.78
   2      -147.291779448   -7.54e-06    2.22e-04    3.84e-04    3.89e-03    7.78e-03    2.00e-01        2.00
   3      -147.291780349   -9.00e-07    3.18e-06    5.50e-06    1.58e-03    3.17e-03    2.00e-01        2.12
   4      -147.291780396   -4.69e-08    3.36e-07    5.81e-07    2.24e-05    4.47e-05    2.00e-01        1.89
 Geometry optimization stopped:          thresholds achieved

 Final energy:                        -147.291780396

 ---------------------------
  Final coordinates summary 
 ---------------------------
 Total coordinates:                      7
 Bond distances:                         1
 Bond angles:                            0
 Dihedral angles:                        0
 Linear bond angles:                     0
 Out-of-plane bends:                     0
 Translations:                           6
 Rotations:                              0

 -----------
  Final XYZ 
 -----------
2
Final structure: -147.292 hartree
Ag           0.000000630          0.000000022          0.030661287
H           -0.000000630         -0.000000022         -1.573820287

 Structure in entos input format:

  structure(
    xyz = [
      ['Ag' ,          0.000000630,          0.000000022,          0.030661287],
      ['H'  ,         -0.000000630,         -0.000000022,         -1.573820287]
    ]
  )

 --------------------------------
  Geometry optimization finished 
 --------------------------------
 Saving results in set 'opt'

 --------------------------------------------------------------------------------
                                 command: hessian                                
 --------------------------------------------------------------------------------

WARNING: semianalytic method is specified for dft hessian, which is not efficient. Try switching to 'method = analytic'


 -------------------------------
  Numerical Geometrical Hessian 
 -------------------------------

 Compute hessian using two-point central differentiation.
 Step size (bohr):                       0.0100

 Frequencies (including translational and rotational modes):
 mode    frequency (cm-1)
    0               30.97 i (imaginary)
    1               30.67 i (imaginary)
    2                0.00
    3                0.00
    4                0.03
    5             1805.76

 Project out translational and rotational motions 

 The molecule is linear

 Degrees of freedom for translational and rotational motions: 5

 Vibrational frequencies:
 mode    frequency (cm-1)
    0             1805.76

 --------------------------------------------------------------------------------

 End time:                               Mon Oct 25 10:56:51 2021
 Total wall-clock time:                 38.400 seconds
==================================================================================
