
================================================================================
          _____________ ________ _______________ ________     _________         
         / ___________// ______ \\_____   _____// ______ \   / ________)        
        / /_________  / /      \ \     | |     / /      \ \ | (_______          
       |  __________|| |        | |    | |    | |        | | \________ \        
        \ \_________ | |        | |    | |     \ \______/ /___________) |       
         \__________||_|        |_|    |_|      \________//____________/        
                                                                                
====================================[ Qcore ]===================================

 Git describe: 2.3.0-1-g21d9df7e5
 Compiler:     GNU 9.1.0
 Build type:   Release
 Version:      2.3.0-1-g21d9df7e5

 Start time:   Mon Oct 25 10:54:58 2021

 Data directory: /work/zw18965/.local/qcore/share/entos/qcore/data
 Number of threads: 24
 Number of threads was determined by: command line argument

 --------------------------------------------------------------------------------
                                command: optimize                                
 --------------------------------------------------------------------------------
 Using coordinate system:                tric

 -----------------------------
  Initial coordinates summary 
 -----------------------------
 Total coordinates:                      7
 Bond distances:                         1
 Bond angles:                            0
 Dihedral angles:                        0
 Linear bond angles:                     0
 Out-of-plane bends:                     0
 Translations:                           6
 Rotations:                              0
 Hessian update scheme:                  bfgs
 Initial hessian:                        model

 ------------------------------------------------------------------------------------------------------------
                   energy      change    grad rms    grad max    step rms    step max       trust    time (s)
 ------------------------------------------------------------------------------------------------------------
   1      -246.516745039                4.29e-04    7.43e-04                            2.00e-01        6.23
   2      -246.516746273   -1.23e-06    1.58e-04    2.73e-04    1.46e-03    2.91e-03    2.00e-01        3.58
   3      -246.516746374   -1.01e-07    8.75e-07    1.52e-06    8.48e-04    1.70e-03    2.00e-01        3.67
   4      -246.516746378   -4.03e-09    7.12e-08    8.18e-08    4.73e-06    9.45e-06    2.00e-01        3.25
 Geometry optimization stopped:          thresholds achieved

 Final energy:                        -246.516746378

 ---------------------------
  Final coordinates summary 
 ---------------------------
 Total coordinates:                      7
 Bond distances:                         1
 Bond angles:                            0
 Dihedral angles:                        0
 Linear bond angles:                     0
 Out-of-plane bends:                     0
 Translations:                           6
 Rotations:                              0

 -----------
  Final XYZ 
 -----------
2
Final structure: -246.517 hartree
Ag          -0.000001232          0.000002078          0.318933291
F            0.000001232         -0.000002078         -1.660384291

 Structure in entos input format:

  structure(
    xyz = [
      ['Ag' ,         -0.000001232,          0.000002078,          0.318933291],
      ['F'  ,          0.000001232,         -0.000002078,         -1.660384291]
    ]
  )

 --------------------------------
  Geometry optimization finished 
 --------------------------------
 Saving results in set 'opt'

 --------------------------------------------------------------------------------
                                 command: hessian                                
 --------------------------------------------------------------------------------

WARNING: semianalytic method is specified for dft hessian, which is not efficient. Try switching to 'method = analytic'


 -------------------------------
  Numerical Geometrical Hessian 
 -------------------------------

 Compute hessian using two-point central differentiation.
 Step size (bohr):                       0.0100

 Frequencies (including translational and rotational modes):
 mode    frequency (cm-1)
    0                0.07 i (imaginary)
    1                0.06 i (imaginary)
    2                0.00 i (imaginary)
    3               41.37
    4               41.38
    5              511.58

 Project out translational and rotational motions 

 The molecule is linear

 Degrees of freedom for translational and rotational motions: 5

 Vibrational frequencies:
 mode    frequency (cm-1)
    0              511.58

 --------------------------------------------------------------------------------

 End time:                               Mon Oct 25 10:56:06 2021
 Total wall-clock time:                 67.752 seconds
==================================================================================
