
================================================================================
          _____________ ________ _______________ ________     _________         
         / ___________// ______ \\_____   _____// ______ \   / ________)        
        / /_________  / /      \ \     | |     / /      \ \ | (_______          
       |  __________|| |        | |    | |    | |        | | \________ \        
        \ \_________ | |        | |    | |     \ \______/ /___________) |       
         \__________||_|        |_|    |_|      \________//____________/        
                                                                                
====================================[ Qcore ]===================================

 Git describe: 2.3.0-1-g21d9df7e5
 Compiler:     GNU 9.1.0
 Build type:   Release
 Version:      2.3.0-1-g21d9df7e5

 Start time:   Mon Oct 25 10:56:40 2021

 Data directory: /work/zw18965/.local/qcore/share/entos/qcore/data
 Number of threads: 24
 Number of threads was determined by: command line argument
  - More threads can be used by running 'qcore -n 32'

 --------------------------------------------------------------------------------
                                command: optimize                                
 --------------------------------------------------------------------------------
 Using coordinate system:                tric

 -----------------------------
  Initial coordinates summary 
 -----------------------------
 Total coordinates:                      7
 Bond distances:                         1
 Bond angles:                            0
 Dihedral angles:                        0
 Linear bond angles:                     0
 Out-of-plane bends:                     0
 Translations:                           6
 Rotations:                              0
 Hessian update scheme:                  bfgs
 Initial hessian:                        model

 ------------------------------------------------------------------------------------------------------------
                   energy      change    grad rms    grad max    step rms    step max       trust    time (s)
 ------------------------------------------------------------------------------------------------------------
   1      -293.485564129                4.88e-04    8.45e-04                            2.00e-01       10.23
   2      -293.485568625   -4.50e-06    1.79e-04    3.10e-04    3.38e-03    6.76e-03    2.00e-01        6.63
   3      -293.485569626   -1.00e-06    2.20e-06    3.80e-06    1.96e-03    3.92e-03    2.00e-01        6.31
Rejecting step due to low quality: Quality: -154.528 New trust radius: 1.18781e-05
   4      -293.485569612    1.42e-08    2.20e-06    3.80e-06    2.38e-05    4.75e-05    1.19e-05        6.06
 Geometry optimization stopped:          thresholds achieved

 Final energy:                        -293.485569612

 ---------------------------
  Final coordinates summary 
 ---------------------------
 Total coordinates:                      7
 Bond distances:                         1
 Bond angles:                            0
 Dihedral angles:                        0
 Linear bond angles:                     0
 Out-of-plane bends:                     0
 Translations:                           6
 Rotations:                              0

 -----------
  Final XYZ 
 -----------
2
Final structure: -293.486 hartree
Ag           0.000003167         -0.000003167          1.258994774
Ag          -0.000003167          0.000003167         -1.258994774

 Structure in entos input format:

  structure(
    xyz = [
      ['Ag' ,          0.000003167,         -0.000003167,          1.258994774],
      ['Ag' ,         -0.000003167,          0.000003167,         -1.258994774]
    ]
  )

 --------------------------------
  Geometry optimization finished 
 --------------------------------
 Saving results in set 'opt'

 --------------------------------------------------------------------------------
                                 command: hessian                                
 --------------------------------------------------------------------------------

WARNING: semianalytic method is specified for dft hessian, which is not efficient. Try switching to 'method = analytic'


 -------------------------------
  Numerical Geometrical Hessian 
 -------------------------------

 Compute hessian using two-point central differentiation.
 Step size (bohr):                       0.0100

 Frequencies (including translational and rotational modes):
 mode    frequency (cm-1)
    0               13.62 i (imaginary)
    1               13.55 i (imaginary)
    2                0.00 i (imaginary)
    3                0.00
    4                0.06
    5              198.54

 Project out translational and rotational motions 

 The molecule is linear

 Degrees of freedom for translational and rotational motions: 5

 Vibrational frequencies:
 mode    frequency (cm-1)
    0              198.54

 --------------------------------------------------------------------------------

 End time:                               Mon Oct 25 10:58:36 2021
 Total wall-clock time:                116.208 seconds
==================================================================================
