
================================================================================
          _____________ ________ _______________ ________     _________         
         / ___________// ______ \\_____   _____// ______ \   / ________)        
        / /_________  / /      \ \     | |     / /      \ \ | (_______          
       |  __________|| |        | |    | |    | |        | | \________ \        
        \ \_________ | |        | |    | |     \ \______/ /___________) |       
         \__________||_|        |_|    |_|      \________//____________/        
                                                                                
====================================[ Qcore ]===================================

 Git describe: 2.3.0-1-g21d9df7e5
 Compiler:     GNU 9.1.0
 Build type:   Release
 Version:      2.3.0-1-g21d9df7e5

 Start time:   Mon Oct 25 10:58:42 2021

 Data directory: /work/zw18965/.local/qcore/share/entos/qcore/data
 Number of threads: 24
 Number of threads was determined by: command line argument
  - More threads can be used by running 'qcore -n 32'

 --------------------------------------------------------------------------------
                                command: optimize                                
 --------------------------------------------------------------------------------
 Using coordinate system:                tric

 -----------------------------
  Initial coordinates summary 
 -----------------------------
 Total coordinates:                     13
 Bond distances:                         2
 Bond angles:                            0
 Dihedral angles:                        0
 Linear bond angles:                     2
 Out-of-plane bends:                     0
 Translations:                           9
 Rotations:                              0
 Hessian update scheme:                  bfgs
 Initial hessian:                        model

 ------------------------------------------------------------------------------------------------------------
                   energy      change    grad rms    grad max    step rms    step max       trust    time (s)
 ------------------------------------------------------------------------------------------------------------
   1      -439.973834586                1.07e-03    2.28e-03                            2.00e-01       29.45
   2      -439.973895125   -6.05e-05    7.46e-04    1.58e-03    1.24e-02    1.52e-02    2.00e-01       21.39
   3      -439.973951840   -5.67e-05    4.63e-05    9.83e-05    2.81e-02    3.45e-02    2.00e-01       21.59
   4      -439.973951741    9.91e-08    1.86e-06    3.96e-06    1.65e-03    2.02e-03    8.23e-04       19.63
   5      -439.973951760   -1.89e-08    8.09e-08    1.55e-07    6.35e-05    7.79e-05    8.23e-04       18.17
 Geometry optimization stopped:          thresholds achieved

 Final energy:                        -439.973951760

 ---------------------------
  Final coordinates summary 
 ---------------------------
 Total coordinates:                     13
 Bond distances:                         2
 Bond angles:                            0
 Dihedral angles:                        0
 Linear bond angles:                     2
 Out-of-plane bends:                     0
 Translations:                           9
 Rotations:                              0

 -----------
  Final XYZ 
 -----------
3
Final structure: -439.974 hartree
Ag           0.000000335          0.000001454         -0.000000248
Ag           0.000000047         -0.000001339          2.604069217
Ag          -0.000000382         -0.000000115         -2.604068969

 Structure in entos input format:

  structure(
    xyz = [
      ['Ag' ,          0.000000335,          0.000001454,         -0.000000248],
      ['Ag' ,          0.000000047,         -0.000001339,          2.604069217],
      ['Ag' ,         -0.000000382,         -0.000000115,         -2.604068969]
    ]
  )

 --------------------------------
  Geometry optimization finished 
 --------------------------------
 Saving results in set 'opt'

 --------------------------------------------------------------------------------
                                 command: hessian                                
 --------------------------------------------------------------------------------

WARNING: semianalytic method is specified for dft hessian, which is not efficient. Try switching to 'method = analytic'


 -------------------------------
  Numerical Geometrical Hessian 
 -------------------------------

 Compute hessian using two-point central differentiation.
 Step size (bohr):                       0.0100

 Frequencies (including translational and rotational modes):
 mode    frequency (cm-1)
    0               45.72 i (imaginary)
    1               45.72 i (imaginary)
    2                7.99 i (imaginary)
    3                7.99 i (imaginary)
    4                0.00 i (imaginary)
    5                0.02
    6                0.02
    7              111.33
    8              188.77

 Project out translational and rotational motions 

 Degrees of freedom for translational and rotational motions: 6

 Vibrational frequencies:
 mode    frequency (cm-1)
    0               45.72 i (imaginary)
    1              111.33
    2              188.77

 --------------------------------------------------------------------------------

 End time:                               Mon Oct 25 11:07:22 2021
 Total wall-clock time:                520.538 seconds
==================================================================================
