
================================================================================
          _____________ ________ _______________ ________     _________         
         / ___________// ______ \\_____   _____// ______ \   / ________)        
        / /_________  / /      \ \     | |     / /      \ \ | (_______          
       |  __________|| |        | |    | |    | |        | | \________ \        
        \ \_________ | |        | |    | |     \ \______/ /___________) |       
         \__________||_|        |_|    |_|      \________//____________/        
                                                                                
====================================[ Qcore ]===================================

 Git describe: 2.3.0-1-g21d9df7e5
 Compiler:     GNU 9.1.0
 Build type:   Release
 Version:      2.3.0-1-g21d9df7e5

 Start time:   Mon Oct 25 10:56:56 2021

 Data directory: /work/zw18965/.local/qcore/share/entos/qcore/data
 Number of threads: 24
 Number of threads was determined by: command line argument

 --------------------------------------------------------------------------------
                                command: optimize                                
 --------------------------------------------------------------------------------
 Using coordinate system:                tric

 -----------------------------
  Initial coordinates summary 
 -----------------------------
 Total coordinates:                     12
 Bond distances:                         3
 Bond angles:                            3
 Dihedral angles:                        0
 Linear bond angles:                     0
 Out-of-plane bends:                     0
 Translations:                           3
 Rotations:                              3
 Hessian update scheme:                  bfgs
 Initial hessian:                        model

 ------------------------------------------------------------------------------------------------------------
                   energy      change    grad rms    grad max    step rms    step max       trust    time (s)
 ------------------------------------------------------------------------------------------------------------
   1      -440.030202948                1.50e-03    2.57e-03                            2.00e-01       27.59
   2      -440.030256037   -5.31e-05    7.89e-04    1.35e-03    8.65e-03    1.52e-02    2.00e-01       21.34
   3      -440.030277410   -2.14e-05    3.09e-05    5.42e-05    9.61e-03    1.69e-02    2.00e-01       21.35
Rejecting step due to low quality: Quality: -3.12668 New trust radius: 0.000181234
   4      -440.030277319    9.10e-08    3.09e-05    5.42e-05    3.62e-04    6.29e-04    1.81e-04       18.54
 Geometry optimization stopped:          thresholds achieved

 Final energy:                        -440.030277319

 ---------------------------
  Final coordinates summary 
 ---------------------------
 Total coordinates:                     12
 Bond distances:                         3
 Bond angles:                            3
 Dihedral angles:                        0
 Linear bond angles:                     0
 Out-of-plane bends:                     0
 Translations:                           3
 Rotations:                              3

 -----------
  Final XYZ 
 -----------
3
Final structure: -440.03 hartree
Ag           0.000008854          1.520357845          0.000001452
Ag           1.316411514         -0.760184917         -0.000000698
Ag          -1.316420368         -0.760171928         -0.000000754

 Structure in entos input format:

  structure(
    xyz = [
      ['Ag' ,          0.000008854,          1.520357845,          0.000001452],
      ['Ag' ,          1.316411514,         -0.760184917,         -0.000000698],
      ['Ag' ,         -1.316420368,         -0.760171928,         -0.000000754]
    ]
  )

 --------------------------------
  Geometry optimization finished 
 --------------------------------
 Saving results in set 'opt'

 --------------------------------------------------------------------------------
                                 command: hessian                                
 --------------------------------------------------------------------------------

WARNING: semianalytic method is specified for dft hessian, which is not efficient. Try switching to 'method = analytic'


 -------------------------------
  Numerical Geometrical Hessian 
 -------------------------------

 Compute hessian using two-point central differentiation.
 Step size (bohr):                       0.0100

 Frequencies (including translational and rotational modes):
 mode    frequency (cm-1)
    0                8.48 i (imaginary)
    1                7.76 i (imaginary)
    2                6.36 i (imaginary)
    3                0.01
    4                0.04
    5                0.09
    6              131.09
    7              131.13
    8              192.14

 Project out translational and rotational motions 

 Degrees of freedom for translational and rotational motions: 6

 Vibrational frequencies:
 mode    frequency (cm-1)
    0              131.09
    1              131.13
    2              192.14

 --------------------------------------------------------------------------------

 End time:                               Mon Oct 25 11:05:00 2021
 Total wall-clock time:                483.369 seconds
==================================================================================
