
================================================================================
          _____________ ________ _______________ ________     _________         
         / ___________// ______ \\_____   _____// ______ \   / ________)        
        / /_________  / /      \ \     | |     / /      \ \ | (_______          
       |  __________|| |        | |    | |    | |        | | \________ \        
        \ \_________ | |        | |    | |     \ \______/ /___________) |       
         \__________||_|        |_|    |_|      \________//____________/        
                                                                                
====================================[ Qcore ]===================================

 Git describe: 2.3.0-1-g21d9df7e5
 Compiler:     GNU 9.1.0
 Build type:   Release
 Version:      2.3.0-1-g21d9df7e5

 Start time:   Mon Oct 25 11:05:06 2021

 Data directory: /work/zw18965/.local/qcore/share/entos/qcore/data
 Number of threads: 24
 Number of threads was determined by: command line argument

 --------------------------------------------------------------------------------
                                command: optimize                                
 --------------------------------------------------------------------------------
 Using coordinate system:                tric

 -----------------------------
  Initial coordinates summary 
 -----------------------------
 Total coordinates:                     13
 Bond distances:                         2
 Bond angles:                            0
 Dihedral angles:                        0
 Linear bond angles:                     2
 Out-of-plane bends:                     0
 Translations:                           9
 Rotations:                              0
 Hessian update scheme:                  bfgs
 Initial hessian:                        model

 ------------------------------------------------------------------------------------------------------------
                   energy      change    grad rms    grad max    step rms    step max       trust    time (s)
 ------------------------------------------------------------------------------------------------------------
   1      -440.226899340                4.73e-04    1.00e-03                            2.00e-01       42.03
   2      -440.226911074   -1.17e-05    2.94e-04    6.24e-04    5.46e-03    6.68e-03    2.00e-01       27.63
   3      -440.226919295   -8.22e-06    6.34e-06    1.38e-05    9.01e-03    1.10e-02    2.00e-01       27.95
   4      -440.226919304   -9.39e-09    1.48e-07    3.25e-07    1.90e-04    2.35e-04    2.00e-01       22.75
 Geometry optimization stopped:          thresholds achieved

 Final energy:                        -440.226919304

 ---------------------------
  Final coordinates summary 
 ---------------------------
 Total coordinates:                     13
 Bond distances:                         2
 Bond angles:                            0
 Dihedral angles:                        0
 Linear bond angles:                     2
 Out-of-plane bends:                     0
 Translations:                           9
 Rotations:                              0

 -----------
  Final XYZ 
 -----------
3
Final structure: -440.227 hartree
Ag          -0.000003085         -0.000003085         -0.000000042
Ag           0.000003480          0.000003480          2.583281159
Ag          -0.000000395         -0.000000395         -2.583281118

 Structure in entos input format:

  structure(
    xyz = [
      ['Ag' ,         -0.000003085,         -0.000003085,         -0.000000042],
      ['Ag' ,          0.000003480,          0.000003480,          2.583281159],
      ['Ag' ,         -0.000000395,         -0.000000395,         -2.583281118]
    ]
  )

 --------------------------------
  Geometry optimization finished 
 --------------------------------
 Saving results in set 'opt'

 --------------------------------------------------------------------------------
                                 command: hessian                                
 --------------------------------------------------------------------------------

WARNING: semianalytic method is specified for dft hessian, which is not efficient. Try switching to 'method = analytic'


 -------------------------------
  Numerical Geometrical Hessian 
 -------------------------------

 Compute hessian using two-point central differentiation.
 Step size (bohr):                       0.0100

 Frequencies (including translational and rotational modes):
 mode    frequency (cm-1)
    0               17.81 i (imaginary)
    1               17.64 i (imaginary)
    2                8.33 i (imaginary)
    3                8.33 i (imaginary)
    4                0.01 i (imaginary)
    5                0.08
    6                0.10
    7              119.76
    8              189.17

 Project out translational and rotational motions 

 Degrees of freedom for translational and rotational motions: 6

 Vibrational frequencies:
 mode    frequency (cm-1)
    0               17.72 i (imaginary)
    1              119.76
    2              189.17

 --------------------------------------------------------------------------------

 End time:                               Mon Oct 25 11:16:32 2021
 Total wall-clock time:                685.585 seconds
==================================================================================
