
================================================================================
          _____________ ________ _______________ ________     _________         
         / ___________// ______ \\_____   _____// ______ \   / ________)        
        / /_________  / /      \ \     | |     / /      \ \ | (_______          
       |  __________|| |        | |    | |    | |        | | \________ \        
        \ \_________ | |        | |    | |     \ \______/ /___________) |       
         \__________||_|        |_|    |_|      \________//____________/        
                                                                                
====================================[ Qcore ]===================================

 Git describe: 2.3.0-1-g21d9df7e5
 Compiler:     GNU 9.1.0
 Build type:   Release
 Version:      2.3.0-1-g21d9df7e5

 Start time:   Mon Oct 25 11:04:28 2021

 Data directory: /work/zw18965/.local/qcore/share/entos/qcore/data
 Number of threads: 24
 Number of threads was determined by: command line argument

 --------------------------------------------------------------------------------
                                command: optimize                                
 --------------------------------------------------------------------------------
 Using coordinate system:                tric

 -----------------------------
  Initial coordinates summary 
 -----------------------------
 Total coordinates:                     12
 Bond distances:                         3
 Bond angles:                            3
 Dihedral angles:                        0
 Linear bond angles:                     0
 Out-of-plane bends:                     0
 Translations:                           3
 Rotations:                              3
 Hessian update scheme:                  bfgs
 Initial hessian:                        model

 ------------------------------------------------------------------------------------------------------------
                   energy      change    grad rms    grad max    step rms    step max       trust    time (s)
 ------------------------------------------------------------------------------------------------------------
   1      -440.229926749                5.83e-03    1.18e-02                            2.00e-01       76.72
   2      -440.231391198   -1.46e-03    3.63e-03    6.81e-03    5.97e-02    9.17e-02    2.00e-01       36.36
   3      -440.232454399   -1.06e-03    1.82e-03    3.34e-03    1.04e-01    1.68e-01    2.00e-01       38.20
   4      -440.232564717   -1.10e-04    1.30e-03    2.26e-03    2.04e-02    4.81e-02    2.00e-01       35.16
   5      -440.232660224   -9.55e-05    1.67e-04    3.28e-04    3.40e-02    8.26e-02    2.00e-01       35.54
   6      -440.232663113   -2.89e-06    1.92e-05    3.85e-05    6.92e-03    1.64e-02    2.00e-01       32.01
   7      -440.232663261   -1.48e-07    3.20e-06    7.72e-06    1.37e-03    3.07e-03    2.00e-01       28.30
   8      -440.232663282   -2.03e-08    5.24e-07    9.19e-07    9.98e-05    1.79e-04    2.00e-01       24.37
 Geometry optimization stopped:          thresholds achieved

 Final energy:                        -440.232663282

 ---------------------------
  Final coordinates summary 
 ---------------------------
 Total coordinates:                     12
 Bond distances:                         3
 Bond angles:                            3
 Dihedral angles:                        0
 Linear bond angles:                     0
 Out-of-plane bends:                     0
 Translations:                           3
 Rotations:                              3

 -----------
  Final XYZ 
 -----------
3
Final structure: -440.233 hartree
Ag          -0.000014181          1.431581994          0.000001250
Ag           1.436774265         -0.715759060         -0.000001544
Ag          -1.436760084         -0.715823934          0.000000294

 Structure in entos input format:

  structure(
    xyz = [
      ['Ag' ,         -0.000014181,          1.431581994,          0.000001250],
      ['Ag' ,          1.436774265,         -0.715759060,         -0.000001544],
      ['Ag' ,         -1.436760084,         -0.715823934,          0.000000294]
    ]
  )

 --------------------------------
  Geometry optimization finished 
 --------------------------------
 Saving results in set 'opt'

 --------------------------------------------------------------------------------
                                 command: hessian                                
 --------------------------------------------------------------------------------

WARNING: semianalytic method is specified for dft hessian, which is not efficient. Try switching to 'method = analytic'


 -------------------------------
  Numerical Geometrical Hessian 
 -------------------------------

 Compute hessian using two-point central differentiation.
 Step size (bohr):                       0.0100

 Frequencies (including translational and rotational modes):
 mode    frequency (cm-1)
    0               15.08 i (imaginary)
    1                8.33 i (imaginary)
    2                4.02 i (imaginary)
    3                0.04 i (imaginary)
    4                0.04
    5                0.07
    6               74.29
    7              111.11
    8              190.01

 Project out translational and rotational motions 

 Degrees of freedom for translational and rotational motions: 6

 Vibrational frequencies:
 mode    frequency (cm-1)
    0               74.29
    1              111.11
    2              190.01

 --------------------------------------------------------------------------------

 End time:                               Mon Oct 25 11:20:43 2021
 Total wall-clock time:                975.462 seconds
==================================================================================
