
================================================================================
          _____________ ________ _______________ ________     _________         
         / ___________// ______ \\_____   _____// ______ \   / ________)        
        / /_________  / /      \ \     | |     / /      \ \ | (_______          
       |  __________|| |        | |    | |    | |        | | \________ \        
        \ \_________ | |        | |    | |     \ \______/ /___________) |       
         \__________||_|        |_|    |_|      \________//____________/        
                                                                                
====================================[ Qcore ]===================================

 Git describe: 2.3.0-1-g21d9df7e5
 Compiler:     GNU 9.1.0
 Build type:   Release
 Version:      2.3.0-1-g21d9df7e5

 Start time:   Mon Oct 25 11:07:29 2021

 Data directory: /work/zw18965/.local/qcore/share/entos/qcore/data
 Number of threads: 24
 Number of threads was determined by: command line argument
  - More threads can be used by running 'qcore -n 32'

 --------------------------------------------------------------------------------
                                command: optimize                                
 --------------------------------------------------------------------------------
 Using coordinate system:                tric

 -----------------------------
  Initial coordinates summary 
 -----------------------------
 Total coordinates:                      7
 Bond distances:                         1
 Bond angles:                            0
 Dihedral angles:                        0
 Linear bond angles:                     0
 Out-of-plane bends:                     0
 Translations:                           6
 Rotations:                              0
 Hessian update scheme:                  bfgs
 Initial hessian:                        model

 ------------------------------------------------------------------------------------------------------------
                   energy      change    grad rms    grad max    step rms    step max       trust    time (s)
 ------------------------------------------------------------------------------------------------------------
   1      -235.212207818                1.14e-03    1.97e-03                            2.00e-01        7.29
   2      -235.212215052   -7.23e-06    3.76e-04    6.51e-04    3.22e-03    6.43e-03    2.00e-01        4.37
   3      -235.212215599   -5.47e-07    4.74e-06    8.20e-06    1.58e-03    3.16e-03    2.00e-01        4.39
Rejecting step due to low quality: Quality: -64.3985 New trust radius: 1.00919e-05
   4      -235.212215588    1.07e-08    4.74e-06    8.20e-06    2.02e-05    4.04e-05    1.01e-05        3.80
 Geometry optimization stopped:          thresholds achieved

 Final energy:                        -235.212215588

 ---------------------------
  Final coordinates summary 
 ---------------------------
 Total coordinates:                      7
 Bond distances:                         1
 Bond angles:                            0
 Dihedral angles:                        0
 Linear bond angles:                     0
 Out-of-plane bends:                     0
 Translations:                           6
 Rotations:                              0

 -----------
  Final XYZ 
 -----------
2
Final structure: -235.212 hartree
Au          -0.000004775         -0.000004768          0.199391669
F            0.000004775          0.000004768         -1.730469669

 Structure in entos input format:

  structure(
    xyz = [
      ['Au' ,         -0.000004775,         -0.000004768,          0.199391669],
      ['F'  ,          0.000004775,          0.000004768,         -1.730469669]
    ]
  )

 --------------------------------
  Geometry optimization finished 
 --------------------------------
 Saving results in set 'opt'

 --------------------------------------------------------------------------------
                                 command: hessian                                
 --------------------------------------------------------------------------------

WARNING: semianalytic method is specified for dft hessian, which is not efficient. Try switching to 'method = analytic'


 -------------------------------
  Numerical Geometrical Hessian 
 -------------------------------

 Compute hessian using two-point central differentiation.
 Step size (bohr):                       0.0100

 Frequencies (including translational and rotational modes):
 mode    frequency (cm-1)
    0                0.07 i (imaginary)
    1                0.02 i (imaginary)
    2                0.00 i (imaginary)
    3               43.07
    4               43.18
    5              555.71

 Project out translational and rotational motions 

 The molecule is linear

 Degrees of freedom for translational and rotational motions: 5

 Vibrational frequencies:
 mode    frequency (cm-1)
    0              555.71

 --------------------------------------------------------------------------------

 End time:                               Mon Oct 25 11:08:47 2021
 Total wall-clock time:                 78.826 seconds
==================================================================================
