
================================================================================
          _____________ ________ _______________ ________     _________         
         / ___________// ______ \\_____   _____// ______ \   / ________)        
        / /_________  / /      \ \     | |     / /      \ \ | (_______          
       |  __________|| |        | |    | |    | |        | | \________ \        
        \ \_________ | |        | |    | |     \ \______/ /___________) |       
         \__________||_|        |_|    |_|      \________//____________/        
                                                                                
====================================[ Qcore ]===================================

 Git describe: 2.3.0-1-g21d9df7e5
 Compiler:     GNU 9.1.0
 Build type:   Release
 Version:      2.3.0-1-g21d9df7e5

 Start time:   Mon Oct 25 11:08:53 2021

 Data directory: /work/zw18965/.local/qcore/share/entos/qcore/data
 Number of threads: 24
 Number of threads was determined by: command line argument
  - More threads can be used by running 'qcore -n 32'

 --------------------------------------------------------------------------------
                                command: optimize                                
 --------------------------------------------------------------------------------
 Using coordinate system:                tric

 -----------------------------
  Initial coordinates summary 
 -----------------------------
 Total coordinates:                      7
 Bond distances:                         1
 Bond angles:                            0
 Dihedral angles:                        0
 Linear bond angles:                     0
 Out-of-plane bends:                     0
 Translations:                           6
 Rotations:                              0
 Hessian update scheme:                  bfgs
 Initial hessian:                        model

 ------------------------------------------------------------------------------------------------------------
                   energy      change    grad rms    grad max    step rms    step max       trust    time (s)
 ------------------------------------------------------------------------------------------------------------
   1      -136.032391323                3.13e-04    5.42e-04                            2.00e-01        4.65
Rejecting step due to low quality: Quality: -1.29492 New trust radius: 0.000566665
   2      -136.032390527    7.96e-07    3.13e-04    5.42e-04    1.13e-03    2.27e-03    5.67e-04        2.42
   3      -136.032391056    2.67e-07    1.81e-04    3.14e-04    5.67e-04    1.13e-03    2.83e-04        2.47
   4      -136.032390810    2.46e-07    1.15e-04    2.00e-04    2.83e-04    5.67e-04    1.42e-04        2.34
 Geometry optimization stopped:          thresholds achieved

 Final energy:                        -136.032390810

 ---------------------------
  Final coordinates summary 
 ---------------------------
 Total coordinates:                      7
 Bond distances:                         1
 Bond angles:                            0
 Dihedral angles:                        0
 Linear bond angles:                     0
 Out-of-plane bends:                     0
 Translations:                           6
 Rotations:                              0

 -----------
  Final XYZ 
 -----------
2
Final structure: -136.032 hartree
Au           0.000000140          0.000000140          0.019483799
H           -0.000000140         -0.000000140         -1.504140799

 Structure in entos input format:

  structure(
    xyz = [
      ['Au' ,          0.000000140,          0.000000140,          0.019483799],
      ['H'  ,         -0.000000140,         -0.000000140,         -1.504140799]
    ]
  )

 --------------------------------
  Geometry optimization finished 
 --------------------------------
 Saving results in set 'opt'

 --------------------------------------------------------------------------------
                                 command: hessian                                
 --------------------------------------------------------------------------------

WARNING: semianalytic method is specified for dft hessian, which is not efficient. Try switching to 'method = analytic'


 -------------------------------
  Numerical Geometrical Hessian 
 -------------------------------

 Compute hessian using two-point central differentiation.
 Step size (bohr):                       0.0100

 Frequencies (including translational and rotational modes):
 mode    frequency (cm-1)
    0                0.02 i (imaginary)
    1                0.01 i (imaginary)
    2                0.00 i (imaginary)
    3               36.58
    4               36.91
    5             2302.23

 Project out translational and rotational motions 

 The molecule is linear

 Degrees of freedom for translational and rotational motions: 5

 Vibrational frequencies:
 mode    frequency (cm-1)
    0             2302.23

 --------------------------------------------------------------------------------

 End time:                               Mon Oct 25 11:09:39 2021
 Total wall-clock time:                 45.668 seconds
==================================================================================
