
================================================================================
          _____________ ________ _______________ ________     _________         
         / ___________// ______ \\_____   _____// ______ \   / ________)        
        / /_________  / /      \ \     | |     / /      \ \ | (_______          
       |  __________|| |        | |    | |    | |        | | \________ \        
        \ \_________ | |        | |    | |     \ \______/ /___________) |       
         \__________||_|        |_|    |_|      \________//____________/        
                                                                                
====================================[ Qcore ]===================================

 Git describe: 2.3.0-1-g21d9df7e5
 Compiler:     GNU 9.1.0
 Build type:   Release
 Version:      2.3.0-1-g21d9df7e5

 Start time:   Mon Oct 25 11:22:34 2021

 Data directory: /work/zw18965/.local/qcore/share/entos/qcore/data
 Number of threads: 24
 Number of threads was determined by: command line argument
  - More threads can be used by running 'qcore -n 32'

 --------------------------------------------------------------------------------
                                command: optimize                                
 --------------------------------------------------------------------------------
 Using coordinate system:                tric

 -----------------------------
  Initial coordinates summary 
 -----------------------------
 Total coordinates:                     13
 Bond distances:                         2
 Bond angles:                            0
 Dihedral angles:                        0
 Linear bond angles:                     2
 Out-of-plane bends:                     0
 Translations:                           9
 Rotations:                              0
 Hessian update scheme:                  bfgs
 Initial hessian:                        model

 ------------------------------------------------------------------------------------------------------------
                   energy      change    grad rms    grad max    step rms    step max       trust    time (s)
 ------------------------------------------------------------------------------------------------------------
   1      -406.398544904                2.34e-04    4.96e-04                            2.00e-01       54.61
   2      -406.398548213   -3.31e-06    7.60e-05    1.61e-04    2.70e-03    3.31e-03    2.00e-01       35.33
Failed to converge
Failed to converge
Failed to converge
Failed to converge
Failed to converge
   3      -406.398551566   -3.35e-06    4.69e-06    1.13e-05    1.30e-03    1.59e-03    2.00e-01       36.20
Rejecting step due to low quality: Quality: -8443.24 New trust radius: 1.43153e-05
   4      -406.398548895    2.67e-06    4.69e-06    1.13e-05    2.86e-05    6.96e-05    1.43e-05       32.59
   5      -406.398548891    2.67e-06    1.87e-06    4.07e-06    1.43e-05    3.48e-05    7.15e-06       28.09
   6      -406.398548888    3.17e-09    1.58e-06    3.58e-06    7.16e-06    1.07e-05    3.58e-06       25.44
 Geometry optimization stopped:          thresholds achieved

 Final energy:                        -406.398548888

 ---------------------------
  Final coordinates summary 
 ---------------------------
 Total coordinates:                     13
 Bond distances:                         2
 Bond angles:                            0
 Dihedral angles:                        0
 Linear bond angles:                     2
 Out-of-plane bends:                     0
 Translations:                           9
 Rotations:                              0

 -----------
  Final XYZ 
 -----------
3
Final structure: -406.399 hartree
Au          -0.000001857          0.000005706          0.000008329
Au          -0.000000467         -0.000003070          2.544817194
Au           0.000002324         -0.000002637         -2.544825523

 Structure in entos input format:

  structure(
    xyz = [
      ['Au' ,         -0.000001857,          0.000005706,          0.000008329],
      ['Au' ,         -0.000000467,         -0.000003070,          2.544817194],
      ['Au' ,          0.000002324,         -0.000002637,         -2.544825523]
    ]
  )

 --------------------------------
  Geometry optimization finished 
 --------------------------------
 Saving results in set 'opt'

 --------------------------------------------------------------------------------
                                 command: hessian                                
 --------------------------------------------------------------------------------

WARNING: semianalytic method is specified for dft hessian, which is not efficient. Try switching to 'method = analytic'


 -------------------------------
  Numerical Geometrical Hessian 
 -------------------------------

 Compute hessian using two-point central differentiation.
 Step size (bohr):                       0.0100

 Frequencies (including translational and rotational modes):
 mode    frequency (cm-1)
    0               26.88 i (imaginary)
    1               26.79 i (imaginary)
    2                6.58 i (imaginary)
    3                6.58 i (imaginary)
    4                0.00 i (imaginary)
    5                0.02
    6                0.04
    7              117.08
    8              179.26

 Project out translational and rotational motions 

 Degrees of freedom for translational and rotational motions: 6

 Vibrational frequencies:
 mode    frequency (cm-1)
    0               26.80 i (imaginary)
    1              117.08
    2              179.26

 --------------------------------------------------------------------------------

 End time:                               Mon Oct 25 11:39:25 2021
 Total wall-clock time:               1011.067 seconds
==================================================================================
