
================================================================================
          _____________ ________ _______________ ________     _________         
         / ___________// ______ \\_____   _____// ______ \   / ________)        
        / /_________  / /      \ \     | |     / /      \ \ | (_______          
       |  __________|| |        | |    | |    | |        | | \________ \        
        \ \_________ | |        | |    | |     \ \______/ /___________) |       
         \__________||_|        |_|    |_|      \________//____________/        
                                                                                
====================================[ Qcore ]===================================

 Git describe: 2.3.0-1-g21d9df7e5
 Compiler:     GNU 9.1.0
 Build type:   Release
 Version:      2.3.0-1-g21d9df7e5

 Start time:   Mon Oct 25 11:11:55 2021

 Data directory: /work/zw18965/.local/qcore/share/entos/qcore/data
 Number of threads: 24
 Number of threads was determined by: command line argument
  - More threads can be used by running 'qcore -n 32'

 --------------------------------------------------------------------------------
                                command: optimize                                
 --------------------------------------------------------------------------------
 Using coordinate system:                tric

 -----------------------------
  Initial coordinates summary 
 -----------------------------
 Total coordinates:                     12
 Bond distances:                         3
 Bond angles:                            3
 Dihedral angles:                        0
 Linear bond angles:                     0
 Out-of-plane bends:                     0
 Translations:                           3
 Rotations:                              3
 Hessian update scheme:                  bfgs
 Initial hessian:                        model

 ------------------------------------------------------------------------------------------------------------
                   energy      change    grad rms    grad max    step rms    step max       trust    time (s)
 ------------------------------------------------------------------------------------------------------------
   1      -406.160432076                1.44e-03    2.57e-03                            2.00e-01       36.21
   2      -406.160474181   -4.21e-05    2.12e-04    3.93e-04    8.34e-03    1.48e-02    2.00e-01       27.51
   3      -406.160475918   -1.74e-06    6.74e-06    1.43e-05    1.44e-03    2.64e-03    2.00e-01       26.34
   4      -406.160476123   -2.06e-07    1.56e-06    2.95e-06    5.29e-05    1.29e-04    2.00e-01       22.90
 Geometry optimization stopped:          thresholds achieved

 Final energy:                        -406.160476123

 ---------------------------
  Final coordinates summary 
 ---------------------------
 Total coordinates:                     12
 Bond distances:                         3
 Bond angles:                            3
 Dihedral angles:                        0
 Linear bond angles:                     0
 Out-of-plane bends:                     0
 Translations:                           3
 Rotations:                              3

 -----------
  Final XYZ 
 -----------
3
Final structure: -406.16 hartree
Au           0.000010462          1.495916152          0.000003049
Au           1.296080472         -0.747966303         -0.000002253
Au          -1.296090934         -0.747949850         -0.000000797

 Structure in entos input format:

  structure(
    xyz = [
      ['Au' ,          0.000010462,          1.495916152,          0.000003049],
      ['Au' ,          1.296080472,         -0.747966303,         -0.000002253],
      ['Au' ,         -1.296090934,         -0.747949850,         -0.000000797]
    ]
  )

 --------------------------------
  Geometry optimization finished 
 --------------------------------
 Saving results in set 'opt'

 --------------------------------------------------------------------------------
                                 command: hessian                                
 --------------------------------------------------------------------------------

WARNING: semianalytic method is specified for dft hessian, which is not efficient. Try switching to 'method = analytic'


 -------------------------------
  Numerical Geometrical Hessian 
 -------------------------------

 Compute hessian using two-point central differentiation.
 Step size (bohr):                       0.0100

 Frequencies (including translational and rotational modes):
 mode    frequency (cm-1)
    0                8.49 i (imaginary)
    1                6.86 i (imaginary)
    2                3.16 i (imaginary)
    3                0.00 i (imaginary)
    4                0.04
    5                0.09
    6              121.21
    7              121.90
    8              187.70

 Project out translational and rotational motions 

 Degrees of freedom for translational and rotational motions: 6

 Vibrational frequencies:
 mode    frequency (cm-1)
    0              121.21
    1              121.90
    2              187.70

 --------------------------------------------------------------------------------

 End time:                               Mon Oct 25 11:22:28 2021
 Total wall-clock time:                633.624 seconds
==================================================================================
