
================================================================================
          _____________ ________ _______________ ________     _________         
         / ___________// ______ \\_____   _____// ______ \   / ________)        
        / /_________  / /      \ \     | |     / /      \ \ | (_______          
       |  __________|| |        | |    | |    | |        | | \________ \        
        \ \_________ | |        | |    | |     \ \______/ /___________) |       
         \__________||_|        |_|    |_|      \________//____________/        
                                                                                
====================================[ Qcore ]===================================

 Git describe: 2.3.0-1-g21d9df7e5
 Compiler:     GNU 9.1.0
 Build type:   Release
 Version:      2.3.0-1-g21d9df7e5

 Start time:   Wed Oct 27 10:45:46 2021

 Data directory: /work/zw18965/.local/qcore/share/entos/qcore/data
 Number of threads: 24
 Number of threads was determined by: command line argument
  - More threads can be used by running 'qcore -n 32'

 --------------------------------------------------------------------------------
                                 command: hessian                                
 --------------------------------------------------------------------------------

WARNING: semianalytic method is specified for dft hessian, which is not efficient. Try switching to 'method = analytic'


 -------------------------------
  Numerical Geometrical Hessian 
 -------------------------------

 Compute hessian using two-point central differentiation.
 Step size (bohr):                       0.0100

 Frequencies (including translational and rotational modes):
 mode    frequency (cm-1)
    0               56.74 i (imaginary)
    1               56.67 i (imaginary)
    2                4.42 i (imaginary)
    3                4.26 i (imaginary)
    4                0.01
    5                1.82
    6                1.90
    7              106.28
    8              175.61

 Project out translational and rotational motions 

 The molecule is linear

 Degrees of freedom for translational and rotational motions: 5

 Vibrational frequencies:
 mode    frequency (cm-1)
    0               56.70 i (imaginary)
    1               56.64 i (imaginary)
    2              106.28
    3              175.61
 Saving results in set 'hess1'

 --------------------------------------------------------------------------------
                                command: optimize                                
 --------------------------------------------------------------------------------
 Using coordinate system:                tric

 -----------------------------
  Initial coordinates summary 
 -----------------------------
 Total coordinates:                     13
 Bond distances:                         2
 Bond angles:                            0
 Dihedral angles:                        0
 Linear bond angles:                     2
 Out-of-plane bends:                     0
 Translations:                           9
 Rotations:                              0
 Hessian update scheme:                  bfgs

 The molecule is linear

 Degrees of freedom for translational and rotational motions: 5

 ------------------------------------------------------------------------------------------------------------
                   energy      change    grad rms    grad max    step rms    step max       trust    time (s)
 ------------------------------------------------------------------------------------------------------------
   1      -406.086006177                7.46e-04    1.58e-03                            2.00e-01       45.17
   2      -406.086040884   -3.47e-05    1.89e-05    4.04e-05    1.53e-02    1.88e-02    2.00e-01       32.78
Failed to converge
Failed to converge
Failed to converge
Failed to converge
Failed to converge
   3      -406.086043617   -2.73e-06    5.35e-06    1.27e-05    3.80e-04    4.68e-04    2.00e-01       31.10
Rejecting step due to low quality: Quality: -5477.31 New trust radius: 2.02575e-05
   4      -406.086040644    2.97e-06    5.35e-06    1.27e-05    4.05e-05    9.73e-05    2.03e-05       29.25
   5      -406.086040643    2.97e-06    2.74e-06    6.70e-06    2.08e-05    4.86e-05    1.04e-05       26.89
   6      -406.086040645   -1.75e-09    1.74e-06    4.18e-06    1.01e-05    2.42e-05    1.47e-05       27.35
 Geometry optimization stopped:          thresholds achieved

 Final energy:                        -406.086040645

 ---------------------------
  Final coordinates summary 
 ---------------------------
 Total coordinates:                     13
 Bond distances:                         2
 Bond angles:                            0
 Dihedral angles:                        0
 Linear bond angles:                     2
 Out-of-plane bends:                     0
 Translations:                           9
 Rotations:                              0

 -----------
  Final XYZ 
 -----------
3
Final structure: -406.086 hartree
Au           0.000003390         -0.000000015          0.000009165
Au          -0.000001703          0.000000004          2.567152667
Au          -0.000001687          0.000000011         -2.567161832

 Structure in entos input format:

  structure(
    xyz = [
      ['Au' ,          0.000003390,         -0.000000015,          0.000009165],
      ['Au' ,         -0.000001703,          0.000000004,          2.567152667],
      ['Au' ,         -0.000001687,          0.000000011,         -2.567161832]
    ]
  )

 --------------------------------
  Geometry optimization finished 
 --------------------------------
 Saving results in set 'opt'

 --------------------------------------------------------------------------------
                                 command: hessian                                
 --------------------------------------------------------------------------------

WARNING: semianalytic method is specified for dft hessian, which is not efficient. Try switching to 'method = analytic'


 -------------------------------
  Numerical Geometrical Hessian 
 -------------------------------

 Compute hessian using two-point central differentiation.
 Step size (bohr):                       0.0100

 Frequencies (including translational and rotational modes):
 mode    frequency (cm-1)
    0               57.74 i (imaginary)
    1               57.74 i (imaginary)
    2                6.47 i (imaginary)
    3                6.35 i (imaginary)
    4                0.00 i (imaginary)
    5                0.05
    6                0.05
    7              108.82
    8              180.25

 Project out translational and rotational motions 

 Degrees of freedom for translational and rotational motions: 6

 Vibrational frequencies:
 mode    frequency (cm-1)
    0               57.74 i (imaginary)
    1              108.82
    2              180.25

 --------------------------------------------------------------------------------

 End time:                               Wed Oct 27 11:12:18 2021
 Total wall-clock time:               1592.115 seconds
==================================================================================
