
================================================================================
          _____________ ________ _______________ ________     _________         
         / ___________// ______ \\_____   _____// ______ \   / ________)        
        / /_________  / /      \ \     | |     / /      \ \ | (_______          
       |  __________|| |        | |    | |    | |        | | \________ \        
        \ \_________ | |        | |    | |     \ \______/ /___________) |       
         \__________||_|        |_|    |_|      \________//____________/        
                                                                                
====================================[ Qcore ]===================================

 Git describe: 2.3.0-1-g21d9df7e5
 Compiler:     GNU 9.1.0
 Build type:   Release
 Version:      2.3.0-1-g21d9df7e5

 Start time:   Mon Oct 25 11:20:49 2021

 Data directory: /work/zw18965/.local/qcore/share/entos/qcore/data
 Number of threads: 24
 Number of threads was determined by: command line argument

 --------------------------------------------------------------------------------
                                command: optimize                                
 --------------------------------------------------------------------------------
 Using coordinate system:                tric

 -----------------------------
  Initial coordinates summary 
 -----------------------------
 Total coordinates:                     12
 Bond distances:                         3
 Bond angles:                            3
 Dihedral angles:                        0
 Linear bond angles:                     0
 Out-of-plane bends:                     0
 Translations:                           3
 Rotations:                              3
 Hessian update scheme:                  bfgs
 Initial hessian:                        model

 ------------------------------------------------------------------------------------------------------------
                   energy      change    grad rms    grad max    step rms    step max       trust    time (s)
 ------------------------------------------------------------------------------------------------------------
   1      -406.402923308                6.79e-03    1.24e-02                            2.00e-01       77.08
   2      -406.404667615   -1.74e-03    2.69e-03    4.75e-03    6.92e-02    1.28e-01    2.00e-01       54.96
   3      -406.404958591   -2.91e-04    1.27e-03    2.34e-03    4.48e-02    7.03e-02    2.00e-01       52.00
   4      -406.404980777   -2.22e-05    2.71e-04    5.43e-04    7.00e-03    1.66e-02    2.00e-01       46.52
   5      -406.404982754   -1.98e-06    9.81e-05    1.75e-04    2.76e-03    6.53e-03    2.00e-01       46.38
   6      -406.404983889   -1.14e-06    1.56e-04    3.45e-04    1.93e-03    5.22e-03    2.00e-01       46.08
   7      -406.405003802   -1.99e-05    1.11e-03    2.14e-03    2.82e-02    7.80e-02    2.00e-01       55.27
Rejecting step due to low quality: Quality: -8.17031 New trust radius: 0.0999964
   8      -406.404381787    6.22e-04    1.11e-03    2.14e-03    2.00e-01    5.45e-01    1.00e-01       57.20
Rejecting step due to low quality: Quality: -2.01968 New trust radius: 0.0498922
   9      -406.404889084    1.15e-04    1.11e-03    2.14e-03    9.98e-02    2.72e-01    4.99e-02       55.03
  10      -406.405003604    1.98e-07    2.29e-03    3.78e-03    4.97e-02    1.36e-01    2.49e-02       52.43
  11      -406.405034223   -3.06e-05    1.75e-03    3.26e-03    2.27e-02    6.11e-02    3.52e-02       50.29
  12      -406.405074889   -4.07e-05    1.66e-03    3.33e-03    7.33e-03    1.48e-02    3.52e-02       48.61
  13      -406.405237111   -1.62e-04    1.37e-03    2.95e-03    3.58e-02    6.52e-02    4.97e-02       52.57
  14      -406.405347118   -1.10e-04    2.90e-04    6.32e-04    5.04e-02    8.87e-02    4.97e-02       54.61
  15      -406.405356639   -9.52e-06    2.26e-04    4.85e-04    1.26e-02    3.83e-02    4.97e-02       50.80
  16      -406.405363153   -6.51e-06    2.02e-04    4.04e-04    4.30e-03    2.22e-02    4.97e-02       49.11
  17      -406.405367965   -4.81e-06    3.26e-04    6.14e-04    3.88e-03    2.45e-02    4.97e-02       48.48
  18      -406.405374199   -6.23e-06    4.23e-04    8.78e-04    4.88e-03    4.29e-02    4.97e-02       48.03
  19      -406.405383079   -8.88e-06    4.43e-04    1.02e-03    5.82e-03    7.13e-02    4.97e-02       50.34
  20      -406.405392019   -8.94e-06    3.67e-04    7.84e-04    4.17e-03    6.64e-02    4.97e-02       48.15
  21      -406.405399597   -7.58e-06    3.24e-04    6.08e-04    4.40e-03    4.16e-02    4.97e-02       44.30
  22      -406.405406210   -6.61e-06    2.92e-04    6.51e-04    6.71e-03    1.21e-02    4.97e-02       46.25
  23      -406.405409310   -3.10e-06    1.52e-04    3.25e-04    4.46e-03    7.96e-03    4.97e-02       46.13
  24      -406.405410223   -9.13e-07    3.99e-05    7.32e-05    8.69e-04    1.91e-03    4.97e-02       35.78
  25      -406.405410264   -4.06e-08    6.45e-06    1.20e-05    5.74e-04    1.15e-03    4.97e-02       40.29
 Geometry optimization stopped:          thresholds achieved

 Final energy:                        -406.405410264

 ---------------------------
  Final coordinates summary 
 ---------------------------
 Total coordinates:                     12
 Bond distances:                         3
 Bond angles:                            3
 Dihedral angles:                        0
 Linear bond angles:                     0
 Out-of-plane bends:                     0
 Translations:                           3
 Rotations:                              3

 -----------
  Final XYZ 
 -----------
3
Final structure: -406.405 hartree
Au          -0.000287497          1.439110328         -0.000202694
Au           1.391761032         -0.719091079          0.000462093
Au          -1.391473536         -0.720019247         -0.000259400

 Structure in entos input format:

  structure(
    xyz = [
      ['Au' ,         -0.000287497,          1.439110328,         -0.000202694],
      ['Au' ,          1.391761032,         -0.719091079,          0.000462093],
      ['Au' ,         -1.391473536,         -0.720019247,         -0.000259400]
    ]
  )

 --------------------------------
  Geometry optimization finished 
 --------------------------------
 Saving results in set 'opt'

 --------------------------------------------------------------------------------
                                 command: hessian                                
 --------------------------------------------------------------------------------

WARNING: semianalytic method is specified for dft hessian, which is not efficient. Try switching to 'method = analytic'


 -------------------------------
  Numerical Geometrical Hessian 
 -------------------------------

 Compute hessian using two-point central differentiation.
 Step size (bohr):                       0.0100

 Frequencies (including translational and rotational modes):
 mode    frequency (cm-1)
    0                0.05 i (imaginary)
    1                0.03 i (imaginary)
    2                0.01 i (imaginary)
    3                7.12
    4                8.99
    5               12.89
    6               77.06
    7               79.35
    8              180.08

 Project out translational and rotational motions 

 Degrees of freedom for translational and rotational motions: 6

 Vibrational frequencies:
 mode    frequency (cm-1)
    0               77.06
    1               79.33
    2              180.08

 --------------------------------------------------------------------------------

 End time:                               Mon Oct 25 11:55:12 2021
 Total wall-clock time:               2062.612 seconds
==================================================================================
