
================================================================================
          _____________ ________ _______________ ________     _________         
         / ___________// ______ \\_____   _____// ______ \   / ________)        
        / /_________  / /      \ \     | |     / /      \ \ | (_______          
       |  __________|| |        | |    | |    | |        | | \________ \        
        \ \_________ | |        | |    | |     \ \______/ /___________) |       
         \__________||_|        |_|    |_|      \________//____________/        
                                                                                
====================================[ Qcore ]===================================

 Git describe: 2.3.0-1-g21d9df7e5
 Compiler:     GNU 9.1.0
 Build type:   Release
 Version:      2.3.0-1-g21d9df7e5

 Start time:   Mon Oct 25 11:39:32 2021

 Data directory: /work/zw18965/.local/qcore/share/entos/qcore/data
 Number of threads: 24
 Number of threads was determined by: command line argument
  - More threads can be used by running 'qcore -n 32'

 --------------------------------------------------------------------------------
                                command: optimize                                
 --------------------------------------------------------------------------------
 Using coordinate system:                tric

 -----------------------------
  Initial coordinates summary 
 -----------------------------
 Total coordinates:                      7
 Bond distances:                         1
 Bond angles:                            0
 Dihedral angles:                        0
 Linear bond angles:                     0
 Out-of-plane bends:                     0
 Translations:                           6
 Rotations:                              0
 Hessian update scheme:                  bfgs
 Initial hessian:                        model

 ------------------------------------------------------------------------------------------------------------
                   energy      change    grad rms    grad max    step rms    step max       trust    time (s)
 ------------------------------------------------------------------------------------------------------------
   1     -1739.753023099                3.21e-03    5.56e-03                            2.00e-01        9.47
   2     -1739.753070984   -4.79e-05    2.00e-03    3.47e-03    4.84e-03    9.68e-03    2.00e-01        5.32
   3     -1739.753106537   -3.56e-05    6.29e-05    1.09e-04    8.03e-03    1.61e-02    2.00e-01        5.30
   4     -1739.753106942   -4.05e-07    1.19e-06    2.06e-06    2.60e-04    5.20e-04    2.00e-01        5.04
 Geometry optimization stopped:          thresholds achieved

 Final energy:                       -1739.753106942

 ---------------------------
  Final coordinates summary 
 ---------------------------
 Total coordinates:                      7
 Bond distances:                         1
 Bond angles:                            0
 Dihedral angles:                        0
 Linear bond angles:                     0
 Out-of-plane bends:                     0
 Translations:                           6
 Rotations:                              0

 -----------
  Final XYZ 
 -----------
2
Final structure: -1739.75 hartree
Cu          -0.000001960          0.000002377          0.419663518
F            0.000001960         -0.000002377         -1.336810519

 Structure in entos input format:

  structure(
    xyz = [
      ['Cu' ,         -0.000001960,          0.000002377,          0.419663518],
      ['F'  ,          0.000001960,         -0.000002377,         -1.336810519]
    ]
  )

 --------------------------------
  Geometry optimization finished 
 --------------------------------
 Saving results in set 'opt'

 --------------------------------------------------------------------------------
                                 command: hessian                                
 --------------------------------------------------------------------------------

WARNING: semianalytic method is specified for dft hessian, which is not efficient. Try switching to 'method = analytic'


 -------------------------------
  Numerical Geometrical Hessian 
 -------------------------------

 Compute hessian using two-point central differentiation.
 Step size (bohr):                       0.0100

 Frequencies (including translational and rotational modes):
 mode    frequency (cm-1)
    0               48.90 i (imaginary)
    1               48.86 i (imaginary)
    2                0.00 i (imaginary)
    3                0.01
    4                0.06
    5              608.48

 Project out translational and rotational motions 

 The molecule is linear

 Degrees of freedom for translational and rotational motions: 5

 Vibrational frequencies:
 mode    frequency (cm-1)
    0              608.48

 --------------------------------------------------------------------------------

 End time:                               Mon Oct 25 11:41:09 2021
 Total wall-clock time:                 97.063 seconds
==================================================================================
