
================================================================================
          _____________ ________ _______________ ________     _________         
         / ___________// ______ \\_____   _____// ______ \   / ________)        
        / /_________  / /      \ \     | |     / /      \ \ | (_______          
       |  __________|| |        | |    | |    | |        | | \________ \        
        \ \_________ | |        | |    | |     \ \______/ /___________) |       
         \__________||_|        |_|    |_|      \________//____________/        
                                                                                
====================================[ Qcore ]===================================

 Git describe: 2.3.0-3-g778a55bfd
 Compiler:     GNU 9.3.0
 Build type:   Release
 Version:      2.3.0-3-g778a55bfd

 Start time:   Tue Nov  2 10:58:52 2021

 Data directory: /mnt/storage/home/zw18965/.local/qcore/share/entos/qcore/data
 Number of threads: 28
 Number of threads was determined by: command line argument

 --------------------------------------------------------------------------------
                                command: optimize                                
 --------------------------------------------------------------------------------
 Using coordinate system:                tric

 -----------------------------
  Initial coordinates summary 
 -----------------------------
 Total coordinates:                      7
 Bond distances:                         1
 Bond angles:                            0
 Dihedral angles:                        0
 Linear bond angles:                     0
 Out-of-plane bends:                     0
 Translations:                           6
 Rotations:                              0
 Hessian update scheme:                  bfgs
 Initial hessian:                        model

 ------------------------------------------------------------------------------------------------------------
                   energy      change    grad rms    grad max    step rms    step max       trust    time (s)
 ------------------------------------------------------------------------------------------------------------
   1     -1640.512907391                1.74e-03    3.01e-03                            2.00e-01      264.37
   2     -1640.512932542   -2.52e-05    9.23e-04    1.60e-03    4.86e-03    9.72e-03    2.00e-01       90.49
   3     -1640.512944680   -1.21e-05    2.33e-05    4.04e-05    5.52e-03    1.10e-02    2.00e-01       93.99
   4     -1640.512944842   -1.62e-07    2.55e-07    4.36e-07    1.43e-04    2.86e-04    2.00e-01       52.57
 Geometry optimization stopped:          thresholds achieved

 Final energy:                       -1640.512944842

 ---------------------------
  Final coordinates summary 
 ---------------------------
 Total coordinates:                      7
 Bond distances:                         1
 Bond angles:                            0
 Dihedral angles:                        0
 Linear bond angles:                     0
 Out-of-plane bends:                     0
 Translations:                           6
 Rotations:                              0

 -----------
  Final XYZ 
 -----------
2
Final structure: -1640.51 hartree
Cu          -0.000001169         -0.000000257          0.054079928
H            0.000001169          0.000000257         -1.412436928

 Structure in entos input format:

  structure(
    xyz = [
      ['Cu' ,         -0.000001169,         -0.000000257,          0.054079928],
      ['H'  ,          0.000001169,          0.000000257,         -1.412436928]
    ]
  )

 --------------------------------
  Geometry optimization finished 
 --------------------------------
 Saving results in set 'opt'

 --------------------------------------------------------------------------------
                                 command: hessian                                
 --------------------------------------------------------------------------------

WARNING: semianalytic method is specified for dft hessian, which is not efficient. Try switching to 'method = analytic'


 -------------------------------
  Numerical Geometrical Hessian 
 -------------------------------

 Compute hessian using two-point central differentiation.
 Step size (bohr):                       0.0100

 Frequencies (including translational and rotational modes):
 mode    frequency (cm-1)
    0               20.16 i (imaginary)
    1               20.01 i (imaginary)
    2                0.00
    3                0.00
    4                0.38
    5             1925.77

 Project out translational and rotational motions 

 The molecule is linear

 Degrees of freedom for translational and rotational motions: 5

 Vibrational frequencies:
 mode    frequency (cm-1)
    0             1925.77

 --------------------------------------------------------------------------------

 End time:                               Tue Nov  2 11:31:36 2021
 Total wall-clock time:               1963.955 seconds
==================================================================================
