
================================================================================
          _____________ ________ _______________ ________     _________         
         / ___________// ______ \\_____   _____// ______ \   / ________)        
        / /_________  / /      \ \     | |     / /      \ \ | (_______          
       |  __________|| |        | |    | |    | |        | | \________ \        
        \ \_________ | |        | |    | |     \ \______/ /___________) |       
         \__________||_|        |_|    |_|      \________//____________/        
                                                                                
====================================[ Qcore ]===================================

 Git describe: 2.3.0-1-g21d9df7e5
 Compiler:     GNU 9.1.0
 Build type:   Release
 Version:      2.3.0-1-g21d9df7e5

 Start time:   Mon Oct 25 11:41:15 2021

 Data directory: /work/zw18965/.local/qcore/share/entos/qcore/data
 Number of threads: 24
 Number of threads was determined by: command line argument
  - More threads can be used by running 'qcore -n 32'

 --------------------------------------------------------------------------------
                                command: optimize                                
 --------------------------------------------------------------------------------
 Using coordinate system:                tric

 -----------------------------
  Initial coordinates summary 
 -----------------------------
 Total coordinates:                      7
 Bond distances:                         1
 Bond angles:                            0
 Dihedral angles:                        0
 Linear bond angles:                     0
 Out-of-plane bends:                     0
 Translations:                           6
 Rotations:                              0
 Hessian update scheme:                  bfgs
 Initial hessian:                        model

 ------------------------------------------------------------------------------------------------------------
                   energy      change    grad rms    grad max    step rms    step max       trust    time (s)
 ------------------------------------------------------------------------------------------------------------
   1     -3279.910200892                2.32e-03    4.01e-03                            2.00e-01       16.04
   2     -3279.910286517   -8.56e-05    7.12e-04    1.23e-03    1.60e-02    3.21e-02    2.00e-01       11.05
   3     -3279.910296684   -1.02e-05    3.67e-05    6.36e-05    7.12e-03    1.42e-02    2.00e-01       11.03
Rejecting step due to low quality: Quality: -2.84837 New trust radius: 0.000193605
   4     -3279.910296614    7.01e-08    3.67e-05    6.36e-05    3.87e-04    7.74e-04    1.94e-04        9.91
 Geometry optimization stopped:          thresholds achieved

 Final energy:                       -3279.910296614

 ---------------------------
  Final coordinates summary 
 ---------------------------
 Total coordinates:                      7
 Bond distances:                         1
 Bond angles:                            0
 Dihedral angles:                        0
 Linear bond angles:                     0
 Out-of-plane bends:                     0
 Translations:                           6
 Rotations:                              0

 -----------
  Final XYZ 
 -----------
2
Final structure: -3279.91 hartree
Cu          -0.000001732          0.000000363          1.119745439
Cu           0.000001732         -0.000000363         -1.119745441

 Structure in entos input format:

  structure(
    xyz = [
      ['Cu' ,         -0.000001732,          0.000000363,          1.119745439],
      ['Cu' ,          0.000001732,         -0.000000363,         -1.119745441]
    ]
  )

 --------------------------------
  Geometry optimization finished 
 --------------------------------
 Saving results in set 'opt'

 --------------------------------------------------------------------------------
                                 command: hessian                                
 --------------------------------------------------------------------------------

WARNING: semianalytic method is specified for dft hessian, which is not efficient. Try switching to 'method = analytic'


 -------------------------------
  Numerical Geometrical Hessian 
 -------------------------------

 Compute hessian using two-point central differentiation.
 Step size (bohr):                       0.0100

 Frequencies (including translational and rotational modes):
 mode    frequency (cm-1)
    0                0.15 i (imaginary)
    1                0.03 i (imaginary)
    2                0.00
    3                8.62
    4                8.77
    5              259.31

 Project out translational and rotational motions 

 The molecule is linear

 Degrees of freedom for translational and rotational motions: 5

 Vibrational frequencies:
 mode    frequency (cm-1)
    0              259.31

 --------------------------------------------------------------------------------

 End time:                               Mon Oct 25 11:44:24 2021
 Total wall-clock time:                188.312 seconds
==================================================================================
