
================================================================================
          _____________ ________ _______________ ________     _________         
         / ___________// ______ \\_____   _____// ______ \   / ________)        
        / /_________  / /      \ \     | |     / /      \ \ | (_______          
       |  __________|| |        | |    | |    | |        | | \________ \        
        \ \_________ | |        | |    | |     \ \______/ /___________) |       
         \__________||_|        |_|    |_|      \________//____________/        
                                                                                
====================================[ Qcore ]===================================

 Git describe: 2.3.0-1-g21d9df7e5
 Compiler:     GNU 9.1.0
 Build type:   Release
 Version:      2.3.0-1-g21d9df7e5

 Start time:   Mon Oct 25 11:55:17 2021

 Data directory: /work/zw18965/.local/qcore/share/entos/qcore/data
 Number of threads: 24
 Number of threads was determined by: command line argument

 --------------------------------------------------------------------------------
                                command: optimize                                
 --------------------------------------------------------------------------------
 Using coordinate system:                tric

 -----------------------------
  Initial coordinates summary 
 -----------------------------
 Total coordinates:                     13
 Bond distances:                         2
 Bond angles:                            0
 Dihedral angles:                        0
 Linear bond angles:                     2
 Out-of-plane bends:                     0
 Translations:                           9
 Rotations:                              0
 Hessian update scheme:                  bfgs
 Initial hessian:                        model

 ------------------------------------------------------------------------------------------------------------
                   energy      change    grad rms    grad max    step rms    step max       trust    time (s)
 ------------------------------------------------------------------------------------------------------------
   1     -4919.607323295                3.20e-04    6.79e-04                            2.00e-01       44.92
   2     -4919.607327725   -4.43e-06    2.15e-04    4.56e-04    3.70e-03    4.53e-03    2.00e-01       32.04
   3     -4919.607330307   -2.58e-06    3.61e-06    7.94e-06    7.57e-03    9.27e-03    2.00e-01       34.18
   4     -4919.607330308   -1.04e-09    1.52e-07    3.43e-07    1.25e-04    1.55e-04    2.00e-01       28.85
 Geometry optimization stopped:          thresholds achieved

 Final energy:                       -4919.607330308

 ---------------------------
  Final coordinates summary 
 ---------------------------
 Total coordinates:                     13
 Bond distances:                         2
 Bond angles:                            0
 Dihedral angles:                        0
 Linear bond angles:                     2
 Out-of-plane bends:                     0
 Translations:                           9
 Rotations:                              0

 -----------
  Final XYZ 
 -----------
3
Final structure: -4919.61 hartree
Cu          -0.000000810          0.000000336          0.000000178
Cu           0.000001364         -0.000000228          2.329946236
Cu          -0.000000553         -0.000000108         -2.329946403

 Structure in entos input format:

  structure(
    xyz = [
      ['Cu' ,         -0.000000810,          0.000000336,          0.000000178],
      ['Cu' ,          0.000001364,         -0.000000228,          2.329946236],
      ['Cu' ,         -0.000000553,         -0.000000108,         -2.329946403]
    ]
  )

 --------------------------------
  Geometry optimization finished 
 --------------------------------
 Saving results in set 'opt'

 --------------------------------------------------------------------------------
                                 command: hessian                                
 --------------------------------------------------------------------------------

WARNING: semianalytic method is specified for dft hessian, which is not efficient. Try switching to 'method = analytic'


 -------------------------------
  Numerical Geometrical Hessian 
 -------------------------------

 Compute hessian using two-point central differentiation.
 Step size (bohr):                       0.0100

 Frequencies (including translational and rotational modes):
 mode    frequency (cm-1)
    0               75.33 i (imaginary)
    1               75.33 i (imaginary)
    2                2.25 i (imaginary)
    3                2.16 i (imaginary)
    4                0.00 i (imaginary)
    5                0.03
    6                0.07
    7              145.01
    8              246.08

 Project out translational and rotational motions 

 Degrees of freedom for translational and rotational motions: 6

 Vibrational frequencies:
 mode    frequency (cm-1)
    0               75.33 i (imaginary)
    1              145.01
    2              246.08

 --------------------------------------------------------------------------------

 End time:                               Mon Oct 25 12:09:28 2021
 Total wall-clock time:                850.725 seconds
==================================================================================
