
================================================================================
          _____________ ________ _______________ ________     _________         
         / ___________// ______ \\_____   _____// ______ \   / ________)        
        / /_________  / /      \ \     | |     / /      \ \ | (_______          
       |  __________|| |        | |    | |    | |        | | \________ \        
        \ \_________ | |        | |    | |     \ \______/ /___________) |       
         \__________||_|        |_|    |_|      \________//____________/        
                                                                                
====================================[ Qcore ]===================================

 Git describe: 2.3.0-1-g21d9df7e5
 Compiler:     GNU 9.1.0
 Build type:   Release
 Version:      2.3.0-1-g21d9df7e5

 Start time:   Mon Oct 25 11:44:28 2021

 Data directory: /work/zw18965/.local/qcore/share/entos/qcore/data
 Number of threads: 24
 Number of threads was determined by: command line argument
  - More threads can be used by running 'qcore -n 32'

 --------------------------------------------------------------------------------
                                command: optimize                                
 --------------------------------------------------------------------------------
 Using coordinate system:                tric

 -----------------------------
  Initial coordinates summary 
 -----------------------------
 Total coordinates:                     12
 Bond distances:                         3
 Bond angles:                            3
 Dihedral angles:                        0
 Linear bond angles:                     0
 Out-of-plane bends:                     0
 Translations:                           3
 Rotations:                              3
 Hessian update scheme:                  bfgs
 Initial hessian:                        model

 ------------------------------------------------------------------------------------------------------------
                   energy      change    grad rms    grad max    step rms    step max       trust    time (s)
 ------------------------------------------------------------------------------------------------------------
   1     -4919.669392174                1.30e-03    2.28e-03                            2.00e-01       46.01
   2     -4919.669434269   -4.21e-05    5.96e-04    1.04e-03    7.53e-03    1.31e-02    2.00e-01       37.91
   3     -4919.669448645   -1.44e-05    1.74e-05    3.47e-05    6.35e-03    1.11e-02    2.00e-01       36.29
   4     -4919.669448755   -1.10e-07    1.47e-06    2.81e-06    1.91e-04    3.56e-04    2.00e-01       30.49
 Geometry optimization stopped:          thresholds achieved

 Final energy:                       -4919.669448755

 ---------------------------
  Final coordinates summary 
 ---------------------------
 Total coordinates:                     12
 Bond distances:                         3
 Bond angles:                            3
 Dihedral angles:                        0
 Linear bond angles:                     0
 Out-of-plane bends:                     0
 Translations:                           3
 Rotations:                              3

 -----------
  Final XYZ 
 -----------
3
Final structure: -4919.67 hartree
Cu          -0.000000919          1.356840217         -0.000001090
Cu           1.174821151         -0.678418744          0.000000699
Cu          -1.174820247         -0.678420484          0.000000391

 Structure in entos input format:

  structure(
    xyz = [
      ['Cu' ,         -0.000000919,          1.356840217,         -0.000001090],
      ['Cu' ,          1.174821151,         -0.678418744,          0.000000699],
      ['Cu' ,         -1.174820247,         -0.678420484,          0.000000391]
    ]
  )

 --------------------------------
  Geometry optimization finished 
 --------------------------------
 Saving results in set 'opt'

 --------------------------------------------------------------------------------
                                 command: hessian                                
 --------------------------------------------------------------------------------

WARNING: semianalytic method is specified for dft hessian, which is not efficient. Try switching to 'method = analytic'


 -------------------------------
  Numerical Geometrical Hessian 
 -------------------------------

 Compute hessian using two-point central differentiation.
 Step size (bohr):                       0.0100

 Frequencies (including translational and rotational modes):
 mode    frequency (cm-1)
    0                5.58 i (imaginary)
    1                4.49 i (imaginary)
    2                0.35 i (imaginary)
    3                0.04
    4                0.27
    5                1.40
    6              177.22
    7              177.67
    8              254.59

 Project out translational and rotational motions 

 Degrees of freedom for translational and rotational motions: 6

 Vibrational frequencies:
 mode    frequency (cm-1)
    0              177.22
    1              177.67
    2              254.59

 --------------------------------------------------------------------------------

 End time:                               Mon Oct 25 11:58:16 2021
 Total wall-clock time:                827.883 seconds
==================================================================================
