
================================================================================
          _____________ ________ _______________ ________     _________         
         / ___________// ______ \\_____   _____// ______ \   / ________)        
        / /_________  / /      \ \     | |     / /      \ \ | (_______          
       |  __________|| |        | |    | |    | |        | | \________ \        
        \ \_________ | |        | |    | |     \ \______/ /___________) |       
         \__________||_|        |_|    |_|      \________//____________/        
                                                                                
====================================[ Qcore ]===================================

 Git describe: 2.3.0-1-g21d9df7e5
 Compiler:     GNU 9.1.0
 Build type:   Release
 Version:      2.3.0-1-g21d9df7e5

 Start time:   Mon Oct 25 11:58:23 2021

 Data directory: /work/zw18965/.local/qcore/share/entos/qcore/data
 Number of threads: 24
 Number of threads was determined by: command line argument
  - More threads can be used by running 'qcore -n 32'

 --------------------------------------------------------------------------------
                                command: optimize                                
 --------------------------------------------------------------------------------
 Using coordinate system:                tric

 -----------------------------
  Initial coordinates summary 
 -----------------------------
 Total coordinates:                     12
 Bond distances:                         3
 Bond angles:                            3
 Dihedral angles:                        0
 Linear bond angles:                     0
 Out-of-plane bends:                     0
 Translations:                           3
 Rotations:                              3
 Hessian update scheme:                  bfgs
 Initial hessian:                        model

 ------------------------------------------------------------------------------------------------------------
                   energy      change    grad rms    grad max    step rms    step max       trust    time (s)
 ------------------------------------------------------------------------------------------------------------
   1     -4919.870206459                5.96e-03    1.27e-02                            2.00e-01       90.76
   2     -4919.871577605   -1.37e-03    3.15e-03    6.97e-03    5.80e-02    8.40e-02    2.00e-01       72.20
   3     -4919.872101900   -5.24e-04    1.03e-03    1.84e-03    6.18e-02    8.42e-02    2.00e-01       78.02
   4     -4919.872129253   -2.74e-05    4.62e-04    8.01e-04    6.18e-03    1.12e-02    2.00e-01       74.33
   5     -4919.872140135   -1.09e-05    7.55e-05    1.24e-04    5.81e-03    1.24e-02    2.00e-01       75.66
   6     -4919.872140556   -4.21e-07    9.45e-05    1.61e-04    9.09e-04    1.86e-03    2.00e-01       68.43
   7     -4919.872140233    3.23e-07    1.47e-04    2.46e-04    2.76e-03    6.53e-03    2.00e-01       71.34
   8     -4919.872174593   -3.44e-05    1.61e-03    3.07e-03    4.71e-02    1.01e-01    2.00e-01       88.34
Rejecting step due to low quality: Quality: -1569.06 New trust radius: 0.0412427
   9     -4919.871658205    5.16e-04    1.61e-03    3.07e-03    8.25e-02    1.85e-01    4.12e-02       89.07
Rejecting step due to low quality: Quality: -411.797 New trust radius: 0.0206197
  10     -4919.872072949    1.02e-04    1.61e-03    3.07e-03    4.12e-02    9.27e-02    2.06e-02       86.07
Rejecting step due to low quality: Quality: -167.501 New trust radius: 0.0103088
  11     -4919.872150478    2.41e-05    1.61e-03    3.07e-03    2.06e-02    4.63e-02    1.03e-02       82.11
Rejecting step due to low quality: Quality: -88.0988 New trust radius: 0.00515386
  12     -4919.872167799    6.79e-06    1.61e-03    3.07e-03    1.03e-02    2.32e-02    5.15e-03       77.99
  13     -4919.872172273    2.32e-06    1.85e-03    3.56e-03    5.15e-03    1.16e-02    2.58e-03       74.06
  14     -4919.872173263   -9.90e-07    1.73e-03    3.32e-03    2.58e-03    5.76e-03    3.64e-03       70.22
  15     -4919.872173157    1.06e-07    1.68e-03    3.23e-03    1.04e-03    2.28e-03    3.64e-03       66.62
  16     -4919.872174704   -1.55e-06    1.83e-03    3.53e-03    3.64e-03    7.93e-03    5.15e-03       73.05
  17     -4919.872177615   -2.91e-06    2.03e-03    3.93e-03    5.15e-03    1.11e-02    7.29e-03       73.00
  18     -4919.872182275   -4.66e-06    2.29e-03    4.46e-03    7.29e-03    1.54e-02    1.03e-02       74.42
  19     -4919.872192123   -9.85e-06    2.62e-03    5.13e-03    1.03e-02    2.11e-02    1.46e-02       76.62
  20     -4919.872212214   -2.01e-05    3.02e-03    5.89e-03    1.46e-02    2.82e-02    2.06e-02       76.79
  21     -4919.872263495   -5.13e-05    3.37e-03    6.44e-03    2.06e-02    3.43e-02    2.92e-02       78.82
  22     -4919.872402704   -1.39e-04    3.23e-03    6.09e-03    2.89e-02    5.33e-02    4.12e-02       80.54
  23     -4919.872649554   -2.47e-04    1.73e-03    3.72e-03    3.57e-02    8.54e-02    5.83e-02       79.99
  24     -4919.872731078   -8.15e-05    6.01e-04    1.38e-03    1.53e-02    3.07e-02    5.83e-02       76.40
  25     -4919.872747405   -1.63e-05    1.89e-04    3.56e-04    8.15e-03    1.82e-02    5.83e-02       73.38
  26     -4919.872749088   -1.68e-06    7.20e-05    1.62e-04    6.55e-03    1.17e-02    5.83e-02       71.77
Rejecting step due to low quality: Quality: -1.12017 New trust radius: 0.00116126
  27     -4919.872748664    4.24e-07    7.20e-05    1.62e-04    2.32e-03    4.86e-03    1.16e-03       69.84
  28     -4919.872748878    2.10e-07    4.42e-05    9.02e-05    1.16e-03    2.43e-03    5.81e-04       62.61
  29     -4919.872748708    1.70e-07    3.05e-05    5.64e-05    5.81e-04    1.28e-03    2.90e-04       48.79
  30     -4919.872748593    1.15e-07    2.43e-05    4.64e-05    2.90e-04    6.85e-04    1.45e-04       48.91
 Geometry optimization stopped:          thresholds achieved

 Final energy:                       -4919.872748593

 ---------------------------
  Final coordinates summary 
 ---------------------------
 Total coordinates:                     12
 Bond distances:                         3
 Bond angles:                            3
 Dihedral angles:                        0
 Linear bond angles:                     0
 Out-of-plane bends:                     0
 Translations:                           3
 Rotations:                              3

 -----------
  Final XYZ 
 -----------
3
Final structure: -4919.87 hartree
Cu          -0.056627225          1.421225542         -0.000187293
Cu           1.170919177         -0.806973252          0.000220522
Cu          -1.114285692         -0.614252519         -0.000033233

 Structure in entos input format:

  structure(
    xyz = [
      ['Cu' ,         -0.056627225,          1.421225542,         -0.000187293],
      ['Cu' ,          1.170919177,         -0.806973252,          0.000220522],
      ['Cu' ,         -1.114285692,         -0.614252519,         -0.000033233]
    ]
  )

 --------------------------------
  Geometry optimization finished 
 --------------------------------
 Saving results in set 'opt'

 --------------------------------------------------------------------------------
                                 command: hessian                                
 --------------------------------------------------------------------------------

WARNING: semianalytic method is specified for dft hessian, which is not efficient. Try switching to 'method = analytic'


 -------------------------------
  Numerical Geometrical Hessian 
 -------------------------------

 Compute hessian using two-point central differentiation.
 Step size (bohr):                       0.0100

 Frequencies (including translational and rotational modes):
 mode    frequency (cm-1)
    0                1.10 i (imaginary)
    1                0.59 i (imaginary)
    2                0.26 i (imaginary)
    3                4.02
    4                9.00
    5               10.38
    6              113.29
    7              148.49
    8              257.69

 Project out translational and rotational motions 

 Degrees of freedom for translational and rotational motions: 6

 Vibrational frequencies:
 mode    frequency (cm-1)
    0              113.29
    1              148.49
    2              257.69

 --------------------------------------------------------------------------------

 End time:                               Mon Oct 25 12:56:46 2021
 Total wall-clock time:               3503.459 seconds
==================================================================================
