
================================================================================
          _____________ ________ _______________ ________     _________         
         / ___________// ______ \\_____   _____// ______ \   / ________)        
        / /_________  / /      \ \     | |     / /      \ \ | (_______          
       |  __________|| |        | |    | |    | |        | | \________ \        
        \ \_________ | |        | |    | |     \ \______/ /___________) |       
         \__________||_|        |_|    |_|      \________//____________/        
                                                                                
====================================[ Qcore ]===================================

 Git describe: 2.3.0-1-g21d9df7e5
 Compiler:     GNU 9.1.0
 Build type:   Release
 Version:      2.3.0-1-g21d9df7e5

 Start time:   Mon Oct 25 12:09:33 2021

 Data directory: /work/zw18965/.local/qcore/share/entos/qcore/data
 Number of threads: 24
 Number of threads was determined by: command line argument

 --------------------------------------------------------------------------------
                                command: optimize                                
 --------------------------------------------------------------------------------
 Using coordinate system:                tric

 -----------------------------
  Initial coordinates summary 
 -----------------------------
 Total coordinates:                     13
 Bond distances:                         2
 Bond angles:                            0
 Dihedral angles:                        0
 Linear bond angles:                     2
 Out-of-plane bends:                     0
 Translations:                           9
 Rotations:                              0
 Hessian update scheme:                  bfgs
 Initial hessian:                        model

 ------------------------------------------------------------------------------------------------------------
                   energy      change    grad rms    grad max    step rms    step max       trust    time (s)
 ------------------------------------------------------------------------------------------------------------
   1     -4919.863017784                8.70e-04    1.85e-03                            2.00e-01       72.39
   2     -4919.863056115   -3.83e-05    5.07e-04    1.08e-03    1.00e-02    1.23e-02    2.00e-01       55.33
   3     -4919.863078595   -2.25e-05    1.63e-05    3.45e-05    1.40e-02    1.72e-02    2.00e-01       56.53
   4     -4919.863078723   -1.28e-07    2.61e-07    5.49e-07    4.64e-04    5.69e-04    2.00e-01       41.63
 Geometry optimization stopped:          thresholds achieved

 Final energy:                       -4919.863078723

 ---------------------------
  Final coordinates summary 
 ---------------------------
 Total coordinates:                     13
 Bond distances:                         2
 Bond angles:                            0
 Dihedral angles:                        0
 Linear bond angles:                     2
 Out-of-plane bends:                     0
 Translations:                           9
 Rotations:                              0

 -----------
  Final XYZ 
 -----------
3
Final structure: -4919.86 hartree
Cu          -0.000000155          0.000001016          0.000000045
Cu          -0.000001824         -0.000001605          2.306996496
Cu           0.000001979          0.000000589         -2.306996543

 Structure in entos input format:

  structure(
    xyz = [
      ['Cu' ,         -0.000000155,          0.000001016,          0.000000045],
      ['Cu' ,         -0.000001824,         -0.000001605,          2.306996496],
      ['Cu' ,          0.000001979,          0.000000589,         -2.306996543]
    ]
  )

 --------------------------------
  Geometry optimization finished 
 --------------------------------
 Saving results in set 'opt'

 --------------------------------------------------------------------------------
                                 command: hessian                                
 --------------------------------------------------------------------------------

WARNING: semianalytic method is specified for dft hessian, which is not efficient. Try switching to 'method = analytic'


 -------------------------------
  Numerical Geometrical Hessian 
 -------------------------------

 Compute hessian using two-point central differentiation.
 Step size (bohr):                       0.0100

 Frequencies (including translational and rotational modes):
 mode    frequency (cm-1)
    0               31.26 i (imaginary)
    1               31.24 i (imaginary)
    2                4.16 i (imaginary)
    3                4.03 i (imaginary)
    4                0.14
    5                0.16
    6                0.25
    7              157.14
    8              250.55

 Project out translational and rotational motions 

 Degrees of freedom for translational and rotational motions: 6

 Vibrational frequencies:
 mode    frequency (cm-1)
    0               31.24 i (imaginary)
    1              157.14
    2              250.55

 --------------------------------------------------------------------------------

 End time:                               Mon Oct 25 12:31:57 2021
 Total wall-clock time:               1344.589 seconds
==================================================================================
