
================================================================================
          _____________ ________ _______________ ________     _________         
         / ___________// ______ \\_____   _____// ______ \   / ________)        
        / /_________  / /      \ \     | |     / /      \ \ | (_______          
       |  __________|| |        | |    | |    | |        | | \________ \        
        \ \_________ | |        | |    | |     \ \______/ /___________) |       
         \__________||_|        |_|    |_|      \________//____________/        
                                                                                
====================================[ Qcore ]===================================

 Git describe: 2.3.0
 Compiler:     GNU 9.1.0
 Build type:   Release
 Version:      2.3.0

 Start time:   Fri Oct 22 17:53:24 2021

 Data directory: /work/zw18965/.local/qcore/share/entos/qcore/data
 Number of threads: 24
 Number of threads was determined by: command line argument
  - More threads can be used by running 'qcore -n 32'

 --------------------------------------------------------------------------------
                                   command: dft                                  
 --------------------------------------------------------------------------------
 AO basis set:                           def2-tzvppd
 Number of AO basis functions:          96
 ECP on atom 1 (Ag):                     28 electrons

 Formula:                                FAg
 Nuclear charge:                        56.000000000
 Total charge:                           0.000000000
 Number of core electrons:              28
 Number of treated electrons:           28

 Number of alpha electrons:             14
 Number of beta electrons:              14
 Number of unpaired electrons:           0
 Spin:                                   0
 Multiplicity:                           singlet

 Theory:                                 dft
 Exchange-correlation functional:        b3lyp
 Method for Coulomb:                     incore_df
 Method for exact exchange:              pre_transformed_df
 Integral threshold:                     1.00e-12
 DF basis set:                           def2-universal-jkfit
 Number of DF basis functions:         332
 Schwarz screening threshold:            1.00e-10
 Coulomb fitting method:                 Cholesky
 Total number of grid points:        15310
 Method for AO orthogonalization:        symmetric
 Threshold for linear dependence:        1.00e-08
 D3BJ dispersion energy:                -0.000920167

 -------------------------------------
  Running restricted closed-shell SCF 
 -------------------------------------
 Max number of iterations:             128
 Conv. threshold (gradient):             1.00e-05
 Conv. threshold (energy):               1.00e-06
 Interpolation scheme:                   adiis+cdiis
 Initial guess:                          SAD

 ---------------------------------------------------------------
                  energy        change          grad        time
 ---------------------------------------------------------------
   0      -246.744325760                    1.77e+00        0.01
   1      -246.693626461      5.07e-02      1.17e+00        0.01
   2      -242.754365398      3.94e+00      5.12e+00        0.01
   3      -246.454122762     -3.70e+00      2.22e+00        0.01
   4      -246.811427162     -3.57e-01      2.86e-01        0.01
   5      -246.790468855      2.10e-02      6.00e-01        0.01
   6      -246.815060040     -2.46e-02      1.69e-01        0.01
   7      -246.816882233     -1.82e-03      5.85e-02        0.01
   8      -246.816911141     -2.89e-05      5.60e-02        0.01
   9      -246.817135034     -2.24e-04      3.72e-04        0.01
  10      -246.817135055     -2.01e-08      1.75e-04        0.01
  11      -246.817135060     -5.49e-09      3.13e-05        0.01
  12      -246.817135060     -1.49e-10      1.66e-05        0.01
  13      -246.817135060     -2.12e-11      2.62e-06        0.01

 SCF converged in 13 iterations.

 Dipole moment (in Debye):               0.000001       0.000001       5.626248

 Quadrupole moment (in Debye-Angstrom):
                  1            2            3
 1       -23.113422     0.000000    -0.000000
 2         0.000000   -23.113422    -0.000000
 3        -0.000000    -0.000000   -28.470976

 Spin-squared expectation <S^2>:         0.000
 Total spin quantum number S:            0.000
 TOTAL ENERGY:                        -246.817135060

 --------------------------------------------------------------------------------

 End time:                               Fri Oct 22 17:53:25 2021
 Total wall-clock time:                  0.743 seconds
==================================================================================
