
================================================================================
          _____________ ________ _______________ ________     _________         
         / ___________// ______ \\_____   _____// ______ \   / ________)        
        / /_________  / /      \ \     | |     / /      \ \ | (_______          
       |  __________|| |        | |    | |    | |        | | \________ \        
        \ \_________ | |        | |    | |     \ \______/ /___________) |       
         \__________||_|        |_|    |_|      \________//____________/        
                                                                                
====================================[ Qcore ]===================================

 Git describe: 2.3.0
 Compiler:     GNU 9.1.0
 Build type:   Release
 Version:      2.3.0

 Start time:   Fri Oct 22 17:53:25 2021

 Data directory: /work/zw18965/.local/qcore/share/entos/qcore/data
 Number of threads: 24
 Number of threads was determined by: command line argument
  - More threads can be used by running 'qcore -n 32'

 --------------------------------------------------------------------------------
                                   command: dft                                  
 --------------------------------------------------------------------------------
 AO basis set:                           def2-tzvppd
 Number of AO basis functions:          73
 ECP on atom 1 (Ag):                     28 electrons

 Formula:                                HAg
 Nuclear charge:                        48.000000000
 Total charge:                           0.000000000
 Number of core electrons:              28
 Number of treated electrons:           20

 Number of alpha electrons:             10
 Number of beta electrons:              10
 Number of unpaired electrons:           0
 Spin:                                   0
 Multiplicity:                           singlet

 Theory:                                 dft
 Exchange-correlation functional:        b3lyp
 Method for Coulomb:                     incore_df
 Method for exact exchange:              pre_transformed_df
 Integral threshold:                     1.00e-12
 DF basis set:                           def2-universal-jkfit
 Number of DF basis functions:         273
 Schwarz screening threshold:            1.00e-10
 Coulomb fitting method:                 Cholesky
 Total number of grid points:        14388
 Method for AO orthogonalization:        symmetric
 Threshold for linear dependence:        1.00e-08
 D3BJ dispersion energy:                -0.000767960

 -------------------------------------
  Running restricted closed-shell SCF 
 -------------------------------------
 Max number of iterations:             128
 Conv. threshold (gradient):             1.00e-05
 Conv. threshold (energy):               1.00e-06
 Interpolation scheme:                   adiis+cdiis
 Initial guess:                          SAD

 ---------------------------------------------------------------
                  energy        change          grad        time
 ---------------------------------------------------------------
   0      -147.514720179                    2.18e+00        0.01
   1      -147.520646320     -5.93e-03      3.58e-01        0.01
   2      -147.475385667      4.53e-02      6.70e-01        0.01
   3      -147.543315734     -6.79e-02      1.20e-01        0.01
   4      -147.541825539      1.49e-03      1.68e-01        0.01
   5      -147.545430745     -3.61e-03      1.74e-02        0.01
   6      -147.545379177      5.16e-05      2.34e-02        0.01
   7      -147.545491711     -1.13e-04      2.59e-04        0.01
   8      -147.545491724     -1.28e-08      4.70e-05        0.01
   9      -147.545491724     -4.45e-10      3.63e-06        0.01

 SCF converged in 9 iterations.

 Dipole moment (in Debye):               0.000001       0.000001       2.704069

 Quadrupole moment (in Debye-Angstrom):
                  1            2            3
 1       -21.170749     0.000000    -0.000000
 2         0.000000   -21.170749    -0.000000
 3        -0.000000    -0.000000   -21.368064

 Spin-squared expectation <S^2>:         0.000
 Total spin quantum number S:            0.000
 TOTAL ENERGY:                        -147.545491724

 --------------------------------------------------------------------------------

 End time:                               Fri Oct 22 17:53:25 2021
 Total wall-clock time:                  0.562 seconds
==================================================================================
