
================================================================================
          _____________ ________ _______________ ________     _________         
         / ___________// ______ \\_____   _____// ______ \   / ________)        
        / /_________  / /      \ \     | |     / /      \ \ | (_______          
       |  __________|| |        | |    | |    | |        | | \________ \        
        \ \_________ | |        | |    | |     \ \______/ /___________) |       
         \__________||_|        |_|    |_|      \________//____________/        
                                                                                
====================================[ Qcore ]===================================

 Git describe: 2.3.0
 Compiler:     GNU 9.1.0
 Build type:   Release
 Version:      2.3.0

 Start time:   Fri Oct 22 17:53:31 2021

 Data directory: /work/zw18965/.local/qcore/share/entos/qcore/data
 Number of threads: 24
 Number of threads was determined by: command line argument
  - More threads can be used by running 'qcore -n 32'

 --------------------------------------------------------------------------------
                                   command: dft                                  
 --------------------------------------------------------------------------------
 AO basis set:                           def2-tzvppd
 Number of AO basis functions:         168
 ECP on atom 1 (Ag):                     28 electrons
 ECP on atom 2 (Ag):                     28 electrons
 ECP on atom 3 (Ag):                     28 electrons

 Formula:                                Ag3
 Nuclear charge:                       141.000000000
 Total charge:                           0.000000000
 Number of core electrons:              84
 Number of treated electrons:           57

 Number of alpha electrons:             29
 Number of beta electrons:              28
 Number of unpaired electrons:           1
 Spin:                                   1
 Multiplicity:                           doublet

 Theory:                                 dft
 Exchange-correlation functional:        b3lyp
 Method for Coulomb:                     incore_df
 Method for exact exchange:              pre_transformed_df
 Integral threshold:                     1.00e-12
 DF basis set:                           def2-universal-jkfit
 Number of DF basis functions:         765
 Schwarz screening threshold:            1.00e-10
 Coulomb fitting method:                 Cholesky
 Total number of grid points:        25494
 Method for AO orthogonalization:        symmetric
 Threshold for linear dependence:        1.00e-08
 D3BJ dispersion energy:                -0.007136961

 -------------------------------------
  Running unrestricted open-shell SCF 
 -------------------------------------
 Max number of iterations:             128
 Conv. threshold (gradient):             1.00e-05
 Conv. threshold (energy):               1.00e-06
 Interpolation scheme:                   adiis+cdiis
 Initial guess:                          SAD

 ---------------------------------------------------------------
                  energy        change          grad        time
 ---------------------------------------------------------------
   0      -441.049432660                    1.55e+00        0.04
   1      -440.955033285      9.44e-02      6.90e-02        0.04
   2      -440.950493738      4.54e-03      9.88e-02        0.03
   3      -440.961059291     -1.06e-02      1.93e-02        0.03
   4      -440.961297104     -2.38e-04      4.05e-03        0.04
   5      -440.961320191     -2.31e-05      1.99e-03        0.04
   6      -440.961324890     -4.70e-06      7.06e-04        0.03
   7      -440.961325611     -7.21e-07      2.69e-04        0.03
   8      -440.961325704     -9.33e-08      5.14e-05        0.03
   9      -440.961325708     -3.82e-09      6.76e-06        0.04

 SCF converged in 9 iterations.

 Dipole moment (in Debye):               0.000002       0.000002      -0.000006

 Quadrupole moment (in Debye-Angstrom):
                  1            2            3
 1       -60.433526     0.000000     0.000000
 2         0.000000   -60.433526     0.000000
 3         0.000000     0.000000   -49.281879

 Spin-squared expectation <S^2>:         0.759
 Total spin quantum number S:            0.505
 TOTAL ENERGY:                        -440.961325708

 --------------------------------------------------------------------------------

 End time:                               Fri Oct 22 17:53:32 2021
 Total wall-clock time:                  1.168 seconds
==================================================================================
