
================================================================================
          _____________ ________ _______________ ________     _________         
         / ___________// ______ \\_____   _____// ______ \   / ________)        
        / /_________  / /      \ \     | |     / /      \ \ | (_______          
       |  __________|| |        | |    | |    | |        | | \________ \        
        \ \_________ | |        | |    | |     \ \______/ /___________) |       
         \__________||_|        |_|    |_|      \________//____________/        
                                                                                
====================================[ Qcore ]===================================

 Git describe: 2.3.0
 Compiler:     GNU 9.1.0
 Build type:   Release
 Version:      2.3.0

 Start time:   Fri Oct 22 17:53:28 2021

 Data directory: /work/zw18965/.local/qcore/share/entos/qcore/data
 Number of threads: 24
 Number of threads was determined by: command line argument
  - More threads can be used by running 'qcore -n 32'

 --------------------------------------------------------------------------------
                                   command: dft                                  
 --------------------------------------------------------------------------------
 AO basis set:                           def2-tzvppd
 Number of AO basis functions:         168
 ECP on atom 1 (Ag):                     28 electrons
 ECP on atom 2 (Ag):                     28 electrons
 ECP on atom 3 (Ag):                     28 electrons

 Formula:                                Ag3+
 Nuclear charge:                       141.000000000
 Total charge:                           1.000000000
 Number of core electrons:              84
 Number of treated electrons:           56

 Number of alpha electrons:             28
 Number of beta electrons:              28
 Number of unpaired electrons:           0
 Spin:                                   0
 Multiplicity:                           singlet

 Theory:                                 dft
 Exchange-correlation functional:        b3lyp
 Method for Coulomb:                     incore_df
 Method for exact exchange:              pre_transformed_df
 Integral threshold:                     1.00e-12
 DF basis set:                           def2-universal-jkfit
 Number of DF basis functions:         765
 Schwarz screening threshold:            1.00e-10
 Coulomb fitting method:                 Cholesky
 Total number of grid points:        25494
 Method for AO orthogonalization:        symmetric
 Threshold for linear dependence:        1.00e-08
 D3BJ dispersion energy:                -0.007072009

 -------------------------------------
  Running restricted closed-shell SCF 
 -------------------------------------
 Max number of iterations:             128
 Conv. threshold (gradient):             1.00e-05
 Conv. threshold (energy):               1.00e-06
 Interpolation scheme:                   adiis+cdiis
 Initial guess:                          SAD

 ---------------------------------------------------------------
                  energy        change          grad        time
 ---------------------------------------------------------------
   0      -441.032572837                    2.90e+00        0.03
   1      -440.692717085      3.40e-01      1.56e-01        0.03
   2      -440.689737690      2.98e-03      2.05e-01        0.03
   3      -440.703349107     -1.36e-02      1.76e-02        0.03
   4      -440.703198278      1.51e-04      2.96e-02        0.03
   5      -440.703466008     -2.68e-04      1.99e-03        0.02
   6      -440.703467004     -9.97e-07      8.21e-04        0.02
   7      -440.703467267     -2.63e-07      1.89e-04        0.02
   8      -440.703467273     -6.02e-09      6.57e-05        0.02
   9      -440.703467273      5.89e-10      8.06e-05        0.02
  10      -440.703467274     -1.63e-09      2.75e-06        0.02

 SCF converged in 10 iterations.

 Dipole moment (in Debye):               0.000002       0.000002      -0.000002

 Quadrupole moment (in Debye-Angstrom):
                  1            2            3
 1       -53.958613     0.000001    -0.000000
 2         0.000001   -53.958613    -0.000000
 3        -0.000000    -0.000000    -8.921530

 Spin-squared expectation <S^2>:         0.000
 Total spin quantum number S:            0.000
 TOTAL ENERGY:                        -440.703467274

 --------------------------------------------------------------------------------

 End time:                               Fri Oct 22 17:53:29 2021
 Total wall-clock time:                  1.099 seconds
==================================================================================
