
================================================================================
          _____________ ________ _______________ ________     _________         
         / ___________// ______ \\_____   _____// ______ \   / ________)        
        / /_________  / /      \ \     | |     / /      \ \ | (_______          
       |  __________|| |        | |    | |    | |        | | \________ \        
        \ \_________ | |        | |    | |     \ \______/ /___________) |       
         \__________||_|        |_|    |_|      \________//____________/        
                                                                                
====================================[ Qcore ]===================================

 Git describe: 2.3.0
 Compiler:     GNU 9.1.0
 Build type:   Release
 Version:      2.3.0

 Start time:   Fri Oct 22 17:53:29 2021

 Data directory: /work/zw18965/.local/qcore/share/entos/qcore/data
 Number of threads: 24
 Number of threads was determined by: command line argument
  - More threads can be used by running 'qcore -n 32'

 --------------------------------------------------------------------------------
                                   command: dft                                  
 --------------------------------------------------------------------------------
 AO basis set:                           def2-tzvppd
 Number of AO basis functions:         168
 ECP on atom 1 (Ag):                     28 electrons
 ECP on atom 2 (Ag):                     28 electrons
 ECP on atom 3 (Ag):                     28 electrons

 Formula:                                Ag3
 Nuclear charge:                       141.000000000
 Total charge:                           0.000000000
 Number of core electrons:              84
 Number of treated electrons:           57

 Number of alpha electrons:             29
 Number of beta electrons:              28
 Number of unpaired electrons:           1
 Spin:                                   1
 Multiplicity:                           doublet

 Theory:                                 dft
 Exchange-correlation functional:        b3lyp
 Method for Coulomb:                     incore_df
 Method for exact exchange:              pre_transformed_df
 Integral threshold:                     1.00e-12
 DF basis set:                           def2-universal-jkfit
 Number of DF basis functions:         765
 Schwarz screening threshold:            1.00e-10
 Coulomb fitting method:                 Cholesky
 Total number of grid points:        25494
 Method for AO orthogonalization:        symmetric
 Threshold for linear dependence:        1.00e-08
 D3BJ dispersion energy:                -0.009569576

 -------------------------------------
  Running unrestricted open-shell SCF 
 -------------------------------------
 Max number of iterations:             128
 Conv. threshold (gradient):             1.00e-05
 Conv. threshold (energy):               1.00e-06
 Interpolation scheme:                   adiis+cdiis
 Initial guess:                          SAD

 ---------------------------------------------------------------
                  energy        change          grad        time
 ---------------------------------------------------------------
   0      -441.115399762                    2.05e+00        0.05
   1      -440.948666727      1.67e-01      1.22e-01        0.04
   2      -440.944093745      4.57e-03      1.58e-01        0.04
   3      -440.957970708     -1.39e-02      1.73e-02        0.04
   4      -440.957782095      1.89e-04      2.99e-02        0.04
   5      -440.958154679     -3.73e-04      4.11e-03        0.04
   6      -440.958162141     -7.46e-06      9.94e-04        0.04
   7      -440.958162915     -7.74e-07      3.01e-04        0.04
   8      -440.958162959     -4.40e-08      1.37e-04        0.04
   9      -440.958162970     -1.06e-08      6.08e-05        0.04
  10      -440.958162972     -1.73e-09      2.74e-05        0.04
  11      -440.958162972     -4.46e-10      1.01e-05        0.04
  12      -440.958162972     -7.41e-11      2.84e-06        0.04

 SCF converged in 12 iterations.

 Dipole moment (in Debye):               0.009139      -1.116823       0.000002

 Quadrupole moment (in Debye-Angstrom):
                  1            2            3
 1       -52.497583    -0.047408     0.000001
 2        -0.047408   -64.806258     0.000001
 3         0.000001     0.000001   -60.508847

 Spin-squared expectation <S^2>:         0.754
 Total spin quantum number S:            0.502
 TOTAL ENERGY:                        -440.958162972

 --------------------------------------------------------------------------------

 End time:                               Fri Oct 22 17:53:31 2021
 Total wall-clock time:                  1.374 seconds
==================================================================================
