
================================================================================
          _____________ ________ _______________ ________     _________         
         / ___________// ______ \\_____   _____// ______ \   / ________)        
        / /_________  / /      \ \     | |     / /      \ \ | (_______          
       |  __________|| |        | |    | |    | |        | | \________ \        
        \ \_________ | |        | |    | |     \ \______/ /___________) |       
         \__________||_|        |_|    |_|      \________//____________/        
                                                                                
====================================[ Qcore ]===================================

 Git describe: 2.3.0
 Compiler:     GNU 9.1.0
 Build type:   Release
 Version:      2.3.0

 Start time:   Fri Oct 22 17:53:42 2021

 Data directory: /work/zw18965/.local/qcore/share/entos/qcore/data
 Number of threads: 24
 Number of threads was determined by: command line argument
  - More threads can be used by running 'qcore -n 32'

 --------------------------------------------------------------------------------
                                   command: dft                                  
 --------------------------------------------------------------------------------
 AO basis set:                           def2-tzvppd
 Number of AO basis functions:         312
 ECP on atom 1 (Ag):                     28 electrons
 ECP on atom 2 (Ag):                     28 electrons
 ECP on atom 3 (Ag):                     28 electrons
 ECP on atom 4 (Ag):                     28 electrons

 Formula:                                H3NAg4(2+)
 Nuclear charge:                       198.000000000
 Total charge:                           2.000000000
 Number of core electrons:             112
 Number of treated electrons:           84

 Number of alpha electrons:             42
 Number of beta electrons:              42
 Number of unpaired electrons:           0
 Spin:                                   0
 Multiplicity:                           singlet

 Theory:                                 dft
 Exchange-correlation functional:        b3lyp
 Method for Coulomb:                     incore_df
 Method for exact exchange:              pre_transformed_df
 Integral threshold:                     1.00e-12
 DF basis set:                           def2-universal-jkfit
 Number of DF basis functions:        1151
 Schwarz screening threshold:            1.00e-10
 Coulomb fitting method:                 Cholesky
 Total number of grid points:        58462
 Method for AO orthogonalization:        symmetric
 Threshold for linear dependence:        1.00e-08
 D3BJ dispersion energy:                -0.024473237

 -------------------------------------
  Running restricted closed-shell SCF 
 -------------------------------------
 Max number of iterations:             128
 Conv. threshold (gradient):             1.00e-05
 Conv. threshold (energy):               1.00e-06
 Interpolation scheme:                   adiis+cdiis
 Initial guess:                          SAD

 ---------------------------------------------------------------
                  energy        change          grad        time
 ---------------------------------------------------------------
   0      -644.850311899                    1.01e+01        0.15
   1      -643.915317638      9.35e-01      1.71e+00        0.10
   2      -643.789790117      1.26e-01      3.04e+00        0.10
   3      -643.985291704     -1.96e-01      4.40e-01        0.09
   4      -643.978027505      7.26e-03      6.75e-01        0.10
   5      -643.990491445     -1.25e-02      1.00e-01        0.10
   6      -643.990048073      4.43e-04      1.60e-01        0.10
   7      -643.990828172     -7.80e-04      2.06e-02        0.12
   8      -643.990804548      2.36e-05      3.23e-02        0.13
   9      -643.990849591     -4.50e-05      1.18e-04        0.11
  10      -643.990849593     -1.83e-09      5.94e-05        0.10
  11      -643.990849594     -2.80e-10      1.85e-05        0.10
  12      -643.990849594     -2.98e-11      4.39e-06        0.10

 SCF converged in 12 iterations.

 Dipole moment (in Debye):              -0.754756       4.310846       0.000000

 Quadrupole moment (in Debye-Angstrom):
                  1            2            3
 1       -57.285507    -5.327185    -0.000000
 2        -5.327185   -27.904162    -0.000000
 3        -0.000000    -0.000000   -58.219203

 Spin-squared expectation <S^2>:         0.000
 Total spin quantum number S:            0.000
 TOTAL ENERGY:                        -643.990849594

 --------------------------------------------------------------------------------

 End time:                               Fri Oct 22 17:53:45 2021
 Total wall-clock time:                  3.131 seconds
==================================================================================
