
================================================================================
          _____________ ________ _______________ ________     _________         
         / ___________// ______ \\_____   _____// ______ \   / ________)        
        / /_________  / /      \ \     | |     / /      \ \ | (_______          
       |  __________|| |        | |    | |    | |        | | \________ \        
        \ \_________ | |        | |    | |     \ \______/ /___________) |       
         \__________||_|        |_|    |_|      \________//____________/        
                                                                                
====================================[ Qcore ]===================================

 Git describe: 2.3.0
 Compiler:     GNU 9.1.0
 Build type:   Release
 Version:      2.3.0

 Start time:   Fri Oct 22 17:53:37 2021

 Data directory: /work/zw18965/.local/qcore/share/entos/qcore/data
 Number of threads: 24
 Number of threads was determined by: command line argument
  - More threads can be used by running 'qcore -n 32'

 --------------------------------------------------------------------------------
                                   command: dft                                  
 --------------------------------------------------------------------------------
 AO basis set:                           def2-tzvppd
 Number of AO basis functions:         241
 ECP on atom 1 (Ag):                     28 electrons
 ECP on atom 2 (Ag):                     28 electrons
 ECP on atom 3 (Ag):                     28 electrons
 ECP on atom 4 (Ag):                     28 electrons

 Formula:                                HAg4(2+)
 Nuclear charge:                       189.000000000
 Total charge:                           2.000000000
 Number of core electrons:             112
 Number of treated electrons:           75

 Number of alpha electrons:             38
 Number of beta electrons:              37
 Number of unpaired electrons:           1
 Spin:                                   1
 Multiplicity:                           doublet

 Theory:                                 dft
 Exchange-correlation functional:        b3lyp
 Method for Coulomb:                     incore_df
 Method for exact exchange:              pre_transformed_df
 Integral threshold:                     1.00e-12
 DF basis set:                           def2-universal-jkfit
 Number of DF basis functions:        1038
 Schwarz screening threshold:            1.00e-10
 Coulomb fitting method:                 Cholesky
 Total number of grid points:        39882
 Method for AO orthogonalization:        symmetric
 Threshold for linear dependence:        1.00e-08
 D3BJ dispersion energy:                -0.021343999

 -------------------------------------
  Running unrestricted open-shell SCF 
 -------------------------------------
 Max number of iterations:             128
 Conv. threshold (gradient):             1.00e-05
 Conv. threshold (energy):               1.00e-06
 Interpolation scheme:                   adiis+cdiis
 Initial guess:                          SAD

 ---------------------------------------------------------------
                  energy        change          grad        time
 ---------------------------------------------------------------
   0      -588.773751899                    3.39e+00        0.14
   1      -587.838654129      9.35e-01      2.58e-01        0.11
   2      -587.819727578      1.89e-02      2.84e-01        0.09
   3      -587.890322744     -7.06e-02      2.90e-02        0.10
   4      -587.890251004      7.17e-05      3.19e-02        0.10
   5      -587.890686669     -4.36e-04      9.77e-03        0.10
   6      -587.890718800     -3.21e-05      5.08e-03        0.09
   7      -587.890721999     -3.20e-06      1.68e-03        0.10
   8      -587.890722518     -5.20e-07      7.28e-04        0.10
   9      -587.890722580     -6.12e-08      2.21e-04        0.11
  10      -587.890722591     -1.15e-08      4.91e-05        0.10
  11      -587.890722592     -9.51e-10      2.12e-05        0.12
  12      -587.890722592     -6.55e-11      3.36e-06        0.10

 SCF converged in 12 iterations.

 Dipole moment (in Debye):               0.000002       0.000086      -0.385063

 Quadrupole moment (in Debye-Angstrom):
                  1            2            3
 1       -50.731866     0.000000     0.000001
 2         0.000000   -50.731932    -0.000320
 3         0.000001    -0.000320   -53.111229

 Spin-squared expectation <S^2>:         0.755
 Total spin quantum number S:            0.503
 TOTAL ENERGY:                        -587.890722592

 --------------------------------------------------------------------------------

 End time:                               Fri Oct 22 17:53:40 2021
 Total wall-clock time:                  2.699 seconds
==================================================================================
