
================================================================================
          _____________ ________ _______________ ________     _________         
         / ___________// ______ \\_____   _____// ______ \   / ________)        
        / /_________  / /      \ \     | |     / /      \ \ | (_______          
       |  __________|| |        | |    | |    | |        | | \________ \        
        \ \_________ | |        | |    | |     \ \______/ /___________) |       
         \__________||_|        |_|    |_|      \________//____________/        
                                                                                
====================================[ Qcore ]===================================

 Git describe: 2.3.0
 Compiler:     GNU 9.1.0
 Build type:   Release
 Version:      2.3.0

 Start time:   Fri Oct 22 17:53:40 2021

 Data directory: /work/zw18965/.local/qcore/share/entos/qcore/data
 Number of threads: 24
 Number of threads was determined by: command line argument
  - More threads can be used by running 'qcore -n 32'

 --------------------------------------------------------------------------------
                                   command: dft                                  
 --------------------------------------------------------------------------------
 AO basis set:                           def2-tzvppd
 Number of AO basis functions:         224
 ECP on atom 1 (Ag):                     28 electrons
 ECP on atom 2 (Ag):                     28 electrons
 ECP on atom 3 (Ag):                     28 electrons
 ECP on atom 4 (Ag):                     28 electrons

 Formula:                                Ag4(2+)
 Nuclear charge:                       188.000000000
 Total charge:                           2.000000000
 Number of core electrons:             112
 Number of treated electrons:           74

 Number of alpha electrons:             37
 Number of beta electrons:              37
 Number of unpaired electrons:           0
 Spin:                                   0
 Multiplicity:                           singlet

 Theory:                                 dft
 Exchange-correlation functional:        b3lyp
 Method for Coulomb:                     incore_df
 Method for exact exchange:              pre_transformed_df
 Integral threshold:                     1.00e-12
 DF basis set:                           def2-universal-jkfit
 Number of DF basis functions:        1020
 Schwarz screening threshold:            1.00e-10
 Coulomb fitting method:                 Cholesky
 Total number of grid points:        33992
 Method for AO orthogonalization:        symmetric
 Threshold for linear dependence:        1.00e-08
 D3BJ dispersion energy:                -0.018897344

 -------------------------------------
  Running restricted closed-shell SCF 
 -------------------------------------
 Max number of iterations:             128
 Conv. threshold (gradient):             1.00e-05
 Conv. threshold (energy):               1.00e-06
 Interpolation scheme:                   adiis+cdiis
 Initial guess:                          SAD

 ---------------------------------------------------------------
                  energy        change          grad        time
 ---------------------------------------------------------------
   0      -588.193063739                    5.37e+00        0.07
   1      -587.325148742      8.68e-01      3.09e-01        0.05
   2      -587.318492105      6.66e-03      2.75e-01        0.05
   3      -587.355037740     -3.65e-02      3.02e-02        0.04
   4      -587.354895043      1.43e-04      3.13e-02        0.05
   5      -587.355284575     -3.90e-04      2.27e-03        0.05
   6      -587.355285414     -8.39e-07      8.81e-04        0.05
   7      -587.355285565     -1.51e-07      4.59e-05        0.05
   8      -587.355285565     -4.02e-10      5.89e-06        0.04

 SCF converged in 8 iterations.

 Dipole moment (in Debye):               0.000000      -0.000063      -0.000069

 Quadrupole moment (in Debye-Angstrom):
                  1            2            3
 1       -50.217258    -0.000005    -0.000007
 2        -0.000005   -50.216221    -0.000298
 3        -0.000007    -0.000298   -50.217798

 Spin-squared expectation <S^2>:         0.000
 Total spin quantum number S:            0.000
 TOTAL ENERGY:                        -587.355285565

 --------------------------------------------------------------------------------

 End time:                               Fri Oct 22 17:53:42 2021
 Total wall-clock time:                  1.607 seconds
==================================================================================
