
================================================================================
          _____________ ________ _______________ ________     _________         
         / ___________// ______ \\_____   _____// ______ \   / ________)        
        / /_________  / /      \ \     | |     / /      \ \ | (_______          
       |  __________|| |        | |    | |    | |        | | \________ \        
        \ \_________ | |        | |    | |     \ \______/ /___________) |       
         \__________||_|        |_|    |_|      \________//____________/        
                                                                                
====================================[ Qcore ]===================================

 Git describe: 2.3.0
 Compiler:     GNU 9.1.0
 Build type:   Release
 Version:      2.3.0

 Start time:   Fri Oct 22 17:53:48 2021

 Data directory: /work/zw18965/.local/qcore/share/entos/qcore/data
 Number of threads: 24
 Number of threads was determined by: command line argument
  - More threads can be used by running 'qcore -n 32'

 --------------------------------------------------------------------------------
                                   command: dft                                  
 --------------------------------------------------------------------------------
 AO basis set:                           def2-tzvppd
 Number of AO basis functions:         224
 ECP on atom 1 (Ag):                     28 electrons
 ECP on atom 2 (Ag):                     28 electrons
 ECP on atom 3 (Ag):                     28 electrons
 ECP on atom 4 (Ag):                     28 electrons

 Formula:                                Ag4
 Nuclear charge:                       188.000000000
 Total charge:                           0.000000000
 Number of core electrons:             112
 Number of treated electrons:           76

 Number of alpha electrons:             38
 Number of beta electrons:              38
 Number of unpaired electrons:           0
 Spin:                                   0
 Multiplicity:                           singlet

 Theory:                                 dft
 Exchange-correlation functional:        b3lyp
 Method for Coulomb:                     incore_df
 Method for exact exchange:              pre_transformed_df
 Integral threshold:                     1.00e-12
 DF basis set:                           def2-universal-jkfit
 Number of DF basis functions:        1020
 Schwarz screening threshold:            1.00e-10
 Coulomb fitting method:                 Cholesky
 Total number of grid points:        33992
 Method for AO orthogonalization:        symmetric
 Threshold for linear dependence:        1.00e-08
 D3BJ dispersion energy:                -0.016869034

 -------------------------------------
  Running restricted closed-shell SCF 
 -------------------------------------
 Max number of iterations:             128
 Conv. threshold (gradient):             1.00e-05
 Conv. threshold (energy):               1.00e-06
 Interpolation scheme:                   adiis+cdiis
 Initial guess:                          SAD

 ---------------------------------------------------------------
                  energy        change          grad        time
 ---------------------------------------------------------------
   0      -588.195535795                    6.22e+00        0.06
   1      -587.977642355      2.18e-01      3.28e-01        0.06
   2      -587.970721773      6.92e-03      4.03e-01        0.04
   3      -587.990380975     -1.97e-02      2.52e-02        0.04
   4      -587.990348143      3.28e-05      2.99e-02        0.04
   5      -587.990521836     -1.74e-04      3.54e-03        0.06
   6      -587.990524025     -2.19e-06      1.83e-03        0.05
   7      -587.990524464     -4.40e-07      5.17e-04        0.04
   8      -587.990524496     -3.17e-08      1.95e-04        0.05
   9      -587.990524501     -5.41e-09      2.51e-05        0.05
  10      -587.990524501     -7.14e-11      2.19e-05        0.05
  11      -587.990524502     -7.81e-11      4.59e-06        0.05

 SCF converged in 11 iterations.

 Dipole moment (in Debye):              -0.003543       0.000597       0.001927

 Quadrupole moment (in Debye-Angstrom):
                  1            2            3
 1       -75.888176     2.718441    -3.400388
 2         2.718441   -81.034819    -1.420245
 3        -3.400388    -1.420245   -78.187856

 Spin-squared expectation <S^2>:         0.000
 Total spin quantum number S:            0.000
 TOTAL ENERGY:                        -587.990524502

 --------------------------------------------------------------------------------

 End time:                               Fri Oct 22 17:53:50 2021
 Total wall-clock time:                  1.770 seconds
==================================================================================
