
================================================================================
          _____________ ________ _______________ ________     _________         
         / ___________// ______ \\_____   _____// ______ \   / ________)        
        / /_________  / /      \ \     | |     / /      \ \ | (_______          
       |  __________|| |        | |    | |    | |        | | \________ \        
        \ \_________ | |        | |    | |     \ \______/ /___________) |       
         \__________||_|        |_|    |_|      \________//____________/        
                                                                                
====================================[ Qcore ]===================================

 Git describe: 2.3.0
 Compiler:     GNU 9.1.0
 Build type:   Release
 Version:      2.3.0

 Start time:   Fri Oct 22 17:53:32 2021

 Data directory: /work/zw18965/.local/qcore/share/entos/qcore/data
 Number of threads: 24
 Number of threads was determined by: command line argument
  - More threads can be used by running 'qcore -n 32'

 --------------------------------------------------------------------------------
                                   command: dft                                  
 --------------------------------------------------------------------------------
 AO basis set:                           def2-tzvppd
 Number of AO basis functions:         241
 ECP on atom 1 (Ag):                     28 electrons
 ECP on atom 2 (Ag):                     28 electrons
 ECP on atom 3 (Ag):                     28 electrons
 ECP on atom 4 (Ag):                     28 electrons

 Formula:                                HAg4(2+)
 Nuclear charge:                       189.000000000
 Total charge:                           2.000000000
 Number of core electrons:             112
 Number of treated electrons:           75

 Number of alpha electrons:             38
 Number of beta electrons:              37
 Number of unpaired electrons:           1
 Spin:                                   1
 Multiplicity:                           doublet

 Theory:                                 dft
 Exchange-correlation functional:        b3lyp
 Method for Coulomb:                     incore_df
 Method for exact exchange:              pre_transformed_df
 Integral threshold:                     1.00e-12
 DF basis set:                           def2-universal-jkfit
 Number of DF basis functions:        1038
 Schwarz screening threshold:            1.00e-10
 Coulomb fitting method:                 Cholesky
 Total number of grid points:        39882
 Method for AO orthogonalization:        symmetric
 Threshold for linear dependence:        1.00e-08
 D3BJ dispersion energy:                -0.020051582

 -------------------------------------
  Running unrestricted open-shell SCF 
 -------------------------------------
 Max number of iterations:             128
 Conv. threshold (gradient):             1.00e-05
 Conv. threshold (energy):               1.00e-06
 Interpolation scheme:                   adiis+cdiis
 Initial guess:                          SAD

 ---------------------------------------------------------------
                  energy        change          grad        time
 ---------------------------------------------------------------
   0      -588.721409920                    3.02e+00        0.15
   1      -587.795105848      9.26e-01      3.95e-01        0.10
   2      -587.741139750      5.40e-02      5.56e-01        0.09
   3      -587.876153948     -1.35e-01      9.99e-02        0.09
   4      -587.876702171     -5.48e-04      4.44e-02        0.09
   5      -587.878240134     -1.54e-03      1.76e-02        0.10
   6      -587.878389841     -1.50e-04      6.48e-03        0.09
   7      -587.878412421     -2.26e-05      3.98e-03        0.09
   8      -587.878417354     -4.93e-06      1.36e-03        0.09
   9      -587.878417731     -3.77e-07      4.83e-04        0.09
  10      -587.878417825     -9.41e-08      9.10e-05        0.10
  11      -587.878417828     -2.65e-09      2.55e-05        0.10
  12      -587.878417828     -2.73e-10      4.08e-06        0.09

 SCF converged in 12 iterations.

 Dipole moment (in Debye):               0.000001       0.000010       0.235272

 Quadrupole moment (in Debye-Angstrom):
                  1            2            3
 1       -51.705048    -0.000000    -0.000000
 2        -0.000000   -51.704996     0.000054
 3        -0.000000     0.000054   -48.448868

 Spin-squared expectation <S^2>:         0.756
 Total spin quantum number S:            0.503
 TOTAL ENERGY:                        -587.878417828

 --------------------------------------------------------------------------------

 End time:                               Fri Oct 22 17:53:35 2021
 Total wall-clock time:                  2.644 seconds
==================================================================================
