
================================================================================
          _____________ ________ _______________ ________     _________         
         / ___________// ______ \\_____   _____// ______ \   / ________)        
        / /_________  / /      \ \     | |     / /      \ \ | (_______          
       |  __________|| |        | |    | |    | |        | | \________ \        
        \ \_________ | |        | |    | |     \ \______/ /___________) |       
         \__________||_|        |_|    |_|      \________//____________/        
                                                                                
====================================[ Qcore ]===================================

 Git describe: 2.3.0
 Compiler:     GNU 9.1.0
 Build type:   Release
 Version:      2.3.0

 Start time:   Fri Oct 22 17:53:35 2021

 Data directory: /work/zw18965/.local/qcore/share/entos/qcore/data
 Number of threads: 24
 Number of threads was determined by: command line argument
  - More threads can be used by running 'qcore -n 32'

 --------------------------------------------------------------------------------
                                   command: dft                                  
 --------------------------------------------------------------------------------
 AO basis set:                           def2-tzvppd
 Number of AO basis functions:         241
 ECP on atom 1 (Ag):                     28 electrons
 ECP on atom 2 (Ag):                     28 electrons
 ECP on atom 3 (Ag):                     28 electrons
 ECP on atom 4 (Ag):                     28 electrons

 Formula:                                HAg4(2+)
 Nuclear charge:                       189.000000000
 Total charge:                           2.000000000
 Number of core electrons:             112
 Number of treated electrons:           75

 Number of alpha electrons:             38
 Number of beta electrons:              37
 Number of unpaired electrons:           1
 Spin:                                   1
 Multiplicity:                           doublet

 Theory:                                 dft
 Exchange-correlation functional:        b3lyp
 Method for Coulomb:                     incore_df
 Method for exact exchange:              pre_transformed_df
 Integral threshold:                     1.00e-12
 DF basis set:                           def2-universal-jkfit
 Number of DF basis functions:        1038
 Schwarz screening threshold:            1.00e-10
 Coulomb fitting method:                 Cholesky
 Total number of grid points:        39882
 Method for AO orthogonalization:        symmetric
 Threshold for linear dependence:        1.00e-08
 D3BJ dispersion energy:                -0.020861990

 -------------------------------------
  Running unrestricted open-shell SCF 
 -------------------------------------
 Max number of iterations:             128
 Conv. threshold (gradient):             1.00e-05
 Conv. threshold (energy):               1.00e-06
 Interpolation scheme:                   adiis+cdiis
 Initial guess:                          SAD

 ---------------------------------------------------------------
                  energy        change          grad        time
 ---------------------------------------------------------------
   0      -588.751489746                    3.25e+00        0.14
   1      -587.838056879      9.13e-01      2.98e-01        0.11
   2      -587.808506738      2.96e-02      4.18e-01        0.09
   3      -587.894918684     -8.64e-02      3.93e-02        0.10
   4      -587.895052300     -1.34e-04      2.77e-02        0.10
   5      -587.895269272     -2.17e-04      8.93e-03        0.10
   6      -587.895301707     -3.24e-05      4.81e-03        0.09
   7      -587.895306565     -4.86e-06      2.48e-03        0.09
   8      -587.895307787     -1.22e-06      5.11e-04        0.10
   9      -587.895307870     -8.30e-08      2.85e-04        0.11
  10      -587.895307886     -1.60e-08      3.08e-05        0.10
  11      -587.895307887     -1.25e-09      1.04e-05        0.11
  12      -587.895307887     -1.25e-10      5.13e-06        0.10

 SCF converged in 12 iterations.

 Dipole moment (in Debye):               0.000002       0.000001      -0.411997

 Quadrupole moment (in Debye-Angstrom):
                  1            2            3
 1       -52.178418    -0.000000     0.000004
 2        -0.000000   -50.278264    -0.000000
 3         0.000004    -0.000000   -51.484990

 Spin-squared expectation <S^2>:         0.757
 Total spin quantum number S:            0.503
 TOTAL ENERGY:                        -587.895307887

 --------------------------------------------------------------------------------

 End time:                               Fri Oct 22 17:53:37 2021
 Total wall-clock time:                  2.689 seconds
==================================================================================
