
================================================================================
          _____________ ________ _______________ ________     _________         
         / ___________// ______ \\_____   _____// ______ \   / ________)        
        / /_________  / /      \ \     | |     / /      \ \ | (_______          
       |  __________|| |        | |    | |    | |        | | \________ \        
        \ \_________ | |        | |    | |     \ \______/ /___________) |       
         \__________||_|        |_|    |_|      \________//____________/        
                                                                                
====================================[ Qcore ]===================================

 Git describe: 2.3.0
 Compiler:     GNU 9.1.0
 Build type:   Release
 Version:      2.3.0

 Start time:   Fri Oct 22 17:53:45 2021

 Data directory: /work/zw18965/.local/qcore/share/entos/qcore/data
 Number of threads: 24
 Number of threads was determined by: command line argument
  - More threads can be used by running 'qcore -n 32'

 --------------------------------------------------------------------------------
                                   command: dft                                  
 --------------------------------------------------------------------------------
 AO basis set:                           def2-tzvppd
 Number of AO basis functions:         312
 ECP on atom 1 (Ag):                     28 electrons
 ECP on atom 2 (Ag):                     28 electrons
 ECP on atom 3 (Ag):                     28 electrons
 ECP on atom 4 (Ag):                     28 electrons

 Formula:                                H3NAg4(2+)
 Nuclear charge:                       198.000000000
 Total charge:                           2.000000000
 Number of core electrons:             112
 Number of treated electrons:           84

 Number of alpha electrons:             42
 Number of beta electrons:              42
 Number of unpaired electrons:           0
 Spin:                                   0
 Multiplicity:                           singlet

 Theory:                                 dft
 Exchange-correlation functional:        b3lyp
 Method for Coulomb:                     incore_df
 Method for exact exchange:              pre_transformed_df
 Integral threshold:                     1.00e-12
 DF basis set:                           def2-universal-jkfit
 Number of DF basis functions:        1151
 Schwarz screening threshold:            1.00e-10
 Coulomb fitting method:                 Cholesky
 Total number of grid points:        58462
 Method for AO orthogonalization:        symmetric
 Threshold for linear dependence:        1.00e-08
 D3BJ dispersion energy:                -0.026999205

 -------------------------------------
  Running restricted closed-shell SCF 
 -------------------------------------
 Max number of iterations:             128
 Conv. threshold (gradient):             1.00e-05
 Conv. threshold (energy):               1.00e-06
 Interpolation scheme:                   adiis+cdiis
 Initial guess:                          SAD

 ---------------------------------------------------------------
                  energy        change          grad        time
 ---------------------------------------------------------------
   0      -644.766619937                    9.19e+00        0.15
   1      -643.857903260      9.09e-01      1.80e+00        0.13
   2      -643.464962979      3.93e-01      4.43e+00        0.10
   3      -643.926288399     -4.61e-01      1.01e+00        0.10
   4      -643.941336105     -1.50e-02      5.66e-01        0.10
   5      -643.950269236     -8.93e-03      1.40e-01        0.10
   6      -643.949799064      4.70e-04      1.27e-01        0.11
   7      -643.951382444     -1.58e-03      4.25e-02        0.10
   8      -643.951255294      1.27e-04      7.66e-02        0.14
   9      -643.951444935     -1.90e-04      2.79e-04        0.12
  10      -643.951444946     -1.12e-08      7.38e-05        0.11
  11      -643.951444946     -2.46e-10      1.01e-05        0.10
  12      -643.951444946     -1.94e-11      1.81e-06        0.11

 SCF converged in 12 iterations.

 Dipole moment (in Debye):               0.000001      -0.000121      -3.713649

 Quadrupole moment (in Debye-Angstrom):
                  1            2            3
 1       -58.521139     0.000001     0.000000
 2         0.000001   -58.521132     0.000720
 3         0.000000     0.000720   -38.239808

 Spin-squared expectation <S^2>:         0.000
 Total spin quantum number S:            0.000
 TOTAL ENERGY:                        -643.951444946

 --------------------------------------------------------------------------------

 End time:                               Fri Oct 22 17:53:48 2021
 Total wall-clock time:                  3.223 seconds
==================================================================================
