
================================================================================
          _____________ ________ _______________ ________     _________         
         / ___________// ______ \\_____   _____// ______ \   / ________)        
        / /_________  / /      \ \     | |     / /      \ \ | (_______          
       |  __________|| |        | |    | |    | |        | | \________ \        
        \ \_________ | |        | |    | |     \ \______/ /___________) |       
         \__________||_|        |_|    |_|      \________//____________/        
                                                                                
====================================[ Qcore ]===================================

 Git describe: 2.3.0
 Compiler:     GNU 9.1.0
 Build type:   Release
 Version:      2.3.0

 Start time:   Fri Oct 22 17:53:50 2021

 Data directory: /work/zw18965/.local/qcore/share/entos/qcore/data
 Number of threads: 24
 Number of threads was determined by: command line argument
  - More threads can be used by running 'qcore -n 32'

 --------------------------------------------------------------------------------
                                   command: dft                                  
 --------------------------------------------------------------------------------
 AO basis set:                           def2-tzvppd
 Number of AO basis functions:          99
 ECP on atom 1 (Au):                     60 electrons

 Formula:                                FAu
 Nuclear charge:                        88.000000000
 Total charge:                           0.000000000
 Number of core electrons:              60
 Number of treated electrons:           28

 Number of alpha electrons:             14
 Number of beta electrons:              14
 Number of unpaired electrons:           0
 Spin:                                   0
 Multiplicity:                           singlet

 Theory:                                 dft
 Exchange-correlation functional:        b3lyp
 Method for Coulomb:                     incore_df
 Method for exact exchange:              pre_transformed_df
 Integral threshold:                     1.00e-12
 DF basis set:                           def2-universal-jkfit
 Number of DF basis functions:         324
 Schwarz screening threshold:            1.00e-10
 Coulomb fitting method:                 Cholesky
 Total number of grid points:        15932
 Method for AO orthogonalization:        symmetric
 Threshold for linear dependence:        1.00e-08
 D3BJ dispersion energy:                -0.000998925

 -------------------------------------
  Running restricted closed-shell SCF 
 -------------------------------------
 Max number of iterations:             128
 Conv. threshold (gradient):             1.00e-05
 Conv. threshold (energy):               1.00e-06
 Interpolation scheme:                   adiis+cdiis
 Initial guess:                          SAD

 ---------------------------------------------------------------
                  energy        change          grad        time
 ---------------------------------------------------------------
   0      -235.530922088                    3.66e+00        0.01
   1      -235.426281108      1.05e-01      1.26e+00        0.01
   2      -233.603808206      1.82e+00      4.16e+00        0.01
   3      -235.339975152     -1.74e+00      1.75e+00        0.01
   4      -235.532519494     -1.93e-01      9.42e-02        0.01
   5      -235.529960481      2.56e-03      2.24e-01        0.01
   6      -235.533194429     -3.23e-03      8.14e-03        0.01
   7      -235.533199364     -4.93e-06      2.25e-03        0.01
   8      -235.533199697     -3.33e-07      1.36e-03        0.01
   9      -235.533199930     -2.33e-07      1.13e-04        0.01
  10      -235.533199933     -3.39e-09      5.63e-05        0.01
  11      -235.533199934     -4.62e-10      1.12e-05        0.01
  12      -235.533199934     -1.04e-11      7.52e-07        0.01

 SCF converged in 12 iterations.

 Dipole moment (in Debye):              -0.000000      -0.000000       4.116451

 Quadrupole moment (in Debye-Angstrom):
                  1            2            3
 1       -27.449732    -0.000000     0.000001
 2        -0.000000   -27.449732     0.000001
 3         0.000001     0.000001   -30.129466

 Spin-squared expectation <S^2>:         0.000
 Total spin quantum number S:            0.000
 TOTAL ENERGY:                        -235.533199934

 --------------------------------------------------------------------------------

 End time:                               Fri Oct 22 17:53:51 2021
 Total wall-clock time:                  0.694 seconds
==================================================================================
