
================================================================================
          _____________ ________ _______________ ________     _________         
         / ___________// ______ \\_____   _____// ______ \   / ________)        
        / /_________  / /      \ \     | |     / /      \ \ | (_______          
       |  __________|| |        | |    | |    | |        | | \________ \        
        \ \_________ | |        | |    | |     \ \______/ /___________) |       
         \__________||_|        |_|    |_|      \________//____________/        
                                                                                
====================================[ Qcore ]===================================

 Git describe: 2.3.0
 Compiler:     GNU 9.1.0
 Build type:   Release
 Version:      2.3.0

 Start time:   Fri Oct 22 17:53:52 2021

 Data directory: /work/zw18965/.local/qcore/share/entos/qcore/data
 Number of threads: 24
 Number of threads was determined by: command line argument
  - More threads can be used by running 'qcore -n 32'

 --------------------------------------------------------------------------------
                                   command: dft                                  
 --------------------------------------------------------------------------------
 AO basis set:                           def2-tzvppd
 Number of AO basis functions:         118
 ECP on atom 1 (Au):                     60 electrons
 ECP on atom 2 (Au):                     60 electrons

 Formula:                                Au2
 Nuclear charge:                       158.000000000
 Total charge:                           0.000000000
 Number of core electrons:             120
 Number of treated electrons:           38

 Number of alpha electrons:             19
 Number of beta electrons:              19
 Number of unpaired electrons:           0
 Spin:                                   0
 Multiplicity:                           singlet

 Theory:                                 dft
 Exchange-correlation functional:        b3lyp
 Method for Coulomb:                     incore_df
 Method for exact exchange:              pre_transformed_df
 Integral threshold:                     1.00e-12
 DF basis set:                           def2-universal-jkfit
 Number of DF basis functions:         494
 Schwarz screening threshold:            1.00e-10
 Coulomb fitting method:                 Cholesky
 Total number of grid points:        18240
 Method for AO orthogonalization:        symmetric
 Threshold for linear dependence:        1.00e-08
 D3BJ dispersion energy:                -0.003477481

 -------------------------------------
  Running restricted closed-shell SCF 
 -------------------------------------
 Max number of iterations:             128
 Conv. threshold (gradient):             1.00e-05
 Conv. threshold (energy):               1.00e-06
 Interpolation scheme:                   adiis+cdiis
 Initial guess:                          SAD

 ---------------------------------------------------------------
                  energy        change          grad        time
 ---------------------------------------------------------------
   0      -271.514689383                    5.05e+00        0.02
   1      -271.446258014      6.84e-02      1.84e-01        0.02
   2      -271.437529924      8.73e-03      2.58e-01        0.01
   3      -271.455125056     -1.76e-02      3.96e-02        0.01
   4      -271.454882288      2.43e-04      4.99e-02        0.01
   5      -271.455441954     -5.60e-04      1.57e-03        0.01
   6      -271.455442701     -7.47e-07      2.24e-04        0.01
   7      -271.455442724     -2.28e-08      3.28e-05        0.01
   8      -271.455442724     -3.33e-10      3.27e-06        0.01

 SCF converged in 8 iterations.

 Dipole moment (in Debye):              -0.000001      -0.000001       0.000035

 Quadrupole moment (in Debye-Angstrom):
                  1            2            3
 1       -46.867188    -0.000000     0.000000
 2        -0.000000   -46.867188     0.000000
 3         0.000000     0.000000   -38.609684

 Spin-squared expectation <S^2>:         0.000
 Total spin quantum number S:            0.000
 TOTAL ENERGY:                        -271.455442724

 --------------------------------------------------------------------------------

 End time:                               Fri Oct 22 17:53:53 2021
 Total wall-clock time:                  0.727 seconds
==================================================================================
