
================================================================================
          _____________ ________ _______________ ________     _________         
         / ___________// ______ \\_____   _____// ______ \   / ________)        
        / /_________  / /      \ \     | |     / /      \ \ | (_______          
       |  __________|| |        | |    | |    | |        | | \________ \        
        \ \_________ | |        | |    | |     \ \______/ /___________) |       
         \__________||_|        |_|    |_|      \________//____________/        
                                                                                
====================================[ Qcore ]===================================

 Git describe: 2.3.0
 Compiler:     GNU 9.1.0
 Build type:   Release
 Version:      2.3.0

 Start time:   Fri Oct 22 17:53:53 2021

 Data directory: /work/zw18965/.local/qcore/share/entos/qcore/data
 Number of threads: 24
 Number of threads was determined by: command line argument
  - More threads can be used by running 'qcore -n 32'

 --------------------------------------------------------------------------------
                                   command: dft                                  
 --------------------------------------------------------------------------------
 AO basis set:                           def2-tzvppd
 Number of AO basis functions:         177
 ECP on atom 1 (Au):                     60 electrons
 ECP on atom 2 (Au):                     60 electrons
 ECP on atom 3 (Au):                     60 electrons

 Formula:                                Au3+
 Nuclear charge:                       237.000000000
 Total charge:                           1.000000000
 Number of core electrons:             180
 Number of treated electrons:           56

 Number of alpha electrons:             28
 Number of beta electrons:              28
 Number of unpaired electrons:           0
 Spin:                                   0
 Multiplicity:                           singlet

 Theory:                                 dft
 Exchange-correlation functional:        b3lyp
 Method for Coulomb:                     incore_df
 Method for exact exchange:              pre_transformed_df
 Integral threshold:                     1.00e-12
 DF basis set:                           def2-universal-jkfit
 Number of DF basis functions:         741
 Schwarz screening threshold:            1.00e-10
 Coulomb fitting method:                 Cholesky
 Total number of grid points:        27360
 Method for AO orthogonalization:        symmetric
 Threshold for linear dependence:        1.00e-08
 D3BJ dispersion energy:                -0.010353090

 -------------------------------------
  Running restricted closed-shell SCF 
 -------------------------------------
 Max number of iterations:             128
 Conv. threshold (gradient):             1.00e-05
 Conv. threshold (energy):               1.00e-06
 Interpolation scheme:                   adiis+cdiis
 Initial guess:                          SAD

 ---------------------------------------------------------------
                  energy        change          grad        time
 ---------------------------------------------------------------
   0      -407.399908720                    1.06e+01        0.04
   1      -406.906917676      4.93e-01      3.11e-01        0.04
   2      -406.902647328      4.27e-03      3.63e-01        0.03
   3      -406.928890149     -2.62e-02      1.91e-02        0.03
   4      -406.928868861      2.13e-05      2.40e-02        0.03
   5      -406.928937069     -6.82e-05      2.46e-03        0.03
   6      -406.928937866     -7.97e-07      4.14e-04        0.03
   7      -406.928937912     -4.67e-08      5.92e-05        0.03
   8      -406.928937912      3.27e-11      7.60e-05        0.03
   9      -406.928937913     -5.44e-10      2.98e-06        0.03

 SCF converged in 9 iterations.

 Dipole moment (in Debye):              -0.000000      -0.000136      -0.000000

 Quadrupole moment (in Debye-Angstrom):
                  1            2            3
 1       -50.014297     0.000000    -0.000000
 2         0.000000   -50.014605    -0.000000
 3        -0.000000    -0.000000   -64.427164

 Spin-squared expectation <S^2>:         0.000
 Total spin quantum number S:            0.000
 TOTAL ENERGY:                        -406.928937913

 --------------------------------------------------------------------------------

 End time:                               Fri Oct 22 17:53:54 2021
 Total wall-clock time:                  1.187 seconds
==================================================================================
