
================================================================================
          _____________ ________ _______________ ________     _________         
         / ___________// ______ \\_____   _____// ______ \   / ________)        
        / /_________  / /      \ \     | |     / /      \ \ | (_______          
       |  __________|| |        | |    | |    | |        | | \________ \        
        \ \_________ | |        | |    | |     \ \______/ /___________) |       
         \__________||_|        |_|    |_|      \________//____________/        
                                                                                
====================================[ Qcore ]===================================

 Git describe: 2.3.0
 Compiler:     GNU 9.1.0
 Build type:   Release
 Version:      2.3.0

 Start time:   Fri Oct 22 17:53:57 2021

 Data directory: /work/zw18965/.local/qcore/share/entos/qcore/data
 Number of threads: 24
 Number of threads was determined by: command line argument
  - More threads can be used by running 'qcore -n 32'

 --------------------------------------------------------------------------------
                                   command: dft                                  
 --------------------------------------------------------------------------------
 AO basis set:                           def2-tzvppd
 Number of AO basis functions:         177
 ECP on atom 1 (Au):                     60 electrons
 ECP on atom 2 (Au):                     60 electrons
 ECP on atom 3 (Au):                     60 electrons

 Formula:                                Au3
 Nuclear charge:                       237.000000000
 Total charge:                           0.000000000
 Number of core electrons:             180
 Number of treated electrons:           57

 Number of alpha electrons:             29
 Number of beta electrons:              28
 Number of unpaired electrons:           1
 Spin:                                   1
 Multiplicity:                           doublet

 Theory:                                 dft
 Exchange-correlation functional:        b3lyp
 Method for Coulomb:                     incore_df
 Method for exact exchange:              pre_transformed_df
 Integral threshold:                     1.00e-12
 DF basis set:                           def2-universal-jkfit
 Number of DF basis functions:         741
 Schwarz screening threshold:            1.00e-10
 Coulomb fitting method:                 Cholesky
 Total number of grid points:        27360
 Method for AO orthogonalization:        symmetric
 Threshold for linear dependence:        1.00e-08
 D3BJ dispersion energy:                -0.007840461

 -------------------------------------
  Running unrestricted open-shell SCF 
 -------------------------------------
 Max number of iterations:             128
 Conv. threshold (gradient):             1.00e-05
 Conv. threshold (energy):               1.00e-06
 Interpolation scheme:                   adiis+cdiis
 Initial guess:                          SAD

 ---------------------------------------------------------------
                  energy        change          grad        time
 ---------------------------------------------------------------
   0      -407.309321000                    3.85e+00        0.06
   1      -407.173070893      1.36e-01      1.02e-01        0.05
   2      -407.162682527      1.04e-02      1.60e-01        0.04
   3      -407.181963496     -1.93e-02      2.56e-02        0.04
   4      -407.181717329      2.46e-04      3.15e-02        0.04
   5      -407.182499362     -7.82e-04      2.16e-03        0.04
   6      -407.182505064     -5.70e-06      1.17e-03        0.04
   7      -407.182506188     -1.12e-06      3.10e-04        0.04
   8      -407.182506317     -1.29e-07      7.92e-05        0.04
   9      -407.182506326     -8.18e-09      2.69e-05        0.04
  10      -407.182506326      4.67e-11      3.54e-05        0.05
  11      -407.182506327     -1.15e-09      3.59e-06        0.05

 SCF converged in 11 iterations.

 Dipole moment (in Debye):              -0.000004      -0.000004       0.000000

 Quadrupole moment (in Debye-Angstrom):
                  1            2            3
 1       -69.700624    -0.000005     0.000002
 2        -0.000005   -69.700624     0.000002
 3         0.000002     0.000002   -57.318869

 Spin-squared expectation <S^2>:         0.758
 Total spin quantum number S:            0.504
 TOTAL ENERGY:                        -407.182506327

 --------------------------------------------------------------------------------

 End time:                               Fri Oct 22 17:53:59 2021
 Total wall-clock time:                  1.396 seconds
==================================================================================
