
================================================================================
          _____________ ________ _______________ ________     _________         
         / ___________// ______ \\_____   _____// ______ \   / ________)        
        / /_________  / /      \ \     | |     / /      \ \ | (_______          
       |  __________|| |        | |    | |    | |        | | \________ \        
        \ \_________ | |        | |    | |     \ \______/ /___________) |       
         \__________||_|        |_|    |_|      \________//____________/        
                                                                                
====================================[ Qcore ]===================================

 Git describe: 2.3.0
 Compiler:     GNU 9.1.0
 Build type:   Release
 Version:      2.3.0

 Start time:   Fri Oct 22 17:53:54 2021

 Data directory: /work/zw18965/.local/qcore/share/entos/qcore/data
 Number of threads: 24
 Number of threads was determined by: command line argument
  - More threads can be used by running 'qcore -n 32'

 --------------------------------------------------------------------------------
                                   command: dft                                  
 --------------------------------------------------------------------------------
 AO basis set:                           def2-tzvppd
 Number of AO basis functions:         177
 ECP on atom 1 (Au):                     60 electrons
 ECP on atom 2 (Au):                     60 electrons
 ECP on atom 3 (Au):                     60 electrons

 Formula:                                Au3+
 Nuclear charge:                       237.000000000
 Total charge:                           1.000000000
 Number of core electrons:             180
 Number of treated electrons:           56

 Number of alpha electrons:             28
 Number of beta electrons:              28
 Number of unpaired electrons:           0
 Spin:                                   0
 Multiplicity:                           singlet

 Theory:                                 dft
 Exchange-correlation functional:        b3lyp
 Method for Coulomb:                     incore_df
 Method for exact exchange:              pre_transformed_df
 Integral threshold:                     1.00e-12
 DF basis set:                           def2-universal-jkfit
 Number of DF basis functions:         741
 Schwarz screening threshold:            1.00e-10
 Coulomb fitting method:                 Cholesky
 Total number of grid points:        27360
 Method for AO orthogonalization:        symmetric
 Threshold for linear dependence:        1.00e-08
 D3BJ dispersion energy:                -0.007774543

 -------------------------------------
  Running restricted closed-shell SCF 
 -------------------------------------
 Max number of iterations:             128
 Conv. threshold (gradient):             1.00e-05
 Conv. threshold (energy):               1.00e-06
 Interpolation scheme:                   adiis+cdiis
 Initial guess:                          SAD

 ---------------------------------------------------------------
                  energy        change          grad        time
 ---------------------------------------------------------------
   0      -407.289999725                    7.31e+00        0.04
   1      -406.848586416      4.41e-01      2.53e-01        0.03
   2      -406.841903098      6.68e-03      3.38e-01        0.03
   3      -406.868026951     -2.61e-02      5.38e-02        0.03
   4      -406.867168429      8.59e-04      9.05e-02        0.03
   5      -406.868430533     -1.26e-03      1.70e-03        0.03
   6      -406.868430941     -4.08e-07      6.73e-04        0.03
   7      -406.868430819      1.22e-07      9.97e-04        0.02
   8      -406.868431001     -1.82e-07      4.21e-04        0.03
   9      -406.868431042     -4.18e-08      1.90e-05        0.03
  10      -406.868431043     -7.41e-11      1.87e-06        0.03

 SCF converged in 10 iterations.

 Dipole moment (in Debye):              -0.000004      -0.000004      -0.000003

 Quadrupole moment (in Debye-Angstrom):
                  1            2            3
 1       -63.666424    -0.000006    -0.000002
 2        -0.000006   -63.666424    -0.000002
 3        -0.000002    -0.000002   -19.461425

 Spin-squared expectation <S^2>:         0.000
 Total spin quantum number S:            0.000
 TOTAL ENERGY:                        -406.868431043

 --------------------------------------------------------------------------------

 End time:                               Fri Oct 22 17:53:55 2021
 Total wall-clock time:                  1.147 seconds
==================================================================================
