
================================================================================
          _____________ ________ _______________ ________     _________         
         / ___________// ______ \\_____   _____// ______ \   / ________)        
        / /_________  / /      \ \     | |     / /      \ \ | (_______          
       |  __________|| |        | |    | |    | |        | | \________ \        
        \ \_________ | |        | |    | |     \ \______/ /___________) |       
         \__________||_|        |_|    |_|      \________//____________/        
                                                                                
====================================[ Qcore ]===================================

 Git describe: 2.3.0
 Compiler:     GNU 9.1.0
 Build type:   Release
 Version:      2.3.0

 Start time:   Fri Oct 22 17:53:55 2021

 Data directory: /work/zw18965/.local/qcore/share/entos/qcore/data
 Number of threads: 24
 Number of threads was determined by: command line argument
  - More threads can be used by running 'qcore -n 32'

 --------------------------------------------------------------------------------
                                   command: dft                                  
 --------------------------------------------------------------------------------
 AO basis set:                           def2-tzvppd
 Number of AO basis functions:         177
 ECP on atom 1 (Au):                     60 electrons
 ECP on atom 2 (Au):                     60 electrons
 ECP on atom 3 (Au):                     60 electrons

 Formula:                                Au3
 Nuclear charge:                       237.000000000
 Total charge:                           0.000000000
 Number of core electrons:             180
 Number of treated electrons:           57

 Number of alpha electrons:             29
 Number of beta electrons:              28
 Number of unpaired electrons:           1
 Spin:                                   1
 Multiplicity:                           doublet

 Theory:                                 dft
 Exchange-correlation functional:        b3lyp
 Method for Coulomb:                     incore_df
 Method for exact exchange:              pre_transformed_df
 Integral threshold:                     1.00e-12
 DF basis set:                           def2-universal-jkfit
 Number of DF basis functions:         741
 Schwarz screening threshold:            1.00e-10
 Coulomb fitting method:                 Cholesky
 Total number of grid points:        27360
 Method for AO orthogonalization:        symmetric
 Threshold for linear dependence:        1.00e-08
 D3BJ dispersion energy:                -0.010338907

 -------------------------------------
  Running unrestricted open-shell SCF 
 -------------------------------------
 Max number of iterations:             128
 Conv. threshold (gradient):             1.00e-05
 Conv. threshold (energy):               1.00e-06
 Interpolation scheme:                   adiis+cdiis
 Initial guess:                          SAD

 ---------------------------------------------------------------
                  energy        change          grad        time
 ---------------------------------------------------------------
   0      -407.379410334                    5.06e+00        0.06
   1      -407.165111400      2.14e-01      1.71e-01        0.05
   2      -407.150353652      1.48e-02      2.54e-01        0.04
   3      -407.177716984     -2.74e-02      5.88e-02        0.05
   4      -407.175903695      1.81e-03      1.07e-01        0.04
   5      -407.178871615     -2.97e-03      9.69e-03        0.04
   6      -407.178911580     -4.00e-05      3.54e-03        0.04
   7      -407.178927373     -1.58e-05      2.12e-03        0.04
   8      -407.178930953     -3.58e-06      1.18e-03        0.04
   9      -407.178932187     -1.23e-06      7.67e-04        0.04
  10      -407.178932556     -3.69e-07      3.07e-04        0.05
  11      -407.178932641     -8.48e-08      1.02e-04        0.04
  12      -407.178932656     -1.55e-08      5.67e-05        0.04
  13      -407.178932667     -1.06e-08      5.03e-05        0.04
  14      -407.178932679     -1.18e-08      4.49e-05        0.04
  15      -407.178932699     -2.03e-08      4.14e-05        0.04
  16      -407.178932751     -5.18e-08      3.46e-05        0.04
  17      -407.178932799     -4.83e-08      2.66e-05        0.04
  18      -407.178932820     -2.04e-08      1.13e-05        0.04
  19      -407.178932821     -1.57e-09      5.53e-06        0.04

 SCF converged in 19 iterations.

 Dipole moment (in Debye):               0.000247      -1.203508       0.000000

 Quadrupole moment (in Debye-Angstrom):
                  1            2            3
 1       -62.208045    -0.001046     0.000002
 2        -0.001046   -71.659667     0.000001
 3         0.000002     0.000001   -70.286178

 Spin-squared expectation <S^2>:         0.765
 Total spin quantum number S:            0.508
 TOTAL ENERGY:                        -407.178932822

 --------------------------------------------------------------------------------

 End time:                               Fri Oct 22 17:53:57 2021
 Total wall-clock time:                  1.772 seconds
==================================================================================
