
================================================================================
          _____________ ________ _______________ ________     _________         
         / ___________// ______ \\_____   _____// ______ \   / ________)        
        / /_________  / /      \ \     | |     / /      \ \ | (_______          
       |  __________|| |        | |    | |    | |        | | \________ \        
        \ \_________ | |        | |    | |     \ \______/ /___________) |       
         \__________||_|        |_|    |_|      \________//____________/        
                                                                                
====================================[ Qcore ]===================================

 Git describe: 2.3.0
 Compiler:     GNU 9.1.0
 Build type:   Release
 Version:      2.3.0

 Start time:   Fri Oct 22 17:53:59 2021

 Data directory: /work/zw18965/.local/qcore/share/entos/qcore/data
 Number of threads: 24
 Number of threads was determined by: command line argument
  - More threads can be used by running 'qcore -n 32'

 --------------------------------------------------------------------------------
                                   command: dft                                  
 --------------------------------------------------------------------------------
 AO basis set:                           def2-tzvppd
 Number of AO basis functions:         253
 ECP on atom 1 (Au):                     60 electrons
 ECP on atom 2 (Au):                     60 electrons
 ECP on atom 3 (Au):                     60 electrons
 ECP on atom 4 (Au):                     60 electrons

 Formula:                                HAu4(2+)
 Nuclear charge:                       317.000000000
 Total charge:                           2.000000000
 Number of core electrons:             240
 Number of treated electrons:           75

 Number of alpha electrons:             38
 Number of beta electrons:              37
 Number of unpaired electrons:           1
 Spin:                                   1
 Multiplicity:                           doublet

 Theory:                                 dft
 Exchange-correlation functional:        b3lyp
 Method for Coulomb:                     incore_df
 Method for exact exchange:              pre_transformed_df
 Integral threshold:                     1.00e-12
 DF basis set:                           def2-universal-jkfit
 Number of DF basis functions:        1006
 Schwarz screening threshold:            1.00e-10
 Coulomb fitting method:                 Cholesky
 Total number of grid points:        42370
 Method for AO orthogonalization:        symmetric
 Threshold for linear dependence:        1.00e-08
 D3BJ dispersion energy:                -0.021882074

 -------------------------------------
  Running unrestricted open-shell SCF 
 -------------------------------------
 Max number of iterations:             128
 Conv. threshold (gradient):             1.00e-05
 Conv. threshold (energy):               1.00e-06
 Interpolation scheme:                   adiis+cdiis
 Initial guess:                          SAD

 ---------------------------------------------------------------
                  energy        change          grad        time
 ---------------------------------------------------------------
   0      -543.835085314                    8.24e+00        0.16
   1      -542.678454168      1.16e+00      5.08e-01        0.12
   2      -542.580857998      9.76e-02      8.34e-01        0.10
   3      -542.782674089     -2.02e-01      8.10e-02        0.11
   4      -542.779868059      2.81e-03      1.22e-01        0.11
   5      -542.786987806     -7.12e-03      1.77e-02        0.10
   6      -542.787083536     -9.57e-05      8.17e-03        0.11
   7      -542.787112161     -2.86e-05      4.35e-03        0.10
   8      -542.787117264     -5.10e-06      2.52e-03        0.10
   9      -542.787118557     -1.29e-06      5.46e-04        0.11
  10      -542.787118713     -1.56e-07      2.32e-04        0.12
  11      -542.787118728     -1.53e-08      5.80e-05        0.11
  12      -542.787118730     -2.11e-09      1.32e-05        0.13
  13      -542.787118730     -8.84e-11      6.69e-06        0.11

 SCF converged in 13 iterations.

 Dipole moment (in Debye):              -0.000001       0.000029       0.313294

 Quadrupole moment (in Debye-Angstrom):
                  1            2            3
 1       -65.268799    -0.000002    -0.000001
 2        -0.000002   -65.268959     0.000017
 3        -0.000001     0.000017   -62.729984

 Spin-squared expectation <S^2>:         0.755
 Total spin quantum number S:            0.502
 TOTAL ENERGY:                        -542.787118730

 --------------------------------------------------------------------------------

 End time:                               Fri Oct 22 17:54:02 2021
 Total wall-clock time:                  3.031 seconds
==================================================================================
