
================================================================================
          _____________ ________ _______________ ________     _________         
         / ___________// ______ \\_____   _____// ______ \   / ________)        
        / /_________  / /      \ \     | |     / /      \ \ | (_______          
       |  __________|| |        | |    | |    | |        | | \________ \        
        \ \_________ | |        | |    | |     \ \______/ /___________) |       
         \__________||_|        |_|    |_|      \________//____________/        
                                                                                
====================================[ Qcore ]===================================

 Git describe: 2.3.0
 Compiler:     GNU 9.1.0
 Build type:   Release
 Version:      2.3.0

 Start time:   Fri Oct 22 17:54:05 2021

 Data directory: /work/zw18965/.local/qcore/share/entos/qcore/data
 Number of threads: 24
 Number of threads was determined by: command line argument
  - More threads can be used by running 'qcore -n 32'

 --------------------------------------------------------------------------------
                                   command: dft                                  
 --------------------------------------------------------------------------------
 AO basis set:                           def2-tzvppd
 Number of AO basis functions:         253
 ECP on atom 1 (Au):                     60 electrons
 ECP on atom 2 (Au):                     60 electrons
 ECP on atom 3 (Au):                     60 electrons
 ECP on atom 4 (Au):                     60 electrons

 Formula:                                HAu4(2+)
 Nuclear charge:                       317.000000000
 Total charge:                           2.000000000
 Number of core electrons:             240
 Number of treated electrons:           75

 Number of alpha electrons:             38
 Number of beta electrons:              37
 Number of unpaired electrons:           1
 Spin:                                   1
 Multiplicity:                           doublet

 Theory:                                 dft
 Exchange-correlation functional:        b3lyp
 Method for Coulomb:                     incore_df
 Method for exact exchange:              pre_transformed_df
 Integral threshold:                     1.00e-12
 DF basis set:                           def2-universal-jkfit
 Number of DF basis functions:        1006
 Schwarz screening threshold:            1.00e-10
 Coulomb fitting method:                 Cholesky
 Total number of grid points:        42370
 Method for AO orthogonalization:        symmetric
 Threshold for linear dependence:        1.00e-08
 D3BJ dispersion energy:                -0.023372887

 -------------------------------------
  Running unrestricted open-shell SCF 
 -------------------------------------
 Max number of iterations:             128
 Conv. threshold (gradient):             1.00e-05
 Conv. threshold (energy):               1.00e-06
 Interpolation scheme:                   adiis+cdiis
 Initial guess:                          SAD

 ---------------------------------------------------------------
                  energy        change          grad        time
 ---------------------------------------------------------------
   0      -543.902000338                    9.06e+00        0.16
   1      -542.680966120      1.22e+00      3.08e-01        0.12
   2      -542.633645015      4.73e-02      4.83e-01        0.10
   3      -542.758094894     -1.24e-01      2.21e-01        0.11
   4      -542.698186180      5.99e-02      7.52e-01        0.11
   5      -542.762179691     -6.40e-02      1.86e-01        0.11
   6      -542.767150479     -4.97e-03      3.95e-02        0.12
   7      -542.766404796      7.46e-04      7.88e-02        0.11
   8      -542.767444606     -1.04e-03      2.83e-03        0.15
   9      -542.767445892     -1.29e-06      1.06e-03        0.11
  10      -542.767446094     -2.03e-07      2.39e-04        0.12
  11      -542.767446114     -1.98e-08      6.58e-05        0.11
  12      -542.767446116     -2.12e-09      1.72e-05        0.12
  13      -542.767446116     -2.48e-10      8.10e-06        0.11

 SCF converged in 13 iterations.

 Dipole moment (in Debye):               0.000017      -0.000056      -1.302179

 Quadrupole moment (in Debye-Angstrom):
                  1            2            3
 1       -64.239964    -0.000009    -0.000002
 2        -0.000009   -64.240063    -0.000410
 3        -0.000002    -0.000410   -68.110108

 Spin-squared expectation <S^2>:         0.754
 Total spin quantum number S:            0.502
 TOTAL ENERGY:                        -542.767446116

 --------------------------------------------------------------------------------

 End time:                               Fri Oct 22 17:54:08 2021
 Total wall-clock time:                  3.134 seconds
==================================================================================
