
================================================================================
          _____________ ________ _______________ ________     _________         
         / ___________// ______ \\_____   _____// ______ \   / ________)        
        / /_________  / /      \ \     | |     / /      \ \ | (_______          
       |  __________|| |        | |    | |    | |        | | \________ \        
        \ \_________ | |        | |    | |     \ \______/ /___________) |       
         \__________||_|        |_|    |_|      \________//____________/        
                                                                                
====================================[ Qcore ]===================================

 Git describe: 2.3.0
 Compiler:     GNU 9.1.0
 Build type:   Release
 Version:      2.3.0

 Start time:   Fri Oct 22 17:54:08 2021

 Data directory: /work/zw18965/.local/qcore/share/entos/qcore/data
 Number of threads: 24
 Number of threads was determined by: command line argument
  - More threads can be used by running 'qcore -n 32'

 --------------------------------------------------------------------------------
                                   command: dft                                  
 --------------------------------------------------------------------------------
 AO basis set:                           def2-tzvppd
 Number of AO basis functions:         236
 ECP on atom 1 (Au):                     60 electrons
 ECP on atom 2 (Au):                     60 electrons
 ECP on atom 3 (Au):                     60 electrons
 ECP on atom 4 (Au):                     60 electrons

 Formula:                                Au4(2+)
 Nuclear charge:                       316.000000000
 Total charge:                           2.000000000
 Number of core electrons:             240
 Number of treated electrons:           74

 Number of alpha electrons:             37
 Number of beta electrons:              37
 Number of unpaired electrons:           0
 Spin:                                   0
 Multiplicity:                           singlet

 Theory:                                 dft
 Exchange-correlation functional:        b3lyp
 Method for Coulomb:                     incore_df
 Method for exact exchange:              pre_transformed_df
 Integral threshold:                     1.00e-12
 DF basis set:                           def2-universal-jkfit
 Number of DF basis functions:         988
 Schwarz screening threshold:            1.00e-10
 Coulomb fitting method:                 Cholesky
 Total number of grid points:        36480
 Method for AO orthogonalization:        symmetric
 Threshold for linear dependence:        1.00e-08
 D3BJ dispersion energy:                -0.020562966

 -------------------------------------
  Running restricted closed-shell SCF 
 -------------------------------------
 Max number of iterations:             128
 Conv. threshold (gradient):             1.00e-05
 Conv. threshold (energy):               1.00e-06
 Interpolation scheme:                   adiis+cdiis
 Initial guess:                          SAD

 ---------------------------------------------------------------
                  energy        change          grad        time
 ---------------------------------------------------------------
   0      -543.280494764                    1.47e+01        0.08
   1      -542.181423034      1.10e+00      3.78e-01        0.07
   2      -542.179467206      1.96e-03      3.62e-01        0.05
   3      -542.231404424     -5.19e-02      4.91e-02        0.05
   4      -542.231079696      3.25e-04      7.05e-02        0.06
   5      -542.231786599     -7.07e-04      6.63e-03        0.05
   6      -542.231791854     -5.26e-06      6.24e-04        0.05
   7      -542.231791924     -6.97e-08      5.10e-05        0.05
   8      -542.231791924     -6.61e-11      5.88e-05        0.06
   9      -542.231791924     -1.81e-10      1.45e-05        0.05
  10      -542.231791924     -1.46e-11      4.94e-07        0.06

 SCF converged in 10 iterations.

 Dipole moment (in Debye):               0.000001       0.000103      -0.000019

 Quadrupole moment (in Debye-Angstrom):
                  1            2            3
 1       -63.679374     0.000002    -0.000002
 2         0.000002   -63.679913    -0.000649
 3        -0.000002    -0.000649   -63.680512

 Spin-squared expectation <S^2>:         0.000
 Total spin quantum number S:            0.000
 TOTAL ENERGY:                        -542.231791924

 --------------------------------------------------------------------------------

 End time:                               Fri Oct 22 17:54:10 2021
 Total wall-clock time:                  1.949 seconds
==================================================================================
