
================================================================================
          _____________ ________ _______________ ________     _________         
         / ___________// ______ \\_____   _____// ______ \   / ________)        
        / /_________  / /      \ \     | |     / /      \ \ | (_______          
       |  __________|| |        | |    | |    | |        | | \________ \        
        \ \_________ | |        | |    | |     \ \______/ /___________) |       
         \__________||_|        |_|    |_|      \________//____________/        
                                                                                
====================================[ Qcore ]===================================

 Git describe: 2.3.0
 Compiler:     GNU 9.1.0
 Build type:   Release
 Version:      2.3.0

 Start time:   Fri Oct 22 17:54:10 2021

 Data directory: /work/zw18965/.local/qcore/share/entos/qcore/data
 Number of threads: 24
 Number of threads was determined by: command line argument
  - More threads can be used by running 'qcore -n 32'

 --------------------------------------------------------------------------------
                                   command: dft                                  
 --------------------------------------------------------------------------------
 AO basis set:                           def2-tzvppd
 Number of AO basis functions:         324
 ECP on atom 1 (Au):                     60 electrons
 ECP on atom 2 (Au):                     60 electrons
 ECP on atom 3 (Au):                     60 electrons
 ECP on atom 4 (Au):                     60 electrons

 Formula:                                H3NAu4(2+)
 Nuclear charge:                       326.000000000
 Total charge:                           2.000000000
 Number of core electrons:             240
 Number of treated electrons:           84

 Number of alpha electrons:             42
 Number of beta electrons:              42
 Number of unpaired electrons:           0
 Spin:                                   0
 Multiplicity:                           singlet

 Theory:                                 dft
 Exchange-correlation functional:        b3lyp
 Method for Coulomb:                     incore_df
 Method for exact exchange:              pre_transformed_df
 Integral threshold:                     1.00e-12
 DF basis set:                           def2-universal-jkfit
 Number of DF basis functions:        1119
 Schwarz screening threshold:            1.00e-10
 Coulomb fitting method:                 Cholesky
 Total number of grid points:        60950
 Method for AO orthogonalization:        symmetric
 Threshold for linear dependence:        1.00e-08
 D3BJ dispersion energy:                -0.026730732

 -------------------------------------
  Running restricted closed-shell SCF 
 -------------------------------------
 Max number of iterations:             128
 Conv. threshold (gradient):             1.00e-05
 Conv. threshold (energy):               1.00e-06
 Interpolation scheme:                   adiis+cdiis
 Initial guess:                          SAD

 ---------------------------------------------------------------
                  energy        change          grad        time
 ---------------------------------------------------------------
   0      -599.971489682                    1.99e+01        0.16
   1      -598.813632136      1.16e+00      1.76e+00        0.12
   2      -598.704199299      1.09e-01      3.01e+00        0.10
   3      -598.890176615     -1.86e-01      2.55e-01        0.11
   4      -598.886660535      3.52e-03      3.83e-01        0.11
   5      -598.894777811     -8.12e-03      3.24e-02        0.11
   6      -598.894669203      1.09e-04      4.58e-02        0.11
   7      -598.894921745     -2.53e-04      1.30e-03        0.12
   8      -598.894921876     -1.31e-07      9.65e-04        0.11
   9      -598.894921936     -6.00e-08      1.32e-04        0.12
  10      -598.894921937     -8.83e-10      1.69e-05        0.14
  11      -598.894921937     -2.31e-11      7.16e-06        0.11

 SCF converged in 11 iterations.

 Dipole moment (in Debye):              -1.123503       6.419301      -0.000004

 Quadrupole moment (in Debye-Angstrom):
                  1            2            3
 1       -71.175436    -6.231716    -0.000009
 2        -6.231716   -36.629442     0.000001
 3        -0.000009     0.000001   -72.262159

 Spin-squared expectation <S^2>:         0.000
 Total spin quantum number S:            0.000
 TOTAL ENERGY:                        -598.894921937

 --------------------------------------------------------------------------------

 End time:                               Fri Oct 22 17:54:14 2021
 Total wall-clock time:                  3.342 seconds
==================================================================================
