
================================================================================
          _____________ ________ _______________ ________     _________         
         / ___________// ______ \\_____   _____// ______ \   / ________)        
        / /_________  / /      \ \     | |     / /      \ \ | (_______          
       |  __________|| |        | |    | |    | |        | | \________ \        
        \ \_________ | |        | |    | |     \ \______/ /___________) |       
         \__________||_|        |_|    |_|      \________//____________/        
                                                                                
====================================[ Qcore ]===================================

 Git describe: 2.3.0
 Compiler:     GNU 9.1.0
 Build type:   Release
 Version:      2.3.0

 Start time:   Fri Oct 22 17:54:14 2021

 Data directory: /work/zw18965/.local/qcore/share/entos/qcore/data
 Number of threads: 24
 Number of threads was determined by: command line argument
  - More threads can be used by running 'qcore -n 32'

 --------------------------------------------------------------------------------
                                   command: dft                                  
 --------------------------------------------------------------------------------
 AO basis set:                           def2-tzvppd
 Number of AO basis functions:         324
 ECP on atom 1 (Au):                     60 electrons
 ECP on atom 2 (Au):                     60 electrons
 ECP on atom 3 (Au):                     60 electrons
 ECP on atom 4 (Au):                     60 electrons

 Formula:                                H3NAu4(2+)
 Nuclear charge:                       326.000000000
 Total charge:                           2.000000000
 Number of core electrons:             240
 Number of treated electrons:           84

 Number of alpha electrons:             42
 Number of beta electrons:              42
 Number of unpaired electrons:           0
 Spin:                                   0
 Multiplicity:                           singlet

 Theory:                                 dft
 Exchange-correlation functional:        b3lyp
 Method for Coulomb:                     incore_df
 Method for exact exchange:              pre_transformed_df
 Integral threshold:                     1.00e-12
 DF basis set:                           def2-universal-jkfit
 Number of DF basis functions:        1119
 Schwarz screening threshold:            1.00e-10
 Coulomb fitting method:                 Cholesky
 Total number of grid points:        60950
 Method for AO orthogonalization:        symmetric
 Threshold for linear dependence:        1.00e-08
 D3BJ dispersion energy:                -0.028964846

 -------------------------------------
  Running restricted closed-shell SCF 
 -------------------------------------
 Max number of iterations:             128
 Conv. threshold (gradient):             1.00e-05
 Conv. threshold (energy):               1.00e-06
 Interpolation scheme:                   adiis+cdiis
 Initial guess:                          SAD

 ---------------------------------------------------------------
                  energy        change          grad        time
 ---------------------------------------------------------------
   0      -599.838044940                    1.66e+01        0.16
   1      -598.712012302      1.13e+00      1.94e+00        0.12
   2      -597.697712097      1.01e+00      4.10e+00        0.10
   3      -598.769901104     -1.07e+00      1.61e+00        0.11
   4      -598.820790578     -5.09e-02      4.40e-01        0.11
   5      -598.810533611      1.03e-02      6.34e-01        0.11
   6      -598.827510861     -1.70e-02      4.07e-01        0.11
   7      -598.825511686      2.00e-03      3.90e-01        0.13
   8      -598.830159496     -4.65e-03      1.07e-01        0.12
   9      -598.829270670      8.89e-04      1.58e-01        0.13
  10      -598.830672425     -1.40e-03      9.45e-02        0.15
  11      -598.830464837      2.08e-04      1.19e-01        0.14
  12      -598.830846822     -3.82e-04      1.31e-04        0.13
  13      -598.830846824     -1.61e-09      5.30e-05        0.12
  14      -598.830846824     -3.62e-10      2.96e-05        0.11
  15      -598.830846824     -5.43e-11      4.09e-06        0.12

 SCF converged in 15 iterations.

 Dipole moment (in Debye):              -0.000001      -0.000044      -4.643776

 Quadrupole moment (in Debye-Angstrom):
                  1            2            3
 1       -72.095184    -0.000002    -0.000001
 2        -0.000002   -72.095462     0.000086
 3        -0.000001     0.000086   -49.606774

 Spin-squared expectation <S^2>:         0.000
 Total spin quantum number S:            0.000
 TOTAL ENERGY:                        -598.830846824

 --------------------------------------------------------------------------------

 End time:                               Fri Oct 22 17:54:18 2021
 Total wall-clock time:                  3.879 seconds
==================================================================================
