
================================================================================
          _____________ ________ _______________ ________     _________         
         / ___________// ______ \\_____   _____// ______ \   / ________)        
        / /_________  / /      \ \     | |     / /      \ \ | (_______          
       |  __________|| |        | |    | |    | |        | | \________ \        
        \ \_________ | |        | |    | |     \ \______/ /___________) |       
         \__________||_|        |_|    |_|      \________//____________/        
                                                                                
====================================[ Qcore ]===================================

 Git describe: 2.3.0
 Compiler:     GNU 9.1.0
 Build type:   Release
 Version:      2.3.0

 Start time:   Fri Oct 22 17:54:02 2021

 Data directory: /work/zw18965/.local/qcore/share/entos/qcore/data
 Number of threads: 24
 Number of threads was determined by: command line argument
  - More threads can be used by running 'qcore -n 32'

 --------------------------------------------------------------------------------
                                   command: dft                                  
 --------------------------------------------------------------------------------
 AO basis set:                           def2-tzvppd
 Number of AO basis functions:         253
 ECP on atom 1 (Au):                     60 electrons
 ECP on atom 2 (Au):                     60 electrons
 ECP on atom 3 (Au):                     60 electrons
 ECP on atom 4 (Au):                     60 electrons

 Formula:                                HAu4(2+)
 Nuclear charge:                       317.000000000
 Total charge:                           2.000000000
 Number of core electrons:             240
 Number of treated electrons:           75

 Number of alpha electrons:             38
 Number of beta electrons:              37
 Number of unpaired electrons:           1
 Spin:                                   1
 Multiplicity:                           doublet

 Theory:                                 dft
 Exchange-correlation functional:        b3lyp
 Method for Coulomb:                     incore_df
 Method for exact exchange:              pre_transformed_df
 Integral threshold:                     1.00e-12
 DF basis set:                           def2-universal-jkfit
 Number of DF basis functions:        1006
 Schwarz screening threshold:            1.00e-10
 Coulomb fitting method:                 Cholesky
 Total number of grid points:        42370
 Method for AO orthogonalization:        symmetric
 Threshold for linear dependence:        1.00e-08
 D3BJ dispersion energy:                -0.022920864

 -------------------------------------
  Running unrestricted open-shell SCF 
 -------------------------------------
 Max number of iterations:             128
 Conv. threshold (gradient):             1.00e-05
 Conv. threshold (energy):               1.00e-06
 Interpolation scheme:                   adiis+cdiis
 Initial guess:                          SAD

 ---------------------------------------------------------------
                  energy        change          grad        time
 ---------------------------------------------------------------
   0      -543.878562580                    8.93e+00        0.16
   1      -542.700762860      1.18e+00      4.00e-01        0.11
   2      -542.667421535      3.33e-02      5.49e-01        0.11
   3      -542.785006100     -1.18e-01      7.39e-02        0.11
   4      -542.780695714      4.31e-03      1.44e-01        0.11
   5      -542.786870195     -6.17e-03      1.50e-02        0.11
   6      -542.786943462     -7.33e-05      6.04e-03        0.12
   7      -542.786954139     -1.07e-05      2.32e-03        0.11
   8      -542.786955602     -1.46e-06      1.28e-03        0.13
   9      -542.786955930     -3.28e-07      3.63e-04        0.11
  10      -542.786955974     -4.37e-08      9.38e-05        0.12
  11      -542.786955979     -4.76e-09      3.11e-05        0.11
  12      -542.786955979     -7.41e-10      1.48e-05        0.11
  13      -542.786955979     -1.19e-10      7.16e-06        0.11

 SCF converged in 13 iterations.

 Dipole moment (in Debye):              -0.000017      -0.000017       0.737779

 Quadrupole moment (in Debye-Angstrom):
                  1            2            3
 1       -66.827060    -0.000000     0.000013
 2        -0.000000   -63.765969    -0.000011
 3         0.000013    -0.000011   -64.868852

 Spin-squared expectation <S^2>:         0.757
 Total spin quantum number S:            0.503
 TOTAL ENERGY:                        -542.786955979

 --------------------------------------------------------------------------------

 End time:                               Fri Oct 22 17:54:05 2021
 Total wall-clock time:                  3.116 seconds
==================================================================================
