
================================================================================
          _____________ ________ _______________ ________     _________         
         / ___________// ______ \\_____   _____// ______ \   / ________)        
        / /_________  / /      \ \     | |     / /      \ \ | (_______          
       |  __________|| |        | |    | |    | |        | | \________ \        
        \ \_________ | |        | |    | |     \ \______/ /___________) |       
         \__________||_|        |_|    |_|      \________//____________/        
                                                                                
====================================[ Qcore ]===================================

 Git describe: 2.3.0
 Compiler:     GNU 9.1.0
 Build type:   Release
 Version:      2.3.0

 Start time:   Fri Oct 22 17:54:18 2021

 Data directory: /work/zw18965/.local/qcore/share/entos/qcore/data
 Number of threads: 24
 Number of threads was determined by: command line argument
  - More threads can be used by running 'qcore -n 32'

 --------------------------------------------------------------------------------
                                   command: dft                                  
 --------------------------------------------------------------------------------
 AO basis set:                           def2-tzvppd
 Number of AO basis functions:         236
 ECP on atom 1 (Au):                     60 electrons
 ECP on atom 2 (Au):                     60 electrons
 ECP on atom 3 (Au):                     60 electrons
 ECP on atom 4 (Au):                     60 electrons

 Formula:                                Au4
 Nuclear charge:                       316.000000000
 Total charge:                           0.000000000
 Number of core electrons:             240
 Number of treated electrons:           76

 Number of alpha electrons:             38
 Number of beta electrons:              38
 Number of unpaired electrons:           0
 Spin:                                   0
 Multiplicity:                           singlet

 Theory:                                 dft
 Exchange-correlation functional:        b3lyp
 Method for Coulomb:                     incore_df
 Method for exact exchange:              pre_transformed_df
 Integral threshold:                     1.00e-12
 DF basis set:                           def2-universal-jkfit
 Number of DF basis functions:         988
 Schwarz screening threshold:            1.00e-10
 Coulomb fitting method:                 Cholesky
 Total number of grid points:        36480
 Method for AO orthogonalization:        symmetric
 Threshold for linear dependence:        1.00e-08
 D3BJ dispersion energy:                -0.018564959

 -------------------------------------
  Running restricted closed-shell SCF 
 -------------------------------------
 Max number of iterations:             128
 Conv. threshold (gradient):             1.00e-05
 Conv. threshold (energy):               1.00e-06
 Interpolation scheme:                   adiis+cdiis
 Initial guess:                          SAD

 ---------------------------------------------------------------
                  energy        change          grad        time
 ---------------------------------------------------------------
   0      -543.242319427                    1.38e+01        0.08
   1      -542.942246856      3.00e-01      4.02e-01        0.07
   2      -542.927719341      1.45e-02      5.71e-01        0.06
   3      -542.958465813     -3.07e-02      7.01e-02        0.05
   4      -542.957468813      9.97e-04      1.22e-01        0.05
   5      -542.959254656     -1.79e-03      1.27e-02        0.05
   6      -542.959276900     -2.22e-05      2.88e-03        0.05
   7      -542.959278415     -1.52e-06      8.79e-04        0.06
   8      -542.959278555     -1.40e-07      1.97e-04        0.06
   9      -542.959278560     -4.72e-09      9.67e-05        0.05
  10      -542.959278560     -3.11e-10      1.05e-04        0.06
  11      -542.959278562     -1.11e-09      9.35e-06        0.06

 SCF converged in 11 iterations.

 Dipole moment (in Debye):               0.000861       0.000027      -0.000005

 Quadrupole moment (in Debye-Angstrom):
                  1            2            3
 1       -86.496209     0.068913     2.213420
 2         0.068913   -93.674996     0.017239
 3         2.213420     0.017239   -91.909184

 Spin-squared expectation <S^2>:         0.000
 Total spin quantum number S:            0.000
 TOTAL ENERGY:                        -542.959278562

 --------------------------------------------------------------------------------

 End time:                               Fri Oct 22 17:54:20 2021
 Total wall-clock time:                  1.978 seconds
==================================================================================
