
================================================================================
          _____________ ________ _______________ ________     _________         
         / ___________// ______ \\_____   _____// ______ \   / ________)        
        / /_________  / /      \ \     | |     / /      \ \ | (_______          
       |  __________|| |        | |    | |    | |        | | \________ \        
        \ \_________ | |        | |    | |     \ \______/ /___________) |       
         \__________||_|        |_|    |_|      \________//____________/        
                                                                                
====================================[ Qcore ]===================================

 Git describe: 2.3.0
 Compiler:     GNU 9.1.0
 Build type:   Release
 Version:      2.3.0

 Start time:   Fri Oct 22 17:54:21 2021

 Data directory: /work/zw18965/.local/qcore/share/entos/qcore/data
 Number of threads: 24
 Number of threads was determined by: command line argument
  - More threads can be used by running 'qcore -n 32'

 --------------------------------------------------------------------------------
                                   command: dft                                  
 --------------------------------------------------------------------------------
 AO basis set:                           def2-tzvppd
 Number of AO basis functions:          84

 Formula:                                HCu
 Nuclear charge:                        30.000000000
 Total charge:                           0.000000000
 Number of electrons:                   30.000000000

 Number of alpha electrons:             15
 Number of beta electrons:              15
 Number of unpaired electrons:           0
 Spin:                                   0
 Multiplicity:                           singlet

 Theory:                                 dft
 Exchange-correlation functional:        b3lyp
 Method for Coulomb:                     incore_df
 Method for exact exchange:              pre_transformed_df
 Integral threshold:                     1.00e-12
 DF basis set:                           def2-universal-jkfit
 Number of DF basis functions:         282
 Schwarz screening threshold:            1.00e-10
 Coulomb fitting method:                 Cholesky
 Total number of grid points:        13826
 Method for AO orthogonalization:        symmetric
 Threshold for linear dependence:        1.00e-08
 D3BJ dispersion energy:                -0.000627159

 -------------------------------------
  Running restricted closed-shell SCF 
 -------------------------------------
 Max number of iterations:             128
 Conv. threshold (gradient):             1.00e-05
 Conv. threshold (energy):               1.00e-06
 Interpolation scheme:                   adiis+cdiis
 Initial guess:                          SAD

 ---------------------------------------------------------------
                  energy        change          grad        time
 ---------------------------------------------------------------
   0     -1641.014885819                    3.14e+00        0.01
   1     -1640.996787309      1.81e-02      5.08e-01        0.01
   2     -1640.929428445      6.74e-02      1.11e+00        0.01
   3     -1641.022647690     -9.32e-02      1.55e-01        0.01
   4     -1641.022331268      3.16e-04      1.81e-01        0.01
   5     -1641.026016758     -3.69e-03      9.39e-02        0.01
   6     -1641.021125209      4.89e-03      2.76e-01        0.01
   7     -1641.026626525     -5.50e-03      8.96e-04        0.01
   8     -1641.026626721     -1.97e-07      4.65e-04        0.01
   9     -1641.026626745     -2.39e-08      8.08e-05        0.01
  10     -1641.026626746     -4.92e-10      1.00e-05        0.01
  11     -1641.026626746     -7.96e-12      7.86e-07        0.01

 SCF converged in 11 iterations.

 Dipole moment (in Debye):              -0.000003      -0.000003       2.621355

 Quadrupole moment (in Debye-Angstrom):
                  1            2            3
 1       -14.813650     0.000001    -0.000002
 2         0.000001   -14.813650    -0.000002
 3        -0.000002    -0.000002   -14.934543

 Spin-squared expectation <S^2>:         0.000
 Total spin quantum number S:            0.000
 TOTAL ENERGY:                       -1641.026626746

 --------------------------------------------------------------------------------

 End time:                               Fri Oct 22 17:54:21 2021
 Total wall-clock time:                  0.583 seconds
==================================================================================
