
================================================================================
          _____________ ________ _______________ ________     _________         
         / ___________// ______ \\_____   _____// ______ \   / ________)        
        / /_________  / /      \ \     | |     / /      \ \ | (_______          
       |  __________|| |        | |    | |    | |        | | \________ \        
        \ \_________ | |        | |    | |     \ \______/ /___________) |       
         \__________||_|        |_|    |_|      \________//____________/        
                                                                                
====================================[ Qcore ]===================================

 Git describe: 2.3.0
 Compiler:     GNU 9.1.0
 Build type:   Release
 Version:      2.3.0

 Start time:   Fri Oct 22 17:54:20 2021

 Data directory: /work/zw18965/.local/qcore/share/entos/qcore/data
 Number of threads: 24
 Number of threads was determined by: command line argument
  - More threads can be used by running 'qcore -n 32'

 --------------------------------------------------------------------------------
                                   command: dft                                  
 --------------------------------------------------------------------------------
 AO basis set:                           def2-tzvppd
 Number of AO basis functions:         107

 Formula:                                FCu
 Nuclear charge:                        38.000000000
 Total charge:                           0.000000000
 Number of electrons:                   38.000000000

 Number of alpha electrons:             19
 Number of beta electrons:              19
 Number of unpaired electrons:           0
 Spin:                                   0
 Multiplicity:                           singlet

 Theory:                                 dft
 Exchange-correlation functional:        b3lyp
 Method for Coulomb:                     incore_df
 Method for exact exchange:              pre_transformed_df
 Integral threshold:                     1.00e-12
 DF basis set:                           def2-universal-jkfit
 Number of DF basis functions:         341
 Schwarz screening threshold:            1.00e-10
 Coulomb fitting method:                 Cholesky
 Total number of grid points:        14748
 Method for AO orthogonalization:        symmetric
 Threshold for linear dependence:        1.00e-08
 D3BJ dispersion energy:                -0.000729788

 -------------------------------------
  Running restricted closed-shell SCF 
 -------------------------------------
 Max number of iterations:             128
 Conv. threshold (gradient):             1.00e-05
 Conv. threshold (energy):               1.00e-06
 Interpolation scheme:                   adiis+cdiis
 Initial guess:                          SAD

 ---------------------------------------------------------------
                  energy        change          grad        time
 ---------------------------------------------------------------
   0     -1740.282005678                    2.67e+00        0.01
   1     -1740.201241821      8.08e-02      1.20e+00        0.01
   2     -1737.959031373      2.24e+00      4.69e+00        0.01
   3     -1740.100763878     -2.14e+00      1.86e+00        0.01
   4     -1740.310835474     -2.10e-01      1.19e-01        0.01
   5     -1740.303625444      7.21e-03      2.44e-01        0.01
   6     -1740.311732003     -8.11e-03      9.09e-02        0.01
   7     -1740.312304304     -5.72e-04      4.36e-02        0.01
   8     -1740.312423304     -1.19e-04      3.22e-03        0.01
   9     -1740.312424724     -1.42e-06      3.15e-04        0.01
  10     -1740.312424780     -5.59e-08      2.12e-04        0.01
  11     -1740.312424785     -5.30e-09      2.35e-05        0.01
  12     -1740.312424785     -7.48e-11      2.10e-06        0.01

 SCF converged in 12 iterations.

 Dipole moment (in Debye):              -0.000005      -0.000005       5.036473

 Quadrupole moment (in Debye-Angstrom):
                  1            2            3
 1       -17.325831     0.000001    -0.000003
 2         0.000001   -17.325831    -0.000003
 3        -0.000003    -0.000003   -19.216887

 Spin-squared expectation <S^2>:         0.000
 Total spin quantum number S:            0.000
 TOTAL ENERGY:                       -1740.312424785

 --------------------------------------------------------------------------------

 End time:                               Fri Oct 22 17:54:21 2021
 Total wall-clock time:                  0.728 seconds
==================================================================================
