
================================================================================
          _____________ ________ _______________ ________     _________         
         / ___________// ______ \\_____   _____// ______ \   / ________)        
        / /_________  / /      \ \     | |     / /      \ \ | (_______          
       |  __________|| |        | |    | |    | |        | | \________ \        
        \ \_________ | |        | |    | |     \ \______/ /___________) |       
         \__________||_|        |_|    |_|      \________//____________/        
                                                                                
====================================[ Qcore ]===================================

 Git describe: 2.3.0
 Compiler:     GNU 9.1.0
 Build type:   Release
 Version:      2.3.0

 Start time:   Fri Oct 22 17:54:22 2021

 Data directory: /work/zw18965/.local/qcore/share/entos/qcore/data
 Number of threads: 24
 Number of threads was determined by: command line argument
  - More threads can be used by running 'qcore -n 32'

 --------------------------------------------------------------------------------
                                   command: dft                                  
 --------------------------------------------------------------------------------
 AO basis set:                           def2-tzvppd
 Number of AO basis functions:         134

 Formula:                                Cu2
 Nuclear charge:                        58.000000000
 Total charge:                           0.000000000
 Number of electrons:                   58.000000000

 Number of alpha electrons:             29
 Number of beta electrons:              29
 Number of unpaired electrons:           0
 Spin:                                   0
 Multiplicity:                           singlet

 Theory:                                 dft
 Exchange-correlation functional:        b3lyp
 Method for Coulomb:                     incore_df
 Method for exact exchange:              pre_transformed_df
 Integral threshold:                     1.00e-12
 DF basis set:                           def2-universal-jkfit
 Number of DF basis functions:         528
 Schwarz screening threshold:            1.00e-10
 Coulomb fitting method:                 Cholesky
 Total number of grid points:        15872
 Method for AO orthogonalization:        symmetric
 Threshold for linear dependence:        1.00e-08
 D3BJ dispersion energy:                -0.002329930

 -------------------------------------
  Running restricted closed-shell SCF 
 -------------------------------------
 Max number of iterations:             128
 Conv. threshold (gradient):             1.00e-05
 Conv. threshold (energy):               1.00e-06
 Interpolation scheme:                   adiis+cdiis
 Initial guess:                          SAD

 ---------------------------------------------------------------
                  energy        change          grad        time
 ---------------------------------------------------------------
   0     -3281.003791512                    3.25e+00        0.02
   1     -3280.915189504      8.86e-02      1.92e-01        0.01
   2     -3280.910765053      4.42e-03      2.85e-01        0.01
   3     -3280.920744537     -9.98e-03      1.11e-01        0.01
   4     -3280.916198931      4.55e-03      1.88e-01        0.01
   5     -3280.922832405     -6.63e-03      3.74e-02        0.01
   6     -3280.922731603      1.01e-04      4.20e-02        0.01
   7     -3280.923103810     -3.72e-04      3.28e-04        0.01
   8     -3280.923103849     -3.85e-08      7.94e-05        0.02
   9     -3280.923103850     -1.30e-09      4.90e-06        0.01

 SCF converged in 9 iterations.

 Dipole moment (in Debye):              -0.000003      -0.000003      -0.000021

 Quadrupole moment (in Debye-Angstrom):
                  1            2            3
 1       -27.884463     0.000001     0.000001
 2         0.000001   -27.884463     0.000001
 3         0.000001     0.000001   -21.064384

 Spin-squared expectation <S^2>:         0.000
 Total spin quantum number S:            0.000
 TOTAL ENERGY:                       -3280.923103850

 --------------------------------------------------------------------------------

 End time:                               Fri Oct 22 17:54:23 2021
 Total wall-clock time:                  0.714 seconds
==================================================================================
