
================================================================================
          _____________ ________ _______________ ________     _________         
         / ___________// ______ \\_____   _____// ______ \   / ________)        
        / /_________  / /      \ \     | |     / /      \ \ | (_______          
       |  __________|| |        | |    | |    | |        | | \________ \        
        \ \_________ | |        | |    | |     \ \______/ /___________) |       
         \__________||_|        |_|    |_|      \________//____________/        
                                                                                
====================================[ Qcore ]===================================

 Git describe: 2.3.0
 Compiler:     GNU 9.1.0
 Build type:   Release
 Version:      2.3.0

 Start time:   Fri Oct 22 17:54:24 2021

 Data directory: /work/zw18965/.local/qcore/share/entos/qcore/data
 Number of threads: 24
 Number of threads was determined by: command line argument
  - More threads can be used by running 'qcore -n 32'

 --------------------------------------------------------------------------------
                                   command: dft                                  
 --------------------------------------------------------------------------------
 AO basis set:                           def2-tzvppd
 Number of AO basis functions:         201

 Formula:                                Cu3+
 Nuclear charge:                        87.000000000
 Total charge:                           1.000000000
 Number of electrons:                   86.000000000

 Number of alpha electrons:             43
 Number of beta electrons:              43
 Number of unpaired electrons:           0
 Spin:                                   0
 Multiplicity:                           singlet

 Theory:                                 dft
 Exchange-correlation functional:        b3lyp
 Method for Coulomb:                     incore_df
 Method for exact exchange:              pre_transformed_df
 Integral threshold:                     1.00e-12
 DF basis set:                           def2-universal-jkfit
 Number of DF basis functions:         792
 Schwarz screening threshold:            1.00e-10
 Coulomb fitting method:                 Cholesky
 Total number of grid points:        23808
 Method for AO orthogonalization:        symmetric
 Threshold for linear dependence:        1.00e-08
 D3BJ dispersion energy:                -0.005398303

 -------------------------------------
  Running restricted closed-shell SCF 
 -------------------------------------
 Max number of iterations:             128
 Conv. threshold (gradient):             1.00e-05
 Conv. threshold (energy):               1.00e-06
 Interpolation scheme:                   adiis+cdiis
 Initial guess:                          SAD

 ---------------------------------------------------------------
                  energy        change          grad        time
 ---------------------------------------------------------------
   0     -4921.513107381                    4.58e+00        0.04
   1     -4921.103530028      4.10e-01      2.62e-01        0.03
   2     -4921.050841565      5.27e-02      5.32e-01        0.03
   3     -4921.117743439     -6.69e-02      1.13e-01        0.03
   4     -4921.112975836      4.77e-03      2.03e-01        0.03
   5     -4921.120147364     -7.17e-03      3.11e-02        0.03
   6     -4921.119850198      2.97e-04      5.62e-02        0.03
   7     -4921.120372791     -5.23e-04      3.32e-03        0.03
   8     -4921.120373786     -9.95e-07      2.45e-04        0.03
   9     -4921.120373796     -1.02e-08      7.14e-05        0.03
  10     -4921.120373797     -6.18e-10      2.05e-05        0.03
  11     -4921.120373797     -6.37e-12      2.13e-05        0.03
  12     -4921.120373797     -7.64e-11      1.48e-06        0.03

 SCF converged in 12 iterations.

 Dipole moment (in Debye):              -0.000007      -0.000007       0.000007

 Quadrupole moment (in Debye-Angstrom):
                  1            2            3
 1       -35.390135     0.000003    -0.000001
 2         0.000003   -35.390135    -0.000001
 3        -0.000001    -0.000001     1.989571

 Spin-squared expectation <S^2>:         0.000
 Total spin quantum number S:            0.000
 TOTAL ENERGY:                       -4921.120373797

 --------------------------------------------------------------------------------

 End time:                               Fri Oct 22 17:54:25 2021
 Total wall-clock time:                  1.190 seconds
==================================================================================
