
================================================================================
          _____________ ________ _______________ ________     _________         
         / ___________// ______ \\_____   _____// ______ \   / ________)        
        / /_________  / /      \ \     | |     / /      \ \ | (_______          
       |  __________|| |        | |    | |    | |        | | \________ \        
        \ \_________ | |        | |    | |     \ \______/ /___________) |       
         \__________||_|        |_|    |_|      \________//____________/        
                                                                                
====================================[ Qcore ]===================================

 Git describe: 2.3.0
 Compiler:     GNU 9.1.0
 Build type:   Release
 Version:      2.3.0

 Start time:   Fri Oct 22 17:54:23 2021

 Data directory: /work/zw18965/.local/qcore/share/entos/qcore/data
 Number of threads: 24
 Number of threads was determined by: command line argument
  - More threads can be used by running 'qcore -n 32'

 --------------------------------------------------------------------------------
                                   command: dft                                  
 --------------------------------------------------------------------------------
 AO basis set:                           def2-tzvppd
 Number of AO basis functions:         201

 Formula:                                Cu3+
 Nuclear charge:                        87.000000000
 Total charge:                           1.000000000
 Number of electrons:                   86.000000000

 Number of alpha electrons:             43
 Number of beta electrons:              43
 Number of unpaired electrons:           0
 Spin:                                   0
 Multiplicity:                           singlet

 Theory:                                 dft
 Exchange-correlation functional:        b3lyp
 Method for Coulomb:                     incore_df
 Method for exact exchange:              pre_transformed_df
 Integral threshold:                     1.00e-12
 DF basis set:                           def2-universal-jkfit
 Number of DF basis functions:         792
 Schwarz screening threshold:            1.00e-10
 Coulomb fitting method:                 Cholesky
 Total number of grid points:        23808
 Method for AO orthogonalization:        symmetric
 Threshold for linear dependence:        1.00e-08
 D3BJ dispersion energy:                -0.006847407

 -------------------------------------
  Running restricted closed-shell SCF 
 -------------------------------------
 Max number of iterations:             128
 Conv. threshold (gradient):             1.00e-05
 Conv. threshold (energy):               1.00e-06
 Interpolation scheme:                   adiis+cdiis
 Initial guess:                          SAD

 ---------------------------------------------------------------
                  energy        change          grad        time
 ---------------------------------------------------------------
   0     -4921.649661969                    6.83e+00        0.04
   1     -4921.149146660      5.01e-01      4.08e-01        0.04
   2     -4921.050961501      9.82e-02      7.69e-01        0.03
   3     -4921.166966960     -1.16e-01      2.12e-01        0.03
   4     -4921.168341716     -1.37e-03      1.74e-01        0.03
   5     -4921.173735040     -5.39e-03      3.44e-02        0.04
   6     -4921.173087723      6.47e-04      6.98e-02        0.04
   7     -4921.173889547     -8.02e-04      1.91e-04        0.04
   8     -4921.173889556     -9.44e-09      9.12e-05        0.04
   9     -4921.173889557     -5.68e-10      7.60e-05        0.04
  10     -4921.173889557     -5.28e-10      6.20e-06        0.04

 SCF converged in 10 iterations.

 Dipole moment (in Debye):              -0.000001       0.000172      -0.000007

 Quadrupole moment (in Debye-Angstrom):
                  1            2            3
 1       -23.800436    -0.000002     0.000000
 2        -0.000002   -23.800150     0.000002
 3         0.000000     0.000002   -35.429376

 Spin-squared expectation <S^2>:         0.000
 Total spin quantum number S:            0.000
 TOTAL ENERGY:                       -4921.173889557

 --------------------------------------------------------------------------------

 End time:                               Fri Oct 22 17:54:24 2021
 Total wall-clock time:                  1.227 seconds
==================================================================================
