
================================================================================
          _____________ ________ _______________ ________     _________         
         / ___________// ______ \\_____   _____// ______ \   / ________)        
        / /_________  / /      \ \     | |     / /      \ \ | (_______          
       |  __________|| |        | |    | |    | |        | | \________ \        
        \ \_________ | |        | |    | |     \ \______/ /___________) |       
         \__________||_|        |_|    |_|      \________//____________/        
                                                                                
====================================[ Qcore ]===================================

 Git describe: 2.3.0
 Compiler:     GNU 9.1.0
 Build type:   Release
 Version:      2.3.0

 Start time:   Fri Oct 22 17:54:25 2021

 Data directory: /work/zw18965/.local/qcore/share/entos/qcore/data
 Number of threads: 24
 Number of threads was determined by: command line argument
  - More threads can be used by running 'qcore -n 32'

 --------------------------------------------------------------------------------
                                   command: dft                                  
 --------------------------------------------------------------------------------
 AO basis set:                           def2-tzvppd
 Number of AO basis functions:         201

 Formula:                                Cu3
 Nuclear charge:                        87.000000000
 Total charge:                           0.000000000
 Number of electrons:                   87.000000000

 Number of alpha electrons:             44
 Number of beta electrons:              43
 Number of unpaired electrons:           1
 Spin:                                   1
 Multiplicity:                           doublet

 Theory:                                 dft
 Exchange-correlation functional:        b3lyp
 Method for Coulomb:                     incore_df
 Method for exact exchange:              pre_transformed_df
 Integral threshold:                     1.00e-12
 DF basis set:                           def2-universal-jkfit
 Number of DF basis functions:         792
 Schwarz screening threshold:            1.00e-10
 Coulomb fitting method:                 Cholesky
 Total number of grid points:        23808
 Method for AO orthogonalization:        symmetric
 Threshold for linear dependence:        1.00e-08
 D3BJ dispersion energy:                -0.006848549

 -------------------------------------
  Running unrestricted open-shell SCF 
 -------------------------------------
 Max number of iterations:             128
 Conv. threshold (gradient):             1.00e-05
 Conv. threshold (energy):               1.00e-06
 Interpolation scheme:                   adiis+cdiis
 Initial guess:                          SAD

 ---------------------------------------------------------------
                  energy        change          grad        time
 ---------------------------------------------------------------
   0     -4921.653559375                    3.44e+00        0.07
   1     -4921.367064538      2.86e-01      1.98e-01        0.06
   2     -4921.321691749      4.54e-02      3.36e-01        0.06
   3     -4921.381830812     -6.01e-02      6.70e-02        0.05
   4     -4921.381664847      1.66e-04      8.83e-02        0.06
   5     -4921.384125680     -2.46e-03      1.44e-02        0.06
   6     -4921.384187666     -6.20e-05      4.27e-03        0.05
   7     -4921.384197357     -9.69e-06      2.57e-03        0.06
   8     -4921.384199359     -2.00e-06      9.26e-04        0.06
   9     -4921.384199655     -2.97e-07      5.03e-04        0.06
  10     -4921.384199729     -7.33e-08      3.02e-04        0.06
  11     -4921.384199765     -3.68e-08      8.80e-05        0.05
  12     -4921.384199772     -6.28e-09      2.97e-05        0.06
  13     -4921.384199772     -3.14e-10      1.31e-05        0.06
  14     -4921.384199772     -1.02e-10      3.27e-06        0.06

 SCF converged in 14 iterations.

 Dipole moment (in Debye):              -0.003275      -0.794365      -0.000004

 Quadrupole moment (in Debye-Angstrom):
                  1            2            3
 1       -34.243103     0.019196    -0.000000
 2         0.019196   -45.181421     0.000004
 3        -0.000000     0.000004   -41.421654

 Spin-squared expectation <S^2>:         0.758
 Total spin quantum number S:            0.504
 TOTAL ENERGY:                       -4921.384199772

 --------------------------------------------------------------------------------

 End time:                               Fri Oct 22 17:54:27 2021
 Total wall-clock time:                  1.677 seconds
==================================================================================
