
================================================================================
          _____________ ________ _______________ ________     _________         
         / ___________// ______ \\_____   _____// ______ \   / ________)        
        / /_________  / /      \ \     | |     / /      \ \ | (_______          
       |  __________|| |        | |    | |    | |        | | \________ \        
        \ \_________ | |        | |    | |     \ \______/ /___________) |       
         \__________||_|        |_|    |_|      \________//____________/        
                                                                                
====================================[ Qcore ]===================================

 Git describe: 2.3.0
 Compiler:     GNU 9.1.0
 Build type:   Release
 Version:      2.3.0

 Start time:   Fri Oct 22 17:54:27 2021

 Data directory: /work/zw18965/.local/qcore/share/entos/qcore/data
 Number of threads: 24
 Number of threads was determined by: command line argument
  - More threads can be used by running 'qcore -n 32'

 --------------------------------------------------------------------------------
                                   command: dft                                  
 --------------------------------------------------------------------------------
 AO basis set:                           def2-tzvppd
 Number of AO basis functions:         201

 Formula:                                Cu3
 Nuclear charge:                        87.000000000
 Total charge:                           0.000000000
 Number of electrons:                   87.000000000

 Number of alpha electrons:             44
 Number of beta electrons:              43
 Number of unpaired electrons:           1
 Spin:                                   1
 Multiplicity:                           doublet

 Theory:                                 dft
 Exchange-correlation functional:        b3lyp
 Method for Coulomb:                     incore_df
 Method for exact exchange:              pre_transformed_df
 Integral threshold:                     1.00e-12
 DF basis set:                           def2-universal-jkfit
 Number of DF basis functions:         792
 Schwarz screening threshold:            1.00e-10
 Coulomb fitting method:                 Cholesky
 Total number of grid points:        23808
 Method for AO orthogonalization:        symmetric
 Threshold for linear dependence:        1.00e-08
 D3BJ dispersion energy:                -0.005473285

 -------------------------------------
  Running unrestricted open-shell SCF 
 -------------------------------------
 Max number of iterations:             128
 Conv. threshold (gradient):             1.00e-05
 Conv. threshold (energy):               1.00e-06
 Interpolation scheme:                   adiis+cdiis
 Initial guess:                          SAD

 ---------------------------------------------------------------
                  energy        change          grad        time
 ---------------------------------------------------------------
   0     -4921.543497509                    2.47e+00        0.07
   1     -4921.372513063      1.71e-01      1.10e-01        0.06
   2     -4921.351017674      2.15e-02      2.08e-01        0.05
   3     -4921.381626780     -3.06e-02      3.38e-02        0.05
   4     -4921.381339182      2.88e-04      4.14e-02        0.05
   5     -4921.383046452     -1.71e-03      2.09e-03        0.06
   6     -4921.383051128     -4.68e-06      1.18e-03        0.05
   7     -4921.383051595     -4.66e-07      8.27e-04        0.05
   8     -4921.383051831     -2.36e-07      6.29e-05        0.05
   9     -4921.383051835     -4.24e-09      2.52e-05        0.07
  10     -4921.383051836     -6.13e-10      5.16e-06        0.06

 SCF converged in 10 iterations.

 Dipole moment (in Debye):              -0.000005      -0.000005       0.000000

 Quadrupole moment (in Debye-Angstrom):
                  1            2            3
 1       -41.389838     0.000002     0.000001
 2         0.000002   -41.389838     0.000001
 3         0.000001     0.000001   -31.430636

 Spin-squared expectation <S^2>:         0.759
 Total spin quantum number S:            0.505
 TOTAL ENERGY:                       -4921.383051836

 --------------------------------------------------------------------------------

 End time:                               Fri Oct 22 17:54:28 2021
 Total wall-clock time:                  1.442 seconds
==================================================================================
