
================================================================================
          _____________ ________ _______________ ________     _________         
         / ___________// ______ \\_____   _____// ______ \   / ________)        
        / /_________  / /      \ \     | |     / /      \ \ | (_______          
       |  __________|| |        | |    | |    | |        | | \________ \        
        \ \_________ | |        | |    | |     \ \______/ /___________) |       
         \__________||_|        |_|    |_|      \________//____________/        
                                                                                
====================================[ Qcore ]===================================

 Git describe: 2.3.0
 Compiler:     GNU 9.1.0
 Build type:   Release
 Version:      2.3.0

 Start time:   Fri Oct 22 17:54:40 2021

 Data directory: /work/zw18965/.local/qcore/share/entos/qcore/data
 Number of threads: 24
 Number of threads was determined by: command line argument
  - More threads can be used by running 'qcore -n 32'

 --------------------------------------------------------------------------------
                                   command: dft                                  
 --------------------------------------------------------------------------------
 AO basis set:                           def2-tzvppd
 Number of AO basis functions:         268

 Formula:                                Cu4(2+)
 Nuclear charge:                       116.000000000
 Total charge:                           2.000000000
 Number of electrons:                  114.000000000

 Number of alpha electrons:             57
 Number of beta electrons:              57
 Number of unpaired electrons:           0
 Spin:                                   0
 Multiplicity:                           singlet

 Theory:                                 dft
 Exchange-correlation functional:        b3lyp
 Method for Coulomb:                     incore_df
 Method for exact exchange:              pre_transformed_df
 Integral threshold:                     1.00e-12
 DF basis set:                           def2-universal-jkfit
 Number of DF basis functions:        1056
 Schwarz screening threshold:            1.00e-10
 Coulomb fitting method:                 Cholesky
 Total number of grid points:        31744
 Method for AO orthogonalization:        symmetric
 Threshold for linear dependence:        1.00e-08
 D3BJ dispersion energy:                -0.013636706

 -------------------------------------
  Running restricted closed-shell SCF 
 -------------------------------------
 Max number of iterations:             128
 Conv. threshold (gradient):             1.00e-05
 Conv. threshold (energy):               1.00e-06
 Interpolation scheme:                   adiis+cdiis
 Initial guess:                          SAD

 ---------------------------------------------------------------
                  energy        change          grad        time
 ---------------------------------------------------------------
   0     -6562.319497307                    9.98e+00        0.08
   1     -6561.170835838      1.15e+00      5.68e-01        0.08
   2     -6560.888375927      2.82e-01      1.22e+00        0.07
   3     -6561.217607221     -3.29e-01      3.29e-01        0.07
   4     -6561.228096217     -1.05e-02      2.61e-01        0.08
   5     -6561.239992193     -1.19e-02      5.21e-02        0.07
   6     -6561.238546882      1.45e-03      1.02e-01        0.07
   7     -6561.240474618     -1.93e-03      8.55e-04        0.07
   8     -6561.240474697     -7.99e-08      2.98e-04        0.07
   9     -6561.240474703     -5.40e-09      1.08e-04        0.07
  10     -6561.240474704     -7.24e-10      6.36e-06        0.07

 SCF converged in 10 iterations.

 Dipole moment (in Debye):              -0.000004      -0.000072      -0.000041

 Quadrupole moment (in Debye-Angstrom):
                  1            2            3
 1       -29.120092    -0.000019    -0.000006
 2        -0.000019   -29.120786    -0.000031
 3        -0.000006    -0.000031   -29.120222

 Spin-squared expectation <S^2>:         0.000
 Total spin quantum number S:            0.000
 TOTAL ENERGY:                       -6561.240474704

 --------------------------------------------------------------------------------

 End time:                               Fri Oct 22 17:54:42 2021
 Total wall-clock time:                  1.990 seconds
==================================================================================
