
================================================================================
          _____________ ________ _______________ ________     _________         
         / ___________// ______ \\_____   _____// ______ \   / ________)        
        / /_________  / /      \ \     | |     / /      \ \ | (_______          
       |  __________|| |        | |    | |    | |        | | \________ \        
        \ \_________ | |        | |    | |     \ \______/ /___________) |       
         \__________||_|        |_|    |_|      \________//____________/        
                                                                                
====================================[ Qcore ]===================================

 Git describe: 2.3.0
 Compiler:     GNU 9.1.0
 Build type:   Release
 Version:      2.3.0

 Start time:   Fri Oct 22 17:54:37 2021

 Data directory: /work/zw18965/.local/qcore/share/entos/qcore/data
 Number of threads: 24
 Number of threads was determined by: command line argument
  - More threads can be used by running 'qcore -n 32'

 --------------------------------------------------------------------------------
                                   command: dft                                  
 --------------------------------------------------------------------------------
 AO basis set:                           def2-tzvppd
 Number of AO basis functions:         285

 Formula:                                HCu4(2+)
 Nuclear charge:                       117.000000000
 Total charge:                           2.000000000
 Number of electrons:                  115.000000000

 Number of alpha electrons:             58
 Number of beta electrons:              57
 Number of unpaired electrons:           1
 Spin:                                   1
 Multiplicity:                           doublet

 Theory:                                 dft
 Exchange-correlation functional:        b3lyp
 Method for Coulomb:                     incore_df
 Method for exact exchange:              pre_transformed_df
 Integral threshold:                     1.00e-12
 DF basis set:                           def2-universal-jkfit
 Number of DF basis functions:        1074
 Schwarz screening threshold:            1.00e-10
 Coulomb fitting method:                 Cholesky
 Total number of grid points:        37634
 Method for AO orthogonalization:        symmetric
 Threshold for linear dependence:        1.00e-08
 D3BJ dispersion energy:                -0.015877316

 -------------------------------------
  Running unrestricted open-shell SCF 
 -------------------------------------
 Max number of iterations:             128
 Conv. threshold (gradient):             1.00e-05
 Conv. threshold (energy):               1.00e-06
 Interpolation scheme:                   adiis+cdiis
 Initial guess:                          SAD

 ---------------------------------------------------------------
                  energy        change          grad        time
 ---------------------------------------------------------------
   0     -6562.980322447                    6.16e+00        0.17
   1     -6561.660215445      1.32e+00      5.61e-01        0.16
   2     -6561.121379231      5.39e-01      1.15e+00        0.13
   3     -6561.743983245     -6.23e-01      3.40e-01        0.14
   4     -6561.774596444     -3.06e-02      2.33e-01        0.14
   5     -6561.788043944     -1.34e-02      1.13e-01        0.15
   6     -6561.783681859      4.36e-03      2.54e-01        0.14
   7     -6561.790764295     -7.08e-03      6.34e-02        0.15
   8     -6561.791019914     -2.56e-04      9.00e-02        0.15
   9     -6561.792312438     -1.29e-03      9.13e-04        0.16
  10     -6561.792312611     -1.73e-07      6.71e-04        0.15
  11     -6561.792312651     -3.97e-08      2.92e-04        0.15
  12     -6561.792312672     -2.17e-08      7.96e-05        0.15
  13     -6561.792312674     -1.30e-09      1.90e-05        0.15
  14     -6561.792312674     -1.23e-10      6.77e-06        0.14

 SCF converged in 14 iterations.

 Dipole moment (in Debye):              -0.000004       0.000152      -0.185211

 Quadrupole moment (in Debye-Angstrom):
                  1            2            3
 1       -29.911459    -0.000005     0.000001
 2        -0.000005   -29.911191    -0.000248
 3         0.000001    -0.000248   -32.000195

 Spin-squared expectation <S^2>:         0.755
 Total spin quantum number S:            0.503
 TOTAL ENERGY:                       -6561.792312674

 --------------------------------------------------------------------------------

 End time:                               Fri Oct 22 17:54:40 2021
 Total wall-clock time:                  3.597 seconds
==================================================================================
