
================================================================================
          _____________ ________ _______________ ________     _________         
         / ___________// ______ \\_____   _____// ______ \   / ________)        
        / /_________  / /      \ \     | |     / /      \ \ | (_______          
       |  __________|| |        | |    | |    | |        | | \________ \        
        \ \_________ | |        | |    | |     \ \______/ /___________) |       
         \__________||_|        |_|    |_|      \________//____________/        
                                                                                
====================================[ Qcore ]===================================

 Git describe: 2.3.0
 Compiler:     GNU 9.1.0
 Build type:   Release
 Version:      2.3.0

 Start time:   Fri Oct 22 17:54:52 2021

 Data directory: /work/zw18965/.local/qcore/share/entos/qcore/data
 Number of threads: 24
 Number of threads was determined by: command line argument
  - More threads can be used by running 'qcore -n 32'

 --------------------------------------------------------------------------------
                                   command: dft                                  
 --------------------------------------------------------------------------------
 AO basis set:                           def2-tzvppd
 Number of AO basis functions:         268

 Formula:                                Cu4
 Nuclear charge:                       116.000000000
 Total charge:                           0.000000000
 Number of electrons:                  116.000000000

 Number of alpha electrons:             58
 Number of beta electrons:              58
 Number of unpaired electrons:           0
 Spin:                                   0
 Multiplicity:                           singlet

 Theory:                                 dft
 Exchange-correlation functional:        b3lyp
 Method for Coulomb:                     incore_df
 Method for exact exchange:              pre_transformed_df
 Integral threshold:                     1.00e-12
 DF basis set:                           def2-universal-jkfit
 Number of DF basis functions:        1056
 Schwarz screening threshold:            1.00e-10
 Coulomb fitting method:                 Cholesky
 Total number of grid points:        31744
 Method for AO orthogonalization:        symmetric
 Threshold for linear dependence:        1.00e-08
 D3BJ dispersion energy:                -0.012626060

 -------------------------------------
  Running restricted closed-shell SCF 
 -------------------------------------
 Max number of iterations:             128
 Conv. threshold (gradient):             1.00e-05
 Conv. threshold (energy):               1.00e-06
 Interpolation scheme:                   adiis+cdiis
 Initial guess:                          SAD

 ---------------------------------------------------------------
                  energy        change          grad        time
 ---------------------------------------------------------------
   0     -6562.316517797                    1.02e+01        0.08
   1     -6561.870571163      4.46e-01      5.24e-01        0.07
   2     -6561.794684177      7.59e-02      9.38e-01        0.06
   3     -6561.892409758     -9.77e-02      1.92e-01        0.07
   4     -6561.894045263     -1.64e-03      1.58e-01        0.07
   5     -6561.896437027     -2.39e-03      5.65e-02        0.07
   6     -6561.893543866      2.89e-03      1.64e-01        0.07
   7     -6561.896795463     -3.25e-03      2.02e-03        0.07
   8     -6561.896795931     -4.69e-07      6.01e-04        0.07
   9     -6561.896795978     -4.69e-08      2.26e-04        0.07
  10     -6561.896795980     -1.67e-09      1.74e-04        0.07
  11     -6561.896795982     -1.82e-09      2.73e-05        0.07
  12     -6561.896795982     -2.73e-11      2.50e-05        0.07
  13     -6561.896795982     -2.73e-11      2.78e-06        0.07

 SCF converged in 13 iterations.

 Dipole moment (in Debye):               0.002335       0.000209       0.000023

 Quadrupole moment (in Debye-Angstrom):
                  1            2            3
 1       -48.569566     0.556864     1.235492
 2         0.556864   -54.903020     0.109887
 3         1.235492     0.109887   -54.789513

 Spin-squared expectation <S^2>:         0.000
 Total spin quantum number S:            0.000
 TOTAL ENERGY:                       -6561.896795982

 --------------------------------------------------------------------------------

 End time:                               Fri Oct 22 17:54:55 2021
 Total wall-clock time:                  2.187 seconds
==================================================================================
