
================================================================================
          _____________ ________ _______________ ________     _________         
         / ___________// ______ \\_____   _____// ______ \   / ________)        
        / /_________  / /      \ \     | |     / /      \ \ | (_______          
       |  __________|| |        | |    | |    | |        | | \________ \        
        \ \_________ | |        | |    | |     \ \______/ /___________) |       
         \__________||_|        |_|    |_|      \________//____________/        
                                                                                
====================================[ Qcore ]===================================

 Git describe: 2.3.0
 Compiler:     GNU 9.1.0
 Build type:   Release
 Version:      2.3.0

 Start time:   Fri Oct 22 17:54:33 2021

 Data directory: /work/zw18965/.local/qcore/share/entos/qcore/data
 Number of threads: 24
 Number of threads was determined by: command line argument
  - More threads can be used by running 'qcore -n 32'

 --------------------------------------------------------------------------------
                                   command: dft                                  
 --------------------------------------------------------------------------------
 AO basis set:                           def2-tzvppd
 Number of AO basis functions:         285

 Formula:                                HCu4(2+)
 Nuclear charge:                       117.000000000
 Total charge:                           2.000000000
 Number of electrons:                  115.000000000

 Number of alpha electrons:             58
 Number of beta electrons:              57
 Number of unpaired electrons:           1
 Spin:                                   1
 Multiplicity:                           doublet

 Theory:                                 dft
 Exchange-correlation functional:        b3lyp
 Method for Coulomb:                     incore_df
 Method for exact exchange:              pre_transformed_df
 Integral threshold:                     1.00e-12
 DF basis set:                           def2-universal-jkfit
 Number of DF basis functions:        1074
 Schwarz screening threshold:            1.00e-10
 Coulomb fitting method:                 Cholesky
 Total number of grid points:        37634
 Method for AO orthogonalization:        symmetric
 Threshold for linear dependence:        1.00e-08
 D3BJ dispersion energy:                -0.015623295

 -------------------------------------
  Running unrestricted open-shell SCF 
 -------------------------------------
 Max number of iterations:             128
 Conv. threshold (gradient):             1.00e-05
 Conv. threshold (energy):               1.00e-06
 Interpolation scheme:                   adiis+cdiis
 Initial guess:                          SAD

 ---------------------------------------------------------------
                  energy        change          grad        time
 ---------------------------------------------------------------
   0     -6562.929737335                    6.06e+00        0.17
   1     -6561.644181039      1.29e+00      7.65e-01        0.15
   2     -6561.006537348      6.38e-01      1.54e+00        0.14
   3     -6561.736215004     -7.30e-01      5.05e-01        0.13
   4     -6561.777379991     -4.12e-02      3.16e-01        0.14
   5     -6561.786807072     -9.43e-03      2.28e-01        0.14
   6     -6561.784607061      2.20e-03      1.86e-01        0.14
   7     -6561.794650209     -1.00e-02      5.54e-02        0.15
   8     -6561.792492357      2.16e-03      9.01e-02        0.16
   9     -6561.795306632     -2.81e-03      1.22e-03        0.17
  10     -6561.795306675     -4.34e-08      1.53e-03        0.17
  11     -6561.795306963     -2.87e-07      3.14e-04        0.14
  12     -6561.795306979     -1.62e-08      9.82e-05        0.14
  13     -6561.795306981     -1.69e-09      7.27e-05        0.14
  14     -6561.795306982     -1.47e-09      3.21e-05        0.14
  15     -6561.795306982     -2.45e-10      8.86e-06        0.14

 SCF converged in 15 iterations.

 Dipole moment (in Debye):              -0.422627       0.001305      -0.003393

 Quadrupole moment (in Debye-Angstrom):
                  1            2            3
 1       -30.875898     0.004296    -0.009110
 2         0.004296   -29.441576    -0.060403
 3        -0.009110    -0.060403   -30.871574

 Spin-squared expectation <S^2>:         0.756
 Total spin quantum number S:            0.503
 TOTAL ENERGY:                       -6561.795306982

 --------------------------------------------------------------------------------

 End time:                               Fri Oct 22 17:54:36 2021
 Total wall-clock time:                  3.779 seconds
==================================================================================
