
================================================================================
          _____________ ________ _______________ ________     _________         
         / ___________// ______ \\_____   _____// ______ \   / ________)        
        / /_________  / /      \ \     | |     / /      \ \ | (_______          
       |  __________|| |        | |    | |    | |        | | \________ \        
        \ \_________ | |        | |    | |     \ \______/ /___________) |       
         \__________||_|        |_|    |_|      \________//____________/        
                                                                                
====================================[ Qcore ]===================================

 Git describe: 2.3.0
 Compiler:     GNU 9.1.0
 Build type:   Release
 Version:      2.3.0

 Start time:   Fri Oct 22 17:54:42 2021

 Data directory: /work/zw18965/.local/qcore/share/entos/qcore/data
 Number of threads: 24
 Number of threads was determined by: command line argument
  - More threads can be used by running 'qcore -n 32'

 --------------------------------------------------------------------------------
                                   command: dft                                  
 --------------------------------------------------------------------------------
 AO basis set:                           def2-tzvppd
 Number of AO basis functions:         356

 Formula:                                H3NCu4(2+)
 Nuclear charge:                       126.000000000
 Total charge:                           2.000000000
 Number of electrons:                  124.000000000

 Number of alpha electrons:             62
 Number of beta electrons:              62
 Number of unpaired electrons:           0
 Spin:                                   0
 Multiplicity:                           singlet

 Theory:                                 dft
 Exchange-correlation functional:        b3lyp
 Method for Coulomb:                     incore_df
 Method for exact exchange:              pre_transformed_df
 Integral threshold:                     1.00e-12
 DF basis set:                           def2-universal-jkfit
 Number of DF basis functions:        1187
 Schwarz screening threshold:            1.00e-10
 Coulomb fitting method:                 Cholesky
 Total number of grid points:        56214
 Method for AO orthogonalization:        symmetric
 Threshold for linear dependence:        1.00e-08
 D3BJ dispersion energy:                -0.019319452

 -------------------------------------
  Running restricted closed-shell SCF 
 -------------------------------------
 Max number of iterations:             128
 Conv. threshold (gradient):             1.00e-05
 Conv. threshold (energy):               1.00e-06
 Interpolation scheme:                   adiis+cdiis
 Initial guess:                          SAD

 ---------------------------------------------------------------
                  energy        change          grad        time
 ---------------------------------------------------------------
   0     -6619.049479738                    1.38e+01        0.18
   1     -6617.785518719      1.26e+00      1.86e+00        0.20
   2     -6617.386106595      3.99e-01      3.26e+00        0.17
   3     -6617.867249041     -4.81e-01      1.10e+00        0.21
   4     -6617.882601674     -1.54e-02      5.95e-01        0.19
   5     -6617.888932003     -6.33e-03      4.38e-01        0.19
   6     -6617.882288889      6.64e-03      7.65e-01        0.19
   7     -6617.895630423     -1.33e-02      9.83e-02        0.20
   8     -6617.893791315      1.84e-03      2.20e-01        0.20
   9     -6617.896771915     -2.98e-03      3.99e-03        0.19
  10     -6617.896772344     -4.29e-07      2.35e-04        0.17
  11     -6617.896772351     -6.83e-09      1.13e-04        0.17
  12     -6617.896772351     -3.99e-10      4.36e-05        0.19
  13     -6617.896772351     -3.91e-11      4.16e-05        0.18
  14     -6617.896772351     -6.09e-11      2.08e-05        0.20
  15     -6617.896772351     -1.00e-11      6.74e-07        0.18

 SCF converged in 15 iterations.

 Dipole moment (in Debye):               0.584803       3.378198      -0.000009

 Quadrupole moment (in Debye-Angstrom):
                  1            2            3
 1       -35.947574     4.378981     0.000005
 2         4.378981   -11.478184     0.000003
 3         0.000005     0.000003   -36.703438

 Spin-squared expectation <S^2>:         0.000
 Total spin quantum number S:            0.000
 TOTAL ENERGY:                       -6617.896772351

 --------------------------------------------------------------------------------

 End time:                               Fri Oct 22 17:54:47 2021
 Total wall-clock time:                  4.849 seconds
==================================================================================
