
================================================================================
          _____________ ________ _______________ ________     _________         
         / ___________// ______ \\_____   _____// ______ \   / ________)        
        / /_________  / /      \ \     | |     / /      \ \ | (_______          
       |  __________|| |        | |    | |    | |        | | \________ \        
        \ \_________ | |        | |    | |     \ \______/ /___________) |       
         \__________||_|        |_|    |_|      \________//____________/        
                                                                                
====================================[ Qcore ]===================================

 Git describe: 2.3.0
 Compiler:     GNU 9.1.0
 Build type:   Release
 Version:      2.3.0

 Start time:   Fri Oct 22 17:54:29 2021

 Data directory: /work/zw18965/.local/qcore/share/entos/qcore/data
 Number of threads: 24
 Number of threads was determined by: command line argument
  - More threads can be used by running 'qcore -n 32'

 --------------------------------------------------------------------------------
                                   command: dft                                  
 --------------------------------------------------------------------------------
 AO basis set:                           def2-tzvppd
 Number of AO basis functions:         285

 Formula:                                HCu4(2+)
 Nuclear charge:                       117.000000000
 Total charge:                           2.000000000
 Number of electrons:                  115.000000000

 Number of alpha electrons:             58
 Number of beta electrons:              57
 Number of unpaired electrons:           1
 Spin:                                   1
 Multiplicity:                           doublet

 Theory:                                 dft
 Exchange-correlation functional:        b3lyp
 Method for Coulomb:                     incore_df
 Method for exact exchange:              pre_transformed_df
 Integral threshold:                     1.00e-12
 DF basis set:                           def2-universal-jkfit
 Number of DF basis functions:        1074
 Schwarz screening threshold:            1.00e-10
 Coulomb fitting method:                 Cholesky
 Total number of grid points:        37634
 Method for AO orthogonalization:        symmetric
 Threshold for linear dependence:        1.00e-08
 D3BJ dispersion energy:                -0.014878291

 -------------------------------------
  Running unrestricted open-shell SCF 
 -------------------------------------
 Max number of iterations:             128
 Conv. threshold (gradient):             1.00e-05
 Conv. threshold (energy):               1.00e-06
 Interpolation scheme:                   adiis+cdiis
 Initial guess:                          SAD

 ---------------------------------------------------------------
                  energy        change          grad        time
 ---------------------------------------------------------------
   0     -6562.857969495                    5.35e+00        0.18
   1     -6561.539186363      1.32e+00      1.22e+00        0.15
   2     -6560.572829867      9.66e-01      1.97e+00        0.13
   3     -6561.665299019     -1.09e+00      7.53e-01        0.13
   4     -6561.738646064     -7.33e-02      5.82e-01        0.14
   5     -6561.723529857      1.51e-02      5.08e-01        0.14
   6     -6561.758601235     -3.51e-02      1.90e-01        0.14
   7     -6561.768012495     -9.41e-03      1.00e-01        0.14
   8     -6561.764994792      3.02e-03      2.11e-01        0.16
   9     -6561.771236468     -6.24e-03      7.98e-02        0.17
  10     -6561.770772273      4.64e-04      1.18e-01        0.18
  11     -6561.772306400     -1.53e-03      3.47e-03        0.16
  12     -6561.772308550     -2.15e-06      1.30e-03        0.14
  13     -6561.772308743     -1.93e-07      2.82e-04        0.14
  14     -6561.772308748     -5.42e-09      2.42e-04        0.14
  15     -6561.772308760     -1.19e-08      3.26e-05        0.14
  16     -6561.772308761     -5.38e-10      2.55e-05        0.14
  17     -6561.772308761     -1.19e-10      2.69e-06        0.14

 SCF converged in 17 iterations.

 Dipole moment (in Debye):              -0.000003       0.000183      -0.491799

 Quadrupole moment (in Debye-Angstrom):
                  1            2            3
 1       -30.222627    -0.000004    -0.000001
 2        -0.000004   -30.222214    -0.000002
 3        -0.000001    -0.000002   -29.938012

 Spin-squared expectation <S^2>:         0.755
 Total spin quantum number S:            0.503
 TOTAL ENERGY:                       -6561.772308761

 --------------------------------------------------------------------------------

 End time:                               Fri Oct 22 17:54:33 2021
 Total wall-clock time:                  4.050 seconds
==================================================================================
