
================================================================================
          _____________ ________ _______________ ________     _________         
         / ___________// ______ \\_____   _____// ______ \   / ________)        
        / /_________  / /      \ \     | |     / /      \ \ | (_______          
       |  __________|| |        | |    | |    | |        | | \________ \        
        \ \_________ | |        | |    | |     \ \______/ /___________) |       
         \__________||_|        |_|    |_|      \________//____________/        
                                                                                
====================================[ Qcore ]===================================

 Git describe: 2.3.0
 Compiler:     GNU 9.1.0
 Build type:   Release
 Version:      2.3.0

 Start time:   Fri Oct 22 17:54:47 2021

 Data directory: /work/zw18965/.local/qcore/share/entos/qcore/data
 Number of threads: 24
 Number of threads was determined by: command line argument
  - More threads can be used by running 'qcore -n 32'

 --------------------------------------------------------------------------------
                                   command: dft                                  
 --------------------------------------------------------------------------------
 AO basis set:                           def2-tzvppd
 Number of AO basis functions:         356

 Formula:                                H3NCu4(2+)
 Nuclear charge:                       126.000000000
 Total charge:                           2.000000000
 Number of electrons:                  124.000000000

 Number of alpha electrons:             62
 Number of beta electrons:              62
 Number of unpaired electrons:           0
 Spin:                                   0
 Multiplicity:                           singlet

 Theory:                                 dft
 Exchange-correlation functional:        b3lyp
 Method for Coulomb:                     incore_df
 Method for exact exchange:              pre_transformed_df
 Integral threshold:                     1.00e-12
 DF basis set:                           def2-universal-jkfit
 Number of DF basis functions:        1187
 Schwarz screening threshold:            1.00e-10
 Coulomb fitting method:                 Cholesky
 Total number of grid points:        56214
 Method for AO orthogonalization:        symmetric
 Threshold for linear dependence:        1.00e-08
 D3BJ dispersion energy:                -0.021527735

 -------------------------------------
  Running restricted closed-shell SCF 
 -------------------------------------
 Max number of iterations:             128
 Conv. threshold (gradient):             1.00e-05
 Conv. threshold (energy):               1.00e-06
 Interpolation scheme:                   adiis+cdiis
 Initial guess:                          SAD

 ---------------------------------------------------------------
                  energy        change          grad        time
 ---------------------------------------------------------------
   0     -6618.938776282                    1.20e+01        0.18
   1     -6617.725592191      1.21e+00      1.97e+00        0.18
   2     -6617.154255016      5.71e-01      4.82e+00        0.18
   3     -6617.800219129     -6.46e-01      1.29e+00        0.21
   4     -6617.832337223     -3.21e-02      3.79e-01        0.20
   5     -6617.835326655     -2.99e-03      3.37e-01        0.19
   6     -6617.838043114     -2.72e-03      4.99e-01        0.20
   7     -6617.847343050     -9.30e-03      1.67e-01        0.19
   8     -6617.844088393      3.25e-03      3.37e-01        0.20
   9     -6617.847856989     -3.77e-03      1.10e-01        0.20
  10     -6617.848133493     -2.77e-04      4.54e-02        0.21
  11     -6617.848070648      6.28e-05      3.87e-02        0.22
  12     -6617.848229952     -1.59e-04      4.45e-05        0.20
  13     -6617.848229952     -1.26e-10      3.49e-05        0.18
  14     -6617.848229953     -2.36e-11      1.52e-05        0.19
  15     -6617.848229953     -2.73e-11      4.00e-06        0.19

 SCF converged in 15 iterations.

 Dipole moment (in Debye):               3.523486      -0.000932       0.000002

 Quadrupole moment (in Debye-Angstrom):
                  1            2            3
 1       -17.667813    -0.006299     0.000004
 2        -0.006299   -37.309287    -0.000007
 3         0.000004    -0.000007   -37.309387

 Spin-squared expectation <S^2>:         0.000
 Total spin quantum number S:            0.000
 TOTAL ENERGY:                       -6617.848229953

 --------------------------------------------------------------------------------

 End time:                               Fri Oct 22 17:54:52 2021
 Total wall-clock time:                  4.970 seconds
==================================================================================
