
================================================================================
          _____________ ________ _______________ ________     _________         
         / ___________// ______ \\_____   _____// ______ \   / ________)        
        / /_________  / /      \ \     | |     / /      \ \ | (_______          
       |  __________|| |        | |    | |    | |        | | \________ \        
        \ \_________ | |        | |    | |     \ \______/ /___________) |       
         \__________||_|        |_|    |_|      \________//____________/        
                                                                                
====================================[ Qcore ]===================================

 Git describe: 2.3.0
 Compiler:     GNU 9.1.0
 Build type:   Release
 Version:      2.3.0

 Start time:   Fri Oct 22 17:54:55 2021

 Data directory: /work/zw18965/.local/qcore/share/entos/qcore/data
 Number of threads: 24
 Number of threads was determined by: command line argument
  - More threads can be used by running 'qcore -n 32'

 --------------------------------------------------------------------------------
                                   command: dft                                  
 --------------------------------------------------------------------------------
 AO basis set:                           def2-tzvppd
 Number of AO basis functions:          88

 Formula:                                H3N
 Nuclear charge:                        10.000000000
 Total charge:                           0.000000000
 Number of electrons:                   10.000000000

 Number of alpha electrons:              5
 Number of beta electrons:               5
 Number of unpaired electrons:           0
 Spin:                                   0
 Multiplicity:                           singlet

 Theory:                                 dft
 Exchange-correlation functional:        b3lyp
 Method for Coulomb:                     incore_df
 Method for exact exchange:              pre_transformed_df
 Integral threshold:                     1.00e-12
 DF basis set:                           def2-universal-jkfit
 Number of DF basis functions:         131
 Schwarz screening threshold:            1.00e-10
 Coulomb fitting method:                 Cholesky
 Total number of grid points:        24470
 Method for AO orthogonalization:        symmetric
 Threshold for linear dependence:        1.00e-08
 D3BJ dispersion energy:                -0.001219698

 -------------------------------------
  Running restricted closed-shell SCF 
 -------------------------------------
 Max number of iterations:             128
 Conv. threshold (gradient):             1.00e-05
 Conv. threshold (energy):               1.00e-06
 Interpolation scheme:                   adiis+cdiis
 Initial guess:                          SAD

 ---------------------------------------------------------------
                  energy        change          grad        time
 ---------------------------------------------------------------
   0       -56.507756584                    7.15e+00        0.02
   1       -56.479610762      2.81e-02      1.37e+00        0.02
   2       -56.362422610      1.17e-01      1.99e+00        0.01
   3       -56.548502993     -1.86e-01      4.13e-01        0.01
   4       -56.544439789      4.06e-03      5.31e-01        0.01
   5       -56.554472024     -1.00e-02      5.85e-02        0.01
   6       -56.554296502      1.76e-04      8.97e-02        0.01
   7       -56.554598403     -3.02e-04      4.18e-04        0.01
   8       -56.554598408     -5.74e-09      1.70e-05        0.01
   9       -56.554598408     -1.19e-11      1.27e-06        0.01

 SCF converged in 9 iterations.

 Dipole moment (in Debye):               0.000152      -1.615043      -0.000000

 Quadrupole moment (in Debye-Angstrom):
                  1            2            3
 1        -6.501669     0.000646     0.000000
 2         0.000646    -9.314084    -0.000000
 3         0.000000    -0.000000    -6.500820

 Spin-squared expectation <S^2>:         0.000
 Total spin quantum number S:            0.000
 TOTAL ENERGY:                         -56.554598408

 --------------------------------------------------------------------------------

 End time:                               Fri Oct 22 17:54:56 2021
 Total wall-clock time:                  0.453 seconds
==================================================================================
