
================================================================================
          _____________ ________ _______________ ________     _________         
         / ___________// ______ \\_____   _____// ______ \   / ________)        
        / /_________  / /      \ \     | |     / /      \ \ | (_______          
       |  __________|| |        | |    | |    | |        | | \________ \        
        \ \_________ | |        | |    | |     \ \______/ /___________) |       
         \__________||_|        |_|    |_|      \________//____________/        
                                                                                
====================================[ Qcore ]===================================

 Git describe: 2.3.0
 Compiler:     GNU 9.1.0
 Build type:   Release
 Version:      2.3.0

 Start time:   Sun Oct 24 14:49:42 2021

 Data directory: /work/zw18965/.local/qcore/share/entos/qcore/data
 Number of threads: 24
 Number of threads was determined by: command line argument
  - More threads can be used by running 'qcore -n 32'

 --------------------------------------------------------------------------------
                                   command: dft                                  
 --------------------------------------------------------------------------------
 AO basis set:                           def2-tzvppd
 Number of AO basis functions:          96
 ECP on atom 1 (Ag):                     28 electrons

 Formula:                                FAg
 Nuclear charge:                        56.000000000
 Total charge:                           0.000000000
 Number of core electrons:              28
 Number of treated electrons:           28

 Number of alpha electrons:             14
 Number of beta electrons:              14
 Number of unpaired electrons:           0
 Spin:                                   0
 Multiplicity:                           singlet

 Theory:                                 dft
 Exchange-correlation functional:        0.49 b88 + 0.4 lyp
 Method for Coulomb:                     incore_df
 Method for exact exchange:              pre_transformed_df
 Integral threshold:                     1.00e-12
 DF basis set:                           def2-universal-jkfit
 Number of DF basis functions:         332
 Schwarz screening threshold:            1.00e-10
 Coulomb fitting method:                 Cholesky

 ------------------
  UW12 Correlation 
 ------------------
 Factor for UW12 correlation:            1.000000000
 Opposite spin scale factor:             0.520000000
 Same spin scale factor:                 0.000000000
 Calculate indirect contribution:        false
 Method for three electron term:         df_ri
 Auxiliary RI basis set:                 Def2-TZVPPD-RI
 Number of RI basis functions:         268
 Gaussians in geminal expansion:        10
 UW12 screening threshold:               1.00e-12
 Method for density-fitting:             w(r)
 Number of core spatial orbitals:        5

 Total number of grid points:        15310
 Method for AO orthogonalization:        symmetric
 Threshold for linear dependence:        1.00e-08
 D3BJ dispersion energy:                -0.001334096

 -------------------------------------
  Running restricted closed-shell SCF 
 -------------------------------------
 Max number of iterations:             128
 Conv. threshold (gradient):             1.00e-05
 Conv. threshold (energy):               1.00e-06
 Interpolation scheme:                   adiis+cdiis
 Initial guess:                          SAD

 ---------------------------------------------------------------
                  energy        change          grad        time
 ---------------------------------------------------------------
   0      -246.306960681                    1.73e+00        0.68
   1      -246.383481491     -7.65e-02      1.22e+00        0.10
   2      -245.355576507      1.03e+00      3.50e+00        0.11
   3      -246.445674330     -1.09e+00      9.91e-01        0.11
   4      -246.509524249     -6.38e-02      3.04e-01        0.11
   5      -246.507561232      1.96e-03      3.42e-01        0.10
   6      -246.515603445     -8.04e-03      1.36e-02        0.10
   7      -246.515589225      1.42e-05      2.31e-02        0.10
   8      -246.515621711     -3.25e-05      8.82e-04        0.09
   9      -246.515619550      2.16e-06      2.78e-04        0.09
  10      -246.515619480      6.96e-08      9.07e-05        0.09
  11      -246.515619451      2.89e-08      1.20e-05        0.09
  12      -246.515619423      2.79e-08      2.45e-06        0.10

 SCF converged in 12 iterations.

 Dipole moment (in Debye):               0.000000       0.000000       5.953442

 Quadrupole moment (in Debye-Angstrom):
                  1            2            3
 1       -22.655626     0.000000    -0.000000
 2         0.000000   -22.655626    -0.000000
 3        -0.000000    -0.000000   -28.703065

 Spin-squared expectation <S^2>:         0.000
 Total spin quantum number S:            0.000
 TOTAL ENERGY:                        -246.515619425

 --------------------------------------------------------------------------------

 End time:                               Sun Oct 24 14:49:46 2021
 Total wall-clock time:                  4.206 seconds
==================================================================================
