
================================================================================
          _____________ ________ _______________ ________     _________         
         / ___________// ______ \\_____   _____// ______ \   / ________)        
        / /_________  / /      \ \     | |     / /      \ \ | (_______          
       |  __________|| |        | |    | |    | |        | | \________ \        
        \ \_________ | |        | |    | |     \ \______/ /___________) |       
         \__________||_|        |_|    |_|      \________//____________/        
                                                                                
====================================[ Qcore ]===================================

 Git describe: 2.3.0
 Compiler:     GNU 9.1.0
 Build type:   Release
 Version:      2.3.0

 Start time:   Sun Oct 24 14:50:34 2021

 Data directory: /work/zw18965/.local/qcore/share/entos/qcore/data
 Number of threads: 24
 Number of threads was determined by: command line argument
  - More threads can be used by running 'qcore -n 32'

 --------------------------------------------------------------------------------
                                   command: dft                                  
 --------------------------------------------------------------------------------
 AO basis set:                           def2-tzvppd
 Number of AO basis functions:         168
 ECP on atom 1 (Ag):                     28 electrons
 ECP on atom 2 (Ag):                     28 electrons
 ECP on atom 3 (Ag):                     28 electrons

 Formula:                                Ag3
 Nuclear charge:                       141.000000000
 Total charge:                           0.000000000
 Number of core electrons:              84
 Number of treated electrons:           57

 Number of alpha electrons:             29
 Number of beta electrons:              28
 Number of unpaired electrons:           1
 Spin:                                   1
 Multiplicity:                           doublet

 Theory:                                 dft
 Exchange-correlation functional:        0.49 b88 + 0.4 lyp
 Method for Coulomb:                     incore_df
 Method for exact exchange:              pre_transformed_df
 Integral threshold:                     1.00e-12
 DF basis set:                           def2-universal-jkfit
 Number of DF basis functions:         765
 Schwarz screening threshold:            1.00e-10
 Coulomb fitting method:                 Cholesky

 ------------------
  UW12 Correlation 
 ------------------
 Factor for UW12 correlation:            1.000000000
 Opposite spin scale factor:             0.520000000
 Same spin scale factor:                 0.000000000
 Calculate indirect contribution:        false
 Method for three electron term:         df_ri
 Auxiliary RI basis set:                 Def2-TZVPPD-RI
 Number of RI basis functions:         528
 Gaussians in geminal expansion:        10
 UW12 screening threshold:               1.00e-12
 Method for density-fitting:             w(r)
 Number of core spatial orbitals:       12

 Total number of grid points:        25494
 Method for AO orthogonalization:        symmetric
 Threshold for linear dependence:        1.00e-08
 D3BJ dispersion energy:                -0.019085389

 -------------------------------------
  Running unrestricted open-shell SCF 
 -------------------------------------
 Max number of iterations:             128
 Conv. threshold (gradient):             1.00e-05
 Conv. threshold (energy):               1.00e-06
 Interpolation scheme:                   adiis+cdiis
 Initial guess:                          SAD

 ---------------------------------------------------------------
                  energy        change          grad        time
 ---------------------------------------------------------------
   0      -440.089070140                    2.02e+00        7.20
   1      -440.220581294     -1.32e-01      1.02e-01        2.22
   2      -440.221878374     -1.30e-03      1.01e-01        2.14
   3      -440.224173881     -2.30e-03      7.93e-02        2.26
   4      -440.226371347     -2.20e-03      1.94e-02        2.40
   5      -440.226554175     -1.83e-04      3.60e-03        2.30
   6      -440.226570357     -1.62e-05      1.72e-03        2.41
   7      -440.226572805     -2.45e-06      6.77e-04        2.29
   8      -440.226570113      2.69e-06      3.63e-04        2.28
   9      -440.226572851     -2.74e-06      2.57e-04        2.29
  10      -440.226572488      3.63e-07      9.61e-05        2.38
  11      -440.226572504     -1.54e-08      4.08e-05        2.23
  12      -440.226572467      3.67e-08      3.45e-05        2.40
  13      -440.226572477     -9.61e-09      2.69e-05        2.28
  14      -440.226572481     -4.80e-09      2.58e-05        2.30
  15      -440.226572484     -2.83e-09      2.55e-05        2.28
  16      -440.226572491     -6.74e-09      2.58e-05        2.27
  17      -440.226572566     -7.47e-08      2.39e-05        2.30
  18      -440.226572656     -9.02e-08      2.17e-05        2.31
  19      -440.226572761     -1.05e-07      1.73e-05        2.25
  20      -440.226572805     -4.41e-08      1.76e-05        2.28
  21      -440.226572835     -2.98e-08      1.98e-05        2.32
  22      -440.226572775      5.92e-08      1.70e-05        2.45
  23      -440.226572957     -1.82e-07      5.76e-05        2.27
  24      -440.226572956      1.79e-09      4.63e-05        2.36
  25      -440.226572960     -4.28e-09      3.74e-05        2.28
  26      -440.226572966     -6.41e-09      2.17e-05        2.32
  27      -440.226572964      2.32e-09      6.13e-06        2.32

 SCF converged in 27 iterations.

 Dipole moment (in Debye):               0.000969       1.301954       0.000001

 Quadrupole moment (in Debye-Angstrom):
                  1            2            3
 1       -64.577649    -0.005049     0.000000
 2        -0.005049   -51.247917     0.000000
 3         0.000000     0.000000   -59.922645

 Spin-squared expectation <S^2>:         0.762
 Total spin quantum number S:            0.506
 TOTAL ENERGY:                        -440.226572960

 --------------------------------------------------------------------------------

 End time:                               Sun Oct 24 14:51:48 2021
 Total wall-clock time:                 74.144 seconds
==================================================================================
