
================================================================================
          _____________ ________ _______________ ________     _________         
         / ___________// ______ \\_____   _____// ______ \   / ________)        
        / /_________  / /      \ \     | |     / /      \ \ | (_______          
       |  __________|| |        | |    | |    | |        | | \________ \        
        \ \_________ | |        | |    | |     \ \______/ /___________) |       
         \__________||_|        |_|    |_|      \________//____________/        
                                                                                
====================================[ Qcore ]===================================

 Git describe: 2.3.0
 Compiler:     GNU 9.1.0
 Build type:   Release
 Version:      2.3.0

 Start time:   Sun Oct 24 14:49:57 2021

 Data directory: /work/zw18965/.local/qcore/share/entos/qcore/data
 Number of threads: 24
 Number of threads was determined by: command line argument
  - More threads can be used by running 'qcore -n 32'

 --------------------------------------------------------------------------------
                                   command: dft                                  
 --------------------------------------------------------------------------------
 AO basis set:                           def2-tzvppd
 Number of AO basis functions:         168
 ECP on atom 1 (Ag):                     28 electrons
 ECP on atom 2 (Ag):                     28 electrons
 ECP on atom 3 (Ag):                     28 electrons

 Formula:                                Ag3+
 Nuclear charge:                       141.000000000
 Total charge:                           1.000000000
 Number of core electrons:              84
 Number of treated electrons:           56

 Number of alpha electrons:             28
 Number of beta electrons:              28
 Number of unpaired electrons:           0
 Spin:                                   0
 Multiplicity:                           singlet

 Theory:                                 dft
 Exchange-correlation functional:        0.49 b88 + 0.4 lyp
 Method for Coulomb:                     incore_df
 Method for exact exchange:              pre_transformed_df
 Integral threshold:                     1.00e-12
 DF basis set:                           def2-universal-jkfit
 Number of DF basis functions:         765
 Schwarz screening threshold:            1.00e-10
 Coulomb fitting method:                 Cholesky

 ------------------
  UW12 Correlation 
 ------------------
 Factor for UW12 correlation:            1.000000000
 Opposite spin scale factor:             0.520000000
 Same spin scale factor:                 0.000000000
 Calculate indirect contribution:        false
 Method for three electron term:         df_ri
 Auxiliary RI basis set:                 Def2-TZVPPD-RI
 Number of RI basis functions:         528
 Gaussians in geminal expansion:        10
 UW12 screening threshold:               1.00e-12
 Method for density-fitting:             w(r)
 Number of core spatial orbitals:       12

 Total number of grid points:        25494
 Method for AO orthogonalization:        symmetric
 Threshold for linear dependence:        1.00e-08
 D3BJ dispersion energy:                -0.019200709

 -------------------------------------
  Running restricted closed-shell SCF 
 -------------------------------------
 Max number of iterations:             128
 Conv. threshold (gradient):             1.00e-05
 Conv. threshold (energy):               1.00e-06
 Interpolation scheme:                   adiis+cdiis
 Initial guess:                          SAD

 ---------------------------------------------------------------
                  energy        change          grad        time
 ---------------------------------------------------------------
   0      -440.094158333                    4.10e+00        4.53
   1      -440.018139830      7.60e-02      1.80e-01        1.13
   2      -440.021691679     -3.55e-03      1.33e-01        1.09
   3      -440.023003979     -1.31e-03      1.40e-01        1.08
   4      -440.026815127     -3.81e-03      7.78e-03        1.06
   5      -440.026814948      1.79e-07      6.21e-03        1.02
   6      -440.026811273      3.67e-06      9.93e-04        1.02
   7      -440.026809686      1.59e-06      1.37e-04        1.06
   8      -440.026810398     -7.12e-07      6.62e-05        1.06
   9      -440.026810422     -2.36e-08      1.97e-05        1.04
  10      -440.026810386      3.52e-08      3.56e-06        1.03

 SCF converged in 10 iterations.

 Dipole moment (in Debye):              -0.000000      -0.000021       0.000001

 Quadrupole moment (in Debye-Angstrom):
                  1            2            3
 1       -39.661085    -0.000000     0.000000
 2        -0.000000   -39.661182     0.000000
 3         0.000000     0.000000   -53.408727

 Spin-squared expectation <S^2>:         0.000
 Total spin quantum number S:            0.000
 TOTAL ENERGY:                        -440.026810380

 --------------------------------------------------------------------------------

 End time:                               Sun Oct 24 14:50:15 2021
 Total wall-clock time:                 18.527 seconds
==================================================================================
