
================================================================================
          _____________ ________ _______________ ________     _________         
         / ___________// ______ \\_____   _____// ______ \   / ________)        
        / /_________  / /      \ \     | |     / /      \ \ | (_______          
       |  __________|| |        | |    | |    | |        | | \________ \        
        \ \_________ | |        | |    | |     \ \______/ /___________) |       
         \__________||_|        |_|    |_|      \________//____________/        
                                                                                
====================================[ Qcore ]===================================

 Git describe: 2.3.0
 Compiler:     GNU 9.1.0
 Build type:   Release
 Version:      2.3.0

 Start time:   Sun Oct 24 14:57:30 2021

 Data directory: /work/zw18965/.local/qcore/share/entos/qcore/data
 Number of threads: 24
 Number of threads was determined by: command line argument
  - More threads can be used by running 'qcore -n 32'

 --------------------------------------------------------------------------------
                                   command: dft                                  
 --------------------------------------------------------------------------------
 AO basis set:                           def2-tzvppd
 Number of AO basis functions:         241
 ECP on atom 1 (Ag):                     28 electrons
 ECP on atom 2 (Ag):                     28 electrons
 ECP on atom 3 (Ag):                     28 electrons
 ECP on atom 4 (Ag):                     28 electrons

 Formula:                                HAg4(2+)
 Nuclear charge:                       189.000000000
 Total charge:                           2.000000000
 Number of core electrons:             112
 Number of treated electrons:           75

 Number of alpha electrons:             38
 Number of beta electrons:              37
 Number of unpaired electrons:           1
 Spin:                                   1
 Multiplicity:                           doublet

 Theory:                                 dft
 Exchange-correlation functional:        0.49 b88 + 0.4 lyp
 Method for Coulomb:                     incore_df
 Method for exact exchange:              pre_transformed_df
 Integral threshold:                     1.00e-12
 DF basis set:                           def2-universal-jkfit
 Number of DF basis functions:        1038
 Schwarz screening threshold:            1.00e-10
 Coulomb fitting method:                 Cholesky

 ------------------
  UW12 Correlation 
 ------------------
 Factor for UW12 correlation:            1.000000000
 Opposite spin scale factor:             0.520000000
 Same spin scale factor:                 0.000000000
 Calculate indirect contribution:        false
 Method for three electron term:         df_ri
 Auxiliary RI basis set:                 Def2-TZVPPD-RI
 Number of RI basis functions:         743
 Gaussians in geminal expansion:        10
 UW12 screening threshold:               1.00e-12
 Method for density-fitting:             w(r)
 Number of core spatial orbitals:       16

 Total number of grid points:        39882
 Method for AO orthogonalization:        symmetric
 Threshold for linear dependence:        1.00e-08
 D3BJ dispersion energy:                -0.034460717

 -------------------------------------
  Running unrestricted open-shell SCF 
 -------------------------------------
 Max number of iterations:             128
 Conv. threshold (gradient):             1.00e-05
 Conv. threshold (energy):               1.00e-06
 Interpolation scheme:                   adiis+cdiis
 Initial guess:                          SAD

 ---------------------------------------------------------------
                  energy        change          grad        time
 ---------------------------------------------------------------
   0      -587.424273047                    3.36e+00       20.46
   1      -586.888950062      5.35e-01      2.33e-01        7.81
   2      -586.899295090     -1.03e-02      1.58e-01        8.02
   3      -586.920731035     -2.14e-02      9.44e-02        8.00
   4      -586.923392150     -2.66e-03      4.60e-02        7.90
   5      -586.925790641     -2.40e-03      6.85e-03        7.79
   6      -586.925821232     -3.06e-05      4.36e-03        7.88
   7      -586.925818753      2.48e-06      1.51e-03        8.06
   8      -586.925823030     -4.28e-06      7.24e-04        8.02
   9      -586.925824337     -1.31e-06      2.52e-04        8.03
  10      -586.925824570     -2.33e-07      1.02e-04        7.92
  11      -586.925824232      3.38e-07      3.41e-05        7.73
  12      -586.925824206      2.57e-08      7.88e-06        7.76

 SCF converged in 12 iterations.

 Dipole moment (in Debye):               0.000001       0.000073      -0.259690

 Quadrupole moment (in Debye-Angstrom):
                  1            2            3
 1       -49.936959     0.000000     0.000000
 2         0.000000   -49.936993    -0.000208
 3         0.000000    -0.000208   -52.433253

 Spin-squared expectation <S^2>:         0.759
 Total spin quantum number S:            0.504
 TOTAL ENERGY:                        -586.925824210

 --------------------------------------------------------------------------------

 End time:                               Sun Oct 24 14:59:37 2021
 Total wall-clock time:                126.793 seconds
==================================================================================
