
================================================================================
          _____________ ________ _______________ ________     _________         
         / ___________// ______ \\_____   _____// ______ \   / ________)        
        / /_________  / /      \ \     | |     / /      \ \ | (_______          
       |  __________|| |        | |    | |    | |        | | \________ \        
        \ \_________ | |        | |    | |     \ \______/ /___________) |       
         \__________||_|        |_|    |_|      \________//____________/        
                                                                                
====================================[ Qcore ]===================================

 Git describe: 2.3.0
 Compiler:     GNU 9.1.0
 Build type:   Release
 Version:      2.3.0

 Start time:   Sun Oct 24 14:55:01 2021

 Data directory: /work/zw18965/.local/qcore/share/entos/qcore/data
 Number of threads: 24
 Number of threads was determined by: command line argument
  - More threads can be used by running 'qcore -n 32'

 --------------------------------------------------------------------------------
                                   command: dft                                  
 --------------------------------------------------------------------------------
 AO basis set:                           def2-tzvppd
 Number of AO basis functions:         241
 ECP on atom 1 (Ag):                     28 electrons
 ECP on atom 2 (Ag):                     28 electrons
 ECP on atom 3 (Ag):                     28 electrons
 ECP on atom 4 (Ag):                     28 electrons

 Formula:                                HAg4(2+)
 Nuclear charge:                       189.000000000
 Total charge:                           2.000000000
 Number of core electrons:             112
 Number of treated electrons:           75

 Number of alpha electrons:             38
 Number of beta electrons:              37
 Number of unpaired electrons:           1
 Spin:                                   1
 Multiplicity:                           doublet

 Theory:                                 dft
 Exchange-correlation functional:        0.49 b88 + 0.4 lyp
 Method for Coulomb:                     incore_df
 Method for exact exchange:              pre_transformed_df
 Integral threshold:                     1.00e-12
 DF basis set:                           def2-universal-jkfit
 Number of DF basis functions:        1038
 Schwarz screening threshold:            1.00e-10
 Coulomb fitting method:                 Cholesky

 ------------------
  UW12 Correlation 
 ------------------
 Factor for UW12 correlation:            1.000000000
 Opposite spin scale factor:             0.520000000
 Same spin scale factor:                 0.000000000
 Calculate indirect contribution:        false
 Method for three electron term:         df_ri
 Auxiliary RI basis set:                 Def2-TZVPPD-RI
 Number of RI basis functions:         743
 Gaussians in geminal expansion:        10
 UW12 screening threshold:               1.00e-12
 Method for density-fitting:             w(r)
 Number of core spatial orbitals:       16

 Total number of grid points:        39882
 Method for AO orthogonalization:        symmetric
 Threshold for linear dependence:        1.00e-08
 D3BJ dispersion energy:                -0.032905648

 -------------------------------------
  Running unrestricted open-shell SCF 
 -------------------------------------
 Max number of iterations:             128
 Conv. threshold (gradient):             1.00e-05
 Conv. threshold (energy):               1.00e-06
 Interpolation scheme:                   adiis+cdiis
 Initial guess:                          SAD

 ---------------------------------------------------------------
                  energy        change          grad        time
 ---------------------------------------------------------------
   0      -587.397428812                    3.22e+00       25.36
   1      -586.886495416      5.11e-01      2.22e-01        8.91
   2      -586.893989413     -7.49e-03      2.33e-01        9.15
   3      -586.922453100     -2.85e-02      9.60e-02        9.27
   4      -586.921760636      6.92e-04      7.94e-02        9.53
   5      -586.925851030     -4.09e-03      1.02e-02        9.19
   6      -586.925879543     -2.85e-05      5.75e-03        9.39
   7      -586.925883592     -4.05e-06      2.34e-03        8.93
   8      -586.925891519     -7.93e-06      1.16e-03        9.46
   9      -586.925893509     -1.99e-06      2.55e-04        9.12
  10      -586.925893889     -3.80e-07      1.00e-04        9.18
  11      -586.925893201      6.89e-07      2.85e-05        9.34
  12      -586.925893250     -4.92e-08      9.76e-06        9.23

 SCF converged in 12 iterations.

 Dipole moment (in Debye):               0.000001       0.000001      -0.647202

 Quadrupole moment (in Debye-Angstrom):
                  1            2            3
 1       -51.202330    -0.000000     0.000003
 2        -0.000000   -49.592064     0.000000
 3         0.000003     0.000000   -50.893610

 Spin-squared expectation <S^2>:         0.762
 Total spin quantum number S:            0.506
 TOTAL ENERGY:                        -586.925893238

 --------------------------------------------------------------------------------

 End time:                               Sun Oct 24 14:57:30 2021
 Total wall-clock time:                149.105 seconds
==================================================================================
