
================================================================================
          _____________ ________ _______________ ________     _________         
         / ___________// ______ \\_____   _____// ______ \   / ________)        
        / /_________  / /      \ \     | |     / /      \ \ | (_______          
       |  __________|| |        | |    | |    | |        | | \________ \        
        \ \_________ | |        | |    | |     \ \______/ /___________) |       
         \__________||_|        |_|    |_|      \________//____________/        
                                                                                
====================================[ Qcore ]===================================

 Git describe: 2.3.0
 Compiler:     GNU 9.1.0
 Build type:   Release
 Version:      2.3.0

 Start time:   Sun Oct 24 14:52:23 2021

 Data directory: /work/zw18965/.local/qcore/share/entos/qcore/data
 Number of threads: 24
 Number of threads was determined by: command line argument
  - More threads can be used by running 'qcore -n 32'

 --------------------------------------------------------------------------------
                                   command: dft                                  
 --------------------------------------------------------------------------------
 AO basis set:                           def2-tzvppd
 Number of AO basis functions:         241
 ECP on atom 1 (Ag):                     28 electrons
 ECP on atom 2 (Ag):                     28 electrons
 ECP on atom 3 (Ag):                     28 electrons
 ECP on atom 4 (Ag):                     28 electrons

 Formula:                                HAg4(2+)
 Nuclear charge:                       189.000000000
 Total charge:                           2.000000000
 Number of core electrons:             112
 Number of treated electrons:           75

 Number of alpha electrons:             38
 Number of beta electrons:              37
 Number of unpaired electrons:           1
 Spin:                                   1
 Multiplicity:                           doublet

 Theory:                                 dft
 Exchange-correlation functional:        0.49 b88 + 0.4 lyp
 Method for Coulomb:                     incore_df
 Method for exact exchange:              pre_transformed_df
 Integral threshold:                     1.00e-12
 DF basis set:                           def2-universal-jkfit
 Number of DF basis functions:        1038
 Schwarz screening threshold:            1.00e-10
 Coulomb fitting method:                 Cholesky

 ------------------
  UW12 Correlation 
 ------------------
 Factor for UW12 correlation:            1.000000000
 Opposite spin scale factor:             0.520000000
 Same spin scale factor:                 0.000000000
 Calculate indirect contribution:        false
 Method for three electron term:         df_ri
 Auxiliary RI basis set:                 Def2-TZVPPD-RI
 Number of RI basis functions:         743
 Gaussians in geminal expansion:        10
 UW12 screening threshold:               1.00e-12
 Method for density-fitting:             w(r)
 Number of core spatial orbitals:       16

 Total number of grid points:        39882
 Method for AO orthogonalization:        symmetric
 Threshold for linear dependence:        1.00e-08
 D3BJ dispersion energy:                -0.034098185

 -------------------------------------
  Running unrestricted open-shell SCF 
 -------------------------------------
 Max number of iterations:             128
 Conv. threshold (gradient):             1.00e-05
 Conv. threshold (energy):               1.00e-06
 Interpolation scheme:                   adiis+cdiis
 Initial guess:                          SAD

 ---------------------------------------------------------------
                  energy        change          grad        time
 ---------------------------------------------------------------
   0      -587.361203406                    2.99e+00       25.96
   1      -586.851283077      5.10e-01      3.58e-01        9.55
   2      -586.864629657     -1.33e-02      3.09e-01        9.21
   3      -586.904515807     -3.99e-02      1.73e-01        8.98
   4      -586.906413328     -1.90e-03      1.34e-01        8.79
   5      -586.913087220     -6.67e-03      5.39e-02        9.13
   6      -586.912276680      8.11e-04      6.77e-02        9.04
   7      -586.913757903     -1.48e-03      2.39e-03        8.84
   8      -586.913778930     -2.10e-05      1.20e-03        8.74
   9      -586.913784122     -5.19e-06      3.50e-04        9.27
  10      -586.913783975      1.47e-07      8.78e-05        9.73
  11      -586.913783827      1.48e-07      3.21e-05        9.40
  12      -586.913783886     -5.96e-08      1.32e-05        9.84
  13      -586.913783934     -4.80e-08      3.94e-06        9.27

 SCF converged in 13 iterations.

 Dipole moment (in Debye):               0.000001       0.000007       0.397526

 Quadrupole moment (in Debye-Angstrom):
                  1            2            3
 1       -50.959804    -0.000000    -0.000000
 2        -0.000000   -50.959777     0.000030
 3        -0.000000     0.000030   -47.065563

 Spin-squared expectation <S^2>:         0.757
 Total spin quantum number S:            0.504
 TOTAL ENERGY:                        -586.913783947

 --------------------------------------------------------------------------------

 End time:                               Sun Oct 24 14:55:01 2021
 Total wall-clock time:                158.390 seconds
==================================================================================
