
================================================================================
          _____________ ________ _______________ ________     _________         
         / ___________// ______ \\_____   _____// ______ \   / ________)        
        / /_________  / /      \ \     | |     / /      \ \ | (_______          
       |  __________|| |        | |    | |    | |        | | \________ \        
        \ \_________ | |        | |    | |     \ \______/ /___________) |       
         \__________||_|        |_|    |_|      \________//____________/        
                                                                                
====================================[ Qcore ]===================================

 Git describe: 2.3.0
 Compiler:     GNU 9.1.0
 Build type:   Release
 Version:      2.3.0

 Start time:   Sun Oct 24 15:04:33 2021

 Data directory: /work/zw18965/.local/qcore/share/entos/qcore/data
 Number of threads: 24
 Number of threads was determined by: command line argument
  - More threads can be used by running 'qcore -n 32'

 --------------------------------------------------------------------------------
                                   command: dft                                  
 --------------------------------------------------------------------------------
 AO basis set:                           def2-tzvppd
 Number of AO basis functions:         224
 ECP on atom 1 (Ag):                     28 electrons
 ECP on atom 2 (Ag):                     28 electrons
 ECP on atom 3 (Ag):                     28 electrons
 ECP on atom 4 (Ag):                     28 electrons

 Formula:                                Ag4
 Nuclear charge:                       188.000000000
 Total charge:                           0.000000000
 Number of core electrons:             112
 Number of treated electrons:           76

 Number of alpha electrons:             38
 Number of beta electrons:              38
 Number of unpaired electrons:           0
 Spin:                                   0
 Multiplicity:                           singlet

 Theory:                                 dft
 Exchange-correlation functional:        0.49 b88 + 0.4 lyp
 Method for Coulomb:                     incore_df
 Method for exact exchange:              pre_transformed_df
 Integral threshold:                     1.00e-12
 DF basis set:                           def2-universal-jkfit
 Number of DF basis functions:        1020
 Schwarz screening threshold:            1.00e-10
 Coulomb fitting method:                 Cholesky

 ------------------
  UW12 Correlation 
 ------------------
 Factor for UW12 correlation:            1.000000000
 Opposite spin scale factor:             0.520000000
 Same spin scale factor:                 0.000000000
 Calculate indirect contribution:        false
 Method for three electron term:         df_ri
 Auxiliary RI basis set:                 Def2-TZVPPD-RI
 Number of RI basis functions:         704
 Gaussians in geminal expansion:        10
 UW12 screening threshold:               1.00e-12
 Method for density-fitting:             w(r)
 Number of core spatial orbitals:       16

 Total number of grid points:        33992
 Method for AO orthogonalization:        symmetric
 Threshold for linear dependence:        1.00e-08
 D3BJ dispersion energy:                -0.030543538

 -------------------------------------
  Running restricted closed-shell SCF 
 -------------------------------------
 Max number of iterations:             128
 Conv. threshold (gradient):             1.00e-05
 Conv. threshold (energy):               1.00e-06
 Interpolation scheme:                   adiis+cdiis
 Initial guess:                          SAD

 ---------------------------------------------------------------
                  energy        change          grad        time
 ---------------------------------------------------------------
   0      -586.844142645                    6.13e+00       13.20
   1      -587.009144219     -1.65e-01      2.58e-01        3.84
   2      -587.009097054      4.72e-05      2.46e-01        3.85
   3      -587.015033997     -5.94e-03      1.10e-01        3.77
   4      -587.015924885     -8.91e-04      6.23e-02        3.73
   5      -587.016376689     -4.52e-04      2.33e-02        3.93
   6      -587.016536692     -1.60e-04      1.43e-03        3.83
   7      -587.016531324      5.37e-06      6.38e-04        3.77
   8      -587.016530132      1.19e-06      2.78e-04        3.96
   9      -587.016530912     -7.80e-07      8.77e-05        3.89
  10      -587.016530977     -6.55e-08      1.71e-05        3.75
  11      -587.016530978     -1.05e-09      2.69e-06        3.87

 SCF converged in 11 iterations.

 Dipole moment (in Debye):              -0.004000       0.000737       0.002157

 Quadrupole moment (in Debye-Angstrom):
                  1            2            3
 1       -74.714240     2.685441    -3.571060
 2         2.685441   -79.809096    -1.500791
 3        -3.571060    -1.500791   -77.207266

 Spin-squared expectation <S^2>:         0.000
 Total spin quantum number S:            0.000
 TOTAL ENERGY:                        -587.016530969

 --------------------------------------------------------------------------------

 End time:                               Sun Oct 24 15:05:36 2021
 Total wall-clock time:                 62.243 seconds
==================================================================================
