
================================================================================
          _____________ ________ _______________ ________     _________         
         / ___________// ______ \\_____   _____// ______ \   / ________)        
        / /_________  / /      \ \     | |     / /      \ \ | (_______          
       |  __________|| |        | |    | |    | |        | | \________ \        
        \ \_________ | |        | |    | |     \ \______/ /___________) |       
         \__________||_|        |_|    |_|      \________//____________/        
                                                                                
====================================[ Qcore ]===================================

 Git describe: 2.3.0
 Compiler:     GNU 9.1.0
 Build type:   Release
 Version:      2.3.0

 Start time:   Sun Oct 24 15:05:36 2021

 Data directory: /work/zw18965/.local/qcore/share/entos/qcore/data
 Number of threads: 24
 Number of threads was determined by: command line argument
  - More threads can be used by running 'qcore -n 32'

 --------------------------------------------------------------------------------
                                   command: dft                                  
 --------------------------------------------------------------------------------
 AO basis set:                           def2-tzvppd
 Number of AO basis functions:          99
 ECP on atom 1 (Au):                     60 electrons

 Formula:                                FAu
 Nuclear charge:                        88.000000000
 Total charge:                           0.000000000
 Number of core electrons:              60
 Number of treated electrons:           28

 Number of alpha electrons:             14
 Number of beta electrons:              14
 Number of unpaired electrons:           0
 Spin:                                   0
 Multiplicity:                           singlet

 Theory:                                 dft
 Exchange-correlation functional:        0.49 b88 + 0.4 lyp
 Method for Coulomb:                     incore_df
 Method for exact exchange:              pre_transformed_df
 Integral threshold:                     1.00e-12
 DF basis set:                           def2-universal-jkfit
 Number of DF basis functions:         324
 Schwarz screening threshold:            1.00e-10
 Coulomb fitting method:                 Cholesky

 ------------------
  UW12 Correlation 
 ------------------
 Factor for UW12 correlation:            1.000000000
 Opposite spin scale factor:             0.520000000
 Same spin scale factor:                 0.000000000
 Calculate indirect contribution:        false
 Method for three electron term:         df_ri
 Auxiliary RI basis set:                 Def2-TZVPPD-RI
 Number of RI basis functions:         285
 Gaussians in geminal expansion:        10
 UW12 screening threshold:               1.00e-12
 Method for density-fitting:             w(r)
 Number of core spatial orbitals:        5

 Total number of grid points:        15932
 Method for AO orthogonalization:        symmetric
 Threshold for linear dependence:        1.00e-08
 D3BJ dispersion energy:                -0.001513071

 -------------------------------------
  Running restricted closed-shell SCF 
 -------------------------------------
 Max number of iterations:             128
 Conv. threshold (gradient):             1.00e-05
 Conv. threshold (energy):               1.00e-06
 Interpolation scheme:                   adiis+cdiis
 Initial guess:                          SAD

 ---------------------------------------------------------------
                  energy        change          grad        time
 ---------------------------------------------------------------
   0      -235.088028134                    3.66e+00        0.69
   1      -235.091736988     -3.71e-03      1.31e+00        0.12
   2      -234.426006741      6.66e-01      3.19e+00        0.11
   3      -235.162719801     -7.37e-01      8.68e-01        0.11
   4      -235.202202596     -3.95e-02      3.95e-01        0.11
   5      -235.206942172     -4.74e-03      2.57e-01        0.11
   6      -235.210638361     -3.70e-03      8.02e-02        0.11
   7      -235.210457579      1.81e-04      9.42e-02        0.10
   8      -235.211006424     -5.49e-04      1.30e-03        0.09
   9      -235.211005603      8.22e-07      4.72e-04        0.09
  10      -235.211005278      3.25e-07      1.82e-04        0.10
  11      -235.211005038      2.40e-07      1.88e-05        0.09
  12      -235.211005102     -6.38e-08      6.48e-06        0.09

 SCF converged in 12 iterations.

 Dipole moment (in Debye):              -0.000000      -0.000000       4.381345

 Quadrupole moment (in Debye-Angstrom):
                  1            2            3
 1       -26.988436    -0.000000     0.000000
 2        -0.000000   -26.988436     0.000001
 3         0.000000     0.000001   -30.215930

 Spin-squared expectation <S^2>:         0.000
 Total spin quantum number S:            0.000
 TOTAL ENERGY:                        -235.211005087

 --------------------------------------------------------------------------------

 End time:                               Sun Oct 24 15:05:40 2021
 Total wall-clock time:                  4.104 seconds
==================================================================================
