
================================================================================
          _____________ ________ _______________ ________     _________         
         / ___________// ______ \\_____   _____// ______ \   / ________)        
        / /_________  / /      \ \     | |     / /      \ \ | (_______          
       |  __________|| |        | |    | |    | |        | | \________ \        
        \ \_________ | |        | |    | |     \ \______/ /___________) |       
         \__________||_|        |_|    |_|      \________//____________/        
                                                                                
====================================[ Qcore ]===================================

 Git describe: 2.3.0
 Compiler:     GNU 9.1.0
 Build type:   Release
 Version:      2.3.0

 Start time:   Sun Oct 24 15:06:31 2021

 Data directory: /work/zw18965/.local/qcore/share/entos/qcore/data
 Number of threads: 24
 Number of threads was determined by: command line argument
  - More threads can be used by running 'qcore -n 32'

 --------------------------------------------------------------------------------
                                   command: dft                                  
 --------------------------------------------------------------------------------
 AO basis set:                           def2-tzvppd
 Number of AO basis functions:         177
 ECP on atom 1 (Au):                     60 electrons
 ECP on atom 2 (Au):                     60 electrons
 ECP on atom 3 (Au):                     60 electrons

 Formula:                                Au3
 Nuclear charge:                       237.000000000
 Total charge:                           0.000000000
 Number of core electrons:             180
 Number of treated electrons:           57

 Number of alpha electrons:             29
 Number of beta electrons:              28
 Number of unpaired electrons:           1
 Spin:                                   1
 Multiplicity:                           doublet

 Theory:                                 dft
 Exchange-correlation functional:        0.49 b88 + 0.4 lyp
 Method for Coulomb:                     incore_df
 Method for exact exchange:              pre_transformed_df
 Integral threshold:                     1.00e-12
 DF basis set:                           def2-universal-jkfit
 Number of DF basis functions:         741
 Schwarz screening threshold:            1.00e-10
 Coulomb fitting method:                 Cholesky

 ------------------
  UW12 Correlation 
 ------------------
 Factor for UW12 correlation:            1.000000000
 Opposite spin scale factor:             0.520000000
 Same spin scale factor:                 0.000000000
 Calculate indirect contribution:        false
 Method for three electron term:         df_ri
 Auxiliary RI basis set:                 Def2-TZVPPD-RI
 Number of RI basis functions:         579
 Gaussians in geminal expansion:        10
 UW12 screening threshold:               1.00e-12
 Method for density-fitting:             w(r)
 Number of core spatial orbitals:       12

 Total number of grid points:        27360
 Method for AO orthogonalization:        symmetric
 Threshold for linear dependence:        1.00e-08
 D3BJ dispersion energy:                -0.023160055

 -------------------------------------
  Running unrestricted open-shell SCF 
 -------------------------------------
 Max number of iterations:             128
 Conv. threshold (gradient):             1.00e-05
 Conv. threshold (energy):               1.00e-06
 Interpolation scheme:                   adiis+cdiis
 Initial guess:                          SAD

 ---------------------------------------------------------------
                  energy        change          grad        time
 ---------------------------------------------------------------
   0      -406.306311560                    4.89e+00        8.03
   1      -406.389024879     -8.27e-02      1.38e-01        2.49
   2      -406.387322038      1.70e-03      1.69e-01        2.42
   3      -406.397793526     -1.05e-02      5.94e-02        2.44
   4      -406.397141122      6.52e-04      7.88e-02        2.52
   5      -406.399182166     -2.04e-03      8.61e-03        2.41
   6      -406.399209804     -2.76e-05      5.38e-03        2.42
   7      -406.399238833     -2.90e-05      2.37e-03        2.36
   8      -406.399241870     -3.04e-06      1.07e-03        2.55
   9      -406.399244842     -2.97e-06      6.74e-04        2.41
  10      -406.399245298     -4.55e-07      2.24e-04        2.36
  11      -406.399244709      5.88e-07      1.32e-04        2.39
  12      -406.399244856     -1.47e-07      8.57e-05        2.47
  13      -406.399244985     -1.29e-07      5.94e-05        2.49
  14      -406.399244992     -7.33e-09      6.13e-05        2.39
  15      -406.399244999     -7.02e-09      5.79e-05        2.40
  16      -406.399245033     -3.35e-08      5.74e-05        2.48
  17      -406.399245071     -3.84e-08      5.57e-05        2.39
  18      -406.399245226     -1.55e-07      5.00e-05        2.40
  19      -406.399245443     -2.17e-07      3.95e-05        2.40
  20      -406.399245687     -2.44e-07      3.33e-05        2.36
  21      -406.399245693     -5.92e-09      2.30e-05        2.46
  22      -406.399245794     -1.01e-07      5.30e-05        2.42
  23      -406.399245805     -1.05e-08      9.75e-06        2.37

 SCF converged in 23 iterations.

 Dipole moment (in Debye):              -1.212549       0.699680      -0.000000

 Quadrupole moment (in Debye-Angstrom):
                  1            2            3
 1       -68.633502     4.471998     0.000001
 2         4.471998   -63.471562    -0.000000
 3         0.000001    -0.000000   -69.423337

 Spin-squared expectation <S^2>:         0.767
 Total spin quantum number S:            0.509
 TOTAL ENERGY:                        -406.399245804

 --------------------------------------------------------------------------------

 End time:                               Sun Oct 24 15:07:40 2021
 Total wall-clock time:                 68.938 seconds
==================================================================================
