
================================================================================
          _____________ ________ _______________ ________     _________         
         / ___________// ______ \\_____   _____// ______ \   / ________)        
        / /_________  / /      \ \     | |     / /      \ \ | (_______          
       |  __________|| |        | |    | |    | |        | | \________ \        
        \ \_________ | |        | |    | |     \ \______/ /___________) |       
         \__________||_|        |_|    |_|      \________//____________/        
                                                                                
====================================[ Qcore ]===================================

 Git describe: 2.3.0
 Compiler:     GNU 9.1.0
 Build type:   Release
 Version:      2.3.0

 Start time:   Sun Oct 24 15:07:40 2021

 Data directory: /work/zw18965/.local/qcore/share/entos/qcore/data
 Number of threads: 24
 Number of threads was determined by: command line argument
  - More threads can be used by running 'qcore -n 32'

 --------------------------------------------------------------------------------
                                   command: dft                                  
 --------------------------------------------------------------------------------
 AO basis set:                           def2-tzvppd
 Number of AO basis functions:         177
 ECP on atom 1 (Au):                     60 electrons
 ECP on atom 2 (Au):                     60 electrons
 ECP on atom 3 (Au):                     60 electrons

 Formula:                                Au3
 Nuclear charge:                       237.000000000
 Total charge:                           0.000000000
 Number of core electrons:             180
 Number of treated electrons:           57

 Number of alpha electrons:             29
 Number of beta electrons:              28
 Number of unpaired electrons:           1
 Spin:                                   1
 Multiplicity:                           doublet

 Theory:                                 dft
 Exchange-correlation functional:        0.49 b88 + 0.4 lyp
 Method for Coulomb:                     incore_df
 Method for exact exchange:              pre_transformed_df
 Integral threshold:                     1.00e-12
 DF basis set:                           def2-universal-jkfit
 Number of DF basis functions:         741
 Schwarz screening threshold:            1.00e-10
 Coulomb fitting method:                 Cholesky

 ------------------
  UW12 Correlation 
 ------------------
 Factor for UW12 correlation:            1.000000000
 Opposite spin scale factor:             0.520000000
 Same spin scale factor:                 0.000000000
 Calculate indirect contribution:        false
 Method for three electron term:         df_ri
 Auxiliary RI basis set:                 Def2-TZVPPD-RI
 Number of RI basis functions:         579
 Gaussians in geminal expansion:        10
 UW12 screening threshold:               1.00e-12
 Method for density-fitting:             w(r)
 Number of core spatial orbitals:       12

 Total number of grid points:        27360
 Method for AO orthogonalization:        symmetric
 Threshold for linear dependence:        1.00e-08
 D3BJ dispersion energy:                -0.016814482

 -------------------------------------
  Running unrestricted open-shell SCF 
 -------------------------------------
 Max number of iterations:             128
 Conv. threshold (gradient):             1.00e-05
 Conv. threshold (energy):               1.00e-06
 Interpolation scheme:                   adiis+cdiis
 Initial guess:                          SAD

 ---------------------------------------------------------------
                  energy        change          grad        time
 ---------------------------------------------------------------
   0      -406.253809247                    3.73e+00        7.88
   1      -406.388026636     -1.34e-01      8.74e-02        2.50
   2      -406.387973218      5.34e-05      9.69e-02        2.45
   3      -406.394309655     -6.34e-03      2.76e-02        2.44
   4      -406.394798978     -4.89e-04      1.25e-02        2.43
   5      -406.394816371     -1.74e-05      3.41e-03        2.52
   6      -406.394836377     -2.00e-05      9.38e-04        2.44
   7      -406.394836273      1.04e-07      2.34e-04        2.41
   8      -406.394839187     -2.91e-06      1.38e-04        2.48
   9      -406.394838733      4.55e-07      3.17e-05        2.46
  10      -406.394838677      5.59e-08      1.31e-05        2.40
  11      -406.394838688     -1.12e-08      3.51e-06        2.40

 SCF converged in 11 iterations.

 Dipole moment (in Debye):              -0.000002      -0.000002      -0.000008

 Quadrupole moment (in Debye-Angstrom):
                  1            2            3
 1       -68.904136    -0.000002     0.000001
 2        -0.000002   -68.904136     0.000001
 3         0.000001     0.000001   -55.837019

 Spin-squared expectation <S^2>:         0.772
 Total spin quantum number S:            0.511
 TOTAL ENERGY:                        -406.394838683

 --------------------------------------------------------------------------------

 End time:                               Sun Oct 24 15:08:20 2021
 Total wall-clock time:                 39.710 seconds
==================================================================================
