
================================================================================
          _____________ ________ _______________ ________     _________         
         / ___________// ______ \\_____   _____// ______ \   / ________)        
        / /_________  / /      \ \     | |     / /      \ \ | (_______          
       |  __________|| |        | |    | |    | |        | | \________ \        
        \ \_________ | |        | |    | |     \ \______/ /___________) |       
         \__________||_|        |_|    |_|      \________//____________/        
                                                                                
====================================[ Qcore ]===================================

 Git describe: 2.3.0
 Compiler:     GNU 9.1.0
 Build type:   Release
 Version:      2.3.0

 Start time:   Sun Oct 24 15:19:35 2021

 Data directory: /work/zw18965/.local/qcore/share/entos/qcore/data
 Number of threads: 24
 Number of threads was determined by: command line argument
  - More threads can be used by running 'qcore -n 32'

 --------------------------------------------------------------------------------
                                   command: dft                                  
 --------------------------------------------------------------------------------
 AO basis set:                           def2-tzvppd
 Number of AO basis functions:         324
 ECP on atom 1 (Au):                     60 electrons
 ECP on atom 2 (Au):                     60 electrons
 ECP on atom 3 (Au):                     60 electrons
 ECP on atom 4 (Au):                     60 electrons

 Formula:                                H3NAu4(2+)
 Nuclear charge:                       326.000000000
 Total charge:                           2.000000000
 Number of core electrons:             240
 Number of treated electrons:           84

 Number of alpha electrons:             42
 Number of beta electrons:              42
 Number of unpaired electrons:           0
 Spin:                                   0
 Multiplicity:                           singlet

 Theory:                                 dft
 Exchange-correlation functional:        0.49 b88 + 0.4 lyp
 Method for Coulomb:                     incore_df
 Method for exact exchange:              pre_transformed_df
 Integral threshold:                     1.00e-12
 DF basis set:                           def2-universal-jkfit
 Number of DF basis functions:        1119
 Schwarz screening threshold:            1.00e-10
 Coulomb fitting method:                 Cholesky

 ------------------
  UW12 Correlation 
 ------------------
 Factor for UW12 correlation:            1.000000000
 Opposite spin scale factor:             0.520000000
 Same spin scale factor:                 0.000000000
 Calculate indirect contribution:        false
 Method for three electron term:         df_ri
 Auxiliary RI basis set:                 Def2-TZVPPD-RI
 Number of RI basis functions:         981
 Gaussians in geminal expansion:        10
 UW12 screening threshold:               1.00e-12
 Method for density-fitting:             w(r)
 Number of core spatial orbitals:       17

 Total number of grid points:        60950
 Method for AO orthogonalization:        symmetric
 Threshold for linear dependence:        1.00e-08
 D3BJ dispersion energy:                -0.049683418

 -------------------------------------
  Running restricted closed-shell SCF 
 -------------------------------------
 Max number of iterations:             128
 Conv. threshold (gradient):             1.00e-05
 Conv. threshold (energy):               1.00e-06
 Interpolation scheme:                   adiis+cdiis
 Initial guess:                          SAD

 ---------------------------------------------------------------
                  energy        change          grad        time
 ---------------------------------------------------------------
   0      -598.458957569                    1.61e+01       24.42
   1      -597.644676694      8.14e-01      1.93e+00        8.37
   2      -597.459314635      1.85e-01      3.75e+00        8.21
   3      -597.738417996     -2.79e-01      4.63e-01        8.12
   4      -597.737777779      6.40e-04      5.52e-01        7.91
   5      -597.746053572     -8.28e-03      2.28e-02        8.08
   6      -597.745833672      2.20e-04      2.64e-02        8.10
   7      -597.745995294     -1.62e-04      2.22e-03        8.04
   8      -597.745998320     -3.03e-06      8.09e-04        8.08
   9      -597.745995529      2.79e-06      2.63e-04        8.09
  10      -597.745995654     -1.25e-07      1.33e-04        8.27
  11      -597.745995576      7.77e-08      4.33e-05        7.84
  12      -597.745995558      1.84e-08      1.46e-05        7.90
  13      -597.745995580     -2.19e-08      3.94e-06        7.94

 SCF converged in 13 iterations.

 Dipole moment (in Debye):              -0.000000      -0.000037      -4.235349

 Quadrupole moment (in Debye-Angstrom):
                  1            2            3
 1       -70.928831    -0.000001    -0.000001
 2        -0.000001   -70.929007     0.000068
 3        -0.000001     0.000068   -49.765139

 Spin-squared expectation <S^2>:         0.000
 Total spin quantum number S:            0.000
 TOTAL ENERGY:                        -597.745995575

 --------------------------------------------------------------------------------

 End time:                               Sun Oct 24 15:21:57 2021
 Total wall-clock time:                142.233 seconds
==================================================================================
