
================================================================================
          _____________ ________ _______________ ________     _________         
         / ___________// ______ \\_____   _____// ______ \   / ________)        
        / /_________  / /      \ \     | |     / /      \ \ | (_______          
       |  __________|| |        | |    | |    | |        | | \________ \        
        \ \_________ | |        | |    | |     \ \______/ /___________) |       
         \__________||_|        |_|    |_|      \________//____________/        
                                                                                
====================================[ Qcore ]===================================

 Git describe: 2.3.0
 Compiler:     GNU 9.1.0
 Build type:   Release
 Version:      2.3.0

 Start time:   Sun Oct 24 15:14:00 2021

 Data directory: /work/zw18965/.local/qcore/share/entos/qcore/data
 Number of threads: 24
 Number of threads was determined by: command line argument
  - More threads can be used by running 'qcore -n 32'

 --------------------------------------------------------------------------------
                                   command: dft                                  
 --------------------------------------------------------------------------------
 AO basis set:                           def2-tzvppd
 Number of AO basis functions:         253
 ECP on atom 1 (Au):                     60 electrons
 ECP on atom 2 (Au):                     60 electrons
 ECP on atom 3 (Au):                     60 electrons
 ECP on atom 4 (Au):                     60 electrons

 Formula:                                HAu4(2+)
 Nuclear charge:                       317.000000000
 Total charge:                           2.000000000
 Number of core electrons:             240
 Number of treated electrons:           75

 Number of alpha electrons:             38
 Number of beta electrons:              37
 Number of unpaired electrons:           1
 Spin:                                   1
 Multiplicity:                           doublet

 Theory:                                 dft
 Exchange-correlation functional:        0.49 b88 + 0.4 lyp
 Method for Coulomb:                     incore_df
 Method for exact exchange:              pre_transformed_df
 Integral threshold:                     1.00e-12
 DF basis set:                           def2-universal-jkfit
 Number of DF basis functions:        1006
 Schwarz screening threshold:            1.00e-10
 Coulomb fitting method:                 Cholesky

 ------------------
  UW12 Correlation 
 ------------------
 Factor for UW12 correlation:            1.000000000
 Opposite spin scale factor:             0.520000000
 Same spin scale factor:                 0.000000000
 Calculate indirect contribution:        false
 Method for three electron term:         df_ri
 Auxiliary RI basis set:                 Def2-TZVPPD-RI
 Number of RI basis functions:         811
 Gaussians in geminal expansion:        10
 UW12 screening threshold:               1.00e-12
 Method for density-fitting:             w(r)
 Number of core spatial orbitals:       16

 Total number of grid points:        42370
 Method for AO orthogonalization:        symmetric
 Threshold for linear dependence:        1.00e-08
 D3BJ dispersion energy:                -0.045160642

 -------------------------------------
  Running unrestricted open-shell SCF 
 -------------------------------------
 Max number of iterations:             128
 Conv. threshold (gradient):             1.00e-05
 Conv. threshold (energy):               1.00e-06
 Interpolation scheme:                   adiis+cdiis
 Initial guess:                          SAD

 ---------------------------------------------------------------
                  energy        change          grad        time
 ---------------------------------------------------------------
   0      -542.516330428                    8.79e+00       22.95
   1      -541.678404758      8.38e-01      2.75e-01        8.82
   2      -541.687791469     -9.39e-03      2.66e-01        8.95
   3      -541.732846011     -4.51e-02      1.52e-01        8.38
   4      -541.726904438      5.94e-03      2.50e-01        8.74
   5      -541.738091740     -1.12e-02      2.02e-02        8.78
   6      -541.738339971     -2.48e-04      2.65e-02        8.75
   7      -541.738477230     -1.37e-04      3.85e-03        8.47
   8      -541.738479644     -2.41e-06      1.57e-03        9.04
   9      -541.738481669     -2.02e-06      5.98e-04        8.78
  10      -541.738483053     -1.38e-06      1.66e-04        8.70
  11      -541.738483154     -1.01e-07      5.17e-05        8.83
  12      -541.738483152      1.64e-09      2.08e-05        8.37
  13      -541.738483133      1.93e-08      9.85e-06        8.74

 SCF converged in 13 iterations.

 Dipole moment (in Debye):               0.000000      -0.000002      -1.332796

 Quadrupole moment (in Debye-Angstrom):
                  1            2            3
 1       -63.271214    -0.000001    -0.000000
 2        -0.000001   -63.271274    -0.000254
 3        -0.000000    -0.000254   -67.424963

 Spin-squared expectation <S^2>:         0.756
 Total spin quantum number S:            0.503
 TOTAL ENERGY:                        -541.738483146

 --------------------------------------------------------------------------------

 End time:                               Sun Oct 24 15:16:29 2021
 Total wall-clock time:                149.191 seconds
==================================================================================
