
================================================================================
          _____________ ________ _______________ ________     _________         
         / ___________// ______ \\_____   _____// ______ \   / ________)        
        / /_________  / /      \ \     | |     / /      \ \ | (_______          
       |  __________|| |        | |    | |    | |        | | \________ \        
        \ \_________ | |        | |    | |     \ \______/ /___________) |       
         \__________||_|        |_|    |_|      \________//____________/        
                                                                                
====================================[ Qcore ]===================================

 Git describe: 2.3.0
 Compiler:     GNU 9.1.0
 Build type:   Release
 Version:      2.3.0

 Start time:   Sun Oct 24 15:08:20 2021

 Data directory: /work/zw18965/.local/qcore/share/entos/qcore/data
 Number of threads: 24
 Number of threads was determined by: command line argument
  - More threads can be used by running 'qcore -n 32'

 --------------------------------------------------------------------------------
                                   command: dft                                  
 --------------------------------------------------------------------------------
 AO basis set:                           def2-tzvppd
 Number of AO basis functions:         253
 ECP on atom 1 (Au):                     60 electrons
 ECP on atom 2 (Au):                     60 electrons
 ECP on atom 3 (Au):                     60 electrons
 ECP on atom 4 (Au):                     60 electrons

 Formula:                                HAu4(2+)
 Nuclear charge:                       317.000000000
 Total charge:                           2.000000000
 Number of core electrons:             240
 Number of treated electrons:           75

 Number of alpha electrons:             38
 Number of beta electrons:              37
 Number of unpaired electrons:           1
 Spin:                                   1
 Multiplicity:                           doublet

 Theory:                                 dft
 Exchange-correlation functional:        0.49 b88 + 0.4 lyp
 Method for Coulomb:                     incore_df
 Method for exact exchange:              pre_transformed_df
 Integral threshold:                     1.00e-12
 DF basis set:                           def2-universal-jkfit
 Number of DF basis functions:        1006
 Schwarz screening threshold:            1.00e-10
 Coulomb fitting method:                 Cholesky

 ------------------
  UW12 Correlation 
 ------------------
 Factor for UW12 correlation:            1.000000000
 Opposite spin scale factor:             0.520000000
 Same spin scale factor:                 0.000000000
 Calculate indirect contribution:        false
 Method for three electron term:         df_ri
 Auxiliary RI basis set:                 Def2-TZVPPD-RI
 Number of RI basis functions:         811
 Gaussians in geminal expansion:        10
 UW12 screening threshold:               1.00e-12
 Method for density-fitting:             w(r)
 Number of core spatial orbitals:       16

 Total number of grid points:        42370
 Method for AO orthogonalization:        symmetric
 Threshold for linear dependence:        1.00e-08
 D3BJ dispersion energy:                -0.042976930

 -------------------------------------
  Running unrestricted open-shell SCF 
 -------------------------------------
 Max number of iterations:             128
 Conv. threshold (gradient):             1.00e-05
 Conv. threshold (energy):               1.00e-06
 Interpolation scheme:                   adiis+cdiis
 Initial guess:                          SAD

 ---------------------------------------------------------------
                  energy        change          grad        time
 ---------------------------------------------------------------
   0      -542.436085841                    7.99e+00       26.85
   1      -541.680630824      7.55e-01      4.05e-01        9.42
   2      -541.672695082      7.94e-03      5.35e-01        9.54
   3      -541.752745166     -8.01e-02      1.22e-01        9.33
   4      -541.747500699      5.24e-03      1.71e-01        9.71
   5      -541.756596617     -9.10e-03      2.52e-02        9.28
   6      -541.756556117      4.05e-05      3.60e-02        9.30
   7      -541.756874139     -3.18e-04      4.18e-03        9.36
   8      -541.756888357     -1.42e-05      1.56e-03        9.91
   9      -541.756890394     -2.04e-06      6.00e-04        9.53
  10      -541.756893627     -3.23e-06      2.50e-04       10.14
  11      -541.756893743     -1.16e-07      1.15e-04        9.88
  12      -541.756893788     -4.49e-08      4.83e-05        9.94
  13      -541.756893940     -1.52e-07      1.15e-05       10.15
  14      -541.756893915      2.49e-08      3.28e-06        9.87

 SCF converged in 14 iterations.

 Dipole moment (in Debye):               0.000001      -0.000000       0.507124

 Quadrupole moment (in Debye-Angstrom):
                  1            2            3
 1       -64.507301    -0.000002    -0.000001
 2        -0.000002   -64.507399     0.000019
 3        -0.000001     0.000019   -61.257962

 Spin-squared expectation <S^2>:         0.757
 Total spin quantum number S:            0.504
 TOTAL ENERGY:                        -541.756893935

 --------------------------------------------------------------------------------

 End time:                               Sun Oct 24 15:11:16 2021
 Total wall-clock time:                176.012 seconds
==================================================================================
