
================================================================================
          _____________ ________ _______________ ________     _________         
         / ___________// ______ \\_____   _____// ______ \   / ________)        
        / /_________  / /      \ \     | |     / /      \ \ | (_______          
       |  __________|| |        | |    | |    | |        | | \________ \        
        \ \_________ | |        | |    | |     \ \______/ /___________) |       
         \__________||_|        |_|    |_|      \________//____________/        
                                                                                
====================================[ Qcore ]===================================

 Git describe: 2.3.0
 Compiler:     GNU 9.1.0
 Build type:   Release
 Version:      2.3.0

 Start time:   Sun Oct 24 15:21:57 2021

 Data directory: /work/zw18965/.local/qcore/share/entos/qcore/data
 Number of threads: 24
 Number of threads was determined by: command line argument
  - More threads can be used by running 'qcore -n 32'

 --------------------------------------------------------------------------------
                                   command: dft                                  
 --------------------------------------------------------------------------------
 AO basis set:                           def2-tzvppd
 Number of AO basis functions:         236
 ECP on atom 1 (Au):                     60 electrons
 ECP on atom 2 (Au):                     60 electrons
 ECP on atom 3 (Au):                     60 electrons
 ECP on atom 4 (Au):                     60 electrons

 Formula:                                Au4
 Nuclear charge:                       316.000000000
 Total charge:                           0.000000000
 Number of core electrons:             240
 Number of treated electrons:           76

 Number of alpha electrons:             38
 Number of beta electrons:              38
 Number of unpaired electrons:           0
 Spin:                                   0
 Multiplicity:                           singlet

 Theory:                                 dft
 Exchange-correlation functional:        0.49 b88 + 0.4 lyp
 Method for Coulomb:                     incore_df
 Method for exact exchange:              pre_transformed_df
 Integral threshold:                     1.00e-12
 DF basis set:                           def2-universal-jkfit
 Number of DF basis functions:         988
 Schwarz screening threshold:            1.00e-10
 Coulomb fitting method:                 Cholesky

 ------------------
  UW12 Correlation 
 ------------------
 Factor for UW12 correlation:            1.000000000
 Opposite spin scale factor:             0.520000000
 Same spin scale factor:                 0.000000000
 Calculate indirect contribution:        false
 Method for three electron term:         df_ri
 Auxiliary RI basis set:                 Def2-TZVPPD-RI
 Number of RI basis functions:         772
 Gaussians in geminal expansion:        10
 UW12 screening threshold:               1.00e-12
 Method for density-fitting:             w(r)
 Number of core spatial orbitals:       16

 Total number of grid points:        36480
 Method for AO orthogonalization:        symmetric
 Threshold for linear dependence:        1.00e-08
 D3BJ dispersion energy:                -0.037908993

 -------------------------------------
  Running restricted closed-shell SCF 
 -------------------------------------
 Max number of iterations:             128
 Conv. threshold (gradient):             1.00e-05
 Conv. threshold (energy):               1.00e-06
 Interpolation scheme:                   adiis+cdiis
 Initial guess:                          SAD

 ---------------------------------------------------------------
                  energy        change          grad        time
 ---------------------------------------------------------------
   0      -541.836847244                    1.33e+01       11.85
   1      -541.912886992     -7.60e-02      3.28e-01        3.69
   2      -541.910069994      2.82e-03      3.86e-01        3.60
   3      -541.924055391     -1.40e-02      8.69e-02        3.66
   4      -541.923463249      5.92e-04      1.15e-01        3.57
   5      -541.925171641     -1.71e-03      7.54e-03        3.66
   6      -541.925174908     -3.27e-06      5.33e-03        3.66
   7      -541.925179429     -4.52e-06      2.23e-03        3.56
   8      -541.925177234      2.20e-06      4.07e-04        3.56
   9      -541.925177969     -7.36e-07      1.50e-04        3.61
  10      -541.925177822      1.47e-07      4.08e-05        3.58
  11      -541.925177804      1.80e-08      1.23e-05        3.54
  12      -541.925177800      3.67e-09      4.48e-06        3.54

 SCF converged in 12 iterations.

 Dipole moment (in Debye):               0.001022       0.000036      -0.000030

 Quadrupole moment (in Debye-Angstrom):
                  1            2            3
 1       -84.984372     0.071817     2.440131
 2         0.071817   -92.512603     0.020426
 3         2.440131     0.020426   -90.951719

 Spin-squared expectation <S^2>:         0.000
 Total spin quantum number S:            0.000
 TOTAL ENERGY:                        -541.925177807

 --------------------------------------------------------------------------------

 End time:                               Sun Oct 24 15:22:59 2021
 Total wall-clock time:                 62.035 seconds
==================================================================================
