
================================================================================
          _____________ ________ _______________ ________     _________         
         / ___________// ______ \\_____   _____// ______ \   / ________)        
        / /_________  / /      \ \     | |     / /      \ \ | (_______          
       |  __________|| |        | |    | |    | |        | | \________ \        
        \ \_________ | |        | |    | |     \ \______/ /___________) |       
         \__________||_|        |_|    |_|      \________//____________/        
                                                                                
====================================[ Qcore ]===================================

 Git describe: 2.3.0
 Compiler:     GNU 9.1.0
 Build type:   Release
 Version:      2.3.0

 Start time:   Sun Oct 24 15:17:23 2021

 Data directory: /work/zw18965/.local/qcore/share/entos/qcore/data
 Number of threads: 24
 Number of threads was determined by: command line argument
  - More threads can be used by running 'qcore -n 32'

 --------------------------------------------------------------------------------
                                   command: dft                                  
 --------------------------------------------------------------------------------
 AO basis set:                           def2-tzvppd
 Number of AO basis functions:         324
 ECP on atom 1 (Au):                     60 electrons
 ECP on atom 2 (Au):                     60 electrons
 ECP on atom 3 (Au):                     60 electrons
 ECP on atom 4 (Au):                     60 electrons

 Formula:                                H3NAu4(2+)
 Nuclear charge:                       326.000000000
 Total charge:                           2.000000000
 Number of core electrons:             240
 Number of treated electrons:           84

 Number of alpha electrons:             42
 Number of beta electrons:              42
 Number of unpaired electrons:           0
 Spin:                                   0
 Multiplicity:                           singlet

 Theory:                                 dft
 Exchange-correlation functional:        0.49 b88 + 0.4 lyp
 Method for Coulomb:                     incore_df
 Method for exact exchange:              pre_transformed_df
 Integral threshold:                     1.00e-12
 DF basis set:                           def2-universal-jkfit
 Number of DF basis functions:        1119
 Schwarz screening threshold:            1.00e-10
 Coulomb fitting method:                 Cholesky

 ------------------
  UW12 Correlation 
 ------------------
 Factor for UW12 correlation:            1.000000000
 Opposite spin scale factor:             0.520000000
 Same spin scale factor:                 0.000000000
 Calculate indirect contribution:        false
 Method for three electron term:         df_ri
 Auxiliary RI basis set:                 Def2-TZVPPD-RI
 Number of RI basis functions:         981
 Gaussians in geminal expansion:        10
 UW12 screening threshold:               1.00e-12
 Method for density-fitting:             w(r)
 Number of core spatial orbitals:       17

 Total number of grid points:        60950
 Method for AO orthogonalization:        symmetric
 Threshold for linear dependence:        1.00e-08
 D3BJ dispersion energy:                -0.049214155

 -------------------------------------
  Running restricted closed-shell SCF 
 -------------------------------------
 Max number of iterations:             128
 Conv. threshold (gradient):             1.00e-05
 Conv. threshold (energy):               1.00e-06
 Interpolation scheme:                   adiis+cdiis
 Initial guess:                          SAD

 ---------------------------------------------------------------
                  energy        change          grad        time
 ---------------------------------------------------------------
   0      -598.612307109                    1.92e+01       23.41
   1      -597.746081364      8.66e-01      1.76e+00        8.11
   2      -597.722084573      2.40e-02      2.16e+00        7.67
   3      -597.813426746     -9.13e-02      1.42e-01        7.89
   4      -597.813271924      1.55e-04      1.91e-01        8.06
   5      -597.814386434     -1.11e-03      1.17e-02        8.09
   6      -597.814291634      9.48e-05      1.12e-02        7.91
   7      -597.814348382     -5.67e-05      1.62e-03        7.93
   8      -597.814343241      5.14e-06      1.29e-03        7.99
   9      -597.814343073      1.69e-07      2.28e-04        7.98
  10      -597.814343194     -1.21e-07      4.19e-05        7.68
  11      -597.814343144      5.00e-08      1.69e-05        7.85
  12      -597.814343153     -9.65e-09      5.22e-06        7.92

 SCF converged in 12 iterations.

 Dipole moment (in Debye):              -1.089648       6.224731      -0.000003

 Quadrupole moment (in Debye-Angstrom):
                  1            2            3
 1       -70.127649    -6.110162    -0.000005
 2        -6.110162   -36.255192     0.000001
 3        -0.000005     0.000001   -71.192936

 Spin-squared expectation <S^2>:         0.000
 Total spin quantum number S:            0.000
 TOTAL ENERGY:                        -597.814343149

 --------------------------------------------------------------------------------

 End time:                               Sun Oct 24 15:19:35 2021
 Total wall-clock time:                131.423 seconds
==================================================================================
