
================================================================================
          _____________ ________ _______________ ________     _________         
         / ___________// ______ \\_____   _____// ______ \   / ________)        
        / /_________  / /      \ \     | |     / /      \ \ | (_______          
       |  __________|| |        | |    | |    | |        | | \________ \        
        \ \_________ | |        | |    | |     \ \______/ /___________) |       
         \__________||_|        |_|    |_|      \________//____________/        
                                                                                
====================================[ Qcore ]===================================

 Git describe: 2.3.0
 Compiler:     GNU 9.1.0
 Build type:   Release
 Version:      2.3.0

 Start time:   Sun Oct 24 15:11:16 2021

 Data directory: /work/zw18965/.local/qcore/share/entos/qcore/data
 Number of threads: 24
 Number of threads was determined by: command line argument
  - More threads can be used by running 'qcore -n 32'

 --------------------------------------------------------------------------------
                                   command: dft                                  
 --------------------------------------------------------------------------------
 AO basis set:                           def2-tzvppd
 Number of AO basis functions:         253
 ECP on atom 1 (Au):                     60 electrons
 ECP on atom 2 (Au):                     60 electrons
 ECP on atom 3 (Au):                     60 electrons
 ECP on atom 4 (Au):                     60 electrons

 Formula:                                HAu4(2+)
 Nuclear charge:                       317.000000000
 Total charge:                           2.000000000
 Number of core electrons:             240
 Number of treated electrons:           75

 Number of alpha electrons:             38
 Number of beta electrons:              37
 Number of unpaired electrons:           1
 Spin:                                   1
 Multiplicity:                           doublet

 Theory:                                 dft
 Exchange-correlation functional:        0.49 b88 + 0.4 lyp
 Method for Coulomb:                     incore_df
 Method for exact exchange:              pre_transformed_df
 Integral threshold:                     1.00e-12
 DF basis set:                           def2-universal-jkfit
 Number of DF basis functions:        1006
 Schwarz screening threshold:            1.00e-10
 Coulomb fitting method:                 Cholesky

 ------------------
  UW12 Correlation 
 ------------------
 Factor for UW12 correlation:            1.000000000
 Opposite spin scale factor:             0.520000000
 Same spin scale factor:                 0.000000000
 Calculate indirect contribution:        false
 Method for three electron term:         df_ri
 Auxiliary RI basis set:                 Def2-TZVPPD-RI
 Number of RI basis functions:         811
 Gaussians in geminal expansion:        10
 UW12 screening threshold:               1.00e-12
 Method for density-fitting:             w(r)
 Number of core spatial orbitals:       16

 Total number of grid points:        42370
 Method for AO orthogonalization:        symmetric
 Threshold for linear dependence:        1.00e-08
 D3BJ dispersion energy:                -0.043490716

 -------------------------------------
  Running unrestricted open-shell SCF 
 -------------------------------------
 Max number of iterations:             128
 Conv. threshold (gradient):             1.00e-05
 Conv. threshold (energy):               1.00e-06
 Interpolation scheme:                   adiis+cdiis
 Initial guess:                          SAD

 ---------------------------------------------------------------
                  energy        change          grad        time
 ---------------------------------------------------------------
   0      -542.488789632                    8.66e+00       25.02
   1      -541.696229137      7.93e-01      3.06e-01        9.67
   2      -541.706014110     -9.78e-03      3.33e-01        9.15
   3      -541.751278031     -4.53e-02      1.12e-01        9.07
   4      -541.747129380      4.15e-03      1.42e-01        9.99
   5      -541.754619115     -7.49e-03      1.86e-02        8.84
   6      -541.754866168     -2.47e-04      1.79e-02        8.79
   7      -541.754851411      1.48e-05      2.48e-03        8.74
   8      -541.754852931     -1.52e-06      8.31e-04        8.57
   9      -541.754852715      2.16e-07      3.30e-04        9.31
  10      -541.754854416     -1.70e-06      1.01e-04        8.72
  11      -541.754854326      8.93e-08      4.91e-05        8.99
  12      -541.754854234      9.20e-08      2.26e-05        8.92
  13      -541.754854228      6.72e-09      1.69e-05        8.71
  14      -541.754854214      1.36e-08      6.14e-06        8.63

 SCF converged in 14 iterations.

 Dipole moment (in Debye):               0.000000      -0.000001       0.723046

 Quadrupole moment (in Debye-Angstrom):
                  1            2            3
 1       -66.006463    -0.000000    -0.000001
 2        -0.000000   -62.751804    -0.000002
 3        -0.000001    -0.000002   -64.062976

 Spin-squared expectation <S^2>:         0.761
 Total spin quantum number S:            0.505
 TOTAL ENERGY:                        -541.754854213

 --------------------------------------------------------------------------------

 End time:                               Sun Oct 24 15:14:00 2021
 Total wall-clock time:                163.558 seconds
==================================================================================
