
================================================================================
          _____________ ________ _______________ ________     _________         
         / ___________// ______ \\_____   _____// ______ \   / ________)        
        / /_________  / /      \ \     | |     / /      \ \ | (_______          
       |  __________|| |        | |    | |    | |        | | \________ \        
        \ \_________ | |        | |    | |     \ \______/ /___________) |       
         \__________||_|        |_|    |_|      \________//____________/        
                                                                                
====================================[ Qcore ]===================================

 Git describe: 2.3.0
 Compiler:     GNU 9.1.0
 Build type:   Release
 Version:      2.3.0

 Start time:   Sun Oct 24 15:23:05 2021

 Data directory: /work/zw18965/.local/qcore/share/entos/qcore/data
 Number of threads: 24
 Number of threads was determined by: command line argument
  - More threads can be used by running 'qcore -n 32'

 --------------------------------------------------------------------------------
                                   command: dft                                  
 --------------------------------------------------------------------------------
 AO basis set:                           def2-tzvppd
 Number of AO basis functions:          84

 Formula:                                HCu
 Nuclear charge:                        30.000000000
 Total charge:                           0.000000000
 Number of electrons:                   30.000000000

 Number of alpha electrons:             15
 Number of beta electrons:              15
 Number of unpaired electrons:           0
 Spin:                                   0
 Multiplicity:                           singlet

 Theory:                                 dft
 Exchange-correlation functional:        0.49 b88 + 0.4 lyp
 Method for Coulomb:                     incore_df
 Method for exact exchange:              pre_transformed_df
 Integral threshold:                     1.00e-12
 DF basis set:                           def2-universal-jkfit
 Number of DF basis functions:         282
 Schwarz screening threshold:            1.00e-10
 Coulomb fitting method:                 Cholesky

 ------------------
  UW12 Correlation 
 ------------------
 Factor for UW12 correlation:            1.000000000
 Opposite spin scale factor:             0.520000000
 Same spin scale factor:                 0.000000000
 Calculate indirect contribution:        false
 Method for three electron term:         df_ri
 Auxiliary RI basis set:                 Def2-TZVPPD-RI
 Number of RI basis functions:         264
 Gaussians in geminal expansion:        10
 UW12 screening threshold:               1.00e-12
 Method for density-fitting:             w(r)
 Number of core spatial orbitals:        9

 Total number of grid points:        13826
 Method for AO orthogonalization:        symmetric
 Threshold for linear dependence:        1.00e-08
 D3BJ dispersion energy:                -0.000849170

 -------------------------------------
  Running restricted closed-shell SCF 
 -------------------------------------
 Max number of iterations:             128
 Conv. threshold (gradient):             1.00e-05
 Conv. threshold (energy):               1.00e-06
 Interpolation scheme:                   adiis+cdiis
 Initial guess:                          SAD

 ---------------------------------------------------------------
                  energy        change          grad        time
 ---------------------------------------------------------------
   0     -1640.459523551                    3.13e+00        0.52
   1     -1640.494831750     -3.53e-02      3.32e-01        0.07
   2     -1640.492539801      2.29e-03      5.54e-01        0.08
   3     -1640.506858388     -1.43e-02      2.75e-01        0.07
   4     -1640.507419029     -5.61e-04      2.44e-01        0.06
   5     -1640.512251816     -4.83e-03      3.20e-02        0.06
   6     -1640.511633429      6.18e-04      7.49e-02        0.06
   7     -1640.512237133     -6.04e-04      1.45e-03        0.06
   8     -1640.512233564      3.57e-06      3.91e-04        0.06
   9     -1640.512234346     -7.82e-07      1.24e-04        0.06
  10     -1640.512233755      5.90e-07      6.20e-06        0.06

 SCF converged in 10 iterations.

 Dipole moment (in Debye):              -0.000002      -0.000002       2.799342

 Quadrupole moment (in Debye-Angstrom):
                  1            2            3
 1       -14.529160     0.000000    -0.000001
 2         0.000000   -14.529160    -0.000001
 3        -0.000001    -0.000001   -14.854373

 Spin-squared expectation <S^2>:         0.000
 Total spin quantum number S:            0.000
 TOTAL ENERGY:                       -1640.512233735

 --------------------------------------------------------------------------------

 End time:                               Sun Oct 24 15:23:08 2021
 Total wall-clock time:                  3.666 seconds
==================================================================================
