
================================================================================
          _____________ ________ _______________ ________     _________         
         / ___________// ______ \\_____   _____// ______ \   / ________)        
        / /_________  / /      \ \     | |     / /      \ \ | (_______          
       |  __________|| |        | |    | |    | |        | | \________ \        
        \ \_________ | |        | |    | |     \ \______/ /___________) |       
         \__________||_|        |_|    |_|      \________//____________/        
                                                                                
====================================[ Qcore ]===================================

 Git describe: 2.3.0
 Compiler:     GNU 9.1.0
 Build type:   Release
 Version:      2.3.0

 Start time:   Sun Oct 24 15:22:59 2021

 Data directory: /work/zw18965/.local/qcore/share/entos/qcore/data
 Number of threads: 24
 Number of threads was determined by: command line argument
  - More threads can be used by running 'qcore -n 32'

 --------------------------------------------------------------------------------
                                   command: dft                                  
 --------------------------------------------------------------------------------
 AO basis set:                           def2-tzvppd
 Number of AO basis functions:         107

 Formula:                                FCu
 Nuclear charge:                        38.000000000
 Total charge:                           0.000000000
 Number of electrons:                   38.000000000

 Number of alpha electrons:             19
 Number of beta electrons:              19
 Number of unpaired electrons:           0
 Spin:                                   0
 Multiplicity:                           singlet

 Theory:                                 dft
 Exchange-correlation functional:        0.49 b88 + 0.4 lyp
 Method for Coulomb:                     incore_df
 Method for exact exchange:              pre_transformed_df
 Integral threshold:                     1.00e-12
 DF basis set:                           def2-universal-jkfit
 Number of DF basis functions:         341
 Schwarz screening threshold:            1.00e-10
 Coulomb fitting method:                 Cholesky

 ------------------
  UW12 Correlation 
 ------------------
 Factor for UW12 correlation:            1.000000000
 Opposite spin scale factor:             0.520000000
 Same spin scale factor:                 0.000000000
 Calculate indirect contribution:        false
 Method for three electron term:         df_ri
 Auxiliary RI basis set:                 Def2-TZVPPD-RI
 Number of RI basis functions:         317
 Gaussians in geminal expansion:        10
 UW12 screening threshold:               1.00e-12
 Method for density-fitting:             w(r)
 Number of core spatial orbitals:       10

 Total number of grid points:        14748
 Method for AO orthogonalization:        symmetric
 Threshold for linear dependence:        1.00e-08
 D3BJ dispersion energy:                -0.001075374

 -------------------------------------
  Running restricted closed-shell SCF 
 -------------------------------------
 Max number of iterations:             128
 Conv. threshold (gradient):             1.00e-05
 Conv. threshold (energy):               1.00e-06
 Interpolation scheme:                   adiis+cdiis
 Initial guess:                          SAD

 ---------------------------------------------------------------
                  energy        change          grad        time
 ---------------------------------------------------------------
   0     -1739.584709321                    2.67e+00        0.72
   1     -1739.633289223     -4.86e-02      1.24e+00        0.14
   2     -1739.147258186      4.86e-01      2.97e+00        0.14
   3     -1739.723836314     -5.77e-01      6.72e-01        0.14
   4     -1739.737142108     -1.33e-02      4.89e-01        0.14
   5     -1739.751750758     -1.46e-02      8.98e-02        0.14
   6     -1739.750304004      1.45e-03      1.32e-01        0.12
   7     -1739.752348443     -2.04e-03      6.97e-03        0.12
   8     -1739.752346902      1.54e-06      2.15e-03        0.12
   9     -1739.752343224      3.68e-06      5.91e-04        0.11
  10     -1739.752340689      2.54e-06      7.59e-05        0.11
  11     -1739.752340258      4.31e-07      3.73e-05        0.11
  12     -1739.752340262     -3.52e-09      2.88e-06        0.11

 SCF converged in 12 iterations.

 Dipole moment (in Debye):              -0.000003      -0.000003       5.319971

 Quadrupole moment (in Debye-Angstrom):
                  1            2            3
 1       -16.900610     0.000001    -0.000002
 2         0.000001   -16.900610    -0.000002
 3        -0.000002    -0.000002   -19.264270

 Spin-squared expectation <S^2>:         0.000
 Total spin quantum number S:            0.000
 TOTAL ENERGY:                       -1739.752340262

 --------------------------------------------------------------------------------

 End time:                               Sun Oct 24 15:23:04 2021
 Total wall-clock time:                  4.996 seconds
==================================================================================
