
================================================================================
          _____________ ________ _______________ ________     _________         
         / ___________// ______ \\_____   _____// ______ \   / ________)        
        / /_________  / /      \ \     | |     / /      \ \ | (_______          
       |  __________|| |        | |    | |    | |        | | \________ \        
        \ \_________ | |        | |    | |     \ \______/ /___________) |       
         \__________||_|        |_|    |_|      \________//____________/        
                                                                                
====================================[ Qcore ]===================================

 Git describe: 2.3.0
 Compiler:     GNU 9.1.0
 Build type:   Release
 Version:      2.3.0

 Start time:   Sun Oct 24 15:23:12 2021

 Data directory: /work/zw18965/.local/qcore/share/entos/qcore/data
 Number of threads: 24
 Number of threads was determined by: command line argument
  - More threads can be used by running 'qcore -n 32'

 --------------------------------------------------------------------------------
                                   command: dft                                  
 --------------------------------------------------------------------------------
 AO basis set:                           def2-tzvppd
 Number of AO basis functions:         134

 Formula:                                Cu2
 Nuclear charge:                        58.000000000
 Total charge:                           0.000000000
 Number of electrons:                   58.000000000

 Number of alpha electrons:             29
 Number of beta electrons:              29
 Number of unpaired electrons:           0
 Spin:                                   0
 Multiplicity:                           singlet

 Theory:                                 dft
 Exchange-correlation functional:        0.49 b88 + 0.4 lyp
 Method for Coulomb:                     incore_df
 Method for exact exchange:              pre_transformed_df
 Integral threshold:                     1.00e-12
 DF basis set:                           def2-universal-jkfit
 Number of DF basis functions:         528
 Schwarz screening threshold:            1.00e-10
 Coulomb fitting method:                 Cholesky

 ------------------
  UW12 Correlation 
 ------------------
 Factor for UW12 correlation:            1.000000000
 Opposite spin scale factor:             0.520000000
 Same spin scale factor:                 0.000000000
 Calculate indirect contribution:        false
 Method for three electron term:         df_ri
 Auxiliary RI basis set:                 Def2-TZVPPD-RI
 Number of RI basis functions:         450
 Gaussians in geminal expansion:        10
 UW12 screening threshold:               1.00e-12
 Method for density-fitting:             w(r)
 Number of core spatial orbitals:       18

 Total number of grid points:        15872
 Method for AO orthogonalization:        symmetric
 Threshold for linear dependence:        1.00e-08
 D3BJ dispersion energy:                -0.005632627

 -------------------------------------
  Running restricted closed-shell SCF 
 -------------------------------------
 Max number of iterations:             128
 Conv. threshold (gradient):             1.00e-05
 Conv. threshold (energy):               1.00e-06
 Interpolation scheme:                   adiis+cdiis
 Initial guess:                          SAD

 ---------------------------------------------------------------
                  energy        change          grad        time
 ---------------------------------------------------------------
   0     -3279.686068534                    3.19e+00        1.53
   1     -3279.904015485     -2.18e-01      2.01e-01        0.37
   2     -3279.897663930      6.35e-03      2.68e-01        0.36
   3     -3279.907319696     -9.66e-03      8.64e-02        0.35
   4     -3279.907199615      1.20e-04      1.14e-01        0.35
   5     -3279.908844028     -1.64e-03      2.73e-03        0.35
   6     -3279.908838785      5.24e-06      1.45e-03        0.36
   7     -3279.908831449      7.34e-06      3.67e-04        0.35
   8     -3279.908831772     -3.23e-07      1.02e-04        0.35
   9     -3279.908832141     -3.69e-07      2.29e-05        0.35
  10     -3279.908832101      3.95e-08      1.49e-05        0.35
  11     -3279.908832034      6.75e-08      1.37e-06        0.36

 SCF converged in 11 iterations.

 Dipole moment (in Debye):              -0.000002      -0.000002       0.000000

 Quadrupole moment (in Debye-Angstrom):
                  1            2            3
 1       -27.535673     0.000000     0.000001
 2         0.000000   -27.535673     0.000001
 3         0.000001     0.000001   -20.318169

 Spin-squared expectation <S^2>:         0.000
 Total spin quantum number S:            0.000
 TOTAL ENERGY:                       -3279.908832039

 --------------------------------------------------------------------------------

 End time:                               Sun Oct 24 15:23:20 2021
 Total wall-clock time:                  8.417 seconds
==================================================================================
