
================================================================================
          _____________ ________ _______________ ________     _________         
         / ___________// ______ \\_____   _____// ______ \   / ________)        
        / /_________  / /      \ \     | |     / /      \ \ | (_______          
       |  __________|| |        | |    | |    | |        | | \________ \        
        \ \_________ | |        | |    | |     \ \______/ /___________) |       
         \__________||_|        |_|    |_|      \________//____________/        
                                                                                
====================================[ Qcore ]===================================

 Git describe: 2.3.0
 Compiler:     GNU 9.1.0
 Build type:   Release
 Version:      2.3.0

 Start time:   Sun Oct 24 15:23:20 2021

 Data directory: /work/zw18965/.local/qcore/share/entos/qcore/data
 Number of threads: 24
 Number of threads was determined by: command line argument
  - More threads can be used by running 'qcore -n 32'

 --------------------------------------------------------------------------------
                                   command: dft                                  
 --------------------------------------------------------------------------------
 AO basis set:                           def2-tzvppd
 Number of AO basis functions:         201

 Formula:                                Cu3+
 Nuclear charge:                        87.000000000
 Total charge:                           1.000000000
 Number of electrons:                   86.000000000

 Number of alpha electrons:             43
 Number of beta electrons:              43
 Number of unpaired electrons:           0
 Spin:                                   0
 Multiplicity:                           singlet

 Theory:                                 dft
 Exchange-correlation functional:        0.49 b88 + 0.4 lyp
 Method for Coulomb:                     incore_df
 Method for exact exchange:              pre_transformed_df
 Integral threshold:                     1.00e-12
 DF basis set:                           def2-universal-jkfit
 Number of DF basis functions:         792
 Schwarz screening threshold:            1.00e-10
 Coulomb fitting method:                 Cholesky

 ------------------
  UW12 Correlation 
 ------------------
 Factor for UW12 correlation:            1.000000000
 Opposite spin scale factor:             0.520000000
 Same spin scale factor:                 0.000000000
 Calculate indirect contribution:        false
 Method for three electron term:         df_ri
 Auxiliary RI basis set:                 Def2-TZVPPD-RI
 Number of RI basis functions:         675
 Gaussians in geminal expansion:        10
 UW12 screening threshold:               1.00e-12
 Method for density-fitting:             w(r)
 Number of core spatial orbitals:       27

 Total number of grid points:        23808
 Method for AO orthogonalization:        symmetric
 Threshold for linear dependence:        1.00e-08
 D3BJ dispersion energy:                -0.015614155

 -------------------------------------
  Running restricted closed-shell SCF 
 -------------------------------------
 Max number of iterations:             128
 Conv. threshold (gradient):             1.00e-05
 Conv. threshold (energy):               1.00e-06
 Interpolation scheme:                   adiis+cdiis
 Initial guess:                          SAD

 ---------------------------------------------------------------
                  energy        change          grad        time
 ---------------------------------------------------------------
   0     -4919.714711494                    6.70e+00        4.62
   1     -4919.661981537      5.27e-02      2.02e-01        1.65
   2     -4919.667355394     -5.37e-03      4.95e-02        1.62
   3     -4919.667462382     -1.07e-04      4.25e-02        1.62
   4     -4919.667204977      2.57e-04      1.94e-02        1.70
   5     -4919.667375335     -1.70e-04      5.48e-03        1.69
   6     -4919.667331220      4.41e-05      1.34e-03        1.64
   7     -4919.667332532     -1.31e-06      3.93e-04        1.73
   8     -4919.667332651     -1.19e-07      1.11e-04        1.66
   9     -4919.667332110      5.41e-07      2.50e-05        1.66
  10     -4919.667332173     -6.25e-08      2.52e-05        1.69
  11     -4919.667332199     -2.60e-08      3.30e-06        1.72

 SCF converged in 11 iterations.

 Dipole moment (in Debye):              -0.000000       0.000090      -0.000004

 Quadrupole moment (in Debye-Angstrom):
                  1            2            3
 1       -23.193344    -0.000001     0.000000
 2        -0.000001   -23.193204     0.000001
 3         0.000000     0.000001   -34.940140

 Spin-squared expectation <S^2>:         0.000
 Total spin quantum number S:            0.000
 TOTAL ENERGY:                       -4919.667332192

 --------------------------------------------------------------------------------

 End time:                               Sun Oct 24 15:23:48 2021
 Total wall-clock time:                 27.870 seconds
==================================================================================
