
================================================================================
          _____________ ________ _______________ ________     _________         
         / ___________// ______ \\_____   _____// ______ \   / ________)        
        / /_________  / /      \ \     | |     / /      \ \ | (_______          
       |  __________|| |        | |    | |    | |        | | \________ \        
        \ \_________ | |        | |    | |     \ \______/ /___________) |       
         \__________||_|        |_|    |_|      \________//____________/        
                                                                                
====================================[ Qcore ]===================================

 Git describe: 2.3.0
 Compiler:     GNU 9.1.0
 Build type:   Release
 Version:      2.3.0

 Start time:   Sun Oct 24 15:24:16 2021

 Data directory: /work/zw18965/.local/qcore/share/entos/qcore/data
 Number of threads: 24
 Number of threads was determined by: command line argument
  - More threads can be used by running 'qcore -n 32'

 --------------------------------------------------------------------------------
                                   command: dft                                  
 --------------------------------------------------------------------------------
 AO basis set:                           def2-tzvppd
 Number of AO basis functions:         201

 Formula:                                Cu3
 Nuclear charge:                        87.000000000
 Total charge:                           0.000000000
 Number of electrons:                   87.000000000

 Number of alpha electrons:             44
 Number of beta electrons:              43
 Number of unpaired electrons:           1
 Spin:                                   1
 Multiplicity:                           doublet

 Theory:                                 dft
 Exchange-correlation functional:        0.49 b88 + 0.4 lyp
 Method for Coulomb:                     incore_df
 Method for exact exchange:              pre_transformed_df
 Integral threshold:                     1.00e-12
 DF basis set:                           def2-universal-jkfit
 Number of DF basis functions:         792
 Schwarz screening threshold:            1.00e-10
 Coulomb fitting method:                 Cholesky

 ------------------
  UW12 Correlation 
 ------------------
 Factor for UW12 correlation:            1.000000000
 Opposite spin scale factor:             0.520000000
 Same spin scale factor:                 0.000000000
 Calculate indirect contribution:        false
 Method for three electron term:         df_ri
 Auxiliary RI basis set:                 Def2-TZVPPD-RI
 Number of RI basis functions:         675
 Gaussians in geminal expansion:        10
 UW12 screening threshold:               1.00e-12
 Method for density-fitting:             w(r)
 Number of core spatial orbitals:       27

 Total number of grid points:        23808
 Method for AO orthogonalization:        symmetric
 Threshold for linear dependence:        1.00e-08
 D3BJ dispersion energy:                -0.015651334

 -------------------------------------
  Running unrestricted open-shell SCF 
 -------------------------------------
 Max number of iterations:             128
 Conv. threshold (gradient):             1.00e-05
 Conv. threshold (energy):               1.00e-06
 Interpolation scheme:                   adiis+cdiis
 Initial guess:                          SAD

 ---------------------------------------------------------------
                  energy        change          grad        time
 ---------------------------------------------------------------
   0     -4919.718931578                    3.37e+00        6.77
   1     -4919.861654684     -1.43e-01      1.22e-01        3.60
   2     -4919.859134279      2.52e-03      1.75e-01        3.48
   3     -4919.858614899      5.19e-04      1.77e-01        3.41
   4     -4919.867829988     -9.22e-03      5.75e-02        3.42
   5     -4919.865944484      1.89e-03      1.04e-01        3.47
   6     -4919.868163950     -2.22e-03      4.30e-03        3.43
   7     -4919.868174530     -1.06e-05      2.52e-03        3.44
   8     -4919.868167629      6.90e-06      1.01e-03        3.40
   9     -4919.868167731     -1.02e-07      4.30e-04        3.41
  10     -4919.868168281     -5.50e-07      3.08e-04        3.42
  11     -4919.868168865     -5.84e-07      9.96e-05        3.44
  12     -4919.868168807      5.79e-08      6.13e-05        3.45
  13     -4919.868168611      1.95e-07      1.86e-05        3.40
  14     -4919.868168566      4.53e-08      9.00e-06        3.43

 SCF converged in 14 iterations.

 Dipole moment (in Debye):              -0.016484      -0.913091      -0.000002

 Quadrupole moment (in Debye-Angstrom):
                  1            2            3
 1       -33.233100     0.100060    -0.000000
 2         0.100060   -45.010086     0.000003
 3        -0.000000     0.000003   -40.929644

 Spin-squared expectation <S^2>:         0.763
 Total spin quantum number S:            0.507
 TOTAL ENERGY:                       -4919.868168596

 --------------------------------------------------------------------------------

 End time:                               Sun Oct 24 15:25:18 2021
 Total wall-clock time:                 61.617 seconds
==================================================================================
