
================================================================================
          _____________ ________ _______________ ________     _________         
         / ___________// ______ \\_____   _____// ______ \   / ________)        
        / /_________  / /      \ \     | |     / /      \ \ | (_______          
       |  __________|| |        | |    | |    | |        | | \________ \        
        \ \_________ | |        | |    | |     \ \______/ /___________) |       
         \__________||_|        |_|    |_|      \________//____________/        
                                                                                
====================================[ Qcore ]===================================

 Git describe: 2.3.0
 Compiler:     GNU 9.1.0
 Build type:   Release
 Version:      2.3.0

 Start time:   Sun Oct 24 15:23:48 2021

 Data directory: /work/zw18965/.local/qcore/share/entos/qcore/data
 Number of threads: 24
 Number of threads was determined by: command line argument
  - More threads can be used by running 'qcore -n 32'

 --------------------------------------------------------------------------------
                                   command: dft                                  
 --------------------------------------------------------------------------------
 AO basis set:                           def2-tzvppd
 Number of AO basis functions:         201

 Formula:                                Cu3+
 Nuclear charge:                        87.000000000
 Total charge:                           1.000000000
 Number of electrons:                   86.000000000

 Number of alpha electrons:             43
 Number of beta electrons:              43
 Number of unpaired electrons:           0
 Spin:                                   0
 Multiplicity:                           singlet

 Theory:                                 dft
 Exchange-correlation functional:        0.49 b88 + 0.4 lyp
 Method for Coulomb:                     incore_df
 Method for exact exchange:              pre_transformed_df
 Integral threshold:                     1.00e-12
 DF basis set:                           def2-universal-jkfit
 Number of DF basis functions:         792
 Schwarz screening threshold:            1.00e-10
 Coulomb fitting method:                 Cholesky

 ------------------
  UW12 Correlation 
 ------------------
 Factor for UW12 correlation:            1.000000000
 Opposite spin scale factor:             0.520000000
 Same spin scale factor:                 0.000000000
 Calculate indirect contribution:        false
 Method for three electron term:         df_ri
 Auxiliary RI basis set:                 Def2-TZVPPD-RI
 Number of RI basis functions:         675
 Gaussians in geminal expansion:        10
 UW12 screening threshold:               1.00e-12
 Method for density-fitting:             w(r)
 Number of core spatial orbitals:       27

 Total number of grid points:        23808
 Method for AO orthogonalization:        symmetric
 Threshold for linear dependence:        1.00e-08
 D3BJ dispersion energy:                -0.010888605

 -------------------------------------
  Running restricted closed-shell SCF 
 -------------------------------------
 Max number of iterations:             128
 Conv. threshold (gradient):             1.00e-05
 Conv. threshold (energy):               1.00e-06
 Interpolation scheme:                   adiis+cdiis
 Initial guess:                          SAD

 ---------------------------------------------------------------
                  energy        change          grad        time
 ---------------------------------------------------------------
   0     -4919.643996613                    4.48e+00        4.49
   1     -4919.599812709      4.42e-02      1.54e-01        1.63
   2     -4919.600047105     -2.34e-04      2.32e-01        1.61
   3     -4919.587131738      1.29e-02      4.25e-01        1.65
   4     -4919.604527202     -1.74e-02      8.84e-02        1.66
   5     -4919.604418621      1.09e-04      8.80e-02        1.68
   6     -4919.605247311     -8.29e-04      1.69e-03        1.67
   7     -4919.605236517      1.08e-05      7.64e-04        1.65
   8     -4919.605242105     -5.59e-06      2.36e-04        1.63
   9     -4919.605241419      6.86e-07      9.61e-05        1.65
  10     -4919.605241772     -3.53e-07      2.55e-05        1.70
  11     -4919.605241760      1.21e-08      4.04e-06        1.65

 SCF converged in 11 iterations.

 Dipole moment (in Debye):              -0.000004      -0.000004       0.000008

 Quadrupole moment (in Debye-Angstrom):
                  1            2            3
 1       -35.009560     0.000001    -0.000001
 2         0.000001   -35.009560    -0.000001
 3        -0.000001    -0.000001     3.893244

 Spin-squared expectation <S^2>:         0.000
 Total spin quantum number S:            0.000
 TOTAL ENERGY:                       -4919.605241743

 --------------------------------------------------------------------------------

 End time:                               Sun Oct 24 15:24:16 2021
 Total wall-clock time:                 27.524 seconds
==================================================================================
