
================================================================================
          _____________ ________ _______________ ________     _________         
         / ___________// ______ \\_____   _____// ______ \   / ________)        
        / /_________  / /      \ \     | |     / /      \ \ | (_______          
       |  __________|| |        | |    | |    | |        | | \________ \        
        \ \_________ | |        | |    | |     \ \______/ /___________) |       
         \__________||_|        |_|    |_|      \________//____________/        
                                                                                
====================================[ Qcore ]===================================

 Git describe: 2.3.0
 Compiler:     GNU 9.1.0
 Build type:   Release
 Version:      2.3.0

 Start time:   Sun Oct 24 15:25:18 2021

 Data directory: /work/zw18965/.local/qcore/share/entos/qcore/data
 Number of threads: 24
 Number of threads was determined by: command line argument
  - More threads can be used by running 'qcore -n 32'

 --------------------------------------------------------------------------------
                                   command: dft                                  
 --------------------------------------------------------------------------------
 AO basis set:                           def2-tzvppd
 Number of AO basis functions:         201

 Formula:                                Cu3
 Nuclear charge:                        87.000000000
 Total charge:                           0.000000000
 Number of electrons:                   87.000000000

 Number of alpha electrons:             44
 Number of beta electrons:              43
 Number of unpaired electrons:           1
 Spin:                                   1
 Multiplicity:                           doublet

 Theory:                                 dft
 Exchange-correlation functional:        0.49 b88 + 0.4 lyp
 Method for Coulomb:                     incore_df
 Method for exact exchange:              pre_transformed_df
 Integral threshold:                     1.00e-12
 DF basis set:                           def2-universal-jkfit
 Number of DF basis functions:         792
 Schwarz screening threshold:            1.00e-10
 Coulomb fitting method:                 Cholesky

 ------------------
  UW12 Correlation 
 ------------------
 Factor for UW12 correlation:            1.000000000
 Opposite spin scale factor:             0.520000000
 Same spin scale factor:                 0.000000000
 Calculate indirect contribution:        false
 Method for three electron term:         df_ri
 Auxiliary RI basis set:                 Def2-TZVPPD-RI
 Number of RI basis functions:         675
 Gaussians in geminal expansion:        10
 UW12 screening threshold:               1.00e-12
 Method for density-fitting:             w(r)
 Number of core spatial orbitals:       27

 Total number of grid points:        23808
 Method for AO orthogonalization:        symmetric
 Threshold for linear dependence:        1.00e-08
 D3BJ dispersion energy:                -0.011177779

 -------------------------------------
  Running unrestricted open-shell SCF 
 -------------------------------------
 Max number of iterations:             128
 Conv. threshold (gradient):             1.00e-05
 Conv. threshold (energy):               1.00e-06
 Interpolation scheme:                   adiis+cdiis
 Initial guess:                          SAD

 ---------------------------------------------------------------
                  energy        change          grad        time
 ---------------------------------------------------------------
   0     -4919.677967572                    2.42e+00        6.47
   1     -4919.855996659     -1.78e-01      8.93e-02        3.54
   2     -4919.849822527      6.17e-03      1.87e-01        3.54
   3     -4919.860657999     -1.08e-02      2.43e-02        3.42
   4     -4919.860814791     -1.57e-04      1.57e-02        3.44
   5     -4919.861010037     -1.95e-04      1.00e-02        3.45
   6     -4919.860947923      6.21e-05      2.79e-03        3.40
   7     -4919.860965594     -1.77e-05      6.89e-04        3.47
   8     -4919.860964846      7.48e-07      1.76e-04        3.40
   9     -4919.860967289     -2.44e-06      4.57e-05        3.49
  10     -4919.860967401     -1.12e-07      2.08e-05        3.42
  11     -4919.860967205      1.96e-07      7.31e-06        3.41

 SCF converged in 11 iterations.

 Dipole moment (in Debye):              -0.000002      -0.000002       0.000005

 Quadrupole moment (in Debye-Angstrom):
                  1            2            3
 1       -40.915818     0.000001     0.000000
 2         0.000001   -40.915818     0.000000
 3         0.000000     0.000000   -30.086119

 Spin-squared expectation <S^2>:         0.774
 Total spin quantum number S:            0.512
 TOTAL ENERGY:                       -4919.860967224

 --------------------------------------------------------------------------------

 End time:                               Sun Oct 24 15:26:09 2021
 Total wall-clock time:                 51.110 seconds
==================================================================================
