
================================================================================
          _____________ ________ _______________ ________     _________         
         / ___________// ______ \\_____   _____// ______ \   / ________)        
        / /_________  / /      \ \     | |     / /      \ \ | (_______          
       |  __________|| |        | |    | |    | |        | | \________ \        
        \ \_________ | |        | |    | |     \ \______/ /___________) |       
         \__________||_|        |_|    |_|      \________//____________/        
                                                                                
====================================[ Qcore ]===================================

 Git describe: 2.3.0
 Compiler:     GNU 9.1.0
 Build type:   Release
 Version:      2.3.0

 Start time:   Sun Oct 24 15:42:02 2021

 Data directory: /work/zw18965/.local/qcore/share/entos/qcore/data
 Number of threads: 24
 Number of threads was determined by: command line argument
  - More threads can be used by running 'qcore -n 32'

 --------------------------------------------------------------------------------
                                   command: dft                                  
 --------------------------------------------------------------------------------
 AO basis set:                           def2-tzvppd
 Number of AO basis functions:         356

 Formula:                                H3NCu4(2+)
 Nuclear charge:                       126.000000000
 Total charge:                           2.000000000
 Number of electrons:                  124.000000000

 Number of alpha electrons:             62
 Number of beta electrons:              62
 Number of unpaired electrons:           0
 Spin:                                   0
 Multiplicity:                           singlet

 Theory:                                 dft
 Exchange-correlation functional:        0.49 b88 + 0.4 lyp
 Method for Coulomb:                     incore_df
 Method for exact exchange:              pre_transformed_df
 Integral threshold:                     1.00e-12
 DF basis set:                           def2-universal-jkfit
 Number of DF basis functions:        1187
 Schwarz screening threshold:            1.00e-10
 Coulomb fitting method:                 Cholesky

 ------------------
  UW12 Correlation 
 ------------------
 Factor for UW12 correlation:            1.000000000
 Opposite spin scale factor:             0.520000000
 Same spin scale factor:                 0.000000000
 Calculate indirect contribution:        false
 Method for three electron term:         df_ri
 Auxiliary RI basis set:                 Def2-TZVPPD-RI
 Number of RI basis functions:        1109
 Gaussians in geminal expansion:        10
 UW12 screening threshold:               1.00e-12
 Method for density-fitting:             w(r)
 Number of core spatial orbitals:       37

 Total number of grid points:        56214
 Method for AO orthogonalization:        symmetric
 Threshold for linear dependence:        1.00e-08
 D3BJ dispersion energy:                -0.036679887

 -------------------------------------
  Running restricted closed-shell SCF 
 -------------------------------------
 Max number of iterations:             128
 Conv. threshold (gradient):             1.00e-05
 Conv. threshold (energy):               1.00e-06
 Interpolation scheme:                   adiis+cdiis
 Initial guess:                          SAD

 ---------------------------------------------------------------
                  energy        change          grad        time
 ---------------------------------------------------------------
   0     -6616.433594482                    1.19e+01       23.58
   1     -6615.712981289      7.21e-01      1.91e+00       10.80
   2     -6615.653746160      5.92e-02      2.73e+00       10.89
   3     -6615.784413744     -1.31e-01      1.80e-01       10.76
   4     -6615.773950190      1.05e-02      2.88e-01       10.79
   5     -6615.784481877     -1.05e-02      8.53e-02       11.11
   6     -6615.785289423     -8.08e-04      7.00e-02       10.73
   7     -6615.785268067      2.14e-05      5.53e-03       10.68
   8     -6615.785260733      7.33e-06      1.15e-03       10.91
   9     -6615.785260749     -1.58e-08      2.82e-04       11.26
  10     -6615.785260878     -1.29e-07      8.16e-05       11.22
  11     -6615.785260542      3.36e-07      1.87e-05       10.98
  12     -6615.785260548     -5.80e-09      5.10e-06       11.12

 SCF converged in 12 iterations.

 Dipole moment (in Debye):               3.297915      -0.000926       0.000001

 Quadrupole moment (in Debye-Angstrom):
                  1            2            3
 1       -17.530799    -0.006097     0.000003
 2        -0.006097   -36.508899    -0.000004
 3         0.000003    -0.000004   -36.508878

 Spin-squared expectation <S^2>:         0.000
 Total spin quantum number S:            0.000
 TOTAL ENERGY:                       -6615.785260572

 --------------------------------------------------------------------------------

 End time:                               Sun Oct 24 15:44:54 2021
 Total wall-clock time:                171.676 seconds
==================================================================================
