
================================================================================
          _____________ ________ _______________ ________     _________         
         / ___________// ______ \\_____   _____// ______ \   / ________)        
        / /_________  / /      \ \     | |     / /      \ \ | (_______          
       |  __________|| |        | |    | |    | |        | | \________ \        
        \ \_________ | |        | |    | |     \ \______/ /___________) |       
         \__________||_|        |_|    |_|      \________//____________/        
                                                                                
====================================[ Qcore ]===================================

 Git describe: 2.3.0
 Compiler:     GNU 9.1.0
 Build type:   Release
 Version:      2.3.0

 Start time:   Sun Oct 24 15:30:04 2021

 Data directory: /work/zw18965/.local/qcore/share/entos/qcore/data
 Number of threads: 24
 Number of threads was determined by: command line argument
  - More threads can be used by running 'qcore -n 32'

 --------------------------------------------------------------------------------
                                   command: dft                                  
 --------------------------------------------------------------------------------
 AO basis set:                           def2-tzvppd
 Number of AO basis functions:         285

 Formula:                                HCu4(2+)
 Nuclear charge:                       117.000000000
 Total charge:                           2.000000000
 Number of electrons:                  115.000000000

 Number of alpha electrons:             58
 Number of beta electrons:              57
 Number of unpaired electrons:           1
 Spin:                                   1
 Multiplicity:                           doublet

 Theory:                                 dft
 Exchange-correlation functional:        0.49 b88 + 0.4 lyp
 Method for Coulomb:                     incore_df
 Method for exact exchange:              pre_transformed_df
 Integral threshold:                     1.00e-12
 DF basis set:                           def2-universal-jkfit
 Number of DF basis functions:        1074
 Schwarz screening threshold:            1.00e-10
 Coulomb fitting method:                 Cholesky

 ------------------
  UW12 Correlation 
 ------------------
 Factor for UW12 correlation:            1.000000000
 Opposite spin scale factor:             0.520000000
 Same spin scale factor:                 0.000000000
 Calculate indirect contribution:        false
 Method for three electron term:         df_ri
 Auxiliary RI basis set:                 Def2-TZVPPD-RI
 Number of RI basis functions:         939
 Gaussians in geminal expansion:        10
 UW12 screening threshold:               1.00e-12
 Method for density-fitting:             w(r)
 Number of core spatial orbitals:       36

 Total number of grid points:        37634
 Method for AO orthogonalization:        symmetric
 Threshold for linear dependence:        1.00e-08
 D3BJ dispersion energy:                -0.030694021

 -------------------------------------
  Running unrestricted open-shell SCF 
 -------------------------------------
 Max number of iterations:             128
 Conv. threshold (gradient):             1.00e-05
 Conv. threshold (energy):               1.00e-06
 Interpolation scheme:                   adiis+cdiis
 Initial guess:                          SAD

 ---------------------------------------------------------------
                  energy        change          grad        time
 ---------------------------------------------------------------
   0     -6560.400722601                    5.97e+00       22.08
   1     -6559.742356217      6.58e-01      3.22e-01       12.75
   2     -6559.673967679      6.84e-02      7.01e-01       13.10
   3     -6559.784525840     -1.11e-01      7.98e-02       12.95
   4     -6559.780327645      4.20e-03      1.66e-01       12.92
   5     -6559.784964681     -4.64e-03      2.76e-02       12.59
   6     -6559.785273283     -3.09e-04      8.82e-03       13.50
   7     -6559.785215614      5.77e-05      3.71e-03       13.07
   8     -6559.785217486     -1.87e-06      1.22e-03       13.79
   9     -6559.785222082     -4.60e-06      6.63e-04       13.35
  10     -6559.785222297     -2.15e-07      6.20e-04       13.22
  11     -6559.785221910      3.88e-07      1.38e-04       13.07
  12     -6559.785220800      1.11e-06      5.93e-05       13.41
  13     -6559.785220846     -4.58e-08      6.19e-05       12.90
  14     -6559.785220964     -1.18e-07      1.81e-05       12.85
  15     -6559.785220868      9.64e-08      5.87e-06       13.11

 SCF converged in 15 iterations.

 Dipole moment (in Debye):              -0.563935       0.001419      -0.003675

 Quadrupole moment (in Debye-Angstrom):
                  1            2            3
 1       -30.316156     0.004240    -0.008639
 2         0.004240   -28.864605    -0.058538
 3        -0.008639    -0.058538   -30.256567

 Spin-squared expectation <S^2>:         0.760
 Total spin quantum number S:            0.505
 TOTAL ENERGY:                       -6559.785220853

 --------------------------------------------------------------------------------

 End time:                               Sun Oct 24 15:34:00 2021
 Total wall-clock time:                236.132 seconds
==================================================================================
