
================================================================================
          _____________ ________ _______________ ________     _________         
         / ___________// ______ \\_____   _____// ______ \   / ________)        
        / /_________  / /      \ \     | |     / /      \ \ | (_______          
       |  __________|| |        | |    | |    | |        | | \________ \        
        \ \_________ | |        | |    | |     \ \______/ /___________) |       
         \__________||_|        |_|    |_|      \________//____________/        
                                                                                
====================================[ Qcore ]===================================

 Git describe: 2.3.0
 Compiler:     GNU 9.1.0
 Build type:   Release
 Version:      2.3.0

 Start time:   Sun Oct 24 15:37:28 2021

 Data directory: /work/zw18965/.local/qcore/share/entos/qcore/data
 Number of threads: 24
 Number of threads was determined by: command line argument
  - More threads can be used by running 'qcore -n 32'

 --------------------------------------------------------------------------------
                                   command: dft                                  
 --------------------------------------------------------------------------------
 AO basis set:                           def2-tzvppd
 Number of AO basis functions:         268

 Formula:                                Cu4(2+)
 Nuclear charge:                       116.000000000
 Total charge:                           2.000000000
 Number of electrons:                  114.000000000

 Number of alpha electrons:             57
 Number of beta electrons:              57
 Number of unpaired electrons:           0
 Spin:                                   0
 Multiplicity:                           singlet

 Theory:                                 dft
 Exchange-correlation functional:        0.49 b88 + 0.4 lyp
 Method for Coulomb:                     incore_df
 Method for exact exchange:              pre_transformed_df
 Integral threshold:                     1.00e-12
 DF basis set:                           def2-universal-jkfit
 Number of DF basis functions:        1056
 Schwarz screening threshold:            1.00e-10
 Coulomb fitting method:                 Cholesky

 ------------------
  UW12 Correlation 
 ------------------
 Factor for UW12 correlation:            1.000000000
 Opposite spin scale factor:             0.520000000
 Same spin scale factor:                 0.000000000
 Calculate indirect contribution:        false
 Method for three electron term:         df_ri
 Auxiliary RI basis set:                 Def2-TZVPPD-RI
 Number of RI basis functions:         900
 Gaussians in geminal expansion:        10
 UW12 screening threshold:               1.00e-12
 Method for density-fitting:             w(r)
 Number of core spatial orbitals:       36

 Total number of grid points:        31744
 Method for AO orthogonalization:        symmetric
 Threshold for linear dependence:        1.00e-08
 D3BJ dispersion energy:                -0.029492079

 -------------------------------------
  Running restricted closed-shell SCF 
 -------------------------------------
 Max number of iterations:             128
 Conv. threshold (gradient):             1.00e-05
 Conv. threshold (energy):               1.00e-06
 Interpolation scheme:                   adiis+cdiis
 Initial guess:                          SAD

 ---------------------------------------------------------------
                  energy        change          grad        time
 ---------------------------------------------------------------
   0     -6559.798797914                    9.79e+00       12.38
   1     -6559.223928004      5.75e-01      3.64e-01        5.17
   2     -6559.219747945      4.18e-03      3.14e-01        5.36
   3     -6559.227117098     -7.37e-03      2.99e-01        5.16
   4     -6559.242269348     -1.52e-02      2.33e-02        5.23
   5     -6559.242538452     -2.69e-04      3.12e-02        5.11
   6     -6559.242390853      1.48e-04      5.38e-03        5.10
   7     -6559.242377623      1.32e-05      1.98e-03        5.22
   8     -6559.242369319      8.30e-06      4.76e-04        5.03
   9     -6559.242371387     -2.07e-06      1.03e-04        5.30
  10     -6559.242370769      6.17e-07      1.58e-05        5.17
  11     -6559.242370836     -6.69e-08      5.07e-06        5.29

 SCF converged in 11 iterations.

 Dipole moment (in Debye):              -0.000001       0.000014      -0.000014

 Quadrupole moment (in Debye-Angstrom):
                  1            2            3
 1       -28.519604    -0.000016    -0.000010
 2        -0.000016   -28.520517    -0.000054
 3        -0.000010    -0.000054   -28.519887

 Spin-squared expectation <S^2>:         0.000
 Total spin quantum number S:            0.000
 TOTAL ENERGY:                       -6559.242370848

 --------------------------------------------------------------------------------

 End time:                               Sun Oct 24 15:38:47 2021
 Total wall-clock time:                 78.766 seconds
==================================================================================
