
================================================================================
          _____________ ________ _______________ ________     _________         
         / ___________// ______ \\_____   _____// ______ \   / ________)        
        / /_________  / /      \ \     | |     / /      \ \ | (_______          
       |  __________|| |        | |    | |    | |        | | \________ \        
        \ \_________ | |        | |    | |     \ \______/ /___________) |       
         \__________||_|        |_|    |_|      \________//____________/        
                                                                                
====================================[ Qcore ]===================================

 Git describe: 2.3.0
 Compiler:     GNU 9.1.0
 Build type:   Release
 Version:      2.3.0

 Start time:   Sun Oct 24 15:34:01 2021

 Data directory: /work/zw18965/.local/qcore/share/entos/qcore/data
 Number of threads: 24
 Number of threads was determined by: command line argument
  - More threads can be used by running 'qcore -n 32'

 --------------------------------------------------------------------------------
                                   command: dft                                  
 --------------------------------------------------------------------------------
 AO basis set:                           def2-tzvppd
 Number of AO basis functions:         285

 Formula:                                HCu4(2+)
 Nuclear charge:                       117.000000000
 Total charge:                           2.000000000
 Number of electrons:                  115.000000000

 Number of alpha electrons:             58
 Number of beta electrons:              57
 Number of unpaired electrons:           1
 Spin:                                   1
 Multiplicity:                           doublet

 Theory:                                 dft
 Exchange-correlation functional:        0.49 b88 + 0.4 lyp
 Method for Coulomb:                     incore_df
 Method for exact exchange:              pre_transformed_df
 Integral threshold:                     1.00e-12
 DF basis set:                           def2-universal-jkfit
 Number of DF basis functions:        1074
 Schwarz screening threshold:            1.00e-10
 Coulomb fitting method:                 Cholesky

 ------------------
  UW12 Correlation 
 ------------------
 Factor for UW12 correlation:            1.000000000
 Opposite spin scale factor:             0.520000000
 Same spin scale factor:                 0.000000000
 Calculate indirect contribution:        false
 Method for three electron term:         df_ri
 Auxiliary RI basis set:                 Def2-TZVPPD-RI
 Number of RI basis functions:         939
 Gaussians in geminal expansion:        10
 UW12 screening threshold:               1.00e-12
 Method for density-fitting:             w(r)
 Number of core spatial orbitals:       36

 Total number of grid points:        37634
 Method for AO orthogonalization:        symmetric
 Threshold for linear dependence:        1.00e-08
 D3BJ dispersion energy:                -0.031765603

 -------------------------------------
  Running unrestricted open-shell SCF 
 -------------------------------------
 Max number of iterations:             128
 Conv. threshold (gradient):             1.00e-05
 Conv. threshold (energy):               1.00e-06
 Interpolation scheme:                   adiis+cdiis
 Initial guess:                          SAD

 ---------------------------------------------------------------
                  energy        change          grad        time
 ---------------------------------------------------------------
   0     -6560.462759075                    6.06e+00       21.25
   1     -6559.750494659      7.12e-01      2.63e-01       13.24
   2     -6559.703496291      4.70e-02      4.39e-01       12.88
   3     -6559.785746614     -8.23e-02      8.41e-02       12.88
   4     -6559.775578909      1.02e-02      1.67e-01       13.05
   5     -6559.786435850     -1.09e-02      3.36e-02       12.85
   6     -6559.786600811     -1.65e-04      5.74e-03       12.71
   7     -6559.786551819      4.90e-05      1.68e-03       12.66
   8     -6559.786553015     -1.20e-06      6.81e-04       12.76
   9     -6559.786558742     -5.73e-06      1.88e-04       12.74
  10     -6559.786558549      1.93e-07      6.61e-05       12.86
  11     -6559.786558470      7.87e-08      7.28e-05       13.56
  12     -6559.786558458      1.20e-08      2.42e-05       13.12
  13     -6559.786558521     -6.30e-08      5.93e-06       13.40

 SCF converged in 13 iterations.

 Dipole moment (in Debye):              -0.000002       0.000079      -0.050602

 Quadrupole moment (in Debye-Angstrom):
                  1            2            3
 1       -29.323176    -0.000003     0.000001
 2        -0.000003   -29.323045    -0.000151
 3         0.000001    -0.000151   -31.490312

 Spin-squared expectation <S^2>:         0.758
 Total spin quantum number S:            0.504
 TOTAL ENERGY:                       -6559.786558529

 --------------------------------------------------------------------------------

 End time:                               Sun Oct 24 15:37:28 2021
 Total wall-clock time:                207.527 seconds
==================================================================================
