
================================================================================
          _____________ ________ _______________ ________     _________         
         / ___________// ______ \\_____   _____// ______ \   / ________)        
        / /_________  / /      \ \     | |     / /      \ \ | (_______          
       |  __________|| |        | |    | |    | |        | | \________ \        
        \ \_________ | |        | |    | |     \ \______/ /___________) |       
         \__________||_|        |_|    |_|      \________//____________/        
                                                                                
====================================[ Qcore ]===================================

 Git describe: 2.3.0
 Compiler:     GNU 9.1.0
 Build type:   Release
 Version:      2.3.0

 Start time:   Sun Oct 24 15:26:09 2021

 Data directory: /work/zw18965/.local/qcore/share/entos/qcore/data
 Number of threads: 24
 Number of threads was determined by: command line argument
  - More threads can be used by running 'qcore -n 32'

 --------------------------------------------------------------------------------
                                   command: dft                                  
 --------------------------------------------------------------------------------
 AO basis set:                           def2-tzvppd
 Number of AO basis functions:         285

 Formula:                                HCu4(2+)
 Nuclear charge:                       117.000000000
 Total charge:                           2.000000000
 Number of electrons:                  115.000000000

 Number of alpha electrons:             58
 Number of beta electrons:              57
 Number of unpaired electrons:           1
 Spin:                                   1
 Multiplicity:                           doublet

 Theory:                                 dft
 Exchange-correlation functional:        0.49 b88 + 0.4 lyp
 Method for Coulomb:                     incore_df
 Method for exact exchange:              pre_transformed_df
 Integral threshold:                     1.00e-12
 DF basis set:                           def2-universal-jkfit
 Number of DF basis functions:        1074
 Schwarz screening threshold:            1.00e-10
 Coulomb fitting method:                 Cholesky

 ------------------
  UW12 Correlation 
 ------------------
 Factor for UW12 correlation:            1.000000000
 Opposite spin scale factor:             0.520000000
 Same spin scale factor:                 0.000000000
 Calculate indirect contribution:        false
 Method for three electron term:         df_ri
 Auxiliary RI basis set:                 Def2-TZVPPD-RI
 Number of RI basis functions:         939
 Gaussians in geminal expansion:        10
 UW12 screening threshold:               1.00e-12
 Method for density-fitting:             w(r)
 Number of core spatial orbitals:       36

 Total number of grid points:        37634
 Method for AO orthogonalization:        symmetric
 Threshold for linear dependence:        1.00e-08
 D3BJ dispersion energy:                -0.030022795

 -------------------------------------
  Running unrestricted open-shell SCF 
 -------------------------------------
 Max number of iterations:             128
 Conv. threshold (gradient):             1.00e-05
 Conv. threshold (energy):               1.00e-06
 Interpolation scheme:                   adiis+cdiis
 Initial guess:                          SAD

 ---------------------------------------------------------------
                  energy        change          grad        time
 ---------------------------------------------------------------
   0     -6560.316176271                    5.23e+00       21.00
   1     -6559.686951918      6.29e-01      5.22e-01       13.22
   2     -6559.556846647      1.30e-01      1.08e+00       13.06
   3     -6559.759279246     -2.02e-01      1.35e-01       12.92
   4     -6559.761024912     -1.75e-03      6.53e-02       13.63
   5     -6559.757203359      3.82e-03      9.45e-02       12.88
   6     -6559.763056353     -5.85e-03      1.60e-02       12.61
   7     -6559.763123639     -6.73e-05      9.60e-03       12.94
   8     -6559.763205961     -8.23e-05      4.23e-03       12.53
   9     -6559.763238522     -3.26e-05      1.51e-03       13.52
  10     -6559.763242378     -3.86e-06      6.46e-04       13.46
  11     -6559.763244301     -1.92e-06      3.11e-04       13.01
  12     -6559.763246677     -2.38e-06      1.13e-04       13.05
  13     -6559.763247424     -7.47e-07      8.31e-05       13.37
  14     -6559.763247419      5.30e-09      3.09e-05       13.23
  15     -6559.763247544     -1.26e-07      6.90e-06       12.95

 SCF converged in 15 iterations.

 Dipole moment (in Debye):              -0.000002       0.000097      -0.247057

 Quadrupole moment (in Debye-Angstrom):
                  1            2            3
 1       -29.719596    -0.000002    -0.000001
 2        -0.000002   -29.719391    -0.000017
 3        -0.000001    -0.000017   -28.468499

 Spin-squared expectation <S^2>:         0.758
 Total spin quantum number S:            0.504
 TOTAL ENERGY:                       -6559.763247575

 --------------------------------------------------------------------------------

 End time:                               Sun Oct 24 15:30:04 2021
 Total wall-clock time:                235.126 seconds
==================================================================================
