
================================================================================
          _____________ ________ _______________ ________     _________         
         / ___________// ______ \\_____   _____// ______ \   / ________)        
        / /_________  / /      \ \     | |     / /      \ \ | (_______          
       |  __________|| |        | |    | |    | |        | | \________ \        
        \ \_________ | |        | |    | |     \ \______/ /___________) |       
         \__________||_|        |_|    |_|      \________//____________/        
                                                                                
====================================[ Qcore ]===================================

 Git describe: 2.3.0
 Compiler:     GNU 9.1.0
 Build type:   Release
 Version:      2.3.0

 Start time:   Sun Oct 24 15:44:54 2021

 Data directory: /work/zw18965/.local/qcore/share/entos/qcore/data
 Number of threads: 24
 Number of threads was determined by: command line argument
  - More threads can be used by running 'qcore -n 32'

 --------------------------------------------------------------------------------
                                   command: dft                                  
 --------------------------------------------------------------------------------
 AO basis set:                           def2-tzvppd
 Number of AO basis functions:         268

 Formula:                                Cu4
 Nuclear charge:                       116.000000000
 Total charge:                           0.000000000
 Number of electrons:                  116.000000000

 Number of alpha electrons:             58
 Number of beta electrons:              58
 Number of unpaired electrons:           0
 Spin:                                   0
 Multiplicity:                           singlet

 Theory:                                 dft
 Exchange-correlation functional:        0.49 b88 + 0.4 lyp
 Method for Coulomb:                     incore_df
 Method for exact exchange:              pre_transformed_df
 Integral threshold:                     1.00e-12
 DF basis set:                           def2-universal-jkfit
 Number of DF basis functions:        1056
 Schwarz screening threshold:            1.00e-10
 Coulomb fitting method:                 Cholesky

 ------------------
  UW12 Correlation 
 ------------------
 Factor for UW12 correlation:            1.000000000
 Opposite spin scale factor:             0.520000000
 Same spin scale factor:                 0.000000000
 Calculate indirect contribution:        false
 Method for three electron term:         df_ri
 Auxiliary RI basis set:                 Def2-TZVPPD-RI
 Number of RI basis functions:         900
 Gaussians in geminal expansion:        10
 UW12 screening threshold:               1.00e-12
 Method for density-fitting:             w(r)
 Number of core spatial orbitals:       36

 Total number of grid points:        31744
 Method for AO orthogonalization:        symmetric
 Threshold for linear dependence:        1.00e-08
 D3BJ dispersion energy:                -0.026372030

 -------------------------------------
  Running restricted closed-shell SCF 
 -------------------------------------
 Max number of iterations:             128
 Conv. threshold (gradient):             1.00e-05
 Conv. threshold (energy):               1.00e-06
 Interpolation scheme:                   adiis+cdiis
 Initial guess:                          SAD

 ---------------------------------------------------------------
                  energy        change          grad        time
 ---------------------------------------------------------------
   0     -6559.810288502                    1.00e+01       12.48
   1     -6559.870954829     -6.07e-02      2.79e-01        5.46
   2     -6559.866048463      4.91e-03      3.59e-01        5.46
   3     -6559.865873794      1.75e-04      3.49e-01        5.50
   4     -6559.877315931     -1.14e-02      1.35e-01        5.58
   5     -6559.876187640      1.13e-03      1.44e-01        5.51
   6     -6559.877671502     -1.48e-03      5.04e-02        5.39
   7     -6559.877799342     -1.28e-04      1.08e-01        5.26
   8     -6559.878223998     -4.25e-04      8.23e-04        5.33
   9     -6559.878221044      2.95e-06      4.20e-04        5.54
  10     -6559.878221629     -5.85e-07      3.07e-04        5.48
  11     -6559.878221836     -2.07e-07      9.75e-05        5.38
  12     -6559.878222000     -1.65e-07      1.44e-05        5.28
  13     -6559.878221947      5.32e-08      1.12e-05        5.43
  14     -6559.878221935      1.18e-08      6.12e-06        5.37

 SCF converged in 14 iterations.

 Dipole moment (in Debye):               0.002571       0.000233       0.000016

 Quadrupole moment (in Debye-Angstrom):
                  1            2            3
 1       -47.523012     0.585718     1.210700
 2         0.585718   -54.160584     0.096906
 3         1.210700     0.096906   -53.611662

 Spin-squared expectation <S^2>:         0.000
 Total spin quantum number S:            0.000
 TOTAL ENERGY:                       -6559.878221950

 --------------------------------------------------------------------------------

 End time:                               Sun Oct 24 15:46:32 2021
 Total wall-clock time:                 98.096 seconds
==================================================================================
