
================================================================================
          _____________ ________ _______________ ________     _________         
         / ___________// ______ \\_____   _____// ______ \   / ________)        
        / /_________  / /      \ \     | |     / /      \ \ | (_______          
       |  __________|| |        | |    | |    | |        | | \________ \        
        \ \_________ | |        | |    | |     \ \______/ /___________) |       
         \__________||_|        |_|    |_|      \________//____________/        
                                                                                
====================================[ Qcore ]===================================

 Git describe: 2.3.0
 Compiler:     GNU 9.1.0
 Build type:   Release
 Version:      2.3.0

 Start time:   Sun Oct 24 15:38:47 2021

 Data directory: /work/zw18965/.local/qcore/share/entos/qcore/data
 Number of threads: 24
 Number of threads was determined by: command line argument
  - More threads can be used by running 'qcore -n 32'

 --------------------------------------------------------------------------------
                                   command: dft                                  
 --------------------------------------------------------------------------------
 AO basis set:                           def2-tzvppd
 Number of AO basis functions:         356

 Formula:                                H3NCu4(2+)
 Nuclear charge:                       126.000000000
 Total charge:                           2.000000000
 Number of electrons:                  124.000000000

 Number of alpha electrons:             62
 Number of beta electrons:              62
 Number of unpaired electrons:           0
 Spin:                                   0
 Multiplicity:                           singlet

 Theory:                                 dft
 Exchange-correlation functional:        0.49 b88 + 0.4 lyp
 Method for Coulomb:                     incore_df
 Method for exact exchange:              pre_transformed_df
 Integral threshold:                     1.00e-12
 DF basis set:                           def2-universal-jkfit
 Number of DF basis functions:        1187
 Schwarz screening threshold:            1.00e-10
 Coulomb fitting method:                 Cholesky

 ------------------
  UW12 Correlation 
 ------------------
 Factor for UW12 correlation:            1.000000000
 Opposite spin scale factor:             0.520000000
 Same spin scale factor:                 0.000000000
 Calculate indirect contribution:        false
 Method for three electron term:         df_ri
 Auxiliary RI basis set:                 Def2-TZVPPD-RI
 Number of RI basis functions:        1109
 Gaussians in geminal expansion:        10
 UW12 screening threshold:               1.00e-12
 Method for density-fitting:             w(r)
 Number of core spatial orbitals:       37

 Total number of grid points:        56214
 Method for AO orthogonalization:        symmetric
 Threshold for linear dependence:        1.00e-08
 D3BJ dispersion energy:                -0.035286415

 -------------------------------------
  Running restricted closed-shell SCF 
 -------------------------------------
 Max number of iterations:             128
 Conv. threshold (gradient):             1.00e-05
 Conv. threshold (energy):               1.00e-06
 Interpolation scheme:                   adiis+cdiis
 Initial guess:                          SAD

 ---------------------------------------------------------------
                  energy        change          grad        time
 ---------------------------------------------------------------
   0     -6616.553018122                    1.36e+01       23.65
   1     -6615.774898793      7.78e-01      1.78e+00       11.35
   2     -6615.749060391      2.58e-02      2.07e+00       10.99
   3     -6615.831919125     -8.29e-02      2.73e-01       10.86
   4     -6615.803597342      2.83e-02      6.85e-01       11.10
   5     -6615.831941357     -2.83e-02      1.57e-01       10.95
   6     -6615.835123550     -3.18e-03      4.93e-02       11.30
   7     -6615.834483916      6.40e-04      3.76e-02       10.98
   8     -6615.834978049     -4.94e-04      1.80e-03       10.80
   9     -6615.834979416     -1.37e-06      5.19e-04       10.81
  10     -6615.834978768      6.48e-07      1.03e-04       11.22
  11     -6615.834978610      1.59e-07      9.67e-05       11.27
  12     -6615.834978615     -5.16e-09      4.52e-05       11.17
  13     -6615.834978698     -8.28e-08      1.22e-05       10.99
  14     -6615.834978706     -8.58e-09      3.99e-06       10.77

 SCF converged in 14 iterations.

 Dipole moment (in Debye):               0.549860       3.177102      -0.000005

 Quadrupole moment (in Debye-Angstrom):
                  1            2            3
 1       -35.202790     4.284747     0.000003
 2         4.284747   -11.260384     0.000002
 3         0.000003     0.000002   -35.942300

 Spin-squared expectation <S^2>:         0.000
 Total spin quantum number S:            0.000
 TOTAL ENERGY:                       -6615.834978702

 --------------------------------------------------------------------------------

 End time:                               Sun Oct 24 15:42:02 2021
 Total wall-clock time:                194.830 seconds
==================================================================================
