
================================================================================
          _____________ ________ _______________ ________     _________         
         / ___________// ______ \\_____   _____// ______ \   / ________)        
        / /_________  / /      \ \     | |     / /      \ \ | (_______          
       |  __________|| |        | |    | |    | |        | | \________ \        
        \ \_________ | |        | |    | |     \ \______/ /___________) |       
         \__________||_|        |_|    |_|      \________//____________/        
                                                                                
====================================[ Qcore ]===================================

 Git describe: 2.3.0
 Compiler:     GNU 9.1.0
 Build type:   Release
 Version:      2.3.0

 Start time:   Sun Oct 24 15:46:33 2021

 Data directory: /work/zw18965/.local/qcore/share/entos/qcore/data
 Number of threads: 24
 Number of threads was determined by: command line argument
  - More threads can be used by running 'qcore -n 32'

 --------------------------------------------------------------------------------
                                   command: dft                                  
 --------------------------------------------------------------------------------
 AO basis set:                           def2-tzvppd
 Number of AO basis functions:          88

 Formula:                                H3N
 Nuclear charge:                        10.000000000
 Total charge:                           0.000000000
 Number of electrons:                   10.000000000

 Number of alpha electrons:              5
 Number of beta electrons:               5
 Number of unpaired electrons:           0
 Spin:                                   0
 Multiplicity:                           singlet

 Theory:                                 dft
 Exchange-correlation functional:        0.49 b88 + 0.4 lyp
 Method for Coulomb:                     incore_df
 Method for exact exchange:              pre_transformed_df
 Integral threshold:                     1.00e-12
 DF basis set:                           def2-universal-jkfit
 Number of DF basis functions:         131
 Schwarz screening threshold:            1.00e-10
 Coulomb fitting method:                 Cholesky

 ------------------
  UW12 Correlation 
 ------------------
 Factor for UW12 correlation:            1.000000000
 Opposite spin scale factor:             0.520000000
 Same spin scale factor:                 0.000000000
 Calculate indirect contribution:        false
 Method for three electron term:         df_ri
 Auxiliary RI basis set:                 Def2-TZVPPD-RI
 Number of RI basis functions:         209
 Gaussians in geminal expansion:        10
 UW12 screening threshold:               1.00e-12
 Method for density-fitting:             w(r)
 Number of core spatial orbitals:        1

 Total number of grid points:        24470
 Method for AO orthogonalization:        symmetric
 Threshold for linear dependence:        1.00e-08
 D3BJ dispersion energy:                -0.001127495

 -------------------------------------
  Running restricted closed-shell SCF 
 -------------------------------------
 Max number of iterations:             128
 Conv. threshold (gradient):             1.00e-05
 Conv. threshold (energy):               1.00e-06
 Interpolation scheme:                   adiis+cdiis
 Initial guess:                          SAD

 ---------------------------------------------------------------
                  energy        change          grad        time
 ---------------------------------------------------------------
   0       -56.503037890                    7.21e+00        0.16
   1       -56.416107974      8.69e-02      1.38e+00        0.03
   2       -56.392354250      2.38e-02      1.53e+00        0.03
   3       -56.488957588     -9.66e-02      1.06e-01        0.03
   4       -56.488880481      7.71e-05      1.05e-01        0.03
   5       -56.489266399     -3.86e-04      4.33e-03        0.03
   6       -56.489266432     -3.26e-08      5.03e-03        0.03
   7       -56.489267242     -8.10e-07      4.69e-05        0.03
   8       -56.489267243     -6.32e-10      5.03e-06        0.03

 SCF converged in 8 iterations.

 Dipole moment (in Debye):               0.000154      -1.639475      -0.000000

 Quadrupole moment (in Debye-Angstrom):
                  1            2            3
 1        -6.402069     0.000650     0.000000
 2         0.000650    -9.224986     0.000000
 3         0.000000     0.000000    -6.401210

 Spin-squared expectation <S^2>:         0.000
 Total spin quantum number S:            0.000
 TOTAL ENERGY:                         -56.489267242

 --------------------------------------------------------------------------------

 End time:                               Sun Oct 24 15:46:34 2021
 Total wall-clock time:                  0.935 seconds
==================================================================================
