
================================================================================
          _____________ ________ _______________ ________     _________         
         / ___________// ______ \\_____   _____// ______ \   / ________)        
        / /_________  / /      \ \     | |     / /      \ \ | (_______          
       |  __________|| |        | |    | |    | |        | | \________ \        
        \ \_________ | |        | |    | |     \ \______/ /___________) |       
         \__________||_|        |_|    |_|      \________//____________/        
                                                                                
====================================[ Qcore ]===================================

 Git describe: 2.3.0
 Compiler:     GNU 9.1.0
 Build type:   Release
 Version:      2.3.0

 Start time:   Fri Oct 22 17:28:57 2021

 Data directory: /work/zw18965/.local/qcore/share/entos/qcore/data
 Number of threads: 24
 Number of threads was determined by: command line argument
  - More threads can be used by running 'qcore -n 32'

 --------------------------------------------------------------------------------
                                   command: dft                                  
 --------------------------------------------------------------------------------
 AO basis set:                           def2-tzvppd
 Number of AO basis functions:          96
 ECP on atom 1 (Ag):                     28 electrons

 Formula:                                FAg
 Nuclear charge:                        56.000000000
 Total charge:                           0.000000000
 Number of core electrons:              28
 Number of treated electrons:           28

 Number of alpha electrons:             14
 Number of beta electrons:              14
 Number of unpaired electrons:           0
 Spin:                                   0
 Multiplicity:                           singlet

 Theory:                                 dft
 Exchange-correlation functional:        camb3lyp

 Using range separated hybrid functional
 Range separation parameter:             0.330000000
 Short range exact exchange:             0.190000000
 Total long range exact exchange:        0.650000000

 Method for Coulomb:                     incore_df
 Method for exact exchange:              pre_transformed_df
 Integral threshold:                     1.00e-12
 DF basis set:                           def2-universal-jkfit
 Number of DF basis functions:         332
 Schwarz screening threshold:            1.00e-10
 Coulomb fitting method:                 Cholesky
 Total number of grid points:        15310
 Method for AO orthogonalization:        symmetric
 Threshold for linear dependence:        1.00e-08
 D3BJ dispersion energy:                -0.000399406

 -------------------------------------
  Running restricted closed-shell SCF 
 -------------------------------------
 Max number of iterations:             128
 Conv. threshold (gradient):             1.00e-05
 Conv. threshold (energy):               1.00e-06
 Interpolation scheme:                   adiis+cdiis
 Initial guess:                          SAD

 ---------------------------------------------------------------
                  energy        change          grad        time
 ---------------------------------------------------------------
   0      -246.677486314                    1.77e+00        0.01
   1      -246.694464887     -1.70e-02      1.17e+00        0.01
   2      -245.921436263      7.73e-01      3.23e+00        0.01
   3      -246.759565595     -8.38e-01      8.78e-01        0.01
   4      -246.805885615     -4.63e-02      3.34e-01        0.01
   5      -246.808338364     -2.45e-03      2.77e-01        0.01
   6      -246.813338586     -5.00e-03      3.73e-02        0.01
   7      -246.813202677      1.36e-04      5.91e-02        0.01
   8      -246.813437923     -2.35e-04      1.24e-03        0.01
   9      -246.813438499     -5.76e-07      3.51e-04        0.01
  10      -246.813438559     -5.99e-08      1.55e-04        0.01
  11      -246.813438565     -6.03e-09      9.23e-06        0.01

 SCF converged in 11 iterations.

 Dipole moment (in Debye):               0.000000       0.000000       5.914768

 Quadrupole moment (in Debye-Angstrom):
                  1            2            3
 1       -22.980447     0.000000    -0.000000
 2         0.000000   -22.980447    -0.000000
 3        -0.000000    -0.000000   -28.855999

 Spin-squared expectation <S^2>:         0.000
 Total spin quantum number S:            0.000
 TOTAL ENERGY:                        -246.813438565

 --------------------------------------------------------------------------------

 End time:                               Fri Oct 22 17:28:58 2021
 Total wall-clock time:                  1.094 seconds
==================================================================================
