
================================================================================
          _____________ ________ _______________ ________     _________         
         / ___________// ______ \\_____   _____// ______ \   / ________)        
        / /_________  / /      \ \     | |     / /      \ \ | (_______          
       |  __________|| |        | |    | |    | |        | | \________ \        
        \ \_________ | |        | |    | |     \ \______/ /___________) |       
         \__________||_|        |_|    |_|      \________//____________/        
                                                                                
====================================[ Qcore ]===================================

 Git describe: 2.3.0
 Compiler:     GNU 9.1.0
 Build type:   Release
 Version:      2.3.0

 Start time:   Fri Oct 22 17:29:01 2021

 Data directory: /work/zw18965/.local/qcore/share/entos/qcore/data
 Number of threads: 24
 Number of threads was determined by: command line argument
  - More threads can be used by running 'qcore -n 32'

 --------------------------------------------------------------------------------
                                   command: dft                                  
 --------------------------------------------------------------------------------
 AO basis set:                           def2-tzvppd
 Number of AO basis functions:         168
 ECP on atom 1 (Ag):                     28 electrons
 ECP on atom 2 (Ag):                     28 electrons
 ECP on atom 3 (Ag):                     28 electrons

 Formula:                                Ag3+
 Nuclear charge:                       141.000000000
 Total charge:                           1.000000000
 Number of core electrons:              84
 Number of treated electrons:           56

 Number of alpha electrons:             28
 Number of beta electrons:              28
 Number of unpaired electrons:           0
 Spin:                                   0
 Multiplicity:                           singlet

 Theory:                                 dft
 Exchange-correlation functional:        camb3lyp

 Using range separated hybrid functional
 Range separation parameter:             0.330000000
 Short range exact exchange:             0.190000000
 Total long range exact exchange:        0.650000000

 Method for Coulomb:                     incore_df
 Method for exact exchange:              pre_transformed_df
 Integral threshold:                     1.00e-12
 DF basis set:                           def2-universal-jkfit
 Number of DF basis functions:         765
 Schwarz screening threshold:            1.00e-10
 Coulomb fitting method:                 Cholesky
 Total number of grid points:        25494
 Method for AO orthogonalization:        symmetric
 Threshold for linear dependence:        1.00e-08
 D3BJ dispersion energy:                -0.005001855

 -------------------------------------
  Running restricted closed-shell SCF 
 -------------------------------------
 Max number of iterations:             128
 Conv. threshold (gradient):             1.00e-05
 Conv. threshold (energy):               1.00e-06
 Interpolation scheme:                   adiis+cdiis
 Initial guess:                          SAD

 ---------------------------------------------------------------
                  energy        change          grad        time
 ---------------------------------------------------------------
   0      -441.034183548                    4.16e+00        0.04
   1      -440.675161215      3.59e-01      1.92e-01        0.03
   2      -440.681478955     -6.32e-03      1.51e-01        0.03
   3      -440.685661169     -4.18e-03      9.28e-02        0.03
   4      -440.688349827     -2.69e-03      2.68e-02        0.03
   5      -440.688693169     -3.43e-04      4.22e-03        0.02
   6      -440.688698426     -5.26e-06      1.20e-03        0.03
   7      -440.688698818     -3.92e-07      1.77e-04        0.03
   8      -440.688698827     -9.01e-09      2.75e-05        0.02
   9      -440.688698828     -4.29e-10      6.89e-06        0.03

 SCF converged in 9 iterations.

 Dipole moment (in Debye):               0.000001      -0.000034       0.000001

 Quadrupole moment (in Debye-Angstrom):
                  1            2            3
 1       -39.839698    -0.000001     0.000000
 2        -0.000001   -39.839831     0.000000
 3         0.000000     0.000000   -54.012873

 Spin-squared expectation <S^2>:         0.000
 Total spin quantum number S:            0.000
 TOTAL ENERGY:                        -440.688698828

 --------------------------------------------------------------------------------

 End time:                               Fri Oct 22 17:29:03 2021
 Total wall-clock time:                  1.705 seconds
==================================================================================
