
================================================================================
          _____________ ________ _______________ ________     _________         
         / ___________// ______ \\_____   _____// ______ \   / ________)        
        / /_________  / /      \ \     | |     / /      \ \ | (_______          
       |  __________|| |        | |    | |    | |        | | \________ \        
        \ \_________ | |        | |    | |     \ \______/ /___________) |       
         \__________||_|        |_|    |_|      \________//____________/        
                                                                                
====================================[ Qcore ]===================================

 Git describe: 2.3.0
 Compiler:     GNU 9.1.0
 Build type:   Release
 Version:      2.3.0

 Start time:   Fri Oct 22 17:29:04 2021

 Data directory: /work/zw18965/.local/qcore/share/entos/qcore/data
 Number of threads: 24
 Number of threads was determined by: command line argument
  - More threads can be used by running 'qcore -n 32'

 --------------------------------------------------------------------------------
                                   command: dft                                  
 --------------------------------------------------------------------------------
 AO basis set:                           def2-tzvppd
 Number of AO basis functions:         168
 ECP on atom 1 (Ag):                     28 electrons
 ECP on atom 2 (Ag):                     28 electrons
 ECP on atom 3 (Ag):                     28 electrons

 Formula:                                Ag3
 Nuclear charge:                       141.000000000
 Total charge:                           0.000000000
 Number of core electrons:              84
 Number of treated electrons:           57

 Number of alpha electrons:             29
 Number of beta electrons:              28
 Number of unpaired electrons:           1
 Spin:                                   1
 Multiplicity:                           doublet

 Theory:                                 dft
 Exchange-correlation functional:        camb3lyp

 Using range separated hybrid functional
 Range separation parameter:             0.330000000
 Short range exact exchange:             0.190000000
 Total long range exact exchange:        0.650000000

 Method for Coulomb:                     incore_df
 Method for exact exchange:              pre_transformed_df
 Integral threshold:                     1.00e-12
 DF basis set:                           def2-universal-jkfit
 Number of DF basis functions:         765
 Schwarz screening threshold:            1.00e-10
 Coulomb fitting method:                 Cholesky
 Total number of grid points:        25494
 Method for AO orthogonalization:        symmetric
 Threshold for linear dependence:        1.00e-08
 D3BJ dispersion energy:                -0.005000445

 -------------------------------------
  Running unrestricted open-shell SCF 
 -------------------------------------
 Max number of iterations:             128
 Conv. threshold (gradient):             1.00e-05
 Conv. threshold (energy):               1.00e-06
 Interpolation scheme:                   adiis+cdiis
 Initial guess:                          SAD

 ---------------------------------------------------------------
                  energy        change          grad        time
 ---------------------------------------------------------------
   0      -441.029272600                    2.05e+00        0.06
   1      -440.884811985      1.44e-01      9.48e-02        0.04
   2      -440.888455047     -3.64e-03      9.24e-02        0.04
   3      -440.893048205     -4.59e-03      1.31e-02        0.04
   4      -440.893277364     -2.29e-04      6.92e-03        0.04
   5      -440.893356883     -7.95e-05      5.17e-03        0.04
   6      -440.893374999     -1.81e-05      1.52e-03        0.04
   7      -440.893379196     -4.20e-06      7.68e-04        0.04
   8      -440.893380455     -1.26e-06      2.71e-04        0.04
   9      -440.893380706     -2.50e-07      1.55e-04        0.04
  10      -440.893380761     -5.59e-08      3.52e-05        0.04
  11      -440.893380770     -8.11e-09      1.23e-05        0.04
  12      -440.893380769      2.98e-10      6.34e-06        0.04

 SCF converged in 12 iterations.

 Dipole moment (in Debye):               0.008464      -1.218918       0.000001

 Quadrupole moment (in Debye-Angstrom):
                  1            2            3
 1       -51.312512    -0.049620     0.000001
 2        -0.049620   -64.946976     0.000001
 3         0.000001     0.000001   -60.589054

 Spin-squared expectation <S^2>:         0.761
 Total spin quantum number S:            0.506
 TOTAL ENERGY:                        -440.893380769

 --------------------------------------------------------------------------------

 End time:                               Fri Oct 22 17:29:06 2021
 Total wall-clock time:                  2.000 seconds
==================================================================================
