
================================================================================
          _____________ ________ _______________ ________     _________         
         / ___________// ______ \\_____   _____// ______ \   / ________)        
        / /_________  / /      \ \     | |     / /      \ \ | (_______          
       |  __________|| |        | |    | |    | |        | | \________ \        
        \ \_________ | |        | |    | |     \ \______/ /___________) |       
         \__________||_|        |_|    |_|      \________//____________/        
                                                                                
====================================[ Qcore ]===================================

 Git describe: 2.3.0
 Compiler:     GNU 9.1.0
 Build type:   Release
 Version:      2.3.0

 Start time:   Fri Oct 22 17:29:03 2021

 Data directory: /work/zw18965/.local/qcore/share/entos/qcore/data
 Number of threads: 24
 Number of threads was determined by: command line argument
  - More threads can be used by running 'qcore -n 32'

 --------------------------------------------------------------------------------
                                   command: dft                                  
 --------------------------------------------------------------------------------
 AO basis set:                           def2-tzvppd
 Number of AO basis functions:         168
 ECP on atom 1 (Ag):                     28 electrons
 ECP on atom 2 (Ag):                     28 electrons
 ECP on atom 3 (Ag):                     28 electrons

 Formula:                                Ag3+
 Nuclear charge:                       141.000000000
 Total charge:                           1.000000000
 Number of core electrons:              84
 Number of treated electrons:           56

 Number of alpha electrons:             28
 Number of beta electrons:              28
 Number of unpaired electrons:           0
 Spin:                                   0
 Multiplicity:                           singlet

 Theory:                                 dft
 Exchange-correlation functional:        camb3lyp

 Using range separated hybrid functional
 Range separation parameter:             0.330000000
 Short range exact exchange:             0.190000000
 Total long range exact exchange:        0.650000000

 Method for Coulomb:                     incore_df
 Method for exact exchange:              pre_transformed_df
 Integral threshold:                     1.00e-12
 DF basis set:                           def2-universal-jkfit
 Number of DF basis functions:         765
 Schwarz screening threshold:            1.00e-10
 Coulomb fitting method:                 Cholesky
 Total number of grid points:        25494
 Method for AO orthogonalization:        symmetric
 Threshold for linear dependence:        1.00e-08
 D3BJ dispersion energy:                -0.003909616

 -------------------------------------
  Running restricted closed-shell SCF 
 -------------------------------------
 Max number of iterations:             128
 Conv. threshold (gradient):             1.00e-05
 Conv. threshold (energy):               1.00e-06
 Interpolation scheme:                   adiis+cdiis
 Initial guess:                          SAD

 ---------------------------------------------------------------
                  energy        change          grad        time
 ---------------------------------------------------------------
   0      -440.932779593                    2.91e+00        0.03
   1      -440.623380220      3.09e-01      1.29e-01        0.03
   2      -440.627430026     -4.05e-03      1.21e-01        0.02
   3      -440.631872268     -4.44e-03      6.34e-02        0.02
   4      -440.632966783     -1.09e-03      3.24e-02        0.02
   5      -440.633411621     -4.45e-04      2.49e-03        0.02
   6      -440.633415217     -3.60e-06      1.21e-03        0.02
   7      -440.633415651     -4.34e-07      3.66e-04        0.02
   8      -440.633415716     -6.50e-08      6.96e-05        0.02
   9      -440.633415718     -2.25e-09      1.53e-05        0.02
  10      -440.633415718     -1.24e-10      4.48e-06        0.02

 SCF converged in 10 iterations.

 Dipole moment (in Debye):               0.000001       0.000001       0.000004

 Quadrupole moment (in Debye-Angstrom):
                  1            2            3
 1       -54.091113     0.000000    -0.000000
 2         0.000000   -54.091113    -0.000000
 3        -0.000000    -0.000000    -6.142641

 Spin-squared expectation <S^2>:         0.000
 Total spin quantum number S:            0.000
 TOTAL ENERGY:                        -440.633415718

 --------------------------------------------------------------------------------

 End time:                               Fri Oct 22 17:29:04 2021
 Total wall-clock time:                  1.635 seconds
==================================================================================
