
================================================================================
          _____________ ________ _______________ ________     _________         
         / ___________// ______ \\_____   _____// ______ \   / ________)        
        / /_________  / /      \ \     | |     / /      \ \ | (_______          
       |  __________|| |        | |    | |    | |        | | \________ \        
        \ \_________ | |        | |    | |     \ \______/ /___________) |       
         \__________||_|        |_|    |_|      \________//____________/        
                                                                                
====================================[ Qcore ]===================================

 Git describe: 2.3.0
 Compiler:     GNU 9.1.0
 Build type:   Release
 Version:      2.3.0

 Start time:   Fri Oct 22 17:29:07 2021

 Data directory: /work/zw18965/.local/qcore/share/entos/qcore/data
 Number of threads: 24
 Number of threads was determined by: command line argument
  - More threads can be used by running 'qcore -n 32'

 --------------------------------------------------------------------------------
                                   command: dft                                  
 --------------------------------------------------------------------------------
 AO basis set:                           def2-tzvppd
 Number of AO basis functions:         168
 ECP on atom 1 (Ag):                     28 electrons
 ECP on atom 2 (Ag):                     28 electrons
 ECP on atom 3 (Ag):                     28 electrons

 Formula:                                Ag3
 Nuclear charge:                       141.000000000
 Total charge:                           0.000000000
 Number of core electrons:              84
 Number of treated electrons:           57

 Number of alpha electrons:             29
 Number of beta electrons:              28
 Number of unpaired electrons:           1
 Spin:                                   1
 Multiplicity:                           doublet

 Theory:                                 dft
 Exchange-correlation functional:        camb3lyp

 Using range separated hybrid functional
 Range separation parameter:             0.330000000
 Short range exact exchange:             0.190000000
 Total long range exact exchange:        0.650000000

 Method for Coulomb:                     incore_df
 Method for exact exchange:              pre_transformed_df
 Integral threshold:                     1.00e-12
 DF basis set:                           def2-universal-jkfit
 Number of DF basis functions:         765
 Schwarz screening threshold:            1.00e-10
 Coulomb fitting method:                 Cholesky
 Total number of grid points:        25494
 Method for AO orthogonalization:        symmetric
 Threshold for linear dependence:        1.00e-08
 D3BJ dispersion energy:                -0.003950197

 -------------------------------------
  Running unrestricted open-shell SCF 
 -------------------------------------
 Max number of iterations:             128
 Conv. threshold (gradient):             1.00e-05
 Conv. threshold (energy):               1.00e-06
 Interpolation scheme:                   adiis+cdiis
 Initial guess:                          SAD

 ---------------------------------------------------------------
                  energy        change          grad        time
 ---------------------------------------------------------------
   0      -440.951771851                    1.55e+00        0.05
   1      -440.887969207      6.38e-02      6.08e-02        0.04
   2      -440.891009345     -3.04e-03      5.24e-02        0.04
   3      -440.893666661     -2.66e-03      1.36e-02        0.04
   4      -440.893944756     -2.78e-04      6.79e-03        0.04
   5      -440.894072243     -1.27e-04      3.35e-03        0.04
   6      -440.894101565     -2.93e-05      1.40e-03        0.04
   7      -440.894106338     -4.77e-06      7.10e-04        0.04
   8      -440.894109060     -2.72e-06      1.69e-04        0.04
   9      -440.894109508     -4.47e-07      3.94e-05        0.04
  10      -440.894109572     -6.40e-08      9.95e-06        0.04

 SCF converged in 10 iterations.

 Dipole moment (in Debye):               0.000001       0.000001       0.000003

 Quadrupole moment (in Debye-Angstrom):
                  1            2            3
 1       -60.517169     0.000000     0.000000
 2         0.000000   -60.517169     0.000000
 3         0.000000     0.000000   -47.118286

 Spin-squared expectation <S^2>:         0.784
 Total spin quantum number S:            0.517
 TOTAL ENERGY:                        -440.894109577

 --------------------------------------------------------------------------------

 End time:                               Fri Oct 22 17:29:08 2021
 Total wall-clock time:                  1.789 seconds
==================================================================================
