
================================================================================
          _____________ ________ _______________ ________     _________         
         / ___________// ______ \\_____   _____// ______ \   / ________)        
        / /_________  / /      \ \     | |     / /      \ \ | (_______          
       |  __________|| |        | |    | |    | |        | | \________ \        
        \ \_________ | |        | |    | |     \ \______/ /___________) |       
         \__________||_|        |_|    |_|      \________//____________/        
                                                                                
====================================[ Qcore ]===================================

 Git describe: 2.3.0
 Compiler:     GNU 9.1.0
 Build type:   Release
 Version:      2.3.0

 Start time:   Fri Oct 22 17:29:16 2021

 Data directory: /work/zw18965/.local/qcore/share/entos/qcore/data
 Number of threads: 24
 Number of threads was determined by: command line argument
  - More threads can be used by running 'qcore -n 32'

 --------------------------------------------------------------------------------
                                   command: dft                                  
 --------------------------------------------------------------------------------
 AO basis set:                           def2-tzvppd
 Number of AO basis functions:         241
 ECP on atom 1 (Ag):                     28 electrons
 ECP on atom 2 (Ag):                     28 electrons
 ECP on atom 3 (Ag):                     28 electrons
 ECP on atom 4 (Ag):                     28 electrons

 Formula:                                HAg4(2+)
 Nuclear charge:                       189.000000000
 Total charge:                           2.000000000
 Number of core electrons:             112
 Number of treated electrons:           75

 Number of alpha electrons:             38
 Number of beta electrons:              37
 Number of unpaired electrons:           1
 Spin:                                   1
 Multiplicity:                           doublet

 Theory:                                 dft
 Exchange-correlation functional:        camb3lyp

 Using range separated hybrid functional
 Range separation parameter:             0.330000000
 Short range exact exchange:             0.190000000
 Total long range exact exchange:        0.650000000

 Method for Coulomb:                     incore_df
 Method for exact exchange:              pre_transformed_df
 Integral threshold:                     1.00e-12
 DF basis set:                           def2-universal-jkfit
 Number of DF basis functions:        1038
 Schwarz screening threshold:            1.00e-10
 Coulomb fitting method:                 Cholesky
 Total number of grid points:        39882
 Method for AO orthogonalization:        symmetric
 Threshold for linear dependence:        1.00e-08
 D3BJ dispersion energy:                -0.011048497

 -------------------------------------
  Running unrestricted open-shell SCF 
 -------------------------------------
 Max number of iterations:             128
 Conv. threshold (gradient):             1.00e-05
 Conv. threshold (energy):               1.00e-06
 Interpolation scheme:                   adiis+cdiis
 Initial guess:                          SAD

 ---------------------------------------------------------------
                  energy        change          grad        time
 ---------------------------------------------------------------
   0      -588.674756192                    3.41e+00        0.15
   1      -587.760142796      9.15e-01      2.58e-01        0.10
   2      -587.778711618     -1.86e-02      1.90e-01        0.09
   3      -587.806056767     -2.73e-02      9.48e-02        0.09
   4      -587.809234840     -3.18e-03      6.56e-02        0.09
   5      -587.812610525     -3.38e-03      8.09e-03        0.11
   6      -587.812647114     -3.66e-05      3.98e-03        0.09
   7      -587.812655983     -8.87e-06      1.16e-03        0.10
   8      -587.812657134     -1.15e-06      5.64e-04        0.10
   9      -587.812657612     -4.78e-07      1.94e-04        0.10
  10      -587.812657703     -9.15e-08      1.02e-04        0.10
  11      -587.812657745     -4.19e-08      4.61e-05        0.10
  12      -587.812657762     -1.68e-08      1.57e-05        0.10
  13      -587.812657766     -4.32e-09      6.20e-06        0.10

 SCF converged in 13 iterations.

 Dipole moment (in Debye):               0.000001       0.000079      -0.158893

 Quadrupole moment (in Debye-Angstrom):
                  1            2            3
 1       -50.460393    -0.000000     0.000000
 2        -0.000000   -50.460398    -0.000262
 3         0.000000    -0.000262   -52.871832

 Spin-squared expectation <S^2>:         0.759
 Total spin quantum number S:            0.505
 TOTAL ENERGY:                        -587.812657768

 --------------------------------------------------------------------------------

 End time:                               Fri Oct 22 17:29:20 2021
 Total wall-clock time:                  3.764 seconds
==================================================================================
