
================================================================================
          _____________ ________ _______________ ________     _________         
         / ___________// ______ \\_____   _____// ______ \   / ________)        
        / /_________  / /      \ \     | |     / /      \ \ | (_______          
       |  __________|| |        | |    | |    | |        | | \________ \        
        \ \_________ | |        | |    | |     \ \______/ /___________) |       
         \__________||_|        |_|    |_|      \________//____________/        
                                                                                
====================================[ Qcore ]===================================

 Git describe: 2.3.0
 Compiler:     GNU 9.1.0
 Build type:   Release
 Version:      2.3.0

 Start time:   Fri Oct 22 17:29:08 2021

 Data directory: /work/zw18965/.local/qcore/share/entos/qcore/data
 Number of threads: 24
 Number of threads was determined by: command line argument
  - More threads can be used by running 'qcore -n 32'

 --------------------------------------------------------------------------------
                                   command: dft                                  
 --------------------------------------------------------------------------------
 AO basis set:                           def2-tzvppd
 Number of AO basis functions:         241
 ECP on atom 1 (Ag):                     28 electrons
 ECP on atom 2 (Ag):                     28 electrons
 ECP on atom 3 (Ag):                     28 electrons
 ECP on atom 4 (Ag):                     28 electrons

 Formula:                                HAg4(2+)
 Nuclear charge:                       189.000000000
 Total charge:                           2.000000000
 Number of core electrons:             112
 Number of treated electrons:           75

 Number of alpha electrons:             38
 Number of beta electrons:              37
 Number of unpaired electrons:           1
 Spin:                                   1
 Multiplicity:                           doublet

 Theory:                                 dft
 Exchange-correlation functional:        camb3lyp

 Using range separated hybrid functional
 Range separation parameter:             0.330000000
 Short range exact exchange:             0.190000000
 Total long range exact exchange:        0.650000000

 Method for Coulomb:                     incore_df
 Method for exact exchange:              pre_transformed_df
 Integral threshold:                     1.00e-12
 DF basis set:                           def2-universal-jkfit
 Number of DF basis functions:        1038
 Schwarz screening threshold:            1.00e-10
 Coulomb fitting method:                 Cholesky
 Total number of grid points:        39882
 Method for AO orthogonalization:        symmetric
 Threshold for linear dependence:        1.00e-08
 D3BJ dispersion energy:                -0.010586390

 -------------------------------------
  Running unrestricted open-shell SCF 
 -------------------------------------
 Max number of iterations:             128
 Conv. threshold (gradient):             1.00e-05
 Conv. threshold (energy):               1.00e-06
 Interpolation scheme:                   adiis+cdiis
 Initial guess:                          SAD

 ---------------------------------------------------------------
                  energy        change          grad        time
 ---------------------------------------------------------------
   0      -588.603378396                    3.04e+00        0.14
   1      -587.724837371      8.79e-01      3.14e-01        0.10
   2      -587.742223796     -1.74e-02      3.58e-01        0.09
   3      -587.788415171     -4.62e-02      1.60e-01        0.09
   4      -587.788870217     -4.55e-04      1.68e-01        0.09
   5      -587.797035322     -8.17e-03      2.86e-02        0.09
   6      -587.797186438     -1.51e-04      3.58e-02        0.09
   7      -587.797593519     -4.07e-04      3.17e-03        0.10
   8      -587.797604435     -1.09e-05      1.58e-03        0.09
   9      -587.797608555     -4.12e-06      4.78e-04        0.09
  10      -587.797608934     -3.80e-07      1.76e-04        0.09
  11      -587.797609006     -7.12e-08      6.90e-05        0.09
  12      -587.797608989      1.66e-08      2.41e-05        0.09
  13      -587.797608983      6.19e-09      1.06e-05        0.10
  14      -587.797608979      3.43e-09      6.38e-06        0.10

 SCF converged in 14 iterations.

 Dipole moment (in Debye):               0.000001       0.000013       0.298238

 Quadrupole moment (in Debye-Angstrom):
                  1            2            3
 1       -51.358377    -0.000000    -0.000000
 2        -0.000000   -51.358287     0.000040
 3        -0.000000     0.000040   -47.948915

 Spin-squared expectation <S^2>:         0.757
 Total spin quantum number S:            0.504
 TOTAL ENERGY:                        -587.797608976

 --------------------------------------------------------------------------------

 End time:                               Fri Oct 22 17:29:12 2021
 Total wall-clock time:                  3.723 seconds
==================================================================================
