
================================================================================
          _____________ ________ _______________ ________     _________         
         / ___________// ______ \\_____   _____// ______ \   / ________)        
        / /_________  / /      \ \     | |     / /      \ \ | (_______          
       |  __________|| |        | |    | |    | |        | | \________ \        
        \ \_________ | |        | |    | |     \ \______/ /___________) |       
         \__________||_|        |_|    |_|      \________//____________/        
                                                                                
====================================[ Qcore ]===================================

 Git describe: 2.3.0
 Compiler:     GNU 9.1.0
 Build type:   Release
 Version:      2.3.0

 Start time:   Fri Oct 22 17:29:20 2021

 Data directory: /work/zw18965/.local/qcore/share/entos/qcore/data
 Number of threads: 24
 Number of threads was determined by: command line argument
  - More threads can be used by running 'qcore -n 32'

 --------------------------------------------------------------------------------
                                   command: dft                                  
 --------------------------------------------------------------------------------
 AO basis set:                           def2-tzvppd
 Number of AO basis functions:         224
 ECP on atom 1 (Ag):                     28 electrons
 ECP on atom 2 (Ag):                     28 electrons
 ECP on atom 3 (Ag):                     28 electrons
 ECP on atom 4 (Ag):                     28 electrons

 Formula:                                Ag4(2+)
 Nuclear charge:                       188.000000000
 Total charge:                           2.000000000
 Number of core electrons:             112
 Number of treated electrons:           74

 Number of alpha electrons:             37
 Number of beta electrons:              37
 Number of unpaired electrons:           0
 Spin:                                   0
 Multiplicity:                           singlet

 Theory:                                 dft
 Exchange-correlation functional:        camb3lyp

 Using range separated hybrid functional
 Range separation parameter:             0.330000000
 Short range exact exchange:             0.190000000
 Total long range exact exchange:        0.650000000

 Method for Coulomb:                     incore_df
 Method for exact exchange:              pre_transformed_df
 Integral threshold:                     1.00e-12
 DF basis set:                           def2-universal-jkfit
 Number of DF basis functions:        1020
 Schwarz screening threshold:            1.00e-10
 Coulomb fitting method:                 Cholesky
 Total number of grid points:        33992
 Method for AO orthogonalization:        symmetric
 Threshold for linear dependence:        1.00e-08
 D3BJ dispersion energy:                -0.009932467

 -------------------------------------
  Running restricted closed-shell SCF 
 -------------------------------------
 Max number of iterations:             128
 Conv. threshold (gradient):             1.00e-05
 Conv. threshold (energy):               1.00e-06
 Interpolation scheme:                   adiis+cdiis
 Initial guess:                          SAD

 ---------------------------------------------------------------
                  energy        change          grad        time
 ---------------------------------------------------------------
   0      -588.088112879                    5.38e+00        0.09
   1      -587.241738886      8.46e-01      3.87e-01        0.07
   2      -587.256491617     -1.48e-02      2.22e-01        0.05
   3      -587.269645079     -1.32e-02      1.24e-01        0.05
   4      -587.274455434     -4.81e-03      5.57e-02        0.05
   5      -587.275085327     -6.30e-04      3.71e-02        0.05
   6      -587.275613529     -5.28e-04      8.30e-04        0.05
   7      -587.275613622     -9.29e-08      3.56e-04        0.05
   8      -587.275613653     -3.14e-08      5.77e-05        0.05
   9      -587.275613655     -1.36e-09      6.01e-06        0.05

 SCF converged in 9 iterations.

 Dipole moment (in Debye):               0.000000      -0.000050      -0.000096

 Quadrupole moment (in Debye-Angstrom):
                  1            2            3
 1       -49.855575    -0.000005    -0.000007
 2        -0.000005   -49.854498    -0.000302
 3        -0.000007    -0.000302   -49.856136

 Spin-squared expectation <S^2>:         0.000
 Total spin quantum number S:            0.000
 TOTAL ENERGY:                        -587.275613655

 --------------------------------------------------------------------------------

 End time:                               Fri Oct 22 17:29:23 2021
 Total wall-clock time:                  2.651 seconds
==================================================================================
