
================================================================================
          _____________ ________ _______________ ________     _________         
         / ___________// ______ \\_____   _____// ______ \   / ________)        
        / /_________  / /      \ \     | |     / /      \ \ | (_______          
       |  __________|| |        | |    | |    | |        | | \________ \        
        \ \_________ | |        | |    | |     \ \______/ /___________) |       
         \__________||_|        |_|    |_|      \________//____________/        
                                                                                
====================================[ Qcore ]===================================

 Git describe: 2.3.0
 Compiler:     GNU 9.1.0
 Build type:   Release
 Version:      2.3.0

 Start time:   Fri Oct 22 17:29:32 2021

 Data directory: /work/zw18965/.local/qcore/share/entos/qcore/data
 Number of threads: 24
 Number of threads was determined by: command line argument
  - More threads can be used by running 'qcore -n 32'

 --------------------------------------------------------------------------------
                                   command: dft                                  
 --------------------------------------------------------------------------------
 AO basis set:                           def2-tzvppd
 Number of AO basis functions:         224
 ECP on atom 1 (Ag):                     28 electrons
 ECP on atom 2 (Ag):                     28 electrons
 ECP on atom 3 (Ag):                     28 electrons
 ECP on atom 4 (Ag):                     28 electrons

 Formula:                                Ag4
 Nuclear charge:                       188.000000000
 Total charge:                           0.000000000
 Number of core electrons:             112
 Number of treated electrons:           76

 Number of alpha electrons:             38
 Number of beta electrons:              38
 Number of unpaired electrons:           0
 Spin:                                   0
 Multiplicity:                           singlet

 Theory:                                 dft
 Exchange-correlation functional:        camb3lyp

 Using range separated hybrid functional
 Range separation parameter:             0.330000000
 Short range exact exchange:             0.190000000
 Total long range exact exchange:        0.650000000

 Method for Coulomb:                     incore_df
 Method for exact exchange:              pre_transformed_df
 Integral threshold:                     1.00e-12
 DF basis set:                           def2-universal-jkfit
 Number of DF basis functions:        1020
 Schwarz screening threshold:            1.00e-10
 Coulomb fitting method:                 Cholesky
 Total number of grid points:        33992
 Method for AO orthogonalization:        symmetric
 Threshold for linear dependence:        1.00e-08
 D3BJ dispersion energy:                -0.009102462

 -------------------------------------
  Running restricted closed-shell SCF 
 -------------------------------------
 Max number of iterations:             128
 Conv. threshold (gradient):             1.00e-05
 Conv. threshold (energy):               1.00e-06
 Interpolation scheme:                   adiis+cdiis
 Initial guess:                          SAD

 ---------------------------------------------------------------
                  energy        change          grad        time
 ---------------------------------------------------------------
   0      -588.088479367                    6.22e+00        0.07
   1      -587.892088809      1.96e-01      2.65e-01        0.05
   2      -587.896276082     -4.19e-03      2.49e-01        0.04
   3      -587.902033626     -5.76e-03      1.06e-01        0.05
   4      -587.902533893     -5.00e-04      7.97e-02        0.05
   5      -587.903349214     -8.15e-04      1.62e-02        0.06
   6      -587.903413361     -6.41e-05      1.97e-03        0.06
   7      -587.903414353     -9.92e-07      5.61e-04        0.05
   8      -587.903414463     -1.10e-07      1.99e-04        0.05
   9      -587.903414473     -1.01e-08      1.06e-04        0.04
  10      -587.903414476     -3.29e-09      2.44e-05        0.05
  11      -587.903414476     -2.40e-10      6.56e-06        0.05

 SCF converged in 11 iterations.

 Dipole moment (in Debye):              -0.003775       0.000682       0.002008

 Quadrupole moment (in Debye-Angstrom):
                  1            2            3
 1       -75.283472     2.171546    -3.638612
 2         2.171546   -79.443550    -1.559552
 3        -3.638612    -1.559552   -78.083817

 Spin-squared expectation <S^2>:         0.000
 Total spin quantum number S:            0.000
 TOTAL ENERGY:                        -587.903414476

 --------------------------------------------------------------------------------

 End time:                               Fri Oct 22 17:29:34 2021
 Total wall-clock time:                  2.799 seconds
==================================================================================
