
================================================================================
          _____________ ________ _______________ ________     _________         
         / ___________// ______ \\_____   _____// ______ \   / ________)        
        / /_________  / /      \ \     | |     / /      \ \ | (_______          
       |  __________|| |        | |    | |    | |        | | \________ \        
        \ \_________ | |        | |    | |     \ \______/ /___________) |       
         \__________||_|        |_|    |_|      \________//____________/        
                                                                                
====================================[ Qcore ]===================================

 Git describe: 2.3.0
 Compiler:     GNU 9.1.0
 Build type:   Release
 Version:      2.3.0

 Start time:   Fri Oct 22 17:29:23 2021

 Data directory: /work/zw18965/.local/qcore/share/entos/qcore/data
 Number of threads: 24
 Number of threads was determined by: command line argument
  - More threads can be used by running 'qcore -n 32'

 --------------------------------------------------------------------------------
                                   command: dft                                  
 --------------------------------------------------------------------------------
 AO basis set:                           def2-tzvppd
 Number of AO basis functions:         312
 ECP on atom 1 (Ag):                     28 electrons
 ECP on atom 2 (Ag):                     28 electrons
 ECP on atom 3 (Ag):                     28 electrons
 ECP on atom 4 (Ag):                     28 electrons

 Formula:                                H3NAg4(2+)
 Nuclear charge:                       198.000000000
 Total charge:                           2.000000000
 Number of core electrons:             112
 Number of treated electrons:           84

 Number of alpha electrons:             42
 Number of beta electrons:              42
 Number of unpaired electrons:           0
 Spin:                                   0
 Multiplicity:                           singlet

 Theory:                                 dft
 Exchange-correlation functional:        camb3lyp

 Using range separated hybrid functional
 Range separation parameter:             0.330000000
 Short range exact exchange:             0.190000000
 Total long range exact exchange:        0.650000000

 Method for Coulomb:                     incore_df
 Method for exact exchange:              pre_transformed_df
 Integral threshold:                     1.00e-12
 DF basis set:                           def2-universal-jkfit
 Number of DF basis functions:        1151
 Schwarz screening threshold:            1.00e-10
 Coulomb fitting method:                 Cholesky
 Total number of grid points:        58462
 Method for AO orthogonalization:        symmetric
 Threshold for linear dependence:        1.00e-08
 D3BJ dispersion energy:                -0.012795687

 -------------------------------------
  Running restricted closed-shell SCF 
 -------------------------------------
 Max number of iterations:             128
 Conv. threshold (gradient):             1.00e-05
 Conv. threshold (energy):               1.00e-06
 Interpolation scheme:                   adiis+cdiis
 Initial guess:                          SAD

 ---------------------------------------------------------------
                  energy        change          grad        time
 ---------------------------------------------------------------
   0      -644.783955380                    1.01e+01        0.15
   1      -643.855070661      9.29e-01      1.42e+00        0.10
   2      -643.854531191      5.39e-04      1.58e+00        0.09
   3      -643.915415629     -6.09e-02      2.17e-01        0.09
   4      -643.915310291      1.05e-04      2.56e-01        0.10
   5      -643.916759314     -1.45e-03      2.06e-02        0.10
   6      -643.916771903     -1.26e-05      2.27e-02        0.10
   7      -643.916785994     -1.41e-05      2.28e-03        0.10
   8      -643.916786398     -4.04e-07      5.29e-04        0.10
   9      -643.916786421     -2.35e-08      1.42e-04        0.10
  10      -643.916786424     -2.14e-09      2.79e-05        0.10
  11      -643.916786424     -2.26e-10      9.26e-06        0.10

 SCF converged in 11 iterations.

 Dipole moment (in Debye):              -0.714453       4.082713       0.000000

 Quadrupole moment (in Debye-Angstrom):
                  1            2            3
 1       -56.818246    -5.194630    -0.000000
 2        -5.194630   -28.165023    -0.000000
 3        -0.000000    -0.000000   -57.728538

 Spin-squared expectation <S^2>:         0.000
 Total spin quantum number S:            0.000
 TOTAL ENERGY:                        -643.916786424

 --------------------------------------------------------------------------------

 End time:                               Fri Oct 22 17:29:27 2021
 Total wall-clock time:                  4.263 seconds
==================================================================================
