
================================================================================
          _____________ ________ _______________ ________     _________         
         / ___________// ______ \\_____   _____// ______ \   / ________)        
        / /_________  / /      \ \     | |     / /      \ \ | (_______          
       |  __________|| |        | |    | |    | |        | | \________ \        
        \ \_________ | |        | |    | |     \ \______/ /___________) |       
         \__________||_|        |_|    |_|      \________//____________/        
                                                                                
====================================[ Qcore ]===================================

 Git describe: 2.3.0
 Compiler:     GNU 9.1.0
 Build type:   Release
 Version:      2.3.0

 Start time:   Fri Oct 22 17:29:12 2021

 Data directory: /work/zw18965/.local/qcore/share/entos/qcore/data
 Number of threads: 24
 Number of threads was determined by: command line argument
  - More threads can be used by running 'qcore -n 32'

 --------------------------------------------------------------------------------
                                   command: dft                                  
 --------------------------------------------------------------------------------
 AO basis set:                           def2-tzvppd
 Number of AO basis functions:         241
 ECP on atom 1 (Ag):                     28 electrons
 ECP on atom 2 (Ag):                     28 electrons
 ECP on atom 3 (Ag):                     28 electrons
 ECP on atom 4 (Ag):                     28 electrons

 Formula:                                HAg4(2+)
 Nuclear charge:                       189.000000000
 Total charge:                           2.000000000
 Number of core electrons:             112
 Number of treated electrons:           75

 Number of alpha electrons:             38
 Number of beta electrons:              37
 Number of unpaired electrons:           1
 Spin:                                   1
 Multiplicity:                           doublet

 Theory:                                 dft
 Exchange-correlation functional:        camb3lyp

 Using range separated hybrid functional
 Range separation parameter:             0.330000000
 Short range exact exchange:             0.190000000
 Total long range exact exchange:        0.650000000

 Method for Coulomb:                     incore_df
 Method for exact exchange:              pre_transformed_df
 Integral threshold:                     1.00e-12
 DF basis set:                           def2-universal-jkfit
 Number of DF basis functions:        1038
 Schwarz screening threshold:            1.00e-10
 Coulomb fitting method:                 Cholesky
 Total number of grid points:        39882
 Method for AO orthogonalization:        symmetric
 Threshold for linear dependence:        1.00e-08
 D3BJ dispersion energy:                -0.010920787

 -------------------------------------
  Running unrestricted open-shell SCF 
 -------------------------------------
 Max number of iterations:             128
 Conv. threshold (gradient):             1.00e-05
 Conv. threshold (energy):               1.00e-06
 Interpolation scheme:                   adiis+cdiis
 Initial guess:                          SAD

 ---------------------------------------------------------------
                  energy        change          grad        time
 ---------------------------------------------------------------
   0      -588.644509519                    3.27e+00        0.14
   1      -587.761178087      8.83e-01      2.34e-01        0.10
   2      -587.775965149     -1.48e-02      2.65e-01        0.09
   3      -587.809473143     -3.35e-02      9.64e-02        0.09
   4      -587.809410519      6.26e-05      1.03e-01        0.09
   5      -587.814192708     -4.78e-03      9.18e-03        0.09
   6      -587.814241572     -4.89e-05      5.11e-03        0.09
   7      -587.814254115     -1.25e-05      2.28e-03        0.09
   8      -587.814256986     -2.87e-06      1.33e-03        0.09
   9      -587.814258402     -1.42e-06      3.69e-04        0.12
  10      -587.814258663     -2.61e-07      1.89e-04        0.10
  11      -587.814258787     -1.24e-07      5.07e-05        0.09
  12      -587.814258804     -1.70e-08      1.45e-05        0.09
  13      -587.814258804      3.24e-11      8.24e-06        0.09

 SCF converged in 13 iterations.

 Dipole moment (in Debye):               0.000001       0.000001      -0.699640

 Quadrupole moment (in Debye-Angstrom):
                  1            2            3
 1       -51.635860    -0.000000     0.000003
 2        -0.000000   -50.015928     0.000000
 3         0.000003     0.000000   -51.464237

 Spin-squared expectation <S^2>:         0.763
 Total spin quantum number S:            0.507
 TOTAL ENERGY:                        -587.814258806

 --------------------------------------------------------------------------------

 End time:                               Fri Oct 22 17:29:16 2021
 Total wall-clock time:                  3.694 seconds
==================================================================================
