
================================================================================
          _____________ ________ _______________ ________     _________         
         / ___________// ______ \\_____   _____// ______ \   / ________)        
        / /_________  / /      \ \     | |     / /      \ \ | (_______          
       |  __________|| |        | |    | |    | |        | | \________ \        
        \ \_________ | |        | |    | |     \ \______/ /___________) |       
         \__________||_|        |_|    |_|      \________//____________/        
                                                                                
====================================[ Qcore ]===================================

 Git describe: 2.3.0
 Compiler:     GNU 9.1.0
 Build type:   Release
 Version:      2.3.0

 Start time:   Fri Oct 22 17:29:27 2021

 Data directory: /work/zw18965/.local/qcore/share/entos/qcore/data
 Number of threads: 24
 Number of threads was determined by: command line argument
  - More threads can be used by running 'qcore -n 32'

 --------------------------------------------------------------------------------
                                   command: dft                                  
 --------------------------------------------------------------------------------
 AO basis set:                           def2-tzvppd
 Number of AO basis functions:         312
 ECP on atom 1 (Ag):                     28 electrons
 ECP on atom 2 (Ag):                     28 electrons
 ECP on atom 3 (Ag):                     28 electrons
 ECP on atom 4 (Ag):                     28 electrons

 Formula:                                H3NAg4(2+)
 Nuclear charge:                       198.000000000
 Total charge:                           2.000000000
 Number of core electrons:             112
 Number of treated electrons:           84

 Number of alpha electrons:             42
 Number of beta electrons:              42
 Number of unpaired electrons:           0
 Spin:                                   0
 Multiplicity:                           singlet

 Theory:                                 dft
 Exchange-correlation functional:        camb3lyp

 Using range separated hybrid functional
 Range separation parameter:             0.330000000
 Short range exact exchange:             0.190000000
 Total long range exact exchange:        0.650000000

 Method for Coulomb:                     incore_df
 Method for exact exchange:              pre_transformed_df
 Integral threshold:                     1.00e-12
 DF basis set:                           def2-universal-jkfit
 Number of DF basis functions:        1151
 Schwarz screening threshold:            1.00e-10
 Coulomb fitting method:                 Cholesky
 Total number of grid points:        58462
 Method for AO orthogonalization:        symmetric
 Threshold for linear dependence:        1.00e-08
 D3BJ dispersion energy:                -0.014217112

 -------------------------------------
  Running restricted closed-shell SCF 
 -------------------------------------
 Max number of iterations:             128
 Conv. threshold (gradient):             1.00e-05
 Conv. threshold (energy):               1.00e-06
 Interpolation scheme:                   adiis+cdiis
 Initial guess:                          SAD

 ---------------------------------------------------------------
                  energy        change          grad        time
 ---------------------------------------------------------------
   0      -644.683287461                    9.22e+00        0.15
   1      -643.798157865      8.85e-01      1.56e+00        0.10
   2      -643.778010214      2.01e-02      2.10e+00        0.09
   3      -643.873746479     -9.57e-02      9.84e-02        0.10
   4      -643.874019958     -2.73e-04      1.22e-01        0.10
   5      -643.874471353     -4.51e-04      8.17e-03        0.10
   6      -643.874487560     -1.62e-05      4.37e-03        0.10
   7      -643.874490280     -2.72e-06      1.72e-03        0.10
   8      -643.874490767     -4.87e-07      4.22e-04        0.10
   9      -643.874490791     -2.41e-08      1.41e-04        0.10
  10      -643.874490795     -4.05e-09      3.54e-05        0.10
  11      -643.874490795     -4.07e-10      1.43e-05        0.10
  12      -643.874490795     -7.95e-11      4.13e-06        0.10

 SCF converged in 12 iterations.

 Dipole moment (in Debye):               0.000000      -0.000120      -3.578160

 Quadrupole moment (in Debye-Angstrom):
                  1            2            3
 1       -58.093820     0.000001     0.000000
 2         0.000001   -58.093797     0.000585
 3         0.000000     0.000585   -38.145655

 Spin-squared expectation <S^2>:         0.000
 Total spin quantum number S:            0.000
 TOTAL ENERGY:                        -643.874490795

 --------------------------------------------------------------------------------

 End time:                               Fri Oct 22 17:29:31 2021
 Total wall-clock time:                  4.430 seconds
==================================================================================
