
================================================================================
          _____________ ________ _______________ ________     _________         
         / ___________// ______ \\_____   _____// ______ \   / ________)        
        / /_________  / /      \ \     | |     / /      \ \ | (_______          
       |  __________|| |        | |    | |    | |        | | \________ \        
        \ \_________ | |        | |    | |     \ \______/ /___________) |       
         \__________||_|        |_|    |_|      \________//____________/        
                                                                                
====================================[ Qcore ]===================================

 Git describe: 2.3.0
 Compiler:     GNU 9.1.0
 Build type:   Release
 Version:      2.3.0

 Start time:   Fri Oct 22 17:29:35 2021

 Data directory: /work/zw18965/.local/qcore/share/entos/qcore/data
 Number of threads: 24
 Number of threads was determined by: command line argument
  - More threads can be used by running 'qcore -n 32'

 --------------------------------------------------------------------------------
                                   command: dft                                  
 --------------------------------------------------------------------------------
 AO basis set:                           def2-tzvppd
 Number of AO basis functions:          76
 ECP on atom 1 (Au):                     60 electrons

 Formula:                                HAu
 Nuclear charge:                        80.000000000
 Total charge:                           0.000000000
 Number of core electrons:              60
 Number of treated electrons:           20

 Number of alpha electrons:             10
 Number of beta electrons:              10
 Number of unpaired electrons:           0
 Spin:                                   0
 Multiplicity:                           singlet

 Theory:                                 dft
 Exchange-correlation functional:        camb3lyp

 Using range separated hybrid functional
 Range separation parameter:             0.330000000
 Short range exact exchange:             0.190000000
 Total long range exact exchange:        0.650000000

 Method for Coulomb:                     incore_df
 Method for exact exchange:              pre_transformed_df
 Integral threshold:                     1.00e-12
 DF basis set:                           def2-universal-jkfit
 Number of DF basis functions:         265
 Schwarz screening threshold:            1.00e-10
 Coulomb fitting method:                 Cholesky
 Total number of grid points:        15010
 Method for AO orthogonalization:        symmetric
 Threshold for linear dependence:        1.00e-08
 D3BJ dispersion energy:                -0.000343232

 -------------------------------------
  Running restricted closed-shell SCF 
 -------------------------------------
 Max number of iterations:             128
 Conv. threshold (gradient):             1.00e-05
 Conv. threshold (energy):               1.00e-06
 Interpolation scheme:                   adiis+cdiis
 Initial guess:                          SAD

 ---------------------------------------------------------------
                  energy        change          grad        time
 ---------------------------------------------------------------
   0      -136.231248464                    6.01e+00        0.01
   1      -136.256870253     -2.56e-02      2.98e-01        0.01
   2      -136.254097228      2.77e-03      4.20e-01        0.01
   3      -136.270655656     -1.66e-02      2.17e-02        0.01
   4      -136.270837294     -1.82e-04      1.58e-02        0.01
   5      -136.270884129     -4.68e-05      6.55e-03        0.01
   6      -136.270898726     -1.46e-05      2.17e-03        0.01
   7      -136.270900664     -1.94e-06      3.05e-04        0.01
   8      -136.270900726     -6.20e-08      3.88e-05        0.01
   9      -136.270900727     -1.05e-09      1.07e-05        0.01
  10      -136.270900727     -2.39e-11      1.86e-06        0.01

 SCF converged in 10 iterations.

 Dipole moment (in Debye):               0.000000       0.000000       1.578332

 Quadrupole moment (in Debye-Angstrom):
                  1            2            3
 1       -24.997966     0.000000    -0.000000
 2         0.000000   -24.997966    -0.000000
 3        -0.000000    -0.000000   -22.291869

 Spin-squared expectation <S^2>:         0.000
 Total spin quantum number S:            0.000
 TOTAL ENERGY:                        -136.270900727

 --------------------------------------------------------------------------------

 End time:                               Fri Oct 22 17:29:36 2021
 Total wall-clock time:                  0.788 seconds
==================================================================================
