
================================================================================
          _____________ ________ _______________ ________     _________         
         / ___________// ______ \\_____   _____// ______ \   / ________)        
        / /_________  / /      \ \     | |     / /      \ \ | (_______          
       |  __________|| |        | |    | |    | |        | | \________ \        
        \ \_________ | |        | |    | |     \ \______/ /___________) |       
         \__________||_|        |_|    |_|      \________//____________/        
                                                                                
====================================[ Qcore ]===================================

 Git describe: 2.3.0
 Compiler:     GNU 9.1.0
 Build type:   Release
 Version:      2.3.0

 Start time:   Fri Oct 22 17:29:34 2021

 Data directory: /work/zw18965/.local/qcore/share/entos/qcore/data
 Number of threads: 24
 Number of threads was determined by: command line argument
  - More threads can be used by running 'qcore -n 32'

 --------------------------------------------------------------------------------
                                   command: dft                                  
 --------------------------------------------------------------------------------
 AO basis set:                           def2-tzvppd
 Number of AO basis functions:          99
 ECP on atom 1 (Au):                     60 electrons

 Formula:                                FAu
 Nuclear charge:                        88.000000000
 Total charge:                           0.000000000
 Number of core electrons:              60
 Number of treated electrons:           28

 Number of alpha electrons:             14
 Number of beta electrons:              14
 Number of unpaired electrons:           0
 Spin:                                   0
 Multiplicity:                           singlet

 Theory:                                 dft
 Exchange-correlation functional:        camb3lyp

 Using range separated hybrid functional
 Range separation parameter:             0.330000000
 Short range exact exchange:             0.190000000
 Total long range exact exchange:        0.650000000

 Method for Coulomb:                     incore_df
 Method for exact exchange:              pre_transformed_df
 Integral threshold:                     1.00e-12
 DF basis set:                           def2-universal-jkfit
 Number of DF basis functions:         324
 Schwarz screening threshold:            1.00e-10
 Coulomb fitting method:                 Cholesky
 Total number of grid points:        15932
 Method for AO orthogonalization:        symmetric
 Threshold for linear dependence:        1.00e-08
 D3BJ dispersion energy:                -0.000436903

 -------------------------------------
  Running restricted closed-shell SCF 
 -------------------------------------
 Max number of iterations:             128
 Conv. threshold (gradient):             1.00e-05
 Conv. threshold (energy):               1.00e-06
 Interpolation scheme:                   adiis+cdiis
 Initial guess:                          SAD

 ---------------------------------------------------------------
                  energy        change          grad        time
 ---------------------------------------------------------------
   0      -235.462744920                    3.72e+00        0.02
   1      -235.412876993      4.99e-02      1.24e+00        0.01
   2      -234.914825327      4.98e-01      2.89e+00        0.01
   3      -235.483692485     -5.69e-01      7.38e-01        0.01
   4      -235.507634782     -2.39e-02      4.34e-01        0.01
   5      -235.516390179     -8.76e-03      1.77e-01        0.01
   6      -235.517215134     -8.25e-04      1.42e-01        0.01
   7      -235.518296089     -1.08e-03      2.72e-02        0.01
   8      -235.518227876      6.82e-05      4.84e-02        0.01
   9      -235.518369234     -1.41e-04      6.49e-04        0.01
  10      -235.518369438     -2.04e-07      2.19e-04        0.01
  11      -235.518369447     -8.62e-09      1.81e-05        0.01
  12      -235.518369447     -9.31e-11      4.95e-06        0.01

 SCF converged in 12 iterations.

 Dipole moment (in Debye):               0.000000       0.000000       4.451207

 Quadrupole moment (in Debye-Angstrom):
                  1            2            3
 1       -27.289842     0.000000     0.000001
 2         0.000000   -27.289842     0.000001
 3         0.000001     0.000001   -30.564858

 Spin-squared expectation <S^2>:         0.000
 Total spin quantum number S:            0.000
 TOTAL ENERGY:                        -235.518369447

 --------------------------------------------------------------------------------

 End time:                               Fri Oct 22 17:29:35 2021
 Total wall-clock time:                  0.946 seconds
==================================================================================
