
================================================================================
          _____________ ________ _______________ ________     _________         
         / ___________// ______ \\_____   _____// ______ \   / ________)        
        / /_________  / /      \ \     | |     / /      \ \ | (_______          
       |  __________|| |        | |    | |    | |        | | \________ \        
        \ \_________ | |        | |    | |     \ \______/ /___________) |       
         \__________||_|        |_|    |_|      \________//____________/        
                                                                                
====================================[ Qcore ]===================================

 Git describe: 2.3.0
 Compiler:     GNU 9.1.0
 Build type:   Release
 Version:      2.3.0

 Start time:   Fri Oct 22 17:29:38 2021

 Data directory: /work/zw18965/.local/qcore/share/entos/qcore/data
 Number of threads: 24
 Number of threads was determined by: command line argument
  - More threads can be used by running 'qcore -n 32'

 --------------------------------------------------------------------------------
                                   command: dft                                  
 --------------------------------------------------------------------------------
 AO basis set:                           def2-tzvppd
 Number of AO basis functions:         177
 ECP on atom 1 (Au):                     60 electrons
 ECP on atom 2 (Au):                     60 electrons
 ECP on atom 3 (Au):                     60 electrons

 Formula:                                Au3+
 Nuclear charge:                       237.000000000
 Total charge:                           1.000000000
 Number of core electrons:             180
 Number of treated electrons:           56

 Number of alpha electrons:             28
 Number of beta electrons:              28
 Number of unpaired electrons:           0
 Spin:                                   0
 Multiplicity:                           singlet

 Theory:                                 dft
 Exchange-correlation functional:        camb3lyp

 Using range separated hybrid functional
 Range separation parameter:             0.330000000
 Short range exact exchange:             0.190000000
 Total long range exact exchange:        0.650000000

 Method for Coulomb:                     incore_df
 Method for exact exchange:              pre_transformed_df
 Integral threshold:                     1.00e-12
 DF basis set:                           def2-universal-jkfit
 Number of DF basis functions:         741
 Schwarz screening threshold:            1.00e-10
 Coulomb fitting method:                 Cholesky
 Total number of grid points:        27360
 Method for AO orthogonalization:        symmetric
 Threshold for linear dependence:        1.00e-08
 D3BJ dispersion energy:                -0.005514786

 -------------------------------------
  Running restricted closed-shell SCF 
 -------------------------------------
 Max number of iterations:             128
 Conv. threshold (gradient):             1.00e-05
 Conv. threshold (energy):               1.00e-06
 Interpolation scheme:                   adiis+cdiis
 Initial guess:                          SAD

 ---------------------------------------------------------------
                  energy        change          grad        time
 ---------------------------------------------------------------
   0      -407.293894093                    1.06e+01        0.04
   1      -406.821285513      4.73e-01      2.39e-01        0.03
   2      -406.830313172     -9.03e-03      1.93e-01        0.03
   3      -406.837554188     -7.24e-03      9.20e-02        0.03
   4      -406.838986883     -1.43e-03      5.47e-02        0.03
   5      -406.839749096     -7.62e-04      2.38e-03        0.03
   6      -406.839751256     -2.16e-06      1.20e-03        0.03
   7      -406.839751491     -2.34e-07      3.90e-04        0.03
   8      -406.839751585     -9.39e-08      8.98e-05        0.03
   9      -406.839751588     -3.61e-09      1.67e-05        0.03
  10      -406.839751588     -8.10e-11      1.45e-05        0.03
  11      -406.839751588     -2.68e-11      2.43e-06        0.03

 SCF converged in 11 iterations.

 Dipole moment (in Debye):               0.000000      -0.000135      -0.000000

 Quadrupole moment (in Debye-Angstrom):
                  1            2            3
 1       -49.498051     0.000001    -0.000000
 2         0.000001   -49.498256     0.000000
 3        -0.000000     0.000000   -64.350226

 Spin-squared expectation <S^2>:         0.000
 Total spin quantum number S:            0.000
 TOTAL ENERGY:                        -406.839751588

 --------------------------------------------------------------------------------

 End time:                               Fri Oct 22 17:29:40 2021
 Total wall-clock time:                  1.740 seconds
==================================================================================
