
================================================================================
          _____________ ________ _______________ ________     _________         
         / ___________// ______ \\_____   _____// ______ \   / ________)        
        / /_________  / /      \ \     | |     / /      \ \ | (_______          
       |  __________|| |        | |    | |    | |        | | \________ \        
        \ \_________ | |        | |    | |     \ \______/ /___________) |       
         \__________||_|        |_|    |_|      \________//____________/        
                                                                                
====================================[ Qcore ]===================================

 Git describe: 2.3.0
 Compiler:     GNU 9.1.0
 Build type:   Release
 Version:      2.3.0

 Start time:   Fri Oct 22 17:29:42 2021

 Data directory: /work/zw18965/.local/qcore/share/entos/qcore/data
 Number of threads: 24
 Number of threads was determined by: command line argument
  - More threads can be used by running 'qcore -n 32'

 --------------------------------------------------------------------------------
                                   command: dft                                  
 --------------------------------------------------------------------------------
 AO basis set:                           def2-tzvppd
 Number of AO basis functions:         177
 ECP on atom 1 (Au):                     60 electrons
 ECP on atom 2 (Au):                     60 electrons
 ECP on atom 3 (Au):                     60 electrons

 Formula:                                Au3
 Nuclear charge:                       237.000000000
 Total charge:                           0.000000000
 Number of core electrons:             180
 Number of treated electrons:           57

 Number of alpha electrons:             29
 Number of beta electrons:              28
 Number of unpaired electrons:           1
 Spin:                                   1
 Multiplicity:                           doublet

 Theory:                                 dft
 Exchange-correlation functional:        camb3lyp

 Using range separated hybrid functional
 Range separation parameter:             0.330000000
 Short range exact exchange:             0.190000000
 Total long range exact exchange:        0.650000000

 Method for Coulomb:                     incore_df
 Method for exact exchange:              pre_transformed_df
 Integral threshold:                     1.00e-12
 DF basis set:                           def2-universal-jkfit
 Number of DF basis functions:         741
 Schwarz screening threshold:            1.00e-10
 Coulomb fitting method:                 Cholesky
 Total number of grid points:        27360
 Method for AO orthogonalization:        symmetric
 Threshold for linear dependence:        1.00e-08
 D3BJ dispersion energy:                -0.005510611

 -------------------------------------
  Running unrestricted open-shell SCF 
 -------------------------------------
 Max number of iterations:             128
 Conv. threshold (gradient):             1.00e-05
 Conv. threshold (energy):               1.00e-06
 Interpolation scheme:                   adiis+cdiis
 Initial guess:                          SAD

 ---------------------------------------------------------------
                  energy        change          grad        time
 ---------------------------------------------------------------
   0      -407.270551143                    5.05e+00        0.06
   1      -407.073122478      1.97e-01      1.33e-01        0.04
   2      -407.076221931     -3.10e-03      1.50e-01        0.04
   3      -407.083730704     -7.51e-03      6.36e-02        0.05
   4      -407.083751584     -2.09e-05      6.97e-02        0.04
   5      -407.085540694     -1.79e-03      1.12e-02        0.04
   6      -407.085625526     -8.48e-05      5.78e-03        0.04
   7      -407.085659139     -3.36e-05      3.55e-03        0.04
   8      -407.085687428     -2.83e-05      1.74e-03        0.04
   9      -407.085694386     -6.96e-06      1.03e-03        0.04
  10      -407.085697524     -3.14e-06      4.56e-04        0.04
  11      -407.085698398     -8.74e-07      3.60e-04        0.04
  12      -407.085698819     -4.21e-07      2.40e-04        0.04
  13      -407.085699042     -2.23e-07      2.08e-04        0.04
  14      -407.085699211     -1.69e-07      2.13e-04        0.04
  15      -407.085699490     -2.79e-07      2.06e-04        0.05
  16      -407.085699808     -3.18e-07      2.00e-04        0.05
  17      -407.085700478     -6.70e-07      1.90e-04        0.04
  18      -407.085701575     -1.10e-06      1.67e-04        0.05
  19      -407.085703481     -1.91e-06      1.38e-04        0.05
  20      -407.085703965     -4.83e-07      1.01e-04        0.05
  21      -407.085704853     -8.88e-07      1.72e-04        0.07
  22      -407.085704871     -1.88e-08      6.00e-05        0.05
  23      -407.085704971     -9.93e-08      4.64e-05        0.05
  24      -407.085704992     -2.15e-08      5.00e-05        0.05
  25      -407.085704975      1.68e-08      2.37e-05        0.05
  26      -407.085704962      1.37e-08      7.61e-06        0.05

 SCF converged in 26 iterations.

 Dipole moment (in Debye):               0.000436      -1.359482       0.000000

 Quadrupole moment (in Debye-Angstrom):
                  1            2            3
 1       -61.132279    -0.001813     0.000002
 2        -0.001813   -71.838601     0.000001
 3         0.000002     0.000001   -70.211240

 Spin-squared expectation <S^2>:         0.777
 Total spin quantum number S:            0.513
 TOTAL ENERGY:                        -407.085704956

 --------------------------------------------------------------------------------

 End time:                               Fri Oct 22 17:29:45 2021
 Total wall-clock time:                  2.782 seconds
==================================================================================
