
================================================================================
          _____________ ________ _______________ ________     _________         
         / ___________// ______ \\_____   _____// ______ \   / ________)        
        / /_________  / /      \ \     | |     / /      \ \ | (_______          
       |  __________|| |        | |    | |    | |        | | \________ \        
        \ \_________ | |        | |    | |     \ \______/ /___________) |       
         \__________||_|        |_|    |_|      \________//____________/        
                                                                                
====================================[ Qcore ]===================================

 Git describe: 2.3.0
 Compiler:     GNU 9.1.0
 Build type:   Release
 Version:      2.3.0

 Start time:   Fri Oct 22 17:29:40 2021

 Data directory: /work/zw18965/.local/qcore/share/entos/qcore/data
 Number of threads: 24
 Number of threads was determined by: command line argument
  - More threads can be used by running 'qcore -n 32'

 --------------------------------------------------------------------------------
                                   command: dft                                  
 --------------------------------------------------------------------------------
 AO basis set:                           def2-tzvppd
 Number of AO basis functions:         177
 ECP on atom 1 (Au):                     60 electrons
 ECP on atom 2 (Au):                     60 electrons
 ECP on atom 3 (Au):                     60 electrons

 Formula:                                Au3+
 Nuclear charge:                       237.000000000
 Total charge:                           1.000000000
 Number of core electrons:             180
 Number of treated electrons:           56

 Number of alpha electrons:             28
 Number of beta electrons:              28
 Number of unpaired electrons:           0
 Spin:                                   0
 Multiplicity:                           singlet

 Theory:                                 dft
 Exchange-correlation functional:        camb3lyp

 Using range separated hybrid functional
 Range separation parameter:             0.330000000
 Short range exact exchange:             0.190000000
 Total long range exact exchange:        0.650000000

 Method for Coulomb:                     incore_df
 Method for exact exchange:              pre_transformed_df
 Integral threshold:                     1.00e-12
 DF basis set:                           def2-universal-jkfit
 Number of DF basis functions:         741
 Schwarz screening threshold:            1.00e-10
 Coulomb fitting method:                 Cholesky
 Total number of grid points:        27360
 Method for AO orthogonalization:        symmetric
 Threshold for linear dependence:        1.00e-08
 D3BJ dispersion energy:                -0.004399750

 -------------------------------------
  Running restricted closed-shell SCF 
 -------------------------------------
 Max number of iterations:             128
 Conv. threshold (gradient):             1.00e-05
 Conv. threshold (energy):               1.00e-06
 Interpolation scheme:                   adiis+cdiis
 Initial guess:                          SAD

 ---------------------------------------------------------------
                  energy        change          grad        time
 ---------------------------------------------------------------
   0      -407.166109834                    7.30e+00        0.04
   1      -406.752487517      4.14e-01      1.90e-01        0.03
   2      -406.758925323     -6.44e-03      1.76e-01        0.03
   3      -406.767000168     -8.07e-03      6.98e-02        0.03
   4      -406.767056026     -5.59e-05      7.15e-02        0.03
   5      -406.768267408     -1.21e-03      4.12e-03        0.03
   6      -406.768274876     -7.47e-06      1.13e-03        0.03
   7      -406.768275845     -9.68e-07      5.65e-04        0.03
   8      -406.768275963     -1.19e-07      2.14e-04        0.03
   9      -406.768275984     -2.03e-08      6.45e-05        0.03
  10      -406.768275986     -2.88e-09      1.08e-05        0.03
  11      -406.768275986     -4.37e-11      8.52e-06        0.03

 SCF converged in 11 iterations.

 Dipole moment (in Debye):              -0.000003      -0.000003       0.000004

 Quadrupole moment (in Debye-Angstrom):
                  1            2            3
 1       -63.718446    -0.000004    -0.000001
 2        -0.000004   -63.718446    -0.000001
 3        -0.000001    -0.000001   -17.089124

 Spin-squared expectation <S^2>:         0.000
 Total spin quantum number S:            0.000
 TOTAL ENERGY:                        -406.768275986

 --------------------------------------------------------------------------------

 End time:                               Fri Oct 22 17:29:42 2021
 Total wall-clock time:                  1.761 seconds
==================================================================================
