
================================================================================
          _____________ ________ _______________ ________     _________         
         / ___________// ______ \\_____   _____// ______ \   / ________)        
        / /_________  / /      \ \     | |     / /      \ \ | (_______          
       |  __________|| |        | |    | |    | |        | | \________ \        
        \ \_________ | |        | |    | |     \ \______/ /___________) |       
         \__________||_|        |_|    |_|      \________//____________/        
                                                                                
====================================[ Qcore ]===================================

 Git describe: 2.3.0
 Compiler:     GNU 9.1.0
 Build type:   Release
 Version:      2.3.0

 Start time:   Fri Oct 22 17:29:45 2021

 Data directory: /work/zw18965/.local/qcore/share/entos/qcore/data
 Number of threads: 24
 Number of threads was determined by: command line argument
  - More threads can be used by running 'qcore -n 32'

 --------------------------------------------------------------------------------
                                   command: dft                                  
 --------------------------------------------------------------------------------
 AO basis set:                           def2-tzvppd
 Number of AO basis functions:         177
 ECP on atom 1 (Au):                     60 electrons
 ECP on atom 2 (Au):                     60 electrons
 ECP on atom 3 (Au):                     60 electrons

 Formula:                                Au3
 Nuclear charge:                       237.000000000
 Total charge:                           0.000000000
 Number of core electrons:             180
 Number of treated electrons:           57

 Number of alpha electrons:             29
 Number of beta electrons:              28
 Number of unpaired electrons:           1
 Spin:                                   1
 Multiplicity:                           doublet

 Theory:                                 dft
 Exchange-correlation functional:        camb3lyp

 Using range separated hybrid functional
 Range separation parameter:             0.330000000
 Short range exact exchange:             0.190000000
 Total long range exact exchange:        0.650000000

 Method for Coulomb:                     incore_df
 Method for exact exchange:              pre_transformed_df
 Integral threshold:                     1.00e-12
 DF basis set:                           def2-universal-jkfit
 Number of DF basis functions:         741
 Schwarz screening threshold:            1.00e-10
 Coulomb fitting method:                 Cholesky
 Total number of grid points:        27360
 Method for AO orthogonalization:        symmetric
 Threshold for linear dependence:        1.00e-08
 D3BJ dispersion energy:                -0.004440218

 -------------------------------------
  Running unrestricted open-shell SCF 
 -------------------------------------
 Max number of iterations:             128
 Conv. threshold (gradient):             1.00e-05
 Conv. threshold (energy):               1.00e-06
 Interpolation scheme:                   adiis+cdiis
 Initial guess:                          SAD

 ---------------------------------------------------------------
                  energy        change          grad        time
 ---------------------------------------------------------------
   0      -407.188029149                    3.85e+00        0.06
   1      -407.077143907      1.11e-01      7.99e-02        0.04
   2      -407.080138974     -3.00e-03      8.97e-02        0.04
   3      -407.085222991     -5.08e-03      2.41e-02        0.04
   4      -407.085617013     -3.94e-04      1.07e-02        0.04
   5      -407.085786663     -1.70e-04      3.97e-03        0.04
   6      -407.085821026     -3.44e-05      1.29e-03        0.04
   7      -407.085825636     -4.61e-06      6.91e-04        0.05
   8      -407.085826545     -9.09e-07      2.42e-04        0.04
   9      -407.085826878     -3.32e-07      1.09e-04        0.04
  10      -407.085826919     -4.10e-08      4.06e-05        0.04
  11      -407.085826918      6.35e-10      8.23e-06        0.04

 SCF converged in 11 iterations.

 Dipole moment (in Debye):              -0.000005      -0.000005       0.000002

 Quadrupole moment (in Debye-Angstrom):
                  1            2            3
 1       -69.670894    -0.000003     0.000002
 2        -0.000003   -69.670894     0.000002
 3         0.000002     0.000002   -55.416982

 Spin-squared expectation <S^2>:         0.781
 Total spin quantum number S:            0.515
 TOTAL ENERGY:                        -407.085826917

 --------------------------------------------------------------------------------

 End time:                               Fri Oct 22 17:29:47 2021
 Total wall-clock time:                  1.990 seconds
==================================================================================
