
================================================================================
          _____________ ________ _______________ ________     _________         
         / ___________// ______ \\_____   _____// ______ \   / ________)        
        / /_________  / /      \ \     | |     / /      \ \ | (_______          
       |  __________|| |        | |    | |    | |        | | \________ \        
        \ \_________ | |        | |    | |     \ \______/ /___________) |       
         \__________||_|        |_|    |_|      \________//____________/        
                                                                                
====================================[ Qcore ]===================================

 Git describe: 2.3.0
 Compiler:     GNU 9.1.0
 Build type:   Release
 Version:      2.3.0

 Start time:   Fri Oct 22 17:30:03 2021

 Data directory: /work/zw18965/.local/qcore/share/entos/qcore/data
 Number of threads: 24
 Number of threads was determined by: command line argument
  - More threads can be used by running 'qcore -n 32'

 --------------------------------------------------------------------------------
                                   command: dft                                  
 --------------------------------------------------------------------------------
 AO basis set:                           def2-tzvppd
 Number of AO basis functions:         324
 ECP on atom 1 (Au):                     60 electrons
 ECP on atom 2 (Au):                     60 electrons
 ECP on atom 3 (Au):                     60 electrons
 ECP on atom 4 (Au):                     60 electrons

 Formula:                                H3NAu4(2+)
 Nuclear charge:                       326.000000000
 Total charge:                           2.000000000
 Number of core electrons:             240
 Number of treated electrons:           84

 Number of alpha electrons:             42
 Number of beta electrons:              42
 Number of unpaired electrons:           0
 Spin:                                   0
 Multiplicity:                           singlet

 Theory:                                 dft
 Exchange-correlation functional:        camb3lyp

 Using range separated hybrid functional
 Range separation parameter:             0.330000000
 Short range exact exchange:             0.190000000
 Total long range exact exchange:        0.650000000

 Method for Coulomb:                     incore_df
 Method for exact exchange:              pre_transformed_df
 Integral threshold:                     1.00e-12
 DF basis set:                           def2-universal-jkfit
 Number of DF basis functions:        1119
 Schwarz screening threshold:            1.00e-10
 Coulomb fitting method:                 Cholesky
 Total number of grid points:        60950
 Method for AO orthogonalization:        symmetric
 Threshold for linear dependence:        1.00e-08
 D3BJ dispersion energy:                -0.014227331

 -------------------------------------
  Running restricted closed-shell SCF 
 -------------------------------------
 Max number of iterations:             128
 Conv. threshold (gradient):             1.00e-05
 Conv. threshold (energy):               1.00e-06
 Interpolation scheme:                   adiis+cdiis
 Initial guess:                          SAD

 ---------------------------------------------------------------
                  energy        change          grad        time
 ---------------------------------------------------------------
   0      -599.891214464                    2.00e+01        0.18
   1      -598.720606732      1.17e+00      1.39e+00        0.11
   2      -598.725105878     -4.50e-03      1.53e+00        0.10
   3      -598.780883981     -5.58e-02      3.36e-01        0.11
   4      -598.779363377      1.52e-03      4.29e-01        0.11
   5      -598.783453993     -4.09e-03      3.89e-02        0.11
   6      -598.783457529     -3.54e-06      5.08e-02        0.11
   7      -598.783501191     -4.37e-05      2.90e-03        0.12
   8      -598.783501979     -7.88e-07      1.73e-03        0.11
   9      -598.783502114     -1.35e-07      3.57e-04        0.11
  10      -598.783502134     -2.03e-08      6.03e-05        0.11
  11      -598.783502135     -9.80e-10      1.96e-05        0.11
  12      -598.783502135     -1.29e-10      8.85e-06        0.11

 SCF converged in 12 iterations.

 Dipole moment (in Debye):              -1.069570       6.110584      -0.000004

 Quadrupole moment (in Debye-Angstrom):
                  1            2            3
 1       -70.672005    -6.048333    -0.000007
 2        -6.048333   -37.142380     0.000001
 3        -0.000007     0.000001   -71.726566

 Spin-squared expectation <S^2>:         0.000
 Total spin quantum number S:            0.000
 TOTAL ENERGY:                        -598.783502135

 --------------------------------------------------------------------------------

 End time:                               Fri Oct 22 17:30:07 2021
 Total wall-clock time:                  4.715 seconds
==================================================================================
