
================================================================================
          _____________ ________ _______________ ________     _________         
         / ___________// ______ \\_____   _____// ______ \   / ________)        
        / /_________  / /      \ \     | |     / /      \ \ | (_______          
       |  __________|| |        | |    | |    | |        | | \________ \        
        \ \_________ | |        | |    | |     \ \______/ /___________) |       
         \__________||_|        |_|    |_|      \________//____________/        
                                                                                
====================================[ Qcore ]===================================

 Git describe: 2.3.0
 Compiler:     GNU 9.1.0
 Build type:   Release
 Version:      2.3.0

 Start time:   Fri Oct 22 17:30:00 2021

 Data directory: /work/zw18965/.local/qcore/share/entos/qcore/data
 Number of threads: 24
 Number of threads was determined by: command line argument
  - More threads can be used by running 'qcore -n 32'

 --------------------------------------------------------------------------------
                                   command: dft                                  
 --------------------------------------------------------------------------------
 AO basis set:                           def2-tzvppd
 Number of AO basis functions:         236
 ECP on atom 1 (Au):                     60 electrons
 ECP on atom 2 (Au):                     60 electrons
 ECP on atom 3 (Au):                     60 electrons
 ECP on atom 4 (Au):                     60 electrons

 Formula:                                Au4(2+)
 Nuclear charge:                       316.000000000
 Total charge:                           2.000000000
 Number of core electrons:             240
 Number of treated electrons:           74

 Number of alpha electrons:             37
 Number of beta electrons:              37
 Number of unpaired electrons:           0
 Spin:                                   0
 Multiplicity:                           singlet

 Theory:                                 dft
 Exchange-correlation functional:        camb3lyp

 Using range separated hybrid functional
 Range separation parameter:             0.330000000
 Short range exact exchange:             0.190000000
 Total long range exact exchange:        0.650000000

 Method for Coulomb:                     incore_df
 Method for exact exchange:              pre_transformed_df
 Integral threshold:                     1.00e-12
 DF basis set:                           def2-universal-jkfit
 Number of DF basis functions:         988
 Schwarz screening threshold:            1.00e-10
 Coulomb fitting method:                 Cholesky
 Total number of grid points:        36480
 Method for AO orthogonalization:        symmetric
 Threshold for linear dependence:        1.00e-08
 D3BJ dispersion energy:                -0.010987408

 -------------------------------------
  Running restricted closed-shell SCF 
 -------------------------------------
 Max number of iterations:             128
 Conv. threshold (gradient):             1.00e-05
 Conv. threshold (energy):               1.00e-06
 Interpolation scheme:                   adiis+cdiis
 Initial guess:                          SAD

 ---------------------------------------------------------------
                  energy        change          grad        time
 ---------------------------------------------------------------
   0      -543.154733996                    1.47e+01        0.08
   1      -542.068892807      1.09e+00      4.48e-01        0.06
   2      -542.089766329     -2.09e-02      3.08e-01        0.05
   3      -542.109768561     -2.00e-02      1.68e-01        0.05
   4      -542.111859620     -2.09e-03      1.46e-01        0.05
   5      -542.114628217     -2.77e-03      4.26e-02        0.05
   6      -542.114458996      1.69e-04      5.61e-02        0.06
   7      -542.114859370     -4.00e-04      5.08e-04        0.06
   8      -542.114859443     -7.23e-08      1.14e-04        0.05
   9      -542.114859447     -4.58e-09      1.02e-05        0.05
  10      -542.114859447     -4.31e-11      7.95e-06        0.05

 SCF converged in 10 iterations.

 Dipole moment (in Debye):               0.000000       0.000097      -0.000019

 Quadrupole moment (in Debye-Angstrom):
                  1            2            3
 1       -63.305941     0.000002    -0.000002
 2         0.000002   -63.306452    -0.000662
 3        -0.000002    -0.000662   -63.307069

 Spin-squared expectation <S^2>:         0.000
 Total spin quantum number S:            0.000
 TOTAL ENERGY:                        -542.114859447

 --------------------------------------------------------------------------------

 End time:                               Fri Oct 22 17:30:03 2021
 Total wall-clock time:                  2.868 seconds
==================================================================================
