
================================================================================
          _____________ ________ _______________ ________     _________         
         / ___________// ______ \\_____   _____// ______ \   / ________)        
        / /_________  / /      \ \     | |     / /      \ \ | (_______          
       |  __________|| |        | |    | |    | |        | | \________ \        
        \ \_________ | |        | |    | |     \ \______/ /___________) |       
         \__________||_|        |_|    |_|      \________//____________/        
                                                                                
====================================[ Qcore ]===================================

 Git describe: 2.3.0
 Compiler:     GNU 9.1.0
 Build type:   Release
 Version:      2.3.0

 Start time:   Fri Oct 22 17:30:07 2021

 Data directory: /work/zw18965/.local/qcore/share/entos/qcore/data
 Number of threads: 24
 Number of threads was determined by: command line argument
  - More threads can be used by running 'qcore -n 32'

 --------------------------------------------------------------------------------
                                   command: dft                                  
 --------------------------------------------------------------------------------
 AO basis set:                           def2-tzvppd
 Number of AO basis functions:         324
 ECP on atom 1 (Au):                     60 electrons
 ECP on atom 2 (Au):                     60 electrons
 ECP on atom 3 (Au):                     60 electrons
 ECP on atom 4 (Au):                     60 electrons

 Formula:                                H3NAu4(2+)
 Nuclear charge:                       326.000000000
 Total charge:                           2.000000000
 Number of core electrons:             240
 Number of treated electrons:           84

 Number of alpha electrons:             42
 Number of beta electrons:              42
 Number of unpaired electrons:           0
 Spin:                                   0
 Multiplicity:                           singlet

 Theory:                                 dft
 Exchange-correlation functional:        camb3lyp

 Using range separated hybrid functional
 Range separation parameter:             0.330000000
 Short range exact exchange:             0.190000000
 Total long range exact exchange:        0.650000000

 Method for Coulomb:                     incore_df
 Method for exact exchange:              pre_transformed_df
 Integral threshold:                     1.00e-12
 DF basis set:                           def2-universal-jkfit
 Number of DF basis functions:        1119
 Schwarz screening threshold:            1.00e-10
 Coulomb fitting method:                 Cholesky
 Total number of grid points:        60950
 Method for AO orthogonalization:        symmetric
 Threshold for linear dependence:        1.00e-08
 D3BJ dispersion energy:                -0.015511909

 -------------------------------------
  Running restricted closed-shell SCF 
 -------------------------------------
 Max number of iterations:             128
 Conv. threshold (gradient):             1.00e-05
 Conv. threshold (energy):               1.00e-06
 Interpolation scheme:                   adiis+cdiis
 Initial guess:                          SAD

 ---------------------------------------------------------------
                  energy        change          grad        time
 ---------------------------------------------------------------
   0      -599.729642554                    1.66e+01        0.17
   1      -598.623718715      1.11e+00      1.68e+00        0.12
   2      -598.568538186      5.52e-02      2.74e+00        0.11
   3      -598.713555002     -1.45e-01      1.16e-01        0.10
   4      -598.713454484      1.01e-04      1.31e-01        0.11
   5      -598.715395641     -1.94e-03      2.97e-02        0.11
   6      -598.715322697      7.29e-05      4.72e-02        0.11
   7      -598.715483468     -1.61e-04      1.88e-03        0.11
   8      -598.715484218     -7.49e-07      8.03e-04        0.11
   9      -598.715484329     -1.11e-07      2.81e-04        0.11
  10      -598.715484353     -2.42e-08      1.17e-04        0.11
  11      -598.715484356     -2.61e-09      4.15e-05        0.11
  12      -598.715484356     -4.80e-10      1.84e-05        0.11
  13      -598.715484356     -6.51e-11      1.86e-05        0.11
  14      -598.715484356     -1.72e-11      7.14e-06        0.11

 SCF converged in 14 iterations.

 Dipole moment (in Debye):              -0.000000      -0.000037      -4.298123

 Quadrupole moment (in Debye-Angstrom):
                  1            2            3
 1       -71.598137    -0.000001    -0.000001
 2        -0.000001   -71.598374     0.000072
 3        -0.000001     0.000072   -49.992569

 Spin-squared expectation <S^2>:         0.000
 Total spin quantum number S:            0.000
 TOTAL ENERGY:                        -598.715484356

 --------------------------------------------------------------------------------

 End time:                               Fri Oct 22 17:30:12 2021
 Total wall-clock time:                  5.021 seconds
==================================================================================
