
================================================================================
          _____________ ________ _______________ ________     _________         
         / ___________// ______ \\_____   _____// ______ \   / ________)        
        / /_________  / /      \ \     | |     / /      \ \ | (_______          
       |  __________|| |        | |    | |    | |        | | \________ \        
        \ \_________ | |        | |    | |     \ \______/ /___________) |       
         \__________||_|        |_|    |_|      \________//____________/        
                                                                                
====================================[ Qcore ]===================================

 Git describe: 2.3.0
 Compiler:     GNU 9.1.0
 Build type:   Release
 Version:      2.3.0

 Start time:   Fri Oct 22 17:29:55 2021

 Data directory: /work/zw18965/.local/qcore/share/entos/qcore/data
 Number of threads: 24
 Number of threads was determined by: command line argument
  - More threads can be used by running 'qcore -n 32'

 --------------------------------------------------------------------------------
                                   command: dft                                  
 --------------------------------------------------------------------------------
 AO basis set:                           def2-tzvppd
 Number of AO basis functions:         253
 ECP on atom 1 (Au):                     60 electrons
 ECP on atom 2 (Au):                     60 electrons
 ECP on atom 3 (Au):                     60 electrons
 ECP on atom 4 (Au):                     60 electrons

 Formula:                                HAu4(2+)
 Nuclear charge:                       317.000000000
 Total charge:                           2.000000000
 Number of core electrons:             240
 Number of treated electrons:           75

 Number of alpha electrons:             38
 Number of beta electrons:              37
 Number of unpaired electrons:           1
 Spin:                                   1
 Multiplicity:                           doublet

 Theory:                                 dft
 Exchange-correlation functional:        camb3lyp

 Using range separated hybrid functional
 Range separation parameter:             0.330000000
 Short range exact exchange:             0.190000000
 Total long range exact exchange:        0.650000000

 Method for Coulomb:                     incore_df
 Method for exact exchange:              pre_transformed_df
 Integral threshold:                     1.00e-12
 DF basis set:                           def2-universal-jkfit
 Number of DF basis functions:        1006
 Schwarz screening threshold:            1.00e-10
 Coulomb fitting method:                 Cholesky
 Total number of grid points:        42370
 Method for AO orthogonalization:        symmetric
 Threshold for linear dependence:        1.00e-08
 D3BJ dispersion energy:                -0.012246326

 -------------------------------------
  Running unrestricted open-shell SCF 
 -------------------------------------
 Max number of iterations:             128
 Conv. threshold (gradient):             1.00e-05
 Conv. threshold (energy):               1.00e-06
 Interpolation scheme:                   adiis+cdiis
 Initial guess:                          SAD

 ---------------------------------------------------------------
                  energy        change          grad        time
 ---------------------------------------------------------------
   0      -543.789574837                    9.10e+00        0.16
   1      -542.573122591      1.22e+00      3.11e-01        0.11
   2      -542.593305975     -2.02e-02      2.83e-01        0.10
   3      -542.642385225     -4.91e-02      1.52e-01        0.10
   4      -542.637094153      5.29e-03      2.51e-01        0.12
   5      -542.649053143     -1.20e-02      1.90e-02        0.11
   6      -542.648976273      7.69e-05      2.46e-02        0.11
   7      -542.649284830     -3.09e-04      4.38e-03        0.14
   8      -542.649292927     -8.10e-06      1.63e-03        0.10
   9      -542.649294859     -1.93e-06      5.77e-04        0.11
  10      -542.649295318     -4.58e-07      1.85e-04        0.11
  11      -542.649295431     -1.13e-07      8.97e-05        0.11
  12      -542.649295451     -2.04e-08      4.70e-05        0.11
  13      -542.649295458     -6.83e-09      2.42e-05        0.11
  14      -542.649295459     -1.58e-09      8.35e-06        0.11

 SCF converged in 14 iterations.

 Dipole moment (in Debye):               0.000001       0.000010      -1.147894

 Quadrupole moment (in Debye-Angstrom):
                  1            2            3
 1       -63.871354    -0.000001    -0.000000
 2        -0.000001   -63.871424    -0.000313
 3        -0.000000    -0.000313   -67.788909

 Spin-squared expectation <S^2>:         0.757
 Total spin quantum number S:            0.504
 TOTAL ENERGY:                        -542.649295459

 --------------------------------------------------------------------------------

 End time:                               Fri Oct 22 17:30:00 2021
 Total wall-clock time:                  4.159 seconds
==================================================================================
