
================================================================================
          _____________ ________ _______________ ________     _________         
         / ___________// ______ \\_____   _____// ______ \   / ________)        
        / /_________  / /      \ \     | |     / /      \ \ | (_______          
       |  __________|| |        | |    | |    | |        | | \________ \        
        \ \_________ | |        | |    | |     \ \______/ /___________) |       
         \__________||_|        |_|    |_|      \________//____________/        
                                                                                
====================================[ Qcore ]===================================

 Git describe: 2.3.0
 Compiler:     GNU 9.1.0
 Build type:   Release
 Version:      2.3.0

 Start time:   Fri Oct 22 17:29:51 2021

 Data directory: /work/zw18965/.local/qcore/share/entos/qcore/data
 Number of threads: 24
 Number of threads was determined by: command line argument
  - More threads can be used by running 'qcore -n 32'

 --------------------------------------------------------------------------------
                                   command: dft                                  
 --------------------------------------------------------------------------------
 AO basis set:                           def2-tzvppd
 Number of AO basis functions:         253
 ECP on atom 1 (Au):                     60 electrons
 ECP on atom 2 (Au):                     60 electrons
 ECP on atom 3 (Au):                     60 electrons
 ECP on atom 4 (Au):                     60 electrons

 Formula:                                HAu4(2+)
 Nuclear charge:                       317.000000000
 Total charge:                           2.000000000
 Number of core electrons:             240
 Number of treated electrons:           75

 Number of alpha electrons:             38
 Number of beta electrons:              37
 Number of unpaired electrons:           1
 Spin:                                   1
 Multiplicity:                           doublet

 Theory:                                 dft
 Exchange-correlation functional:        camb3lyp

 Using range separated hybrid functional
 Range separation parameter:             0.330000000
 Short range exact exchange:             0.190000000
 Total long range exact exchange:        0.650000000

 Method for Coulomb:                     incore_df
 Method for exact exchange:              pre_transformed_df
 Integral threshold:                     1.00e-12
 DF basis set:                           def2-universal-jkfit
 Number of DF basis functions:        1006
 Schwarz screening threshold:            1.00e-10
 Coulomb fitting method:                 Cholesky
 Total number of grid points:        42370
 Method for AO orthogonalization:        symmetric
 Threshold for linear dependence:        1.00e-08
 D3BJ dispersion energy:                -0.012130872

 -------------------------------------
  Running unrestricted open-shell SCF 
 -------------------------------------
 Max number of iterations:             128
 Conv. threshold (gradient):             1.00e-05
 Conv. threshold (energy):               1.00e-06
 Interpolation scheme:                   adiis+cdiis
 Initial guess:                          SAD

 ---------------------------------------------------------------
                  energy        change          grad        time
 ---------------------------------------------------------------
   0      -543.757584906                    8.96e+00        0.17
   1      -542.593874383      1.16e+00      3.11e-01        0.12
   2      -542.614580387     -2.07e-02      3.54e-01        0.10
   3      -542.661686921     -4.71e-02      1.25e-01        0.10
   4      -542.658789159      2.90e-03      1.57e-01        0.12
   5      -542.666810516     -8.02e-03      1.66e-02        0.11
   6      -542.666836561     -2.60e-05      1.61e-02        0.13
   7      -542.666944485     -1.08e-04      2.57e-03        0.12
   8      -542.666952706     -8.22e-06      9.62e-04        0.11
   9      -542.666954366     -1.66e-06      4.96e-04        0.10
  10      -542.666954885     -5.19e-07      1.72e-04        0.12
  11      -542.666954993     -1.08e-07      8.25e-05        0.12
  12      -542.666955008     -1.52e-08      3.96e-05        0.11
  13      -542.666955009     -1.16e-09      2.68e-05        0.11
  14      -542.666955007      2.00e-09      9.39e-06        0.11

 SCF converged in 14 iterations.

 Dipole moment (in Debye):               0.000001      -0.000003       0.573325

 Quadrupole moment (in Debye-Angstrom):
                  1            2            3
 1       -66.348622    -0.000000    -0.000002
 2        -0.000000   -63.309930    -0.000003
 3        -0.000002    -0.000003   -64.725111

 Spin-squared expectation <S^2>:         0.764
 Total spin quantum number S:            0.507
 TOTAL ENERGY:                        -542.666955006

 --------------------------------------------------------------------------------

 End time:                               Fri Oct 22 17:29:55 2021
 Total wall-clock time:                  4.217 seconds
==================================================================================
