
================================================================================
          _____________ ________ _______________ ________     _________         
         / ___________// ______ \\_____   _____// ______ \   / ________)        
        / /_________  / /      \ \     | |     / /      \ \ | (_______          
       |  __________|| |        | |    | |    | |        | | \________ \        
        \ \_________ | |        | |    | |     \ \______/ /___________) |       
         \__________||_|        |_|    |_|      \________//____________/        
                                                                                
====================================[ Qcore ]===================================

 Git describe: 2.3.0
 Compiler:     GNU 9.1.0
 Build type:   Release
 Version:      2.3.0

 Start time:   Fri Oct 22 17:29:47 2021

 Data directory: /work/zw18965/.local/qcore/share/entos/qcore/data
 Number of threads: 24
 Number of threads was determined by: command line argument
  - More threads can be used by running 'qcore -n 32'

 --------------------------------------------------------------------------------
                                   command: dft                                  
 --------------------------------------------------------------------------------
 AO basis set:                           def2-tzvppd
 Number of AO basis functions:         253
 ECP on atom 1 (Au):                     60 electrons
 ECP on atom 2 (Au):                     60 electrons
 ECP on atom 3 (Au):                     60 electrons
 ECP on atom 4 (Au):                     60 electrons

 Formula:                                HAu4(2+)
 Nuclear charge:                       317.000000000
 Total charge:                           2.000000000
 Number of core electrons:             240
 Number of treated electrons:           75

 Number of alpha electrons:             38
 Number of beta electrons:              37
 Number of unpaired electrons:           1
 Spin:                                   1
 Multiplicity:                           doublet

 Theory:                                 dft
 Exchange-correlation functional:        camb3lyp

 Using range separated hybrid functional
 Range separation parameter:             0.330000000
 Short range exact exchange:             0.190000000
 Total long range exact exchange:        0.650000000

 Method for Coulomb:                     incore_df
 Method for exact exchange:              pre_transformed_df
 Integral threshold:                     1.00e-12
 DF basis set:                           def2-universal-jkfit
 Number of DF basis functions:        1006
 Schwarz screening threshold:            1.00e-10
 Coulomb fitting method:                 Cholesky
 Total number of grid points:        42370
 Method for AO orthogonalization:        symmetric
 Threshold for linear dependence:        1.00e-08
 D3BJ dispersion energy:                -0.011750512

 -------------------------------------
  Running unrestricted open-shell SCF 
 -------------------------------------
 Max number of iterations:             128
 Conv. threshold (gradient):             1.00e-05
 Conv. threshold (energy):               1.00e-06
 Interpolation scheme:                   adiis+cdiis
 Initial guess:                          SAD

 ---------------------------------------------------------------
                  energy        change          grad        time
 ---------------------------------------------------------------
   0      -543.700850126                    8.27e+00        0.16
   1      -542.578397312      1.12e+00      4.07e-01        0.11
   2      -542.582466771     -4.07e-03      5.44e-01        0.10
   3      -542.662703580     -8.02e-02      1.25e-01        0.10
   4      -542.658691979      4.01e-03      1.80e-01        0.11
   5      -542.667653330     -8.96e-03      2.25e-02        0.10
   6      -542.667708939     -5.56e-05      2.38e-02        0.11
   7      -542.667916737     -2.08e-04      3.14e-03        0.13
   8      -542.667931162     -1.44e-05      1.23e-03        0.10
   9      -542.667933063     -1.90e-06      5.01e-04        0.10
  10      -542.667933505     -4.41e-07      1.89e-04        0.11
  11      -542.667933526     -2.16e-08      7.78e-05        0.11
  12      -542.667933508      1.80e-08      4.49e-05        0.10
  13      -542.667933486      2.27e-08      1.75e-05        0.10
  14      -542.667933473      1.28e-08      5.44e-06        0.10

 SCF converged in 14 iterations.

 Dipole moment (in Debye):               0.000001      -0.000006       0.257482

 Quadrupole moment (in Debye-Angstrom):
                  1            2            3
 1       -64.864445    -0.000003    -0.000001
 2        -0.000003   -64.864577     0.000014
 3        -0.000001     0.000014   -62.692300

 Spin-squared expectation <S^2>:         0.757
 Total spin quantum number S:            0.503
 TOTAL ENERGY:                        -542.667933470

 --------------------------------------------------------------------------------

 End time:                               Fri Oct 22 17:29:51 2021
 Total wall-clock time:                  4.099 seconds
==================================================================================
