
================================================================================
          _____________ ________ _______________ ________     _________         
         / ___________// ______ \\_____   _____// ______ \   / ________)        
        / /_________  / /      \ \     | |     / /      \ \ | (_______          
       |  __________|| |        | |    | |    | |        | | \________ \        
        \ \_________ | |        | |    | |     \ \______/ /___________) |       
         \__________||_|        |_|    |_|      \________//____________/        
                                                                                
====================================[ Qcore ]===================================

 Git describe: 2.3.0
 Compiler:     GNU 9.1.0
 Build type:   Release
 Version:      2.3.0

 Start time:   Fri Oct 22 17:30:13 2021

 Data directory: /work/zw18965/.local/qcore/share/entos/qcore/data
 Number of threads: 24
 Number of threads was determined by: command line argument
  - More threads can be used by running 'qcore -n 32'

 --------------------------------------------------------------------------------
                                   command: dft                                  
 --------------------------------------------------------------------------------
 AO basis set:                           def2-tzvppd
 Number of AO basis functions:         236
 ECP on atom 1 (Au):                     60 electrons
 ECP on atom 2 (Au):                     60 electrons
 ECP on atom 3 (Au):                     60 electrons
 ECP on atom 4 (Au):                     60 electrons

 Formula:                                Au4
 Nuclear charge:                       316.000000000
 Total charge:                           0.000000000
 Number of core electrons:             240
 Number of treated electrons:           76

 Number of alpha electrons:             38
 Number of beta electrons:              38
 Number of unpaired electrons:           0
 Spin:                                   0
 Multiplicity:                           singlet

 Theory:                                 dft
 Exchange-correlation functional:        camb3lyp

 Using range separated hybrid functional
 Range separation parameter:             0.330000000
 Short range exact exchange:             0.190000000
 Total long range exact exchange:        0.650000000

 Method for Coulomb:                     incore_df
 Method for exact exchange:              pre_transformed_df
 Integral threshold:                     1.00e-12
 DF basis set:                           def2-universal-jkfit
 Number of DF basis functions:         988
 Schwarz screening threshold:            1.00e-10
 Coulomb fitting method:                 Cholesky
 Total number of grid points:        36480
 Method for AO orthogonalization:        symmetric
 Threshold for linear dependence:        1.00e-08
 D3BJ dispersion energy:                -0.010205216

 -------------------------------------
  Running restricted closed-shell SCF 
 -------------------------------------
 Max number of iterations:             128
 Conv. threshold (gradient):             1.00e-05
 Conv. threshold (energy):               1.00e-06
 Interpolation scheme:                   adiis+cdiis
 Initial guess:                          SAD

 ---------------------------------------------------------------
                  energy        change          grad        time
 ---------------------------------------------------------------
   0      -543.108680268                    1.38e+01        0.09
   1      -542.818223584      2.90e-01      3.17e-01        0.06
   2      -542.822415258     -4.19e-03      3.42e-01        0.05
   3      -542.832105697     -9.69e-03      1.12e-01        0.05
   4      -542.831856009      2.50e-04      1.18e-01        0.05
   5      -542.833747880     -1.89e-03      1.48e-02        0.05
   6      -542.833760567     -1.27e-05      1.62e-02        0.06
   7      -542.833798115     -3.75e-05      2.55e-03        0.06
   8      -542.833800891     -2.78e-06      7.60e-04        0.06
   9      -542.833801093     -2.02e-07      2.76e-04        0.05
  10      -542.833801124     -3.09e-08      7.12e-05        0.05
  11      -542.833801127     -2.69e-09      2.28e-05        0.05
  12      -542.833801127     -2.23e-10      7.67e-06        0.05

 SCF converged in 12 iterations.

 Dipole moment (in Debye):               0.000939       0.000013       0.000014

 Quadrupole moment (in Debye-Angstrom):
                  1            2            3
 1       -85.763886     0.076341     2.021413
 2         0.076341   -93.568649     0.011132
 3         2.021413     0.011132   -90.707556

 Spin-squared expectation <S^2>:         0.000
 Total spin quantum number S:            0.000
 TOTAL ENERGY:                        -542.833801127

 --------------------------------------------------------------------------------

 End time:                               Fri Oct 22 17:30:16 2021
 Total wall-clock time:                  3.015 seconds
==================================================================================
