
================================================================================
          _____________ ________ _______________ ________     _________         
         / ___________// ______ \\_____   _____// ______ \   / ________)        
        / /_________  / /      \ \     | |     / /      \ \ | (_______          
       |  __________|| |        | |    | |    | |        | | \________ \        
        \ \_________ | |        | |    | |     \ \______/ /___________) |       
         \__________||_|        |_|    |_|      \________//____________/        
                                                                                
====================================[ Qcore ]===================================

 Git describe: 2.3.0
 Compiler:     GNU 9.1.0
 Build type:   Release
 Version:      2.3.0

 Start time:   Fri Oct 22 17:30:17 2021

 Data directory: /work/zw18965/.local/qcore/share/entos/qcore/data
 Number of threads: 24
 Number of threads was determined by: command line argument
  - More threads can be used by running 'qcore -n 32'

 --------------------------------------------------------------------------------
                                   command: dft                                  
 --------------------------------------------------------------------------------
 AO basis set:                           def2-tzvppd
 Number of AO basis functions:          84

 Formula:                                HCu
 Nuclear charge:                        30.000000000
 Total charge:                           0.000000000
 Number of electrons:                   30.000000000

 Number of alpha electrons:             15
 Number of beta electrons:              15
 Number of unpaired electrons:           0
 Spin:                                   0
 Multiplicity:                           singlet

 Theory:                                 dft
 Exchange-correlation functional:        camb3lyp

 Using range separated hybrid functional
 Range separation parameter:             0.330000000
 Short range exact exchange:             0.190000000
 Total long range exact exchange:        0.650000000

 Method for Coulomb:                     incore_df
 Method for exact exchange:              pre_transformed_df
 Integral threshold:                     1.00e-12
 DF basis set:                           def2-universal-jkfit
 Number of DF basis functions:         282
 Schwarz screening threshold:            1.00e-10
 Coulomb fitting method:                 Cholesky
 Total number of grid points:        13826
 Method for AO orthogonalization:        symmetric
 Threshold for linear dependence:        1.00e-08
 D3BJ dispersion energy:                -0.000260109

 -------------------------------------
  Running restricted closed-shell SCF 
 -------------------------------------
 Max number of iterations:             128
 Conv. threshold (gradient):             1.00e-05
 Conv. threshold (energy):               1.00e-06
 Interpolation scheme:                   adiis+cdiis
 Initial guess:                          SAD

 ---------------------------------------------------------------
                  energy        change          grad        time
 ---------------------------------------------------------------
   0     -1641.149264177                    3.17e+00        0.01
   1     -1641.175279214     -2.60e-02      3.63e-01        0.01
   2     -1641.167864755      7.41e-03      6.17e-01        0.01
   3     -1641.188237210     -2.04e-02      1.99e-01        0.01
   4     -1641.186146357      2.09e-03      2.86e-01        0.01
   5     -1641.191612487     -5.47e-03      2.23e-02        0.01
   6     -1641.191629477     -1.70e-05      2.74e-02        0.01
   7     -1641.191703421     -7.39e-05      1.90e-03        0.01
   8     -1641.191704561     -1.14e-06      3.73e-04        0.01
   9     -1641.191704615     -5.35e-08      3.79e-05        0.01
  10     -1641.191704616     -9.42e-10      1.16e-05        0.01
  11     -1641.191704616     -2.93e-11      3.48e-06        0.01

 SCF converged in 11 iterations.

 Dipole moment (in Debye):              -0.000003      -0.000003       2.874600

 Quadrupole moment (in Debye-Angstrom):
                  1            2            3
 1       -14.728806     0.000001    -0.000001
 2         0.000001   -14.728806    -0.000001
 3        -0.000001    -0.000001   -15.070007

 Spin-squared expectation <S^2>:         0.000
 Total spin quantum number S:            0.000
 TOTAL ENERGY:                       -1641.191704616

 --------------------------------------------------------------------------------

 End time:                               Fri Oct 22 17:30:17 2021
 Total wall-clock time:                  0.724 seconds
==================================================================================
