
================================================================================
          _____________ ________ _______________ ________     _________         
         / ___________// ______ \\_____   _____// ______ \   / ________)        
        / /_________  / /      \ \     | |     / /      \ \ | (_______          
       |  __________|| |        | |    | |    | |        | | \________ \        
        \ \_________ | |        | |    | |     \ \______/ /___________) |       
         \__________||_|        |_|    |_|      \________//____________/        
                                                                                
====================================[ Qcore ]===================================

 Git describe: 2.3.0
 Compiler:     GNU 9.1.0
 Build type:   Release
 Version:      2.3.0

 Start time:   Fri Oct 22 17:30:16 2021

 Data directory: /work/zw18965/.local/qcore/share/entos/qcore/data
 Number of threads: 24
 Number of threads was determined by: command line argument
  - More threads can be used by running 'qcore -n 32'

 --------------------------------------------------------------------------------
                                   command: dft                                  
 --------------------------------------------------------------------------------
 AO basis set:                           def2-tzvppd
 Number of AO basis functions:         107

 Formula:                                FCu
 Nuclear charge:                        38.000000000
 Total charge:                           0.000000000
 Number of electrons:                   38.000000000

 Number of alpha electrons:             19
 Number of beta electrons:              19
 Number of unpaired electrons:           0
 Spin:                                   0
 Multiplicity:                           singlet

 Theory:                                 dft
 Exchange-correlation functional:        camb3lyp

 Using range separated hybrid functional
 Range separation parameter:             0.330000000
 Short range exact exchange:             0.190000000
 Total long range exact exchange:        0.650000000

 Method for Coulomb:                     incore_df
 Method for exact exchange:              pre_transformed_df
 Integral threshold:                     1.00e-12
 DF basis set:                           def2-universal-jkfit
 Number of DF basis functions:         341
 Schwarz screening threshold:            1.00e-10
 Coulomb fitting method:                 Cholesky
 Total number of grid points:        14748
 Method for AO orthogonalization:        symmetric
 Threshold for linear dependence:        1.00e-08
 D3BJ dispersion energy:                -0.000313109

 -------------------------------------
  Running restricted closed-shell SCF 
 -------------------------------------
 Max number of iterations:             128
 Conv. threshold (gradient):             1.00e-05
 Conv. threshold (energy):               1.00e-06
 Interpolation scheme:                   adiis+cdiis
 Initial guess:                          SAD

 ---------------------------------------------------------------
                  energy        change          grad        time
 ---------------------------------------------------------------
   0     -1740.405063908                    2.70e+00        0.01
   1     -1740.386925654      1.81e-02      1.19e+00        0.01
   2     -1739.978997196      4.08e-01      2.81e+00        0.01
   3     -1740.469224086     -4.90e-01      6.46e-01        0.01
   4     -1740.479556203     -1.03e-02      5.02e-01        0.01
   5     -1740.493515892     -1.40e-02      8.55e-02        0.01
   6     -1740.491567869      1.95e-03      1.69e-01        0.01
   7     -1740.494308847     -2.74e-03      7.37e-03        0.01
   8     -1740.494333897     -2.51e-05      2.87e-03        0.01
   9     -1740.494339669     -5.77e-06      8.30e-04        0.01
  10     -1740.494340048     -3.79e-07      9.15e-05        0.01
  11     -1740.494340053     -5.03e-09      5.83e-05        0.01
  12     -1740.494340053     -3.32e-10      5.22e-06        0.01

 SCF converged in 12 iterations.

 Dipole moment (in Debye):              -0.000004      -0.000004       5.264219

 Quadrupole moment (in Debye-Angstrom):
                  1            2            3
 1       -17.208673     0.000001    -0.000003
 2         0.000001   -17.208673    -0.000003
 3        -0.000003    -0.000003   -19.378335

 Spin-squared expectation <S^2>:         0.000
 Total spin quantum number S:            0.000
 TOTAL ENERGY:                       -1740.494340053

 --------------------------------------------------------------------------------

 End time:                               Fri Oct 22 17:30:17 2021
 Total wall-clock time:                  0.909 seconds
==================================================================================
