
================================================================================
          _____________ ________ _______________ ________     _________         
         / ___________// ______ \\_____   _____// ______ \   / ________)        
        / /_________  / /      \ \     | |     / /      \ \ | (_______          
       |  __________|| |        | |    | |    | |        | | \________ \        
        \ \_________ | |        | |    | |     \ \______/ /___________) |       
         \__________||_|        |_|    |_|      \________//____________/        
                                                                                
====================================[ Qcore ]===================================

 Git describe: 2.3.0
 Compiler:     GNU 9.1.0
 Build type:   Release
 Version:      2.3.0

 Start time:   Fri Oct 22 17:30:18 2021

 Data directory: /work/zw18965/.local/qcore/share/entos/qcore/data
 Number of threads: 24
 Number of threads was determined by: command line argument
  - More threads can be used by running 'qcore -n 32'

 --------------------------------------------------------------------------------
                                   command: dft                                  
 --------------------------------------------------------------------------------
 AO basis set:                           def2-tzvppd
 Number of AO basis functions:         134

 Formula:                                Cu2
 Nuclear charge:                        58.000000000
 Total charge:                           0.000000000
 Number of electrons:                   58.000000000

 Number of alpha electrons:             29
 Number of beta electrons:              29
 Number of unpaired electrons:           0
 Spin:                                   0
 Multiplicity:                           singlet

 Theory:                                 dft
 Exchange-correlation functional:        camb3lyp

 Using range separated hybrid functional
 Range separation parameter:             0.330000000
 Short range exact exchange:             0.190000000
 Total long range exact exchange:        0.650000000

 Method for Coulomb:                     incore_df
 Method for exact exchange:              pre_transformed_df
 Integral threshold:                     1.00e-12
 DF basis set:                           def2-universal-jkfit
 Number of DF basis functions:         528
 Schwarz screening threshold:            1.00e-10
 Coulomb fitting method:                 Cholesky
 Total number of grid points:        15872
 Method for AO orthogonalization:        symmetric
 Threshold for linear dependence:        1.00e-08
 D3BJ dispersion energy:                -0.001183769

 -------------------------------------
  Running restricted closed-shell SCF 
 -------------------------------------
 Max number of iterations:             128
 Conv. threshold (gradient):             1.00e-05
 Conv. threshold (energy):               1.00e-06
 Interpolation scheme:                   adiis+cdiis
 Initial guess:                          SAD

 ---------------------------------------------------------------
                  energy        change          grad        time
 ---------------------------------------------------------------
   0     -3281.304846936                    3.24e+00        0.02
   1     -3281.245916312      5.89e-02      1.40e-01        0.01
   2     -3281.246785706     -8.69e-04      1.53e-01        0.01
   3     -3281.248074331     -1.29e-03      9.47e-02        0.01
   4     -3281.249579136     -1.50e-03      5.63e-02        0.02
   5     -3281.250090910     -5.12e-04      3.38e-03        0.01
   6     -3281.250099234     -8.32e-06      1.31e-03        0.01
   7     -3281.250100738     -1.50e-06      5.35e-04        0.01
   8     -3281.250100874     -1.36e-07      1.25e-04        0.01
   9     -3281.250100882     -8.50e-09      1.95e-05        0.01
  10     -3281.250100882     -1.75e-10      2.27e-05        0.01
  11     -3281.250100882     -9.69e-11      1.61e-06        0.01

 SCF converged in 11 iterations.

 Dipole moment (in Debye):              -0.000004      -0.000004      -0.000003

 Quadrupole moment (in Debye-Angstrom):
                  1            2            3
 1       -27.904234     0.000001     0.000001
 2         0.000001   -27.904234     0.000001
 3         0.000001     0.000001   -20.242251

 Spin-squared expectation <S^2>:         0.000
 Total spin quantum number S:            0.000
 TOTAL ENERGY:                       -3281.250100882

 --------------------------------------------------------------------------------

 End time:                               Fri Oct 22 17:30:19 2021
 Total wall-clock time:                  1.045 seconds
==================================================================================
