
================================================================================
          _____________ ________ _______________ ________     _________         
         / ___________// ______ \\_____   _____// ______ \   / ________)        
        / /_________  / /      \ \     | |     / /      \ \ | (_______          
       |  __________|| |        | |    | |    | |        | | \________ \        
        \ \_________ | |        | |    | |     \ \______/ /___________) |       
         \__________||_|        |_|    |_|      \________//____________/        
                                                                                
====================================[ Qcore ]===================================

 Git describe: 2.3.0
 Compiler:     GNU 9.1.0
 Build type:   Release
 Version:      2.3.0

 Start time:   Fri Oct 22 17:30:19 2021

 Data directory: /work/zw18965/.local/qcore/share/entos/qcore/data
 Number of threads: 24
 Number of threads was determined by: command line argument
  - More threads can be used by running 'qcore -n 32'

 --------------------------------------------------------------------------------
                                   command: dft                                  
 --------------------------------------------------------------------------------
 AO basis set:                           def2-tzvppd
 Number of AO basis functions:         201

 Formula:                                Cu3+
 Nuclear charge:                        87.000000000
 Total charge:                           1.000000000
 Number of electrons:                   86.000000000

 Number of alpha electrons:             43
 Number of beta electrons:              43
 Number of unpaired electrons:           0
 Spin:                                   0
 Multiplicity:                           singlet

 Theory:                                 dft
 Exchange-correlation functional:        camb3lyp

 Using range separated hybrid functional
 Range separation parameter:             0.330000000
 Short range exact exchange:             0.190000000
 Total long range exact exchange:        0.650000000

 Method for Coulomb:                     incore_df
 Method for exact exchange:              pre_transformed_df
 Integral threshold:                     1.00e-12
 DF basis set:                           def2-universal-jkfit
 Number of DF basis functions:         792
 Schwarz screening threshold:            1.00e-10
 Coulomb fitting method:                 Cholesky
 Total number of grid points:        23808
 Method for AO orthogonalization:        symmetric
 Threshold for linear dependence:        1.00e-08
 D3BJ dispersion energy:                -0.003485668

 -------------------------------------
  Running restricted closed-shell SCF 
 -------------------------------------
 Max number of iterations:             128
 Conv. threshold (gradient):             1.00e-05
 Conv. threshold (energy):               1.00e-06
 Interpolation scheme:                   adiis+cdiis
 Initial guess:                          SAD

 ---------------------------------------------------------------
                  energy        change          grad        time
 ---------------------------------------------------------------
   0     -4922.120821990                    6.80e+00        0.04
   1     -4921.649638316      4.71e-01      2.84e-01        0.04
   2     -4921.621096150      2.85e-02      4.66e-01        0.03
   3     -4921.667839678     -4.67e-02      4.65e-02        0.03
   4     -4921.667102132      7.38e-04      8.32e-02        0.03
   5     -4921.668413794     -1.31e-03      5.97e-03        0.03
   6     -4921.668423541     -9.75e-06      1.67e-03        0.04
   7     -4921.668424480     -9.39e-07      5.19e-04        0.03
   8     -4921.668424611     -1.31e-07      1.86e-04        0.03
   9     -4921.668424621     -9.66e-09      2.07e-04        0.03
  10     -4921.668424628     -6.78e-09      2.61e-05        0.04
  11     -4921.668424628     -3.21e-10      5.63e-06        0.03

 SCF converged in 11 iterations.

 Dipole moment (in Debye):              -0.000001       0.000169      -0.000007

 Quadrupole moment (in Debye-Angstrom):
                  1            2            3
 1       -23.364777    -0.000002     0.000000
 2        -0.000002   -23.364475     0.000002
 3         0.000000     0.000002   -35.389958

 Spin-squared expectation <S^2>:         0.000
 Total spin quantum number S:            0.000
 TOTAL ENERGY:                       -4921.668424628

 --------------------------------------------------------------------------------

 End time:                               Fri Oct 22 17:30:21 2021
 Total wall-clock time:                  1.830 seconds
==================================================================================
