
================================================================================
          _____________ ________ _______________ ________     _________         
         / ___________// ______ \\_____   _____// ______ \   / ________)        
        / /_________  / /      \ \     | |     / /      \ \ | (_______          
       |  __________|| |        | |    | |    | |        | | \________ \        
        \ \_________ | |        | |    | |     \ \______/ /___________) |       
         \__________||_|        |_|    |_|      \________//____________/        
                                                                                
====================================[ Qcore ]===================================

 Git describe: 2.3.0
 Compiler:     GNU 9.1.0
 Build type:   Release
 Version:      2.3.0

 Start time:   Fri Oct 22 17:30:23 2021

 Data directory: /work/zw18965/.local/qcore/share/entos/qcore/data
 Number of threads: 24
 Number of threads was determined by: command line argument
  - More threads can be used by running 'qcore -n 32'

 --------------------------------------------------------------------------------
                                   command: dft                                  
 --------------------------------------------------------------------------------
 AO basis set:                           def2-tzvppd
 Number of AO basis functions:         201

 Formula:                                Cu3
 Nuclear charge:                        87.000000000
 Total charge:                           0.000000000
 Number of electrons:                   87.000000000

 Number of alpha electrons:             44
 Number of beta electrons:              43
 Number of unpaired electrons:           1
 Spin:                                   1
 Multiplicity:                           doublet

 Theory:                                 dft
 Exchange-correlation functional:        camb3lyp

 Using range separated hybrid functional
 Range separation parameter:             0.330000000
 Short range exact exchange:             0.190000000
 Total long range exact exchange:        0.650000000

 Method for Coulomb:                     incore_df
 Method for exact exchange:              pre_transformed_df
 Integral threshold:                     1.00e-12
 DF basis set:                           def2-universal-jkfit
 Number of DF basis functions:         792
 Schwarz screening threshold:            1.00e-10
 Coulomb fitting method:                 Cholesky
 Total number of grid points:        23808
 Method for AO orthogonalization:        symmetric
 Threshold for linear dependence:        1.00e-08
 D3BJ dispersion energy:                -0.003485980

 -------------------------------------
  Running unrestricted open-shell SCF 
 -------------------------------------
 Max number of iterations:             128
 Conv. threshold (gradient):             1.00e-05
 Conv. threshold (energy):               1.00e-06
 Interpolation scheme:                   adiis+cdiis
 Initial guess:                          SAD

 ---------------------------------------------------------------
                  energy        change          grad        time
 ---------------------------------------------------------------
   0     -4922.125033910                    3.43e+00        0.07
   1     -4921.864767376      2.60e-01      1.39e-01        0.06
   2     -4921.854899501      9.87e-03      1.97e-01        0.06
   3     -4921.874932301     -2.00e-02      3.48e-02        0.05
   4     -4921.874337370      5.95e-04      5.60e-02        0.05
   5     -4921.875862009     -1.52e-03      5.90e-03        0.06
   6     -4921.875904987     -4.30e-05      6.75e-03        0.06
   7     -4921.875920665     -1.57e-05      3.27e-03        0.06
   8     -4921.875931438     -1.08e-05      1.70e-03        0.06
   9     -4921.875934858     -3.42e-06      6.62e-04        0.06
  10     -4921.875935347     -4.89e-07      4.91e-04        0.05
  11     -4921.875935539     -1.92e-07      2.13e-04        0.06
  12     -4921.875935642     -1.02e-07      8.43e-05        0.06
  13     -4921.875935672     -3.06e-08      2.79e-05        0.06
  14     -4921.875935685     -1.28e-08      1.37e-05        0.06
  15     -4921.875935690     -4.46e-09      7.61e-06        0.06

 SCF converged in 15 iterations.

 Dipole moment (in Debye):               0.010031      -0.845010      -0.000005

 Quadrupole moment (in Debye-Angstrom):
                  1            2            3
 1       -33.372153    -0.069292     0.000000
 2        -0.069292   -45.205757     0.000004
 3         0.000000     0.000004   -41.409782

 Spin-squared expectation <S^2>:         0.766
 Total spin quantum number S:            0.508
 TOTAL ENERGY:                       -4921.875935691

 --------------------------------------------------------------------------------

 End time:                               Fri Oct 22 17:30:25 2021
 Total wall-clock time:                  2.350 seconds
==================================================================================
