
================================================================================
          _____________ ________ _______________ ________     _________         
         / ___________// ______ \\_____   _____// ______ \   / ________)        
        / /_________  / /      \ \     | |     / /      \ \ | (_______          
       |  __________|| |        | |    | |    | |        | | \________ \        
        \ \_________ | |        | |    | |     \ \______/ /___________) |       
         \__________||_|        |_|    |_|      \________//____________/        
                                                                                
====================================[ Qcore ]===================================

 Git describe: 2.3.0
 Compiler:     GNU 9.1.0
 Build type:   Release
 Version:      2.3.0

 Start time:   Fri Oct 22 17:30:21 2021

 Data directory: /work/zw18965/.local/qcore/share/entos/qcore/data
 Number of threads: 24
 Number of threads was determined by: command line argument
  - More threads can be used by running 'qcore -n 32'

 --------------------------------------------------------------------------------
                                   command: dft                                  
 --------------------------------------------------------------------------------
 AO basis set:                           def2-tzvppd
 Number of AO basis functions:         201

 Formula:                                Cu3+
 Nuclear charge:                        87.000000000
 Total charge:                           1.000000000
 Number of electrons:                   86.000000000

 Number of alpha electrons:             43
 Number of beta electrons:              43
 Number of unpaired electrons:           0
 Spin:                                   0
 Multiplicity:                           singlet

 Theory:                                 dft
 Exchange-correlation functional:        camb3lyp

 Using range separated hybrid functional
 Range separation parameter:             0.330000000
 Short range exact exchange:             0.190000000
 Total long range exact exchange:        0.650000000

 Method for Coulomb:                     incore_df
 Method for exact exchange:              pre_transformed_df
 Integral threshold:                     1.00e-12
 DF basis set:                           def2-universal-jkfit
 Number of DF basis functions:         792
 Schwarz screening threshold:            1.00e-10
 Coulomb fitting method:                 Cholesky
 Total number of grid points:        23808
 Method for AO orthogonalization:        symmetric
 Threshold for linear dependence:        1.00e-08
 D3BJ dispersion energy:                -0.002949815

 -------------------------------------
  Running restricted closed-shell SCF 
 -------------------------------------
 Max number of iterations:             128
 Conv. threshold (gradient):             1.00e-05
 Conv. threshold (energy):               1.00e-06
 Interpolation scheme:                   adiis+cdiis
 Initial guess:                          SAD

 ---------------------------------------------------------------
                  energy        change          grad        time
 ---------------------------------------------------------------
   0     -4921.967999448                    4.56e+00        0.04
   1     -4921.593257986      3.75e-01      1.83e-01        0.04
   2     -4921.577766050      1.55e-02      3.17e-01        0.03
   3     -4921.606119738     -2.84e-02      1.65e-02        0.03
   4     -4921.606246566     -1.27e-04      2.17e-02        0.03
   5     -4921.606294316     -4.78e-05      1.47e-02        0.03
   6     -4921.606322193     -2.79e-05      2.07e-03        0.03
   7     -4921.606323816     -1.62e-06      6.61e-04        0.03
   8     -4921.606324060     -2.44e-07      1.36e-04        0.03
   9     -4921.606324072     -1.14e-08      5.61e-05        0.03
  10     -4921.606324074     -2.04e-09      1.92e-05        0.04
  11     -4921.606324074     -2.51e-10      5.41e-06        0.04

 SCF converged in 11 iterations.

 Dipole moment (in Debye):              -0.000007      -0.000007      -0.000003

 Quadrupole moment (in Debye-Angstrom):
                  1            2            3
 1       -35.473741     0.000002    -0.000000
 2         0.000002   -35.473741    -0.000000
 3        -0.000000    -0.000000     3.917154

 Spin-squared expectation <S^2>:         0.000
 Total spin quantum number S:            0.000
 TOTAL ENERGY:                       -4921.606324074

 --------------------------------------------------------------------------------

 End time:                               Fri Oct 22 17:30:23 2021
 Total wall-clock time:                  1.846 seconds
==================================================================================
