
================================================================================
          _____________ ________ _______________ ________     _________         
         / ___________// ______ \\_____   _____// ______ \   / ________)        
        / /_________  / /      \ \     | |     / /      \ \ | (_______          
       |  __________|| |        | |    | |    | |        | | \________ \        
        \ \_________ | |        | |    | |     \ \______/ /___________) |       
         \__________||_|        |_|    |_|      \________//____________/        
                                                                                
====================================[ Qcore ]===================================

 Git describe: 2.3.0
 Compiler:     GNU 9.1.0
 Build type:   Release
 Version:      2.3.0

 Start time:   Fri Oct 22 17:30:25 2021

 Data directory: /work/zw18965/.local/qcore/share/entos/qcore/data
 Number of threads: 24
 Number of threads was determined by: command line argument
  - More threads can be used by running 'qcore -n 32'

 --------------------------------------------------------------------------------
                                   command: dft                                  
 --------------------------------------------------------------------------------
 AO basis set:                           def2-tzvppd
 Number of AO basis functions:         201

 Formula:                                Cu3
 Nuclear charge:                        87.000000000
 Total charge:                           0.000000000
 Number of electrons:                   87.000000000

 Number of alpha electrons:             44
 Number of beta electrons:              43
 Number of unpaired electrons:           1
 Spin:                                   1
 Multiplicity:                           doublet

 Theory:                                 dft
 Exchange-correlation functional:        camb3lyp

 Using range separated hybrid functional
 Range separation parameter:             0.330000000
 Short range exact exchange:             0.190000000
 Total long range exact exchange:        0.650000000

 Method for Coulomb:                     incore_df
 Method for exact exchange:              pre_transformed_df
 Integral threshold:                     1.00e-12
 DF basis set:                           def2-universal-jkfit
 Number of DF basis functions:         792
 Schwarz screening threshold:            1.00e-10
 Coulomb fitting method:                 Cholesky
 Total number of grid points:        23808
 Method for AO orthogonalization:        symmetric
 Threshold for linear dependence:        1.00e-08
 D3BJ dispersion energy:                -0.002989030

 -------------------------------------
  Running unrestricted open-shell SCF 
 -------------------------------------
 Max number of iterations:             128
 Conv. threshold (gradient):             1.00e-05
 Conv. threshold (energy):               1.00e-06
 Interpolation scheme:                   adiis+cdiis
 Initial guess:                          SAD

 ---------------------------------------------------------------
                  energy        change          grad        time
 ---------------------------------------------------------------
   0     -4922.000774391                    2.46e+00        0.06
   1     -4921.864954430      1.36e-01      7.21e-02        0.06
   2     -4921.862714853      2.24e-03      1.08e-01        0.05
   3     -4921.871101303     -8.39e-03      2.54e-02        0.05
   4     -4921.871819738     -7.18e-04      9.97e-03        0.06
   5     -4921.871983339     -1.64e-04      8.61e-03        0.05
   6     -4921.872023327     -4.00e-05      2.16e-03        0.05
   7     -4921.872039708     -1.64e-05      1.11e-03        0.06
   8     -4921.872043640     -3.93e-06      2.33e-04        0.06
   9     -4921.872044113     -4.73e-07      1.07e-04        0.05
  10     -4921.872044182     -6.92e-08      4.66e-05        0.06
  11     -4921.872044188     -6.15e-09      2.00e-05        0.06
  12     -4921.872044189     -1.17e-09      5.87e-06        0.06

 SCF converged in 12 iterations.

 Dipole moment (in Debye):              -0.000006      -0.000006      -0.000009

 Quadrupole moment (in Debye-Angstrom):
                  1            2            3
 1       -41.410214     0.000002     0.000002
 2         0.000002   -41.410214     0.000002
 3         0.000002     0.000002   -29.754904

 Spin-squared expectation <S^2>:         0.778
 Total spin quantum number S:            0.514
 TOTAL ENERGY:                       -4921.872044189

 --------------------------------------------------------------------------------

 End time:                               Fri Oct 22 17:30:28 2021
 Total wall-clock time:                  2.171 seconds
==================================================================================
