
================================================================================
          _____________ ________ _______________ ________     _________         
         / ___________// ______ \\_____   _____// ______ \   / ________)        
        / /_________  / /      \ \     | |     / /      \ \ | (_______          
       |  __________|| |        | |    | |    | |        | | \________ \        
        \ \_________ | |        | |    | |     \ \______/ /___________) |       
         \__________||_|        |_|    |_|      \________//____________/        
                                                                                
====================================[ Qcore ]===================================

 Git describe: 2.3.0
 Compiler:     GNU 9.1.0
 Build type:   Release
 Version:      2.3.0

 Start time:   Fri Oct 22 17:30:51 2021

 Data directory: /work/zw18965/.local/qcore/share/entos/qcore/data
 Number of threads: 24
 Number of threads was determined by: command line argument
  - More threads can be used by running 'qcore -n 32'

 --------------------------------------------------------------------------------
                                   command: dft                                  
 --------------------------------------------------------------------------------
 AO basis set:                           def2-tzvppd
 Number of AO basis functions:         356

 Formula:                                H3NCu4(2+)
 Nuclear charge:                       126.000000000
 Total charge:                           2.000000000
 Number of electrons:                  124.000000000

 Number of alpha electrons:             62
 Number of beta electrons:              62
 Number of unpaired electrons:           0
 Spin:                                   0
 Multiplicity:                           singlet

 Theory:                                 dft
 Exchange-correlation functional:        camb3lyp

 Using range separated hybrid functional
 Range separation parameter:             0.330000000
 Short range exact exchange:             0.190000000
 Total long range exact exchange:        0.650000000

 Method for Coulomb:                     incore_df
 Method for exact exchange:              pre_transformed_df
 Integral threshold:                     1.00e-12
 DF basis set:                           def2-universal-jkfit
 Number of DF basis functions:        1187
 Schwarz screening threshold:            1.00e-10
 Coulomb fitting method:                 Cholesky
 Total number of grid points:        56214
 Method for AO orthogonalization:        symmetric
 Threshold for linear dependence:        1.00e-08
 D3BJ dispersion energy:                -0.010898888

 -------------------------------------
  Running restricted closed-shell SCF 
 -------------------------------------
 Max number of iterations:             128
 Conv. threshold (gradient):             1.00e-05
 Conv. threshold (energy):               1.00e-06
 Interpolation scheme:                   adiis+cdiis
 Initial guess:                          SAD

 ---------------------------------------------------------------
                  energy        change          grad        time
 ---------------------------------------------------------------
   0     -6619.616094685                    1.20e+01        0.19
   1     -6618.422890375      1.19e+00      1.68e+00        0.18
   2     -6618.304992037      1.18e-01      2.38e+00        0.20
   3     -6618.507959598     -2.03e-01      5.11e-01        0.18
   4     -6618.506440679      1.52e-03      6.20e-01        0.18
   5     -6618.512178487     -5.74e-03      2.57e-02        0.17
   6     -6618.512074849      1.04e-04      6.77e-02        0.18
   7     -6618.512249270     -1.74e-04      4.49e-03        0.21
   8     -6618.512252885     -3.61e-06      1.62e-03        0.20
   9     -6618.512253333     -4.48e-07      5.27e-04        0.20
  10     -6618.512253415     -8.26e-08      1.60e-04        0.20
  11     -6618.512253423     -7.90e-09      3.99e-05        0.20
  12     -6618.512253424     -5.05e-10      1.90e-05        0.20
  13     -6618.512253424     -3.09e-11      1.48e-05        0.21
  14     -6618.512253424      5.46e-12      2.46e-06        0.20

 SCF converged in 14 iterations.

 Dipole moment (in Debye):               3.402779      -0.000888       0.000001

 Quadrupole moment (in Debye-Angstrom):
                  1            2            3
 1       -17.592435    -0.006202     0.000004
 2        -0.006202   -36.983702    -0.000006
 3         0.000004    -0.000006   -36.983884

 Spin-squared expectation <S^2>:         0.000
 Total spin quantum number S:            0.000
 TOTAL ENERGY:                       -6618.512253424

 --------------------------------------------------------------------------------

 End time:                               Fri Oct 22 17:30:58 2021
 Total wall-clock time:                  6.325 seconds
==================================================================================
