
================================================================================
          _____________ ________ _______________ ________     _________         
         / ___________// ______ \\_____   _____// ______ \   / ________)        
        / /_________  / /      \ \     | |     / /      \ \ | (_______          
       |  __________|| |        | |    | |    | |        | | \________ \        
        \ \_________ | |        | |    | |     \ \______/ /___________) |       
         \__________||_|        |_|    |_|      \________//____________/        
                                                                                
====================================[ Qcore ]===================================

 Git describe: 2.3.0
 Compiler:     GNU 9.1.0
 Build type:   Release
 Version:      2.3.0

 Start time:   Fri Oct 22 17:30:45 2021

 Data directory: /work/zw18965/.local/qcore/share/entos/qcore/data
 Number of threads: 24
 Number of threads was determined by: command line argument
  - More threads can be used by running 'qcore -n 32'

 --------------------------------------------------------------------------------
                                   command: dft                                  
 --------------------------------------------------------------------------------
 AO basis set:                           def2-tzvppd
 Number of AO basis functions:         356

 Formula:                                H3NCu4(2+)
 Nuclear charge:                       126.000000000
 Total charge:                           2.000000000
 Number of electrons:                  124.000000000

 Number of alpha electrons:             62
 Number of beta electrons:              62
 Number of unpaired electrons:           0
 Spin:                                   0
 Multiplicity:                           singlet

 Theory:                                 dft
 Exchange-correlation functional:        camb3lyp

 Using range separated hybrid functional
 Range separation parameter:             0.330000000
 Short range exact exchange:             0.190000000
 Total long range exact exchange:        0.650000000

 Method for Coulomb:                     incore_df
 Method for exact exchange:              pre_transformed_df
 Integral threshold:                     1.00e-12
 DF basis set:                           def2-universal-jkfit
 Number of DF basis functions:        1187
 Schwarz screening threshold:            1.00e-10
 Coulomb fitting method:                 Cholesky
 Total number of grid points:        56214
 Method for AO orthogonalization:        symmetric
 Threshold for linear dependence:        1.00e-08
 D3BJ dispersion energy:                -0.009942115

 -------------------------------------
  Running restricted closed-shell SCF 
 -------------------------------------
 Max number of iterations:             128
 Conv. threshold (gradient):             1.00e-05
 Conv. threshold (energy):               1.00e-06
 Interpolation scheme:                   adiis+cdiis
 Initial guess:                          SAD

 ---------------------------------------------------------------
                  energy        change          grad        time
 ---------------------------------------------------------------
   0     -6619.744308559                    1.39e+01        0.19
   1     -6618.485511351      1.26e+00      1.51e+00        0.18
   2     -6618.384759511      1.01e-01      1.72e+00        0.18
   3     -6618.560098846     -1.75e-01      4.48e-01        0.18
   4     -6618.558192243      1.91e-03      5.10e-01        0.19
   5     -6618.563574341     -5.38e-03      1.63e-01        0.19
   6     -6618.559922398      3.65e-03      4.31e-01        0.18
   7     -6618.563857122     -3.93e-03      1.29e-01        0.19
   8     -6618.564204795     -3.48e-04      3.73e-02        0.20
   9     -6618.564170652      3.41e-05      5.56e-02        0.23
  10     -6618.564237092     -6.64e-05      4.93e-04        0.20
  11     -6618.564237146     -5.44e-08      1.14e-04        0.19
  12     -6618.564237151     -4.73e-09      5.08e-05        0.20
  13     -6618.564237151     -4.18e-10      3.29e-05        0.20
  14     -6618.564237151     -5.09e-11      1.40e-05        0.18
  15     -6618.564237151     -4.18e-11      4.53e-06        0.20

 SCF converged in 15 iterations.

 Dipole moment (in Debye):               0.552393       3.191724      -0.000008

 Quadrupole moment (in Debye-Angstrom):
                  1            2            3
 1       -35.596258     4.300100     0.000004
 2         4.300100   -11.567788     0.000002
 3         0.000004     0.000002   -36.338277

 Spin-squared expectation <S^2>:         0.000
 Total spin quantum number S:            0.000
 TOTAL ENERGY:                       -6618.564237151

 --------------------------------------------------------------------------------

 End time:                               Fri Oct 22 17:30:51 2021
 Total wall-clock time:                  6.183 seconds
==================================================================================
