
================================================================================
          _____________ ________ _______________ ________     _________         
         / ___________// ______ \\_____   _____// ______ \   / ________)        
        / /_________  / /      \ \     | |     / /      \ \ | (_______          
       |  __________|| |        | |    | |    | |        | | \________ \        
        \ \_________ | |        | |    | |     \ \______/ /___________) |       
         \__________||_|        |_|    |_|      \________//____________/        
                                                                                
====================================[ Qcore ]===================================

 Git describe: 2.3.0
 Compiler:     GNU 9.1.0
 Build type:   Release
 Version:      2.3.0

 Start time:   Fri Oct 22 17:30:42 2021

 Data directory: /work/zw18965/.local/qcore/share/entos/qcore/data
 Number of threads: 24
 Number of threads was determined by: command line argument
  - More threads can be used by running 'qcore -n 32'

 --------------------------------------------------------------------------------
                                   command: dft                                  
 --------------------------------------------------------------------------------
 AO basis set:                           def2-tzvppd
 Number of AO basis functions:         268

 Formula:                                Cu4(2+)
 Nuclear charge:                       116.000000000
 Total charge:                           2.000000000
 Number of electrons:                  114.000000000

 Number of alpha electrons:             57
 Number of beta electrons:              57
 Number of unpaired electrons:           0
 Spin:                                   0
 Multiplicity:                           singlet

 Theory:                                 dft
 Exchange-correlation functional:        camb3lyp

 Using range separated hybrid functional
 Range separation parameter:             0.330000000
 Short range exact exchange:             0.190000000
 Total long range exact exchange:        0.650000000

 Method for Coulomb:                     incore_df
 Method for exact exchange:              pre_transformed_df
 Integral threshold:                     1.00e-12
 DF basis set:                           def2-universal-jkfit
 Number of DF basis functions:        1056
 Schwarz screening threshold:            1.00e-10
 Coulomb fitting method:                 Cholesky
 Total number of grid points:        31744
 Method for AO orthogonalization:        symmetric
 Threshold for linear dependence:        1.00e-08
 D3BJ dispersion energy:                -0.006955357

 -------------------------------------
  Running restricted closed-shell SCF 
 -------------------------------------
 Max number of iterations:             128
 Conv. threshold (gradient):             1.00e-05
 Conv. threshold (energy):               1.00e-06
 Interpolation scheme:                   adiis+cdiis
 Initial guess:                          SAD

 ---------------------------------------------------------------
                  energy        change          grad        time
 ---------------------------------------------------------------
   0     -6562.967420093                    9.94e+00        0.09
   1     -6561.846471408      1.12e+00      4.71e-01        0.07
   2     -6561.761966243      8.45e-02      8.01e-01        0.07
   3     -6561.899956302     -1.38e-01      8.89e-02        0.07
   4     -6561.897262831      2.69e-03      1.46e-01        0.07
   5     -6561.901540087     -4.28e-03      1.12e-02        0.07
   6     -6561.901559800     -1.97e-05      3.34e-03        0.07
   7     -6561.901562687     -2.89e-06      1.00e-03        0.07
   8     -6561.901562945     -2.58e-07      6.64e-04        0.07
   9     -6561.901562982     -3.69e-08      2.07e-04        0.07
  10     -6561.901562996     -1.41e-08      2.61e-05        0.07
  11     -6561.901562996     -3.17e-10      6.21e-06        0.07

 SCF converged in 11 iterations.

 Dipole moment (in Debye):              -0.000002      -0.000061      -0.000033

 Quadrupole moment (in Debye-Angstrom):
                  1            2            3
 1       -28.850606    -0.000019    -0.000007
 2        -0.000019   -28.851339    -0.000028
 3        -0.000007    -0.000028   -28.850755

 Spin-squared expectation <S^2>:         0.000
 Total spin quantum number S:            0.000
 TOTAL ENERGY:                       -6561.901562996

 --------------------------------------------------------------------------------

 End time:                               Fri Oct 22 17:30:45 2021
 Total wall-clock time:                  3.039 seconds
==================================================================================
