
================================================================================
          _____________ ________ _______________ ________     _________         
         / ___________// ______ \\_____   _____// ______ \   / ________)        
        / /_________  / /      \ \     | |     / /      \ \ | (_______          
       |  __________|| |        | |    | |    | |        | | \________ \        
        \ \_________ | |        | |    | |     \ \______/ /___________) |       
         \__________||_|        |_|    |_|      \________//____________/        
                                                                                
====================================[ Qcore ]===================================

 Git describe: 2.3.0
 Compiler:     GNU 9.1.0
 Build type:   Release
 Version:      2.3.0

 Start time:   Fri Oct 22 17:30:37 2021

 Data directory: /work/zw18965/.local/qcore/share/entos/qcore/data
 Number of threads: 24
 Number of threads was determined by: command line argument
  - More threads can be used by running 'qcore -n 32'

 --------------------------------------------------------------------------------
                                   command: dft                                  
 --------------------------------------------------------------------------------
 AO basis set:                           def2-tzvppd
 Number of AO basis functions:         285

 Formula:                                HCu4(2+)
 Nuclear charge:                       117.000000000
 Total charge:                           2.000000000
 Number of electrons:                  115.000000000

 Number of alpha electrons:             58
 Number of beta electrons:              57
 Number of unpaired electrons:           1
 Spin:                                   1
 Multiplicity:                           doublet

 Theory:                                 dft
 Exchange-correlation functional:        camb3lyp

 Using range separated hybrid functional
 Range separation parameter:             0.330000000
 Short range exact exchange:             0.190000000
 Total long range exact exchange:        0.650000000

 Method for Coulomb:                     incore_df
 Method for exact exchange:              pre_transformed_df
 Integral threshold:                     1.00e-12
 DF basis set:                           def2-universal-jkfit
 Number of DF basis functions:        1074
 Schwarz screening threshold:            1.00e-10
 Coulomb fitting method:                 Cholesky
 Total number of grid points:        37634
 Method for AO orthogonalization:        symmetric
 Threshold for linear dependence:        1.00e-08
 D3BJ dispersion energy:                -0.007927619

 -------------------------------------
  Running unrestricted open-shell SCF 
 -------------------------------------
 Max number of iterations:             128
 Conv. threshold (gradient):             1.00e-05
 Conv. threshold (energy):               1.00e-06
 Interpolation scheme:                   adiis+cdiis
 Initial guess:                          SAD

 ---------------------------------------------------------------
                  energy        change          grad        time
 ---------------------------------------------------------------
   0     -6563.645144154                    6.17e+00        0.18
   1     -6562.361293008      1.28e+00      3.75e-01        0.13
   2     -6562.186642073      1.75e-01      7.83e-01        0.13
   3     -6562.448270676     -2.62e-01      1.11e-01        0.13
   4     -6562.429046026      1.92e-02      2.55e-01        0.13
   5     -6562.452766667     -2.37e-02      5.58e-02        0.14
   6     -6562.452777057     -1.04e-05      5.62e-02        0.14
   7     -6562.454125714     -1.35e-03      9.69e-03        0.14
   8     -6562.454146583     -2.09e-05      2.06e-03        0.14
   9     -6562.454151494     -4.91e-06      1.18e-03        0.13
  10     -6562.454152740     -1.25e-06      4.15e-04        0.14
  11     -6562.454152935     -1.95e-07      7.81e-05        0.14
  12     -6562.454152947     -1.25e-08      4.46e-05        0.14
  13     -6562.454152949     -1.23e-09      4.59e-05        0.14
  14     -6562.454152949     -7.65e-10      9.96e-06        0.13

 SCF converged in 14 iterations.

 Dipole moment (in Debye):              -0.000004       0.000131      -0.007365

 Quadrupole moment (in Debye-Angstrom):
                  1            2            3
 1       -29.702673    -0.000004    -0.000000
 2        -0.000004   -29.702436    -0.000208
 3        -0.000000    -0.000208   -31.812433

 Spin-squared expectation <S^2>:         0.759
 Total spin quantum number S:            0.505
 TOTAL ENERGY:                       -6562.454152949

 --------------------------------------------------------------------------------

 End time:                               Fri Oct 22 17:30:42 2021
 Total wall-clock time:                  4.510 seconds
==================================================================================
