
================================================================================
          _____________ ________ _______________ ________     _________         
         / ___________// ______ \\_____   _____// ______ \   / ________)        
        / /_________  / /      \ \     | |     / /      \ \ | (_______          
       |  __________|| |        | |    | |    | |        | | \________ \        
        \ \_________ | |        | |    | |     \ \______/ /___________) |       
         \__________||_|        |_|    |_|      \________//____________/        
                                                                                
====================================[ Qcore ]===================================

 Git describe: 2.3.0
 Compiler:     GNU 9.1.0
 Build type:   Release
 Version:      2.3.0

 Start time:   Fri Oct 22 17:30:28 2021

 Data directory: /work/zw18965/.local/qcore/share/entos/qcore/data
 Number of threads: 24
 Number of threads was determined by: command line argument
  - More threads can be used by running 'qcore -n 32'

 --------------------------------------------------------------------------------
                                   command: dft                                  
 --------------------------------------------------------------------------------
 AO basis set:                           def2-tzvppd
 Number of AO basis functions:         285

 Formula:                                HCu4(2+)
 Nuclear charge:                       117.000000000
 Total charge:                           2.000000000
 Number of electrons:                  115.000000000

 Number of alpha electrons:             58
 Number of beta electrons:              57
 Number of unpaired electrons:           1
 Spin:                                   1
 Multiplicity:                           doublet

 Theory:                                 dft
 Exchange-correlation functional:        camb3lyp

 Using range separated hybrid functional
 Range separation parameter:             0.330000000
 Short range exact exchange:             0.190000000
 Total long range exact exchange:        0.650000000

 Method for Coulomb:                     incore_df
 Method for exact exchange:              pre_transformed_df
 Integral threshold:                     1.00e-12
 DF basis set:                           def2-universal-jkfit
 Number of DF basis functions:        1074
 Schwarz screening threshold:            1.00e-10
 Coulomb fitting method:                 Cholesky
 Total number of grid points:        37634
 Method for AO orthogonalization:        symmetric
 Threshold for linear dependence:        1.00e-08
 D3BJ dispersion energy:                -0.007645433

 -------------------------------------
  Running unrestricted open-shell SCF 
 -------------------------------------
 Max number of iterations:             128
 Conv. threshold (gradient):             1.00e-05
 Conv. threshold (energy):               1.00e-06
 Interpolation scheme:                   adiis+cdiis
 Initial guess:                          SAD

 ---------------------------------------------------------------
                  energy        change          grad        time
 ---------------------------------------------------------------
   0     -6563.493565480                    5.34e+00        0.17
   1     -6562.292699154      1.20e+00      7.52e-01        0.13
   2     -6561.990384681      3.02e-01      1.43e+00        0.13
   3     -6562.414811021     -4.24e-01      2.88e-01        0.13
   4     -6562.346573178      6.82e-02      7.85e-01        0.13
   5     -6562.426140005     -7.96e-02      1.43e-01        0.13
   6     -6562.427856563     -1.72e-03      1.05e-01        0.13
   7     -6562.431417093     -3.56e-03      2.83e-02        0.14
   8     -6562.430594757      8.22e-04      5.00e-02        0.15
   9     -6562.431823678     -1.23e-03      2.03e-03        0.15
  10     -6562.431830407     -6.73e-06      8.22e-04        0.13
  11     -6562.431831592     -1.18e-06      2.08e-04        0.14
  12     -6562.431831749     -1.57e-07      8.47e-05        0.14
  13     -6562.431831761     -1.20e-08      7.70e-05        0.13
  14     -6562.431831765     -4.17e-09      3.46e-05        0.13
  15     -6562.431831770     -5.55e-09      9.66e-06        0.14

 SCF converged in 15 iterations.

 Dipole moment (in Debye):              -0.000003       0.000178      -0.459729

 Quadrupole moment (in Debye-Angstrom):
                  1            2            3
 1       -29.974231    -0.000003    -0.000001
 2        -0.000003   -29.973823    -0.000015
 3        -0.000001    -0.000015   -29.597550

 Spin-squared expectation <S^2>:         0.756
 Total spin quantum number S:            0.503
 TOTAL ENERGY:                       -6562.431831779

 --------------------------------------------------------------------------------

 End time:                               Fri Oct 22 17:30:32 2021
 Total wall-clock time:                  4.570 seconds
==================================================================================
