
================================================================================
          _____________ ________ _______________ ________     _________         
         / ___________// ______ \\_____   _____// ______ \   / ________)        
        / /_________  / /      \ \     | |     / /      \ \ | (_______          
       |  __________|| |        | |    | |    | |        | | \________ \        
        \ \_________ | |        | |    | |     \ \______/ /___________) |       
         \__________||_|        |_|    |_|      \________//____________/        
                                                                                
====================================[ Qcore ]===================================

 Git describe: 2.3.0
 Compiler:     GNU 9.1.0
 Build type:   Release
 Version:      2.3.0

 Start time:   Fri Oct 22 17:30:58 2021

 Data directory: /work/zw18965/.local/qcore/share/entos/qcore/data
 Number of threads: 24
 Number of threads was determined by: command line argument
  - More threads can be used by running 'qcore -n 32'

 --------------------------------------------------------------------------------
                                   command: dft                                  
 --------------------------------------------------------------------------------
 AO basis set:                           def2-tzvppd
 Number of AO basis functions:         268

 Formula:                                Cu4
 Nuclear charge:                       116.000000000
 Total charge:                           0.000000000
 Number of electrons:                  116.000000000

 Number of alpha electrons:             58
 Number of beta electrons:              58
 Number of unpaired electrons:           0
 Spin:                                   0
 Multiplicity:                           singlet

 Theory:                                 dft
 Exchange-correlation functional:        camb3lyp

 Using range separated hybrid functional
 Range separation parameter:             0.330000000
 Short range exact exchange:             0.190000000
 Total long range exact exchange:        0.650000000

 Method for Coulomb:                     incore_df
 Method for exact exchange:              pre_transformed_df
 Integral threshold:                     1.00e-12
 DF basis set:                           def2-universal-jkfit
 Number of DF basis functions:        1056
 Schwarz screening threshold:            1.00e-10
 Coulomb fitting method:                 Cholesky
 Total number of grid points:        31744
 Method for AO orthogonalization:        symmetric
 Threshold for linear dependence:        1.00e-08
 D3BJ dispersion energy:                -0.006618921

 -------------------------------------
  Running restricted closed-shell SCF 
 -------------------------------------
 Max number of iterations:             128
 Conv. threshold (gradient):             1.00e-05
 Conv. threshold (energy):               1.00e-06
 Interpolation scheme:                   adiis+cdiis
 Initial guess:                          SAD

 ---------------------------------------------------------------
                  energy        change          grad        time
 ---------------------------------------------------------------
   0     -6562.959366761                    1.02e+01        0.09
   1     -6562.536661009      4.23e-01      3.88e-01        0.07
   2     -6562.516661602      2.00e-02      6.03e-01        0.07
   3     -6562.551242374     -3.46e-02      6.62e-02        0.06
   4     -6562.551513785     -2.71e-04      7.85e-02        0.06
   5     -6562.551986676     -4.73e-04      2.78e-02        0.07
   6     -6562.552051931     -6.53e-05      7.62e-03        0.06
   7     -6562.552068048     -1.61e-05      2.49e-03        0.07
   8     -6562.552071228     -3.18e-06      1.10e-03        0.07
   9     -6562.552071855     -6.26e-07      3.77e-04        0.06
  10     -6562.552071918     -6.32e-08      1.36e-04        0.07
  11     -6562.552071922     -3.62e-09      1.18e-04        0.07
  12     -6562.552071924     -2.09e-09      2.93e-05        0.07
  13     -6562.552071924     -2.72e-10      1.13e-05        0.07
  14     -6562.552071924     -3.18e-11      1.02e-05        0.07
  15     -6562.552071924     -2.36e-11      2.36e-06        0.07

 SCF converged in 15 iterations.

 Dipole moment (in Debye):               0.002373       0.000222       0.000016

 Quadrupole moment (in Debye-Angstrom):
                  1            2            3
 1       -48.055320     0.602613     1.082093
 2         0.602613   -54.840816     0.065584
 3         1.082093     0.065584   -53.484607

 Spin-squared expectation <S^2>:         0.000
 Total spin quantum number S:            0.000
 TOTAL ENERGY:                       -6562.552071924

 --------------------------------------------------------------------------------

 End time:                               Fri Oct 22 17:31:01 2021
 Total wall-clock time:                  3.293 seconds
==================================================================================
