
================================================================================
          _____________ ________ _______________ ________     _________         
         / ___________// ______ \\_____   _____// ______ \   / ________)        
        / /_________  / /      \ \     | |     / /      \ \ | (_______          
       |  __________|| |        | |    | |    | |        | | \________ \        
        \ \_________ | |        | |    | |     \ \______/ /___________) |       
         \__________||_|        |_|    |_|      \________//____________/        
                                                                                
====================================[ Qcore ]===================================

 Git describe: 2.3.0
 Compiler:     GNU 9.1.0
 Build type:   Release
 Version:      2.3.0

 Start time:   Fri Oct 22 17:30:32 2021

 Data directory: /work/zw18965/.local/qcore/share/entos/qcore/data
 Number of threads: 24
 Number of threads was determined by: command line argument
  - More threads can be used by running 'qcore -n 32'

 --------------------------------------------------------------------------------
                                   command: dft                                  
 --------------------------------------------------------------------------------
 AO basis set:                           def2-tzvppd
 Number of AO basis functions:         285

 Formula:                                HCu4(2+)
 Nuclear charge:                       117.000000000
 Total charge:                           2.000000000
 Number of electrons:                  115.000000000

 Number of alpha electrons:             58
 Number of beta electrons:              57
 Number of unpaired electrons:           1
 Spin:                                   1
 Multiplicity:                           doublet

 Theory:                                 dft
 Exchange-correlation functional:        camb3lyp

 Using range separated hybrid functional
 Range separation parameter:             0.330000000
 Short range exact exchange:             0.190000000
 Total long range exact exchange:        0.650000000

 Method for Coulomb:                     incore_df
 Method for exact exchange:              pre_transformed_df
 Integral threshold:                     1.00e-12
 DF basis set:                           def2-universal-jkfit
 Number of DF basis functions:        1074
 Schwarz screening threshold:            1.00e-10
 Coulomb fitting method:                 Cholesky
 Total number of grid points:        37634
 Method for AO orthogonalization:        symmetric
 Threshold for linear dependence:        1.00e-08
 D3BJ dispersion energy:                -0.007870075

 -------------------------------------
  Running unrestricted open-shell SCF 
 -------------------------------------
 Max number of iterations:             128
 Conv. threshold (gradient):             1.00e-05
 Conv. threshold (energy):               1.00e-06
 Interpolation scheme:                   adiis+cdiis
 Initial guess:                          SAD

 ---------------------------------------------------------------
                  energy        change          grad        time
 ---------------------------------------------------------------
   0     -6563.582590979                    6.06e+00        0.18
   1     -6562.353217613      1.23e+00      5.07e-01        0.13
   2     -6562.140345717      2.13e-01      1.10e+00        0.13
   3     -6562.445607141     -3.05e-01      1.88e-01        0.13
   4     -6562.413048939      3.26e-02      4.23e-01        0.13
   5     -6562.451799230     -3.88e-02      8.87e-02        0.13
   6     -6562.453003456     -1.20e-03      6.75e-02        0.14
   7     -6562.454356494     -1.35e-03      6.84e-03        0.14
   8     -6562.454388392     -3.19e-05      3.27e-03        0.13
   9     -6562.454396418     -8.03e-06      1.12e-03        0.14
  10     -6562.454398080     -1.66e-06      4.22e-04        0.14
  11     -6562.454398248     -1.68e-07      2.21e-04        0.14
  12     -6562.454398241      6.95e-09      1.87e-04        0.13
  13     -6562.454398219      2.15e-08      6.43e-05        0.13
  14     -6562.454398195      2.41e-08      3.61e-05        0.14
  15     -6562.454398192      3.67e-09      2.28e-05        0.14
  16     -6562.454398188      3.86e-09      1.01e-05        0.14
  17     -6562.454398187      9.53e-10      3.34e-06        0.14

 SCF converged in 17 iterations.

 Dipole moment (in Debye):              -0.594516       0.001417      -0.004027

 Quadrupole moment (in Debye-Angstrom):
                  1            2            3
 1       -30.727693     0.004340    -0.008986
 2         0.004340   -29.211423    -0.056658
 3        -0.008986    -0.056658   -30.565534

 Spin-squared expectation <S^2>:         0.762
 Total spin quantum number S:            0.506
 TOTAL ENERGY:                       -6562.454398186

 --------------------------------------------------------------------------------

 End time:                               Fri Oct 22 17:30:37 2021
 Total wall-clock time:                  4.962 seconds
==================================================================================
