
================================================================================
          _____________ ________ _______________ ________     _________         
         / ___________// ______ \\_____   _____// ______ \   / ________)        
        / /_________  / /      \ \     | |     / /      \ \ | (_______          
       |  __________|| |        | |    | |    | |        | | \________ \        
        \ \_________ | |        | |    | |     \ \______/ /___________) |       
         \__________||_|        |_|    |_|      \________//____________/        
                                                                                
====================================[ Qcore ]===================================

 Git describe: 2.3.0
 Compiler:     GNU 9.1.0
 Build type:   Release
 Version:      2.3.0

 Start time:   Fri Oct 22 17:31:02 2021

 Data directory: /work/zw18965/.local/qcore/share/entos/qcore/data
 Number of threads: 24
 Number of threads was determined by: command line argument
  - More threads can be used by running 'qcore -n 32'

 --------------------------------------------------------------------------------
                                   command: dft                                  
 --------------------------------------------------------------------------------
 AO basis set:                           def2-tzvppd
 Number of AO basis functions:          88

 Formula:                                H3N
 Nuclear charge:                        10.000000000
 Total charge:                           0.000000000
 Number of electrons:                   10.000000000

 Number of alpha electrons:              5
 Number of beta electrons:               5
 Number of unpaired electrons:           0
 Spin:                                   0
 Multiplicity:                           singlet

 Theory:                                 dft
 Exchange-correlation functional:        camb3lyp

 Using range separated hybrid functional
 Range separation parameter:             0.330000000
 Short range exact exchange:             0.190000000
 Total long range exact exchange:        0.650000000

 Method for Coulomb:                     incore_df
 Method for exact exchange:              pre_transformed_df
 Integral threshold:                     1.00e-12
 DF basis set:                           def2-universal-jkfit
 Number of DF basis functions:         131
 Schwarz screening threshold:            1.00e-10
 Coulomb fitting method:                 Cholesky
 Total number of grid points:        24470
 Method for AO orthogonalization:        symmetric
 Threshold for linear dependence:        1.00e-08
 D3BJ dispersion energy:                -0.000452407

 -------------------------------------
  Running restricted closed-shell SCF 
 -------------------------------------
 Max number of iterations:             128
 Conv. threshold (gradient):             1.00e-05
 Conv. threshold (energy):               1.00e-06
 Interpolation scheme:                   adiis+cdiis
 Initial guess:                          SAD

 ---------------------------------------------------------------
                  energy        change          grad        time
 ---------------------------------------------------------------
   0       -56.513691261                    7.16e+00        0.02
   1       -56.504015239      9.68e-03      1.21e+00        0.02
   2       -56.487126202      1.69e-02      1.37e+00        0.01
   3       -56.558798300     -7.17e-02      8.15e-02        0.01
   4       -56.558798474     -1.74e-07      7.42e-02        0.01
   5       -56.558977153     -1.79e-04      1.43e-03        0.01
   6       -56.558977283     -1.30e-07      1.29e-04        0.01
   7       -56.558977285     -1.89e-09      1.55e-05        0.01
   8       -56.558977285     -4.12e-11      2.58e-06        0.01

 SCF converged in 8 iterations.

 Dipole moment (in Debye):               0.000154      -1.666413      -0.000000

 Quadrupole moment (in Debye-Angstrom):
                  1            2            3
 1        -6.496052     0.000651     0.000000
 2         0.000651    -9.321871    -0.000000
 3         0.000000    -0.000000    -6.495194

 Spin-squared expectation <S^2>:         0.000
 Total spin quantum number S:            0.000
 TOTAL ENERGY:                         -56.558977285

 --------------------------------------------------------------------------------

 End time:                               Fri Oct 22 17:31:02 2021
 Total wall-clock time:                  0.554 seconds
==================================================================================
