
================================================================================
          _____________ ________ _______________ ________     _________         
         / ___________// ______ \\_____   _____// ______ \   / ________)        
        / /_________  / /      \ \     | |     / /      \ \ | (_______          
       |  __________|| |        | |    | |    | |        | | \________ \        
        \ \_________ | |        | |    | |     \ \______/ /___________) |       
         \__________||_|        |_|    |_|      \________//____________/        
                                                                                
====================================[ Qcore ]===================================

 Git describe: 2.3.0-3-g778a55bfd
 Compiler:     GNU 9.3.0
 Build type:   Release
 Version:      2.3.0-3-g778a55bfd

 Start time:   Wed Nov  3 11:21:16 2021

 Data directory: /mnt/storage/scratch/zw18965/.local/qcore/share/entos/qcore/data
 Number of threads: 28
 Number of threads was determined by: command line argument

 --------------------------------------------------------------------------------
                                command: optimize                                
 --------------------------------------------------------------------------------
 Using coordinate system:                tric

 -----------------------------
  Initial coordinates summary 
 -----------------------------
 Total coordinates:                      7
 Bond distances:                         1
 Bond angles:                            0
 Dihedral angles:                        0
 Linear bond angles:                     0
 Out-of-plane bends:                     0
 Translations:                           6
 Rotations:                              0
 Hessian update scheme:                  bfgs
 Initial hessian:                        model

 ------------------------------------------------------------------------------------------------------------
                   energy      change    grad rms    grad max    step rms    step max       trust    time (s)
 ------------------------------------------------------------------------------------------------------------
   1      -246.712894669                1.79e-03    3.10e-03                            2.00e-01        7.55
   2      -246.712919419   -2.48e-05    6.43e-04    1.11e-03    6.08e-03    1.22e-02    2.00e-01        5.05
   3      -246.712922861   -3.44e-06    1.72e-05    2.97e-05    3.40e-03    6.81e-03    2.00e-01        4.92
Rejecting step due to low quality: Quality: -1.7261 New trust radius: 4.66977e-05
   4      -246.712922856    4.79e-09    1.72e-05    2.97e-05    9.34e-05    1.87e-04    4.67e-05        4.61
 Geometry optimization stopped:          thresholds achieved

 Final energy:                        -246.712922856

 ---------------------------
  Final coordinates summary 
 ---------------------------
 Total coordinates:                      7
 Bond distances:                         1
 Bond angles:                            0
 Dihedral angles:                        0
 Linear bond angles:                     0
 Out-of-plane bends:                     0
 Translations:                           6
 Rotations:                              0

 -----------
  Final XYZ 
 -----------
2
Final structure: -246.713 hartree
Ag          -0.000000918          0.000001169          0.322732144
F            0.000000918         -0.000001169         -1.664183144

 Structure in entos input format:

  structure(
    xyz = [
      ['Ag' ,         -0.000000918,          0.000001169,          0.322732144],
      ['F'  ,          0.000000918,         -0.000001169,         -1.664183144]
    ]
  )

 --------------------------------
  Geometry optimization finished 
 --------------------------------
 Saving results in set 'opt'

 --------------------------------------------------------------------------------
                                 command: hessian                                
 --------------------------------------------------------------------------------

WARNING: semianalytic method is specified for dft hessian, which is not efficient. Try switching to 'method = analytic'


 -------------------------------
  Numerical Geometrical Hessian 
 -------------------------------

 Compute hessian using two-point central differentiation.
 Step size (bohr):                       0.0100

 Frequencies (including translational and rotational modes):
 mode    frequency (cm-1)
    0                0.04 i (imaginary)
    1                0.01 i (imaginary)
    2                0.00 i (imaginary)
    3               45.30
    4               45.32
    5              507.73

 Project out translational and rotational motions 

 The molecule is linear

 Degrees of freedom for translational and rotational motions: 5

 Vibrational frequencies:
 mode    frequency (cm-1)
    0              507.73

 --------------------------------------------------------------------------------

 End time:                               Wed Nov  3 11:22:45 2021
 Total wall-clock time:                 89.167 seconds
==================================================================================
