
================================================================================
          _____________ ________ _______________ ________     _________         
         / ___________// ______ \\_____   _____// ______ \   / ________)        
        / /_________  / /      \ \     | |     / /      \ \ | (_______          
       |  __________|| |        | |    | |    | |        | | \________ \        
        \ \_________ | |        | |    | |     \ \______/ /___________) |       
         \__________||_|        |_|    |_|      \________//____________/        
                                                                                
====================================[ Qcore ]===================================

 Git describe: 2.3.0-1-g21d9df7e5
 Compiler:     GNU 9.1.0
 Build type:   Release
 Version:      2.3.0-1-g21d9df7e5

 Start time:   Mon Oct 25 12:26:53 2021

 Data directory: /work/zw18965/.local/qcore/share/entos/qcore/data
 Number of threads: 24
 Number of threads was determined by: command line argument

 --------------------------------------------------------------------------------
                                command: optimize                                
 --------------------------------------------------------------------------------
 Using coordinate system:                tric

 -----------------------------
  Initial coordinates summary 
 -----------------------------
 Total coordinates:                      7
 Bond distances:                         1
 Bond angles:                            0
 Dihedral angles:                        0
 Linear bond angles:                     0
 Out-of-plane bends:                     0
 Translations:                           6
 Rotations:                              0
 Hessian update scheme:                  bfgs
 Initial hessian:                        model

 ------------------------------------------------------------------------------------------------------------
                   energy      change    grad rms    grad max    step rms    step max       trust    time (s)
 ------------------------------------------------------------------------------------------------------------
   1      -148.791392413                2.81e-03    4.87e-03                            2.00e-01        4.83
   2      -148.791482305   -8.99e-05    7.16e-04    1.24e-03    1.43e-02    2.86e-02    2.00e-01        2.44
   3      -148.791488745   -6.44e-06    3.50e-05    6.07e-05    4.87e-03    9.75e-03    2.00e-01        2.44
   4      -148.791488772   -2.73e-08    8.28e-07    1.43e-06    2.27e-04    4.55e-04    2.00e-01        2.27
 Geometry optimization stopped:          thresholds achieved

 Final energy:                        -148.791488772

 ---------------------------
  Final coordinates summary 
 ---------------------------
 Total coordinates:                      7
 Bond distances:                         1
 Bond angles:                            0
 Dihedral angles:                        0
 Linear bond angles:                     0
 Out-of-plane bends:                     0
 Translations:                           6
 Rotations:                              0

 -----------
  Final XYZ 
 -----------
2
Final structure: -148.791 hartree
Ag           0.000001178         -0.000000117          0.023530073
H           -0.000001178          0.000000117         -1.566689073

 Structure in entos input format:

  structure(
    xyz = [
      ['Ag' ,          0.000001178,         -0.000000117,          0.023530073],
      ['H'  ,         -0.000001178,          0.000000117,         -1.566689073]
    ]
  )

 --------------------------------
  Geometry optimization finished 
 --------------------------------
 Saving results in set 'opt'

 --------------------------------------------------------------------------------
                                 command: hessian                                
 --------------------------------------------------------------------------------

WARNING: semianalytic method is specified for dft hessian, which is not efficient. Try switching to 'method = analytic'


 -------------------------------
  Numerical Geometrical Hessian 
 -------------------------------

 Compute hessian using two-point central differentiation.
 Step size (bohr):                       0.0100

 Frequencies (including translational and rotational modes):
 mode    frequency (cm-1)
    0                0.01 i (imaginary)
    1                0.01 i (imaginary)
    2                0.00 i (imaginary)
    3              117.33
    4              117.34
    5             1888.28

 Project out translational and rotational motions 

 The molecule is linear

 Degrees of freedom for translational and rotational motions: 5

 Vibrational frequencies:
 mode    frequency (cm-1)
    0             1888.28

 --------------------------------------------------------------------------------

 End time:                               Mon Oct 25 12:27:37 2021
 Total wall-clock time:                 44.752 seconds
==================================================================================
