
================================================================================
          _____________ ________ _______________ ________     _________         
         / ___________// ______ \\_____   _____// ______ \   / ________)        
        / /_________  / /      \ \     | |     / /      \ \ | (_______          
       |  __________|| |        | |    | |    | |        | | \________ \        
        \ \_________ | |        | |    | |     \ \______/ /___________) |       
         \__________||_|        |_|    |_|      \________//____________/        
                                                                                
====================================[ Qcore ]===================================

 Git describe: 2.3.0-1-g21d9df7e5
 Compiler:     GNU 9.1.0
 Build type:   Release
 Version:      2.3.0-1-g21d9df7e5

 Start time:   Mon Oct 25 12:27:08 2021

 Data directory: /work/zw18965/.local/qcore/share/entos/qcore/data
 Number of threads: 24
 Number of threads was determined by: command line argument

 --------------------------------------------------------------------------------
                                command: optimize                                
 --------------------------------------------------------------------------------
 Using coordinate system:                tric

 -----------------------------
  Initial coordinates summary 
 -----------------------------
 Total coordinates:                      7
 Bond distances:                         1
 Bond angles:                            0
 Dihedral angles:                        0
 Linear bond angles:                     0
 Out-of-plane bends:                     0
 Translations:                           6
 Rotations:                              0
 Hessian update scheme:                  bfgs
 Initial hessian:                        model

 ------------------------------------------------------------------------------------------------------------
                   energy      change    grad rms    grad max    step rms    step max       trust    time (s)
 ------------------------------------------------------------------------------------------------------------
   1      -296.431189728                3.69e-03    6.39e-03                            2.00e-01        9.38
   2      -296.431416306   -2.27e-04    1.29e-03    2.23e-03    2.55e-02    5.11e-02    2.00e-01        6.66
   3      -296.431445096   -2.88e-05    1.73e-04    2.99e-04    1.37e-02    2.73e-02    2.00e-01        6.65
   4      -296.431445364   -2.68e-07    5.94e-06    1.03e-05    1.62e-03    3.24e-03    2.00e-01        6.40
Rejecting step due to low quality: Quality: -20.6396 New trust radius: 2.69016e-05
   5      -296.431445353    1.14e-08    5.94e-06    1.03e-05    5.38e-05    1.08e-04    2.69e-05        5.85
 Geometry optimization stopped:          thresholds achieved

 Final energy:                        -296.431445353

 ---------------------------
  Final coordinates summary 
 ---------------------------
 Total coordinates:                      7
 Bond distances:                         1
 Bond angles:                            0
 Dihedral angles:                        0
 Linear bond angles:                     0
 Out-of-plane bends:                     0
 Translations:                           6
 Rotations:                              0

 -----------
  Final XYZ 
 -----------
2
Final structure: -296.431 hartree
Ag           0.000001850         -0.000001218          1.241926637
Ag          -0.000001850          0.000001218         -1.241926637

 Structure in entos input format:

  structure(
    xyz = [
      ['Ag' ,          0.000001850,         -0.000001218,          1.241926637],
      ['Ag' ,         -0.000001850,          0.000001218,         -1.241926637]
    ]
  )

 --------------------------------
  Geometry optimization finished 
 --------------------------------
 Saving results in set 'opt'

 --------------------------------------------------------------------------------
                                 command: hessian                                
 --------------------------------------------------------------------------------

WARNING: semianalytic method is specified for dft hessian, which is not efficient. Try switching to 'method = analytic'


 -------------------------------
  Numerical Geometrical Hessian 
 -------------------------------

 Compute hessian using two-point central differentiation.
 Step size (bohr):                       0.0100

 Frequencies (including translational and rotational modes):
 mode    frequency (cm-1)
    0               19.38 i (imaginary)
    1               19.37 i (imaginary)
    2                0.00 i (imaginary)
    3                0.00
    4                0.06
    5              215.81

 Project out translational and rotational motions 

 The molecule is linear

 Degrees of freedom for translational and rotational motions: 5

 Vibrational frequencies:
 mode    frequency (cm-1)
    0              215.81

 --------------------------------------------------------------------------------

 End time:                               Mon Oct 25 12:29:07 2021
 Total wall-clock time:                118.772 seconds
==================================================================================
