
================================================================================
          _____________ ________ _______________ ________     _________         
         / ___________// ______ \\_____   _____// ______ \   / ________)        
        / /_________  / /      \ \     | |     / /      \ \ | (_______          
       |  __________|| |        | |    | |    | |        | | \________ \        
        \ \_________ | |        | |    | |     \ \______/ /___________) |       
         \__________||_|        |_|    |_|      \________//____________/        
                                                                                
====================================[ Qcore ]===================================

 Git describe: 2.3.0-1-g21d9df7e5
 Compiler:     GNU 9.1.0
 Build type:   Release
 Version:      2.3.0-1-g21d9df7e5

 Start time:   Mon Oct 25 12:27:11 2021

 Data directory: /work/zw18965/.local/qcore/share/entos/qcore/data
 Number of threads: 24
 Number of threads was determined by: command line argument

 --------------------------------------------------------------------------------
                                command: optimize                                
 --------------------------------------------------------------------------------
 Using coordinate system:                tric

 -----------------------------
  Initial coordinates summary 
 -----------------------------
 Total coordinates:                     12
 Bond distances:                         3
 Bond angles:                            3
 Dihedral angles:                        0
 Linear bond angles:                     0
 Out-of-plane bends:                     0
 Translations:                           3
 Rotations:                              3
 Hessian update scheme:                  bfgs
 Initial hessian:                        model

 ------------------------------------------------------------------------------------------------------------
                   energy      change    grad rms    grad max    step rms    step max       trust    time (s)
 ------------------------------------------------------------------------------------------------------------
   1      -444.442719138                4.16e-03    7.07e-03                            2.00e-01       28.10
   2      -444.443123861   -4.05e-04    2.22e-03    3.78e-03    2.40e-02    4.29e-02    2.00e-01       22.36
   3      -444.443274225   -1.50e-04    2.56e-04    4.19e-04    2.74e-02    4.88e-02    2.00e-01       22.79
   4      -444.443275279   -1.05e-06    1.56e-05    3.47e-05    2.84e-03    5.20e-03    2.00e-01       20.95
   5      -444.443275297   -1.85e-08    3.14e-06    5.76e-06    1.60e-04    3.10e-04    2.00e-01       18.23
 Geometry optimization stopped:          thresholds achieved

 Final energy:                        -444.443275297

 ---------------------------
  Final coordinates summary 
 ---------------------------
 Total coordinates:                     12
 Bond distances:                         3
 Bond angles:                            3
 Dihedral angles:                        0
 Linear bond angles:                     0
 Out-of-plane bends:                     0
 Translations:                           3
 Rotations:                              3

 -----------
  Final XYZ 
 -----------
3
Final structure: -444.443 hartree
Ag           0.000006242          1.504754240         -0.000000360
Ag           1.301979900         -0.752382251          0.000001676
Ag          -1.301986141         -0.752370988         -0.000001316

 Structure in entos input format:

  structure(
    xyz = [
      ['Ag' ,          0.000006242,          1.504754240,         -0.000000360],
      ['Ag' ,          1.301979900,         -0.752382251,          0.000001676],
      ['Ag' ,         -1.301986141,         -0.752370988,         -0.000001316]
    ]
  )

 --------------------------------
  Geometry optimization finished 
 --------------------------------
 Saving results in set 'opt'

 --------------------------------------------------------------------------------
                                 command: hessian                                
 --------------------------------------------------------------------------------

WARNING: semianalytic method is specified for dft hessian, which is not efficient. Try switching to 'method = analytic'


 -------------------------------
  Numerical Geometrical Hessian 
 -------------------------------

 Compute hessian using two-point central differentiation.
 Step size (bohr):                       0.0100

 Frequencies (including translational and rotational modes):
 mode    frequency (cm-1)
    0               20.77 i (imaginary)
    1               16.05 i (imaginary)
    2               15.38 i (imaginary)
    3                0.01
    4                0.01
    5                0.02
    6              136.88
    7              137.91
    8              200.45

 Project out translational and rotational motions 

 Degrees of freedom for translational and rotational motions: 6

 Vibrational frequencies:
 mode    frequency (cm-1)
    0              136.87
    1              137.91
    2              200.45

 --------------------------------------------------------------------------------

 End time:                               Mon Oct 25 12:35:59 2021
 Total wall-clock time:                528.378 seconds
==================================================================================
