
================================================================================
          _____________ ________ _______________ ________     _________         
         / ___________// ______ \\_____   _____// ______ \   / ________)        
        / /_________  / /      \ \     | |     / /      \ \ | (_______          
       |  __________|| |        | |    | |    | |        | | \________ \        
        \ \_________ | |        | |    | |     \ \______/ /___________) |       
         \__________||_|        |_|    |_|      \________//____________/        
                                                                                
====================================[ Qcore ]===================================

 Git describe: 2.3.0-3-g778a55bfd
 Compiler:     GNU 9.3.0
 Build type:   Release
 Version:      2.3.0-3-g778a55bfd

 Start time:   Wed Nov  3 11:13:12 2021

 Data directory: /mnt/storage/scratch/zw18965/.local/qcore/share/entos/qcore/data
 Number of threads: 28
 Number of threads was determined by: command line argument

 --------------------------------------------------------------------------------
                                command: optimize                                
 --------------------------------------------------------------------------------
 Using coordinate system:                tric

 -----------------------------
  Initial coordinates summary 
 -----------------------------
 Total coordinates:                     13
 Bond distances:                         2
 Bond angles:                            0
 Dihedral angles:                        0
 Linear bond angles:                     2
 Out-of-plane bends:                     0
 Translations:                           9
 Rotations:                              0
 Hessian update scheme:                  bfgs
 Initial hessian:                        model

 ------------------------------------------------------------------------------------------------------------
                   energy      change    grad rms    grad max    step rms    step max       trust    time (s)
 ------------------------------------------------------------------------------------------------------------
   1      -440.359978211                4.58e-04    9.72e-04                            2.00e-01       31.02
   2      -440.359989412   -1.12e-05    3.13e-04    6.64e-04    5.29e-03    6.48e-03    2.00e-01       23.15
   3      -440.360000102   -1.07e-05    3.87e-06    8.21e-06    1.14e-02    1.40e-02    2.00e-01       23.00
Rejecting step due to low quality: Quality: -20.0994 New trust radius: 6.95963e-05
   4      -440.360000073    2.81e-08    3.87e-06    8.21e-06    1.39e-04    1.71e-04    6.96e-05       19.82
 Geometry optimization stopped:          thresholds achieved

 Final energy:                        -440.360000073

 ---------------------------
  Final coordinates summary 
 ---------------------------
 Total coordinates:                     13
 Bond distances:                         2
 Bond angles:                            0
 Dihedral angles:                        0
 Linear bond angles:                     2
 Out-of-plane bends:                     0
 Translations:                           9
 Rotations:                              0

 -----------
  Final XYZ 
 -----------
3
Final structure: -440.36 hartree
Ag           0.000002317         -0.000001190         -0.000000474
Ag          -0.000000782          0.000000478          2.618496013
Ag          -0.000001536          0.000000712         -2.618495539

 Structure in entos input format:

  structure(
    xyz = [
      ['Ag' ,          0.000002317,         -0.000001190,         -0.000000474],
      ['Ag' ,         -0.000000782,          0.000000478,          2.618496013],
      ['Ag' ,         -0.000001536,          0.000000712,         -2.618495539]
    ]
  )

 --------------------------------
  Geometry optimization finished 
 --------------------------------
 Saving results in set 'opt'

 --------------------------------------------------------------------------------
                                 command: hessian                                
 --------------------------------------------------------------------------------

WARNING: semianalytic method is specified for dft hessian, which is not efficient. Try switching to 'method = analytic'


 -------------------------------
  Numerical Geometrical Hessian 
 -------------------------------

 Compute hessian using two-point central differentiation.
 Step size (bohr):                       0.0100

 Frequencies (including translational and rotational modes):
 mode    frequency (cm-1)
    0               51.68 i (imaginary)
    1               51.68 i (imaginary)
    2                9.04 i (imaginary)
    3                9.01 i (imaginary)
    4                0.01 i (imaginary)
    5                0.01
    6                0.02
    7              109.05
    8              182.89

 Project out translational and rotational motions 

 Degrees of freedom for translational and rotational motions: 6

 Vibrational frequencies:
 mode    frequency (cm-1)
    0               51.68 i (imaginary)
    1              109.05
    2              182.89

 --------------------------------------------------------------------------------

 End time:                               Wed Nov  3 11:22:20 2021
 Total wall-clock time:                547.551 seconds
==================================================================================
