
================================================================================
          _____________ ________ _______________ ________     _________         
         / ___________// ______ \\_____   _____// ______ \   / ________)        
        / /_________  / /      \ \     | |     / /      \ \ | (_______          
       |  __________|| |        | |    | |    | |        | | \________ \        
        \ \_________ | |        | |    | |     \ \______/ /___________) |       
         \__________||_|        |_|    |_|      \________//____________/        
                                                                                
====================================[ Qcore ]===================================

 Git describe: 2.3.0-3-g778a55bfd
 Compiler:     GNU 9.3.0
 Build type:   Release
 Version:      2.3.0-3-g778a55bfd

 Start time:   Wed Nov  3 11:10:17 2021

 Data directory: /mnt/storage/scratch/zw18965/.local/qcore/share/entos/qcore/data
 Number of threads: 28
 Number of threads was determined by: command line argument

 --------------------------------------------------------------------------------
                                command: optimize                                
 --------------------------------------------------------------------------------
 Using coordinate system:                tric

 -----------------------------
  Initial coordinates summary 
 -----------------------------
 Total coordinates:                     13
 Bond distances:                         2
 Bond angles:                            0
 Dihedral angles:                        0
 Linear bond angles:                     2
 Out-of-plane bends:                     0
 Translations:                           9
 Rotations:                              0
 Hessian update scheme:                  bfgs
 Initial hessian:                        model

 ------------------------------------------------------------------------------------------------------------
                   energy      change    grad rms    grad max    step rms    step max       trust    time (s)
 ------------------------------------------------------------------------------------------------------------
   1      -440.619061825                4.56e-04    9.68e-04                            2.00e-01       46.44
   2      -440.619071322   -9.50e-06    2.85e-04    6.05e-04    5.27e-03    6.45e-03    2.00e-01       31.29
   3      -440.619076735   -5.41e-06    5.08e-06    1.08e-05    8.80e-03    1.08e-02    2.00e-01       33.44
Rejecting step due to low quality: Quality: -11.5133 New trust radius: 7.97873e-05
   4      -440.619076711    2.43e-08    5.08e-06    1.08e-05    1.60e-04    1.96e-04    7.98e-05       25.68
 Geometry optimization stopped:          thresholds achieved

 Final energy:                        -440.619076711

 ---------------------------
  Final coordinates summary 
 ---------------------------
 Total coordinates:                     13
 Bond distances:                         2
 Bond angles:                            0
 Dihedral angles:                        0
 Linear bond angles:                     2
 Out-of-plane bends:                     0
 Translations:                           9
 Rotations:                              0

 -----------
  Final XYZ 
 -----------
3
Final structure: -440.619 hartree
Ag          -0.000001445         -0.000001445         -0.000000161
Ag          -0.000000146          0.000001231          2.601649807
Ag           0.000001591          0.000000213         -2.601649646

 Structure in entos input format:

  structure(
    xyz = [
      ['Ag' ,         -0.000001445,         -0.000001445,         -0.000000161],
      ['Ag' ,         -0.000000146,          0.000001231,          2.601649807],
      ['Ag' ,          0.000001591,          0.000000213,         -2.601649646]
    ]
  )

 --------------------------------
  Geometry optimization finished 
 --------------------------------
 Saving results in set 'opt'

 --------------------------------------------------------------------------------
                                 command: hessian                                
 --------------------------------------------------------------------------------

WARNING: semianalytic method is specified for dft hessian, which is not efficient. Try switching to 'method = analytic'


 -------------------------------
  Numerical Geometrical Hessian 
 -------------------------------

 Compute hessian using two-point central differentiation.
 Step size (bohr):                       0.0100

 Frequencies (including translational and rotational modes):
 mode    frequency (cm-1)
    0               24.62 i (imaginary)
    1               24.59 i (imaginary)
    2               10.90 i (imaginary)
    3               10.88 i (imaginary)
    4                0.02 i (imaginary)
    5                0.04
    6                0.08
    7              115.69
    8              176.66

 Project out translational and rotational motions 

 Degrees of freedom for translational and rotational motions: 6

 Vibrational frequencies:
 mode    frequency (cm-1)
    0               24.60 i (imaginary)
    1              115.69
    2              176.66

 --------------------------------------------------------------------------------

 End time:                               Wed Nov  3 11:23:47 2021
 Total wall-clock time:                810.519 seconds
==================================================================================
