
================================================================================
          _____________ ________ _______________ ________     _________         
         / ___________// ______ \\_____   _____// ______ \   / ________)        
        / /_________  / /      \ \     | |     / /      \ \ | (_______          
       |  __________|| |        | |    | |    | |        | | \________ \        
        \ \_________ | |        | |    | |     \ \______/ /___________) |       
         \__________||_|        |_|    |_|      \________//____________/        
                                                                                
====================================[ Qcore ]===================================

 Git describe: 2.3.0-3-g778a55bfd
 Compiler:     GNU 9.3.0
 Build type:   Release
 Version:      2.3.0-3-g778a55bfd

 Start time:   Wed Nov  3 11:10:13 2021

 Data directory: /mnt/storage/scratch/zw18965/.local/qcore/share/entos/qcore/data
 Number of threads: 28
 Number of threads was determined by: command line argument

 --------------------------------------------------------------------------------
                                command: optimize                                
 --------------------------------------------------------------------------------
 Using coordinate system:                tric

 -----------------------------
  Initial coordinates summary 
 -----------------------------
 Total coordinates:                     12
 Bond distances:                         3
 Bond angles:                            3
 Dihedral angles:                        0
 Linear bond angles:                     0
 Out-of-plane bends:                     0
 Translations:                           3
 Rotations:                              3
 Hessian update scheme:                  bfgs
 Initial hessian:                        model

 ------------------------------------------------------------------------------------------------------------
                   energy      change    grad rms    grad max    step rms    step max       trust    time (s)
 ------------------------------------------------------------------------------------------------------------
   1      -440.623534797                5.86e-03    1.00e-02                            2.00e-01       57.88
   2      -440.624994422   -1.46e-03    3.56e-03    6.31e-03    6.03e-02    1.12e-01    2.00e-01       45.58
   3      -440.626051682   -1.06e-03    1.54e-03    3.23e-03    9.42e-02    1.77e-01    2.00e-01       47.83
   4      -440.626232882   -1.81e-04    1.13e-03    2.07e-03    4.00e-02    8.66e-02    2.00e-01       53.73
   5      -440.626314233   -8.14e-05    5.13e-04    9.84e-04    3.55e-02    8.28e-02    2.00e-01       51.58
   6      -440.626322944   -8.71e-06    1.50e-04    3.33e-04    9.86e-03    2.41e-02    2.00e-01       49.55
   7      -440.626323366   -4.22e-07    3.10e-05    5.84e-05    1.64e-03    3.62e-03    2.00e-01       43.63
   8      -440.626323370   -4.06e-09    1.35e-05    2.38e-05    8.15e-04    1.22e-03    4.08e-04       39.80
   9      -440.626323406   -3.52e-08    1.00e-05    1.77e-05    3.24e-04    5.67e-04    4.08e-04       37.77
 Geometry optimization stopped:          thresholds achieved

 Final energy:                        -440.626323406

 ---------------------------
  Final coordinates summary 
 ---------------------------
 Total coordinates:                     12
 Bond distances:                         3
 Bond angles:                            3
 Dihedral angles:                        0
 Linear bond angles:                     0
 Out-of-plane bends:                     0
 Translations:                           3
 Rotations:                              3

 -----------
  Final XYZ 
 -----------
3
Final structure: -440.626 hartree
Ag           0.000250620          1.438639112          0.000013927
Ag           1.455860676         -0.719149802         -0.000007458
Ag          -1.456111295         -0.719490309         -0.000006470

 Structure in entos input format:

  structure(
    xyz = [
      ['Ag' ,          0.000250620,          1.438639112,          0.000013927],
      ['Ag' ,          1.455860676,         -0.719149802,         -0.000007458],
      ['Ag' ,         -1.456111295,         -0.719490309,         -0.000006470]
    ]
  )

 --------------------------------
  Geometry optimization finished 
 --------------------------------
 Saving results in set 'opt'

 --------------------------------------------------------------------------------
                                 command: hessian                                
 --------------------------------------------------------------------------------

WARNING: semianalytic method is specified for dft hessian, which is not efficient. Try switching to 'method = analytic'


 -------------------------------
  Numerical Geometrical Hessian 
 -------------------------------

 Compute hessian using two-point central differentiation.
 Step size (bohr):                       0.0100

 Frequencies (including translational and rotational modes):
 mode    frequency (cm-1)
    0               20.37 i (imaginary)
    1               11.57 i (imaginary)
    2                9.91 i (imaginary)
    3                0.04 i (imaginary)
    4                0.01
    5                0.08
    6               73.33
    7              101.00
    8              183.07

 Project out translational and rotational motions 

 Degrees of freedom for translational and rotational motions: 6

 Vibrational frequencies:
 mode    frequency (cm-1)
    0               73.33
    1              101.00
    2              183.07

 --------------------------------------------------------------------------------

 End time:                               Wed Nov  3 11:31:11 2021
 Total wall-clock time:               1257.983 seconds
==================================================================================
