
================================================================================
          _____________ ________ _______________ ________     _________         
         / ___________// ______ \\_____   _____// ______ \   / ________)        
        / /_________  / /      \ \     | |     / /      \ \ | (_______          
       |  __________|| |        | |    | |    | |        | | \________ \        
        \ \_________ | |        | |    | |     \ \______/ /___________) |       
         \__________||_|        |_|    |_|      \________//____________/        
                                                                                
====================================[ Qcore ]===================================

 Git describe: 2.3.0-1-g21d9df7e5
 Compiler:     GNU 9.1.0
 Build type:   Release
 Version:      2.3.0-1-g21d9df7e5

 Start time:   Mon Oct 25 12:28:06 2021

 Data directory: /work/zw18965/.local/qcore/share/entos/qcore/data
 Number of threads: 24
 Number of threads was determined by: command line argument

 --------------------------------------------------------------------------------
                                command: optimize                                
 --------------------------------------------------------------------------------
 Using coordinate system:                tric

 -----------------------------
  Initial coordinates summary 
 -----------------------------
 Total coordinates:                      7
 Bond distances:                         1
 Bond angles:                            0
 Dihedral angles:                        0
 Linear bond angles:                     0
 Out-of-plane bends:                     0
 Translations:                           6
 Rotations:                              0
 Hessian update scheme:                  bfgs
 Initial hessian:                        model

 ------------------------------------------------------------------------------------------------------------
                   energy      change    grad rms    grad max    step rms    step max       trust    time (s)
 ------------------------------------------------------------------------------------------------------------
   1      -137.422624837                2.63e-03    4.55e-03                            2.00e-01        4.29
   2      -137.422680622   -5.58e-05    4.20e-04    7.27e-04    9.51e-03    1.90e-02    2.00e-01        2.33
   3      -137.422683044   -2.42e-06    1.21e-05    2.09e-05    1.81e-03    3.62e-03    2.00e-01        2.25
Rejecting step due to low quality: Quality: -40.0035 New trust radius: 2.52688e-05
   4      -137.422683001    4.23e-08    1.21e-05    2.09e-05    5.05e-05    1.01e-04    2.53e-05        2.19
 Geometry optimization stopped:          thresholds achieved

 Final energy:                        -137.422683001

 ---------------------------
  Final coordinates summary 
 ---------------------------
 Total coordinates:                      7
 Bond distances:                         1
 Bond angles:                            0
 Dihedral angles:                        0
 Linear bond angles:                     0
 Out-of-plane bends:                     0
 Translations:                           6
 Rotations:                              0

 -----------
  Final XYZ 
 -----------
2
Final structure: -137.423 hartree
Au           0.000000061          0.000000062          0.013046576
H           -0.000000061         -0.000000062         -1.497703576

 Structure in entos input format:

  structure(
    xyz = [
      ['Au' ,          0.000000061,          0.000000062,          0.013046576],
      ['H'  ,         -0.000000061,         -0.000000062,         -1.497703576]
    ]
  )

 --------------------------------
  Geometry optimization finished 
 --------------------------------
 Saving results in set 'opt'

 --------------------------------------------------------------------------------
                                 command: hessian                                
 --------------------------------------------------------------------------------

WARNING: semianalytic method is specified for dft hessian, which is not efficient. Try switching to 'method = analytic'


 -------------------------------
  Numerical Geometrical Hessian 
 -------------------------------

 Compute hessian using two-point central differentiation.
 Step size (bohr):                       0.0100

 Frequencies (including translational and rotational modes):
 mode    frequency (cm-1)
    0                0.01 i (imaginary)
    1                0.00 i (imaginary)
    2                0.00 i (imaginary)
    3              177.93
    4              177.94
    5             2340.13

 Project out translational and rotational motions 

 The molecule is linear

 Degrees of freedom for translational and rotational motions: 5

 Vibrational frequencies:
 mode    frequency (cm-1)
    0             2340.13

 --------------------------------------------------------------------------------

 End time:                               Mon Oct 25 12:28:49 2021
 Total wall-clock time:                 42.426 seconds
==================================================================================
