
================================================================================
          _____________ ________ _______________ ________     _________         
         / ___________// ______ \\_____   _____// ______ \   / ________)        
        / /_________  / /      \ \     | |     / /      \ \ | (_______          
       |  __________|| |        | |    | |    | |        | | \________ \        
        \ \_________ | |        | |    | |     \ \______/ /___________) |       
         \__________||_|        |_|    |_|      \________//____________/        
                                                                                
====================================[ Qcore ]===================================

 Git describe: 2.3.0-1-g21d9df7e5
 Compiler:     GNU 9.1.0
 Build type:   Release
 Version:      2.3.0-1-g21d9df7e5

 Start time:   Mon Oct 25 12:28:06 2021

 Data directory: /work/zw18965/.local/qcore/share/entos/qcore/data
 Number of threads: 24
 Number of threads was determined by: command line argument

 --------------------------------------------------------------------------------
                                command: optimize                                
 --------------------------------------------------------------------------------
 Using coordinate system:                tric

 -----------------------------
  Initial coordinates summary 
 -----------------------------
 Total coordinates:                      7
 Bond distances:                         1
 Bond angles:                            0
 Dihedral angles:                        0
 Linear bond angles:                     0
 Out-of-plane bends:                     0
 Translations:                           6
 Rotations:                              0
 Hessian update scheme:                  bfgs
 Initial hessian:                        model

 ------------------------------------------------------------------------------------------------------------
                   energy      change    grad rms    grad max    step rms    step max       trust    time (s)
 ------------------------------------------------------------------------------------------------------------
   1      -237.591704051                2.06e-03    3.57e-03                            2.00e-01        7.25
   2      -237.591733766   -2.97e-05    7.00e-04    1.21e-03    5.82e-03    1.16e-02    2.00e-01        4.29
   3      -237.591738305   -4.54e-06    2.35e-05    4.07e-05    2.99e-03    5.98e-03    2.00e-01        4.45
Rejecting step due to low quality: Quality: -7.736 New trust radius: 4.85171e-05
   4      -237.591738275    3.05e-08    2.35e-05    4.07e-05    9.70e-05    1.94e-04    4.85e-05        4.01
 Geometry optimization stopped:          thresholds achieved

 Final energy:                        -237.591738275

 ---------------------------
  Final coordinates summary 
 ---------------------------
 Total coordinates:                      7
 Bond distances:                         1
 Bond angles:                            0
 Dihedral angles:                        0
 Linear bond angles:                     0
 Out-of-plane bends:                     0
 Translations:                           6
 Rotations:                              0

 -----------
  Final XYZ 
 -----------
2
Final structure: -237.592 hartree
Au          -0.000003802          0.000001114          0.192190817
F            0.000003802         -0.000001114         -1.723268817

 Structure in entos input format:

  structure(
    xyz = [
      ['Au' ,         -0.000003802,          0.000001114,          0.192190817],
      ['F'  ,          0.000003802,         -0.000001114,         -1.723268817]
    ]
  )

 --------------------------------
  Geometry optimization finished 
 --------------------------------
 Saving results in set 'opt'

 --------------------------------------------------------------------------------
                                 command: hessian                                
 --------------------------------------------------------------------------------

WARNING: semianalytic method is specified for dft hessian, which is not efficient. Try switching to 'method = analytic'


 -------------------------------
  Numerical Geometrical Hessian 
 -------------------------------

 Compute hessian using two-point central differentiation.
 Step size (bohr):                       0.0100

 Frequencies (including translational and rotational modes):
 mode    frequency (cm-1)
    0                0.08 i (imaginary)
    1                0.03 i (imaginary)
    2                0.00 i (imaginary)
    3               55.04
    4               55.06
    5              569.20

 Project out translational and rotational motions 

 The molecule is linear

 Degrees of freedom for translational and rotational motions: 5

 Vibrational frequencies:
 mode    frequency (cm-1)
    0              569.20

 --------------------------------------------------------------------------------

 End time:                               Mon Oct 25 12:29:26 2021
 Total wall-clock time:                 80.475 seconds
==================================================================================
