
================================================================================
          _____________ ________ _______________ ________     _________         
         / ___________// ______ \\_____   _____// ______ \   / ________)        
        / /_________  / /      \ \     | |     / /      \ \ | (_______          
       |  __________|| |        | |    | |    | |        | | \________ \        
        \ \_________ | |        | |    | |     \ \______/ /___________) |       
         \__________||_|        |_|    |_|      \________//____________/        
                                                                                
====================================[ Qcore ]===================================

 Git describe: 2.3.0-3-g778a55bfd
 Compiler:     GNU 9.3.0
 Build type:   Release
 Version:      2.3.0-3-g778a55bfd

 Start time:   Wed Nov  3 11:16:12 2021

 Data directory: /mnt/storage/scratch/zw18965/.local/qcore/share/entos/qcore/data
 Number of threads: 28
 Number of threads was determined by: command line argument

 --------------------------------------------------------------------------------
                                command: optimize                                
 --------------------------------------------------------------------------------
 Using coordinate system:                tric

 -----------------------------
  Initial coordinates summary 
 -----------------------------
 Total coordinates:                      7
 Bond distances:                         1
 Bond angles:                            0
 Dihedral angles:                        0
 Linear bond angles:                     0
 Out-of-plane bends:                     0
 Translations:                           6
 Rotations:                              0
 Hessian update scheme:                  bfgs
 Initial hessian:                        model

 ------------------------------------------------------------------------------------------------------------
                   energy      change    grad rms    grad max    step rms    step max       trust    time (s)
 ------------------------------------------------------------------------------------------------------------
   1      -271.240201089                1.91e-03    3.31e-03                            2.00e-01       12.58
   2      -271.240237559   -3.65e-05    1.67e-04    2.89e-04    1.32e-02    2.65e-02    2.00e-01        9.61
   3      -271.240238115   -5.56e-07    5.97e-06    1.03e-05    1.06e-03    2.13e-03    2.00e-01        9.18
   4      -271.240238131   -1.62e-08    1.01e-07    1.66e-07    3.94e-05    7.88e-05    2.00e-01        8.45
 Geometry optimization stopped:          thresholds achieved

 Final energy:                        -271.240238131

 ---------------------------
  Final coordinates summary 
 ---------------------------
 Total coordinates:                      7
 Bond distances:                         1
 Bond angles:                            0
 Dihedral angles:                        0
 Linear bond angles:                     0
 Out-of-plane bends:                     0
 Translations:                           6
 Rotations:                              0

 -----------
  Final XYZ 
 -----------
2
Final structure: -271.24 hartree
Au           0.000001440          0.000000573          1.245961315
Au          -0.000001440         -0.000000573         -1.245961315

 Structure in entos input format:

  structure(
    xyz = [
      ['Au' ,          0.000001440,          0.000000573,          1.245961315],
      ['Au' ,         -0.000001440,         -0.000000573,         -1.245961315]
    ]
  )

 --------------------------------
  Geometry optimization finished 
 --------------------------------
 Saving results in set 'opt'

 --------------------------------------------------------------------------------
                                 command: hessian                                
 --------------------------------------------------------------------------------

WARNING: semianalytic method is specified for dft hessian, which is not efficient. Try switching to 'method = analytic'


 -------------------------------
  Numerical Geometrical Hessian 
 -------------------------------

 Compute hessian using two-point central differentiation.
 Step size (bohr):                       0.0100

 Frequencies (including translational and rotational modes):
 mode    frequency (cm-1)
    0               16.84 i (imaginary)
    1               16.81 i (imaginary)
    2                0.00 i (imaginary)
    3                0.01
    4                0.02
    5              187.85

 Project out translational and rotational motions 

 The molecule is linear

 Degrees of freedom for translational and rotational motions: 5

 Vibrational frequencies:
 mode    frequency (cm-1)
    0              187.85

 --------------------------------------------------------------------------------

 End time:                               Wed Nov  3 11:18:56 2021
 Total wall-clock time:                163.804 seconds
==================================================================================
