
================================================================================
          _____________ ________ _______________ ________     _________         
         / ___________// ______ \\_____   _____// ______ \   / ________)        
        / /_________  / /      \ \     | |     / /      \ \ | (_______          
       |  __________|| |        | |    | |    | |        | | \________ \        
        \ \_________ | |        | |    | |     \ \______/ /___________) |       
         \__________||_|        |_|    |_|      \________//____________/        
                                                                                
====================================[ Qcore ]===================================

 Git describe: 2.3.0-1-g21d9df7e5
 Compiler:     GNU 9.1.0
 Build type:   Release
 Version:      2.3.0-1-g21d9df7e5

 Start time:   Mon Oct 25 12:29:14 2021

 Data directory: /work/zw18965/.local/qcore/share/entos/qcore/data
 Number of threads: 24
 Number of threads was determined by: command line argument

 --------------------------------------------------------------------------------
                                command: optimize                                
 --------------------------------------------------------------------------------
 Using coordinate system:                tric

 -----------------------------
  Initial coordinates summary 
 -----------------------------
 Total coordinates:                     12
 Bond distances:                         3
 Bond angles:                            3
 Dihedral angles:                        0
 Linear bond angles:                     0
 Out-of-plane bends:                     0
 Translations:                           3
 Rotations:                              3
 Hessian update scheme:                  bfgs
 Initial hessian:                        model

 ------------------------------------------------------------------------------------------------------------
                   energy      change    grad rms    grad max    step rms    step max       trust    time (s)
 ------------------------------------------------------------------------------------------------------------
   1      -410.250781676                4.72e-03    8.16e-03                            2.00e-01       31.98
   2      -410.251181990   -4.00e-04    7.27e-04    1.24e-03    2.73e-02    4.74e-02    2.00e-01       26.67
   3      -410.251193741   -1.18e-05    3.29e-05    6.85e-05    4.96e-03    8.75e-03    2.00e-01       25.71
   4      -410.251195111   -1.37e-06    6.58e-06    1.29e-05    2.48e-04    6.07e-04    2.00e-01       23.99
Rejecting step due to low quality: Quality: -514.069 New trust radius: 4.91282e-05
   5      -410.251193325    1.79e-06    6.58e-06    1.29e-05    9.83e-05    3.04e-04    4.91e-05       23.02
   6      -410.251193714    1.40e-06    4.55e-06    9.38e-06    4.91e-05    1.52e-04    2.46e-05       22.83
   7      -410.251193335    3.79e-07    2.37e-06    5.07e-06    2.46e-05    4.51e-05    1.23e-05       21.71
 Geometry optimization stopped:          thresholds achieved

 Final energy:                        -410.251193335

 ---------------------------
  Final coordinates summary 
 ---------------------------
 Total coordinates:                     12
 Bond distances:                         3
 Bond angles:                            3
 Dihedral angles:                        0
 Linear bond angles:                     0
 Out-of-plane bends:                     0
 Translations:                           3
 Rotations:                              3

 -----------
  Final XYZ 
 -----------
3
Final structure: -410.251 hartree
Au           0.000124635          1.484433500          0.000001494
Au           1.285527808         -0.742314714         -0.000002769
Au          -1.285652444         -0.742118786          0.000001275

 Structure in entos input format:

  structure(
    xyz = [
      ['Au' ,          0.000124635,          1.484433500,          0.000001494],
      ['Au' ,          1.285527808,         -0.742314714,         -0.000002769],
      ['Au' ,         -1.285652444,         -0.742118786,          0.000001275]
    ]
  )

 --------------------------------
  Geometry optimization finished 
 --------------------------------
 Saving results in set 'opt'

 --------------------------------------------------------------------------------
                                 command: hessian                                
 --------------------------------------------------------------------------------

WARNING: semianalytic method is specified for dft hessian, which is not efficient. Try switching to 'method = analytic'


 -------------------------------
  Numerical Geometrical Hessian 
 -------------------------------

 Compute hessian using two-point central differentiation.
 Step size (bohr):                       0.0100

 Frequencies (including translational and rotational modes):
 mode    frequency (cm-1)
    0               17.52 i (imaginary)
    1                9.03 i (imaginary)
    2                0.03 i (imaginary)
    3                0.01 i (imaginary)
    4                0.02
    5                4.51
    6              122.48
    7              124.43
    8              189.05

 Project out translational and rotational motions 

 Degrees of freedom for translational and rotational motions: 6

 Vibrational frequencies:
 mode    frequency (cm-1)
    0              122.48
    1              124.39
    2              189.05

 --------------------------------------------------------------------------------

 End time:                               Mon Oct 25 12:40:22 2021
 Total wall-clock time:                667.935 seconds
==================================================================================
