
================================================================================
          _____________ ________ _______________ ________     _________         
         / ___________// ______ \\_____   _____// ______ \   / ________)        
        / /_________  / /      \ \     | |     / /      \ \ | (_______          
       |  __________|| |        | |    | |    | |        | | \________ \        
        \ \_________ | |        | |    | |     \ \______/ /___________) |       
         \__________||_|        |_|    |_|      \________//____________/        
                                                                                
====================================[ Qcore ]===================================

 Git describe: 2.3.0-3-g778a55bfd
 Compiler:     GNU 9.3.0
 Build type:   Release
 Version:      2.3.0-3-g778a55bfd

 Start time:   Wed Nov  3 11:10:15 2021

 Data directory: /mnt/storage/scratch/zw18965/.local/qcore/share/entos/qcore/data
 Number of threads: 28
 Number of threads was determined by: command line argument

 --------------------------------------------------------------------------------
                                command: optimize                                
 --------------------------------------------------------------------------------
 Using coordinate system:                tric

 -----------------------------
  Initial coordinates summary 
 -----------------------------
 Total coordinates:                     13
 Bond distances:                         2
 Bond angles:                            0
 Dihedral angles:                        0
 Linear bond angles:                     2
 Out-of-plane bends:                     0
 Translations:                           9
 Rotations:                              0
 Hessian update scheme:                  bfgs
 Initial hessian:                        model

 ------------------------------------------------------------------------------------------------------------
                   energy      change    grad rms    grad max    step rms    step max       trust    time (s)
 ------------------------------------------------------------------------------------------------------------
   1      -406.855874936                1.24e-03    2.64e-03                            2.00e-01       60.02
   2      -406.855932942   -5.80e-05    4.03e-04    8.56e-04    1.44e-02    1.76e-02    2.00e-01       43.91
Failed to converge
Failed to converge
Failed to converge
Failed to converge
Failed to converge
Failed to converge
Failed to converge
   3      -406.855946894   -1.40e-05    1.82e-05    4.04e-05    6.89e-03    8.44e-03    2.00e-01       43.83
Failed to converge
Failed to converge
Failed to converge
Rejecting step due to low quality: Quality: -1301.76 New trust radius: 8.01818e-05
   4      -406.855938691    8.20e-06    1.82e-05    4.04e-05    1.60e-04    3.45e-04    8.02e-05       39.35
   5      -406.855938709    8.19e-06    9.15e-06    2.24e-05    8.02e-05    1.72e-04    4.01e-05       32.37
   6      -406.855938695    1.36e-08    7.59e-06    1.80e-05    4.01e-05    5.47e-05    2.00e-05       32.20
 Geometry optimization stopped:          thresholds achieved

 Final energy:                        -406.855938695

 ---------------------------
  Final coordinates summary 
 ---------------------------
 Total coordinates:                     13
 Bond distances:                         2
 Bond angles:                            0
 Dihedral angles:                        0
 Linear bond angles:                     2
 Out-of-plane bends:                     0
 Translations:                           9
 Rotations:                              0

 -----------
  Final XYZ 
 -----------
3
Final structure: -406.856 hartree
Au           0.000002583         -0.000003003          0.000034172
Au          -0.000002632          0.000000064          2.561234605
Au           0.000000050          0.000002939         -2.561268778

 Structure in entos input format:

  structure(
    xyz = [
      ['Au' ,          0.000002583,         -0.000003003,          0.000034172],
      ['Au' ,         -0.000002632,          0.000000064,          2.561234605],
      ['Au' ,          0.000000050,          0.000002939,         -2.561268778]
    ]
  )

 --------------------------------
  Geometry optimization finished 
 --------------------------------
 Saving results in set 'opt'

 --------------------------------------------------------------------------------
                                 command: hessian                                
 --------------------------------------------------------------------------------

WARNING: semianalytic method is specified for dft hessian, which is not efficient. Try switching to 'method = analytic'


 -------------------------------
  Numerical Geometrical Hessian 
 -------------------------------

 Compute hessian using two-point central differentiation.
 Step size (bohr):                       0.0100

 Frequencies (including translational and rotational modes):
 mode    frequency (cm-1)
    0               34.95 i (imaginary)
    1               34.92 i (imaginary)
    2                5.55 i (imaginary)
    3                5.55 i (imaginary)
    4                0.00
    5                0.03
    6                0.05
    7              114.29
    8              163.58

 Project out translational and rotational motions 

 Degrees of freedom for translational and rotational motions: 6

 Vibrational frequencies:
 mode    frequency (cm-1)
    0               34.93 i (imaginary)
    1              114.29
    2              163.58

 --------------------------------------------------------------------------------

 End time:                               Wed Nov  3 11:30:17 2021
 Total wall-clock time:               1201.524 seconds
==================================================================================
