
================================================================================
          _____________ ________ _______________ ________     _________         
         / ___________// ______ \\_____   _____// ______ \   / ________)        
        / /_________  / /      \ \     | |     / /      \ \ | (_______          
       |  __________|| |        | |    | |    | |        | | \________ \        
        \ \_________ | |        | |    | |     \ \______/ /___________) |       
         \__________||_|        |_|    |_|      \________//____________/        
                                                                                
====================================[ Qcore ]===================================

 Git describe: 2.3.0-3-g778a55bfd
 Compiler:     GNU 9.3.0
 Build type:   Release
 Version:      2.3.0-3-g778a55bfd

 Start time:   Wed Nov  3 11:10:15 2021

 Data directory: /mnt/storage/scratch/zw18965/.local/qcore/share/entos/qcore/data
 Number of threads: 28
 Number of threads was determined by: command line argument

 --------------------------------------------------------------------------------
                                command: optimize                                
 --------------------------------------------------------------------------------
 Using coordinate system:                tric

 -----------------------------
  Initial coordinates summary 
 -----------------------------
 Total coordinates:                     13
 Bond distances:                         2
 Bond angles:                            0
 Dihedral angles:                        0
 Linear bond angles:                     2
 Out-of-plane bends:                     0
 Translations:                           9
 Rotations:                              0
 Hessian update scheme:                  bfgs
 Initial hessian:                        model

 ------------------------------------------------------------------------------------------------------------
                   energy      change    grad rms    grad max    step rms    step max       trust    time (s)
 ------------------------------------------------------------------------------------------------------------
   1      -406.537150010                5.21e-04    1.10e-03                            2.00e-01       37.71
   2      -406.537159894   -9.88e-06    2.15e-04    4.57e-04    6.01e-03    7.37e-03    2.00e-01       28.98
Failed to converge
Failed to converge
Failed to converge
Failed to converge
Failed to converge
Failed to converge
Failed to converge
   3      -407.344905818   -8.08e-01    3.05e+00    7.37e+00    4.24e-03    5.20e-03    2.00e-01       35.75
Rejecting step due to low quality: Quality: -148.946 New trust radius: 0.0181331
   4      -406.536980741    8.08e-01    3.05e+00    7.37e+00    3.63e-02    5.75e-02    1.81e-02       39.25
Rejecting step due to low quality: Quality: -198.562 New trust radius: 0.00906655
   5      -406.537114057    8.08e-01    3.05e+00    7.37e+00    1.81e-02    2.87e-02    9.07e-03       34.08
   6      -406.537148865    8.08e-01    4.88e-04    1.19e-03    9.07e-03    1.44e-02    4.53e-03       31.35
   7      -406.537158145   -9.28e-06    2.50e-04    6.11e-04    4.53e-03    7.02e-03    6.41e-03       31.01
Failed to converge
Failed to converge
Failed to converge
Failed to converge
Failed to converge
   8      -406.537161974   -3.83e-06    2.06e-05    4.87e-05    4.61e-03    7.14e-03    6.41e-03       30.78
Failed to converge
Failed to converge
Failed to converge
Failed to converge
Failed to converge
   9      -406.537161943    3.14e-08    2.12e-05    5.12e-05    4.63e-05    7.13e-05    2.31e-05       25.12
 Geometry optimization stopped:          thresholds achieved

 Final energy:                        -406.537161943

 ---------------------------
  Final coordinates summary 
 ---------------------------
 Total coordinates:                     13
 Bond distances:                         2
 Bond angles:                            0
 Dihedral angles:                        0
 Linear bond angles:                     2
 Out-of-plane bends:                     0
 Translations:                           9
 Rotations:                              0

 -----------
  Final XYZ 
 -----------
3
Final structure: -406.537 hartree
Au          -0.000009275         -0.000000172          0.000121491
Au           0.000004774         -0.000000061          2.583409898
Au           0.000004501          0.000000233         -2.583531389

 Structure in entos input format:

  structure(
    xyz = [
      ['Au' ,         -0.000009275,         -0.000000172,          0.000121491],
      ['Au' ,          0.000004774,         -0.000000061,          2.583409898],
      ['Au' ,          0.000004501,          0.000000233,         -2.583531389]
    ]
  )

 --------------------------------
  Geometry optimization finished 
 --------------------------------
 Saving results in set 'opt'

 --------------------------------------------------------------------------------
                                 command: hessian                                
 --------------------------------------------------------------------------------

WARNING: semianalytic method is specified for dft hessian, which is not efficient. Try switching to 'method = analytic'

Failed to converge
Failed to converge
Failed to converge
Failed to converge
Failed to converge

 -------------------------------
  Numerical Geometrical Hessian 
 -------------------------------

 Compute hessian using two-point central differentiation.
 Step size (bohr):                       0.0100

 Frequencies (including translational and rotational modes):
 mode    frequency (cm-1)
    0               68.88 i (imaginary)
    1               68.88 i (imaginary)
    2                0.07 i (imaginary)
    3                0.00 i (imaginary)
    4                0.01
    5                1.87
    6                1.97
    7              107.86
    8              176.81

 Project out translational and rotational motions 

 Degrees of freedom for translational and rotational motions: 6

 Vibrational frequencies:
 mode    frequency (cm-1)
    0               68.88 i (imaginary)
    1              107.86
    2              176.81

 --------------------------------------------------------------------------------

 End time:                               Wed Nov  3 11:25:28 2021
 Total wall-clock time:                912.926 seconds
==================================================================================
