
================================================================================
          _____________ ________ _______________ ________     _________         
         / ___________// ______ \\_____   _____// ______ \   / ________)        
        / /_________  / /      \ \     | |     / /      \ \ | (_______          
       |  __________|| |        | |    | |    | |        | | \________ \        
        \ \_________ | |        | |    | |     \ \______/ /___________) |       
         \__________||_|        |_|    |_|      \________//____________/        
                                                                                
====================================[ Qcore ]===================================

 Git describe: 2.3.0-1-g21d9df7e5
 Compiler:     GNU 9.1.0
 Build type:   Release
 Version:      2.3.0-1-g21d9df7e5

 Start time:   Mon Oct 25 12:31:24 2021

 Data directory: /work/zw18965/.local/qcore/share/entos/qcore/data
 Number of threads: 24
 Number of threads was determined by: command line argument

 --------------------------------------------------------------------------------
                                command: optimize                                
 --------------------------------------------------------------------------------
 Using coordinate system:                tric

 -----------------------------
  Initial coordinates summary 
 -----------------------------
 Total coordinates:                     12
 Bond distances:                         3
 Bond angles:                            3
 Dihedral angles:                        0
 Linear bond angles:                     0
 Out-of-plane bends:                     0
 Translations:                           3
 Rotations:                              3
 Hessian update scheme:                  bfgs
 Initial hessian:                        model

 ------------------------------------------------------------------------------------------------------------
                   energy      change    grad rms    grad max    step rms    step max       trust    time (s)
 ------------------------------------------------------------------------------------------------------------
   1      -410.501226214                8.52e-03    1.70e-02                            2.00e-01       65.02
   2      -410.503703278   -2.48e-03    2.81e-03    4.98e-03    8.18e-02    1.74e-01    2.00e-01       52.33
   3      -410.503956574   -2.53e-04    1.69e-03    3.39e-03    4.40e-02    7.74e-02    2.00e-01       50.85
   4      -410.503995856   -3.93e-05    3.18e-04    6.79e-04    9.53e-03    2.33e-02    2.00e-01       43.73
   5      -410.503998082   -2.23e-06    6.24e-05    1.51e-04    2.81e-03    5.62e-03    2.00e-01       42.18
   6      -410.503998204   -1.22e-07    1.23e-05    2.15e-05    9.09e-04    1.76e-03    2.00e-01       48.28
   7      -410.503998268   -6.41e-08    1.40e-05    2.48e-05    1.49e-04    2.89e-04    2.00e-01       42.39
 Geometry optimization stopped:          thresholds achieved

 Final energy:                        -410.503998268

 ---------------------------
  Final coordinates summary 
 ---------------------------
 Total coordinates:                     12
 Bond distances:                         3
 Bond angles:                            3
 Dihedral angles:                        0
 Linear bond angles:                     0
 Out-of-plane bends:                     0
 Translations:                           3
 Rotations:                              3

 -----------
  Final XYZ 
 -----------
3
Final structure: -410.504 hartree
Au           0.000808821          1.571194799          0.000003285
Au           1.251662689         -0.785200636         -0.000000016
Au          -1.252471509         -0.785994163         -0.000003269

 Structure in entos input format:

  structure(
    xyz = [
      ['Au' ,          0.000808821,          1.571194799,          0.000003285],
      ['Au' ,          1.251662689,         -0.785200636,         -0.000000016],
      ['Au' ,         -1.252471509,         -0.785994163,         -0.000003269]
    ]
  )

 --------------------------------
  Geometry optimization finished 
 --------------------------------
 Saving results in set 'opt'

 --------------------------------------------------------------------------------
                                 command: hessian                                
 --------------------------------------------------------------------------------

WARNING: semianalytic method is specified for dft hessian, which is not efficient. Try switching to 'method = analytic'


 -------------------------------
  Numerical Geometrical Hessian 
 -------------------------------

 Compute hessian using two-point central differentiation.
 Step size (bohr):                       0.0100

 Frequencies (including translational and rotational modes):
 mode    frequency (cm-1)
    0               54.55 i (imaginary)
    1                0.63 i (imaginary)
    2                0.01 i (imaginary)
    3                0.31
    4                3.54
    5               14.47
    6               16.53
    7              120.37
    8              190.29

 Project out translational and rotational motions 

 Degrees of freedom for translational and rotational motions: 6

 Vibrational frequencies:
 mode    frequency (cm-1)
    0               54.35 i (imaginary)
    1              120.37
    2              190.29

 --------------------------------------------------------------------------------

 End time:                               Mon Oct 25 12:52:24 2021
 Total wall-clock time:               1260.089 seconds
==================================================================================
