
================================================================================
          _____________ ________ _______________ ________     _________         
         / ___________// ______ \\_____   _____// ______ \   / ________)        
        / /_________  / /      \ \     | |     / /      \ \ | (_______          
       |  __________|| |        | |    | |    | |        | | \________ \        
        \ \_________ | |        | |    | |     \ \______/ /___________) |       
         \__________||_|        |_|    |_|      \________//____________/        
                                                                                
====================================[ Qcore ]===================================

 Git describe: 2.3.0-3-g778a55bfd
 Compiler:     GNU 9.3.0
 Build type:   Release
 Version:      2.3.0-3-g778a55bfd

 Start time:   Wed Nov  3 11:19:12 2021

 Data directory: /mnt/storage/scratch/zw18965/.local/qcore/share/entos/qcore/data
 Number of threads: 28
 Number of threads was determined by: command line argument

 --------------------------------------------------------------------------------
                                command: optimize                                
 --------------------------------------------------------------------------------
 Using coordinate system:                tric

 -----------------------------
  Initial coordinates summary 
 -----------------------------
 Total coordinates:                      7
 Bond distances:                         1
 Bond angles:                            0
 Dihedral angles:                        0
 Linear bond angles:                     0
 Out-of-plane bends:                     0
 Translations:                           6
 Rotations:                              0
 Hessian update scheme:                  bfgs
 Initial hessian:                        model

 ------------------------------------------------------------------------------------------------------------
                   energy      change    grad rms    grad max    step rms    step max       trust    time (s)
 ------------------------------------------------------------------------------------------------------------
   1     -1740.383845759                5.29e-03    9.17e-03                            2.00e-01       10.21
   2     -1740.383966538   -1.21e-04    3.33e-03    5.77e-03    7.97e-03    1.59e-02    2.00e-01        6.50
   3     -1740.384049965   -8.34e-05    1.36e-04    2.36e-04    1.35e-02    2.71e-02    2.00e-01        6.73
   4     -1740.384050224   -2.59e-07    3.62e-06    6.27e-06    5.77e-04    1.15e-03    2.00e-01        6.42
 Geometry optimization stopped:          thresholds achieved

 Final energy:                       -1740.384050224

 ---------------------------
  Final coordinates summary 
 ---------------------------
 Total coordinates:                      7
 Bond distances:                         1
 Bond angles:                            0
 Dihedral angles:                        0
 Linear bond angles:                     0
 Out-of-plane bends:                     0
 Translations:                           6
 Rotations:                              0

 -----------
  Final XYZ 
 -----------
2
Final structure: -1740.38 hartree
Cu           0.000000294          0.000000345          0.424399345
F           -0.000000294         -0.000000345         -1.341546346

 Structure in entos input format:

  structure(
    xyz = [
      ['Cu' ,          0.000000294,          0.000000345,          0.424399345],
      ['F'  ,         -0.000000294,         -0.000000345,         -1.341546346]
    ]
  )

 --------------------------------
  Geometry optimization finished 
 --------------------------------
 Saving results in set 'opt'

 --------------------------------------------------------------------------------
                                 command: hessian                                
 --------------------------------------------------------------------------------

WARNING: semianalytic method is specified for dft hessian, which is not efficient. Try switching to 'method = analytic'


 -------------------------------
  Numerical Geometrical Hessian 
 -------------------------------

 Compute hessian using two-point central differentiation.
 Step size (bohr):                       0.0100

 Frequencies (including translational and rotational modes):
 mode    frequency (cm-1)
    0               44.37 i (imaginary)
    1               44.37 i (imaginary)
    2                0.00 i (imaginary)
    3                0.00
    4                0.02
    5              599.41

 Project out translational and rotational motions 

 The molecule is linear

 Degrees of freedom for translational and rotational motions: 5

 Vibrational frequencies:
 mode    frequency (cm-1)
    0              599.41

 --------------------------------------------------------------------------------

 End time:                               Wed Nov  3 11:21:10 2021
 Total wall-clock time:                118.881 seconds
==================================================================================
