
================================================================================
          _____________ ________ _______________ ________     _________         
         / ___________// ______ \\_____   _____// ______ \   / ________)        
        / /_________  / /      \ \     | |     / /      \ \ | (_______          
       |  __________|| |        | |    | |    | |        | | \________ \        
        \ \_________ | |        | |    | |     \ \______/ /___________) |       
         \__________||_|        |_|    |_|      \________//____________/        
                                                                                
====================================[ Qcore ]===================================

 Git describe: 2.3.0-3-g778a55bfd
 Compiler:     GNU 9.3.0
 Build type:   Release
 Version:      2.3.0-3-g778a55bfd

 Start time:   Wed Nov  3 11:21:16 2021

 Data directory: /mnt/storage/scratch/zw18965/.local/qcore/share/entos/qcore/data
 Number of threads: 28
 Number of threads was determined by: command line argument

 --------------------------------------------------------------------------------
                                command: optimize                                
 --------------------------------------------------------------------------------
 Using coordinate system:                tric

 -----------------------------
  Initial coordinates summary 
 -----------------------------
 Total coordinates:                      7
 Bond distances:                         1
 Bond angles:                            0
 Dihedral angles:                        0
 Linear bond angles:                     0
 Out-of-plane bends:                     0
 Translations:                           6
 Rotations:                              0
 Hessian update scheme:                  bfgs
 Initial hessian:                        model

 ------------------------------------------------------------------------------------------------------------
                   energy      change    grad rms    grad max    step rms    step max       trust    time (s)
 ------------------------------------------------------------------------------------------------------------
   1     -1641.090553239                3.56e-03    6.17e-03                            2.00e-01        6.90
   2     -1641.090646589   -9.34e-05    1.84e-03    3.18e-03    9.97e-03    1.99e-02    2.00e-01        3.70
   3     -1641.090682137   -3.55e-05    8.80e-05    1.52e-04    1.06e-02    2.12e-02    2.00e-01        3.73
   4     -1641.090682213   -7.64e-08    2.32e-06    4.01e-06    5.34e-04    1.07e-03    2.00e-01        3.65
 Geometry optimization stopped:          thresholds achieved

 Final energy:                       -1641.090682213

 ---------------------------
  Final coordinates summary 
 ---------------------------
 Total coordinates:                      7
 Bond distances:                         1
 Bond angles:                            0
 Dihedral angles:                        0
 Linear bond angles:                     0
 Out-of-plane bends:                     0
 Translations:                           6
 Rotations:                              0

 -----------
  Final XYZ 
 -----------
2
Final structure: -1641.09 hartree
Cu          -0.000001865          0.000000690          0.059690002
H            0.000001865         -0.000000690         -1.418047002

 Structure in entos input format:

  structure(
    xyz = [
      ['Cu' ,         -0.000001865,          0.000000690,          0.059690002],
      ['H'  ,          0.000001865,         -0.000000690,         -1.418047002]
    ]
  )

 --------------------------------
  Geometry optimization finished 
 --------------------------------
 Saving results in set 'opt'

 --------------------------------------------------------------------------------
                                 command: hessian                                
 --------------------------------------------------------------------------------

WARNING: semianalytic method is specified for dft hessian, which is not efficient. Try switching to 'method = analytic'


 -------------------------------
  Numerical Geometrical Hessian 
 -------------------------------

 Compute hessian using two-point central differentiation.
 Step size (bohr):                       0.0100

 Frequencies (including translational and rotational modes):
 mode    frequency (cm-1)
    0                0.07 i (imaginary)
    1                0.01 i (imaginary)
    2                0.00 i (imaginary)
    3               37.98
    4               38.10
    5             1921.42

 Project out translational and rotational motions 

 The molecule is linear

 Degrees of freedom for translational and rotational motions: 5

 Vibrational frequencies:
 mode    frequency (cm-1)
    0             1921.42

 --------------------------------------------------------------------------------

 End time:                               Wed Nov  3 11:22:25 2021
 Total wall-clock time:                 68.462 seconds
==================================================================================
