
================================================================================
          _____________ ________ _______________ ________     _________         
         / ___________// ______ \\_____   _____// ______ \   / ________)        
        / /_________  / /      \ \     | |     / /      \ \ | (_______          
       |  __________|| |        | |    | |    | |        | | \________ \        
        \ \_________ | |        | |    | |     \ \______/ /___________) |       
         \__________||_|        |_|    |_|      \________//____________/        
                                                                                
====================================[ Qcore ]===================================

 Git describe: 2.3.0-3-g778a55bfd
 Compiler:     GNU 9.3.0
 Build type:   Release
 Version:      2.3.0-3-g778a55bfd

 Start time:   Wed Nov  3 11:11:11 2021

 Data directory: /mnt/storage/scratch/zw18965/.local/qcore/share/entos/qcore/data
 Number of threads: 28
 Number of threads was determined by: command line argument

 --------------------------------------------------------------------------------
                                command: optimize                                
 --------------------------------------------------------------------------------
 Using coordinate system:                tric

 -----------------------------
  Initial coordinates summary 
 -----------------------------
 Total coordinates:                      7
 Bond distances:                         1
 Bond angles:                            0
 Dihedral angles:                        0
 Linear bond angles:                     0
 Out-of-plane bends:                     0
 Translations:                           6
 Rotations:                              0
 Hessian update scheme:                  bfgs
 Initial hessian:                        model

 ------------------------------------------------------------------------------------------------------------
                   energy      change    grad rms    grad max    step rms    step max       trust    time (s)
 ------------------------------------------------------------------------------------------------------------
   1     -3281.046349268                3.84e-03    6.66e-03                            2.00e-01       17.84
   2     -3281.046567536   -2.18e-04    9.98e-04    1.73e-03    2.66e-02    5.33e-02    2.00e-01       13.52
   3     -3281.046583456   -1.59e-05    6.13e-05    1.06e-04    9.34e-03    1.87e-02    2.00e-01       13.32
   4     -3281.046583455    1.06e-09    1.01e-06    1.75e-06    6.11e-04    1.22e-03    3.06e-04       12.38
   5     -3281.046583458   -3.94e-09    6.12e-08    9.29e-08    1.03e-05    2.05e-05    3.06e-04       11.79
 Geometry optimization stopped:          thresholds achieved

 Final energy:                       -3281.046583458

 ---------------------------
  Final coordinates summary 
 ---------------------------
 Total coordinates:                      7
 Bond distances:                         1
 Bond angles:                            0
 Dihedral angles:                        0
 Linear bond angles:                     0
 Out-of-plane bends:                     0
 Translations:                           6
 Rotations:                              0

 -----------
  Final XYZ 
 -----------
2
Final structure: -3281.05 hartree
Cu           0.000001060          0.000001381          1.126858149
Cu          -0.000001060         -0.000001381         -1.126858147

 Structure in entos input format:

  structure(
    xyz = [
      ['Cu' ,          0.000001060,          0.000001381,          1.126858149],
      ['Cu' ,         -0.000001060,         -0.000001381,         -1.126858147]
    ]
  )

 --------------------------------
  Geometry optimization finished 
 --------------------------------
 Saving results in set 'opt'

 --------------------------------------------------------------------------------
                                 command: hessian                                
 --------------------------------------------------------------------------------

WARNING: semianalytic method is specified for dft hessian, which is not efficient. Try switching to 'method = analytic'


 -------------------------------
  Numerical Geometrical Hessian 
 -------------------------------

 Compute hessian using two-point central differentiation.
 Step size (bohr):                       0.0100

 Frequencies (including translational and rotational modes):
 mode    frequency (cm-1)
    0                0.14 i (imaginary)
    1                0.07 i (imaginary)
    2                0.00 i (imaginary)
    3                6.38
    4                6.48
    5              266.26

 Project out translational and rotational motions 

 The molecule is linear

 Degrees of freedom for translational and rotational motions: 5

 Vibrational frequencies:
 mode    frequency (cm-1)
    0              266.26

 --------------------------------------------------------------------------------

 End time:                               Wed Nov  3 11:15:15 2021
 Total wall-clock time:                243.493 seconds
==================================================================================
