
================================================================================
          _____________ ________ _______________ ________     _________         
         / ___________// ______ \\_____   _____// ______ \   / ________)        
        / /_________  / /      \ \     | |     / /      \ \ | (_______          
       |  __________|| |        | |    | |    | |        | | \________ \        
        \ \_________ | |        | |    | |     \ \______/ /___________) |       
         \__________||_|        |_|    |_|      \________//____________/        
                                                                                
====================================[ Qcore ]===================================

 Git describe: 2.3.0-1-g21d9df7e5
 Compiler:     GNU 9.1.0
 Build type:   Release
 Version:      2.3.0-1-g21d9df7e5

 Start time:   Mon Oct 25 12:39:33 2021

 Data directory: /work/zw18965/.local/qcore/share/entos/qcore/data
 Number of threads: 24
 Number of threads was determined by: command line argument

 --------------------------------------------------------------------------------
                                command: optimize                                
 --------------------------------------------------------------------------------
 Using coordinate system:                tric

 -----------------------------
  Initial coordinates summary 
 -----------------------------
 Total coordinates:                     13
 Bond distances:                         2
 Bond angles:                            0
 Dihedral angles:                        0
 Linear bond angles:                     2
 Out-of-plane bends:                     0
 Translations:                           9
 Rotations:                              0
 Hessian update scheme:                  bfgs
 Initial hessian:                        model

 ------------------------------------------------------------------------------------------------------------
                   energy      change    grad rms    grad max    step rms    step max       trust    time (s)
 ------------------------------------------------------------------------------------------------------------
   1     -4941.036464842                2.90e-03    6.16e-03                            2.00e-01       45.45
   2     -4941.036894077   -4.29e-04    1.94e-03    4.12e-03    3.35e-02    4.10e-02    2.00e-01       37.91
   3     -4941.037188032   -2.94e-04    4.12e-04    8.75e-04    6.76e-02    8.28e-02    2.00e-01       37.84
   4     -4941.037197355   -9.32e-06    2.96e-05    6.32e-05    1.19e-02    1.45e-02    2.00e-01       36.57
   5     -4941.037197714   -3.59e-07    4.36e-07    1.06e-06    7.93e-04    9.75e-04    2.00e-01       29.85
 Geometry optimization stopped:          thresholds achieved

 Final energy:                       -4941.037197714

 ---------------------------
  Final coordinates summary 
 ---------------------------
 Total coordinates:                     13
 Bond distances:                         2
 Bond angles:                            0
 Dihedral angles:                        0
 Linear bond angles:                     2
 Out-of-plane bends:                     0
 Translations:                           9
 Rotations:                              0

 -----------
  Final XYZ 
 -----------
3
Final structure: -4941.04 hartree
Cu           0.000003132          0.000000355         -0.000000592
Cu          -0.000001849         -0.000000553          2.278779281
Cu          -0.000001283          0.000000198         -2.278778684

 Structure in entos input format:

  structure(
    xyz = [
      ['Cu' ,          0.000003132,          0.000000355,         -0.000000592],
      ['Cu' ,         -0.000001849,         -0.000000553,          2.278779281],
      ['Cu' ,         -0.000001283,          0.000000198,         -2.278778684]
    ]
  )

 --------------------------------
  Geometry optimization finished 
 --------------------------------
 Saving results in set 'opt'

 --------------------------------------------------------------------------------
                                 command: hessian                                
 --------------------------------------------------------------------------------

WARNING: semianalytic method is specified for dft hessian, which is not efficient. Try switching to 'method = analytic'


 -------------------------------
  Numerical Geometrical Hessian 
 -------------------------------

 Compute hessian using two-point central differentiation.
 Step size (bohr):                       0.0100

 Frequencies (including translational and rotational modes):
 mode    frequency (cm-1)
    0               83.76 i (imaginary)
    1               83.72 i (imaginary)
    2                5.66 i (imaginary)
    3                5.66 i (imaginary)
    4                0.01
    5                0.04
    6                0.07
    7              163.00
    8              277.73

 Project out translational and rotational motions 

 Degrees of freedom for translational and rotational motions: 6

 Vibrational frequencies:
 mode    frequency (cm-1)
    0               83.76 i (imaginary)
    1              163.00
    2              277.73

 --------------------------------------------------------------------------------

 End time:                               Mon Oct 25 12:54:34 2021
 Total wall-clock time:                901.077 seconds
==================================================================================
