
================================================================================
          _____________ ________ _______________ ________     _________         
         / ___________// ______ \\_____   _____// ______ \   / ________)        
        / /_________  / /      \ \     | |     / /      \ \ | (_______          
       |  __________|| |        | |    | |    | |        | | \________ \        
        \ \_________ | |        | |    | |     \ \______/ /___________) |       
         \__________||_|        |_|    |_|      \________//____________/        
                                                                                
====================================[ Qcore ]===================================

 Git describe: 2.3.0-3-g778a55bfd
 Compiler:     GNU 9.3.0
 Build type:   Release
 Version:      2.3.0-3-g778a55bfd

 Start time:   Wed Nov  3 11:10:18 2021

 Data directory: /mnt/storage/scratch/zw18965/.local/qcore/share/entos/qcore/data
 Number of threads: 28
 Number of threads was determined by: command line argument

 --------------------------------------------------------------------------------
                                command: optimize                                
 --------------------------------------------------------------------------------
 Using coordinate system:                tric

 -----------------------------
  Initial coordinates summary 
 -----------------------------
 Total coordinates:                     12
 Bond distances:                         3
 Bond angles:                            3
 Dihedral angles:                        0
 Linear bond angles:                     0
 Out-of-plane bends:                     0
 Translations:                           3
 Rotations:                              3
 Hessian update scheme:                  bfgs
 Initial hessian:                        model

 ------------------------------------------------------------------------------------------------------------
                   energy      change    grad rms    grad max    step rms    step max       trust    time (s)
 ------------------------------------------------------------------------------------------------------------
   1     -4921.574183277                6.56e-03    1.53e-02                            2.00e-01      120.68
   2     -4921.575708257   -1.52e-03    3.42e-03    8.15e-03    6.05e-02    8.25e-02    2.00e-01       78.79
   3     -4921.576293764   -5.86e-04    1.12e-03    1.88e-03    6.15e-02    9.03e-02    2.00e-01       89.00
   4     -4921.576328383   -3.46e-05    4.57e-04    8.63e-04    1.03e-02    2.13e-02    2.00e-01       82.65
   5     -4921.576334548   -6.17e-06    9.91e-05    1.61e-04    5.45e-03    1.17e-02    2.00e-01       81.28
   6     -4921.576335295   -7.47e-07    1.25e-04    2.18e-04    1.23e-03    2.34e-03    2.00e-01       75.29
Rejecting step due to low quality: Quality: -12.3914 New trust radius: 0.00276654
   7     -4921.576329985    5.31e-06    1.25e-04    2.18e-04    5.53e-03    1.13e-02    2.77e-03       82.77
   8     -4921.576334142    1.15e-06    2.99e-04    6.12e-04    2.77e-03    5.67e-03    1.38e-03       77.56
   9     -4921.576334395   -2.52e-07    2.10e-04    4.17e-04    1.38e-03    2.96e-03    1.38e-03       75.13
  10     -4921.576334175    2.20e-07    1.46e-04    2.74e-04    1.38e-03    2.83e-03    1.96e-03       75.76
  11     -4921.576334823   -6.48e-07    2.30e-04    4.57e-04    1.96e-03    3.93e-03    2.77e-03       75.88
  12     -4921.576335204   -3.81e-07    3.47e-04    6.99e-04    2.77e-03    5.51e-03    2.77e-03       79.05
  13     -4921.576333965    1.24e-06    2.72e-04    5.37e-04    2.77e-03    4.28e-03    3.91e-03       77.76
  14     -4921.576333643    3.22e-07    1.02e-04    2.02e-04    3.91e-03    8.51e-03    5.53e-03       79.12
  15     -4921.576334201   -5.57e-07    3.31e-04    6.54e-04    5.53e-03    1.17e-02    7.83e-03       82.01
  16     -4921.576335218   -1.02e-06    6.47e-04    1.26e-03    7.84e-03    1.65e-02    1.11e-02       82.51
  17     -4921.576333648    1.57e-06    1.98e-04    3.47e-04    1.11e-02    2.22e-02    1.57e-02       85.78
  18     -4921.576333266    3.82e-07    2.15e-04    4.58e-04    1.02e-02    2.12e-02    1.57e-02       86.36
  19     -4921.576333337   -7.11e-08    7.85e-05    1.60e-04    2.74e-03    5.21e-03    1.57e-02       79.30
Rejecting step due to low quality: Quality: -29.555 New trust radius: 0.000875855
  20     -4921.576333133    2.05e-07    7.85e-05    1.60e-04    1.75e-03    3.66e-03    8.76e-04       74.70
  21     -4921.576333404   -6.69e-08    4.03e-05    8.21e-05    8.76e-04    1.83e-03    1.24e-03       71.89
  22     -4921.576333216    1.89e-07    9.41e-05    1.91e-04    1.23e-03    2.57e-03    1.75e-03       75.23
  23     -4921.576333326   -1.11e-07    1.82e-05    3.76e-05    1.75e-03    3.66e-03    2.48e-03       75.67
  24     -4921.576333113    2.13e-07    7.70e-06    1.56e-05    2.63e-04    5.34e-04    1.31e-04       64.36
 Geometry optimization stopped:          thresholds achieved

 Final energy:                       -4921.576333113

 ---------------------------
  Final coordinates summary 
 ---------------------------
 Total coordinates:                     12
 Bond distances:                         3
 Bond angles:                            3
 Dihedral angles:                        0
 Linear bond angles:                     0
 Out-of-plane bends:                     0
 Translations:                           3
 Rotations:                              3

 -----------
  Final XYZ 
 -----------
3
Final structure: -4921.58 hartree
Cu          -0.000301980          1.438547900          0.000028178
Cu           1.134548178         -0.718944450         -0.000008108
Cu          -1.134246321         -0.719603437         -0.000020069

 Structure in entos input format:

  structure(
    xyz = [
      ['Cu' ,         -0.000301980,          1.438547900,          0.000028178],
      ['Cu' ,          1.134548178,         -0.718944450,         -0.000008108],
      ['Cu' ,         -1.134246321,         -0.719603437,         -0.000020069]
    ]
  )

 --------------------------------
  Geometry optimization finished 
 --------------------------------
 Saving results in set 'opt'

 --------------------------------------------------------------------------------
                                 command: hessian                                
 --------------------------------------------------------------------------------

WARNING: semianalytic method is specified for dft hessian, which is not efficient. Try switching to 'method = analytic'


 -------------------------------
  Numerical Geometrical Hessian 
 -------------------------------

 Compute hessian using two-point central differentiation.
 Step size (bohr):                       0.0100

 Frequencies (including translational and rotational modes):
 mode    frequency (cm-1)
    0              119.60 i (imaginary)
    1                0.16 i (imaginary)
    2                0.04 i (imaginary)
    3                0.16
    4               10.10
    5               13.36
    6               18.67
    7              176.85
    8              269.40

 Project out translational and rotational motions 

 Degrees of freedom for translational and rotational motions: 6

 Vibrational frequencies:
 mode    frequency (cm-1)
    0              119.57 i (imaginary)
    1              176.85
    2              269.40

 --------------------------------------------------------------------------------

 End time:                               Wed Nov  3 12:05:55 2021
 Total wall-clock time:               3337.532 seconds
==================================================================================
