
================================================================================
          _____________ ________ _______________ ________     _________         
         / ___________// ______ \\_____   _____// ______ \   / ________)        
        / /_________  / /      \ \     | |     / /      \ \ | (_______          
       |  __________|| |        | |    | |    | |        | | \________ \        
        \ \_________ | |        | |    | |     \ \______/ /___________) |       
         \__________||_|        |_|    |_|      \________//____________/        
                                                                                
====================================[ Qcore ]===================================

 Git describe: 2.3.0-3-g778a55bfd
 Compiler:     GNU 9.3.0
 Build type:   Release
 Version:      2.3.0-3-g778a55bfd

 Start time:   Wed Nov  3 11:21:16 2021

 Data directory: /mnt/storage/scratch/zw18965/.local/qcore/share/entos/qcore/data
 Number of threads: 28
 Number of threads was determined by: command line argument

 --------------------------------------------------------------------------------
                                command: optimize                                
 --------------------------------------------------------------------------------
 Using coordinate system:                tric

 -----------------------------
  Initial coordinates summary 
 -----------------------------
 Total coordinates:                     12
 Bond distances:                         3
 Bond angles:                            3
 Dihedral angles:                        0
 Linear bond angles:                     0
 Out-of-plane bends:                     0
 Translations:                           3
 Rotations:                              3
 Hessian update scheme:                  bfgs
 Initial hessian:                        model

 ------------------------------------------------------------------------------------------------------------
                   energy      change    grad rms    grad max    step rms    step max       trust    time (s)
 ------------------------------------------------------------------------------------------------------------
   1     -4921.371329313                2.94e-03    5.12e-03                            2.00e-01       56.26
   2     -4921.371511741   -1.82e-04    1.28e-03    2.24e-03    1.70e-02    2.95e-02    2.00e-01       48.03
   3     -4921.371556548   -4.48e-05    9.67e-05    1.84e-04    1.31e-02    2.29e-02    2.00e-01       48.40
   4     -4921.371556600   -5.23e-08    7.15e-06    1.69e-05    1.07e-03    1.95e-03    5.36e-04       40.73
   5     -4921.371556592    8.02e-09    3.43e-06    5.70e-06    8.08e-05    1.38e-04    4.04e-05       37.74
 Geometry optimization stopped:          thresholds achieved

 Final energy:                       -4921.371556592

 ---------------------------
  Final coordinates summary 
 ---------------------------
 Total coordinates:                     12
 Bond distances:                         3
 Bond angles:                            3
 Dihedral angles:                        0
 Linear bond angles:                     0
 Out-of-plane bends:                     0
 Translations:                           3
 Rotations:                              3

 -----------
  Final XYZ 
 -----------
3
Final structure: -4921.37 hartree
Cu          -0.000005680          1.366080002          0.000001066
Cu           1.182499835         -0.683035868         -0.000001285
Cu          -1.182494156         -0.683043138          0.000000219

 Structure in entos input format:

  structure(
    xyz = [
      ['Cu' ,         -0.000005680,          1.366080002,          0.000001066],
      ['Cu' ,          1.182499835,         -0.683035868,         -0.000001285],
      ['Cu' ,         -1.182494156,         -0.683043138,          0.000000219]
    ]
  )

 --------------------------------
  Geometry optimization finished 
 --------------------------------
 Saving results in set 'opt'

 --------------------------------------------------------------------------------
                                 command: hessian                                
 --------------------------------------------------------------------------------

WARNING: semianalytic method is specified for dft hessian, which is not efficient. Try switching to 'method = analytic'


 -------------------------------
  Numerical Geometrical Hessian 
 -------------------------------

 Compute hessian using two-point central differentiation.
 Step size (bohr):                       0.0100

 Frequencies (including translational and rotational modes):
 mode    frequency (cm-1)
    0                8.33 i (imaginary)
    1                0.11 i (imaginary)
    2                0.05 i (imaginary)
    3                0.05 i (imaginary)
    4                5.05
    5               10.11
    6              174.04
    7              174.15
    8              250.23

 Project out translational and rotational motions 

 Degrees of freedom for translational and rotational motions: 6

 Vibrational frequencies:
 mode    frequency (cm-1)
    0              174.04
    1              174.15
    2              250.23

 --------------------------------------------------------------------------------

 End time:                               Wed Nov  3 11:39:37 2021
 Total wall-clock time:               1100.552 seconds
==================================================================================
