
================================================================================
          _____________ ________ _______________ ________     _________         
         / ___________// ______ \\_____   _____// ______ \   / ________)        
        / /_________  / /      \ \     | |     / /      \ \ | (_______          
       |  __________|| |        | |    | |    | |        | | \________ \        
        \ \_________ | |        | |    | |     \ \______/ /___________) |       
         \__________||_|        |_|    |_|      \________//____________/        
                                                                                
====================================[ Qcore ]===================================

 Git describe: 2.3.0-3-g778a55bfd
 Compiler:     GNU 9.3.0
 Build type:   Release
 Version:      2.3.0-3-g778a55bfd

 Start time:   Wed Nov  3 11:10:15 2021

 Data directory: /mnt/storage/scratch/zw18965/.local/qcore/share/entos/qcore/data
 Number of threads: 28
 Number of threads was determined by: command line argument

 --------------------------------------------------------------------------------
                                command: optimize                                
 --------------------------------------------------------------------------------
 Using coordinate system:                tric

 -----------------------------
  Initial coordinates summary 
 -----------------------------
 Total coordinates:                     13
 Bond distances:                         2
 Bond angles:                            0
 Dihedral angles:                        0
 Linear bond angles:                     2
 Out-of-plane bends:                     0
 Translations:                           9
 Rotations:                              0
 Hessian update scheme:                  bfgs
 Initial hessian:                        model

 ------------------------------------------------------------------------------------------------------------
                   energy      change    grad rms    grad max    step rms    step max       trust    time (s)
 ------------------------------------------------------------------------------------------------------------
   1     -4921.564771023                1.73e-03    3.66e-03                            2.00e-01       89.41
   2     -4921.564905535   -1.35e-04    9.41e-04    2.00e-03    1.99e-02    2.44e-02    2.00e-01       67.53
   3     -4921.564963603   -5.81e-05    5.77e-05    1.22e-04    2.39e-02    2.93e-02    2.00e-01       70.31
   4     -4921.564963560    4.24e-08    2.17e-06    4.70e-06    1.56e-03    1.91e-03    7.80e-04       56.21
   5     -4921.564963637   -7.68e-08    3.40e-08    5.96e-08    6.10e-05    7.56e-05    7.80e-04       48.96
 Geometry optimization stopped:          thresholds achieved

 Final energy:                       -4921.564963637

 ---------------------------
  Final coordinates summary 
 ---------------------------
 Total coordinates:                     13
 Bond distances:                         2
 Bond angles:                            0
 Dihedral angles:                        0
 Linear bond angles:                     2
 Out-of-plane bends:                     0
 Translations:                           9
 Rotations:                              0

 -----------
  Final XYZ 
 -----------
3
Final structure: -4921.56 hartree
Cu           0.000000532         -0.000000245          0.000000607
Cu           0.000001411          0.000001170          2.320564598
Cu          -0.000001943         -0.000000925         -2.320565203

 Structure in entos input format:

  structure(
    xyz = [
      ['Cu' ,          0.000000532,         -0.000000245,          0.000000607],
      ['Cu' ,          0.000001411,          0.000001170,          2.320564598],
      ['Cu' ,         -0.000001943,         -0.000000925,         -2.320565203]
    ]
  )

 --------------------------------
  Geometry optimization finished 
 --------------------------------
 Saving results in set 'opt'

 --------------------------------------------------------------------------------
                                 command: hessian                                
 --------------------------------------------------------------------------------

WARNING: semianalytic method is specified for dft hessian, which is not efficient. Try switching to 'method = analytic'


 -------------------------------
  Numerical Geometrical Hessian 
 -------------------------------

 Compute hessian using two-point central differentiation.
 Step size (bohr):                       0.0100

 Frequencies (including translational and rotational modes):
 mode    frequency (cm-1)
    0               39.63 i (imaginary)
    1               39.63 i (imaginary)
    2                0.04
    3                0.10
    4                0.11
    5                1.55
    6                1.56
    7              159.77
    8              251.53

 Project out translational and rotational motions 

 Degrees of freedom for translational and rotational motions: 6

 Vibrational frequencies:
 mode    frequency (cm-1)
    0               39.63 i (imaginary)
    1              159.77
    2              251.53

 --------------------------------------------------------------------------------

 End time:                               Wed Nov  3 11:38:53 2021
 Total wall-clock time:               1717.383 seconds
==================================================================================
