
================================================================================
          _____________ ________ _______________ ________     _________         
         / ___________// ______ \\_____   _____// ______ \   / ________)        
        / /_________  / /      \ \     | |     / /      \ \ | (_______          
       |  __________|| |        | |    | |    | |        | | \________ \        
        \ \_________ | |        | |    | |     \ \______/ /___________) |       
         \__________||_|        |_|    |_|      \________//____________/        
                                                                                
====================================[ Qcore ]===================================

 Git describe: 2.3.0
 Compiler:     GNU 9.1.0
 Build type:   Release
 Version:      2.3.0

 Start time:   Fri Oct 22 17:53:26 2021

 Data directory: /work/zw18965/.local/qcore/share/entos/qcore/data
 Number of threads: 24
 Number of threads was determined by: command line argument

 --------------------------------------------------------------------------------
                                   command: dft                                  
 --------------------------------------------------------------------------------
 AO basis set:                           def2-tzvppd
 Number of AO basis functions:          73
 ECP on atom 1 (Ag):                     28 electrons

 Formula:                                HAg
 Nuclear charge:                        48.000000000
 Total charge:                           0.000000000
 Number of core electrons:              28
 Number of treated electrons:           20

 Number of alpha electrons:             10
 Number of beta electrons:              10
 Number of unpaired electrons:           0
 Spin:                                   0
 Multiplicity:                           singlet

 Theory:                                 dft
 Exchange-correlation functional:        pbe0
 Method for Coulomb:                     incore_df
 Method for exact exchange:              pre_transformed_df
 Integral threshold:                     1.00e-12
 DF basis set:                           def2-universal-jkfit
 Number of DF basis functions:         273
 Schwarz screening threshold:            1.00e-10
 Coulomb fitting method:                 Cholesky
 Total number of grid points:        14388
 Method for AO orthogonalization:        symmetric
 Threshold for linear dependence:        1.00e-08
 D3BJ dispersion energy:                -0.000349462

 -------------------------------------
  Running restricted closed-shell SCF 
 -------------------------------------
 Max number of iterations:             128
 Conv. threshold (gradient):             1.00e-05
 Conv. threshold (energy):               1.00e-06
 Interpolation scheme:                   adiis+cdiis
 Initial guess:                          SAD

 ---------------------------------------------------------------
                  energy        change          grad        time
 ---------------------------------------------------------------
   0      -147.515263165                    2.19e+00        0.01
   1      -147.529192010     -1.39e-02      3.41e-01        0.01
   2      -147.504817072      2.44e-02      5.67e-01        0.01
   3      -147.551030721     -4.62e-02      6.83e-02        0.01
   4      -147.550604051      4.27e-04      9.09e-02        0.01
   5      -147.551807945     -1.20e-03      6.45e-03        0.01
   6      -147.551814869     -6.92e-06      4.36e-04        0.01
   7      -147.551814901     -3.19e-08      1.88e-04        0.01
   8      -147.551814905     -3.88e-09      3.21e-05        0.01
   9      -147.551814905     -1.62e-10      4.86e-06        0.01

 SCF converged in 9 iterations.

 Dipole moment (in Debye):               0.000001       0.000001       2.890152

 Quadrupole moment (in Debye-Angstrom):
                  1            2            3
 1       -20.991606     0.000000    -0.000000
 2         0.000000   -20.991606    -0.000000
 3        -0.000000    -0.000000   -21.374665

 Spin-squared expectation <S^2>:         0.000
 Total spin quantum number S:            0.000
 TOTAL ENERGY:                        -147.551814905

 --------------------------------------------------------------------------------

 End time:                               Fri Oct 22 17:53:27 2021
 Total wall-clock time:                  0.576 seconds
==================================================================================
