
================================================================================
          _____________ ________ _______________ ________     _________         
         / ___________// ______ \\_____   _____// ______ \   / ________)        
        / /_________  / /      \ \     | |     / /      \ \ | (_______          
       |  __________|| |        | |    | |    | |        | | \________ \        
        \ \_________ | |        | |    | |     \ \______/ /___________) |       
         \__________||_|        |_|    |_|      \________//____________/        
                                                                                
====================================[ Qcore ]===================================

 Git describe: 2.3.0
 Compiler:     GNU 9.1.0
 Build type:   Release
 Version:      2.3.0

 Start time:   Fri Oct 22 17:53:25 2021

 Data directory: /work/zw18965/.local/qcore/share/entos/qcore/data
 Number of threads: 24
 Number of threads was determined by: command line argument

 --------------------------------------------------------------------------------
                                   command: dft                                  
 --------------------------------------------------------------------------------
 AO basis set:                           def2-tzvppd
 Number of AO basis functions:          96
 ECP on atom 1 (Ag):                     28 electrons

 Formula:                                FAg
 Nuclear charge:                        56.000000000
 Total charge:                           0.000000000
 Number of core electrons:              28
 Number of treated electrons:           28

 Number of alpha electrons:             14
 Number of beta electrons:              14
 Number of unpaired electrons:           0
 Spin:                                   0
 Multiplicity:                           singlet

 Theory:                                 dft
 Exchange-correlation functional:        pbe0
 Method for Coulomb:                     incore_df
 Method for exact exchange:              pre_transformed_df
 Integral threshold:                     1.00e-12
 DF basis set:                           def2-universal-jkfit
 Number of DF basis functions:         332
 Schwarz screening threshold:            1.00e-10
 Coulomb fitting method:                 Cholesky
 Total number of grid points:        15310
 Method for AO orthogonalization:        symmetric
 Threshold for linear dependence:        1.00e-08
 D3BJ dispersion energy:                -0.000415337

 -------------------------------------
  Running restricted closed-shell SCF 
 -------------------------------------
 Max number of iterations:             128
 Conv. threshold (gradient):             1.00e-05
 Conv. threshold (energy):               1.00e-06
 Interpolation scheme:                   adiis+cdiis
 Initial guess:                          SAD

 ---------------------------------------------------------------
                  energy        change          grad        time
 ---------------------------------------------------------------
   0      -246.673454364                    1.75e+00        0.01
   1      -246.645438891      2.80e-02      1.14e+00        0.01
   2      -244.095733711      2.55e+00      4.42e+00        0.01
   3      -246.547288491     -2.45e+00      1.70e+00        0.01
   4      -246.763438403     -2.16e-01      8.03e-02        0.01
   5      -246.762179627      1.26e-03      1.55e-01        0.01
   6      -246.764048738     -1.87e-03      4.12e-03        0.01
   7      -246.764051607     -2.87e-06      1.74e-03        0.01
   8      -246.764052138     -5.31e-07      6.55e-04        0.01
   9      -246.764052192     -5.37e-08      6.23e-05        0.01
  10      -246.764052193     -1.41e-09      3.50e-05        0.01
  11      -246.764052193     -1.42e-10      4.57e-06        0.01

 SCF converged in 11 iterations.

 Dipole moment (in Debye):               0.000000       0.000000       5.789192

 Quadrupole moment (in Debye-Angstrom):
                  1            2            3
 1       -22.853945     0.000000     0.000000
 2         0.000000   -22.853945     0.000000
 3         0.000000     0.000000   -28.478717

 Spin-squared expectation <S^2>:         0.000
 Total spin quantum number S:            0.000
 TOTAL ENERGY:                        -246.764052193

 --------------------------------------------------------------------------------

 End time:                               Fri Oct 22 17:53:26 2021
 Total wall-clock time:                  0.837 seconds
==================================================================================
