
================================================================================
          _____________ ________ _______________ ________     _________         
         / ___________// ______ \\_____   _____// ______ \   / ________)        
        / /_________  / /      \ \     | |     / /      \ \ | (_______          
       |  __________|| |        | |    | |    | |        | | \________ \        
        \ \_________ | |        | |    | |     \ \______/ /___________) |       
         \__________||_|        |_|    |_|      \________//____________/        
                                                                                
====================================[ Qcore ]===================================

 Git describe: 2.3.0
 Compiler:     GNU 9.1.0
 Build type:   Release
 Version:      2.3.0

 Start time:   Fri Oct 22 17:53:30 2021

 Data directory: /work/zw18965/.local/qcore/share/entos/qcore/data
 Number of threads: 24
 Number of threads was determined by: command line argument

 --------------------------------------------------------------------------------
                                   command: dft                                  
 --------------------------------------------------------------------------------
 AO basis set:                           def2-tzvppd
 Number of AO basis functions:         168
 ECP on atom 1 (Ag):                     28 electrons
 ECP on atom 2 (Ag):                     28 electrons
 ECP on atom 3 (Ag):                     28 electrons

 Formula:                                Ag3
 Nuclear charge:                       141.000000000
 Total charge:                           0.000000000
 Number of core electrons:              84
 Number of treated electrons:           57

 Number of alpha electrons:             29
 Number of beta electrons:              28
 Number of unpaired electrons:           1
 Spin:                                   1
 Multiplicity:                           doublet

 Theory:                                 dft
 Exchange-correlation functional:        pbe0
 Method for Coulomb:                     incore_df
 Method for exact exchange:              pre_transformed_df
 Integral threshold:                     1.00e-12
 DF basis set:                           def2-universal-jkfit
 Number of DF basis functions:         765
 Schwarz screening threshold:            1.00e-10
 Coulomb fitting method:                 Cholesky
 Total number of grid points:        25494
 Method for AO orthogonalization:        symmetric
 Threshold for linear dependence:        1.00e-08
 D3BJ dispersion energy:                -0.004185314

 -------------------------------------
  Running unrestricted open-shell SCF 
 -------------------------------------
 Max number of iterations:             128
 Conv. threshold (gradient):             1.00e-05
 Conv. threshold (energy):               1.00e-06
 Interpolation scheme:                   adiis+cdiis
 Initial guess:                          SAD

 ---------------------------------------------------------------
                  energy        change          grad        time
 ---------------------------------------------------------------
   0      -441.134063189                    2.06e+00        0.06
   1      -440.974778843      1.59e-01      1.24e-01        0.04
   2      -440.972680056      2.10e-03      1.49e-01        0.04
   3      -440.984657987     -1.20e-02      1.67e-02        0.04
   4      -440.984542541      1.15e-04      2.56e-02        0.04
   5      -440.984830164     -2.88e-04      4.74e-03        0.04
   6      -440.984841054     -1.09e-05      1.24e-03        0.04
   7      -440.984842335     -1.28e-06      4.30e-04        0.04
   8      -440.984842464     -1.29e-07      1.62e-04        0.04
   9      -440.984842482     -1.81e-08      8.24e-05        0.04
  10      -440.984842487     -4.94e-09      2.60e-05        0.04
  11      -440.984842488     -9.64e-10      1.97e-05        0.04
  12      -440.984842488     -8.13e-10      1.02e-05        0.04
  13      -440.984842489     -1.07e-09      9.36e-06        0.04

 SCF converged in 13 iterations.

 Dipole moment (in Debye):               0.047823      -1.156164       0.000001

 Quadrupole moment (in Debye-Angstrom):
                  1            2            3
 1       -51.423533    -0.279708     0.000001
 2        -0.279708   -64.599983     0.000000
 3         0.000001     0.000000   -60.295082

 Spin-squared expectation <S^2>:         0.758
 Total spin quantum number S:            0.504
 TOTAL ENERGY:                        -440.984842490

 --------------------------------------------------------------------------------

 End time:                               Fri Oct 22 17:53:32 2021
 Total wall-clock time:                  1.430 seconds
==================================================================================
