
================================================================================
          _____________ ________ _______________ ________     _________         
         / ___________// ______ \\_____   _____// ______ \   / ________)        
        / /_________  / /      \ \     | |     / /      \ \ | (_______          
       |  __________|| |        | |    | |    | |        | | \________ \        
        \ \_________ | |        | |    | |     \ \______/ /___________) |       
         \__________||_|        |_|    |_|      \________//____________/        
                                                                                
====================================[ Qcore ]===================================

 Git describe: 2.3.0
 Compiler:     GNU 9.1.0
 Build type:   Release
 Version:      2.3.0

 Start time:   Fri Oct 22 17:53:28 2021

 Data directory: /work/zw18965/.local/qcore/share/entos/qcore/data
 Number of threads: 24
 Number of threads was determined by: command line argument

 --------------------------------------------------------------------------------
                                   command: dft                                  
 --------------------------------------------------------------------------------
 AO basis set:                           def2-tzvppd
 Number of AO basis functions:         168
 ECP on atom 1 (Ag):                     28 electrons
 ECP on atom 2 (Ag):                     28 electrons
 ECP on atom 3 (Ag):                     28 electrons

 Formula:                                Ag3+
 Nuclear charge:                       141.000000000
 Total charge:                           1.000000000
 Number of core electrons:              84
 Number of treated electrons:           56

 Number of alpha electrons:             28
 Number of beta electrons:              28
 Number of unpaired electrons:           0
 Spin:                                   0
 Multiplicity:                           singlet

 Theory:                                 dft
 Exchange-correlation functional:        pbe0
 Method for Coulomb:                     incore_df
 Method for exact exchange:              pre_transformed_df
 Integral threshold:                     1.00e-12
 DF basis set:                           def2-universal-jkfit
 Number of DF basis functions:         765
 Schwarz screening threshold:            1.00e-10
 Coulomb fitting method:                 Cholesky
 Total number of grid points:        25494
 Method for AO orthogonalization:        symmetric
 Threshold for linear dependence:        1.00e-08
 D3BJ dispersion energy:                -0.004186832

 -------------------------------------
  Running restricted closed-shell SCF 
 -------------------------------------
 Max number of iterations:             128
 Conv. threshold (gradient):             1.00e-05
 Conv. threshold (energy):               1.00e-06
 Interpolation scheme:                   adiis+cdiis
 Initial guess:                          SAD

 ---------------------------------------------------------------
                  energy        change          grad        time
 ---------------------------------------------------------------
   0      -441.138527973                    4.18e+00        0.04
   1      -440.767353153      3.71e-01      2.17e-01        0.03
   2      -440.766657623      6.96e-04      2.38e-01        0.02
   3      -440.780946976     -1.43e-02      2.31e-02        0.02
   4      -440.780814739      1.32e-04      2.67e-02        0.02
   5      -440.781158064     -3.43e-04      2.09e-03        0.02
   6      -440.781159638     -1.57e-06      4.84e-04        0.02
   7      -440.781159683     -4.43e-08      4.09e-05        0.02
   8      -440.781159683     -3.61e-10      4.34e-06        0.02

 SCF converged in 8 iterations.

 Dipole moment (in Debye):               0.000003       0.000012       0.000001

 Quadrupole moment (in Debye-Angstrom):
                  1            2            3
 1       -39.692325    -0.000001     0.000001
 2        -0.000001   -39.692325     0.000000
 3         0.000001     0.000000   -53.735485

 Spin-squared expectation <S^2>:         0.000
 Total spin quantum number S:            0.000
 TOTAL ENERGY:                        -440.781159683

 --------------------------------------------------------------------------------

 End time:                               Fri Oct 22 17:53:29 2021
 Total wall-clock time:                  1.005 seconds
==================================================================================
