
================================================================================
          _____________ ________ _______________ ________     _________         
         / ___________// ______ \\_____   _____// ______ \   / ________)        
        / /_________  / /      \ \     | |     / /      \ \ | (_______          
       |  __________|| |        | |    | |    | |        | | \________ \        
        \ \_________ | |        | |    | |     \ \______/ /___________) |       
         \__________||_|        |_|    |_|      \________//____________/        
                                                                                
====================================[ Qcore ]===================================

 Git describe: 2.3.0
 Compiler:     GNU 9.1.0
 Build type:   Release
 Version:      2.3.0

 Start time:   Fri Oct 22 17:53:32 2021

 Data directory: /work/zw18965/.local/qcore/share/entos/qcore/data
 Number of threads: 24
 Number of threads was determined by: command line argument

 --------------------------------------------------------------------------------
                                   command: dft                                  
 --------------------------------------------------------------------------------
 AO basis set:                           def2-tzvppd
 Number of AO basis functions:         168
 ECP on atom 1 (Ag):                     28 electrons
 ECP on atom 2 (Ag):                     28 electrons
 ECP on atom 3 (Ag):                     28 electrons

 Formula:                                Ag3
 Nuclear charge:                       141.000000000
 Total charge:                           0.000000000
 Number of core electrons:              84
 Number of treated electrons:           57

 Number of alpha electrons:             29
 Number of beta electrons:              28
 Number of unpaired electrons:           1
 Spin:                                   1
 Multiplicity:                           doublet

 Theory:                                 dft
 Exchange-correlation functional:        pbe0
 Method for Coulomb:                     incore_df
 Method for exact exchange:              pre_transformed_df
 Integral threshold:                     1.00e-12
 DF basis set:                           def2-universal-jkfit
 Number of DF basis functions:         765
 Schwarz screening threshold:            1.00e-10
 Coulomb fitting method:                 Cholesky
 Total number of grid points:        25494
 Method for AO orthogonalization:        symmetric
 Threshold for linear dependence:        1.00e-08
 D3BJ dispersion energy:                -0.003265333

 -------------------------------------
  Running unrestricted open-shell SCF 
 -------------------------------------
 Max number of iterations:             128
 Conv. threshold (gradient):             1.00e-05
 Conv. threshold (energy):               1.00e-06
 Interpolation scheme:                   adiis+cdiis
 Initial guess:                          SAD

 ---------------------------------------------------------------
                  energy        change          grad        time
 ---------------------------------------------------------------
   0      -441.065027768                    1.56e+00        0.05
   1      -440.977642576      8.74e-02      7.07e-02        0.04
   2      -440.975603265      2.04e-03      9.08e-02        0.04
   3      -440.984039993     -8.44e-03      1.75e-02        0.04
   4      -440.984263164     -2.23e-04      5.32e-03        0.04
   5      -440.984307419     -4.43e-05      2.40e-03        0.04
   6      -440.984315509     -8.09e-06      8.46e-04        0.04
   7      -440.984316722     -1.21e-06      3.99e-04        0.04
   8      -440.984317000     -2.78e-07      6.89e-05        0.04
   9      -440.984317014     -1.41e-08      1.37e-05        0.04
  10      -440.984317015     -7.06e-10      3.09e-06        0.04

 SCF converged in 10 iterations.

 Dipole moment (in Debye):               0.000001       0.000001       0.000016

 Quadrupole moment (in Debye-Angstrom):
                  1            2            3
 1       -60.220698     0.000000     0.000000
 2         0.000000   -60.220698     0.000000
 3         0.000000     0.000000   -47.330429

 Spin-squared expectation <S^2>:         0.765
 Total spin quantum number S:            0.507
 TOTAL ENERGY:                        -440.984317015

 --------------------------------------------------------------------------------

 End time:                               Fri Oct 22 17:53:33 2021
 Total wall-clock time:                  1.245 seconds
==================================================================================
