
================================================================================
          _____________ ________ _______________ ________     _________         
         / ___________// ______ \\_____   _____// ______ \   / ________)        
        / /_________  / /      \ \     | |     / /      \ \ | (_______          
       |  __________|| |        | |    | |    | |        | | \________ \        
        \ \_________ | |        | |    | |     \ \______/ /___________) |       
         \__________||_|        |_|    |_|      \________//____________/        
                                                                                
====================================[ Qcore ]===================================

 Git describe: 2.3.0
 Compiler:     GNU 9.1.0
 Build type:   Release
 Version:      2.3.0

 Start time:   Fri Oct 22 17:53:50 2021

 Data directory: /work/zw18965/.local/qcore/share/entos/qcore/data
 Number of threads: 24
 Number of threads was determined by: command line argument

 --------------------------------------------------------------------------------
                                   command: dft                                  
 --------------------------------------------------------------------------------
 AO basis set:                           def2-tzvppd
 Number of AO basis functions:         224
 ECP on atom 1 (Ag):                     28 electrons
 ECP on atom 2 (Ag):                     28 electrons
 ECP on atom 3 (Ag):                     28 electrons
 ECP on atom 4 (Ag):                     28 electrons

 Formula:                                Ag4
 Nuclear charge:                       188.000000000
 Total charge:                           0.000000000
 Number of core electrons:             112
 Number of treated electrons:           76

 Number of alpha electrons:             38
 Number of beta electrons:              38
 Number of unpaired electrons:           0
 Spin:                                   0
 Multiplicity:                           singlet

 Theory:                                 dft
 Exchange-correlation functional:        pbe0
 Method for Coulomb:                     incore_df
 Method for exact exchange:              pre_transformed_df
 Integral threshold:                     1.00e-12
 DF basis set:                           def2-universal-jkfit
 Number of DF basis functions:        1020
 Schwarz screening threshold:            1.00e-10
 Coulomb fitting method:                 Cholesky
 Total number of grid points:        33992
 Method for AO orthogonalization:        symmetric
 Threshold for linear dependence:        1.00e-08
 D3BJ dispersion energy:                -0.007560230

 -------------------------------------
  Running restricted closed-shell SCF 
 -------------------------------------
 Max number of iterations:             128
 Conv. threshold (gradient):             1.00e-05
 Conv. threshold (energy):               1.00e-06
 Interpolation scheme:                   adiis+cdiis
 Initial guess:                          SAD

 ---------------------------------------------------------------
                  energy        change          grad        time
 ---------------------------------------------------------------
   0      -588.222139840                    6.25e+00        0.07
   1      -588.011851972      2.10e-01      3.28e-01        0.06
   2      -588.007308841      4.54e-03      3.80e-01        0.05
   3      -588.025312909     -1.80e-02      1.56e-02        0.06
   4      -588.025328686     -1.58e-05      1.41e-02        0.05
   5      -588.025382608     -5.39e-05      3.64e-03        0.05
   6      -588.025384996     -2.39e-06      1.34e-03        0.05
   7      -588.025385237     -2.41e-07      3.22e-04        0.05
   8      -588.025385248     -1.08e-08      2.03e-04        0.05
   9      -588.025385254     -6.41e-09      2.51e-05        0.05
  10      -588.025385254     -1.33e-10      8.93e-06        0.05

 SCF converged in 10 iterations.

 Dipole moment (in Debye):              -0.003609       0.000549       0.001953

 Quadrupole moment (in Debye-Angstrom):
                  1            2            3
 1       -75.011516     2.223640    -3.597998
 2         2.223640   -79.264478    -1.537907
 3        -3.597998    -1.537907   -77.745404

 Spin-squared expectation <S^2>:         0.000
 Total spin quantum number S:            0.000
 TOTAL ENERGY:                        -588.025385254

 --------------------------------------------------------------------------------

 End time:                               Fri Oct 22 17:53:52 2021
 Total wall-clock time:                  1.842 seconds
==================================================================================
