
================================================================================
          _____________ ________ _______________ ________     _________         
         / ___________// ______ \\_____   _____// ______ \   / ________)        
        / /_________  / /      \ \     | |     / /      \ \ | (_______          
       |  __________|| |        | |    | |    | |        | | \________ \        
        \ \_________ | |        | |    | |     \ \______/ /___________) |       
         \__________||_|        |_|    |_|      \________//____________/        
                                                                                
====================================[ Qcore ]===================================

 Git describe: 2.3.0
 Compiler:     GNU 9.1.0
 Build type:   Release
 Version:      2.3.0

 Start time:   Fri Oct 22 17:53:36 2021

 Data directory: /work/zw18965/.local/qcore/share/entos/qcore/data
 Number of threads: 24
 Number of threads was determined by: command line argument

 --------------------------------------------------------------------------------
                                   command: dft                                  
 --------------------------------------------------------------------------------
 AO basis set:                           def2-tzvppd
 Number of AO basis functions:         241
 ECP on atom 1 (Ag):                     28 electrons
 ECP on atom 2 (Ag):                     28 electrons
 ECP on atom 3 (Ag):                     28 electrons
 ECP on atom 4 (Ag):                     28 electrons

 Formula:                                HAg4(2+)
 Nuclear charge:                       189.000000000
 Total charge:                           2.000000000
 Number of core electrons:             112
 Number of treated electrons:           75

 Number of alpha electrons:             38
 Number of beta electrons:              37
 Number of unpaired electrons:           1
 Spin:                                   1
 Multiplicity:                           doublet

 Theory:                                 dft
 Exchange-correlation functional:        pbe0
 Method for Coulomb:                     incore_df
 Method for exact exchange:              pre_transformed_df
 Integral threshold:                     1.00e-12
 DF basis set:                           def2-universal-jkfit
 Number of DF basis functions:        1038
 Schwarz screening threshold:            1.00e-10
 Coulomb fitting method:                 Cholesky
 Total number of grid points:        39882
 Method for AO orthogonalization:        symmetric
 Threshold for linear dependence:        1.00e-08
 D3BJ dispersion energy:                -0.009317766

 -------------------------------------
  Running unrestricted open-shell SCF 
 -------------------------------------
 Max number of iterations:             128
 Conv. threshold (gradient):             1.00e-05
 Conv. threshold (energy):               1.00e-06
 Interpolation scheme:                   adiis+cdiis
 Initial guess:                          SAD

 ---------------------------------------------------------------
                  energy        change          grad        time
 ---------------------------------------------------------------
   0      -588.777949202                    3.28e+00        0.15
   1      -587.881954656      8.96e-01      2.88e-01        0.12
   2      -587.866281268      1.57e-02      3.83e-01        0.10
   3      -587.938929315     -7.26e-02      3.10e-02        0.10
   4      -587.938980871     -5.16e-05      3.18e-02        0.11
   5      -587.939316637     -3.36e-04      9.01e-03        0.11
   6      -587.939353045     -3.64e-05      4.52e-03        0.10
   7      -587.939358599     -5.55e-06      2.34e-03        0.10
   8      -587.939359941     -1.34e-06      6.31e-04        0.11
   9      -587.939360089     -1.47e-07      2.65e-04        0.10
  10      -587.939360106     -1.74e-08      5.49e-05        0.10
  11      -587.939360110     -3.97e-09      1.48e-05        0.11
  12      -587.939360110     -3.09e-10      7.02e-06        0.10

 SCF converged in 12 iterations.

 Dipole moment (in Debye):               0.000002       0.000001      -0.546679

 Quadrupole moment (in Debye-Angstrom):
                  1            2            3
 1       -51.382136    -0.000000     0.000004
 2        -0.000000   -49.618036     0.000000
 3         0.000004     0.000000   -50.918764

 Spin-squared expectation <S^2>:         0.759
 Total spin quantum number S:            0.504
 TOTAL ENERGY:                        -587.939360110

 --------------------------------------------------------------------------------

 End time:                               Fri Oct 22 17:53:39 2021
 Total wall-clock time:                  2.799 seconds
==================================================================================
