
================================================================================
          _____________ ________ _______________ ________     _________         
         / ___________// ______ \\_____   _____// ______ \   / ________)        
        / /_________  / /      \ \     | |     / /      \ \ | (_______          
       |  __________|| |        | |    | |    | |        | | \________ \        
        \ \_________ | |        | |    | |     \ \______/ /___________) |       
         \__________||_|        |_|    |_|      \________//____________/        
                                                                                
====================================[ Qcore ]===================================

 Git describe: 2.3.0
 Compiler:     GNU 9.1.0
 Build type:   Release
 Version:      2.3.0

 Start time:   Fri Oct 22 17:53:39 2021

 Data directory: /work/zw18965/.local/qcore/share/entos/qcore/data
 Number of threads: 24
 Number of threads was determined by: command line argument

 --------------------------------------------------------------------------------
                                   command: dft                                  
 --------------------------------------------------------------------------------
 AO basis set:                           def2-tzvppd
 Number of AO basis functions:         241
 ECP on atom 1 (Ag):                     28 electrons
 ECP on atom 2 (Ag):                     28 electrons
 ECP on atom 3 (Ag):                     28 electrons
 ECP on atom 4 (Ag):                     28 electrons

 Formula:                                HAg4(2+)
 Nuclear charge:                       189.000000000
 Total charge:                           2.000000000
 Number of core electrons:             112
 Number of treated electrons:           75

 Number of alpha electrons:             38
 Number of beta electrons:              37
 Number of unpaired electrons:           1
 Spin:                                   1
 Multiplicity:                           doublet

 Theory:                                 dft
 Exchange-correlation functional:        pbe0
 Method for Coulomb:                     incore_df
 Method for exact exchange:              pre_transformed_df
 Integral threshold:                     1.00e-12
 DF basis set:                           def2-universal-jkfit
 Number of DF basis functions:        1038
 Schwarz screening threshold:            1.00e-10
 Coulomb fitting method:                 Cholesky
 Total number of grid points:        39882
 Method for AO orthogonalization:        symmetric
 Threshold for linear dependence:        1.00e-08
 D3BJ dispersion energy:                -0.009482902

 -------------------------------------
  Running unrestricted open-shell SCF 
 -------------------------------------
 Max number of iterations:             128
 Conv. threshold (gradient):             1.00e-05
 Conv. threshold (energy):               1.00e-06
 Interpolation scheme:                   adiis+cdiis
 Initial guess:                          SAD

 ---------------------------------------------------------------
                  energy        change          grad        time
 ---------------------------------------------------------------
   0      -588.802046967                    3.42e+00        0.15
   1      -587.884487089      9.18e-01      2.30e-01        0.12
   2      -587.876508460      7.98e-03      2.62e-01        0.09
   3      -587.936793080     -6.03e-02      3.90e-02        0.10
   4      -587.936461621      3.31e-04      3.73e-02        0.11
   5      -587.937470282     -1.01e-03      9.47e-03        0.11
   6      -587.937499879     -2.96e-05      4.40e-03        0.10
   7      -587.937503203     -3.32e-06      1.47e-03        0.10
   8      -587.937503612     -4.09e-07      5.98e-04        0.11
   9      -587.937503671     -5.96e-08      1.77e-04        0.10
  10      -587.937503680     -9.01e-09      5.99e-05        0.11
  11      -587.937503682     -1.80e-09      2.56e-05        0.12
  12      -587.937503682     -1.53e-10      5.02e-06        0.10

 SCF converged in 12 iterations.

 Dipole moment (in Debye):               0.000002       0.000016      -0.234933

 Quadrupole moment (in Debye-Angstrom):
                  1            2            3
 1       -50.102208     0.000000     0.000000
 2         0.000000   -50.102252    -0.000478
 3         0.000000    -0.000478   -52.375644

 Spin-squared expectation <S^2>:         0.757
 Total spin quantum number S:            0.503
 TOTAL ENERGY:                        -587.937503682

 --------------------------------------------------------------------------------

 End time:                               Fri Oct 22 17:53:42 2021
 Total wall-clock time:                  2.816 seconds
==================================================================================
