
================================================================================
          _____________ ________ _______________ ________     _________         
         / ___________// ______ \\_____   _____// ______ \   / ________)        
        / /_________  / /      \ \     | |     / /      \ \ | (_______          
       |  __________|| |        | |    | |    | |        | | \________ \        
        \ \_________ | |        | |    | |     \ \______/ /___________) |       
         \__________||_|        |_|    |_|      \________//____________/        
                                                                                
====================================[ Qcore ]===================================

 Git describe: 2.3.0
 Compiler:     GNU 9.1.0
 Build type:   Release
 Version:      2.3.0

 Start time:   Fri Oct 22 17:53:47 2021

 Data directory: /work/zw18965/.local/qcore/share/entos/qcore/data
 Number of threads: 24
 Number of threads was determined by: command line argument

 --------------------------------------------------------------------------------
                                   command: dft                                  
 --------------------------------------------------------------------------------
 AO basis set:                           def2-tzvppd
 Number of AO basis functions:         312
 ECP on atom 1 (Ag):                     28 electrons
 ECP on atom 2 (Ag):                     28 electrons
 ECP on atom 3 (Ag):                     28 electrons
 ECP on atom 4 (Ag):                     28 electrons

 Formula:                                H3NAg4(2+)
 Nuclear charge:                       198.000000000
 Total charge:                           2.000000000
 Number of core electrons:             112
 Number of treated electrons:           84

 Number of alpha electrons:             42
 Number of beta electrons:              42
 Number of unpaired electrons:           0
 Spin:                                   0
 Multiplicity:                           singlet

 Theory:                                 dft
 Exchange-correlation functional:        pbe0
 Method for Coulomb:                     incore_df
 Method for exact exchange:              pre_transformed_df
 Integral threshold:                     1.00e-12
 DF basis set:                           def2-universal-jkfit
 Number of DF basis functions:        1151
 Schwarz screening threshold:            1.00e-10
 Coulomb fitting method:                 Cholesky
 Total number of grid points:        58462
 Method for AO orthogonalization:        symmetric
 Threshold for linear dependence:        1.00e-08
 D3BJ dispersion energy:                -0.012564049

 -------------------------------------
  Running restricted closed-shell SCF 
 -------------------------------------
 Max number of iterations:             128
 Conv. threshold (gradient):             1.00e-05
 Conv. threshold (energy):               1.00e-06
 Interpolation scheme:                   adiis+cdiis
 Initial guess:                          SAD

 ---------------------------------------------------------------
                  energy        change          grad        time
 ---------------------------------------------------------------
   0      -644.763655817                    9.25e+00        0.15
   1      -643.875719907      8.88e-01      1.62e+00        0.11
   2      -643.699611287      1.76e-01      3.41e+00        0.11
   3      -643.950870329     -2.51e-01      5.07e-01        0.10
   4      -643.942233522      8.64e-03      7.22e-01        0.10
   5      -643.958851415     -1.66e-02      8.54e-02        0.10
   6      -643.958497265      3.54e-04      1.33e-01        0.11
   7      -643.959214726     -7.17e-04      8.51e-04        0.12
   8      -643.959214843     -1.17e-07      2.14e-04        0.11
   9      -643.959214851     -8.06e-09      5.88e-05        0.13
  10      -643.959214851     -6.79e-10      2.82e-05        0.11
  11      -643.959214851     -9.67e-11      7.25e-06        0.11

 SCF converged in 11 iterations.

 Dipole moment (in Debye):               0.000000      -0.000133      -3.622581

 Quadrupole moment (in Debye-Angstrom):
                  1            2            3
 1       -57.727262     0.000001     0.000000
 2         0.000001   -57.727016     0.000477
 3         0.000000     0.000477   -37.529791

 Spin-squared expectation <S^2>:         0.000
 Total spin quantum number S:            0.000
 TOTAL ENERGY:                        -643.959214851

 --------------------------------------------------------------------------------

 End time:                               Fri Oct 22 17:53:50 2021
 Total wall-clock time:                  3.248 seconds
==================================================================================
