
================================================================================
          _____________ ________ _______________ ________     _________         
         / ___________// ______ \\_____   _____// ______ \   / ________)        
        / /_________  / /      \ \     | |     / /      \ \ | (_______          
       |  __________|| |        | |    | |    | |        | | \________ \        
        \ \_________ | |        | |    | |     \ \______/ /___________) |       
         \__________||_|        |_|    |_|      \________//____________/        
                                                                                
====================================[ Qcore ]===================================

 Git describe: 2.3.0
 Compiler:     GNU 9.1.0
 Build type:   Release
 Version:      2.3.0

 Start time:   Fri Oct 22 17:53:33 2021

 Data directory: /work/zw18965/.local/qcore/share/entos/qcore/data
 Number of threads: 24
 Number of threads was determined by: command line argument

 --------------------------------------------------------------------------------
                                   command: dft                                  
 --------------------------------------------------------------------------------
 AO basis set:                           def2-tzvppd
 Number of AO basis functions:         241
 ECP on atom 1 (Ag):                     28 electrons
 ECP on atom 2 (Ag):                     28 electrons
 ECP on atom 3 (Ag):                     28 electrons
 ECP on atom 4 (Ag):                     28 electrons

 Formula:                                HAg4(2+)
 Nuclear charge:                       189.000000000
 Total charge:                           2.000000000
 Number of core electrons:             112
 Number of treated electrons:           75

 Number of alpha electrons:             38
 Number of beta electrons:              37
 Number of unpaired electrons:           1
 Spin:                                   1
 Multiplicity:                           doublet

 Theory:                                 dft
 Exchange-correlation functional:        pbe0
 Method for Coulomb:                     incore_df
 Method for exact exchange:              pre_transformed_df
 Integral threshold:                     1.00e-12
 DF basis set:                           def2-universal-jkfit
 Number of DF basis functions:        1038
 Schwarz screening threshold:            1.00e-10
 Coulomb fitting method:                 Cholesky
 Total number of grid points:        39882
 Method for AO orthogonalization:        symmetric
 Threshold for linear dependence:        1.00e-08
 D3BJ dispersion energy:                -0.008937264

 -------------------------------------
  Running unrestricted open-shell SCF 
 -------------------------------------
 Max number of iterations:             128
 Conv. threshold (gradient):             1.00e-05
 Conv. threshold (energy):               1.00e-06
 Interpolation scheme:                   adiis+cdiis
 Initial guess:                          SAD

 ---------------------------------------------------------------
                  energy        change          grad        time
 ---------------------------------------------------------------
   0      -588.744824074                    3.04e+00        0.14
   1      -587.841153947      9.04e-01      3.71e-01        0.11
   2      -587.816067952      2.51e-02      4.80e-01        0.08
   3      -587.919288191     -1.03e-01      7.02e-02        0.08
   4      -587.919396260     -1.08e-04      9.52e-02        0.09
   5      -587.921599987     -2.20e-03      1.81e-02        0.09
   6      -587.921797211     -1.97e-04      7.88e-03        0.09
   7      -587.921832718     -3.55e-05      4.19e-03        0.09
   8      -587.921839852     -7.13e-06      1.32e-03        0.08
   9      -587.921840481     -6.30e-07      4.87e-04        0.09
  10      -587.921840607     -1.26e-07      1.32e-04        0.10
  11      -587.921840615     -7.71e-09      2.89e-05        0.09
  12      -587.921840615     -6.55e-10      9.42e-06        0.10

 SCF converged in 12 iterations.

 Dipole moment (in Debye):               0.000001       0.000019       0.288967

 Quadrupole moment (in Debye-Angstrom):
                  1            2            3
 1       -51.035605    -0.000000    -0.000000
 2        -0.000000   -51.035458     0.000001
 3        -0.000000     0.000001   -47.530548

 Spin-squared expectation <S^2>:         0.757
 Total spin quantum number S:            0.504
 TOTAL ENERGY:                        -587.921840615

 --------------------------------------------------------------------------------

 End time:                               Fri Oct 22 17:53:36 2021
 Total wall-clock time:                  2.575 seconds
==================================================================================
