
================================================================================
          _____________ ________ _______________ ________     _________         
         / ___________// ______ \\_____   _____// ______ \   / ________)        
        / /_________  / /      \ \     | |     / /      \ \ | (_______          
       |  __________|| |        | |    | |    | |        | | \________ \        
        \ \_________ | |        | |    | |     \ \______/ /___________) |       
         \__________||_|        |_|    |_|      \________//____________/        
                                                                                
====================================[ Qcore ]===================================

 Git describe: 2.3.0
 Compiler:     GNU 9.1.0
 Build type:   Release
 Version:      2.3.0

 Start time:   Fri Oct 22 17:53:42 2021

 Data directory: /work/zw18965/.local/qcore/share/entos/qcore/data
 Number of threads: 24
 Number of threads was determined by: command line argument

 --------------------------------------------------------------------------------
                                   command: dft                                  
 --------------------------------------------------------------------------------
 AO basis set:                           def2-tzvppd
 Number of AO basis functions:         224
 ECP on atom 1 (Ag):                     28 electrons
 ECP on atom 2 (Ag):                     28 electrons
 ECP on atom 3 (Ag):                     28 electrons
 ECP on atom 4 (Ag):                     28 electrons

 Formula:                                Ag4(2+)
 Nuclear charge:                       188.000000000
 Total charge:                           2.000000000
 Number of core electrons:             112
 Number of treated electrons:           74

 Number of alpha electrons:             37
 Number of beta electrons:              37
 Number of unpaired electrons:           0
 Spin:                                   0
 Multiplicity:                           singlet

 Theory:                                 dft
 Exchange-correlation functional:        pbe0
 Method for Coulomb:                     incore_df
 Method for exact exchange:              pre_transformed_df
 Integral threshold:                     1.00e-12
 DF basis set:                           def2-universal-jkfit
 Number of DF basis functions:        1020
 Schwarz screening threshold:            1.00e-10
 Coulomb fitting method:                 Cholesky
 Total number of grid points:        33992
 Method for AO orthogonalization:        symmetric
 Threshold for linear dependence:        1.00e-08
 D3BJ dispersion energy:                -0.008297606

 -------------------------------------
  Running restricted closed-shell SCF 
 -------------------------------------
 Max number of iterations:             128
 Conv. threshold (gradient):             1.00e-05
 Conv. threshold (energy):               1.00e-06
 Interpolation scheme:                   adiis+cdiis
 Initial guess:                          SAD

 ---------------------------------------------------------------
                  energy        change          grad        time
 ---------------------------------------------------------------
   0      -588.220691324                    5.42e+00        0.07
   1      -587.368378918      8.52e-01      3.22e-01        0.06
   2      -587.367971089      4.08e-04      2.62e-01        0.05
   3      -587.400132071     -3.22e-02      4.45e-02        0.05
   4      -587.399673099      4.59e-04      5.08e-02        0.05
   5      -587.400862552     -1.19e-03      2.30e-03        0.05
   6      -587.400863466     -9.14e-07      9.92e-04        0.05
   7      -587.400863658     -1.92e-07      6.93e-05        0.05
   8      -587.400863659     -9.53e-10      1.14e-05        0.05
   9      -587.400863659     -8.87e-12      9.63e-06        0.05

 SCF converged in 9 iterations.

 Dipole moment (in Debye):               0.000000      -0.000074      -0.000112

 Quadrupole moment (in Debye-Angstrom):
                  1            2            3
 1       -49.544181    -0.000005    -0.000007
 2        -0.000005   -49.543049    -0.000274
 3        -0.000007    -0.000274   -49.544736

 Spin-squared expectation <S^2>:         0.000
 Total spin quantum number S:            0.000
 TOTAL ENERGY:                        -587.400863659

 --------------------------------------------------------------------------------

 End time:                               Fri Oct 22 17:53:43 2021
 Total wall-clock time:                  1.777 seconds
==================================================================================
