
================================================================================
          _____________ ________ _______________ ________     _________         
         / ___________// ______ \\_____   _____// ______ \   / ________)        
        / /_________  / /      \ \     | |     / /      \ \ | (_______          
       |  __________|| |        | |    | |    | |        | | \________ \        
        \ \_________ | |        | |    | |     \ \______/ /___________) |       
         \__________||_|        |_|    |_|      \________//____________/        
                                                                                
====================================[ Qcore ]===================================

 Git describe: 2.3.0
 Compiler:     GNU 9.1.0
 Build type:   Release
 Version:      2.3.0

 Start time:   Fri Oct 22 17:53:44 2021

 Data directory: /work/zw18965/.local/qcore/share/entos/qcore/data
 Number of threads: 24
 Number of threads was determined by: command line argument

 --------------------------------------------------------------------------------
                                   command: dft                                  
 --------------------------------------------------------------------------------
 AO basis set:                           def2-tzvppd
 Number of AO basis functions:         312
 ECP on atom 1 (Ag):                     28 electrons
 ECP on atom 2 (Ag):                     28 electrons
 ECP on atom 3 (Ag):                     28 electrons
 ECP on atom 4 (Ag):                     28 electrons

 Formula:                                H3NAg4(2+)
 Nuclear charge:                       198.000000000
 Total charge:                           2.000000000
 Number of core electrons:             112
 Number of treated electrons:           84

 Number of alpha electrons:             42
 Number of beta electrons:              42
 Number of unpaired electrons:           0
 Spin:                                   0
 Multiplicity:                           singlet

 Theory:                                 dft
 Exchange-correlation functional:        pbe0
 Method for Coulomb:                     incore_df
 Method for exact exchange:              pre_transformed_df
 Integral threshold:                     1.00e-12
 DF basis set:                           def2-universal-jkfit
 Number of DF basis functions:        1151
 Schwarz screening threshold:            1.00e-10
 Coulomb fitting method:                 Cholesky
 Total number of grid points:        58462
 Method for AO orthogonalization:        symmetric
 Threshold for linear dependence:        1.00e-08
 D3BJ dispersion energy:                -0.011207488

 -------------------------------------
  Running restricted closed-shell SCF 
 -------------------------------------
 Max number of iterations:             128
 Conv. threshold (gradient):             1.00e-05
 Conv. threshold (energy):               1.00e-06
 Interpolation scheme:                   adiis+cdiis
 Initial guess:                          SAD

 ---------------------------------------------------------------
                  energy        change          grad        time
 ---------------------------------------------------------------
   0      -644.850435154                    1.01e+01        0.16
   1      -643.931953632      9.18e-01      1.51e+00        0.11
   2      -643.869802884      6.22e-02      2.34e+00        0.10
   3      -643.997806787     -1.28e-01      1.74e-01        0.10
   4      -643.996627042      1.18e-03      2.42e-01        0.10
   5      -643.999229895     -2.60e-03      2.04e-02        0.10
   6      -643.999205041      2.49e-05      2.90e-02        0.11
   7      -643.999265617     -6.06e-05      6.43e-04        0.11
   8      -643.999265680     -6.32e-08      2.55e-04        0.13
   9      -643.999265684     -3.53e-09      1.10e-04        0.11
  10      -643.999265685     -7.03e-10      3.81e-05        0.10
  11      -643.999265685     -7.72e-11      1.03e-05        0.11
  12      -643.999265685     -6.14e-12      2.21e-06        0.11

 SCF converged in 12 iterations.

 Dipole moment (in Debye):              -0.722160       4.126218       0.000000

 Quadrupole moment (in Debye-Angstrom):
                  1            2            3
 1       -56.456592    -5.241255    -0.000000
 2        -5.241255   -27.547799    -0.000001
 3        -0.000000    -0.000001   -57.375123

 Spin-squared expectation <S^2>:         0.000
 Total spin quantum number S:            0.000
 TOTAL ENERGY:                        -643.999265685

 --------------------------------------------------------------------------------

 End time:                               Fri Oct 22 17:53:47 2021
 Total wall-clock time:                  3.352 seconds
==================================================================================
