
================================================================================
          _____________ ________ _______________ ________     _________         
         / ___________// ______ \\_____   _____// ______ \   / ________)        
        / /_________  / /      \ \     | |     / /      \ \ | (_______          
       |  __________|| |        | |    | |    | |        | | \________ \        
        \ \_________ | |        | |    | |     \ \______/ /___________) |       
         \__________||_|        |_|    |_|      \________//____________/        
                                                                                
====================================[ Qcore ]===================================

 Git describe: 2.3.0
 Compiler:     GNU 9.1.0
 Build type:   Release
 Version:      2.3.0

 Start time:   Fri Oct 22 17:53:52 2021

 Data directory: /work/zw18965/.local/qcore/share/entos/qcore/data
 Number of threads: 24
 Number of threads was determined by: command line argument

 --------------------------------------------------------------------------------
                                   command: dft                                  
 --------------------------------------------------------------------------------
 AO basis set:                           def2-tzvppd
 Number of AO basis functions:          99
 ECP on atom 1 (Au):                     60 electrons

 Formula:                                FAu
 Nuclear charge:                        88.000000000
 Total charge:                           0.000000000
 Number of core electrons:              60
 Number of treated electrons:           28

 Number of alpha electrons:             14
 Number of beta electrons:              14
 Number of unpaired electrons:           0
 Spin:                                   0
 Multiplicity:                           singlet

 Theory:                                 dft
 Exchange-correlation functional:        pbe0
 Method for Coulomb:                     incore_df
 Method for exact exchange:              pre_transformed_df
 Integral threshold:                     1.00e-12
 DF basis set:                           def2-universal-jkfit
 Number of DF basis functions:         324
 Schwarz screening threshold:            1.00e-10
 Coulomb fitting method:                 Cholesky
 Total number of grid points:        15932
 Method for AO orthogonalization:        symmetric
 Threshold for linear dependence:        1.00e-08
 D3BJ dispersion energy:                -0.000449275

 -------------------------------------
  Running restricted closed-shell SCF 
 -------------------------------------
 Max number of iterations:             128
 Conv. threshold (gradient):             1.00e-05
 Conv. threshold (energy):               1.00e-06
 Interpolation scheme:                   adiis+cdiis
 Initial guess:                          SAD

 ---------------------------------------------------------------
                  energy        change          grad        time
 ---------------------------------------------------------------
   0      -235.466922908                    3.61e+00        0.01
   1      -235.380675486      8.62e-02      1.23e+00        0.01
   2      -234.098043905      1.28e+00      3.77e+00        0.01
   3      -235.359807385     -1.26e+00      1.39e+00        0.01
   4      -235.483155469     -1.23e-01      6.25e-02        0.01
   5      -235.482699192      4.56e-04      1.13e-01        0.01
   6      -235.483450882     -7.52e-04      6.03e-03        0.01
   7      -235.483456073     -5.19e-06      2.41e-03        0.01
   8      -235.483457439     -1.37e-06      7.23e-04        0.01
   9      -235.483457511     -7.20e-08      2.23e-04        0.01
  10      -235.483457519     -7.76e-09      7.12e-05        0.01
  11      -235.483457519     -4.75e-10      6.78e-06        0.01

 SCF converged in 11 iterations.

 Dipole moment (in Debye):              -0.000000      -0.000000       4.244379

 Quadrupole moment (in Debye-Angstrom):
                  1            2            3
 1       -27.183625    -0.000000     0.000001
 2        -0.000000   -27.183625     0.000001
 3         0.000001     0.000001   -30.051269

 Spin-squared expectation <S^2>:         0.000
 Total spin quantum number S:            0.000
 TOTAL ENERGY:                        -235.483457519

 --------------------------------------------------------------------------------

 End time:                               Fri Oct 22 17:53:53 2021
 Total wall-clock time:                  0.673 seconds
==================================================================================
