
================================================================================
          _____________ ________ _______________ ________     _________         
         / ___________// ______ \\_____   _____// ______ \   / ________)        
        / /_________  / /      \ \     | |     / /      \ \ | (_______          
       |  __________|| |        | |    | |    | |        | | \________ \        
        \ \_________ | |        | |    | |     \ \______/ /___________) |       
         \__________||_|        |_|    |_|      \________//____________/        
                                                                                
====================================[ Qcore ]===================================

 Git describe: 2.3.0
 Compiler:     GNU 9.1.0
 Build type:   Release
 Version:      2.3.0

 Start time:   Fri Oct 22 17:53:57 2021

 Data directory: /work/zw18965/.local/qcore/share/entos/qcore/data
 Number of threads: 24
 Number of threads was determined by: command line argument

 --------------------------------------------------------------------------------
                                   command: dft                                  
 --------------------------------------------------------------------------------
 AO basis set:                           def2-tzvppd
 Number of AO basis functions:         177
 ECP on atom 1 (Au):                     60 electrons
 ECP on atom 2 (Au):                     60 electrons
 ECP on atom 3 (Au):                     60 electrons

 Formula:                                Au3
 Nuclear charge:                       237.000000000
 Total charge:                           0.000000000
 Number of core electrons:             180
 Number of treated electrons:           57

 Number of alpha electrons:             29
 Number of beta electrons:              28
 Number of unpaired electrons:           1
 Spin:                                   1
 Multiplicity:                           doublet

 Theory:                                 dft
 Exchange-correlation functional:        pbe0
 Method for Coulomb:                     incore_df
 Method for exact exchange:              pre_transformed_df
 Integral threshold:                     1.00e-12
 DF basis set:                           def2-universal-jkfit
 Number of DF basis functions:         741
 Schwarz screening threshold:            1.00e-10
 Coulomb fitting method:                 Cholesky
 Total number of grid points:        27360
 Method for AO orthogonalization:        symmetric
 Threshold for linear dependence:        1.00e-08
 D3BJ dispersion energy:                -0.004501808

 -------------------------------------
  Running unrestricted open-shell SCF 
 -------------------------------------
 Max number of iterations:             128
 Conv. threshold (gradient):             1.00e-05
 Conv. threshold (energy):               1.00e-06
 Interpolation scheme:                   adiis+cdiis
 Initial guess:                          SAD

 ---------------------------------------------------------------
                  energy        change          grad        time
 ---------------------------------------------------------------
   0      -407.408649032                    4.99e+00        0.07
   1      -407.206370728      2.02e-01      1.87e-01        0.05
   2      -407.198624745      7.75e-03      2.47e-01        0.05
   3      -407.220035579     -2.14e-02      3.89e-02        0.05
   4      -407.219346772      6.89e-04      6.33e-02        0.05
   5      -407.220640215     -1.29e-03      1.07e-02        0.05
   6      -407.220673228     -3.30e-05      3.71e-03        0.05
   7      -407.220682695     -9.47e-06      2.32e-03        0.05
   8      -407.220684753     -2.06e-06      1.16e-03        0.05
   9      -407.220686276     -1.52e-06      7.36e-04        0.05
  10      -407.220687066     -7.89e-07      4.89e-04        0.05
  11      -407.220688115     -1.05e-06      5.12e-04        0.05
  12      -407.220688590     -4.75e-07      4.83e-04        0.05
  13      -407.220689489     -8.99e-07      4.84e-04        0.05
  14      -407.220687417      2.07e-06      4.63e-04        0.05
  15      -407.220672738      1.47e-05      1.01e-03        0.05
  16      -407.220672078      6.61e-07      1.01e-03        0.05
  17      -407.220672137     -5.90e-08      8.46e-04        0.05
  18      -407.220671975      1.62e-07      3.40e-04        0.05
  19      -407.220670414      1.56e-06      6.72e-04        0.05
  20      -407.220670615     -2.01e-07      1.51e-04        0.05
  21      -407.220670630     -1.51e-08      2.99e-05        0.05
  22      -407.220670628      1.98e-09      8.73e-05        0.06
  23      -407.220670629     -9.66e-10      1.19e-05        0.06
  24      -407.220670629     -5.29e-12      2.67e-06        0.05

 SCF converged in 24 iterations.

 Dipole moment (in Debye):              -0.000095       1.292360      -0.000000

 Quadrupole moment (in Debye-Angstrom):
                  1            2            3
 1       -71.437443     0.000351     0.000001
 2         0.000351   -61.028843     0.000000
 3         0.000001     0.000000   -69.849696

 Spin-squared expectation <S^2>:         0.759
 Total spin quantum number S:            0.505
 TOTAL ENERGY:                        -407.220670629

 --------------------------------------------------------------------------------

 End time:                               Fri Oct 22 17:54:00 2021
 Total wall-clock time:                  2.232 seconds
==================================================================================
