
================================================================================
          _____________ ________ _______________ ________     _________         
         / ___________// ______ \\_____   _____// ______ \   / ________)        
        / /_________  / /      \ \     | |     / /      \ \ | (_______          
       |  __________|| |        | |    | |    | |        | | \________ \        
        \ \_________ | |        | |    | |     \ \______/ /___________) |       
         \__________||_|        |_|    |_|      \________//____________/        
                                                                                
====================================[ Qcore ]===================================

 Git describe: 2.3.0
 Compiler:     GNU 9.1.0
 Build type:   Release
 Version:      2.3.0

 Start time:   Fri Oct 22 17:53:56 2021

 Data directory: /work/zw18965/.local/qcore/share/entos/qcore/data
 Number of threads: 24
 Number of threads was determined by: command line argument

 --------------------------------------------------------------------------------
                                   command: dft                                  
 --------------------------------------------------------------------------------
 AO basis set:                           def2-tzvppd
 Number of AO basis functions:         177
 ECP on atom 1 (Au):                     60 electrons
 ECP on atom 2 (Au):                     60 electrons
 ECP on atom 3 (Au):                     60 electrons

 Formula:                                Au3+
 Nuclear charge:                       237.000000000
 Total charge:                           1.000000000
 Number of core electrons:             180
 Number of treated electrons:           56

 Number of alpha electrons:             28
 Number of beta electrons:              28
 Number of unpaired electrons:           0
 Spin:                                   0
 Multiplicity:                           singlet

 Theory:                                 dft
 Exchange-correlation functional:        pbe0
 Method for Coulomb:                     incore_df
 Method for exact exchange:              pre_transformed_df
 Integral threshold:                     1.00e-12
 DF basis set:                           def2-universal-jkfit
 Number of DF basis functions:         741
 Schwarz screening threshold:            1.00e-10
 Coulomb fitting method:                 Cholesky
 Total number of grid points:        27360
 Method for AO orthogonalization:        symmetric
 Threshold for linear dependence:        1.00e-08
 D3BJ dispersion energy:                -0.003551270

 -------------------------------------
  Running restricted closed-shell SCF 
 -------------------------------------
 Max number of iterations:             128
 Conv. threshold (gradient):             1.00e-05
 Conv. threshold (energy):               1.00e-06
 Interpolation scheme:                   adiis+cdiis
 Initial guess:                          SAD

 ---------------------------------------------------------------
                  energy        change          grad        time
 ---------------------------------------------------------------
   0      -407.316200293                    7.21e+00        0.04
   1      -406.886847521      4.29e-01      2.45e-01        0.03
   2      -406.884578921      2.27e-03      3.04e-01        0.03
   3      -406.906155037     -2.16e-02      5.12e-02        0.03
   4      -406.905341679      8.13e-04      8.34e-02        0.03
   5      -406.906572932     -1.23e-03      1.72e-03        0.02
   6      -406.906573426     -4.94e-07      4.84e-04        0.03
   7      -406.906573488     -6.19e-08      3.41e-04        0.02
   8      -406.906573488     -1.34e-10      3.40e-04        0.02
   9      -406.906573513     -2.48e-08      3.47e-05        0.02
  10      -406.906573513     -3.33e-10      3.52e-06        0.03

 SCF converged in 10 iterations.

 Dipole moment (in Debye):              -0.000004      -0.000004      -0.000001

 Quadrupole moment (in Debye-Angstrom):
                  1            2            3
 1       -63.291371    -0.000005    -0.000002
 2        -0.000005   -63.291371    -0.000002
 3        -0.000002    -0.000002   -17.958665

 Spin-squared expectation <S^2>:         0.000
 Total spin quantum number S:            0.000
 TOTAL ENERGY:                        -406.906573513

 --------------------------------------------------------------------------------

 End time:                               Fri Oct 22 17:53:57 2021
 Total wall-clock time:                  1.108 seconds
==================================================================================
