
================================================================================
          _____________ ________ _______________ ________     _________         
         / ___________// ______ \\_____   _____// ______ \   / ________)        
        / /_________  / /      \ \     | |     / /      \ \ | (_______          
       |  __________|| |        | |    | |    | |        | | \________ \        
        \ \_________ | |        | |    | |     \ \______/ /___________) |       
         \__________||_|        |_|    |_|      \________//____________/        
                                                                                
====================================[ Qcore ]===================================

 Git describe: 2.3.0
 Compiler:     GNU 9.1.0
 Build type:   Release
 Version:      2.3.0

 Start time:   Fri Oct 22 17:53:55 2021

 Data directory: /work/zw18965/.local/qcore/share/entos/qcore/data
 Number of threads: 24
 Number of threads was determined by: command line argument

 --------------------------------------------------------------------------------
                                   command: dft                                  
 --------------------------------------------------------------------------------
 AO basis set:                           def2-tzvppd
 Number of AO basis functions:         177
 ECP on atom 1 (Au):                     60 electrons
 ECP on atom 2 (Au):                     60 electrons
 ECP on atom 3 (Au):                     60 electrons

 Formula:                                Au3+
 Nuclear charge:                       237.000000000
 Total charge:                           1.000000000
 Number of core electrons:             180
 Number of treated electrons:           56

 Number of alpha electrons:             28
 Number of beta electrons:              28
 Number of unpaired electrons:           0
 Spin:                                   0
 Multiplicity:                           singlet

 Theory:                                 dft
 Exchange-correlation functional:        pbe0
 Method for Coulomb:                     incore_df
 Method for exact exchange:              pre_transformed_df
 Integral threshold:                     1.00e-12
 DF basis set:                           def2-universal-jkfit
 Number of DF basis functions:         741
 Schwarz screening threshold:            1.00e-10
 Coulomb fitting method:                 Cholesky
 Total number of grid points:        27360
 Method for AO orthogonalization:        symmetric
 Threshold for linear dependence:        1.00e-08
 D3BJ dispersion energy:                -0.004506161

 -------------------------------------
  Running restricted closed-shell SCF 
 -------------------------------------
 Max number of iterations:             128
 Conv. threshold (gradient):             1.00e-05
 Conv. threshold (energy):               1.00e-06
 Interpolation scheme:                   adiis+cdiis
 Initial guess:                          SAD

 ---------------------------------------------------------------
                  energy        change          grad        time
 ---------------------------------------------------------------
   0      -407.430039468                    1.04e+01        0.04
   1      -406.952149043      4.78e-01      3.07e-01        0.03
   2      -406.952077267      7.18e-05      3.36e-01        0.03
   3      -406.974228304     -2.22e-02      3.35e-02        0.03
   4      -406.974147126      8.12e-05      4.39e-02        0.03
   5      -406.974387184     -2.40e-04      2.23e-03        0.03
   6      -406.974387979     -7.95e-07      4.59e-04        0.03
   7      -406.974388053     -7.40e-08      6.54e-05        0.03
   8      -406.974388054     -7.96e-10      5.46e-05        0.02
   9      -406.974388054     -3.15e-10      1.02e-05        0.03
  10      -406.974388054     -2.07e-11      1.21e-06        0.03

 SCF converged in 10 iterations.

 Dipole moment (in Debye):               0.000000      -0.000118      -0.000001

 Quadrupole moment (in Debye-Angstrom):
                  1            2            3
 1       -49.288512     0.000000    -0.000000
 2         0.000000   -49.288788    -0.000000
 3        -0.000000    -0.000000   -64.035591

 Spin-squared expectation <S^2>:         0.000
 Total spin quantum number S:            0.000
 TOTAL ENERGY:                        -406.974388054

 --------------------------------------------------------------------------------

 End time:                               Fri Oct 22 17:53:56 2021
 Total wall-clock time:                  1.163 seconds
==================================================================================
