
================================================================================
          _____________ ________ _______________ ________     _________         
         / ___________// ______ \\_____   _____// ______ \   / ________)        
        / /_________  / /      \ \     | |     / /      \ \ | (_______          
       |  __________|| |        | |    | |    | |        | | \________ \        
        \ \_________ | |        | |    | |     \ \______/ /___________) |       
         \__________||_|        |_|    |_|      \________//____________/        
                                                                                
====================================[ Qcore ]===================================

 Git describe: 2.3.0
 Compiler:     GNU 9.1.0
 Build type:   Release
 Version:      2.3.0

 Start time:   Fri Oct 22 17:54:00 2021

 Data directory: /work/zw18965/.local/qcore/share/entos/qcore/data
 Number of threads: 24
 Number of threads was determined by: command line argument

 --------------------------------------------------------------------------------
                                   command: dft                                  
 --------------------------------------------------------------------------------
 AO basis set:                           def2-tzvppd
 Number of AO basis functions:         177
 ECP on atom 1 (Au):                     60 electrons
 ECP on atom 2 (Au):                     60 electrons
 ECP on atom 3 (Au):                     60 electrons

 Formula:                                Au3
 Nuclear charge:                       237.000000000
 Total charge:                           0.000000000
 Number of core electrons:             180
 Number of treated electrons:           57

 Number of alpha electrons:             29
 Number of beta electrons:              28
 Number of unpaired electrons:           1
 Spin:                                   1
 Multiplicity:                           doublet

 Theory:                                 dft
 Exchange-correlation functional:        pbe0
 Method for Coulomb:                     incore_df
 Method for exact exchange:              pre_transformed_df
 Integral threshold:                     1.00e-12
 DF basis set:                           def2-universal-jkfit
 Number of DF basis functions:         741
 Schwarz screening threshold:            1.00e-10
 Coulomb fitting method:                 Cholesky
 Total number of grid points:        27360
 Method for AO orthogonalization:        symmetric
 Threshold for linear dependence:        1.00e-08
 D3BJ dispersion energy:                -0.003583235

 -------------------------------------
  Running unrestricted open-shell SCF 
 -------------------------------------
 Max number of iterations:             128
 Conv. threshold (gradient):             1.00e-05
 Conv. threshold (energy):               1.00e-06
 Interpolation scheme:                   adiis+cdiis
 Initial guess:                          SAD

 ---------------------------------------------------------------
                  energy        change          grad        time
 ---------------------------------------------------------------
   0      -407.336329573                    3.80e+00        0.06
   1      -407.210529059      1.26e-01      1.01e-01        0.04
   2      -407.203735237      6.79e-03      1.46e-01        0.04
   3      -407.219831280     -1.61e-02      2.68e-02        0.04
   4      -407.219635439      1.96e-04      3.43e-02        0.04
   5      -407.220253595     -6.18e-04      2.55e-03        0.04
   6      -407.220262326     -8.73e-06      9.73e-04        0.04
   7      -407.220263165     -8.39e-07      4.18e-04        0.04
   8      -407.220263393     -2.28e-07      9.28e-05        0.04
   9      -407.220263408     -1.49e-08      2.32e-05        0.04
  10      -407.220263409     -1.20e-09      1.64e-05        0.04
  11      -407.220263409     -1.63e-10      9.83e-06        0.04

 SCF converged in 11 iterations.

 Dipole moment (in Debye):              -0.000003      -0.000003      -0.000004

 Quadrupole moment (in Debye-Angstrom):
                  1            2            3
 1       -69.277898    -0.000004     0.000002
 2        -0.000004   -69.277898     0.000002
 3         0.000002     0.000002   -55.611999

 Spin-squared expectation <S^2>:         0.763
 Total spin quantum number S:            0.507
 TOTAL ENERGY:                        -407.220263409

 --------------------------------------------------------------------------------

 End time:                               Fri Oct 22 17:54:01 2021
 Total wall-clock time:                  1.327 seconds
==================================================================================
