
================================================================================
          _____________ ________ _______________ ________     _________         
         / ___________// ______ \\_____   _____// ______ \   / ________)        
        / /_________  / /      \ \     | |     / /      \ \ | (_______          
       |  __________|| |        | |    | |    | |        | | \________ \        
        \ \_________ | |        | |    | |     \ \______/ /___________) |       
         \__________||_|        |_|    |_|      \________//____________/        
                                                                                
====================================[ Qcore ]===================================

 Git describe: 2.3.0
 Compiler:     GNU 9.1.0
 Build type:   Release
 Version:      2.3.0

 Start time:   Fri Oct 22 17:54:01 2021

 Data directory: /work/zw18965/.local/qcore/share/entos/qcore/data
 Number of threads: 24
 Number of threads was determined by: command line argument

 --------------------------------------------------------------------------------
                                   command: dft                                  
 --------------------------------------------------------------------------------
 AO basis set:                           def2-tzvppd
 Number of AO basis functions:         253
 ECP on atom 1 (Au):                     60 electrons
 ECP on atom 2 (Au):                     60 electrons
 ECP on atom 3 (Au):                     60 electrons
 ECP on atom 4 (Au):                     60 electrons

 Formula:                                HAu4(2+)
 Nuclear charge:                       317.000000000
 Total charge:                           2.000000000
 Number of core electrons:             240
 Number of treated electrons:           75

 Number of alpha electrons:             38
 Number of beta electrons:              37
 Number of unpaired electrons:           1
 Spin:                                   1
 Multiplicity:                           doublet

 Theory:                                 dft
 Exchange-correlation functional:        pbe0
 Method for Coulomb:                     incore_df
 Method for exact exchange:              pre_transformed_df
 Integral threshold:                     1.00e-12
 DF basis set:                           def2-universal-jkfit
 Number of DF basis functions:        1006
 Schwarz screening threshold:            1.00e-10
 Coulomb fitting method:                 Cholesky
 Total number of grid points:        42370
 Method for AO orthogonalization:        symmetric
 Threshold for linear dependence:        1.00e-08
 D3BJ dispersion energy:                -0.009706638

 -------------------------------------
  Running unrestricted open-shell SCF 
 -------------------------------------
 Max number of iterations:             128
 Conv. threshold (gradient):             1.00e-05
 Conv. threshold (energy):               1.00e-06
 Interpolation scheme:                   adiis+cdiis
 Initial guess:                          SAD

 ---------------------------------------------------------------
                  energy        change          grad        time
 ---------------------------------------------------------------
   0      -543.875096171                    8.14e+00        0.17
   1      -542.743727189      1.13e+00      4.73e-01        0.12
   2      -542.685326253      5.84e-02      7.42e-01        0.11
   3      -542.845473481     -1.60e-01      7.83e-02        0.10
   4      -542.842639306      2.83e-03      1.24e-01        0.11
   5      -542.848640581     -6.00e-03      1.61e-02        0.11
   6      -542.848723405     -8.28e-05      7.67e-03        0.10
   7      -542.848751300     -2.79e-05      4.05e-03        0.10
   8      -542.848757115     -5.82e-06      2.36e-03        0.10
   9      -542.848758591     -1.48e-06      6.54e-04        0.13
  10      -542.848758856     -2.65e-07      1.97e-04        0.10
  11      -542.848758875     -1.93e-08      5.44e-05        0.10
  12      -542.848758877     -2.14e-09      1.80e-05        0.10
  13      -542.848758877     -2.35e-10      6.56e-06        0.10

 SCF converged in 13 iterations.

 Dipole moment (in Debye):               0.000000      -0.000002       0.289515

 Quadrupole moment (in Debye-Angstrom):
                  1            2            3
 1       -64.520590    -0.000003    -0.000002
 2        -0.000003   -64.520637    -0.000010
 3        -0.000002    -0.000010   -62.037070

 Spin-squared expectation <S^2>:         0.756
 Total spin quantum number S:            0.503
 TOTAL ENERGY:                        -542.848758877

 --------------------------------------------------------------------------------

 End time:                               Fri Oct 22 17:54:04 2021
 Total wall-clock time:                  3.029 seconds
==================================================================================
