
================================================================================
          _____________ ________ _______________ ________     _________         
         / ___________// ______ \\_____   _____// ______ \   / ________)        
        / /_________  / /      \ \     | |     / /      \ \ | (_______          
       |  __________|| |        | |    | |    | |        | | \________ \        
        \ \_________ | |        | |    | |     \ \______/ /___________) |       
         \__________||_|        |_|    |_|      \________//____________/        
                                                                                
====================================[ Qcore ]===================================

 Git describe: 2.3.0
 Compiler:     GNU 9.1.0
 Build type:   Release
 Version:      2.3.0

 Start time:   Fri Oct 22 17:54:04 2021

 Data directory: /work/zw18965/.local/qcore/share/entos/qcore/data
 Number of threads: 24
 Number of threads was determined by: command line argument

 --------------------------------------------------------------------------------
                                   command: dft                                  
 --------------------------------------------------------------------------------
 AO basis set:                           def2-tzvppd
 Number of AO basis functions:         253
 ECP on atom 1 (Au):                     60 electrons
 ECP on atom 2 (Au):                     60 electrons
 ECP on atom 3 (Au):                     60 electrons
 ECP on atom 4 (Au):                     60 electrons

 Formula:                                HAu4(2+)
 Nuclear charge:                       317.000000000
 Total charge:                           2.000000000
 Number of core electrons:             240
 Number of treated electrons:           75

 Number of alpha electrons:             38
 Number of beta electrons:              37
 Number of unpaired electrons:           1
 Spin:                                   1
 Multiplicity:                           doublet

 Theory:                                 dft
 Exchange-correlation functional:        pbe0
 Method for Coulomb:                     incore_df
 Method for exact exchange:              pre_transformed_df
 Integral threshold:                     1.00e-12
 DF basis set:                           def2-universal-jkfit
 Number of DF basis functions:        1006
 Schwarz screening threshold:            1.00e-10
 Coulomb fitting method:                 Cholesky
 Total number of grid points:        42370
 Method for AO orthogonalization:        symmetric
 Threshold for linear dependence:        1.00e-08
 D3BJ dispersion energy:                -0.010145033

 -------------------------------------
  Running unrestricted open-shell SCF 
 -------------------------------------
 Max number of iterations:             128
 Conv. threshold (gradient):             1.00e-05
 Conv. threshold (energy):               1.00e-06
 Interpolation scheme:                   adiis+cdiis
 Initial guess:                          SAD

 ---------------------------------------------------------------
                  energy        change          grad        time
 ---------------------------------------------------------------
   0      -543.921994169                    8.83e+00        0.17
   1      -542.764891013      1.16e+00      3.90e-01        0.13
   2      -542.751151634      1.37e-02      4.99e-01        0.11
   3      -542.848091145     -9.69e-02      6.89e-02        0.11
   4      -542.844195783      3.90e-03      1.29e-01        0.11
   5      -542.849955216     -5.76e-03      1.31e-02        0.13
   6      -542.850008003     -5.28e-05      6.14e-03        0.12
   7      -542.850020882     -1.29e-05      2.10e-03        0.13
   8      -542.850023175     -2.29e-06      1.14e-03        0.12
   9      -542.850023611     -4.35e-07      3.09e-04        0.12
  10      -542.850023691     -8.01e-08      1.10e-04        0.12
  11      -542.850023700     -9.08e-09      5.08e-05        0.12
  12      -542.850023702     -2.08e-09      2.54e-05        0.12
  13      -542.850023702     -2.95e-10      1.33e-05        0.12
  14      -542.850023702     -9.40e-11      6.11e-06        0.12

 SCF converged in 14 iterations.

 Dipole moment (in Debye):               0.000007       0.000005       0.681095

 Quadrupole moment (in Debye-Angstrom):
                  1            2            3
 1       -66.058700    -0.000000    -0.000007
 2        -0.000000   -62.950946     0.000000
 3        -0.000007     0.000000   -64.230189

 Spin-squared expectation <S^2>:         0.759
 Total spin quantum number S:            0.505
 TOTAL ENERGY:                        -542.850023702

 --------------------------------------------------------------------------------

 End time:                               Fri Oct 22 17:54:08 2021
 Total wall-clock time:                  3.411 seconds
==================================================================================
