
================================================================================
          _____________ ________ _______________ ________     _________         
         / ___________// ______ \\_____   _____// ______ \   / ________)        
        / /_________  / /      \ \     | |     / /      \ \ | (_______          
       |  __________|| |        | |    | |    | |        | | \________ \        
        \ \_________ | |        | |    | |     \ \______/ /___________) |       
         \__________||_|        |_|    |_|      \________//____________/        
                                                                                
====================================[ Qcore ]===================================

 Git describe: 2.3.0
 Compiler:     GNU 9.1.0
 Build type:   Release
 Version:      2.3.0

 Start time:   Fri Oct 22 17:54:11 2021

 Data directory: /work/zw18965/.local/qcore/share/entos/qcore/data
 Number of threads: 24
 Number of threads was determined by: command line argument

 --------------------------------------------------------------------------------
                                   command: dft                                  
 --------------------------------------------------------------------------------
 AO basis set:                           def2-tzvppd
 Number of AO basis functions:         236
 ECP on atom 1 (Au):                     60 electrons
 ECP on atom 2 (Au):                     60 electrons
 ECP on atom 3 (Au):                     60 electrons
 ECP on atom 4 (Au):                     60 electrons

 Formula:                                Au4(2+)
 Nuclear charge:                       316.000000000
 Total charge:                           2.000000000
 Number of core electrons:             240
 Number of treated electrons:           74

 Number of alpha electrons:             37
 Number of beta electrons:              37
 Number of unpaired electrons:           0
 Spin:                                   0
 Multiplicity:                           singlet

 Theory:                                 dft
 Exchange-correlation functional:        pbe0
 Method for Coulomb:                     incore_df
 Method for exact exchange:              pre_transformed_df
 Integral threshold:                     1.00e-12
 DF basis set:                           def2-universal-jkfit
 Number of DF basis functions:         988
 Schwarz screening threshold:            1.00e-10
 Coulomb fitting method:                 Cholesky
 Total number of grid points:        36480
 Method for AO orthogonalization:        symmetric
 Threshold for linear dependence:        1.00e-08
 D3BJ dispersion energy:                -0.008968571

 -------------------------------------
  Running restricted closed-shell SCF 
 -------------------------------------
 Max number of iterations:             128
 Conv. threshold (gradient):             1.00e-05
 Conv. threshold (energy):               1.00e-06
 Interpolation scheme:                   adiis+cdiis
 Initial guess:                          SAD

 ---------------------------------------------------------------
                  energy        change          grad        time
 ---------------------------------------------------------------
   0      -543.321852716                    1.45e+01        0.08
   1      -542.244248142      1.08e+00      3.85e-01        0.06
   2      -542.251292594     -7.04e-03      3.32e-01        0.05
   3      -542.295125283     -4.38e-02      6.05e-02        0.05
   4      -542.294794454      3.31e-04      7.76e-02        0.05
   5      -542.295946693     -1.15e-03      7.51e-03        0.05
   6      -542.295953228     -6.53e-06      7.58e-04        0.05
   7      -542.295953333     -1.06e-07      6.25e-05        0.05
   8      -542.295953334     -6.80e-10      4.39e-05        0.06
   9      -542.295953334     -7.94e-11      3.05e-05        0.06
  10      -542.295953334     -7.61e-11      1.64e-06        0.05

 SCF converged in 10 iterations.

 Dipole moment (in Debye):               0.000001       0.000090      -0.000040

 Quadrupole moment (in Debye-Angstrom):
                  1            2            3
 1       -62.949248     0.000003    -0.000002
 2         0.000003   -62.949771    -0.000665
 3        -0.000002    -0.000665   -62.950322

 Spin-squared expectation <S^2>:         0.000
 Total spin quantum number S:            0.000
 TOTAL ENERGY:                        -542.295953334

 --------------------------------------------------------------------------------

 End time:                               Fri Oct 22 17:54:13 2021
 Total wall-clock time:                  1.939 seconds
==================================================================================
