
================================================================================
          _____________ ________ _______________ ________     _________         
         / ___________// ______ \\_____   _____// ______ \   / ________)        
        / /_________  / /      \ \     | |     / /      \ \ | (_______          
       |  __________|| |        | |    | |    | |        | | \________ \        
        \ \_________ | |        | |    | |     \ \______/ /___________) |       
         \__________||_|        |_|    |_|      \________//____________/        
                                                                                
====================================[ Qcore ]===================================

 Git describe: 2.3.0
 Compiler:     GNU 9.1.0
 Build type:   Release
 Version:      2.3.0

 Start time:   Fri Oct 22 17:54:08 2021

 Data directory: /work/zw18965/.local/qcore/share/entos/qcore/data
 Number of threads: 24
 Number of threads was determined by: command line argument

 --------------------------------------------------------------------------------
                                   command: dft                                  
 --------------------------------------------------------------------------------
 AO basis set:                           def2-tzvppd
 Number of AO basis functions:         253
 ECP on atom 1 (Au):                     60 electrons
 ECP on atom 2 (Au):                     60 electrons
 ECP on atom 3 (Au):                     60 electrons
 ECP on atom 4 (Au):                     60 electrons

 Formula:                                HAu4(2+)
 Nuclear charge:                       317.000000000
 Total charge:                           2.000000000
 Number of core electrons:             240
 Number of treated electrons:           75

 Number of alpha electrons:             38
 Number of beta electrons:              37
 Number of unpaired electrons:           1
 Spin:                                   1
 Multiplicity:                           doublet

 Theory:                                 dft
 Exchange-correlation functional:        pbe0
 Method for Coulomb:                     incore_df
 Method for exact exchange:              pre_transformed_df
 Integral threshold:                     1.00e-12
 DF basis set:                           def2-universal-jkfit
 Number of DF basis functions:        1006
 Schwarz screening threshold:            1.00e-10
 Coulomb fitting method:                 Cholesky
 Total number of grid points:        42370
 Method for AO orthogonalization:        symmetric
 Threshold for linear dependence:        1.00e-08
 D3BJ dispersion energy:                -0.010296004

 -------------------------------------
  Running unrestricted open-shell SCF 
 -------------------------------------
 Max number of iterations:             128
 Conv. threshold (gradient):             1.00e-05
 Conv. threshold (energy):               1.00e-06
 Interpolation scheme:                   adiis+cdiis
 Initial guess:                          SAD

 ---------------------------------------------------------------
                  energy        change          grad        time
 ---------------------------------------------------------------
   0      -543.947210853                    8.96e+00        0.17
   1      -542.747506779      1.20e+00      3.02e-01        0.12
   2      -542.726864688      2.06e-02      3.88e-01        0.10
   3      -542.826160868     -9.93e-02      1.98e-01        0.10
   4      -542.794036352      3.21e-02      5.51e-01        0.10
   5      -542.830275811     -3.62e-02      1.38e-01        0.11
   6      -542.832685508     -2.41e-03      4.41e-02        0.12
   7      -542.832697810     -1.23e-05      4.44e-02        0.11
   8      -542.833032388     -3.35e-04      2.11e-03        0.14
   9      -542.833033565     -1.18e-06      8.87e-04        0.10
  10      -542.833033755     -1.90e-07      2.00e-04        0.12
  11      -542.833033778     -2.28e-08      7.10e-05        0.12
  12      -542.833033781     -3.62e-09      2.56e-05        0.12
  13      -542.833033782     -5.99e-10      1.04e-05        0.12
  14      -542.833033782     -7.78e-11      9.37e-06        0.11

 SCF converged in 14 iterations.

 Dipole moment (in Debye):              -0.000001      -0.000045      -1.243918

 Quadrupole moment (in Debye-Angstrom):
                  1            2            3
 1       -63.487947    -0.000001    -0.000000
 2        -0.000001   -63.488019    -0.000489
 3        -0.000000    -0.000489   -67.417616

 Spin-squared expectation <S^2>:         0.755
 Total spin quantum number S:            0.502
 TOTAL ENERGY:                        -542.833033782

 --------------------------------------------------------------------------------

 End time:                               Fri Oct 22 17:54:11 2021
 Total wall-clock time:                  3.259 seconds
==================================================================================
