
================================================================================
          _____________ ________ _______________ ________     _________         
         / ___________// ______ \\_____   _____// ______ \   / ________)        
        / /_________  / /      \ \     | |     / /      \ \ | (_______          
       |  __________|| |        | |    | |    | |        | | \________ \        
        \ \_________ | |        | |    | |     \ \______/ /___________) |       
         \__________||_|        |_|    |_|      \________//____________/        
                                                                                
====================================[ Qcore ]===================================

 Git describe: 2.3.0
 Compiler:     GNU 9.1.0
 Build type:   Release
 Version:      2.3.0

 Start time:   Fri Oct 22 17:54:13 2021

 Data directory: /work/zw18965/.local/qcore/share/entos/qcore/data
 Number of threads: 24
 Number of threads was determined by: command line argument

 --------------------------------------------------------------------------------
                                   command: dft                                  
 --------------------------------------------------------------------------------
 AO basis set:                           def2-tzvppd
 Number of AO basis functions:         324
 ECP on atom 1 (Au):                     60 electrons
 ECP on atom 2 (Au):                     60 electrons
 ECP on atom 3 (Au):                     60 electrons
 ECP on atom 4 (Au):                     60 electrons

 Formula:                                H3NAu4(2+)
 Nuclear charge:                       326.000000000
 Total charge:                           2.000000000
 Number of core electrons:             240
 Number of treated electrons:           84

 Number of alpha electrons:             42
 Number of beta electrons:              42
 Number of unpaired electrons:           0
 Spin:                                   0
 Multiplicity:                           singlet

 Theory:                                 dft
 Exchange-correlation functional:        pbe0
 Method for Coulomb:                     incore_df
 Method for exact exchange:              pre_transformed_df
 Integral threshold:                     1.00e-12
 DF basis set:                           def2-universal-jkfit
 Number of DF basis functions:        1119
 Schwarz screening threshold:            1.00e-10
 Coulomb fitting method:                 Cholesky
 Total number of grid points:        60950
 Method for AO orthogonalization:        symmetric
 Threshold for linear dependence:        1.00e-08
 D3BJ dispersion energy:                -0.012206291

 -------------------------------------
  Running restricted closed-shell SCF 
 -------------------------------------
 Max number of iterations:             128
 Conv. threshold (gradient):             1.00e-05
 Conv. threshold (energy):               1.00e-06
 Interpolation scheme:                   adiis+cdiis
 Initial guess:                          SAD

 ---------------------------------------------------------------
                  energy        change          grad        time
 ---------------------------------------------------------------
   0      -599.987087130                    1.96e+01        0.17
   1      -598.850289933      1.14e+00      1.53e+00        0.11
   2      -598.796727767      5.36e-02      2.35e+00        0.11
   3      -598.922296764     -1.26e-01      1.04e-01        0.12
   4      -598.921728845      5.68e-04      1.24e-01        0.12
   5      -598.924138744     -2.41e-03      9.84e-03        0.12
   6      -598.924126151      1.26e-05      1.38e-02        0.13
   7      -598.924153511     -2.74e-05      2.12e-03        0.11
   8      -598.924153674     -1.63e-07      1.28e-03        0.11
   9      -598.924153771     -9.71e-08      1.30e-04        0.13
  10      -598.924153772     -8.73e-10      2.27e-05        0.11
  11      -598.924153772     -6.86e-11      6.51e-06        0.11

 SCF converged in 11 iterations.

 Dipole moment (in Debye):              -1.094471       6.253144      -0.000004

 Quadrupole moment (in Debye-Angstrom):
                  1            2            3
 1       -70.287147    -6.166224    -0.000008
 2        -6.166224   -36.104224     0.000001
 3        -0.000008     0.000001   -71.362272

 Spin-squared expectation <S^2>:         0.000
 Total spin quantum number S:            0.000
 TOTAL ENERGY:                        -598.924153772

 --------------------------------------------------------------------------------

 End time:                               Fri Oct 22 17:54:17 2021
 Total wall-clock time:                  3.407 seconds
==================================================================================
