
================================================================================
          _____________ ________ _______________ ________     _________         
         / ___________// ______ \\_____   _____// ______ \   / ________)        
        / /_________  / /      \ \     | |     / /      \ \ | (_______          
       |  __________|| |        | |    | |    | |        | | \________ \        
        \ \_________ | |        | |    | |     \ \______/ /___________) |       
         \__________||_|        |_|    |_|      \________//____________/        
                                                                                
====================================[ Qcore ]===================================

 Git describe: 2.3.0
 Compiler:     GNU 9.1.0
 Build type:   Release
 Version:      2.3.0

 Start time:   Fri Oct 22 17:54:17 2021

 Data directory: /work/zw18965/.local/qcore/share/entos/qcore/data
 Number of threads: 24
 Number of threads was determined by: command line argument

 --------------------------------------------------------------------------------
                                   command: dft                                  
 --------------------------------------------------------------------------------
 AO basis set:                           def2-tzvppd
 Number of AO basis functions:         324
 ECP on atom 1 (Au):                     60 electrons
 ECP on atom 2 (Au):                     60 electrons
 ECP on atom 3 (Au):                     60 electrons
 ECP on atom 4 (Au):                     60 electrons

 Formula:                                H3NAu4(2+)
 Nuclear charge:                       326.000000000
 Total charge:                           2.000000000
 Number of core electrons:             240
 Number of treated electrons:           84

 Number of alpha electrons:             42
 Number of beta electrons:              42
 Number of unpaired electrons:           0
 Spin:                                   0
 Multiplicity:                           singlet

 Theory:                                 dft
 Exchange-correlation functional:        pbe0
 Method for Coulomb:                     incore_df
 Method for exact exchange:              pre_transformed_df
 Integral threshold:                     1.00e-12
 DF basis set:                           def2-universal-jkfit
 Number of DF basis functions:        1119
 Schwarz screening threshold:            1.00e-10
 Coulomb fitting method:                 Cholesky
 Total number of grid points:        60950
 Method for AO orthogonalization:        symmetric
 Threshold for linear dependence:        1.00e-08
 D3BJ dispersion energy:                -0.013414523

 -------------------------------------
  Running restricted closed-shell SCF 
 -------------------------------------
 Max number of iterations:             128
 Conv. threshold (gradient):             1.00e-05
 Conv. threshold (energy):               1.00e-06
 Interpolation scheme:                   adiis+cdiis
 Initial guess:                          SAD

 ---------------------------------------------------------------
                  energy        change          grad        time
 ---------------------------------------------------------------
   0      -599.846601865                    1.64e+01        0.18
   1      -598.749126077      1.10e+00      1.76e+00        0.13
   2      -598.095915769      6.53e-01      4.61e+00        0.13
   3      -598.819368035     -7.23e-01      1.15e+00        0.13
   4      -598.845228205     -2.59e-02      5.37e-01        0.13
   5      -598.850560350     -5.33e-03      3.22e-01        0.14
   6      -598.853165018     -2.60e-03      2.36e-01        0.13
   7      -598.855094398     -1.93e-03      2.84e-01        0.14
   8      -598.856207658     -1.11e-03      1.64e-01        0.13
   9      -598.856269239     -6.16e-05      9.69e-02        0.14
  10      -598.856583275     -3.14e-04      6.92e-02        0.14
  11      -598.856798175     -2.15e-04      1.04e-04        0.14
  12      -598.856798177     -1.50e-09      7.78e-05        0.11
  13      -598.856798177     -4.38e-10      2.03e-05        0.11
  14      -598.856798177     -4.27e-11      7.89e-06        0.11

 SCF converged in 14 iterations.

 Dipole moment (in Debye):              -0.000000      -0.000026      -4.495251

 Quadrupole moment (in Debye-Angstrom):
                  1            2            3
 1       -71.224542    -0.000002    -0.000001
 2        -0.000002   -71.224841     0.000102
 3        -0.000001     0.000102   -49.007877

 Spin-squared expectation <S^2>:         0.000
 Total spin quantum number S:            0.000
 TOTAL ENERGY:                        -598.856798177

 --------------------------------------------------------------------------------

 End time:                               Fri Oct 22 17:54:21 2021
 Total wall-clock time:                  4.077 seconds
==================================================================================
