
================================================================================
          _____________ ________ _______________ ________     _________         
         / ___________// ______ \\_____   _____// ______ \   / ________)        
        / /_________  / /      \ \     | |     / /      \ \ | (_______          
       |  __________|| |        | |    | |    | |        | | \________ \        
        \ \_________ | |        | |    | |     \ \______/ /___________) |       
         \__________||_|        |_|    |_|      \________//____________/        
                                                                                
====================================[ Qcore ]===================================

 Git describe: 2.3.0
 Compiler:     GNU 9.1.0
 Build type:   Release
 Version:      2.3.0

 Start time:   Fri Oct 22 17:54:21 2021

 Data directory: /work/zw18965/.local/qcore/share/entos/qcore/data
 Number of threads: 24
 Number of threads was determined by: command line argument

 --------------------------------------------------------------------------------
                                   command: dft                                  
 --------------------------------------------------------------------------------
 AO basis set:                           def2-tzvppd
 Number of AO basis functions:         236
 ECP on atom 1 (Au):                     60 electrons
 ECP on atom 2 (Au):                     60 electrons
 ECP on atom 3 (Au):                     60 electrons
 ECP on atom 4 (Au):                     60 electrons

 Formula:                                Au4
 Nuclear charge:                       316.000000000
 Total charge:                           0.000000000
 Number of core electrons:             240
 Number of treated electrons:           76

 Number of alpha electrons:             38
 Number of beta electrons:              38
 Number of unpaired electrons:           0
 Spin:                                   0
 Multiplicity:                           singlet

 Theory:                                 dft
 Exchange-correlation functional:        pbe0
 Method for Coulomb:                     incore_df
 Method for exact exchange:              pre_transformed_df
 Integral threshold:                     1.00e-12
 DF basis set:                           def2-universal-jkfit
 Number of DF basis functions:         988
 Schwarz screening threshold:            1.00e-10
 Coulomb fitting method:                 Cholesky
 Total number of grid points:        36480
 Method for AO orthogonalization:        symmetric
 Threshold for linear dependence:        1.00e-08
 D3BJ dispersion energy:                -0.008279778

 -------------------------------------
  Running restricted closed-shell SCF 
 -------------------------------------
 Max number of iterations:             128
 Conv. threshold (gradient):             1.00e-05
 Conv. threshold (energy):               1.00e-06
 Interpolation scheme:                   adiis+cdiis
 Initial guess:                          SAD

 ---------------------------------------------------------------
                  energy        change          grad        time
 ---------------------------------------------------------------
   0      -543.282362763                    1.36e+01        0.08
   1      -542.997546223      2.85e-01      4.01e-01        0.07
   2      -542.987745827      9.80e-03      5.31e-01        0.07
   3      -543.014748132     -2.70e-02      5.03e-02        0.06
   4      -543.014384627      3.64e-04      7.56e-02        0.06
   5      -543.015204594     -8.20e-04      9.87e-03        0.06
   6      -543.015218087     -1.35e-05      4.19e-03        0.06
   7      -543.015220869     -2.78e-06      7.00e-04        0.06
   8      -543.015221010     -1.41e-07      1.57e-04        0.07
   9      -543.015221015     -5.20e-09      7.51e-05        0.06
  10      -543.015221016     -7.50e-10      5.19e-05        0.06
  11      -543.015221016     -2.35e-10      1.36e-05        0.06
  12      -543.015221016     -2.18e-11      1.46e-06        0.06

 SCF converged in 12 iterations.

 Dipole moment (in Debye):               0.000920       0.000023       0.000009

 Quadrupole moment (in Debye-Angstrom):
                  1            2            3
 1       -85.394966     0.075287     2.074535
 2         0.075287   -93.120063     0.012485
 3         2.074535     0.012485   -90.468780

 Spin-squared expectation <S^2>:         0.000
 Total spin quantum number S:            0.000
 TOTAL ENERGY:                        -543.015221016

 --------------------------------------------------------------------------------

 End time:                               Fri Oct 22 17:54:23 2021
 Total wall-clock time:                  2.098 seconds
==================================================================================
