
================================================================================
          _____________ ________ _______________ ________     _________         
         / ___________// ______ \\_____   _____// ______ \   / ________)        
        / /_________  / /      \ \     | |     / /      \ \ | (_______          
       |  __________|| |        | |    | |    | |        | | \________ \        
        \ \_________ | |        | |    | |     \ \______/ /___________) |       
         \__________||_|        |_|    |_|      \________//____________/        
                                                                                
====================================[ Qcore ]===================================

 Git describe: 2.3.0
 Compiler:     GNU 9.1.0
 Build type:   Release
 Version:      2.3.0

 Start time:   Fri Oct 22 17:54:24 2021

 Data directory: /work/zw18965/.local/qcore/share/entos/qcore/data
 Number of threads: 24
 Number of threads was determined by: command line argument

 --------------------------------------------------------------------------------
                                   command: dft                                  
 --------------------------------------------------------------------------------
 AO basis set:                           def2-tzvppd
 Number of AO basis functions:          84

 Formula:                                HCu
 Nuclear charge:                        30.000000000
 Total charge:                           0.000000000
 Number of electrons:                   30.000000000

 Number of alpha electrons:             15
 Number of beta electrons:              15
 Number of unpaired electrons:           0
 Spin:                                   0
 Multiplicity:                           singlet

 Theory:                                 dft
 Exchange-correlation functional:        pbe0
 Method for Coulomb:                     incore_df
 Method for exact exchange:              pre_transformed_df
 Integral threshold:                     1.00e-12
 DF basis set:                           def2-universal-jkfit
 Number of DF basis functions:         282
 Schwarz screening threshold:            1.00e-10
 Coulomb fitting method:                 Cholesky
 Total number of grid points:        13826
 Method for AO orthogonalization:        symmetric
 Threshold for linear dependence:        1.00e-08
 D3BJ dispersion energy:                -0.000285993

 -------------------------------------
  Running restricted closed-shell SCF 
 -------------------------------------
 Max number of iterations:             128
 Conv. threshold (gradient):             1.00e-05
 Conv. threshold (energy):               1.00e-06
 Interpolation scheme:                   adiis+cdiis
 Initial guess:                          SAD

 ---------------------------------------------------------------
                  energy        change          grad        time
 ---------------------------------------------------------------
   0     -1640.822595523                    3.13e+00        0.01
   1     -1640.814233188      8.36e-03      4.77e-01        0.01
   2     -1640.773812522      4.04e-02      9.40e-01        0.01
   3     -1640.837595105     -6.38e-02      1.54e-01        0.01
   4     -1640.833928786      3.67e-03      2.85e-01        0.01
   5     -1640.839981129     -6.05e-03      8.55e-02        0.01
   6     -1640.838014832      1.97e-03      1.98e-01        0.01
   7     -1640.840562888     -2.55e-03      1.37e-03        0.01
   8     -1640.840563263     -3.75e-07      1.91e-04        0.01
   9     -1640.840563270     -7.30e-09      5.34e-05        0.01
  10     -1640.840563271     -4.71e-10      4.31e-06        0.01

 SCF converged in 10 iterations.

 Dipole moment (in Debye):              -0.000001      -0.000001       2.817594

 Quadrupole moment (in Debye-Angstrom):
                  1            2            3
 1       -14.673055    -0.000000    -0.000001
 2        -0.000000   -14.673055    -0.000001
 3        -0.000001    -0.000001   -14.928949

 Spin-squared expectation <S^2>:         0.000
 Total spin quantum number S:            0.000
 TOTAL ENERGY:                       -1640.840563271

 --------------------------------------------------------------------------------

 End time:                               Fri Oct 22 17:54:24 2021
 Total wall-clock time:                  0.517 seconds
==================================================================================
