
================================================================================
          _____________ ________ _______________ ________     _________         
         / ___________// ______ \\_____   _____// ______ \   / ________)        
        / /_________  / /      \ \     | |     / /      \ \ | (_______          
       |  __________|| |        | |    | |    | |        | | \________ \        
        \ \_________ | |        | |    | |     \ \______/ /___________) |       
         \__________||_|        |_|    |_|      \________//____________/        
                                                                                
====================================[ Qcore ]===================================

 Git describe: 2.3.0
 Compiler:     GNU 9.1.0
 Build type:   Release
 Version:      2.3.0

 Start time:   Fri Oct 22 17:54:23 2021

 Data directory: /work/zw18965/.local/qcore/share/entos/qcore/data
 Number of threads: 24
 Number of threads was determined by: command line argument

 --------------------------------------------------------------------------------
                                   command: dft                                  
 --------------------------------------------------------------------------------
 AO basis set:                           def2-tzvppd
 Number of AO basis functions:         107

 Formula:                                FCu
 Nuclear charge:                        38.000000000
 Total charge:                           0.000000000
 Number of electrons:                   38.000000000

 Number of alpha electrons:             19
 Number of beta electrons:              19
 Number of unpaired electrons:           0
 Spin:                                   0
 Multiplicity:                           singlet

 Theory:                                 dft
 Exchange-correlation functional:        pbe0
 Method for Coulomb:                     incore_df
 Method for exact exchange:              pre_transformed_df
 Integral threshold:                     1.00e-12
 DF basis set:                           def2-universal-jkfit
 Number of DF basis functions:         341
 Schwarz screening threshold:            1.00e-10
 Coulomb fitting method:                 Cholesky
 Total number of grid points:        14748
 Method for AO orthogonalization:        symmetric
 Threshold for linear dependence:        1.00e-08
 D3BJ dispersion energy:                -0.000329519

 -------------------------------------
  Running restricted closed-shell SCF 
 -------------------------------------
 Max number of iterations:             128
 Conv. threshold (gradient):             1.00e-05
 Conv. threshold (energy):               1.00e-06
 Interpolation scheme:                   adiis+cdiis
 Initial guess:                          SAD

 ---------------------------------------------------------------
                  energy        change          grad        time
 ---------------------------------------------------------------
   0     -1740.019408658                    2.60e+00        0.01
   1     -1739.961434052      5.80e-02      1.17e+00        0.01
   2     -1738.552974788      1.41e+00      4.26e+00        0.01
   3     -1739.947286557     -1.39e+00      1.41e+00        0.01
   4     -1740.066498535     -1.19e-01      1.19e-01        0.01
   5     -1740.059959061      6.54e-03      3.20e-01        0.01
   6     -1740.067168851     -7.21e-03      8.91e-02        0.01
   7     -1740.067710244     -5.41e-04      3.45e-02        0.01
   8     -1740.067818367     -1.08e-04      2.07e-03        0.01
   9     -1740.067819703     -1.34e-06      7.09e-04        0.01
  10     -1740.067819825     -1.22e-07      1.46e-04        0.01
  11     -1740.067819827     -2.50e-09      2.44e-05        0.01
  12     -1740.067819827     -7.62e-11      1.75e-06        0.01

 SCF converged in 12 iterations.

 Dipole moment (in Debye):              -0.000003      -0.000003       5.190615

 Quadrupole moment (in Debye-Angstrom):
                  1            2            3
 1       -17.092096     0.000001    -0.000002
 2         0.000001   -17.092096    -0.000002
 3        -0.000002    -0.000002   -19.146864

 Spin-squared expectation <S^2>:         0.000
 Total spin quantum number S:            0.000
 TOTAL ENERGY:                       -1740.067819827

 --------------------------------------------------------------------------------

 End time:                               Fri Oct 22 17:54:24 2021
 Total wall-clock time:                  0.661 seconds
==================================================================================
