
================================================================================
          _____________ ________ _______________ ________     _________         
         / ___________// ______ \\_____   _____// ______ \   / ________)        
        / /_________  / /      \ \     | |     / /      \ \ | (_______          
       |  __________|| |        | |    | |    | |        | | \________ \        
        \ \_________ | |        | |    | |     \ \______/ /___________) |       
         \__________||_|        |_|    |_|      \________//____________/        
                                                                                
====================================[ Qcore ]===================================

 Git describe: 2.3.0
 Compiler:     GNU 9.1.0
 Build type:   Release
 Version:      2.3.0

 Start time:   Fri Oct 22 17:54:25 2021

 Data directory: /work/zw18965/.local/qcore/share/entos/qcore/data
 Number of threads: 24
 Number of threads was determined by: command line argument

 --------------------------------------------------------------------------------
                                   command: dft                                  
 --------------------------------------------------------------------------------
 AO basis set:                           def2-tzvppd
 Number of AO basis functions:         134

 Formula:                                Cu2
 Nuclear charge:                        58.000000000
 Total charge:                           0.000000000
 Number of electrons:                   58.000000000

 Number of alpha electrons:             29
 Number of beta electrons:              29
 Number of unpaired electrons:           0
 Spin:                                   0
 Multiplicity:                           singlet

 Theory:                                 dft
 Exchange-correlation functional:        pbe0
 Method for Coulomb:                     incore_df
 Method for exact exchange:              pre_transformed_df
 Integral threshold:                     1.00e-12
 DF basis set:                           def2-universal-jkfit
 Number of DF basis functions:         528
 Schwarz screening threshold:            1.00e-10
 Coulomb fitting method:                 Cholesky
 Total number of grid points:        15872
 Method for AO orthogonalization:        symmetric
 Threshold for linear dependence:        1.00e-08
 D3BJ dispersion energy:                -0.001015807

 -------------------------------------
  Running restricted closed-shell SCF 
 -------------------------------------
 Max number of iterations:             128
 Conv. threshold (gradient):             1.00e-05
 Conv. threshold (energy):               1.00e-06
 Interpolation scheme:                   adiis+cdiis
 Initial guess:                          SAD

 ---------------------------------------------------------------
                  energy        change          grad        time
 ---------------------------------------------------------------
   0     -3280.630367433                    3.23e+00        0.02
   1     -3280.547869464      8.25e-02      1.86e-01        0.02
   2     -3280.545379997      2.49e-03      2.52e-01        0.01
   3     -3280.552741640     -7.36e-03      1.05e-01        0.02
   4     -3280.550890578      1.85e-03      1.44e-01        0.01
   5     -3280.554776387     -3.89e-03      1.92e-02        0.01
   6     -3280.554414136      3.62e-04      4.49e-02        0.01
   7     -3280.554850666     -4.37e-04      2.91e-04        0.01
   8     -3280.554850705     -3.87e-08      8.58e-05        0.01
   9     -3280.554850706     -1.43e-09      1.39e-05        0.01
  10     -3280.554850706     -1.32e-11      1.20e-05        0.01
  11     -3280.554850706     -1.96e-11      6.35e-07        0.01

 SCF converged in 11 iterations.

 Dipole moment (in Debye):               0.000002       0.000002       0.000002

 Quadrupole moment (in Debye-Angstrom):
                  1            2            3
 1       -27.827448    -0.000001     0.000000
 2        -0.000001   -27.827448     0.000000
 3         0.000000     0.000000   -20.295981

 Spin-squared expectation <S^2>:         0.000
 Total spin quantum number S:            0.000
 TOTAL ENERGY:                       -3280.554850706

 --------------------------------------------------------------------------------

 End time:                               Fri Oct 22 17:54:26 2021
 Total wall-clock time:                  0.720 seconds
==================================================================================
