
================================================================================
          _____________ ________ _______________ ________     _________         
         / ___________// ______ \\_____   _____// ______ \   / ________)        
        / /_________  / /      \ \     | |     / /      \ \ | (_______          
       |  __________|| |        | |    | |    | |        | | \________ \        
        \ \_________ | |        | |    | |     \ \______/ /___________) |       
         \__________||_|        |_|    |_|      \________//____________/        
                                                                                
====================================[ Qcore ]===================================

 Git describe: 2.3.0
 Compiler:     GNU 9.1.0
 Build type:   Release
 Version:      2.3.0

 Start time:   Fri Oct 22 17:54:26 2021

 Data directory: /work/zw18965/.local/qcore/share/entos/qcore/data
 Number of threads: 24
 Number of threads was determined by: command line argument

 --------------------------------------------------------------------------------
                                   command: dft                                  
 --------------------------------------------------------------------------------
 AO basis set:                           def2-tzvppd
 Number of AO basis functions:         201

 Formula:                                Cu3+
 Nuclear charge:                        87.000000000
 Total charge:                           1.000000000
 Number of electrons:                   86.000000000

 Number of alpha electrons:             43
 Number of beta electrons:              43
 Number of unpaired electrons:           0
 Spin:                                   0
 Multiplicity:                           singlet

 Theory:                                 dft
 Exchange-correlation functional:        pbe0
 Method for Coulomb:                     incore_df
 Method for exact exchange:              pre_transformed_df
 Integral threshold:                     1.00e-12
 DF basis set:                           def2-universal-jkfit
 Number of DF basis functions:         792
 Schwarz screening threshold:            1.00e-10
 Coulomb fitting method:                 Cholesky
 Total number of grid points:        23808
 Method for AO orthogonalization:        symmetric
 Threshold for linear dependence:        1.00e-08
 D3BJ dispersion energy:                -0.002988757

 -------------------------------------
  Running restricted closed-shell SCF 
 -------------------------------------
 Max number of iterations:             128
 Conv. threshold (gradient):             1.00e-05
 Conv. threshold (energy):               1.00e-06
 Interpolation scheme:                   adiis+cdiis
 Initial guess:                          SAD

 ---------------------------------------------------------------
                  energy        change          grad        time
 ---------------------------------------------------------------
   0     -4921.095826836                    6.80e+00        0.04
   1     -4920.606392832      4.89e-01      3.89e-01        0.04
   2     -4920.528328664      7.81e-02      6.97e-01        0.03
   3     -4920.625882878     -9.76e-02      1.72e-01        0.03
   4     -4920.622431554      3.45e-03      2.10e-01        0.03
   5     -4920.630452069     -8.02e-03      2.89e-02        0.04
   6     -4920.630236422      2.16e-04      4.60e-02        0.04
   7     -4920.630541122     -3.05e-04      3.04e-04        0.03
   8     -4920.630541150     -2.84e-08      1.01e-04        0.04
   9     -4920.630541152     -2.36e-09      5.80e-05        0.04
  10     -4920.630541153     -2.78e-10      2.18e-05        0.04
  11     -4920.630541153     -7.00e-11      1.90e-06        0.04

 SCF converged in 11 iterations.

 Dipole moment (in Debye):               0.000001       0.000138      -0.000001

 Quadrupole moment (in Debye-Angstrom):
                  1            2            3
 1       -23.199444     0.000000    -0.000000
 2         0.000000   -23.199236     0.000001
 3        -0.000000     0.000001   -35.232751

 Spin-squared expectation <S^2>:         0.000
 Total spin quantum number S:            0.000
 TOTAL ENERGY:                       -4920.630541153

 --------------------------------------------------------------------------------

 End time:                               Fri Oct 22 17:54:27 2021
 Total wall-clock time:                  1.248 seconds
==================================================================================
