
================================================================================
          _____________ ________ _______________ ________     _________         
         / ___________// ______ \\_____   _____// ______ \   / ________)        
        / /_________  / /      \ \     | |     / /      \ \ | (_______          
       |  __________|| |        | |    | |    | |        | | \________ \        
        \ \_________ | |        | |    | |     \ \______/ /___________) |       
         \__________||_|        |_|    |_|      \________//____________/        
                                                                                
====================================[ Qcore ]===================================

 Git describe: 2.3.0
 Compiler:     GNU 9.1.0
 Build type:   Release
 Version:      2.3.0

 Start time:   Fri Oct 22 17:54:30 2021

 Data directory: /work/zw18965/.local/qcore/share/entos/qcore/data
 Number of threads: 24
 Number of threads was determined by: command line argument

 --------------------------------------------------------------------------------
                                   command: dft                                  
 --------------------------------------------------------------------------------
 AO basis set:                           def2-tzvppd
 Number of AO basis functions:         201

 Formula:                                Cu3
 Nuclear charge:                        87.000000000
 Total charge:                           0.000000000
 Number of electrons:                   87.000000000

 Number of alpha electrons:             44
 Number of beta electrons:              43
 Number of unpaired electrons:           1
 Spin:                                   1
 Multiplicity:                           doublet

 Theory:                                 dft
 Exchange-correlation functional:        pbe0
 Method for Coulomb:                     incore_df
 Method for exact exchange:              pre_transformed_df
 Integral threshold:                     1.00e-12
 DF basis set:                           def2-universal-jkfit
 Number of DF basis functions:         792
 Schwarz screening threshold:            1.00e-10
 Coulomb fitting method:                 Cholesky
 Total number of grid points:        23808
 Method for AO orthogonalization:        symmetric
 Threshold for linear dependence:        1.00e-08
 D3BJ dispersion energy:                -0.002517911

 -------------------------------------
  Running unrestricted open-shell SCF 
 -------------------------------------
 Max number of iterations:             128
 Conv. threshold (gradient):             1.00e-05
 Conv. threshold (energy):               1.00e-06
 Interpolation scheme:                   adiis+cdiis
 Initial guess:                          SAD

 ---------------------------------------------------------------
                  energy        change          grad        time
 ---------------------------------------------------------------
   0     -4920.985377213                    2.46e+00        0.06
   1     -4920.820682152      1.65e-01      1.07e-01        0.05
   2     -4920.805408868      1.53e-02      1.85e-01        0.05
   3     -4920.829686606     -2.43e-02      3.27e-02        0.05
   4     -4920.829159602      5.27e-04      4.42e-02        0.05
   5     -4920.830764133     -1.60e-03      5.25e-03        0.05
   6     -4920.830771923     -7.79e-06      2.63e-03        0.05
   7     -4920.830778415     -6.49e-06      6.43e-04        0.05
   8     -4920.830778828     -4.13e-07      1.82e-04        0.05
   9     -4920.830778852     -2.45e-08      6.98e-05        0.06
  10     -4920.830778856     -3.62e-09      8.70e-06        0.06

 SCF converged in 10 iterations.

 Dipole moment (in Debye):               0.000002       0.000002       0.000038

 Quadrupole moment (in Debye-Angstrom):
                  1            2            3
 1       -41.292976    -0.000001    -0.000001
 2        -0.000001   -41.292976    -0.000001
 3        -0.000001    -0.000001   -29.848675

 Spin-squared expectation <S^2>:         0.765
 Total spin quantum number S:            0.507
 TOTAL ENERGY:                       -4920.830778856

 --------------------------------------------------------------------------------

 End time:                               Fri Oct 22 17:54:32 2021
 Total wall-clock time:                  1.396 seconds
==================================================================================
