
================================================================================
          _____________ ________ _______________ ________     _________         
         / ___________// ______ \\_____   _____// ______ \   / ________)        
        / /_________  / /      \ \     | |     / /      \ \ | (_______          
       |  __________|| |        | |    | |    | |        | | \________ \        
        \ \_________ | |        | |    | |     \ \______/ /___________) |       
         \__________||_|        |_|    |_|      \________//____________/        
                                                                                
====================================[ Qcore ]===================================

 Git describe: 2.3.0
 Compiler:     GNU 9.1.0
 Build type:   Release
 Version:      2.3.0

 Start time:   Fri Oct 22 17:54:27 2021

 Data directory: /work/zw18965/.local/qcore/share/entos/qcore/data
 Number of threads: 24
 Number of threads was determined by: command line argument

 --------------------------------------------------------------------------------
                                   command: dft                                  
 --------------------------------------------------------------------------------
 AO basis set:                           def2-tzvppd
 Number of AO basis functions:         201

 Formula:                                Cu3+
 Nuclear charge:                        87.000000000
 Total charge:                           1.000000000
 Number of electrons:                   86.000000000

 Number of alpha electrons:             43
 Number of beta electrons:              43
 Number of unpaired electrons:           0
 Spin:                                   0
 Multiplicity:                           singlet

 Theory:                                 dft
 Exchange-correlation functional:        pbe0
 Method for Coulomb:                     incore_df
 Method for exact exchange:              pre_transformed_df
 Integral threshold:                     1.00e-12
 DF basis set:                           def2-universal-jkfit
 Number of DF basis functions:         792
 Schwarz screening threshold:            1.00e-10
 Coulomb fitting method:                 Cholesky
 Total number of grid points:        23808
 Method for AO orthogonalization:        symmetric
 Threshold for linear dependence:        1.00e-08
 D3BJ dispersion energy:                -0.002484569

 -------------------------------------
  Running restricted closed-shell SCF 
 -------------------------------------
 Max number of iterations:             128
 Conv. threshold (gradient):             1.00e-05
 Conv. threshold (energy):               1.00e-06
 Interpolation scheme:                   adiis+cdiis
 Initial guess:                          SAD

 ---------------------------------------------------------------
                  energy        change          grad        time
 ---------------------------------------------------------------
   0     -4920.954873163                    4.56e+00        0.04
   1     -4920.555399053      3.99e-01      2.47e-01        0.04
   2     -4920.513449775      4.19e-02      4.73e-01        0.03
   3     -4920.570163293     -5.67e-02      8.66e-02        0.03
   4     -4920.562447792      7.72e-03      2.20e-01        0.03
   5     -4920.571779515     -9.33e-03      4.46e-03        0.03
   6     -4920.571782127     -2.61e-06      5.87e-03        0.03
   7     -4920.571786140     -4.01e-06      6.48e-04        0.03
   8     -4920.571786251     -1.11e-07      9.43e-05        0.03
   9     -4920.571786254     -3.13e-09      4.49e-05        0.03
  10     -4920.571786255     -5.18e-10      1.10e-05        0.04
  11     -4920.571786255     -6.37e-12      1.18e-05        0.03
  12     -4920.571786255     -2.73e-11      8.63e-07        0.04

 SCF converged in 12 iterations.

 Dipole moment (in Debye):              -0.000001      -0.000001       0.000016

 Quadrupole moment (in Debye-Angstrom):
                  1            2            3
 1       -35.236177     0.000001    -0.000001
 2         0.000001   -35.236177    -0.000001
 3        -0.000001    -0.000001     3.410849

 Spin-squared expectation <S^2>:         0.000
 Total spin quantum number S:            0.000
 TOTAL ENERGY:                       -4920.571786255

 --------------------------------------------------------------------------------

 End time:                               Fri Oct 22 17:54:28 2021
 Total wall-clock time:                  1.245 seconds
==================================================================================
