
================================================================================
          _____________ ________ _______________ ________     _________         
         / ___________// ______ \\_____   _____// ______ \   / ________)        
        / /_________  / /      \ \     | |     / /      \ \ | (_______          
       |  __________|| |        | |    | |    | |        | | \________ \        
        \ \_________ | |        | |    | |     \ \______/ /___________) |       
         \__________||_|        |_|    |_|      \________//____________/        
                                                                                
====================================[ Qcore ]===================================

 Git describe: 2.3.0
 Compiler:     GNU 9.1.0
 Build type:   Release
 Version:      2.3.0

 Start time:   Fri Oct 22 17:54:28 2021

 Data directory: /work/zw18965/.local/qcore/share/entos/qcore/data
 Number of threads: 24
 Number of threads was determined by: command line argument

 --------------------------------------------------------------------------------
                                   command: dft                                  
 --------------------------------------------------------------------------------
 AO basis set:                           def2-tzvppd
 Number of AO basis functions:         201

 Formula:                                Cu3
 Nuclear charge:                        87.000000000
 Total charge:                           0.000000000
 Number of electrons:                   87.000000000

 Number of alpha electrons:             44
 Number of beta electrons:              43
 Number of unpaired electrons:           1
 Spin:                                   1
 Multiplicity:                           doublet

 Theory:                                 dft
 Exchange-correlation functional:        pbe0
 Method for Coulomb:                     incore_df
 Method for exact exchange:              pre_transformed_df
 Integral threshold:                     1.00e-12
 DF basis set:                           def2-universal-jkfit
 Number of DF basis functions:         792
 Schwarz screening threshold:            1.00e-10
 Coulomb fitting method:                 Cholesky
 Total number of grid points:        23808
 Method for AO orthogonalization:        symmetric
 Threshold for linear dependence:        1.00e-08
 D3BJ dispersion energy:                -0.002989116

 -------------------------------------
  Running unrestricted open-shell SCF 
 -------------------------------------
 Max number of iterations:             128
 Conv. threshold (gradient):             1.00e-05
 Conv. threshold (energy):               1.00e-06
 Interpolation scheme:                   adiis+cdiis
 Initial guess:                          SAD

 ---------------------------------------------------------------
                  energy        change          grad        time
 ---------------------------------------------------------------
   0     -4921.099745632                    3.42e+00        0.07
   1     -4920.820044815      2.80e-01      1.92e-01        0.06
   2     -4920.784745098      3.53e-02      3.04e-01        0.05
   3     -4920.834987931     -5.02e-02      5.32e-02        0.05
   4     -4920.835062490     -7.46e-05      6.91e-02        0.06
   5     -4920.836563188     -1.50e-03      1.60e-02        0.06
   6     -4920.836639929     -7.67e-05      5.24e-03        0.05
   7     -4920.836655043     -1.51e-05      2.92e-03        0.06
   8     -4920.836658033     -2.99e-06      1.16e-03        0.06
   9     -4920.836658542     -5.09e-07      8.08e-04        0.06
  10     -4920.836658915     -3.73e-07      3.79e-04        0.06
  11     -4920.836658986     -7.09e-08      1.10e-04        0.06
  12     -4920.836659002     -1.63e-08      4.54e-05        0.06
  13     -4920.836659008     -5.74e-09      2.44e-05        0.06
  14     -4920.836659011     -2.60e-09      2.04e-05        0.06
  15     -4920.836659017     -6.15e-09      2.32e-05        0.06
  16     -4920.836659020     -3.73e-09      2.24e-05        0.06
  17     -4920.836659047     -2.62e-08      2.16e-05        0.06
  18     -4920.836659133     -8.61e-08      1.63e-05        0.06
  19     -4920.836659175     -4.26e-08      1.00e-05        0.06
  20     -4920.836659182     -6.93e-09      7.21e-06        0.06

 SCF converged in 20 iterations.

 Dipole moment (in Debye):              -0.000640      -0.808369       0.000002

 Quadrupole moment (in Debye-Angstrom):
                  1            2            3
 1       -33.358261     0.004367    -0.000001
 2         0.004367   -45.155091    -0.000000
 3        -0.000001    -0.000000   -41.287264

 Spin-squared expectation <S^2>:         0.764
 Total spin quantum number S:            0.507
 TOTAL ENERGY:                       -4920.836659189

 --------------------------------------------------------------------------------

 End time:                               Fri Oct 22 17:54:30 2021
 Total wall-clock time:                  2.075 seconds
==================================================================================
