
================================================================================
          _____________ ________ _______________ ________     _________         
         / ___________// ______ \\_____   _____// ______ \   / ________)        
        / /_________  / /      \ \     | |     / /      \ \ | (_______          
       |  __________|| |        | |    | |    | |        | | \________ \        
        \ \_________ | |        | |    | |     \ \______/ /___________) |       
         \__________||_|        |_|    |_|      \________//____________/        
                                                                                
====================================[ Qcore ]===================================

 Git describe: 2.3.0
 Compiler:     GNU 9.1.0
 Build type:   Release
 Version:      2.3.0

 Start time:   Fri Oct 22 17:54:44 2021

 Data directory: /work/zw18965/.local/qcore/share/entos/qcore/data
 Number of threads: 24
 Number of threads was determined by: command line argument

 --------------------------------------------------------------------------------
                                   command: dft                                  
 --------------------------------------------------------------------------------
 AO basis set:                           def2-tzvppd
 Number of AO basis functions:         268

 Formula:                                Cu4(2+)
 Nuclear charge:                       116.000000000
 Total charge:                           2.000000000
 Number of electrons:                  114.000000000

 Number of alpha electrons:             57
 Number of beta electrons:              57
 Number of unpaired electrons:           0
 Spin:                                   0
 Multiplicity:                           singlet

 Theory:                                 dft
 Exchange-correlation functional:        pbe0
 Method for Coulomb:                     incore_df
 Method for exact exchange:              pre_transformed_df
 Integral threshold:                     1.00e-12
 DF basis set:                           def2-universal-jkfit
 Number of DF basis functions:        1056
 Schwarz screening threshold:            1.00e-10
 Coulomb fitting method:                 Cholesky
 Total number of grid points:        31744
 Method for AO orthogonalization:        symmetric
 Threshold for linear dependence:        1.00e-08
 D3BJ dispersion energy:                -0.005959315

 -------------------------------------
  Running restricted closed-shell SCF 
 -------------------------------------
 Max number of iterations:             128
 Conv. threshold (gradient):             1.00e-05
 Conv. threshold (energy):               1.00e-06
 Interpolation scheme:                   adiis+cdiis
 Initial guess:                          SAD

 ---------------------------------------------------------------
                  energy        change          grad        time
 ---------------------------------------------------------------
   0     -6561.588232241                    9.95e+00        0.09
   1     -6560.453381341      1.13e+00      5.44e-01        0.07
   2     -6560.225700121      2.28e-01      1.13e+00        0.07
   3     -6560.506593118     -2.81e-01      2.73e-01        0.07
   4     -6560.503175723      3.42e-03      3.21e-01        0.08
   5     -6560.522234465     -1.91e-02      1.20e-02        0.08
   6     -6560.522145531      8.89e-05      2.40e-02        0.08
   7     -6560.522259262     -1.14e-04      1.07e-03        0.08
   8     -6560.522259412     -1.50e-07      2.25e-04        0.08
   9     -6560.522259412     -5.37e-11      2.90e-04        0.07
  10     -6560.522259417     -5.39e-09      1.79e-05        0.07
  11     -6560.522259417     -1.03e-10      1.92e-06        0.08

 SCF converged in 11 iterations.

 Dipole moment (in Debye):              -0.000005      -0.000058      -0.000061

 Quadrupole moment (in Debye-Angstrom):
                  1            2            3
 1       -28.585615    -0.000019    -0.000008
 2        -0.000019   -28.586412    -0.000055
 3        -0.000008    -0.000055   -28.585783

 Spin-squared expectation <S^2>:         0.000
 Total spin quantum number S:            0.000
 TOTAL ENERGY:                       -6560.522259417

 --------------------------------------------------------------------------------

 End time:                               Fri Oct 22 17:54:46 2021
 Total wall-clock time:                  2.102 seconds
==================================================================================
