
================================================================================
          _____________ ________ _______________ ________     _________         
         / ___________// ______ \\_____   _____// ______ \   / ________)        
        / /_________  / /      \ \     | |     / /      \ \ | (_______          
       |  __________|| |        | |    | |    | |        | | \________ \        
        \ \_________ | |        | |    | |     \ \______/ /___________) |       
         \__________||_|        |_|    |_|      \________//____________/        
                                                                                
====================================[ Qcore ]===================================

 Git describe: 2.3.0
 Compiler:     GNU 9.1.0
 Build type:   Release
 Version:      2.3.0

 Start time:   Fri Oct 22 17:54:46 2021

 Data directory: /work/zw18965/.local/qcore/share/entos/qcore/data
 Number of threads: 24
 Number of threads was determined by: command line argument

 --------------------------------------------------------------------------------
                                   command: dft                                  
 --------------------------------------------------------------------------------
 AO basis set:                           def2-tzvppd
 Number of AO basis functions:         356

 Formula:                                H3NCu4(2+)
 Nuclear charge:                       126.000000000
 Total charge:                           2.000000000
 Number of electrons:                  124.000000000

 Number of alpha electrons:             62
 Number of beta electrons:              62
 Number of unpaired electrons:           0
 Spin:                                   0
 Multiplicity:                           singlet

 Theory:                                 dft
 Exchange-correlation functional:        pbe0
 Method for Coulomb:                     incore_df
 Method for exact exchange:              pre_transformed_df
 Integral threshold:                     1.00e-12
 DF basis set:                           def2-universal-jkfit
 Number of DF basis functions:        1187
 Schwarz screening threshold:            1.00e-10
 Coulomb fitting method:                 Cholesky
 Total number of grid points:        56214
 Method for AO orthogonalization:        symmetric
 Threshold for linear dependence:        1.00e-08
 D3BJ dispersion energy:                -0.008978355

 -------------------------------------
  Running restricted closed-shell SCF 
 -------------------------------------
 Max number of iterations:             128
 Conv. threshold (gradient):             1.00e-05
 Conv. threshold (energy):               1.00e-06
 Interpolation scheme:                   adiis+cdiis
 Initial guess:                          SAD

 ---------------------------------------------------------------
                  energy        change          grad        time
 ---------------------------------------------------------------
   0     -6618.291479070                    1.37e+01        0.19
   1     -6617.039942006      1.25e+00      1.63e+00        0.17
   2     -6616.740251758      3.00e-01      2.55e+00        0.14
   3     -6617.121549364     -3.81e-01      8.69e-01        0.16
   4     -6617.121793820     -2.44e-04      6.48e-01        0.17
   5     -6617.138189683     -1.64e-02      2.49e-01        0.16
   6     -6617.123389204      1.48e-02      7.32e-01        0.16
   7     -6617.139079212     -1.57e-02      1.27e-01        0.16
   8     -6617.140414289     -1.34e-03      1.06e-01        0.17
   9     -6617.139818251      5.96e-04      2.12e-01        0.17
  10     -6617.140732754     -9.15e-04      3.86e-02        0.18
  11     -6617.140582140      1.51e-04      1.02e-01        0.18
  12     -6617.140903372     -3.21e-04      2.39e-04        0.18
  13     -6617.140903374     -1.45e-09      2.13e-05        0.16
  14     -6617.140903374     -6.37e-11      1.37e-05        0.15
  15     -6617.140903374     -9.09e-13      8.88e-06        0.16

 SCF converged in 15 iterations.

 Dipole moment (in Debye):               0.554736       3.205121      -0.000004

 Quadrupole moment (in Debye-Angstrom):
                  1            2            3
 1       -35.274649     4.320695     0.000001
 2         4.320695   -11.131689     0.000003
 3         0.000001     0.000003   -36.020266

 Spin-squared expectation <S^2>:         0.000
 Total spin quantum number S:            0.000
 TOTAL ENERGY:                       -6617.140903374

 --------------------------------------------------------------------------------

 End time:                               Fri Oct 22 17:54:51 2021
 Total wall-clock time:                  4.563 seconds
==================================================================================
