
================================================================================
          _____________ ________ _______________ ________     _________         
         / ___________// ______ \\_____   _____// ______ \   / ________)        
        / /_________  / /      \ \     | |     / /      \ \ | (_______          
       |  __________|| |        | |    | |    | |        | | \________ \        
        \ \_________ | |        | |    | |     \ \______/ /___________) |       
         \__________||_|        |_|    |_|      \________//____________/        
                                                                                
====================================[ Qcore ]===================================

 Git describe: 2.3.0
 Compiler:     GNU 9.1.0
 Build type:   Release
 Version:      2.3.0

 Start time:   Fri Oct 22 17:54:36 2021

 Data directory: /work/zw18965/.local/qcore/share/entos/qcore/data
 Number of threads: 24
 Number of threads was determined by: command line argument

 --------------------------------------------------------------------------------
                                   command: dft                                  
 --------------------------------------------------------------------------------
 AO basis set:                           def2-tzvppd
 Number of AO basis functions:         285

 Formula:                                HCu4(2+)
 Nuclear charge:                       117.000000000
 Total charge:                           2.000000000
 Number of electrons:                  115.000000000

 Number of alpha electrons:             58
 Number of beta electrons:              57
 Number of unpaired electrons:           1
 Spin:                                   1
 Multiplicity:                           doublet

 Theory:                                 dft
 Exchange-correlation functional:        pbe0
 Method for Coulomb:                     incore_df
 Method for exact exchange:              pre_transformed_df
 Integral threshold:                     1.00e-12
 DF basis set:                           def2-universal-jkfit
 Number of DF basis functions:        1074
 Schwarz screening threshold:            1.00e-10
 Coulomb fitting method:                 Cholesky
 Total number of grid points:        37634
 Method for AO orthogonalization:        symmetric
 Threshold for linear dependence:        1.00e-08
 D3BJ dispersion energy:                -0.006928814

 -------------------------------------
  Running unrestricted open-shell SCF 
 -------------------------------------
 Max number of iterations:             128
 Conv. threshold (gradient):             1.00e-05
 Conv. threshold (energy):               1.00e-06
 Interpolation scheme:                   adiis+cdiis
 Initial guess:                          SAD

 ---------------------------------------------------------------
                  energy        change          grad        time
 ---------------------------------------------------------------
   0     -6562.197731272                    6.04e+00        0.18
   1     -6560.933201245      1.26e+00      7.16e-01        0.16
   2     -6560.416540542      5.17e-01      1.44e+00        0.14
   3     -6561.032384826     -6.16e-01      4.30e-01        0.15
   4     -6561.052253067     -1.99e-02      3.43e-01        0.15
   5     -6561.072963305     -2.07e-02      1.32e-01        0.15
   6     -6561.065978002      6.99e-03      2.00e-01        0.16
   7     -6561.073908535     -7.93e-03      9.15e-02        0.18
   8     -6561.073706412      2.02e-04      7.93e-02        0.17
   9     -6561.075685931     -1.98e-03      9.10e-04        0.15
  10     -6561.075686245     -3.13e-07      1.05e-03        0.14
  11     -6561.075686383     -1.38e-07      2.95e-04        0.13
  12     -6561.075686400     -1.73e-08      7.19e-05        0.13
  13     -6561.075686402     -2.13e-09      6.27e-05        0.13
  14     -6561.075686403     -9.44e-10      1.71e-05        0.13
  15     -6561.075686403     -1.36e-10      5.94e-06        0.13

 SCF converged in 15 iterations.

 Dipole moment (in Debye):              -0.521261       0.001387      -0.003934

 Quadrupole moment (in Debye-Angstrom):
                  1            2            3
 1       -30.410403     0.004404    -0.008998
 2         0.004404   -28.885616    -0.058776
 3        -0.008998    -0.058776   -30.284729

 Spin-squared expectation <S^2>:         0.758
 Total spin quantum number S:            0.504
 TOTAL ENERGY:                       -6561.075686403

 --------------------------------------------------------------------------------

 End time:                               Fri Oct 22 17:54:40 2021
 Total wall-clock time:                  3.735 seconds
==================================================================================
