
================================================================================
          _____________ ________ _______________ ________     _________         
         / ___________// ______ \\_____   _____// ______ \   / ________)        
        / /_________  / /      \ \     | |     / /      \ \ | (_______          
       |  __________|| |        | |    | |    | |        | | \________ \        
        \ \_________ | |        | |    | |     \ \______/ /___________) |       
         \__________||_|        |_|    |_|      \________//____________/        
                                                                                
====================================[ Qcore ]===================================

 Git describe: 2.3.0
 Compiler:     GNU 9.1.0
 Build type:   Release
 Version:      2.3.0

 Start time:   Fri Oct 22 17:54:32 2021

 Data directory: /work/zw18965/.local/qcore/share/entos/qcore/data
 Number of threads: 24
 Number of threads was determined by: command line argument

 --------------------------------------------------------------------------------
                                   command: dft                                  
 --------------------------------------------------------------------------------
 AO basis set:                           def2-tzvppd
 Number of AO basis functions:         285

 Formula:                                HCu4(2+)
 Nuclear charge:                       117.000000000
 Total charge:                           2.000000000
 Number of electrons:                  115.000000000

 Number of alpha electrons:             58
 Number of beta electrons:              57
 Number of unpaired electrons:           1
 Spin:                                   1
 Multiplicity:                           doublet

 Theory:                                 dft
 Exchange-correlation functional:        pbe0
 Method for Coulomb:                     incore_df
 Method for exact exchange:              pre_transformed_df
 Integral threshold:                     1.00e-12
 DF basis set:                           def2-universal-jkfit
 Number of DF basis functions:        1074
 Schwarz screening threshold:            1.00e-10
 Coulomb fitting method:                 Cholesky
 Total number of grid points:        37634
 Method for AO orthogonalization:        symmetric
 Threshold for linear dependence:        1.00e-08
 D3BJ dispersion energy:                -0.006643087

 -------------------------------------
  Running unrestricted open-shell SCF 
 -------------------------------------
 Max number of iterations:             128
 Conv. threshold (gradient):             1.00e-05
 Conv. threshold (energy):               1.00e-06
 Interpolation scheme:                   adiis+cdiis
 Initial guess:                          SAD

 ---------------------------------------------------------------
                  energy        change          grad        time
 ---------------------------------------------------------------
   0     -6562.122318084                    5.32e+00        0.18
   1     -6560.839881263      1.28e+00      1.09e+00        0.16
   2     -6560.075636205      7.64e-01      1.83e+00        0.14
   3     -6560.975575472     -9.00e-01      6.28e-01        0.14
   4     -6561.012834565     -3.73e-02      5.89e-01        0.15
   5     -6561.033107328     -2.03e-02      3.27e-01        0.15
   6     -6561.024585629      8.52e-03      2.28e-01        0.15
   7     -6561.049053060     -2.45e-02      1.09e-01        0.16
   8     -6561.046531713      2.52e-03      1.86e-01        0.16
   9     -6561.049993711     -3.46e-03      4.37e-02        0.18
  10     -6561.049675000      3.19e-04      3.92e-02        0.20
  11     -6561.050460259     -7.85e-04      4.81e-03        0.18
  12     -6561.050467447     -7.19e-06      1.17e-03        0.15
  13     -6561.050467754     -3.07e-07      3.23e-04        0.15
  14     -6561.050467781     -2.71e-08      1.19e-04        0.15
  15     -6561.050467789     -8.49e-09      4.76e-05        0.14
  16     -6561.050467792     -2.39e-09      1.85e-05        0.13
  17     -6561.050467792     -2.64e-10      7.56e-06        0.13

 SCF converged in 17 iterations.

 Dipole moment (in Debye):              -0.000000       0.000157      -0.494036

 Quadrupole moment (in Debye-Angstrom):
                  1            2            3
 1       -29.685256    -0.000001    -0.000000
 2        -0.000001   -29.684931     0.000008
 3        -0.000000     0.000008   -29.351980

 Spin-squared expectation <S^2>:         0.756
 Total spin quantum number S:            0.503
 TOTAL ENERGY:                       -6561.050467792

 --------------------------------------------------------------------------------

 End time:                               Fri Oct 22 17:54:36 2021
 Total wall-clock time:                  4.161 seconds
==================================================================================
