
================================================================================
          _____________ ________ _______________ ________     _________         
         / ___________// ______ \\_____   _____// ______ \   / ________)        
        / /_________  / /      \ \     | |     / /      \ \ | (_______          
       |  __________|| |        | |    | |    | |        | | \________ \        
        \ \_________ | |        | |    | |     \ \______/ /___________) |       
         \__________||_|        |_|    |_|      \________//____________/        
                                                                                
====================================[ Qcore ]===================================

 Git describe: 2.3.0
 Compiler:     GNU 9.1.0
 Build type:   Release
 Version:      2.3.0

 Start time:   Fri Oct 22 17:54:40 2021

 Data directory: /work/zw18965/.local/qcore/share/entos/qcore/data
 Number of threads: 24
 Number of threads was determined by: command line argument

 --------------------------------------------------------------------------------
                                   command: dft                                  
 --------------------------------------------------------------------------------
 AO basis set:                           def2-tzvppd
 Number of AO basis functions:         285

 Formula:                                HCu4(2+)
 Nuclear charge:                       117.000000000
 Total charge:                           2.000000000
 Number of electrons:                  115.000000000

 Number of alpha electrons:             58
 Number of beta electrons:              57
 Number of unpaired electrons:           1
 Spin:                                   1
 Multiplicity:                           doublet

 Theory:                                 dft
 Exchange-correlation functional:        pbe0
 Method for Coulomb:                     incore_df
 Method for exact exchange:              pre_transformed_df
 Integral threshold:                     1.00e-12
 DF basis set:                           def2-universal-jkfit
 Number of DF basis functions:        1074
 Schwarz screening threshold:            1.00e-10
 Coulomb fitting method:                 Cholesky
 Total number of grid points:        37634
 Method for AO orthogonalization:        symmetric
 Threshold for linear dependence:        1.00e-08
 D3BJ dispersion energy:                -0.007010788

 -------------------------------------
  Running unrestricted open-shell SCF 
 -------------------------------------
 Max number of iterations:             128
 Conv. threshold (gradient):             1.00e-05
 Conv. threshold (energy):               1.00e-06
 Interpolation scheme:                   adiis+cdiis
 Initial guess:                          SAD

 ---------------------------------------------------------------
                  energy        change          grad        time
 ---------------------------------------------------------------
   0     -6562.250742344                    6.15e+00        0.18
   1     -6560.949533007      1.30e+00      5.33e-01        0.16
   2     -6560.511732003      4.38e-01      1.06e+00        0.14
   3     -6561.041367978     -5.30e-01      2.83e-01        0.16
   4     -6561.051705816     -1.03e-02      2.63e-01        0.15
   5     -6561.074688346     -2.30e-02      5.78e-02        0.16
   6     -6561.067581860      7.11e-03      1.79e-01        0.16
   7     -6561.075610105     -8.03e-03      4.56e-03        0.18
   8     -6561.075614734     -4.63e-06      2.39e-03        0.16
   9     -6561.075616048     -1.31e-06      1.25e-03        0.15
  10     -6561.075616265     -2.17e-07      2.94e-04        0.16
  11     -6561.075616280     -1.50e-08      2.76e-04        0.15
  12     -6561.075616294     -1.33e-08      5.65e-05        0.15
  13     -6561.075616295     -1.28e-09      1.78e-05        0.16
  14     -6561.075616295     -1.72e-10      7.65e-06        0.15

 SCF converged in 14 iterations.

 Dipole moment (in Debye):              -0.000001       0.000135      -0.060919

 Quadrupole moment (in Debye-Angstrom):
                  1            2            3
 1       -29.406649    -0.000005     0.000003
 2        -0.000005   -29.406435    -0.000257
 3         0.000003    -0.000257   -31.447568

 Spin-squared expectation <S^2>:         0.757
 Total spin quantum number S:            0.504
 TOTAL ENERGY:                       -6561.075616295

 --------------------------------------------------------------------------------

 End time:                               Fri Oct 22 17:54:44 2021
 Total wall-clock time:                  3.768 seconds
==================================================================================
