
================================================================================
          _____________ ________ _______________ ________     _________         
         / ___________// ______ \\_____   _____// ______ \   / ________)        
        / /_________  / /      \ \     | |     / /      \ \ | (_______          
       |  __________|| |        | |    | |    | |        | | \________ \        
        \ \_________ | |        | |    | |     \ \______/ /___________) |       
         \__________||_|        |_|    |_|      \________//____________/        
                                                                                
====================================[ Qcore ]===================================

 Git describe: 2.3.0
 Compiler:     GNU 9.1.0
 Build type:   Release
 Version:      2.3.0

 Start time:   Fri Oct 22 17:54:51 2021

 Data directory: /work/zw18965/.local/qcore/share/entos/qcore/data
 Number of threads: 24
 Number of threads was determined by: command line argument

 --------------------------------------------------------------------------------
                                   command: dft                                  
 --------------------------------------------------------------------------------
 AO basis set:                           def2-tzvppd
 Number of AO basis functions:         356

 Formula:                                H3NCu4(2+)
 Nuclear charge:                       126.000000000
 Total charge:                           2.000000000
 Number of electrons:                  124.000000000

 Number of alpha electrons:             62
 Number of beta electrons:              62
 Number of unpaired electrons:           0
 Spin:                                   0
 Multiplicity:                           singlet

 Theory:                                 dft
 Exchange-correlation functional:        pbe0
 Method for Coulomb:                     incore_df
 Method for exact exchange:              pre_transformed_df
 Integral threshold:                     1.00e-12
 DF basis set:                           def2-universal-jkfit
 Number of DF basis functions:        1187
 Schwarz screening threshold:            1.00e-10
 Coulomb fitting method:                 Cholesky
 Total number of grid points:        56214
 Method for AO orthogonalization:        symmetric
 Threshold for linear dependence:        1.00e-08
 D3BJ dispersion energy:                -0.009992630

 -------------------------------------
  Running restricted closed-shell SCF 
 -------------------------------------
 Max number of iterations:             128
 Conv. threshold (gradient):             1.00e-05
 Conv. threshold (energy):               1.00e-06
 Interpolation scheme:                   adiis+cdiis
 Initial guess:                          SAD

 ---------------------------------------------------------------
                  energy        change          grad        time
 ---------------------------------------------------------------
   0     -6618.179009488                    1.20e+01        0.18
   1     -6616.982238251      1.20e+00      1.77e+00        0.15
   2     -6616.607630297      3.75e-01      3.74e+00        0.15
   3     -6617.066683648     -4.59e-01      9.74e-01        0.15
   4     -6617.072922934     -6.24e-03      5.85e-01        0.18
   5     -6617.090027492     -1.71e-02      1.43e-01        0.17
   6     -6617.083271239      6.76e-03      2.81e-01        0.17
   7     -6617.091500437     -8.23e-03      7.84e-02        0.17
   8     -6617.091201140      2.99e-04      1.88e-01        0.17
   9     -6617.092439649     -1.24e-03      1.03e-03        0.17
  10     -6617.092439718     -6.98e-08      1.75e-04        0.15
  11     -6617.092439721     -2.60e-09      4.59e-05        0.15
  12     -6617.092439721     -2.07e-10      2.20e-05        0.16
  13     -6617.092439721     -1.73e-11      1.64e-05        0.15
  14     -6617.092439721     -1.27e-11      2.40e-06        0.16

 SCF converged in 14 iterations.

 Dipole moment (in Debye):               3.445832      -0.000911       0.000004

 Quadrupole moment (in Debye-Angstrom):
                  1            2            3
 1       -17.059936    -0.006228     0.000003
 2        -0.006228   -36.672037    -0.000006
 3         0.000003    -0.000006   -36.672135

 Spin-squared expectation <S^2>:         0.000
 Total spin quantum number S:            0.000
 TOTAL ENERGY:                       -6617.092439721

 --------------------------------------------------------------------------------

 End time:                               Fri Oct 22 17:54:55 2021
 Total wall-clock time:                  4.305 seconds
==================================================================================
