
================================================================================
          _____________ ________ _______________ ________     _________         
         / ___________// ______ \\_____   _____// ______ \   / ________)        
        / /_________  / /      \ \     | |     / /      \ \ | (_______          
       |  __________|| |        | |    | |    | |        | | \________ \        
        \ \_________ | |        | |    | |     \ \______/ /___________) |       
         \__________||_|        |_|    |_|      \________//____________/        
                                                                                
====================================[ Qcore ]===================================

 Git describe: 2.3.0
 Compiler:     GNU 9.1.0
 Build type:   Release
 Version:      2.3.0

 Start time:   Fri Oct 22 17:54:55 2021

 Data directory: /work/zw18965/.local/qcore/share/entos/qcore/data
 Number of threads: 24
 Number of threads was determined by: command line argument

 --------------------------------------------------------------------------------
                                   command: dft                                  
 --------------------------------------------------------------------------------
 AO basis set:                           def2-tzvppd
 Number of AO basis functions:         268

 Formula:                                Cu4
 Nuclear charge:                       116.000000000
 Total charge:                           0.000000000
 Number of electrons:                  116.000000000

 Number of alpha electrons:             58
 Number of beta electrons:              58
 Number of unpaired electrons:           0
 Spin:                                   0
 Multiplicity:                           singlet

 Theory:                                 dft
 Exchange-correlation functional:        pbe0
 Method for Coulomb:                     incore_df
 Method for exact exchange:              pre_transformed_df
 Integral threshold:                     1.00e-12
 DF basis set:                           def2-universal-jkfit
 Number of DF basis functions:        1056
 Schwarz screening threshold:            1.00e-10
 Coulomb fitting method:                 Cholesky
 Total number of grid points:        31744
 Method for AO orthogonalization:        symmetric
 Threshold for linear dependence:        1.00e-08
 D3BJ dispersion energy:                -0.005631372

 -------------------------------------
  Running restricted closed-shell SCF 
 -------------------------------------
 Max number of iterations:             128
 Conv. threshold (gradient):             1.00e-05
 Conv. threshold (energy):               1.00e-06
 Interpolation scheme:                   adiis+cdiis
 Initial guess:                          SAD

 ---------------------------------------------------------------
                  energy        change          grad        time
 ---------------------------------------------------------------
   0     -6561.581971992                    1.02e+01        0.08
   1     -6561.140532585      4.41e-01      5.13e-01        0.07
   2     -6561.079075594      6.15e-02      8.69e-01        0.06
   3     -6561.162548696     -8.35e-02      1.59e-01        0.06
   4     -6561.162465844      8.29e-05      1.75e-01        0.07
   5     -6561.165435991     -2.97e-03      5.95e-02        0.07
   6     -6561.163169983      2.27e-03      1.68e-01        0.07
   7     -6561.165754634     -2.58e-03      2.31e-03        0.06
   8     -6561.165755227     -5.93e-07      3.42e-04        0.06
   9     -6561.165755258     -3.17e-08      4.05e-04        0.07
  10     -6561.165755269     -1.09e-08      1.10e-04        0.07
  11     -6561.165755271     -1.56e-09      3.49e-05        0.06
  12     -6561.165755271     -1.03e-10      1.71e-05        0.07
  13     -6561.165755271     -2.36e-11      3.95e-06        0.06

 SCF converged in 13 iterations.

 Dipole moment (in Debye):               0.002347       0.000222       0.000051

 Quadrupole moment (in Debye-Angstrom):
                  1            2            3
 1       -47.878746     0.605911     1.102420
 2         0.605911   -54.704756     0.068978
 3         1.102420     0.068978   -53.410032

 Spin-squared expectation <S^2>:         0.000
 Total spin quantum number S:            0.000
 TOTAL ENERGY:                       -6561.165755271

 --------------------------------------------------------------------------------

 End time:                               Fri Oct 22 17:54:57 2021
 Total wall-clock time:                  2.128 seconds
==================================================================================
