
================================================================================
          _____________ ________ _______________ ________     _________         
         / ___________// ______ \\_____   _____// ______ \   / ________)        
        / /_________  / /      \ \     | |     / /      \ \ | (_______          
       |  __________|| |        | |    | |    | |        | | \________ \        
        \ \_________ | |        | |    | |     \ \______/ /___________) |       
         \__________||_|        |_|    |_|      \________//____________/        
                                                                                
====================================[ Qcore ]===================================

 Git describe: 2.3.0
 Compiler:     GNU 9.1.0
 Build type:   Release
 Version:      2.3.0

 Start time:   Fri Oct 22 17:54:58 2021

 Data directory: /work/zw18965/.local/qcore/share/entos/qcore/data
 Number of threads: 24
 Number of threads was determined by: command line argument

 --------------------------------------------------------------------------------
                                   command: dft                                  
 --------------------------------------------------------------------------------
 AO basis set:                           def2-tzvppd
 Number of AO basis functions:          88

 Formula:                                H3N
 Nuclear charge:                        10.000000000
 Total charge:                           0.000000000
 Number of electrons:                   10.000000000

 Number of alpha electrons:              5
 Number of beta electrons:               5
 Number of unpaired electrons:           0
 Spin:                                   0
 Multiplicity:                           singlet

 Theory:                                 dft
 Exchange-correlation functional:        pbe0
 Method for Coulomb:                     incore_df
 Method for exact exchange:              pre_transformed_df
 Integral threshold:                     1.00e-12
 DF basis set:                           def2-universal-jkfit
 Number of DF basis functions:         131
 Schwarz screening threshold:            1.00e-10
 Coulomb fitting method:                 Cholesky
 Total number of grid points:        24470
 Method for AO orthogonalization:        symmetric
 Threshold for linear dependence:        1.00e-08
 D3BJ dispersion energy:                -0.000588734

 -------------------------------------
  Running restricted closed-shell SCF 
 -------------------------------------
 Max number of iterations:             128
 Conv. threshold (gradient):             1.00e-05
 Conv. threshold (energy):               1.00e-06
 Interpolation scheme:                   adiis+cdiis
 Initial guess:                          SAD

 ---------------------------------------------------------------
                  energy        change          grad        time
 ---------------------------------------------------------------
   0       -56.474323173                    7.20e+00        0.01
   1       -56.455148158      1.92e-02      1.25e+00        0.01
   2       -56.389890944      6.53e-02      1.69e+00        0.01
   3       -56.514868987     -1.25e-01      2.74e-01        0.01
   4       -56.512483742      2.39e-03      3.71e-01        0.01
   5       -56.517328560     -4.84e-03      5.21e-02        0.01
   6       -56.517235240      9.33e-05      7.17e-02        0.01
   7       -56.517425775     -1.91e-04      2.25e-04        0.01
   8       -56.517425777     -1.68e-09      1.01e-05        0.01
   9       -56.517425777     -4.36e-12      6.43e-07        0.01

 SCF converged in 9 iterations.

 Dipole moment (in Debye):               0.000149      -1.623547      -0.000000

 Quadrupole moment (in Debye-Angstrom):
                  1            2            3
 1        -6.409417     0.000653     0.000000
 2         0.000653    -9.228401     0.000000
 3         0.000000     0.000000    -6.408560

 Spin-squared expectation <S^2>:         0.000
 Total spin quantum number S:            0.000
 TOTAL ENERGY:                         -56.517425777

 --------------------------------------------------------------------------------

 End time:                               Fri Oct 22 17:54:58 2021
 Total wall-clock time:                  0.436 seconds
==================================================================================
