Traceback (most recent call last):
  File "/work/zw18965/.conda/envs/p4env/bin/psi4", line 287, in <module>
    exec(content)
  File "<string>", line 30, in <module>
  File "/work/zw18965/.conda/envs/p4env/lib//python3.7/site-packages/psi4/driver/driver.py", line 1052, in optimize
    G, wfn = gradient(lowername, return_wfn=True, molecule=moleculeclone, **kwargs)
  File "/work/zw18965/.conda/envs/p4env/lib//python3.7/site-packages/psi4/driver/driver.py", line 691, in gradient
    wfn = procedures['gradient'][lowername](lowername, molecule=molecule, **kwargs)
  File "/work/zw18965/.conda/envs/p4env/lib//python3.7/site-packages/psi4/driver/procrouting/proc.py", line 2064, in run_scf_gradient
    ref_wfn = run_scf(name, **kwargs)
  File "/work/zw18965/.conda/envs/p4env/lib//python3.7/site-packages/psi4/driver/procrouting/proc.py", line 2002, in run_scf
    scf_wfn = scf_helper(name, post_scf=False, **kwargs)
  File "/work/zw18965/.conda/envs/p4env/lib//python3.7/site-packages/psi4/driver/procrouting/proc.py", line 1363, in scf_helper
    e_scf = scf_wfn.compute_energy()
  File "/work/zw18965/.conda/envs/p4env/lib//python3.7/site-packages/psi4/driver/procrouting/scf_proc/scf_iterator.py", line 94, in scf_compute_energy
    raise e
  File "/work/zw18965/.conda/envs/p4env/lib//python3.7/site-packages/psi4/driver/procrouting/scf_proc/scf_iterator.py", line 87, in scf_compute_energy
    self.iterations()
  File "/work/zw18965/.conda/envs/p4env/lib//python3.7/site-packages/psi4/driver/procrouting/scf_proc/scf_iterator.py", line 447, in scf_iterate
    raise SCFConvergenceError("""SCF iterations""", self.iteration_, self, Ediff, Dnorm)

psi4.driver.p4util.exceptions.SCFConvergenceError: Could not converge SCF iterations in 100 iterations.

Printing out the relevant lines from the Psithon --> Python processed input file:
     """)
    core.IO.set_default_namespace("")
    core.set_global_option("REFERENCE", "uks")
    core.set_global_option("DYNAMIC_LEVEL", 1)
    core.set_global_option("BASIS", "Def2-TZVPPD")
--> optimize("GAM")
    frequencies("GAM")

share/psi4/basis/def2-tzvppd.gbs 

    !!!  WARNING: ECP capability is in beta. Please check occupations closely.  !!!


         ---------------------------------------------------------
                                   SCF
               by Justin Turney, Rob Parrish, Andy Simmonett
                          and Daniel G. A. Smith
                              UKS Reference
                       24 Threads, 137329 MiB Core
         ---------------------------------------------------------

  ==> Geometry <==

    Molecular point group: c2v
    Full point group: C2v

    Geometry (in Angstrom), charge = 0, multiplicity = 2:

       Center              X                  Y                   Z               Mass       
    ------------   -----------------  -----------------  -----------------  -----------------
         AG           0.000000000000    -0.000000000000     1.533951333333   106.905091600000
         AG           1.328441000000     0.000000000000    -0.766975666667   106.905091600000
         AG          -1.328441000000    -0.000000000000    -0.766975666667   106.905091600000

  Running in c2v symmetry.

  Rotational constants: A =      0.04468  B =      0.04468  C =      0.02234 [cm^-1]
  Rotational constants: A =   1339.38178  B =   1339.38143  C =    669.69080 [MHz]
  Nuclear repulsion =  215.703579372583732

  Charge       = 0
  Multiplicity = 2
  Electrons    = 57
  Nalpha       = 29
  Nbeta        = 28

  ==> Algorithm <==

  SCF Algorithm Type is DF.
  DIIS enabled.
  MOM disabled.
  Fractional occupation disabled.
  Guess Type is SAD.
  Energy threshold   = 1.00e-08
  Density threshold  = 1.00e-08
  Integral threshold = 0.00e+00

  ==> Primary Basis <==

  Basis Set: DEF2-TZVPPD
    Blend: DEF2-TZVPPD
    Number of shells: 48
    Number of basis function: 168
    Number of Cartesian functions: 213
    Spherical Harmonics?: true
    Max angular momentum: 4

  Core potential: DEF2-TZVPPD
    Number of shells: 12
    Number of ECP primitives: 42
    Number of ECP core electrons: 84
    Max angular momentum: 3

  ==> DFT Potential <==

   => Composite Functional: GAM <= 

   GAM GGA Minessota Exchange-Correlation Functional

    H.S. Yu, et al., Phys. Chem. Chem. Phys. 17, 12146, 2015


    Deriv               =              1
    GGA                 =           TRUE
    Meta                =          FALSE

    Exchange Hybrid     =          FALSE
    MP2 Hybrid          =          FALSE

   => Exchange Functionals <=

    1.0000     XC_GGA_X_GAM

   => Correlation Functionals <=

    1.0000     XC_GGA_C_GAM

   => Molecular Quadrature <=

    Radial Scheme          =       TREUTLER
    Pruning Scheme         =           FLAT
    Nuclear Scheme         =       TREUTLER

    BS radius alpha        =              1
    Pruning alpha          =              1
    Radial Points          =             75
    Spherical Points       =            302
    Total Points           =          67397
    Total Blocks           =            591
    Max Points             =            255
    Max Functions          =            166

   => Loading Basis Set <=

    Name: (DEF2-TZVPPD AUX)
    Role: JKFIT
    Keyword: DF_BASIS_SCF
    atoms 1-3 entry AG         line  4369 file /work/zw18965/.conda/envs/p4env/share/psi4/basis/def2-tzvpp-jkfit.gbs 

  ==> Pre-Iterations <==

   -------------------------------------------------------
    Irrep   Nso     Nmo     Nalpha   Nbeta   Ndocc  Nsocc
   -------------------------------------------------------
     A1        59      59       0       0       0       0
     A2        27      27       0       0       0       0
     B1        49      49       0       0       0       0
     B2        33      33       0       0       0       0
   -------------------------------------------------------
    Total     168     168      29      28      28       1
   -------------------------------------------------------

  ==> Integral Setup <==

  DFHelper Memory: AOs need 0.176 GiB; user supplied 100.344 GiB. Using in-core AOs.

  ==> MemDFJK: Density-Fitted J/K Matrices <==

    J tasked:                   Yes
    K tasked:                    No
    wK tasked:                   No
    OpenMP threads:              24
    Memory [MiB]:            102752
    Algorithm:                 Core
    Schwarz Cutoff:           1E-12
    Mask sparsity (%):       1.2472
    Fitting Condition:        1E-10

   => Auxiliary Basis Set <=

  Basis Set: (DEF2-TZVPPD AUX)
    Blend: DEF2-TZVPP-JKFIT
    Number of shells: 147
    Number of basis function: 765
    Number of Cartesian functions: 1152
    Spherical Harmonics?: true
    Max angular momentum: 6

  Cached 100.0% of DFT collocation blocks in 0.239 [GiB].

  Minimum eigenvalue in the overlap matrix is 2.9352212695E-03.
  Using Symmetric Orthogonalization.

  SCF Guess: Superposition of Atomic Densities via on-the-fly atomic UHF.

  ==> Iterations <==

                           Total Energy        Delta E     RMS |[F,P]|

   @DF-UKS iter SAD:  -442.22382713629202   -4.42224e+02   0.00000e+00 
    Occupation by irrep:
             A1    A2    B1    B2 
    DOCC [    11,    4,    8,    5 ]
    SOCC [     1,    0,    0,    0 ]

   @DF-UKS iter   1:  -442.70734519800465   -4.83518e-01   5.23839e-03 DIIS
    Occupation by irrep:
             A1    A2    B1    B2 
    DOCC [    11,    4,    8,    5 ]
    SOCC [     0,    0,    1,    0 ]

   @DF-UKS iter   2:  -442.39582024328263    3.11525e-01   1.18749e-02 DIIS
    Occupation by irrep:
             A1    A2    B1    B2 
    DOCC [    11,    4,    8,    5 ]
    SOCC [     1,    0,    0,    0 ]

   @DF-UKS iter   3:  -442.76880887805657   -3.72989e-01   2.07012e-03 DIIS
    Occupation by irrep:
             A1    A2    B1    B2 
    DOCC [    11,    4,    8,    5 ]
    SOCC [     0,    0,    1,    0 ]

   @DF-UKS iter   4:  -442.77286252105921   -4.05364e-03   1.69478e-03 DIIS
    Occupation by irrep:
             A1    A2    B1    B2 
    DOCC [    11,    4,    8,    5 ]
    SOCC [     1,    0,    0,    0 ]

   @DF-UKS iter   5:  -442.78513516477722   -1.22726e-02   9.32005e-04 DIIS
    Occupation by irrep:
             A1    A2    B1    B2 
    DOCC [    11,    4,    8,    5 ]
    SOCC [     0,    0,    1,    0 ]

   @DF-UKS iter   6:  -442.78310708491369    2.02808e-03   1.02441e-03 DIIS
    Occupation by irrep:
             A1    A2    B1    B2 
    DOCC [    11,    4,    8,    5 ]
    SOCC [     1,    0,    0,    0 ]

   @DF-UKS iter   7:  -442.78589006672041   -2.78298e-03   7.21687e-04 DIIS
   @DF-UKS iter   8:  -442.78366515277094    2.22491e-03   9.18516e-04 DIIS
    Occupation by irrep:
             A1    A2    B1    B2 
    DOCC [    11,    4,    8,    5 ]
    SOCC [     0,    0,    1,    0 ]

   @DF-UKS iter   9:  -442.78509919384499   -1.43404e-03   8.10219e-04 DIIS
   @DF-UKS iter  10:  -442.78426487505988    8.34319e-04   8.75463e-04 DIIS
    Occupation by irrep:
             A1    A2    B1    B2 
    DOCC [    11,    4,    8,    5 ]
    SOCC [     1,    0,    0,    0 ]

   @DF-UKS iter  11:  -442.78519866092427   -9.33786e-04   7.88423e-04 DIIS
   @DF-UKS iter  12:  -442.78136196506568    3.83670e-03   1.10743e-03 DIIS
    Occupation by irrep:
             A1    A2    B1    B2 
    DOCC [    11,    4,    8,    5 ]
    SOCC [     0,    0,    1,    0 ]

   @DF-UKS iter  13:  -442.78273523723180   -1.37327e-03   1.00763e-03 DIIS
   @DF-UKS iter  14:  -442.78177635632767    9.58881e-04   1.06198e-03 DIIS
    Occupation by irrep:
             A1    A2    B1    B2 
    DOCC [    11,    4,    8,    5 ]
    SOCC [     1,    0,    0,    0 ]

   @DF-UKS iter  15:  -442.78210859900798   -3.32243e-04   1.03911e-03 DIIS
   @DF-UKS iter  16:  -442.77738634484263    4.72225e-03   1.35472e-03 DIIS
   @DF-UKS iter  17:  -442.78502822675216   -7.64188e-03   8.10774e-04 DIIS
    Occupation by irrep:
             A1    A2    B1    B2 
    DOCC [    11,    4,    8,    5 ]
    SOCC [     0,    0,    1,    0 ]

   @DF-UKS iter  18:  -442.78453744457931    4.90782e-04   8.59997e-04 DIIS
   @DF-UKS iter  19:  -442.78461016906670   -7.27245e-05   8.36907e-04 DIIS
    Occupation by irrep:
             A1    A2    B1    B2 
    DOCC [    11,    4,    8,    5 ]
    SOCC [     1,    0,    0,    0 ]

   @DF-UKS iter  20:  -442.78021119873802    4.39897e-03   1.15471e-03 DIIS
   @DF-UKS iter  21:  -442.77612641189910    4.08479e-03   1.42110e-03 DIIS
   @DF-UKS iter  22:  -442.78548172716876   -9.35532e-03   7.69693e-04 DIIS
    Occupation by irrep:
             A1    A2    B1    B2 
    DOCC [    11,    4,    8,    5 ]
    SOCC [     0,    0,    1,    0 ]

   @DF-UKS iter  23:  -442.78366629371055    1.81543e-03   9.16292e-04 DIIS
    Occupation by irrep:
             A1    A2    B1    B2 
    DOCC [    11,    4,    8,    5 ]
    SOCC [     1,    0,    0,    0 ]

   @DF-UKS iter  24:  -442.78421860809715   -5.52314e-04   8.88121e-04 DIIS
   @DF-UKS iter  25:  -442.78332254084432    8.96067e-04   9.53677e-04 DIIS
   @DF-UKS iter  26:  -442.78448486505340   -1.16232e-03   8.64907e-04 DIIS
   @DF-UKS iter  27:  -442.78443830966330    4.65554e-05   8.56251e-04 DIIS
    Occupation by irrep:
             A1    A2    B1    B2 
    DOCC [    11,    4,    8,    5 ]
    SOCC [     0,    0,    1,    0 ]

   @DF-UKS iter  28:  -442.78418942584585    2.48884e-04   8.76050e-04 DIIS
   @DF-UKS iter  29:  -442.77755607783217    6.63335e-03   1.32399e-03 DIIS
   @DF-UKS iter  30:  -442.78469195877949   -7.13588e-03   8.29976e-04 DIIS
    Occupation by irrep:
             A1    A2    B1    B2 
    DOCC [    11,    4,    8,    5 ]
    SOCC [     1,    0,    0,    0 ]

   @DF-UKS iter  31:  -442.77686826495153    7.82369e-03   1.38039e-03 DIIS
    Occupation by irrep:
             A1    A2    B1    B2 
    DOCC [    11,    4,    8,    5 ]
    SOCC [     0,    0,    1,    0 ]

   @DF-UKS iter  32:  -442.78198693481443   -5.11867e-03   1.05028e-03 DIIS
    Occupation by irrep:
             A1    A2    B1    B2 
    DOCC [    11,    4,    8,    5 ]
    SOCC [     1,    0,    0,    0 ]

   @DF-UKS iter  33:  -442.77499833173340    6.98860e-03   1.46085e-03 DIIS
    Occupation by irrep:
             A1    A2    B1    B2 
    DOCC [    11,    4,    8,    5 ]
    SOCC [     0,    0,    1,    0 ]

   @DF-UKS iter  34:  -442.78290530686138   -7.90698e-03   9.95401e-04 DIIS
    Occupation by irrep:
             A1    A2    B1    B2 
    DOCC [    11,    4,    8,    5 ]
    SOCC [     1,    0,    0,    0 ]

   @DF-UKS iter  35:  -442.77691100522566    5.99430e-03   1.35571e-03 DIIS
    Occupation by irrep:
             A1    A2    B1    B2 
    DOCC [    11,    4,    8,    5 ]
    SOCC [     0,    0,    1,    0 ]

   @DF-UKS iter  36:  -442.78176852770446   -4.85752e-03   1.08137e-03 DIIS
    Occupation by irrep:
             A1    A2    B1    B2 
    DOCC [    11,    4,    8,    5 ]
    SOCC [     1,    0,    0,    0 ]

   @DF-UKS iter  37:  -442.77711913376140    4.64939e-03   1.34186e-03 DIIS
    Occupation by irrep:
             A1    A2    B1    B2 
    DOCC [    11,    4,    8,    5 ]
    SOCC [     0,    0,    1,    0 ]

   @DF-UKS iter  38:  -442.78200395737156   -4.88482e-03   1.06626e-03 DIIS
    Occupation by irrep:
             A1    A2    B1    B2 
    DOCC [    11,    4,    8,    5 ]
    SOCC [     1,    0,    0,    0 ]

   @DF-UKS iter  39:  -442.77729011175381    4.71385e-03   1.33177e-03 DIIS
    Occupation by irrep:
             A1    A2    B1    B2 
    DOCC [    11,    4,    8,    5 ]
    SOCC [     0,    0,    1,    0 ]

   @DF-UKS iter  40:  -442.78189399572886   -4.60388e-03   1.07474e-03 DIIS
    Occupation by irrep:
             A1    A2    B1    B2 
    DOCC [    11,    4,    8,    5 ]
    SOCC [     1,    0,    0,    0 ]

   @DF-UKS iter  41:  -442.77727975809478    4.61424e-03   1.33172e-03 DIIS
    Occupation by irrep:
             A1    A2    B1    B2 
    DOCC [    11,    4,    8,    5 ]
    SOCC [     0,    0,    1,    0 ]

   @DF-UKS iter  42:  -442.78192537848417   -4.64562e-03   1.07296e-03 DIIS
    Occupation by irrep:
             A1    A2    B1    B2 
    DOCC [    11,    4,    8,    5 ]
    SOCC [     1,    0,    0,    0 ]

   @DF-UKS iter  43:  -442.77728871250747    4.63667e-03   1.33086e-03 DIIS
    Occupation by irrep:
             A1    A2    B1    B2 
    DOCC [    11,    4,    8,    5 ]
    SOCC [     0,    0,    1,    0 ]

   @DF-UKS iter  44:  -442.78191373339394   -4.62502e-03   1.07409e-03 DIIS
    Occupation by irrep:
             A1    A2    B1    B2 
    DOCC [    11,    4,    8,    5 ]
    SOCC [     1,    0,    0,    0 ]

   @DF-UKS iter  45:  -442.77728160450090    4.63213e-03   1.33096e-03 DIIS
    Occupation by irrep:
             A1    A2    B1    B2 
    DOCC [    11,    4,    8,    5 ]
    SOCC [     0,    0,    1,    0 ]

   @DF-UKS iter  46:  -442.78191883757120   -4.63723e-03   1.07395e-03 DIIS
    Occupation by irrep:
             A1    A2    B1    B2 
    DOCC [    11,    4,    8,    5 ]
    SOCC [     1,    0,    0,    0 ]

   @DF-UKS iter  47:  -442.77727916709591    4.63967e-03   1.33089e-03 DIIS
    Occupation by irrep:
             A1    A2    B1    B2 
    DOCC [    11,    4,    8,    5 ]
    SOCC [     0,    0,    1,    0 ]

   @DF-UKS iter  48:  -442.78191812320904   -4.63896e-03   1.07416e-03 DIIS
    Occupation by irrep:
             A1    A2    B1    B2 
    DOCC [    11,    4,    8,    5 ]
    SOCC [     1,    0,    0,    0 ]

   @DF-UKS iter  49:  -442.77727507710836    4.64305e-03   1.33096e-03 DIIS
    Occupation by irrep:
             A1    A2    B1    B2 
    DOCC [    11,    4,    8,    5 ]
    SOCC [     0,    0,    1,    0 ]

   @DF-UKS iter  50:  -442.78191976099720   -4.64468e-03   1.07416e-03 DIIS
    Occupation by irrep:
             A1    A2    B1    B2 
    DOCC [    11,    4,    8,    5 ]
    SOCC [     1,    0,    0,    0 ]

   @DF-UKS iter  51:  -442.77727238633395    4.64737e-03   1.33100e-03 DIIS
    Occupation by irrep:
             A1    A2    B1    B2 
    DOCC [    11,    4,    8,    5 ]
    SOCC [     0,    0,    1,    0 ]

   @DF-UKS iter  52:  -442.78192032078380   -4.64793e-03   1.07421e-03 DIIS
    Occupation by irrep:
             A1    A2    B1    B2 
    DOCC [    11,    4,    8,    5 ]
    SOCC [     1,    0,    0,    0 ]

   @DF-UKS iter  53:  -442.77726995746923    4.65036e-03   1.33106e-03 DIIS
    Occupation by irrep:
             A1    A2    B1    B2 
    DOCC [    11,    4,    8,    5 ]
    SOCC [     0,    0,    1,    0 ]

   @DF-UKS iter  54:  -442.78192111102214   -4.65115e-03   1.07421e-03 DIIS
    Occupation by irrep:
             A1    A2    B1    B2 
    DOCC [    11,    4,    8,    5 ]
    SOCC [     1,    0,    0,    0 ]

   @DF-UKS iter  55:  -442.77726818730559    4.65292e-03   1.33110e-03 DIIS
    Occupation by irrep:
             A1    A2    B1    B2 
    DOCC [    11,    4,    8,    5 ]
    SOCC [     0,    0,    1,    0 ]

   @DF-UKS iter  56:  -442.78192159844309   -4.65341e-03   1.07422e-03 DIIS
    Occupation by irrep:
             A1    A2    B1    B2 
    DOCC [    11,    4,    8,    5 ]
    SOCC [     1,    0,    0,    0 ]

   @DF-UKS iter  57:  -442.77726678825354    4.65481e-03   1.33113e-03 DIIS
    Occupation by irrep:
             A1    A2    B1    B2 
    DOCC [    11,    4,    8,    5 ]
    SOCC [     0,    0,    1,    0 ]

   @DF-UKS iter  58:  -442.78192202883974   -4.65524e-03   1.07423e-03 DIIS
    Occupation by irrep:
             A1    A2    B1    B2 
    DOCC [    11,    4,    8,    5 ]
    SOCC [     1,    0,    0,    0 ]

   @DF-UKS iter  59:  -442.77726575181521    4.65628e-03   1.33115e-03 DIIS
    Occupation by irrep:
             A1    A2    B1    B2 
    DOCC [    11,    4,    8,    5 ]
    SOCC [     0,    0,    1,    0 ]

   @DF-UKS iter  60:  -442.78192233295601   -4.65658e-03   1.07423e-03 DIIS
    Occupation by irrep:
             A1    A2    B1    B2 
    DOCC [    11,    4,    8,    5 ]
    SOCC [     1,    0,    0,    0 ]

   @DF-UKS iter  61:  -442.77726496717389    4.65737e-03   1.33117e-03 DIIS
    Occupation by irrep:
             A1    A2    B1    B2 
    DOCC [    11,    4,    8,    5 ]
    SOCC [     0,    0,    1,    0 ]

   @DF-UKS iter  62:  -442.78192257117837   -4.65760e-03   1.07423e-03 DIIS
    Occupation by irrep:
             A1    A2    B1    B2 
    DOCC [    11,    4,    8,    5 ]
    SOCC [     1,    0,    0,    0 ]

   @DF-UKS iter  63:  -442.77726438610080    4.65819e-03   1.33119e-03 DIIS
    Occupation by irrep:
             A1    A2    B1    B2 
    DOCC [    11,    4,    8,    5 ]
    SOCC [     0,    0,    1,    0 ]

   @DF-UKS iter  64:  -442.78192274518904   -4.65836e-03   1.07423e-03 DIIS
    Occupation by irrep:
             A1    A2    B1    B2 
    DOCC [    11,    4,    8,    5 ]
    SOCC [     1,    0,    0,    0 ]

   @DF-UKS iter  65:  -442.77726395344450    4.65879e-03   1.33120e-03 DIIS
    Occupation by irrep:
             A1    A2    B1    B2 
    DOCC [    11,    4,    8,    5 ]
    SOCC [     0,    0,    1,    0 ]

   @DF-UKS iter  66:  -442.78192287625131   -4.65892e-03   1.07423e-03 DIIS
    Occupation by irrep:
             A1    A2    B1    B2 
    DOCC [    11,    4,    8,    5 ]
    SOCC [     1,    0,    0,    0 ]

   @DF-UKS iter  67:  -442.77726363390627    4.65924e-03   1.33121e-03 DIIS
    Occupation by irrep:
             A1    A2    B1    B2 
    DOCC [    11,    4,    8,    5 ]
    SOCC [     0,    0,    1,    0 ]

   @DF-UKS iter  68:  -442.78192297267196   -4.65934e-03   1.07423e-03 DIIS
    Occupation by irrep:
             A1    A2    B1    B2 
    DOCC [    11,    4,    8,    5 ]
    SOCC [     1,    0,    0,    0 ]

   @DF-UKS iter  69:  -442.77726339767776    4.65957e-03   1.33122e-03 DIIS
    Occupation by irrep:
             A1    A2    B1    B2 
    DOCC [    11,    4,    8,    5 ]
    SOCC [     0,    0,    1,    0 ]

   @DF-UKS iter  70:  -442.78192304424863   -4.65965e-03   1.07423e-03 DIIS
    Occupation by irrep:
             A1    A2    B1    B2 
    DOCC [    11,    4,    8,    5 ]
    SOCC [     1,    0,    0,    0 ]

   @DF-UKS iter  71:  -442.77726322360047    4.65982e-03   1.33122e-03 DIIS
    Occupation by irrep:
             A1    A2    B1    B2 
    DOCC [    11,    4,    8,    5 ]
    SOCC [     0,    0,    1,    0 ]

   @DF-UKS iter  72:  -442.78192309694111   -4.65987e-03   1.07423e-03 DIIS
    Occupation by irrep:
             A1    A2    B1    B2 
    DOCC [    11,    4,    8,    5 ]
    SOCC [     1,    0,    0,    0 ]

   @DF-UKS iter  73:  -442.77726309533318    4.66000e-03   1.33122e-03 DIIS
    Occupation by irrep:
             A1    A2    B1    B2 
    DOCC [    11,    4,    8,    5 ]
    SOCC [     0,    0,    1,    0 ]

   @DF-UKS iter  74:  -442.78192313582849   -4.66004e-03   1.07423e-03 DIIS
    Occupation by irrep:
             A1    A2    B1    B2 
    DOCC [    11,    4,    8,    5 ]
    SOCC [     1,    0,    0,    0 ]

   @DF-UKS iter  75:  -442.77726300094957    4.66013e-03   1.33123e-03 DIIS
    Occupation by irrep:
             A1    A2    B1    B2 
    DOCC [    11,    4,    8,    5 ]
    SOCC [     0,    0,    1,    0 ]

   @DF-UKS iter  76:  -442.78192316443790   -4.66016e-03   1.07423e-03 DIIS
    Occupation by irrep:
             A1    A2    B1    B2 
    DOCC [    11,    4,    8,    5 ]
    SOCC [     1,    0,    0,    0 ]

   @DF-UKS iter  77:  -442.77726293151625    4.66023e-03   1.33123e-03 DIIS
    Occupation by irrep:
             A1    A2    B1    B2 
    DOCC [    11,    4,    8,    5 ]
    SOCC [     0,    0,    1,    0 ]

   @DF-UKS iter  78:  -442.78192318549793   -4.66025e-03   1.07423e-03 DIIS
    Occupation by irrep:
             A1    A2    B1    B2 
    DOCC [    11,    4,    8,    5 ]
    SOCC [     1,    0,    0,    0 ]

   @DF-UKS iter  79:  -442.77726288046858    4.66031e-03   1.33123e-03 DIIS
    Occupation by irrep:
             A1    A2    B1    B2 
    DOCC [    11,    4,    8,    5 ]
    SOCC [     0,    0,    1,    0 ]

   @DF-UKS iter  80:  -442.78192320098185   -4.66032e-03   1.07423e-03 DIIS
    Occupation by irrep:
             A1    A2    B1    B2 
    DOCC [    11,    4,    8,    5 ]
    SOCC [     1,    0,    0,    0 ]

   @DF-UKS iter  81:  -442.77726284294579    4.66036e-03   1.33123e-03 DIIS
    Occupation by irrep:
             A1    A2    B1    B2 
    DOCC [    11,    4,    8,    5 ]
    SOCC [     0,    0,    1,    0 ]

   @DF-UKS iter  82:  -442.78192321236600   -4.66037e-03   1.07423e-03 DIIS
    Occupation by irrep:
             A1    A2    B1    B2 
    DOCC [    11,    4,    8,    5 ]
    SOCC [     1,    0,    0,    0 ]

   @DF-UKS iter  83:  -442.77726281537286    4.66040e-03   1.33123e-03 DIIS
    Occupation by irrep:
             A1    A2    B1    B2 
    DOCC [    11,    4,    8,    5 ]
    SOCC [     0,    0,    1,    0 ]

   @DF-UKS iter  84:  -442.78192322073221   -4.66041e-03   1.07423e-03 DIIS
    Occupation by irrep:
             A1    A2    B1    B2 
    DOCC [    11,    4,    8,    5 ]
    SOCC [     1,    0,    0,    0 ]

   @DF-UKS iter  85:  -442.77726279511342    4.66043e-03   1.33123e-03 DIIS
    Occupation by irrep:
             A1    A2    B1    B2 
    DOCC [    11,    4,    8,    5 ]
    SOCC [     0,    0,    1,    0 ]

   @DF-UKS iter  86:  -442.78192322687994   -4.66043e-03   1.07423e-03 DIIS
    Occupation by irrep:
             A1    A2    B1    B2 
    DOCC [    11,    4,    8,    5 ]
    SOCC [     1,    0,    0,    0 ]

   @DF-UKS iter  87:  -442.77726278023033    4.66045e-03   1.33123e-03 DIIS
    Occupation by irrep:
             A1    A2    B1    B2 
    DOCC [    11,    4,    8,    5 ]
    SOCC [     0,    0,    1,    0 ]

   @DF-UKS iter  88:  -442.78192323139649   -4.66045e-03   1.07423e-03 DIIS
    Occupation by irrep:
             A1    A2    B1    B2 
    DOCC [    11,    4,    8,    5 ]
    SOCC [     1,    0,    0,    0 ]

   @DF-UKS iter  89:  -442.77726276929718    4.66046e-03   1.33123e-03 DIIS
    Occupation by irrep:
             A1    A2    B1    B2 
    DOCC [    11,    4,    8,    5 ]
    SOCC [     0,    0,    1,    0 ]

   @DF-UKS iter  90:  -442.78192323471444   -4.66047e-03   1.07423e-03 DIIS
    Occupation by irrep:
             A1    A2    B1    B2 
    DOCC [    11,    4,    8,    5 ]
    SOCC [     1,    0,    0,    0 ]

   @DF-UKS iter  91:  -442.77726276126680    4.66047e-03   1.33123e-03 DIIS
    Occupation by irrep:
             A1    A2    B1    B2 
    DOCC [    11,    4,    8,    5 ]
    SOCC [     0,    0,    1,    0 ]

   @DF-UKS iter  92:  -442.78192323715155   -4.66048e-03   1.07423e-03 DIIS
    Occupation by irrep:
             A1    A2    B1    B2 
    DOCC [    11,    4,    8,    5 ]
    SOCC [     1,    0,    0,    0 ]

   @DF-UKS iter  93:  -442.77726275536838    4.66048e-03   1.33123e-03 DIIS
    Occupation by irrep:
             A1    A2    B1    B2 
    DOCC [    11,    4,    8,    5 ]
    SOCC [     0,    0,    1,    0 ]

   @DF-UKS iter  94:  -442.78192323894189   -4.66048e-03   1.07423e-03 DIIS
    Occupation by irrep:
             A1    A2    B1    B2 
    DOCC [    11,    4,    8,    5 ]
    SOCC [     1,    0,    0,    0 ]

   @DF-UKS iter  95:  -442.77726275103589    4.66049e-03   1.33123e-03 DIIS
    Occupation by irrep:
             A1    A2    B1    B2 
    DOCC [    11,    4,    8,    5 ]
    SOCC [     0,    0,    1,    0 ]

   @DF-UKS iter  96:  -442.78192324025679   -4.66049e-03   1.07423e-03 DIIS
    Occupation by irrep:
             A1    A2    B1    B2 
    DOCC [    11,    4,    8,    5 ]
    SOCC [     1,    0,    0,    0 ]

   @DF-UKS iter  97:  -442.77726274785402    4.66049e-03   1.33123e-03 DIIS
    Occupation by irrep:
             A1    A2    B1    B2 
    DOCC [    11,    4,    8,    5 ]
    SOCC [     0,    0,    1,    0 ]

   @DF-UKS iter  98:  -442.78192324122267   -4.66049e-03   1.07423e-03 DIIS
    Occupation by irrep:
             A1    A2    B1    B2 
    DOCC [    11,    4,    8,    5 ]
    SOCC [     1,    0,    0,    0 ]

   @DF-UKS iter  99:  -442.77726274551753    4.66050e-03   1.33123e-03 DIIS
    Occupation by irrep:
             A1    A2    B1    B2 
    DOCC [    11,    4,    8,    5 ]
    SOCC [     0,    0,    1,    0 ]

   @DF-UKS iter 100:  -442.78192324193162   -4.66050e-03   1.07423e-03 DIIS

PsiException: Could not converge SCF iterations in 100 iterations.

  Failed to converge.

Traceback (most recent call last):
  File "/work/zw18965/.conda/envs/p4env/bin/psi4", line 287, in <module>
    exec(content)
  File "<string>", line 30, in <module>
  File "/work/zw18965/.conda/envs/p4env/lib//python3.7/site-packages/psi4/driver/driver.py", line 1052, in optimize
    G, wfn = gradient(lowername, return_wfn=True, molecule=moleculeclone, **kwargs)
  File "/work/zw18965/.conda/envs/p4env/lib//python3.7/site-packages/psi4/driver/driver.py", line 691, in gradient
    wfn = procedures['gradient'][lowername](lowername, molecule=molecule, **kwargs)
  File "/work/zw18965/.conda/envs/p4env/lib//python3.7/site-packages/psi4/driver/procrouting/proc.py", line 2064, in run_scf_gradient
    ref_wfn = run_scf(name, **kwargs)
  File "/work/zw18965/.conda/envs/p4env/lib//python3.7/site-packages/psi4/driver/procrouting/proc.py", line 2002, in run_scf
    scf_wfn = scf_helper(name, post_scf=False, **kwargs)
  File "/work/zw18965/.conda/envs/p4env/lib//python3.7/site-packages/psi4/driver/procrouting/proc.py", line 1363, in scf_helper
    e_scf = scf_wfn.compute_energy()
  File "/work/zw18965/.conda/envs/p4env/lib//python3.7/site-packages/psi4/driver/procrouting/scf_proc/scf_iterator.py", line 94, in scf_compute_energy
    raise e
  File "/work/zw18965/.conda/envs/p4env/lib//python3.7/site-packages/psi4/driver/procrouting/scf_proc/scf_iterator.py", line 87, in scf_compute_energy
    self.iterations()
  File "/work/zw18965/.conda/envs/p4env/lib//python3.7/site-packages/psi4/driver/procrouting/scf_proc/scf_iterator.py", line 447, in scf_iterate
    raise SCFConvergenceError("""SCF iterations""", self.iteration_, self, Ediff, Dnorm)

psi4.driver.p4util.exceptions.SCFConvergenceError: Could not converge SCF iterations in 100 iterations.


Printing out the relevant lines from the Psithon --> Python processed input file:
     """)
    core.IO.set_default_namespace("")
    core.set_global_option("REFERENCE", "uks")
    core.set_global_option("DYNAMIC_LEVEL", 1)
    core.set_global_option("BASIS", "Def2-TZVPPD")
--> optimize("GAM")
    frequencies("GAM")

    Psi4 stopped on: Friday, 29 October 2021 08:10AM
    Psi4 wall time for execution: 0:01:01.65

*** Psi4 encountered an error. Buy a developer more coffee!
*** Resources and help at github.com/psi4/psi4.
