
================================================================================
          _____________ ________ _______________ ________     _________         
         / ___________// ______ \\_____   _____// ______ \   / ________)        
        / /_________  / /      \ \     | |     / /      \ \ | (_______          
       |  __________|| |        | |    | |    | |        | | \________ \        
        \ \_________ | |        | |    | |     \ \______/ /___________) |       
         \__________||_|        |_|    |_|      \________//____________/        
                                                                                
====================================[ Qcore ]===================================

 Git describe: 2.3.0
 Compiler:     GNU 9.1.0
 Build type:   Release
 Version:      2.3.0

 Start time:   Fri Oct 22 17:22:03 2021

 Data directory: /work/zw18965/.local/qcore/share/entos/qcore/data
 Number of threads: 24
 Number of threads was determined by: command line argument
  - More threads can be used by running 'qcore -n 32'

 --------------------------------------------------------------------------------
                                command: optimize                                
 --------------------------------------------------------------------------------
 Using coordinate system:                tric

 -----------------------------
  Initial coordinates summary 
 -----------------------------
 Total coordinates:                      7
 Bond distances:                         1
 Bond angles:                            0
 Dihedral angles:                        0
 Linear bond angles:                     0
 Out-of-plane bends:                     0
 Translations:                           6
 Rotations:                              0
 Hessian update scheme:                  bfgs
 Initial hessian:                        model

 ------------------------------------------------------------------------------------------------------------
                   energy      change    grad rms    grad max    step rms    step max       trust    time (s)
 ------------------------------------------------------------------------------------------------------------
   1      -147.551814905                8.62e-04    1.49e-03                            2.00e-01        0.69
   2      -147.551823311   -8.41e-06    2.50e-04    4.33e-04    4.38e-03    8.75e-03    2.00e-01        0.37
   3      -147.551824079   -7.67e-07    3.61e-06    6.25e-06    1.79e-03    3.57e-03    2.00e-01        0.38
   4      -147.551824098   -1.94e-08    2.56e-07    4.41e-07    2.62e-05    5.23e-05    2.00e-01        0.37
 Geometry optimization stopped:          thresholds achieved

 Final energy:                        -147.551824098

 ---------------------------
  Final coordinates summary 
 ---------------------------
 Total coordinates:                      7
 Bond distances:                         1
 Bond angles:                            0
 Dihedral angles:                        0
 Linear bond angles:                     0
 Out-of-plane bends:                     0
 Translations:                           6
 Rotations:                              0

 -----------
  Final XYZ 
 -----------
2
Final structure: -147.552 hartree
Ag           0.000001746          0.000000232          0.036821580
H           -0.000001746         -0.000000232         -1.579980580

 Structure in entos input format:

  structure(
    xyz = [
      ['Ag' ,          0.000001746,          0.000000232,          0.036821580],
      ['H'  ,         -0.000001746,         -0.000000232,         -1.579980580]
    ]
  )

 --------------------------------
  Geometry optimization finished 
 --------------------------------
 Saving results in set 'opt'

 --------------------------------------------------------------------------------
                                 command: hessian                                
 --------------------------------------------------------------------------------

WARNING: semianalytic method is specified for dft hessian, which is not efficient. Try switching to 'method = analytic'


 -------------------------------
  Numerical Geometrical Hessian 
 -------------------------------

 Compute hessian using two-point central differentiation.
 Step size (bohr):                       0.0100

 Frequencies (including translational and rotational modes):
 mode    frequency (cm-1)
    0               45.57 i (imaginary)
    1               42.45 i (imaginary)
    2                0.01 i (imaginary)
    3                0.16
    4                0.22
    5             1773.58

 Project out translational and rotational motions 

 The molecule is linear

 Degrees of freedom for translational and rotational motions: 5

 Vibrational frequencies:
 mode    frequency (cm-1)
    0             1773.58

 --------------------------------------------------------------------------------

 End time:                               Fri Oct 22 17:22:11 2021
 Total wall-clock time:                  7.073 seconds
==================================================================================
