
================================================================================
          _____________ ________ _______________ ________     _________         
         / ___________// ______ \\_____   _____// ______ \   / ________)        
        / /_________  / /      \ \     | |     / /      \ \ | (_______          
       |  __________|| |        | |    | |    | |        | | \________ \        
        \ \_________ | |        | |    | |     \ \______/ /___________) |       
         \__________||_|        |_|    |_|      \________//____________/        
                                                                                
====================================[ Qcore ]===================================

 Git describe: 2.3.0
 Compiler:     GNU 9.1.0
 Build type:   Release
 Version:      2.3.0

 Start time:   Fri Oct 22 17:21:56 2021

 Data directory: /work/zw18965/.local/qcore/share/entos/qcore/data
 Number of threads: 24
 Number of threads was determined by: command line argument
  - More threads can be used by running 'qcore -n 32'

 --------------------------------------------------------------------------------
                                command: optimize                                
 --------------------------------------------------------------------------------
 Using coordinate system:                tric

 -----------------------------
  Initial coordinates summary 
 -----------------------------
 Total coordinates:                      7
 Bond distances:                         1
 Bond angles:                            0
 Dihedral angles:                        0
 Linear bond angles:                     0
 Out-of-plane bends:                     0
 Translations:                           6
 Rotations:                              0
 Hessian update scheme:                  bfgs
 Initial hessian:                        model

 ------------------------------------------------------------------------------------------------------------
                   energy      change    grad rms    grad max    step rms    step max       trust    time (s)
 ------------------------------------------------------------------------------------------------------------
   1      -246.764052194                1.65e-03    2.85e-03                            2.00e-01        0.84
   2      -246.764074087   -2.19e-05    6.20e-04    1.07e-03    5.59e-03    1.12e-02    2.00e-01        0.49
   3      -246.764077775   -3.69e-06    1.24e-05    2.14e-05    3.38e-03    6.76e-03    2.00e-01        0.49
Rejecting step due to low quality: Quality: -2.93933 New trust radius: 3.44056e-05
   4      -246.764077770    4.34e-09    1.24e-05    2.14e-05    6.88e-05    1.38e-04    3.44e-05        0.47
 Geometry optimization stopped:          thresholds achieved

 Final energy:                        -246.764077770

 ---------------------------
  Final coordinates summary 
 ---------------------------
 Total coordinates:                      7
 Bond distances:                         1
 Bond angles:                            0
 Dihedral angles:                        0
 Linear bond angles:                     0
 Out-of-plane bends:                     0
 Translations:                           6
 Rotations:                              0

 -----------
  Final XYZ 
 -----------
2
Final structure: -246.764 hartree
Ag          -0.000001935         -0.000001731          0.322456574
F            0.000001935          0.000001731         -1.663907574

 Structure in entos input format:

  structure(
    xyz = [
      ['Ag' ,         -0.000001935,         -0.000001731,          0.322456574],
      ['F'  ,          0.000001935,          0.000001731,         -1.663907574]
    ]
  )

 --------------------------------
  Geometry optimization finished 
 --------------------------------
 Saving results in set 'opt'

 --------------------------------------------------------------------------------
                                 command: hessian                                
 --------------------------------------------------------------------------------

WARNING: semianalytic method is specified for dft hessian, which is not efficient. Try switching to 'method = analytic'


 -------------------------------
  Numerical Geometrical Hessian 
 -------------------------------

 Compute hessian using two-point central differentiation.
 Step size (bohr):                       0.0100

 Frequencies (including translational and rotational modes):
 mode    frequency (cm-1)
    0                0.01 i (imaginary)
    1                0.00 i (imaginary)
    2                0.00
    3               54.60
    4               54.61
    5              502.90

 Project out translational and rotational motions 

 The molecule is linear

 Degrees of freedom for translational and rotational motions: 5

 Vibrational frequencies:
 mode    frequency (cm-1)
    0              502.90

 --------------------------------------------------------------------------------

 End time:                               Fri Oct 22 17:22:05 2021
 Total wall-clock time:                  8.943 seconds
==================================================================================
