
================================================================================
          _____________ ________ _______________ ________     _________         
         / ___________// ______ \\_____   _____// ______ \   / ________)        
        / /_________  / /      \ \     | |     / /      \ \ | (_______          
       |  __________|| |        | |    | |    | |        | | \________ \        
        \ \_________ | |        | |    | |     \ \______/ /___________) |       
         \__________||_|        |_|    |_|      \________//____________/        
                                                                                
====================================[ Qcore ]===================================

 Git describe: 2.3.0
 Compiler:     GNU 9.1.0
 Build type:   Release
 Version:      2.3.0

 Start time:   Fri Oct 22 17:22:08 2021

 Data directory: /work/zw18965/.local/qcore/share/entos/qcore/data
 Number of threads: 24
 Number of threads was determined by: command line argument
  - More threads can be used by running 'qcore -n 32'

 --------------------------------------------------------------------------------
                                command: optimize                                
 --------------------------------------------------------------------------------
 Using coordinate system:                tric

 -----------------------------
  Initial coordinates summary 
 -----------------------------
 Total coordinates:                      7
 Bond distances:                         1
 Bond angles:                            0
 Dihedral angles:                        0
 Linear bond angles:                     0
 Out-of-plane bends:                     0
 Translations:                           6
 Rotations:                              0
 Hessian update scheme:                  bfgs
 Initial hessian:                        model

 ------------------------------------------------------------------------------------------------------------
                   energy      change    grad rms    grad max    step rms    step max       trust    time (s)
 ------------------------------------------------------------------------------------------------------------
   1      -293.991104990                3.77e-03    6.53e-03                            2.00e-01        0.95
   2      -293.991340146   -2.35e-04    1.47e-03    2.55e-03    2.61e-02    5.23e-02    2.00e-01        0.69
   3      -293.991386080   -4.59e-05    1.35e-04    2.35e-04    1.67e-02    3.34e-02    2.00e-01        0.68
   4      -293.991386493   -4.12e-07    5.40e-06    9.36e-06    1.69e-03    3.39e-03    2.00e-01        0.64
   5      -293.991386494   -8.23e-10    1.86e-07    2.31e-07    7.04e-05    1.41e-04    2.00e-01        0.62
 Geometry optimization stopped:          thresholds achieved

 Final energy:                        -293.991386494

 ---------------------------
  Final coordinates summary 
 ---------------------------
 Total coordinates:                      7
 Bond distances:                         1
 Bond angles:                            0
 Dihedral angles:                        0
 Linear bond angles:                     0
 Out-of-plane bends:                     0
 Translations:                           6
 Rotations:                              0

 -----------
  Final XYZ 
 -----------
2
Final structure: -293.991 hartree
Ag          -0.000001414         -0.000006645          1.285417158
Ag           0.000001414          0.000006645         -1.285417158

 Structure in entos input format:

  structure(
    xyz = [
      ['Ag' ,         -0.000001414,         -0.000006645,          1.285417158],
      ['Ag' ,          0.000001414,          0.000006645,         -1.285417158]
    ]
  )

 --------------------------------
  Geometry optimization finished 
 --------------------------------
 Saving results in set 'opt'

 --------------------------------------------------------------------------------
                                 command: hessian                                
 --------------------------------------------------------------------------------

WARNING: semianalytic method is specified for dft hessian, which is not efficient. Try switching to 'method = analytic'


 -------------------------------
  Numerical Geometrical Hessian 
 -------------------------------

 Compute hessian using two-point central differentiation.
 Step size (bohr):                       0.0100

 Frequencies (including translational and rotational modes):
 mode    frequency (cm-1)
    0               15.17 i (imaginary)
    1               15.09 i (imaginary)
    2                0.00 i (imaginary)
    3                0.02
    4                0.08
    5              180.09

 Project out translational and rotational motions 

 The molecule is linear

 Degrees of freedom for translational and rotational motions: 5

 Vibrational frequencies:
 mode    frequency (cm-1)
    0              180.09

 --------------------------------------------------------------------------------

 End time:                               Fri Oct 22 17:22:20 2021
 Total wall-clock time:                 12.248 seconds
==================================================================================
