
================================================================================
          _____________ ________ _______________ ________     _________         
         / ___________// ______ \\_____   _____// ______ \   / ________)        
        / /_________  / /      \ \     | |     / /      \ \ | (_______          
       |  __________|| |        | |    | |    | |        | | \________ \        
        \ \_________ | |        | |    | |     \ \______/ /___________) |       
         \__________||_|        |_|    |_|      \________//____________/        
                                                                                
====================================[ Qcore ]===================================

 Git describe: 2.3.0
 Compiler:     GNU 9.1.0
 Build type:   Release
 Version:      2.3.0

 Start time:   Fri Oct 22 17:22:24 2021

 Data directory: /work/zw18965/.local/qcore/share/entos/qcore/data
 Number of threads: 24
 Number of threads was determined by: command line argument
  - More threads can be used by running 'qcore -n 32'

 --------------------------------------------------------------------------------
                                command: optimize                                
 --------------------------------------------------------------------------------
 Using coordinate system:                tric

 -----------------------------
  Initial coordinates summary 
 -----------------------------
 Total coordinates:                     13
 Bond distances:                         2
 Bond angles:                            0
 Dihedral angles:                        0
 Linear bond angles:                     2
 Out-of-plane bends:                     0
 Translations:                           9
 Rotations:                              0
 Hessian update scheme:                  bfgs
 Initial hessian:                        model

 ------------------------------------------------------------------------------------------------------------
                   energy      change    grad rms    grad max    step rms    step max       trust    time (s)
 ------------------------------------------------------------------------------------------------------------
   1      -440.984317015                2.37e-03    5.02e-03                            2.00e-01        1.78
   2      -440.984588338   -2.71e-04    1.46e-03    3.11e-03    2.73e-02    3.35e-02    2.00e-01        1.33
   3      -440.984770031   -1.82e-04    1.37e-04    2.92e-04    4.43e-02    5.43e-02    2.00e-01        1.36
   4      -440.984771723   -1.69e-06    9.40e-06    2.00e-05    4.59e-03    5.62e-03    2.00e-01        1.32
   5      -440.984771783   -5.94e-08    6.99e-08    1.63e-07    3.37e-04    4.14e-04    2.00e-01        1.22
 Geometry optimization stopped:          thresholds achieved

 Final energy:                        -440.984771783

 ---------------------------
  Final coordinates summary 
 ---------------------------
 Total coordinates:                     13
 Bond distances:                         2
 Bond angles:                            0
 Dihedral angles:                        0
 Linear bond angles:                     2
 Out-of-plane bends:                     0
 Translations:                           9
 Rotations:                              0

 -----------
  Final XYZ 
 -----------
3
Final structure: -440.985 hartree
Ag           0.000003019          0.000001607          0.000000038
Ag          -0.000003202          0.000000460          2.642176984
Ag           0.000000182         -0.000002066         -2.642177022

 Structure in entos input format:

  structure(
    xyz = [
      ['Ag' ,          0.000003019,          0.000001607,          0.000000038],
      ['Ag' ,         -0.000003202,          0.000000460,          2.642176984],
      ['Ag' ,          0.000000182,         -0.000002066,         -2.642177022]
    ]
  )

 --------------------------------
  Geometry optimization finished 
 --------------------------------
 Saving results in set 'opt'

 --------------------------------------------------------------------------------
                                 command: hessian                                
 --------------------------------------------------------------------------------

WARNING: semianalytic method is specified for dft hessian, which is not efficient. Try switching to 'method = analytic'


 -------------------------------
  Numerical Geometrical Hessian 
 -------------------------------

 Compute hessian using two-point central differentiation.
 Step size (bohr):                       0.0100

 Frequencies (including translational and rotational modes):
 mode    frequency (cm-1)
    0               18.42 i (imaginary)
    1               18.40 i (imaginary)
    2                7.23 i (imaginary)
    3                7.22 i (imaginary)
    4                0.01 i (imaginary)
    5                0.05
    6                0.06
    7              108.40
    8              171.84

 Project out translational and rotational motions 

 Degrees of freedom for translational and rotational motions: 6

 Vibrational frequencies:
 mode    frequency (cm-1)
    0               18.40 i (imaginary)
    1              108.40
    2              171.84

 --------------------------------------------------------------------------------

 End time:                               Fri Oct 22 17:22:56 2021
 Total wall-clock time:                 32.875 seconds
==================================================================================
