
================================================================================
          _____________ ________ _______________ ________     _________         
         / ___________// ______ \\_____   _____// ______ \   / ________)        
        / /_________  / /      \ \     | |     / /      \ \ | (_______          
       |  __________|| |        | |    | |    | |        | | \________ \        
        \ \_________ | |        | |    | |     \ \______/ /___________) |       
         \__________||_|        |_|    |_|      \________//____________/        
                                                                                
====================================[ Qcore ]===================================

 Git describe: 2.3.0
 Compiler:     GNU 9.1.0
 Build type:   Release
 Version:      2.3.0

 Start time:   Fri Oct 22 17:22:13 2021

 Data directory: /work/zw18965/.local/qcore/share/entos/qcore/data
 Number of threads: 24
 Number of threads was determined by: command line argument
  - More threads can be used by running 'qcore -n 32'

 --------------------------------------------------------------------------------
                                command: optimize                                
 --------------------------------------------------------------------------------
 Using coordinate system:                tric

 -----------------------------
  Initial coordinates summary 
 -----------------------------
 Total coordinates:                     12
 Bond distances:                         3
 Bond angles:                            3
 Dihedral angles:                        0
 Linear bond angles:                     0
 Out-of-plane bends:                     0
 Translations:                           3
 Rotations:                              3
 Hessian update scheme:                  bfgs
 Initial hessian:                        model

 ------------------------------------------------------------------------------------------------------------
                   energy      change    grad rms    grad max    step rms    step max       trust    time (s)
 ------------------------------------------------------------------------------------------------------------
   1      -440.781159683                4.00e-03    6.97e-03                            2.00e-01        1.81
   2      -440.781527211   -3.68e-04    2.13e-03    3.72e-03    2.31e-02    4.02e-02    2.00e-01        1.49
   3      -440.781685977   -1.59e-04    2.07e-04    3.71e-04    2.63e-02    4.58e-02    2.00e-01        1.51
   4      -440.781687726   -1.75e-06    1.32e-05    2.92e-05    2.83e-03    4.99e-03    2.00e-01        1.44
   5      -440.781687739   -1.30e-08    2.85e-06    4.87e-06    1.89e-04    3.60e-04    2.00e-01        1.38
 Geometry optimization stopped:          thresholds achieved

 Final energy:                        -440.781687739

 ---------------------------
  Final coordinates summary 
 ---------------------------
 Total coordinates:                     12
 Bond distances:                         3
 Bond angles:                            3
 Dihedral angles:                        0
 Linear bond angles:                     0
 Out-of-plane bends:                     0
 Translations:                           3
 Rotations:                              3

 -----------
  Final XYZ 
 -----------
3
Final structure: -440.782 hartree
Ag          -0.000001062          1.558033931          0.000002566
Ag           1.348517772         -0.779017192          0.000000440
Ag          -1.348516710         -0.779015739         -0.000003006

 Structure in entos input format:

  structure(
    xyz = [
      ['Ag' ,         -0.000001062,          1.558033931,          0.000002566],
      ['Ag' ,          1.348517772,         -0.779017192,          0.000000440],
      ['Ag' ,         -1.348516710,         -0.779015739,         -0.000003006]
    ]
  )

 --------------------------------
  Geometry optimization finished 
 --------------------------------
 Saving results in set 'opt'

 --------------------------------------------------------------------------------
                                 command: hessian                                
 --------------------------------------------------------------------------------

WARNING: semianalytic method is specified for dft hessian, which is not efficient. Try switching to 'method = analytic'


 -------------------------------
  Numerical Geometrical Hessian 
 -------------------------------

 Compute hessian using two-point central differentiation.
 Step size (bohr):                       0.0100

 Frequencies (including translational and rotational modes):
 mode    frequency (cm-1)
    0                5.41 i (imaginary)
    1                5.25 i (imaginary)
    2                4.78 i (imaginary)
    3                0.04
    4                0.22
    5                0.56
    6              116.43
    7              116.71
    8              170.29

 Project out translational and rotational motions 

 Degrees of freedom for translational and rotational motions: 6

 Vibrational frequencies:
 mode    frequency (cm-1)
    0              116.43
    1              116.71
    2              170.29

 --------------------------------------------------------------------------------

 End time:                               Fri Oct 22 17:22:48 2021
 Total wall-clock time:                 34.822 seconds
==================================================================================
