
================================================================================
          _____________ ________ _______________ ________     _________         
         / ___________// ______ \\_____   _____// ______ \   / ________)        
        / /_________  / /      \ \     | |     / /      \ \ | (_______          
       |  __________|| |        | |    | |    | |        | | \________ \        
        \ \_________ | |        | |    | |     \ \______/ /___________) |       
         \__________||_|        |_|    |_|      \________//____________/        
                                                                                
====================================[ Qcore ]===================================

 Git describe: 2.3.0
 Compiler:     GNU 9.1.0
 Build type:   Release
 Version:      2.3.0

 Start time:   Fri Oct 22 17:22:14 2021

 Data directory: /work/zw18965/.local/qcore/share/entos/qcore/data
 Number of threads: 24
 Number of threads was determined by: command line argument
  - More threads can be used by running 'qcore -n 32'

 --------------------------------------------------------------------------------
                                command: optimize                                
 --------------------------------------------------------------------------------
 Using coordinate system:                tric

 -----------------------------
  Initial coordinates summary 
 -----------------------------
 Total coordinates:                     13
 Bond distances:                         2
 Bond angles:                            0
 Dihedral angles:                        0
 Linear bond angles:                     2
 Out-of-plane bends:                     0
 Translations:                           9
 Rotations:                              0
 Hessian update scheme:                  bfgs
 Initial hessian:                        model

 ------------------------------------------------------------------------------------------------------------
                   energy      change    grad rms    grad max    step rms    step max       trust    time (s)
 ------------------------------------------------------------------------------------------------------------
   1      -440.729463249                1.84e-03    3.91e-03                            2.00e-01        1.57
   2      -440.729635599   -1.72e-04    1.28e-03    2.71e-03    2.13e-02    2.61e-02    2.00e-01        1.23
   3      -440.729809169   -1.74e-04    1.23e-04    2.61e-04    4.80e-02    5.88e-02    2.00e-01        1.25
   4      -440.729810927   -1.76e-06    9.93e-06    2.11e-05    5.12e-03    6.27e-03    2.00e-01        1.18
Rejecting step due to low quality: Quality: -55.9026 New trust radius: 0.000224688
   5      -440.729810278    6.48e-07    9.93e-06    2.11e-05    4.49e-04    5.50e-04    2.25e-04        1.16
 Geometry optimization stopped:          thresholds achieved

 Final energy:                        -440.729810278

 ---------------------------
  Final coordinates summary 
 ---------------------------
 Total coordinates:                     13
 Bond distances:                         2
 Bond angles:                            0
 Dihedral angles:                        0
 Linear bond angles:                     2
 Out-of-plane bends:                     0
 Translations:                           9
 Rotations:                              0

 -----------
  Final XYZ 
 -----------
3
Final structure: -440.73 hartree
Ag          -0.000000457          0.000000674          0.000000552
Ag           0.000000312         -0.000000559          2.677548045
Ag           0.000000145         -0.000000114         -2.677548598

 Structure in entos input format:

  structure(
    xyz = [
      ['Ag' ,         -0.000000457,          0.000000674,          0.000000552],
      ['Ag' ,          0.000000312,         -0.000000559,          2.677548045],
      ['Ag' ,          0.000000145,         -0.000000114,         -2.677548598]
    ]
  )

 --------------------------------
  Geometry optimization finished 
 --------------------------------
 Saving results in set 'opt'

 --------------------------------------------------------------------------------
                                 command: hessian                                
 --------------------------------------------------------------------------------

WARNING: semianalytic method is specified for dft hessian, which is not efficient. Try switching to 'method = analytic'


 -------------------------------
  Numerical Geometrical Hessian 
 -------------------------------

 Compute hessian using two-point central differentiation.
 Step size (bohr):                       0.0100

 Frequencies (including translational and rotational modes):
 mode    frequency (cm-1)
    0               44.37 i (imaginary)
    1               44.35 i (imaginary)
    2                6.65 i (imaginary)
    3                6.54 i (imaginary)
    4                0.03 i (imaginary)
    5                0.01
    6                0.20
    7               96.42
    8              162.36

 Project out translational and rotational motions 

 Degrees of freedom for translational and rotational motions: 6

 Vibrational frequencies:
 mode    frequency (cm-1)
    0               44.37 i (imaginary)
    1               96.42
    2              162.36

 --------------------------------------------------------------------------------

 End time:                               Fri Oct 22 17:22:43 2021
 Total wall-clock time:                 29.144 seconds
==================================================================================
