
================================================================================
          _____________ ________ _______________ ________     _________         
         / ___________// ______ \\_____   _____// ______ \   / ________)        
        / /_________  / /      \ \     | |     / /      \ \ | (_______          
       |  __________|| |        | |    | |    | |        | | \________ \        
        \ \_________ | |        | |    | |     \ \______/ /___________) |       
         \__________||_|        |_|    |_|      \________//____________/        
                                                                                
====================================[ Qcore ]===================================

 Git describe: 2.3.0
 Compiler:     GNU 9.1.0
 Build type:   Release
 Version:      2.3.0

 Start time:   Fri Oct 22 17:22:22 2021

 Data directory: /work/zw18965/.local/qcore/share/entos/qcore/data
 Number of threads: 24
 Number of threads was determined by: command line argument

 --------------------------------------------------------------------------------
                                command: optimize                                
 --------------------------------------------------------------------------------
 Using coordinate system:                tric

 -----------------------------
  Initial coordinates summary 
 -----------------------------
 Total coordinates:                     12
 Bond distances:                         3
 Bond angles:                            3
 Dihedral angles:                        0
 Linear bond angles:                     0
 Out-of-plane bends:                     0
 Translations:                           3
 Rotations:                              3
 Hessian update scheme:                  bfgs
 Initial hessian:                        model

 ------------------------------------------------------------------------------------------------------------
                   energy      change    grad rms    grad max    step rms    step max       trust    time (s)
 ------------------------------------------------------------------------------------------------------------
   1      -440.984842491                6.65e-03    1.62e-02                            2.00e-01        2.07
   2      -440.986411086   -1.57e-03    4.08e-03    9.91e-03    5.84e-02    9.14e-02    2.00e-01        1.81
   3      -440.987465396   -1.05e-03    1.17e-03    2.32e-03    9.05e-02    1.46e-01    2.00e-01        1.72
   4      -440.987526964   -6.16e-05    6.49e-04    1.28e-03    1.89e-02    3.96e-02    2.00e-01        1.65
   5      -440.987547957   -2.10e-05    4.04e-04    6.43e-04    1.17e-02    2.81e-02    2.00e-01        1.63
   6      -440.987565242   -1.73e-05    6.25e-04    1.19e-03    1.08e-02    2.44e-02    2.00e-01        1.59
   7      -440.987615939   -5.07e-05    4.30e-03    7.54e-03    2.00e-01    4.39e-01    1.00e-01        1.80
   8      -440.987796135   -1.80e-04    2.84e-03    4.85e-03    1.00e-01    2.27e-01    1.41e-01        1.71
   9      -440.987994635   -1.99e-04    2.91e-03    5.14e-03    3.12e-02    4.60e-02    1.41e-01        1.62
  10      -440.988364163   -3.70e-04    1.79e-03    3.95e-03    1.45e-01    2.29e-01    1.41e-01        1.71
  11      -440.988540358   -1.76e-04    1.15e-03    2.53e-03    8.09e-02    1.52e-01    1.41e-01        1.72
  12      -440.988588297   -4.79e-05    6.88e-04    1.60e-03    1.47e-02    2.50e-02    1.41e-01        1.59
  13      -440.988625654   -3.74e-05    2.57e-04    4.20e-04    2.58e-02    4.60e-02    1.41e-01        1.60
  14      -440.988632935   -7.28e-06    7.08e-05    1.55e-04    1.22e-02    2.08e-02    1.41e-01        1.56
  15      -440.988633344   -4.09e-07    5.62e-06    9.59e-06    2.50e-03    4.77e-03    1.41e-01        1.54
  16      -440.988633383   -3.87e-08    1.22e-06    2.37e-06    3.09e-04    5.77e-04    1.41e-01        1.36
 Geometry optimization stopped:          thresholds achieved

 Final energy:                        -440.988633383

 ---------------------------
  Final coordinates summary 
 ---------------------------
 Total coordinates:                     12
 Bond distances:                         3
 Bond angles:                            3
 Dihedral angles:                        0
 Linear bond angles:                     0
 Out-of-plane bends:                     0
 Translations:                           3
 Rotations:                              3

 -----------
  Final XYZ 
 -----------
3
Final structure: -440.989 hartree
Ag           0.132863625          1.671679791         -0.000095007
Ag           1.248625486         -0.721676705         -0.000157644
Ag          -1.381489110         -0.950004086          0.000252651

 Structure in entos input format:

  structure(
    xyz = [
      ['Ag' ,          0.132863625,          1.671679791,         -0.000095007],
      ['Ag' ,          1.248625486,         -0.721676705,         -0.000157644],
      ['Ag' ,         -1.381489110,         -0.950004086,          0.000252651]
    ]
  )

 --------------------------------
  Geometry optimization finished 
 --------------------------------
 Saving results in set 'opt'

 --------------------------------------------------------------------------------
                                 command: hessian                                
 --------------------------------------------------------------------------------

WARNING: semianalytic method is specified for dft hessian, which is not efficient. Try switching to 'method = analytic'


 -------------------------------
  Numerical Geometrical Hessian 
 -------------------------------

 Compute hessian using two-point central differentiation.
 Step size (bohr):                       0.0100

 Frequencies (including translational and rotational modes):
 mode    frequency (cm-1)
    0               15.57 i (imaginary)
    1                0.10 i (imaginary)
    2                0.04 i (imaginary)
    3                0.01 i (imaginary)
    4               11.35
    5               11.41
    6               53.65
    7              112.59
    8              170.30

 Project out translational and rotational motions 

 Degrees of freedom for translational and rotational motions: 6

 Vibrational frequencies:
 mode    frequency (cm-1)
    0               53.64
    1              112.59
    2              170.30

 --------------------------------------------------------------------------------

 End time:                               Fri Oct 22 17:23:18 2021
 Total wall-clock time:                 55.794 seconds
==================================================================================
