
================================================================================
          _____________ ________ _______________ ________     _________         
         / ___________// ______ \\_____   _____// ______ \   / ________)        
        / /_________  / /      \ \     | |     / /      \ \ | (_______          
       |  __________|| |        | |    | |    | |        | | \________ \        
        \ \_________ | |        | |    | |     \ \______/ /___________) |       
         \__________||_|        |_|    |_|      \________//____________/        
                                                                                
====================================[ Qcore ]===================================

 Git describe: 2.3.0
 Compiler:     GNU 9.1.0
 Build type:   Release
 Version:      2.3.0

 Start time:   Fri Oct 22 17:22:29 2021

 Data directory: /work/zw18965/.local/qcore/share/entos/qcore/data
 Number of threads: 24
 Number of threads was determined by: command line argument
  - More threads can be used by running 'qcore -n 32'

 --------------------------------------------------------------------------------
                                command: optimize                                
 --------------------------------------------------------------------------------
 Using coordinate system:                tric

 -----------------------------
  Initial coordinates summary 
 -----------------------------
 Total coordinates:                      7
 Bond distances:                         1
 Bond angles:                            0
 Dihedral angles:                        0
 Linear bond angles:                     0
 Out-of-plane bends:                     0
 Translations:                           6
 Rotations:                              0
 Hessian update scheme:                  bfgs
 Initial hessian:                        model

 ------------------------------------------------------------------------------------------------------------
                   energy      change    grad rms    grad max    step rms    step max       trust    time (s)
 ------------------------------------------------------------------------------------------------------------
   1      -136.313423890                2.76e-03    4.79e-03                            2.00e-01        0.71
   2      -136.313479312   -5.54e-05    4.57e-04    7.91e-04    1.00e-02    2.00e-02    2.00e-01        0.38
   3      -136.313480661   -1.35e-06    1.53e-05    2.66e-05    1.98e-03    3.96e-03    2.00e-01        0.39
Rejecting step due to low quality: Quality: -4.86694 New trust radius: 3.44289e-05
   4      -136.313480652    8.91e-09    1.53e-05    2.66e-05    6.89e-05    1.38e-04    3.44e-05        0.38
 Geometry optimization stopped:          thresholds achieved

 Final energy:                        -136.313480652

 ---------------------------
  Final coordinates summary 
 ---------------------------
 Total coordinates:                      7
 Bond distances:                         1
 Bond angles:                            0
 Dihedral angles:                        0
 Linear bond angles:                     0
 Out-of-plane bends:                     0
 Translations:                           6
 Rotations:                              0

 -----------
  Final XYZ 
 -----------
2
Final structure: -136.313 hartree
Au           0.000000302         -0.000000154          0.025374166
H           -0.000000302          0.000000154         -1.510031166

 Structure in entos input format:

  structure(
    xyz = [
      ['Au' ,          0.000000302,         -0.000000154,          0.025374166],
      ['H'  ,         -0.000000302,          0.000000154,         -1.510031166]
    ]
  )

 --------------------------------
  Geometry optimization finished 
 --------------------------------
 Saving results in set 'opt'

 --------------------------------------------------------------------------------
                                 command: hessian                                
 --------------------------------------------------------------------------------

WARNING: semianalytic method is specified for dft hessian, which is not efficient. Try switching to 'method = analytic'


 -------------------------------
  Numerical Geometrical Hessian 
 -------------------------------

 Compute hessian using two-point central differentiation.
 Step size (bohr):                       0.0100

 Frequencies (including translational and rotational modes):
 mode    frequency (cm-1)
    0                0.00 i (imaginary)
    1                0.00
    2                0.00
    3               56.94
    4               56.99
    5             2252.61

 Project out translational and rotational motions 

 The molecule is linear

 Degrees of freedom for translational and rotational motions: 5

 Vibrational frequencies:
 mode    frequency (cm-1)
    0             2252.61

 --------------------------------------------------------------------------------

 End time:                               Fri Oct 22 17:22:36 2021
 Total wall-clock time:                  7.222 seconds
==================================================================================
