
================================================================================
          _____________ ________ _______________ ________     _________         
         / ___________// ______ \\_____   _____// ______ \   / ________)        
        / /_________  / /      \ \     | |     / /      \ \ | (_______          
       |  __________|| |        | |    | |    | |        | | \________ \        
        \ \_________ | |        | |    | |     \ \______/ /___________) |       
         \__________||_|        |_|    |_|      \________//____________/        
                                                                                
====================================[ Qcore ]===================================

 Git describe: 2.3.0
 Compiler:     GNU 9.1.0
 Build type:   Release
 Version:      2.3.0

 Start time:   Fri Oct 22 17:22:27 2021

 Data directory: /work/zw18965/.local/qcore/share/entos/qcore/data
 Number of threads: 24
 Number of threads was determined by: command line argument
  - More threads can be used by running 'qcore -n 32'

 --------------------------------------------------------------------------------
                                command: optimize                                
 --------------------------------------------------------------------------------
 Using coordinate system:                tric

 -----------------------------
  Initial coordinates summary 
 -----------------------------
 Total coordinates:                      7
 Bond distances:                         1
 Bond angles:                            0
 Dihedral angles:                        0
 Linear bond angles:                     0
 Out-of-plane bends:                     0
 Translations:                           6
 Rotations:                              0
 Hessian update scheme:                  bfgs
 Initial hessian:                        model

 ------------------------------------------------------------------------------------------------------------
                   energy      change    grad rms    grad max    step rms    step max       trust    time (s)
 ------------------------------------------------------------------------------------------------------------
   1      -235.483457519                2.20e-03    3.81e-03                            2.00e-01        0.87
   2      -235.483488990   -3.15e-05    7.36e-04    1.27e-03    6.21e-03    1.24e-02    2.00e-01        0.52
   3      -235.483493295   -4.30e-06    1.54e-05    2.67e-05    3.12e-03    6.24e-03    2.00e-01        0.51
   4      -235.483493468   -1.73e-07    6.31e-07    1.07e-06    6.67e-05    1.33e-04    2.00e-01        0.48
 Geometry optimization stopped:          thresholds achieved

 Final energy:                        -235.483493468

 ---------------------------
  Final coordinates summary 
 ---------------------------
 Total coordinates:                      7
 Bond distances:                         1
 Bond angles:                            0
 Dihedral angles:                        0
 Linear bond angles:                     0
 Out-of-plane bends:                     0
 Translations:                           6
 Rotations:                              0

 -----------
  Final XYZ 
 -----------
2
Final structure: -235.483 hartree
Au           0.000001339          0.000001391          0.201825582
F           -0.000001339         -0.000001391         -1.732903582

 Structure in entos input format:

  structure(
    xyz = [
      ['Au' ,          0.000001339,          0.000001391,          0.201825582],
      ['F'  ,         -0.000001339,         -0.000001391,         -1.732903582]
    ]
  )

 --------------------------------
  Geometry optimization finished 
 --------------------------------
 Saving results in set 'opt'

 --------------------------------------------------------------------------------
                                 command: hessian                                
 --------------------------------------------------------------------------------

WARNING: semianalytic method is specified for dft hessian, which is not efficient. Try switching to 'method = analytic'


 -------------------------------
  Numerical Geometrical Hessian 
 -------------------------------

 Compute hessian using two-point central differentiation.
 Step size (bohr):                       0.0100

 Frequencies (including translational and rotational modes):
 mode    frequency (cm-1)
    0                0.04 i (imaginary)
    1                0.01 i (imaginary)
    2                0.00 i (imaginary)
    3               58.55
    4               58.70
    5              548.37

 Project out translational and rotational motions 

 The molecule is linear

 Degrees of freedom for translational and rotational motions: 5

 Vibrational frequencies:
 mode    frequency (cm-1)
    0              548.37

 --------------------------------------------------------------------------------

 End time:                               Fri Oct 22 17:22:36 2021
 Total wall-clock time:                  9.273 seconds
==================================================================================
