
================================================================================
          _____________ ________ _______________ ________     _________         
         / ___________// ______ \\_____   _____// ______ \   / ________)        
        / /_________  / /      \ \     | |     / /      \ \ | (_______          
       |  __________|| |        | |    | |    | |        | | \________ \        
        \ \_________ | |        | |    | |     \ \______/ /___________) |       
         \__________||_|        |_|    |_|      \________//____________/        
                                                                                
====================================[ Qcore ]===================================

 Git describe: 2.3.0
 Compiler:     GNU 9.1.0
 Build type:   Release
 Version:      2.3.0

 Start time:   Fri Oct 22 17:22:39 2021

 Data directory: /work/zw18965/.local/qcore/share/entos/qcore/data
 Number of threads: 24
 Number of threads was determined by: command line argument
  - More threads can be used by running 'qcore -n 32'

 --------------------------------------------------------------------------------
                                command: optimize                                
 --------------------------------------------------------------------------------
 Using coordinate system:                tric

 -----------------------------
  Initial coordinates summary 
 -----------------------------
 Total coordinates:                     13
 Bond distances:                         2
 Bond angles:                            0
 Dihedral angles:                        0
 Linear bond angles:                     2
 Out-of-plane bends:                     0
 Translations:                           9
 Rotations:                              0
 Hessian update scheme:                  bfgs
 Initial hessian:                        model

 ------------------------------------------------------------------------------------------------------------
                   energy      change    grad rms    grad max    step rms    step max       trust    time (s)
 ------------------------------------------------------------------------------------------------------------
   1      -406.906573513                2.22e-03    4.70e-03                            2.00e-01        1.71
   2      -406.906786607   -2.13e-04    1.01e-03    2.14e-03    2.56e-02    3.13e-02    2.00e-01        1.50
Failed to converge
Failed to converge
Failed to converge
Failed to converge
Failed to converge
Failed to converge
Failed to converge
Failed to converge
Failed to converge
Failed to converge
   3      -406.906842904   -5.63e-05    7.89e-05    1.68e-04    2.13e-02    2.61e-02    2.00e-01        1.46
   4      -406.906845759   -2.86e-06    1.38e-06    3.12e-06    1.81e-03    2.22e-03    2.00e-01        1.38
   5      -406.906845766   -6.20e-09    5.23e-07    1.10e-06    3.20e-05    4.10e-05    2.00e-01        1.26
 Geometry optimization stopped:          thresholds achieved

 Final energy:                        -406.906845766

 ---------------------------
  Final coordinates summary 
 ---------------------------
 Total coordinates:                     13
 Bond distances:                         2
 Bond angles:                            0
 Dihedral angles:                        0
 Linear bond angles:                     2
 Out-of-plane bends:                     0
 Translations:                           9
 Rotations:                              0

 -----------
  Final XYZ 
 -----------
3
Final structure: -406.907 hartree
Au          -0.000001258         -0.000012382         -0.000003272
Au           0.000000906          0.000009205          2.608452705
Au           0.000000352          0.000003177         -2.608449433

 Structure in entos input format:

  structure(
    xyz = [
      ['Au' ,         -0.000001258,         -0.000012382,         -0.000003272],
      ['Au' ,          0.000000906,          0.000009205,          2.608452705],
      ['Au' ,          0.000000352,          0.000003177,         -2.608449433]
    ]
  )

 --------------------------------
  Geometry optimization finished 
 --------------------------------
 Saving results in set 'opt'

 --------------------------------------------------------------------------------
                                 command: hessian                                
 --------------------------------------------------------------------------------

WARNING: semianalytic method is specified for dft hessian, which is not efficient. Try switching to 'method = analytic'


 -------------------------------
  Numerical Geometrical Hessian 
 -------------------------------

 Compute hessian using two-point central differentiation.
 Step size (bohr):                       0.0100

 Frequencies (including translational and rotational modes):
 mode    frequency (cm-1)
    0               61.11 i (imaginary)
    1               61.09 i (imaginary)
    2                8.76 i (imaginary)
    3                8.66 i (imaginary)
    4                0.04
    5                0.08
    6                0.09
    7               98.59
    8              162.22

 Project out translational and rotational motions 

 Degrees of freedom for translational and rotational motions: 6

 Vibrational frequencies:
 mode    frequency (cm-1)
    0               61.09 i (imaginary)
    1               98.59
    2              162.22

 --------------------------------------------------------------------------------

 End time:                               Fri Oct 22 17:23:14 2021
 Total wall-clock time:                 34.670 seconds
==================================================================================
