
================================================================================
          _____________ ________ _______________ ________     _________         
         / ___________// ______ \\_____   _____// ______ \   / ________)        
        / /_________  / /      \ \     | |     / /      \ \ | (_______          
       |  __________|| |        | |    | |    | |        | | \________ \        
        \ \_________ | |        | |    | |     \ \______/ /___________) |       
         \__________||_|        |_|    |_|      \________//____________/        
                                                                                
====================================[ Qcore ]===================================

 Git describe: 2.3.0
 Compiler:     GNU 9.1.0
 Build type:   Release
 Version:      2.3.0

 Start time:   Fri Oct 22 17:22:40 2021

 Data directory: /work/zw18965/.local/qcore/share/entos/qcore/data
 Number of threads: 24
 Number of threads was determined by: command line argument
  - More threads can be used by running 'qcore -n 32'

 --------------------------------------------------------------------------------
                                command: optimize                                
 --------------------------------------------------------------------------------
 Using coordinate system:                tric

 -----------------------------
  Initial coordinates summary 
 -----------------------------
 Total coordinates:                     12
 Bond distances:                         3
 Bond angles:                            3
 Dihedral angles:                        0
 Linear bond angles:                     0
 Out-of-plane bends:                     0
 Translations:                           3
 Rotations:                              3
 Hessian update scheme:                  bfgs
 Initial hessian:                        model

 ------------------------------------------------------------------------------------------------------------
                   energy      change    grad rms    grad max    step rms    step max       trust    time (s)
 ------------------------------------------------------------------------------------------------------------
   1      -407.220670628                8.12e-03    1.71e-02                            2.00e-01        2.80
   2      -407.223108959   -2.44e-03    3.59e-03    8.31e-03    7.27e-02    1.65e-01    2.00e-01        1.99
   3      -407.223632079   -5.23e-04    1.25e-03    2.90e-03    7.62e-02    1.57e-01    2.00e-01        2.17
   4      -407.223733665   -1.02e-04    8.04e-04    1.69e-03    2.54e-02    5.70e-02    2.00e-01        2.00
   5      -407.223784585   -5.09e-05    5.01e-04    9.92e-04    2.34e-02    4.99e-02    2.00e-01        2.07
   6      -407.223801256   -1.67e-05    2.84e-04    5.76e-04    1.30e-02    2.18e-02    2.00e-01        1.95
   7      -407.223808224   -6.97e-06    1.24e-04    2.89e-04    6.05e-03    1.01e-02    2.00e-01        1.94
   8      -407.223812710   -4.49e-06    6.93e-05    1.56e-04    5.26e-03    1.34e-02    2.00e-01        1.93
   9      -407.223815000   -2.29e-06    1.12e-04    1.84e-04    3.60e-03    1.39e-02    2.00e-01        1.94
  10      -407.223817666   -2.67e-06    1.43e-04    2.79e-04    2.07e-03    1.81e-02    2.00e-01        1.90
  11      -407.223822446   -4.78e-06    1.56e-04    3.40e-04    1.23e-03    3.87e-02    2.00e-01        1.99
  12      -407.223825394   -2.95e-06    9.40e-05    2.17e-04    3.43e-03    3.18e-02    2.00e-01        1.97
  13      -407.223826532   -1.14e-06    2.53e-05    5.74e-05    3.33e-03    6.66e-03    2.00e-01        1.96
  14      -407.223826660   -1.28e-07    3.22e-06    5.81e-06    1.26e-03    3.96e-03    2.00e-01        1.78
Rejecting step due to low quality: Quality: -19.4755 New trust radius: 8.09679e-05
  15      -407.223826597    6.21e-08    3.22e-06    5.81e-06    1.62e-04    1.22e-03    8.10e-05        1.66
  16      -407.223826410    2.50e-07    2.02e-06    3.43e-06    8.10e-05    6.11e-04    4.05e-05        1.65
 Geometry optimization stopped:          thresholds achieved

 Final energy:                        -407.223826410

 ---------------------------
  Final coordinates summary 
 ---------------------------
 Total coordinates:                     12
 Bond distances:                         3
 Bond angles:                            3
 Dihedral angles:                        0
 Linear bond angles:                     0
 Out-of-plane bends:                     0
 Translations:                           3
 Rotations:                              3

 -----------
  Final XYZ 
 -----------
3
Final structure: -407.224 hartree
Au          -0.000194654          1.451184851         -0.000012023
Au           1.430165607         -0.725334614          0.000022423
Au          -1.429970953         -0.725850237         -0.000010401

 Structure in entos input format:

  structure(
    xyz = [
      ['Au' ,         -0.000194654,          1.451184851,         -0.000012023],
      ['Au' ,          1.430165607,         -0.725334614,          0.000022423],
      ['Au' ,         -1.429970953,         -0.725850237,         -0.000010401]
    ]
  )

 --------------------------------
  Geometry optimization finished 
 --------------------------------
 Saving results in set 'opt'

 --------------------------------------------------------------------------------
                                 command: hessian                                
 --------------------------------------------------------------------------------

WARNING: semianalytic method is specified for dft hessian, which is not efficient. Try switching to 'method = analytic'


 -------------------------------
  Numerical Geometrical Hessian 
 -------------------------------

 Compute hessian using two-point central differentiation.
 Step size (bohr):                       0.0100

 Frequencies (including translational and rotational modes):
 mode    frequency (cm-1)
    0                0.05 i (imaginary)
    1                0.02 i (imaginary)
    2                0.01 i (imaginary)
    3                7.03
    4               10.75
    5               12.65
    6               62.23
    7               85.22
    8              163.95

 Project out translational and rotational motions 

 Degrees of freedom for translational and rotational motions: 6

 Vibrational frequencies:
 mode    frequency (cm-1)
    0               62.23
    1               85.20
    2              163.95

 --------------------------------------------------------------------------------

 End time:                               Fri Oct 22 17:23:47 2021
 Total wall-clock time:                 67.578 seconds
==================================================================================
