
================================================================================
          _____________ ________ _______________ ________     _________         
         / ___________// ______ \\_____   _____// ______ \   / ________)        
        / /_________  / /      \ \     | |     / /      \ \ | (_______          
       |  __________|| |        | |    | |    | |        | | \________ \        
        \ \_________ | |        | |    | |     \ \______/ /___________) |       
         \__________||_|        |_|    |_|      \________//____________/        
                                                                                
====================================[ Qcore ]===================================

 Git describe: 2.3.0
 Compiler:     GNU 9.1.0
 Build type:   Release
 Version:      2.3.0

 Start time:   Fri Oct 22 17:22:30 2021

 Data directory: /work/zw18965/.local/qcore/share/entos/qcore/data
 Number of threads: 24
 Number of threads was determined by: command line argument

 --------------------------------------------------------------------------------
                                command: optimize                                
 --------------------------------------------------------------------------------
 Using coordinate system:                tric

 -----------------------------
  Initial coordinates summary 
 -----------------------------
 Total coordinates:                     12
 Bond distances:                         3
 Bond angles:                            3
 Dihedral angles:                        0
 Linear bond angles:                     0
 Out-of-plane bends:                     0
 Translations:                           3
 Rotations:                              3
 Hessian update scheme:                  bfgs
 Initial hessian:                        model

 ------------------------------------------------------------------------------------------------------------
                   energy      change    grad rms    grad max    step rms    step max       trust    time (s)
 ------------------------------------------------------------------------------------------------------------
   1      -406.974388054                4.50e-03    7.71e-03                            2.00e-01        1.90
   2      -406.974745806   -3.58e-04    8.70e-04    1.47e-03    2.60e-02    4.58e-02    2.00e-01        1.73
   3      -406.974760318   -1.45e-05    6.38e-05    1.06e-04    6.23e-03    1.12e-02    2.00e-01        1.62
   4      -406.974760580   -2.63e-07    2.97e-06    5.13e-06    4.97e-04    9.89e-04    2.00e-01        1.60
 Geometry optimization stopped:          thresholds achieved

 Final energy:                        -406.974760580

 ---------------------------
  Final coordinates summary 
 ---------------------------
 Total coordinates:                     12
 Bond distances:                         3
 Bond angles:                            3
 Dihedral angles:                        0
 Linear bond angles:                     0
 Out-of-plane bends:                     0
 Translations:                           3
 Rotations:                              3

 -----------
  Final XYZ 
 -----------
3
Final structure: -406.975 hartree
Au          -0.000011087          1.518278938          0.000004205
Au           1.315599367         -0.759131426          0.000000720
Au          -1.315588280         -0.759147512         -0.000004925

 Structure in entos input format:

  structure(
    xyz = [
      ['Au' ,         -0.000011087,          1.518278938,          0.000004205],
      ['Au' ,          1.315599367,         -0.759131426,          0.000000720],
      ['Au' ,         -1.315588280,         -0.759147512,         -0.000004925]
    ]
  )

 --------------------------------
  Geometry optimization finished 
 --------------------------------
 Saving results in set 'opt'

 --------------------------------------------------------------------------------
                                 command: hessian                                
 --------------------------------------------------------------------------------

WARNING: semianalytic method is specified for dft hessian, which is not efficient. Try switching to 'method = analytic'


 -------------------------------
  Numerical Geometrical Hessian 
 -------------------------------

 Compute hessian using two-point central differentiation.
 Step size (bohr):                       0.0100

 Frequencies (including translational and rotational modes):
 mode    frequency (cm-1)
    0               10.26 i (imaginary)
    1                8.89 i (imaginary)
    2                3.32 i (imaginary)
    3                0.00
    4                0.05
    5                0.19
    6              111.28
    7              112.22
    8              172.46

 Project out translational and rotational motions 

 Degrees of freedom for translational and rotational motions: 6

 Vibrational frequencies:
 mode    frequency (cm-1)
    0              111.28
    1              112.22
    2              172.46

 --------------------------------------------------------------------------------

 End time:                               Fri Oct 22 17:23:09 2021
 Total wall-clock time:                 38.637 seconds
==================================================================================
