
================================================================================
          _____________ ________ _______________ ________     _________         
         / ___________// ______ \\_____   _____// ______ \   / ________)        
        / /_________  / /      \ \     | |     / /      \ \ | (_______          
       |  __________|| |        | |    | |    | |        | | \________ \        
        \ \_________ | |        | |    | |     \ \______/ /___________) |       
         \__________||_|        |_|    |_|      \________//____________/        
                                                                                
====================================[ Qcore ]===================================

 Git describe: 2.3.0
 Compiler:     GNU 9.1.0
 Build type:   Release
 Version:      2.3.0

 Start time:   Fri Oct 22 17:22:45 2021

 Data directory: /work/zw18965/.local/qcore/share/entos/qcore/data
 Number of threads: 24
 Number of threads was determined by: command line argument
  - More threads can be used by running 'qcore -n 32'

 --------------------------------------------------------------------------------
                                command: optimize                                
 --------------------------------------------------------------------------------
 Using coordinate system:                tric

 -----------------------------
  Initial coordinates summary 
 -----------------------------
 Total coordinates:                     13
 Bond distances:                         2
 Bond angles:                            0
 Dihedral angles:                        0
 Linear bond angles:                     2
 Out-of-plane bends:                     0
 Translations:                           9
 Rotations:                              0
 Hessian update scheme:                  bfgs
 Initial hessian:                        model

 ------------------------------------------------------------------------------------------------------------
                   energy      change    grad rms    grad max    step rms    step max       trust    time (s)
 ------------------------------------------------------------------------------------------------------------
   1      -407.220263409                2.68e-03    5.68e-03                            2.00e-01        2.04
   2      -407.220551896   -2.88e-04    9.31e-04    1.98e-03    3.09e-02    3.79e-02    2.00e-01        1.59
   3      -407.220593237   -4.13e-05    6.96e-05    1.50e-04    1.65e-02    2.02e-02    2.00e-01        1.54
Failed to converge
Failed to converge
Failed to converge
Failed to converge
Failed to converge
   4      -407.220975983   -3.83e-04    1.83e-02    4.44e-02    1.33e-03    1.65e-03    2.00e-01        2.10
Rejecting step due to low quality: Quality: -36.2554 New trust radius: 0.00805532
   5      -407.220559279    4.17e-04    1.83e-02    4.44e-02    1.61e-02    2.45e-02    8.06e-03        1.75
   6      -407.220584886    3.91e-04    4.21e-04    1.01e-03    8.06e-03    1.22e-02    4.03e-03        1.67
   7      -407.220591267   -6.38e-06    2.15e-04    5.23e-04    4.03e-03    5.91e-03    5.70e-03        1.57
Failed to converge
Failed to converge
Failed to converge
Failed to converge
Failed to converge
   8      -407.220593462   -2.19e-06    2.71e-05    6.52e-05    4.06e-03    5.96e-03    5.70e-03        1.63
   9      -407.220593478   -1.61e-08    2.74e-05    6.66e-05    4.19e-05    6.06e-05    5.70e-03        1.41
 Geometry optimization stopped:          thresholds achieved

 Final energy:                        -407.220593478

 ---------------------------
  Final coordinates summary 
 ---------------------------
 Total coordinates:                     13
 Bond distances:                         2
 Bond angles:                            0
 Dihedral angles:                        0
 Linear bond angles:                     2
 Out-of-plane bends:                     0
 Translations:                           9
 Rotations:                              0

 -----------
  Final XYZ 
 -----------
3
Final structure: -407.221 hartree
Au          -0.000005484          0.000005967          0.000165222
Au           0.000002650         -0.000006152          2.578905376
Au           0.000002834          0.000000184         -2.579070598

 Structure in entos input format:

  structure(
    xyz = [
      ['Au' ,         -0.000005484,          0.000005967,          0.000165222],
      ['Au' ,          0.000002650,         -0.000006152,          2.578905376],
      ['Au' ,          0.000002834,          0.000000184,         -2.579070598]
    ]
  )

 --------------------------------
  Geometry optimization finished 
 --------------------------------
 Saving results in set 'opt'

 --------------------------------------------------------------------------------
                                 command: hessian                                
 --------------------------------------------------------------------------------

WARNING: semianalytic method is specified for dft hessian, which is not efficient. Try switching to 'method = analytic'


 -------------------------------
  Numerical Geometrical Hessian 
 -------------------------------

 Compute hessian using two-point central differentiation.
 Step size (bohr):                       0.0100

 Frequencies (including translational and rotational modes):
 mode    frequency (cm-1)
    0               30.27 i (imaginary)
    1               30.25 i (imaginary)
    2                8.42 i (imaginary)
    3                8.38 i (imaginary)
    4                0.01 i (imaginary)
    5                0.03
    6                0.06
    7              108.62
    8              169.55

 Project out translational and rotational motions 

 Degrees of freedom for translational and rotational motions: 6

 Vibrational frequencies:
 mode    frequency (cm-1)
    0               30.25 i (imaginary)
    1              108.62
    2              169.55

 --------------------------------------------------------------------------------

 End time:                               Fri Oct 22 17:23:32 2021
 Total wall-clock time:                 46.588 seconds
==================================================================================
