
================================================================================
          _____________ ________ _______________ ________     _________         
         / ___________// ______ \\_____   _____// ______ \   / ________)        
        / /_________  / /      \ \     | |     / /      \ \ | (_______          
       |  __________|| |        | |    | |    | |        | | \________ \        
        \ \_________ | |        | |    | |     \ \______/ /___________) |       
         \__________||_|        |_|    |_|      \________//____________/        
                                                                                
====================================[ Qcore ]===================================

 Git describe: 2.3.0
 Compiler:     GNU 9.1.0
 Build type:   Release
 Version:      2.3.0

 Start time:   Fri Oct 22 17:22:46 2021

 Data directory: /work/zw18965/.local/qcore/share/entos/qcore/data
 Number of threads: 24
 Number of threads was determined by: command line argument
  - More threads can be used by running 'qcore -n 32'

 --------------------------------------------------------------------------------
                                command: optimize                                
 --------------------------------------------------------------------------------
 Using coordinate system:                tric

 -----------------------------
  Initial coordinates summary 
 -----------------------------
 Total coordinates:                      7
 Bond distances:                         1
 Bond angles:                            0
 Dihedral angles:                        0
 Linear bond angles:                     0
 Out-of-plane bends:                     0
 Translations:                           6
 Rotations:                              0
 Hessian update scheme:                  bfgs
 Initial hessian:                        model

 ------------------------------------------------------------------------------------------------------------
                   energy      change    grad rms    grad max    step rms    step max       trust    time (s)
 ------------------------------------------------------------------------------------------------------------
   1     -1740.067819828                5.13e-03    8.88e-03                            2.00e-01        0.73
   2     -1740.067930942   -1.11e-04    3.19e-03    5.52e-03    7.73e-03    1.55e-02    2.00e-01        0.34
   3     -1740.068003509   -7.26e-05    1.43e-04    2.47e-04    1.27e-02    2.53e-02    2.00e-01        0.35
   4     -1740.068003436    7.30e-08    4.46e-06    7.73e-06    5.93e-04    1.19e-03    2.97e-04        0.35
 Geometry optimization stopped:          thresholds achieved

 Final energy:                       -1740.068003436

 ---------------------------
  Final coordinates summary 
 ---------------------------
 Total coordinates:                      7
 Bond distances:                         1
 Bond angles:                            0
 Dihedral angles:                        0
 Linear bond angles:                     0
 Out-of-plane bends:                     0
 Translations:                           6
 Rotations:                              0

 -----------
  Final XYZ 
 -----------
2
Final structure: -1740.07 hartree
Cu           0.000003681         -0.000006914          0.423819965
F           -0.000003681          0.000006914         -1.340966964

 Structure in entos input format:

  structure(
    xyz = [
      ['Cu' ,          0.000003681,         -0.000006914,          0.423819965],
      ['F'  ,         -0.000003681,          0.000006914,         -1.340966964]
    ]
  )

 --------------------------------
  Geometry optimization finished 
 --------------------------------
 Saving results in set 'opt'

 --------------------------------------------------------------------------------
                                 command: hessian                                
 --------------------------------------------------------------------------------

WARNING: semianalytic method is specified for dft hessian, which is not efficient. Try switching to 'method = analytic'


 -------------------------------
  Numerical Geometrical Hessian 
 -------------------------------

 Compute hessian using two-point central differentiation.
 Step size (bohr):                       0.0100

 Frequencies (including translational and rotational modes):
 mode    frequency (cm-1)
    0               43.48 i (imaginary)
    1               43.34 i (imaginary)
    2                0.00
    3                0.05
    4                0.16
    5              602.94

 Project out translational and rotational motions 

 The molecule is linear

 Degrees of freedom for translational and rotational motions: 5

 Vibrational frequencies:
 mode    frequency (cm-1)
    0              602.94

 --------------------------------------------------------------------------------

 End time:                               Fri Oct 22 17:22:53 2021
 Total wall-clock time:                  6.635 seconds
==================================================================================
