
================================================================================
          _____________ ________ _______________ ________     _________         
         / ___________// ______ \\_____   _____// ______ \   / ________)        
        / /_________  / /      \ \     | |     / /      \ \ | (_______          
       |  __________|| |        | |    | |    | |        | | \________ \        
        \ \_________ | |        | |    | |     \ \______/ /___________) |       
         \__________||_|        |_|    |_|      \________//____________/        
                                                                                
====================================[ Qcore ]===================================

 Git describe: 2.3.0-3-g778a55bfd
 Compiler:     GNU 9.3.0
 Build type:   Release
 Version:      2.3.0-3-g778a55bfd

 Start time:   Tue Nov  2 10:13:12 2021

 Data directory: /mnt/storage/home/zw18965/.local/qcore/share/entos/qcore/data
 Number of threads: 28
 Number of threads was determined by: command line argument

 --------------------------------------------------------------------------------
                                command: optimize                                
 --------------------------------------------------------------------------------
 Using coordinate system:                tric

 -----------------------------
  Initial coordinates summary 
 -----------------------------
 Total coordinates:                      7
 Bond distances:                         1
 Bond angles:                            0
 Dihedral angles:                        0
 Linear bond angles:                     0
 Out-of-plane bends:                     0
 Translations:                           6
 Rotations:                              0
 Hessian update scheme:                  bfgs
 Initial hessian:                        model

 ------------------------------------------------------------------------------------------------------------
                   energy      change    grad rms    grad max    step rms    step max       trust    time (s)
 ------------------------------------------------------------------------------------------------------------
   1     -1640.840563271                4.13e-03    7.15e-03                            2.00e-01       22.32
   2     -1640.840689257   -1.26e-04    2.18e-03    3.78e-03    1.16e-02    2.31e-02    2.00e-01        5.97
   3     -1640.840740638   -5.14e-05    1.25e-04    2.16e-04    1.30e-02    2.59e-02    2.00e-01       12.56
   4     -1640.840740704   -6.54e-08    4.08e-06    7.07e-06    7.84e-04    1.57e-03    2.00e-01       23.67
   5     -1640.840740813   -1.09e-07    5.83e-08    8.85e-08    2.66e-05    5.31e-05    2.00e-01       12.63
 Geometry optimization stopped:          thresholds achieved

 Final energy:                       -1640.840740813

 ---------------------------
  Final coordinates summary 
 ---------------------------
 Total coordinates:                      7
 Bond distances:                         1
 Bond angles:                            0
 Dihedral angles:                        0
 Linear bond angles:                     0
 Out-of-plane bends:                     0
 Translations:                           6
 Rotations:                              0

 -----------
  Final XYZ 
 -----------
2
Final structure: -1640.84 hartree
Cu           0.000001573          0.000000842          0.061913597
H           -0.000001573         -0.000000842         -1.420270597

 Structure in entos input format:

  structure(
    xyz = [
      ['Cu' ,          0.000001573,          0.000000842,          0.061913597],
      ['H'  ,         -0.000001573,         -0.000000842,         -1.420270597]
    ]
  )

 --------------------------------
  Geometry optimization finished 
 --------------------------------
 Saving results in set 'opt'

 --------------------------------------------------------------------------------
                                 command: hessian                                
 --------------------------------------------------------------------------------

WARNING: semianalytic method is specified for dft hessian, which is not efficient. Try switching to 'method = analytic'


 -------------------------------
  Numerical Geometrical Hessian 
 -------------------------------

 Compute hessian using two-point central differentiation.
 Step size (bohr):                       0.0100

 Frequencies (including translational and rotational modes):
 mode    frequency (cm-1)
    0               33.27 i (imaginary)
    1               31.48 i (imaginary)
    2                0.01
    3                0.11
    4                0.12
    5             1880.34

 Project out translational and rotational motions 

 The molecule is linear

 Degrees of freedom for translational and rotational motions: 5

 Vibrational frequencies:
 mode    frequency (cm-1)
    0             1880.34

 --------------------------------------------------------------------------------

 End time:                               Tue Nov  2 10:18:17 2021
 Total wall-clock time:                304.954 seconds
==================================================================================
