
================================================================================
          _____________ ________ _______________ ________     _________         
         / ___________// ______ \\_____   _____// ______ \   / ________)        
        / /_________  / /      \ \     | |     / /      \ \ | (_______          
       |  __________|| |        | |    | |    | |        | | \________ \        
        \ \_________ | |        | |    | |     \ \______/ /___________) |       
         \__________||_|        |_|    |_|      \________//____________/        
                                                                                
====================================[ Qcore ]===================================

 Git describe: 2.3.0
 Compiler:     GNU 9.1.0
 Build type:   Release
 Version:      2.3.0

 Start time:   Fri Oct 22 17:22:47 2021

 Data directory: /work/zw18965/.local/qcore/share/entos/qcore/data
 Number of threads: 24
 Number of threads was determined by: command line argument

 --------------------------------------------------------------------------------
                                command: optimize                                
 --------------------------------------------------------------------------------
 Using coordinate system:                tric

 -----------------------------
  Initial coordinates summary 
 -----------------------------
 Total coordinates:                      7
 Bond distances:                         1
 Bond angles:                            0
 Dihedral angles:                        0
 Linear bond angles:                     0
 Out-of-plane bends:                     0
 Translations:                           6
 Rotations:                              0
 Hessian update scheme:                  bfgs
 Initial hessian:                        model

 ------------------------------------------------------------------------------------------------------------
                   energy      change    grad rms    grad max    step rms    step max       trust    time (s)
 ------------------------------------------------------------------------------------------------------------
   1     -3280.554850706                6.02e-03    1.04e-02                            2.00e-01        0.89
   2     -3280.555415515   -5.65e-04    1.92e-03    3.32e-03    4.17e-02    8.35e-02    2.00e-01        0.58
   3     -3280.555487529   -7.20e-05    2.32e-04    4.02e-04    1.95e-02    3.90e-02    2.00e-01        0.59
   4     -3280.555488791   -1.26e-06    1.02e-05    1.77e-05    2.68e-03    5.37e-03    2.00e-01        0.54
   5     -3280.555488793   -1.94e-09    6.51e-08    9.77e-08    1.23e-04    2.47e-04    2.00e-01        0.52
 Geometry optimization stopped:          thresholds achieved

 Final energy:                       -3280.555488793

 ---------------------------
  Final coordinates summary 
 ---------------------------
 Total coordinates:                      7
 Bond distances:                         1
 Bond angles:                            0
 Dihedral angles:                        0
 Linear bond angles:                     0
 Out-of-plane bends:                     0
 Translations:                           6
 Rotations:                              0

 -----------
  Final XYZ 
 -----------
2
Final structure: -3280.56 hartree
Cu          -0.000003865         -0.000001619          1.141384675
Cu           0.000003865          0.000001619         -1.141384674

 Structure in entos input format:

  structure(
    xyz = [
      ['Cu' ,         -0.000003865,         -0.000001619,          1.141384675],
      ['Cu' ,          0.000003865,          0.000001619,         -1.141384674]
    ]
  )

 --------------------------------
  Geometry optimization finished 
 --------------------------------
 Saving results in set 'opt'

 --------------------------------------------------------------------------------
                                 command: hessian                                
 --------------------------------------------------------------------------------

WARNING: semianalytic method is specified for dft hessian, which is not efficient. Try switching to 'method = analytic'


 -------------------------------
  Numerical Geometrical Hessian 
 -------------------------------

 Compute hessian using two-point central differentiation.
 Step size (bohr):                       0.0100

 Frequencies (including translational and rotational modes):
 mode    frequency (cm-1)
    0                6.73 i (imaginary)
    1                6.69 i (imaginary)
    2                0.03 i (imaginary)
    3                0.03
    4                0.06
    5              243.33

 Project out translational and rotational motions 

 The molecule is linear

 Degrees of freedom for translational and rotational motions: 5

 Vibrational frequencies:
 mode    frequency (cm-1)
    0              243.33

 --------------------------------------------------------------------------------

 End time:                               Fri Oct 22 17:22:58 2021
 Total wall-clock time:                 10.284 seconds
==================================================================================
