
================================================================================
          _____________ ________ _______________ ________     _________         
         / ___________// ______ \\_____   _____// ______ \   / ________)        
        / /_________  / /      \ \     | |     / /      \ \ | (_______          
       |  __________|| |        | |    | |    | |        | | \________ \        
        \ \_________ | |        | |    | |     \ \______/ /___________) |       
         \__________||_|        |_|    |_|      \________//____________/        
                                                                                
====================================[ Qcore ]===================================

 Git describe: 2.3.0
 Compiler:     GNU 9.1.0
 Build type:   Release
 Version:      2.3.0

 Start time:   Fri Oct 22 17:23:00 2021

 Data directory: /work/zw18965/.local/qcore/share/entos/qcore/data
 Number of threads: 24
 Number of threads was determined by: command line argument
  - More threads can be used by running 'qcore -n 32'

 --------------------------------------------------------------------------------
                                command: optimize                                
 --------------------------------------------------------------------------------
 Using coordinate system:                tric

 -----------------------------
  Initial coordinates summary 
 -----------------------------
 Total coordinates:                     12
 Bond distances:                         3
 Bond angles:                            3
 Dihedral angles:                        0
 Linear bond angles:                     0
 Out-of-plane bends:                     0
 Translations:                           3
 Rotations:                              3
 Hessian update scheme:                  bfgs
 Initial hessian:                        model

 ------------------------------------------------------------------------------------------------------------
                   energy      change    grad rms    grad max    step rms    step max       trust    time (s)
 ------------------------------------------------------------------------------------------------------------
   1     -4920.836659188                8.14e-03    1.99e-02                            2.00e-01        2.56
   2     -4920.838634647   -1.98e-03    4.25e-03    1.04e-02    6.43e-02    1.08e-01    2.00e-01        1.69
   3     -4920.839510718   -8.76e-04    1.03e-03    2.35e-03    6.98e-02    1.17e-01    2.00e-01        1.55
   4     -4920.839561750   -5.10e-05    3.07e-04    5.08e-04    1.76e-02    3.26e-02    2.00e-01        1.58
   5     -4920.839564634   -2.88e-06    7.58e-05    1.60e-04    4.15e-03    8.18e-03    2.00e-01        1.49
   6     -4920.839564879   -2.45e-07    1.47e-05    3.10e-05    7.46e-04    1.74e-03    2.00e-01        1.43
   7     -4920.839564933   -5.35e-08    2.92e-06    5.68e-06    2.24e-04    4.44e-04    2.00e-01        1.26
 Geometry optimization stopped:          thresholds achieved

 Final energy:                       -4920.839564933

 ---------------------------
  Final coordinates summary 
 ---------------------------
 Total coordinates:                     12
 Bond distances:                         3
 Bond angles:                            3
 Dihedral angles:                        0
 Linear bond angles:                     0
 Out-of-plane bends:                     0
 Translations:                           3
 Rotations:                              3

 -----------
  Final XYZ 
 -----------
3
Final structure: -4920.84 hartree
Cu          -0.000091789          1.460838666         -0.000005294
Cu           1.147989740         -0.730530932          0.000001715
Cu          -1.147897953         -0.730307728          0.000003579

 Structure in entos input format:

  structure(
    xyz = [
      ['Cu' ,         -0.000091789,          1.460838666,         -0.000005294],
      ['Cu' ,          1.147989740,         -0.730530932,          0.000001715],
      ['Cu' ,         -1.147897953,         -0.730307728,          0.000003579]
    ]
  )

 --------------------------------
  Geometry optimization finished 
 --------------------------------
 Saving results in set 'opt'

 --------------------------------------------------------------------------------
                                 command: hessian                                
 --------------------------------------------------------------------------------

WARNING: semianalytic method is specified for dft hessian, which is not efficient. Try switching to 'method = analytic'


 -------------------------------
  Numerical Geometrical Hessian 
 -------------------------------

 Compute hessian using two-point central differentiation.
 Step size (bohr):                       0.0100

 Frequencies (including translational and rotational modes):
 mode    frequency (cm-1)
    0              117.43 i (imaginary)
    1                0.34 i (imaginary)
    2                0.04 i (imaginary)
    3                0.10
    4                9.31
    5               16.22
    6               19.17
    7              166.59
    8              247.39

 Project out translational and rotational motions 

 Degrees of freedom for translational and rotational motions: 6

 Vibrational frequencies:
 mode    frequency (cm-1)
    0              117.42 i (imaginary)
    1              166.59
    2              247.39

 --------------------------------------------------------------------------------

 End time:                               Fri Oct 22 17:23:41 2021
 Total wall-clock time:                 41.661 seconds
==================================================================================
