
================================================================================
          _____________ ________ _______________ ________     _________         
         / ___________// ______ \\_____   _____// ______ \   / ________)        
        / /_________  / /      \ \     | |     / /      \ \ | (_______          
       |  __________|| |        | |    | |    | |        | | \________ \        
        \ \_________ | |        | |    | |     \ \______/ /___________) |       
         \__________||_|        |_|    |_|      \________//____________/        
                                                                                
====================================[ Qcore ]===================================

 Git describe: 2.3.0
 Compiler:     GNU 9.1.0
 Build type:   Release
 Version:      2.3.0

 Start time:   Fri Oct 22 17:22:56 2021

 Data directory: /work/zw18965/.local/qcore/share/entos/qcore/data
 Number of threads: 24
 Number of threads was determined by: command line argument
  - More threads can be used by running 'qcore -n 32'

 --------------------------------------------------------------------------------
                                command: optimize                                
 --------------------------------------------------------------------------------
 Using coordinate system:                tric

 -----------------------------
  Initial coordinates summary 
 -----------------------------
 Total coordinates:                     13
 Bond distances:                         2
 Bond angles:                            0
 Dihedral angles:                        0
 Linear bond angles:                     2
 Out-of-plane bends:                     0
 Translations:                           9
 Rotations:                              0
 Hessian update scheme:                  bfgs
 Initial hessian:                        model

 ------------------------------------------------------------------------------------------------------------
                   energy      change    grad rms    grad max    step rms    step max       trust    time (s)
 ------------------------------------------------------------------------------------------------------------
   1     -4920.571786255                1.95e-03    4.14e-03                            2.00e-01        1.61
   2     -4920.571975482   -1.89e-04    1.29e-03    2.74e-03    2.25e-02    2.76e-02    2.00e-01        1.21
   3     -4920.572135223   -1.60e-04    1.28e-04    2.71e-04    4.42e-02    5.41e-02    2.00e-01        1.24
   4     -4920.572136958   -1.73e-06    9.91e-06    2.12e-05    4.85e-03    5.94e-03    2.00e-01        1.17
   5     -4920.572136969   -1.05e-08    2.04e-07    2.98e-07    4.08e-04    5.01e-04    2.00e-01        1.03
 Geometry optimization stopped:          thresholds achieved

 Final energy:                       -4920.572136969

 ---------------------------
  Final coordinates summary 
 ---------------------------
 Total coordinates:                     13
 Bond distances:                         2
 Bond angles:                            0
 Dihedral angles:                        0
 Linear bond angles:                     2
 Out-of-plane bends:                     0
 Translations:                           9
 Rotations:                              0

 -----------
  Final XYZ 
 -----------
3
Final structure: -4920.57 hartree
Cu           0.000009010         -0.000010541         -0.000000211
Cu          -0.000000671          0.000001985          2.383806377
Cu          -0.000008339          0.000008557         -2.383806165

 Structure in entos input format:

  structure(
    xyz = [
      ['Cu' ,          0.000009010,         -0.000010541,         -0.000000211],
      ['Cu' ,         -0.000000671,          0.000001985,          2.383806377],
      ['Cu' ,         -0.000008339,          0.000008557,         -2.383806165]
    ]
  )

 --------------------------------
  Geometry optimization finished 
 --------------------------------
 Saving results in set 'opt'

 --------------------------------------------------------------------------------
                                 command: hessian                                
 --------------------------------------------------------------------------------

WARNING: semianalytic method is specified for dft hessian, which is not efficient. Try switching to 'method = analytic'


 -------------------------------
  Numerical Geometrical Hessian 
 -------------------------------

 Compute hessian using two-point central differentiation.
 Step size (bohr):                       0.0100

 Frequencies (including translational and rotational modes):
 mode    frequency (cm-1)
    0               74.49 i (imaginary)
    1               74.48 i (imaginary)
    2                0.10 i (imaginary)
    3                0.01 i (imaginary)
    4                0.04
    5                5.33
    6                5.46
    7              131.70
    8              221.76

 Project out translational and rotational motions 

 Degrees of freedom for translational and rotational motions: 6

 Vibrational frequencies:
 mode    frequency (cm-1)
    0               74.48 i (imaginary)
    1              131.70
    2              221.76

 --------------------------------------------------------------------------------

 End time:                               Fri Oct 22 17:23:25 2021
 Total wall-clock time:                 29.143 seconds
==================================================================================
