
================================================================================
          _____________ ________ _______________ ________     _________         
         / ___________// ______ \\_____   _____// ______ \   / ________)        
        / /_________  / /      \ \     | |     / /      \ \ | (_______          
       |  __________|| |        | |    | |    | |        | | \________ \        
        \ \_________ | |        | |    | |     \ \______/ /___________) |       
         \__________||_|        |_|    |_|      \________//____________/        
                                                                                
====================================[ Qcore ]===================================

 Git describe: 2.3.0
 Compiler:     GNU 9.1.0
 Build type:   Release
 Version:      2.3.0

 Start time:   Fri Oct 22 17:22:51 2021

 Data directory: /work/zw18965/.local/qcore/share/entos/qcore/data
 Number of threads: 24
 Number of threads was determined by: command line argument
  - More threads can be used by running 'qcore -n 32'

 --------------------------------------------------------------------------------
                                command: optimize                                
 --------------------------------------------------------------------------------
 Using coordinate system:                tric

 -----------------------------
  Initial coordinates summary 
 -----------------------------
 Total coordinates:                     12
 Bond distances:                         3
 Bond angles:                            3
 Dihedral angles:                        0
 Linear bond angles:                     0
 Out-of-plane bends:                     0
 Translations:                           3
 Rotations:                              3
 Hessian update scheme:                  bfgs
 Initial hessian:                        model

 ------------------------------------------------------------------------------------------------------------
                   energy      change    grad rms    grad max    step rms    step max       trust    time (s)
 ------------------------------------------------------------------------------------------------------------
   1     -4920.630541153                5.75e-03    9.99e-03                            2.00e-01        1.81
   2     -4920.631257447   -7.16e-04    2.63e-03    4.61e-03    3.32e-02    5.77e-02    2.00e-01        1.45
   3     -4920.631469859   -2.12e-04    3.28e-04    6.10e-04    2.81e-02    4.90e-02    2.00e-01        1.41
   4     -4920.631473386   -3.53e-06    2.69e-05    6.50e-05    4.00e-03    7.18e-03    2.00e-01        1.33
   5     -4920.631473814   -4.29e-07    9.15e-06    1.48e-05    3.44e-04    6.67e-04    2.00e-01        1.26
 Geometry optimization stopped:          thresholds achieved

 Final energy:                       -4920.631473814

 ---------------------------
  Final coordinates summary 
 ---------------------------
 Total coordinates:                     12
 Bond distances:                         3
 Bond angles:                            3
 Dihedral angles:                        0
 Linear bond angles:                     0
 Out-of-plane bends:                     0
 Translations:                           3
 Rotations:                              3

 -----------
  Final XYZ 
 -----------
3
Final structure: -4920.63 hartree
Cu          -0.000009375          1.384558118          0.000029320
Cu           1.198005367         -0.692271680         -0.000014848
Cu          -1.197995995         -0.692285440         -0.000014472

 Structure in entos input format:

  structure(
    xyz = [
      ['Cu' ,         -0.000009375,          1.384558118,          0.000029320],
      ['Cu' ,          1.198005367,         -0.692271680,         -0.000014848],
      ['Cu' ,         -1.197995995,         -0.692285440,         -0.000014472]
    ]
  )

 --------------------------------
  Geometry optimization finished 
 --------------------------------
 Saving results in set 'opt'

 --------------------------------------------------------------------------------
                                 command: hessian                                
 --------------------------------------------------------------------------------

WARNING: semianalytic method is specified for dft hessian, which is not efficient. Try switching to 'method = analytic'


 -------------------------------
  Numerical Geometrical Hessian 
 -------------------------------

 Compute hessian using two-point central differentiation.
 Step size (bohr):                       0.0100

 Frequencies (including translational and rotational modes):
 mode    frequency (cm-1)
    0               11.24 i (imaginary)
    1                4.63 i (imaginary)
    2                0.03 i (imaginary)
    3                0.03
    4                0.40
    5                8.56
    6              164.31
    7              164.95
    8              233.84

 Project out translational and rotational motions 

 Degrees of freedom for translational and rotational motions: 6

 Vibrational frequencies:
 mode    frequency (cm-1)
    0              164.31
    1              164.94
    2              233.84

 --------------------------------------------------------------------------------

 End time:                               Fri Oct 22 17:23:23 2021
 Total wall-clock time:                 32.519 seconds
==================================================================================
