
================================================================================
          _____________ ________ _______________ ________     _________         
         / ___________// ______ \\_____   _____// ______ \   / ________)        
        / /_________  / /      \ \     | |     / /      \ \ | (_______          
       |  __________|| |        | |    | |    | |        | | \________ \        
        \ \_________ | |        | |    | |     \ \______/ /___________) |       
         \__________||_|        |_|    |_|      \________//____________/        
                                                                                
====================================[ Qcore ]===================================

 Git describe: 2.3.0
 Compiler:     GNU 9.1.0
 Build type:   Release
 Version:      2.3.0

 Start time:   Fri Oct 22 17:23:01 2021

 Data directory: /work/zw18965/.local/qcore/share/entos/qcore/data
 Number of threads: 24
 Number of threads was determined by: command line argument

 --------------------------------------------------------------------------------
                                command: optimize                                
 --------------------------------------------------------------------------------
 Using coordinate system:                tric

 -----------------------------
  Initial coordinates summary 
 -----------------------------
 Total coordinates:                     13
 Bond distances:                         2
 Bond angles:                            0
 Dihedral angles:                        0
 Linear bond angles:                     2
 Out-of-plane bends:                     0
 Translations:                           9
 Rotations:                              0
 Hessian update scheme:                  bfgs
 Initial hessian:                        model

 ------------------------------------------------------------------------------------------------------------
                   energy      change    grad rms    grad max    step rms    step max       trust    time (s)
 ------------------------------------------------------------------------------------------------------------
   1     -4920.830778856                3.28e-03    6.97e-03                            2.00e-01        1.99
   2     -4920.831284444   -5.06e-04    1.87e-03    3.97e-03    3.79e-02    4.64e-02    2.00e-01        1.75
   3     -4920.831550500   -2.66e-04    2.05e-04    4.36e-04    5.02e-02    6.15e-02    2.00e-01        1.57
   4     -4920.831554095   -3.59e-06    1.62e-05    3.45e-05    6.20e-03    7.59e-03    2.00e-01        1.37
   5     -4920.831554118   -2.31e-08    1.80e-07    4.14e-07    5.30e-04    6.50e-04    2.00e-01        1.24
 Geometry optimization stopped:          thresholds achieved

 Final energy:                       -4920.831554118

 ---------------------------
  Final coordinates summary 
 ---------------------------
 Total coordinates:                     13
 Bond distances:                         2
 Bond angles:                            0
 Dihedral angles:                        0
 Linear bond angles:                     2
 Out-of-plane bends:                     0
 Translations:                           9
 Rotations:                              0

 -----------
  Final XYZ 
 -----------
3
Final structure: -4920.83 hartree
Cu           0.000002578         -0.000002942          0.000000602
Cu          -0.000000569          0.000000080          2.352579795
Cu          -0.000002009          0.000002862         -2.352580399

 Structure in entos input format:

  structure(
    xyz = [
      ['Cu' ,          0.000002578,         -0.000002942,          0.000000602],
      ['Cu' ,         -0.000000569,          0.000000080,          2.352579795],
      ['Cu' ,         -0.000002009,          0.000002862,         -2.352580399]
    ]
  )

 --------------------------------
  Geometry optimization finished 
 --------------------------------
 Saving results in set 'opt'

 --------------------------------------------------------------------------------
                                 command: hessian                                
 --------------------------------------------------------------------------------

WARNING: semianalytic method is specified for dft hessian, which is not efficient. Try switching to 'method = analytic'


 -------------------------------
  Numerical Geometrical Hessian 
 -------------------------------

 Compute hessian using two-point central differentiation.
 Step size (bohr):                       0.0100

 Frequencies (including translational and rotational modes):
 mode    frequency (cm-1)
    0               30.75 i (imaginary)
    1               30.75 i (imaginary)
    2                0.08 i (imaginary)
    3                0.13
    4                0.13
    5                4.34
    6                4.36
    7              147.52
    8              236.71

 Project out translational and rotational motions 

 Degrees of freedom for translational and rotational motions: 6

 Vibrational frequencies:
 mode    frequency (cm-1)
    0               30.74 i (imaginary)
    1              147.52
    2              236.71

 --------------------------------------------------------------------------------

 End time:                               Fri Oct 22 17:23:37 2021
 Total wall-clock time:                 36.113 seconds
==================================================================================
