
================================================================================
          _____________ ________ _______________ ________     _________         
         / ___________// ______ \\_____   _____// ______ \   / ________)        
        / /_________  / /      \ \     | |     / /      \ \ | (_______          
       |  __________|| |        | |    | |    | |        | | \________ \        
        \ \_________ | |        | |    | |     \ \______/ /___________) |       
         \__________||_|        |_|    |_|      \________//____________/        
                                                                                
====================================[ Qcore ]===================================

 Git describe: 2.3.0
 Compiler:     GNU 9.1.0
 Build type:   Release
 Version:      2.3.0

 Start time:   Sun Oct 24 14:49:59 2021

 Data directory: /work/zw18965/.local/qcore/share/entos/qcore/data
 Number of threads: 24
 Number of threads was determined by: command line argument

 --------------------------------------------------------------------------------
                                   command: dft                                  
 --------------------------------------------------------------------------------
 AO basis set:                           def2-tzvppd
 Number of AO basis functions:          73
 ECP on atom 1 (Ag):                     28 electrons

 Formula:                                HAg
 Nuclear charge:                        48.000000000
 Total charge:                           0.000000000
 Number of core electrons:              28
 Number of treated electrons:           20

 Number of alpha electrons:             10
 Number of beta electrons:              10
 Number of unpaired electrons:           0
 Spin:                                   0
 Multiplicity:                           singlet

 Theory:                                 dft
 Exchange-correlation functional:        0.5 b88 + 0.75 lyp
 Method for Coulomb:                     incore_df
 Method for exact exchange:              pre_transformed_df
 Integral threshold:                     1.00e-12
 DF basis set:                           def2-universal-jkfit
 Number of DF basis functions:         273
 Schwarz screening threshold:            1.00e-10
 Coulomb fitting method:                 Cholesky

 ------------------
  UW12 Correlation 
 ------------------
 Factor for UW12 correlation:            1.000000000
 Opposite spin scale factor:             0.250000000
 Same spin scale factor:                 0.500000000
 Calculate indirect contribution:        true
 Method for three electron term:         df_ri
 Auxiliary RI basis set:                 Def2-TZVPPD-RI
 Number of RI basis functions:         215
 Gaussians in geminal expansion:        10
 UW12 screening threshold:               1.00e-12
 Method for density-fitting:             w(r)
 Number of core spatial orbitals:        4

 Total number of grid points:        14388
 Method for AO orthogonalization:        symmetric
 Threshold for linear dependence:        1.00e-08
 D3BJ dispersion energy:                -0.000364791

 -------------------------------------
  Running restricted closed-shell SCF 
 -------------------------------------
 Max number of iterations:             128
 Conv. threshold (gradient):             1.00e-05
 Conv. threshold (energy):               1.00e-06
 Interpolation scheme:                   adiis+cdiis
 Initial guess:                          SAD

 ---------------------------------------------------------------
                  energy        change          grad        time
 ---------------------------------------------------------------
   0      -147.496688002                    2.15e+00        0.75
   1      -147.555759470     -5.91e-02      3.03e-01        0.14
   2      -147.552921362      2.84e-03      3.95e-01        0.13
   3      -147.572210386     -1.93e-02      2.54e-02        0.12
   4      -147.571854306      3.56e-04      3.55e-02        0.12
   5      -147.572171651     -3.17e-04      3.98e-03        0.12
   6      -147.572154453      1.72e-05      1.20e-03        0.12
   7      -147.572152552      1.90e-06      1.73e-04        0.12
   8      -147.572152709     -1.57e-07      3.83e-05        0.12
   9      -147.572152599      1.10e-07      3.40e-06        0.12

 SCF converged in 9 iterations.

 Dipole moment (in Debye):               0.000000       0.000000       2.714860

 Quadrupole moment (in Debye-Angstrom):
                  1            2            3
 1       -20.820923     0.000000    -0.000000
 2         0.000000   -20.820923    -0.000000
 3        -0.000000    -0.000000   -21.007793

 Spin-squared expectation <S^2>:         0.000
 Total spin quantum number S:            0.000
 TOTAL ENERGY:                        -147.572152580

 --------------------------------------------------------------------------------

 End time:                               Sun Oct 24 14:50:06 2021
 Total wall-clock time:                  7.752 seconds
==================================================================================
