
================================================================================
          _____________ ________ _______________ ________     _________         
         / ___________// ______ \\_____   _____// ______ \   / ________)        
        / /_________  / /      \ \     | |     / /      \ \ | (_______          
       |  __________|| |        | |    | |    | |        | | \________ \        
        \ \_________ | |        | |    | |     \ \______/ /___________) |       
         \__________||_|        |_|    |_|      \________//____________/        
                                                                                
====================================[ Qcore ]===================================

 Git describe: 2.3.0
 Compiler:     GNU 9.1.0
 Build type:   Release
 Version:      2.3.0

 Start time:   Sun Oct 24 14:49:44 2021

 Data directory: /work/zw18965/.local/qcore/share/entos/qcore/data
 Number of threads: 24
 Number of threads was determined by: command line argument

 --------------------------------------------------------------------------------
                                   command: dft                                  
 --------------------------------------------------------------------------------
 AO basis set:                           def2-tzvppd
 Number of AO basis functions:          96
 ECP on atom 1 (Ag):                     28 electrons

 Formula:                                FAg
 Nuclear charge:                        56.000000000
 Total charge:                           0.000000000
 Number of core electrons:              28
 Number of treated electrons:           28

 Number of alpha electrons:             14
 Number of beta electrons:              14
 Number of unpaired electrons:           0
 Spin:                                   0
 Multiplicity:                           singlet

 Theory:                                 dft
 Exchange-correlation functional:        0.5 b88 + 0.75 lyp
 Method for Coulomb:                     incore_df
 Method for exact exchange:              pre_transformed_df
 Integral threshold:                     1.00e-12
 DF basis set:                           def2-universal-jkfit
 Number of DF basis functions:         332
 Schwarz screening threshold:            1.00e-10
 Coulomb fitting method:                 Cholesky

 ------------------
  UW12 Correlation 
 ------------------
 Factor for UW12 correlation:            1.000000000
 Opposite spin scale factor:             0.250000000
 Same spin scale factor:                 0.500000000
 Calculate indirect contribution:        true
 Method for three electron term:         df_ri
 Auxiliary RI basis set:                 Def2-TZVPPD-RI
 Number of RI basis functions:         268
 Gaussians in geminal expansion:        10
 UW12 screening threshold:               1.00e-12
 Method for density-fitting:             w(r)
 Number of core spatial orbitals:        5

 Total number of grid points:        15310
 Method for AO orthogonalization:        symmetric
 Threshold for linear dependence:        1.00e-08
 D3BJ dispersion energy:                -0.000455369

 -------------------------------------
  Running restricted closed-shell SCF 
 -------------------------------------
 Max number of iterations:             128
 Conv. threshold (gradient):             1.00e-05
 Conv. threshold (energy):               1.00e-06
 Interpolation scheme:                   adiis+cdiis
 Initial guess:                          SAD

 ---------------------------------------------------------------
                  energy        change          grad        time
 ---------------------------------------------------------------
   0      -246.674858349                    1.74e+00        1.96
   1      -246.770407133     -9.55e-02      1.20e+00        0.40
   2      -245.590110143      1.18e+00      3.64e+00        0.40
   3      -246.817672449     -1.23e+00      1.08e+00        0.40
   4      -246.895737110     -7.81e-02      2.62e-01        0.40
   5      -246.888764688      6.97e-03      4.08e-01        0.40
   6      -246.899777740     -1.10e-02      6.72e-02        0.37
   7      -246.899440523      3.37e-04      1.04e-01        0.37
   8      -246.900107981     -6.67e-04      8.76e-04        0.37
   9      -246.900110787     -2.81e-06      3.49e-04        0.37
  10      -246.900108638      2.15e-06      1.31e-04        0.40
  11      -246.900108979     -3.41e-07      2.27e-05        0.40
  12      -246.900108917      6.17e-08      1.03e-05        0.42
  13      -246.900108903      1.43e-08      1.06e-06        0.38

 SCF converged in 13 iterations.

 Dipole moment (in Debye):               0.000000       0.000000       5.893752

 Quadrupole moment (in Debye-Angstrom):
                  1            2            3
 1       -22.622543     0.000000    -0.000000
 2         0.000000   -22.622543    -0.000000
 3        -0.000000    -0.000000   -28.536711

 Spin-squared expectation <S^2>:         0.000
 Total spin quantum number S:            0.000
 TOTAL ENERGY:                        -246.900108899

 --------------------------------------------------------------------------------

 End time:                               Sun Oct 24 14:49:58 2021
 Total wall-clock time:                 13.980 seconds
==================================================================================
