
================================================================================
          _____________ ________ _______________ ________     _________         
         / ___________// ______ \\_____   _____// ______ \   / ________)        
        / /_________  / /      \ \     | |     / /      \ \ | (_______          
       |  __________|| |        | |    | |    | |        | | \________ \        
        \ \_________ | |        | |    | |     \ \______/ /___________) |       
         \__________||_|        |_|    |_|      \________//____________/        
                                                                                
====================================[ Qcore ]===================================

 Git describe: 2.3.0
 Compiler:     GNU 9.1.0
 Build type:   Release
 Version:      2.3.0

 Start time:   Sun Oct 24 14:50:14 2021

 Data directory: /work/zw18965/.local/qcore/share/entos/qcore/data
 Number of threads: 24
 Number of threads was determined by: command line argument

 --------------------------------------------------------------------------------
                                   command: dft                                  
 --------------------------------------------------------------------------------
 AO basis set:                           def2-tzvppd
 Number of AO basis functions:         112
 ECP on atom 1 (Ag):                     28 electrons
 ECP on atom 2 (Ag):                     28 electrons

 Formula:                                Ag2
 Nuclear charge:                        94.000000000
 Total charge:                           0.000000000
 Number of core electrons:              56
 Number of treated electrons:           38

 Number of alpha electrons:             19
 Number of beta electrons:              19
 Number of unpaired electrons:           0
 Spin:                                   0
 Multiplicity:                           singlet

 Theory:                                 dft
 Exchange-correlation functional:        0.5 b88 + 0.75 lyp
 Method for Coulomb:                     incore_df
 Method for exact exchange:              pre_transformed_df
 Integral threshold:                     1.00e-12
 DF basis set:                           def2-universal-jkfit
 Number of DF basis functions:         510
 Schwarz screening threshold:            1.00e-10
 Coulomb fitting method:                 Cholesky

 ------------------
  UW12 Correlation 
 ------------------
 Factor for UW12 correlation:            1.000000000
 Opposite spin scale factor:             0.250000000
 Same spin scale factor:                 0.500000000
 Calculate indirect contribution:        true
 Method for three electron term:         df_ri
 Auxiliary RI basis set:                 Def2-TZVPPD-RI
 Number of RI basis functions:         352
 Gaussians in geminal expansion:        10
 UW12 screening threshold:               1.00e-12
 Method for density-fitting:             w(r)
 Number of core spatial orbitals:        8

 Total number of grid points:        16996
 Method for AO orthogonalization:        symmetric
 Threshold for linear dependence:        1.00e-08
 D3BJ dispersion energy:                -0.002025123

 -------------------------------------
  Running restricted closed-shell SCF 
 -------------------------------------
 Max number of iterations:             128
 Conv. threshold (gradient):             1.00e-05
 Conv. threshold (energy):               1.00e-06
 Interpolation scheme:                   adiis+cdiis
 Initial guess:                          SAD

 ---------------------------------------------------------------
                  energy        change          grad        time
 ---------------------------------------------------------------
   0      -293.799499185                    1.98e+00        6.41
   1      -294.037220111     -2.38e-01      1.48e-01        1.32
   2      -294.035066136      2.15e-03      1.32e-01        1.34
   3      -294.039586230     -4.52e-03      3.62e-02        1.33
   4      -294.039365363      2.21e-04      3.83e-02        1.28
   5      -294.039795216     -4.30e-04      1.63e-03        1.29
   6      -294.039802547     -7.33e-06      3.42e-04        1.29
   7      -294.039800244      2.30e-06      4.41e-05        1.34
   8      -294.039800294     -4.97e-08      1.03e-05        1.26
   9      -294.039800309     -1.46e-08      1.18e-06        1.29

 SCF converged in 9 iterations.

 Dipole moment (in Debye):               0.000001       0.000001      -0.000002

 Quadrupole moment (in Debye-Angstrom):
                  1            2            3
 1       -39.849504     0.000000     0.000000
 2         0.000000   -39.849504     0.000000
 3         0.000000     0.000000   -32.065342

 Spin-squared expectation <S^2>:         0.000
 Total spin quantum number S:            0.000
 TOTAL ENERGY:                        -294.039800306

 --------------------------------------------------------------------------------

 End time:                               Sun Oct 24 14:50:39 2021
 Total wall-clock time:                 25.424 seconds
==================================================================================
