
================================================================================
          _____________ ________ _______________ ________     _________         
         / ___________// ______ \\_____   _____// ______ \   / ________)        
        / /_________  / /      \ \     | |     / /      \ \ | (_______          
       |  __________|| |        | |    | |    | |        | | \________ \        
        \ \_________ | |        | |    | |     \ \______/ /___________) |       
         \__________||_|        |_|    |_|      \________//____________/        
                                                                                
====================================[ Qcore ]===================================

 Git describe: 2.3.0
 Compiler:     GNU 9.1.0
 Build type:   Release
 Version:      2.3.0

 Start time:   Sun Oct 24 14:54:56 2021

 Data directory: /work/zw18965/.local/qcore/share/entos/qcore/data
 Number of threads: 24
 Number of threads was determined by: command line argument

 --------------------------------------------------------------------------------
                                   command: dft                                  
 --------------------------------------------------------------------------------
 AO basis set:                           def2-tzvppd
 Number of AO basis functions:         168
 ECP on atom 1 (Ag):                     28 electrons
 ECP on atom 2 (Ag):                     28 electrons
 ECP on atom 3 (Ag):                     28 electrons

 Formula:                                Ag3
 Nuclear charge:                       141.000000000
 Total charge:                           0.000000000
 Number of core electrons:              84
 Number of treated electrons:           57

 Number of alpha electrons:             29
 Number of beta electrons:              28
 Number of unpaired electrons:           1
 Spin:                                   1
 Multiplicity:                           doublet

 Theory:                                 dft
 Exchange-correlation functional:        0.5 b88 + 0.75 lyp
 Method for Coulomb:                     incore_df
 Method for exact exchange:              pre_transformed_df
 Integral threshold:                     1.00e-12
 DF basis set:                           def2-universal-jkfit
 Number of DF basis functions:         765
 Schwarz screening threshold:            1.00e-10
 Coulomb fitting method:                 Cholesky

 ------------------
  UW12 Correlation 
 ------------------
 Factor for UW12 correlation:            1.000000000
 Opposite spin scale factor:             0.250000000
 Same spin scale factor:                 0.500000000
 Calculate indirect contribution:        true
 Method for three electron term:         df_ri
 Auxiliary RI basis set:                 Def2-TZVPPD-RI
 Number of RI basis functions:         528
 Gaussians in geminal expansion:        10
 UW12 screening threshold:               1.00e-12
 Method for density-fitting:             w(r)
 Number of core spatial orbitals:       12

 Total number of grid points:        25494
 Method for AO orthogonalization:        symmetric
 Threshold for linear dependence:        1.00e-08
 D3BJ dispersion energy:                -0.005944178

 -------------------------------------
  Running unrestricted open-shell SCF 
 -------------------------------------
 Max number of iterations:             128
 Conv. threshold (gradient):             1.00e-05
 Conv. threshold (energy):               1.00e-06
 Interpolation scheme:                   adiis+cdiis
 Initial guess:                          SAD

 ---------------------------------------------------------------
                  energy        change          grad        time
 ---------------------------------------------------------------
   0      -440.848717456                    1.97e+00       67.80
   1      -441.057943758     -2.09e-01      1.19e-01       17.29
   2      -441.054904713      3.04e-03      1.25e-01       17.28
   3      -441.061766598     -6.86e-03      6.31e-02       17.61
   4      -441.061823124     -5.65e-05      4.22e-02       17.06
   5      -441.062773639     -9.51e-04      3.72e-03       17.28
   6      -441.062786733     -1.31e-05      1.59e-03       17.47
   7      -441.062784430      2.30e-06      6.68e-04       17.45
   8      -441.062783625      8.05e-07      3.50e-04       17.50
   9      -441.062786954     -3.33e-06      1.88e-04       17.35
  10      -441.062785740      1.21e-06      7.74e-05       17.16
  11      -441.062786002     -2.62e-07      2.94e-05       16.98
  12      -441.062785922      8.05e-08      2.48e-05       17.79
  13      -441.062785926     -4.27e-09      1.87e-05       17.55
  14      -441.062785930     -4.56e-09      1.83e-05       17.66
  15      -441.062785934     -3.35e-09      1.81e-05       17.35
  16      -441.062785935     -1.45e-09      1.82e-05       17.10
  17      -441.062785985     -5.03e-08      1.74e-05       17.49
  18      -441.062786023     -3.74e-08      1.54e-05       17.43
  19      -441.062786082     -5.94e-08      1.35e-05       17.33
  20      -441.062786139     -5.72e-08      1.18e-05       17.35
  21      -441.062786132      7.15e-09      1.23e-05       17.23
  22      -441.062786171     -3.85e-08      3.53e-05       17.03
  23      -441.062786201     -3.02e-08      2.04e-05       16.99
  24      -441.062786190      1.10e-08      9.36e-06       17.06

 SCF converged in 24 iterations.

 Dipole moment (in Debye):               0.000692       1.267172       0.000001

 Quadrupole moment (in Debye-Angstrom):
                  1            2            3
 1       -63.608790    -0.003603     0.000000
 2        -0.003603   -50.950878     0.000000
 3         0.000000     0.000000   -59.530811

 Spin-squared expectation <S^2>:         0.760
 Total spin quantum number S:            0.505
 TOTAL ENERGY:                        -441.062786189

 --------------------------------------------------------------------------------

 End time:                               Sun Oct 24 15:03:23 2021
 Total wall-clock time:                507.256 seconds
==================================================================================
