
================================================================================
          _____________ ________ _______________ ________     _________         
         / ___________// ______ \\_____   _____// ______ \   / ________)        
        / /_________  / /      \ \     | |     / /      \ \ | (_______          
       |  __________|| |        | |    | |    | |        | | \________ \        
        \ \_________ | |        | |    | |     \ \______/ /___________) |       
         \__________||_|        |_|    |_|      \________//____________/        
                                                                                
====================================[ Qcore ]===================================

 Git describe: 2.3.0-1-g21d9df7e5
 Compiler:     GNU 9.1.0
 Build type:   Release
 Version:      2.3.0-1-g21d9df7e5

 Start time:   Sun Oct 24 17:23:15 2021

 Data directory: /work/zw18965/.local/qcore/share/entos/qcore/data
 Number of threads: 24
 Number of threads was determined by: command line argument

 --------------------------------------------------------------------------------
                                   command: dft                                  
 --------------------------------------------------------------------------------
 AO basis set:                           def2-tzvppd
 Number of AO basis functions:         241
 ECP on atom 1 (Ag):                     28 electrons
 ECP on atom 2 (Ag):                     28 electrons
 ECP on atom 3 (Ag):                     28 electrons
 ECP on atom 4 (Ag):                     28 electrons

 Formula:                                HAg4(2+)
 Nuclear charge:                       189.000000000
 Total charge:                           2.000000000
 Number of core electrons:             112
 Number of treated electrons:           75

 Number of alpha electrons:             38
 Number of beta electrons:              37
 Number of unpaired electrons:           1
 Spin:                                   1
 Multiplicity:                           doublet

 Theory:                                 dft
 Exchange-correlation functional:        0.5 b88 + 0.75 lyp
 Method for Coulomb:                     incore_df
 Method for exact exchange:              pre_transformed_df
 Integral threshold:                     1.00e-12
 DF basis set:                           def2-universal-jkfit
 Number of DF basis functions:        1038
 Schwarz screening threshold:            1.00e-10
 Coulomb fitting method:                 Cholesky

 ------------------
  UW12 Correlation 
 ------------------
 Factor for UW12 correlation:            1.000000000
 Opposite spin scale factor:             0.250000000
 Same spin scale factor:                 0.500000000
 Calculate indirect contribution:        true
 Method for three electron term:         df_ri
 Auxiliary RI basis set:                 Def2-TZVPPD-RI
 Number of RI basis functions:         743
 Gaussians in geminal expansion:        10
 UW12 screening threshold:               1.00e-12
 Method for density-fitting:             w(r)
 Number of core spatial orbitals:       16

 Total number of grid points:        39882
 Method for AO orthogonalization:        symmetric
 Threshold for linear dependence:        1.00e-08
 D3BJ dispersion energy:                -0.012590569

 -------------------------------------
  Running unrestricted open-shell SCF 
 -------------------------------------
 Max number of iterations:             128
 Conv. threshold (gradient):             1.00e-05
 Conv. threshold (energy):               1.00e-06
 Interpolation scheme:                   adiis+cdiis
 Initial guess:                          SAD

 ---------------------------------------------------------------
                  energy        change          grad        time
 ---------------------------------------------------------------
   0      -588.416053333                    3.14e+00      395.25
   1      -587.981490849      4.35e-01      2.45e-01       80.97
   2      -587.975445679      6.05e-03      2.75e-01       78.93
   3      -588.020770221     -4.53e-02      7.00e-02       79.51
   4      -588.016676153      4.09e-03      8.16e-02       79.22
   5      -588.021586140     -4.91e-03      1.12e-02       78.17
   6      -588.021619454     -3.33e-05      6.43e-03       79.10
   7      -588.021621984     -2.53e-06      2.68e-03       78.44
   8      -588.021633262     -1.13e-05      9.98e-04       79.75
   9      -588.021637589     -4.33e-06      1.68e-04       80.22
  10      -588.021637131      4.58e-07      5.81e-05       79.05
  11      -588.021636598      5.33e-07      2.24e-05       79.51
  12      -588.021636552      4.66e-08      8.46e-06       79.74

 SCF converged in 12 iterations.

 Dipole moment (in Debye):               0.000002       0.000001      -0.490723

 Quadrupole moment (in Debye-Angstrom):
                  1            2            3
 1       -51.126562    -0.000000     0.000003
 2        -0.000000   -49.421953     0.000000
 3         0.000003     0.000000   -50.346659

 Spin-squared expectation <S^2>:         0.761
 Total spin quantum number S:            0.505
 TOTAL ENERGY:                        -588.021636593

 --------------------------------------------------------------------------------

 End time:                               Sun Oct 24 17:47:12 2021
 Total wall-clock time:               1437.107 seconds
==================================================================================
