
================================================================================
          _____________ ________ _______________ ________     _________         
         / ___________// ______ \\_____   _____// ______ \   / ________)        
        / /_________  / /      \ \     | |     / /      \ \ | (_______          
       |  __________|| |        | |    | |    | |        | | \________ \        
        \ \_________ | |        | |    | |     \ \______/ /___________) |       
         \__________||_|        |_|    |_|      \________//____________/        
                                                                                
====================================[ Qcore ]===================================

 Git describe: 2.3.0-1-g21d9df7e5
 Compiler:     GNU 9.1.0
 Build type:   Release
 Version:      2.3.0-1-g21d9df7e5

 Start time:   Sun Oct 24 17:28:18 2021

 Data directory: /work/zw18965/.local/qcore/share/entos/qcore/data
 Number of threads: 24
 Number of threads was determined by: command line argument

 --------------------------------------------------------------------------------
                                   command: dft                                  
 --------------------------------------------------------------------------------
 AO basis set:                           def2-tzvppd
 Number of AO basis functions:         312
 ECP on atom 1 (Ag):                     28 electrons
 ECP on atom 2 (Ag):                     28 electrons
 ECP on atom 3 (Ag):                     28 electrons
 ECP on atom 4 (Ag):                     28 electrons

 Formula:                                H3NAg4(2+)
 Nuclear charge:                       198.000000000
 Total charge:                           2.000000000
 Number of core electrons:             112
 Number of treated electrons:           84

 Number of alpha electrons:             42
 Number of beta electrons:              42
 Number of unpaired electrons:           0
 Spin:                                   0
 Multiplicity:                           singlet

 Theory:                                 dft
 Exchange-correlation functional:        0.5 b88 + 0.75 lyp
 Method for Coulomb:                     incore_df
 Method for exact exchange:              pre_transformed_df
 Integral threshold:                     1.00e-12
 DF basis set:                           def2-universal-jkfit
 Number of DF basis functions:        1151
 Schwarz screening threshold:            1.00e-10
 Coulomb fitting method:                 Cholesky

 ------------------
  UW12 Correlation 
 ------------------
 Factor for UW12 correlation:            1.000000000
 Opposite spin scale factor:             0.250000000
 Same spin scale factor:                 0.500000000
 Calculate indirect contribution:        true
 Method for three electron term:         df_ri
 Auxiliary RI basis set:                 Def2-TZVPPD-RI
 Number of RI basis functions:         913
 Gaussians in geminal expansion:        10
 UW12 screening threshold:               1.00e-12
 Method for density-fitting:             w(r)
 Number of core spatial orbitals:       17

 Total number of grid points:        58462
 Method for AO orthogonalization:        symmetric
 Threshold for linear dependence:        1.00e-08
 D3BJ dispersion energy:                -0.015707822

 -------------------------------------
  Running restricted closed-shell SCF 
 -------------------------------------
 Max number of iterations:             128
 Conv. threshold (gradient):             1.00e-05
 Conv. threshold (energy):               1.00e-06
 Interpolation scheme:                   adiis+cdiis
 Initial guess:                          SAD

 ---------------------------------------------------------------
                  energy        change          grad        time
 ---------------------------------------------------------------
   0      -644.555112889                    9.23e+00      382.45
   1      -644.017290428      5.38e-01      1.95e+00       87.90
   2      -643.898456476      1.19e-01      3.15e+00       87.09
   3      -644.109934042     -2.11e-01      3.03e-01       88.01
   4      -644.110621618     -6.88e-04      3.62e-01       86.73
   5      -644.113428596     -2.81e-03      1.37e-02       86.14
   6      -644.113216694      2.12e-04      1.56e-02       86.90
   7      -644.113346276     -1.30e-04      1.16e-03       86.69
   8      -644.113340568      5.71e-06      4.87e-04       87.12
   9      -644.113342409     -1.84e-06      1.19e-04       87.71
  10      -644.113341787      6.22e-07      3.08e-05       86.78
  11      -644.113342038     -2.51e-07      9.72e-06       86.66

 SCF converged in 11 iterations.

 Dipole moment (in Debye):               0.000000      -0.000084      -3.539252

 Quadrupole moment (in Debye-Angstrom):
                  1            2            3
 1       -57.290415     0.000001     0.000000
 2         0.000001   -57.290428     0.000489
 3         0.000000     0.000489   -37.425658

 Spin-squared expectation <S^2>:         0.000
 Total spin quantum number S:            0.000
 TOTAL ENERGY:                        -644.113342040

 --------------------------------------------------------------------------------

 End time:                               Sun Oct 24 17:52:14 2021
 Total wall-clock time:               1436.563 seconds
==================================================================================
