
================================================================================
          _____________ ________ _______________ ________     _________         
         / ___________// ______ \\_____   _____// ______ \   / ________)        
        / /_________  / /      \ \     | |     / /      \ \ | (_______          
       |  __________|| |        | |    | |    | |        | | \________ \        
        \ \_________ | |        | |    | |     \ \______/ /___________) |       
         \__________||_|        |_|    |_|      \________//____________/        
                                                                                
====================================[ Qcore ]===================================

 Git describe: 2.3.0-1-g21d9df7e5
 Compiler:     GNU 9.1.0
 Build type:   Release
 Version:      2.3.0-1-g21d9df7e5

 Start time:   Sun Oct 24 17:29:59 2021

 Data directory: /work/zw18965/.local/qcore/share/entos/qcore/data
 Number of threads: 24
 Number of threads was determined by: command line argument

 --------------------------------------------------------------------------------
                                   command: dft                                  
 --------------------------------------------------------------------------------
 AO basis set:                           def2-tzvppd
 Number of AO basis functions:         224
 ECP on atom 1 (Ag):                     28 electrons
 ECP on atom 2 (Ag):                     28 electrons
 ECP on atom 3 (Ag):                     28 electrons
 ECP on atom 4 (Ag):                     28 electrons

 Formula:                                Ag4
 Nuclear charge:                       188.000000000
 Total charge:                           0.000000000
 Number of core electrons:             112
 Number of treated electrons:           76

 Number of alpha electrons:             38
 Number of beta electrons:              38
 Number of unpaired electrons:           0
 Spin:                                   0
 Multiplicity:                           singlet

 Theory:                                 dft
 Exchange-correlation functional:        0.5 b88 + 0.75 lyp
 Method for Coulomb:                     incore_df
 Method for exact exchange:              pre_transformed_df
 Integral threshold:                     1.00e-12
 DF basis set:                           def2-universal-jkfit
 Number of DF basis functions:        1020
 Schwarz screening threshold:            1.00e-10
 Coulomb fitting method:                 Cholesky

 ------------------
  UW12 Correlation 
 ------------------
 Factor for UW12 correlation:            1.000000000
 Opposite spin scale factor:             0.250000000
 Same spin scale factor:                 0.500000000
 Calculate indirect contribution:        true
 Method for three electron term:         df_ri
 Auxiliary RI basis set:                 Def2-TZVPPD-RI
 Number of RI basis functions:         704
 Gaussians in geminal expansion:        10
 UW12 screening threshold:               1.00e-12
 Method for density-fitting:             w(r)
 Number of core spatial orbitals:       16

 Total number of grid points:        33992
 Method for AO orthogonalization:        symmetric
 Threshold for linear dependence:        1.00e-08
 D3BJ dispersion energy:                -0.010389521

 -------------------------------------
  Running restricted closed-shell SCF 
 -------------------------------------
 Max number of iterations:             128
 Conv. threshold (gradient):             1.00e-05
 Conv. threshold (energy):               1.00e-06
 Interpolation scheme:                   adiis+cdiis
 Initial guess:                          SAD

 ---------------------------------------------------------------
                  energy        change          grad        time
 ---------------------------------------------------------------
   0      -587.861586132                    5.96e+00      153.05
   1      -588.128210472     -2.67e-01      3.05e-01       34.73
   2      -588.122088026      6.12e-03      3.10e-01       34.13
   3      -588.133928923     -1.18e-02      9.05e-02       34.63
   4      -588.132747214      1.18e-03      1.02e-01       34.06
   5      -588.134398855     -1.65e-03      3.85e-03       33.88
   6      -588.134429177     -3.03e-05      1.15e-03       34.86
   7      -588.134418875      1.03e-05      4.49e-04       34.93
   8      -588.134419319     -4.45e-07      1.32e-04       34.69
   9      -588.134419613     -2.94e-07      5.94e-05       34.67
  10      -588.134419642     -2.83e-08      1.10e-05       34.89
  11      -588.134419665     -2.35e-08      2.00e-06       34.83

 SCF converged in 11 iterations.

 Dipole moment (in Debye):              -0.003927       0.000651       0.002134

 Quadrupole moment (in Debye-Angstrom):
                  1            2            3
 1       -74.180327     2.450634    -3.540664
 2         2.450634   -78.844593    -1.499469
 3        -3.540664    -1.499469   -76.749750

 Spin-squared expectation <S^2>:         0.000
 Total spin quantum number S:            0.000
 TOTAL ENERGY:                        -588.134419661

 --------------------------------------------------------------------------------

 End time:                               Sun Oct 24 17:39:35 2021
 Total wall-clock time:                576.058 seconds
==================================================================================
