
================================================================================
          _____________ ________ _______________ ________     _________         
         / ___________// ______ \\_____   _____// ______ \   / ________)        
        / /_________  / /      \ \     | |     / /      \ \ | (_______          
       |  __________|| |        | |    | |    | |        | | \________ \        
        \ \_________ | |        | |    | |     \ \______/ /___________) |       
         \__________||_|        |_|    |_|      \________//____________/        
                                                                                
====================================[ Qcore ]===================================

 Git describe: 2.3.0
 Compiler:     GNU 9.1.0
 Build type:   Release
 Version:      2.3.0

 Start time:   Sun Oct 24 15:07:49 2021

 Data directory: /work/zw18965/.local/qcore/share/entos/qcore/data
 Number of threads: 24
 Number of threads was determined by: command line argument

 --------------------------------------------------------------------------------
                                   command: dft                                  
 --------------------------------------------------------------------------------
 AO basis set:                           def2-tzvppd
 Number of AO basis functions:         241
 ECP on atom 1 (Ag):                     28 electrons
 ECP on atom 2 (Ag):                     28 electrons
 ECP on atom 3 (Ag):                     28 electrons
 ECP on atom 4 (Ag):                     28 electrons

 Formula:                                HAg4(2+)
 Nuclear charge:                       189.000000000
 Total charge:                           2.000000000
 Number of core electrons:             112
 Number of treated electrons:           75

 Number of alpha electrons:             38
 Number of beta electrons:              37
 Number of unpaired electrons:           1
 Spin:                                   1
 Multiplicity:                           doublet

 Theory:                                 dft
 Exchange-correlation functional:        0.5 b88 + 0.75 lyp
 Method for Coulomb:                     incore_df
 Method for exact exchange:              pre_transformed_df
 Integral threshold:                     1.00e-12
 DF basis set:                           def2-universal-jkfit
 Number of DF basis functions:        1038
 Schwarz screening threshold:            1.00e-10
 Coulomb fitting method:                 Cholesky

 ------------------
  UW12 Correlation 
 ------------------
 Factor for UW12 correlation:            1.000000000
 Opposite spin scale factor:             0.250000000
 Same spin scale factor:                 0.500000000
 Calculate indirect contribution:        true
 Method for three electron term:         df_ri
 Auxiliary RI basis set:                 Def2-TZVPPD-RI
 Number of RI basis functions:         743
 Gaussians in geminal expansion:        10
 UW12 screening threshold:               1.00e-12
 Method for density-fitting:             w(r)
 Number of core spatial orbitals:       16

 Total number of grid points:        39882
 Method for AO orthogonalization:        symmetric
 Threshold for linear dependence:        1.00e-08
 D3BJ dispersion energy:                -0.012262972

 -------------------------------------
  Running unrestricted open-shell SCF 
 -------------------------------------
 Max number of iterations:             128
 Conv. threshold (gradient):             1.00e-05
 Conv. threshold (energy):               1.00e-06
 Interpolation scheme:                   adiis+cdiis
 Initial guess:                          SAD

 ---------------------------------------------------------------
                  energy        change          grad        time
 ---------------------------------------------------------------
   0      -588.376086238                    2.91e+00      357.24
   1      -587.947030035      4.29e-01      3.49e-01       76.69
   2      -587.945055332      1.97e-03      3.40e-01       77.77
   3      -588.003516597     -5.85e-02      1.41e-01       76.03
   4      -587.997243147      6.27e-03      1.66e-01       76.52
   5      -588.007959576     -1.07e-02      1.97e-02       76.78
   6      -588.008317318     -3.58e-04      1.26e-02       78.41
   7      -588.008364233     -4.69e-05      1.82e-03       79.36
   8      -588.008387166     -2.29e-05      8.53e-04       78.42
   9      -588.008394615     -7.45e-06      2.47e-04       77.41
  10      -588.008393547      1.07e-06      1.24e-04       78.24
  11      -588.008393736     -1.89e-07      2.86e-05       76.34
  12      -588.008393600      1.36e-07      7.14e-06       78.48

 SCF converged in 12 iterations.

 Dipole moment (in Debye):               0.000001       0.000004       0.470566

 Quadrupole moment (in Debye-Angstrom):
                  1            2            3
 1       -50.790355    -0.000000    -0.000000
 2        -0.000000   -50.790331     0.000038
 3        -0.000000     0.000038   -46.488384

 Spin-squared expectation <S^2>:         0.757
 Total spin quantum number S:            0.503
 TOTAL ENERGY:                        -588.008393647

 --------------------------------------------------------------------------------

 End time:                               Sun Oct 24 15:30:41 2021
 Total wall-clock time:               1372.623 seconds
==================================================================================
