
================================================================================
          _____________ ________ _______________ ________     _________         
         / ___________// ______ \\_____   _____// ______ \   / ________)        
        / /_________  / /      \ \     | |     / /      \ \ | (_______          
       |  __________|| |        | |    | |    | |        | | \________ \        
        \ \_________ | |        | |    | |     \ \______/ /___________) |       
         \__________||_|        |_|    |_|      \________//____________/        
                                                                                
====================================[ Qcore ]===================================

 Git describe: 2.3.0-1-g21d9df7e5
 Compiler:     GNU 9.1.0
 Build type:   Release
 Version:      2.3.0-1-g21d9df7e5

 Start time:   Sun Oct 24 17:30:05 2021

 Data directory: /work/zw18965/.local/qcore/share/entos/qcore/data
 Number of threads: 24
 Number of threads was determined by: command line argument

 --------------------------------------------------------------------------------
                                   command: dft                                  
 --------------------------------------------------------------------------------
 AO basis set:                           def2-tzvppd
 Number of AO basis functions:          76
 ECP on atom 1 (Au):                     60 electrons

 Formula:                                HAu
 Nuclear charge:                        80.000000000
 Total charge:                           0.000000000
 Number of core electrons:              60
 Number of treated electrons:           20

 Number of alpha electrons:             10
 Number of beta electrons:              10
 Number of unpaired electrons:           0
 Spin:                                   0
 Multiplicity:                           singlet

 Theory:                                 dft
 Exchange-correlation functional:        0.5 b88 + 0.75 lyp
 Method for Coulomb:                     incore_df
 Method for exact exchange:              pre_transformed_df
 Integral threshold:                     1.00e-12
 DF basis set:                           def2-universal-jkfit
 Number of DF basis functions:         265
 Schwarz screening threshold:            1.00e-10
 Coulomb fitting method:                 Cholesky

 ------------------
  UW12 Correlation 
 ------------------
 Factor for UW12 correlation:            1.000000000
 Opposite spin scale factor:             0.250000000
 Same spin scale factor:                 0.500000000
 Calculate indirect contribution:        true
 Method for three electron term:         df_ri
 Auxiliary RI basis set:                 Def2-TZVPPD-RI
 Number of RI basis functions:         232
 Gaussians in geminal expansion:        10
 UW12 screening threshold:               1.00e-12
 Method for density-fitting:             w(r)
 Number of core spatial orbitals:        4

 Total number of grid points:        15010
 Method for AO orthogonalization:        symmetric
 Threshold for linear dependence:        1.00e-08
 D3BJ dispersion energy:                -0.000391088

 -------------------------------------
  Running restricted closed-shell SCF 
 -------------------------------------
 Max number of iterations:             128
 Conv. threshold (gradient):             1.00e-05
 Conv. threshold (energy):               1.00e-06
 Interpolation scheme:                   adiis+cdiis
 Initial guess:                          SAD

 ---------------------------------------------------------------
                  energy        change          grad        time
 ---------------------------------------------------------------
   0      -136.243477909                    5.88e+00        1.83
   1      -136.281044558     -3.76e-02      3.07e-01        0.15
   2      -136.272647433      8.40e-03      4.72e-01        0.15
   3      -136.294952906     -2.23e-02      3.69e-02        0.15
   4      -136.295028628     -7.57e-05      2.44e-02        0.13
   5      -136.295087580     -5.90e-05      3.24e-03        0.13
   6      -136.295072917      1.47e-05      1.06e-03        0.14
   7      -136.295075977     -3.06e-06      2.54e-04        0.14
   8      -136.295075502      4.75e-07      2.09e-05        0.13
   9      -136.295075489      1.26e-08      3.91e-06        0.14

 SCF converged in 9 iterations.

 Dipole moment (in Debye):               0.000000       0.000000       1.308991

 Quadrupole moment (in Debye-Angstrom):
                  1            2            3
 1       -24.697908     0.000000    -0.000000
 2         0.000000   -24.697908    -0.000000
 3        -0.000000    -0.000000   -21.716661

 Spin-squared expectation <S^2>:         0.000
 Total spin quantum number S:            0.000
 TOTAL ENERGY:                        -136.295075476

 --------------------------------------------------------------------------------

 End time:                               Sun Oct 24 17:30:15 2021
 Total wall-clock time:                 10.467 seconds
==================================================================================
