
================================================================================
          _____________ ________ _______________ ________     _________         
         / ___________// ______ \\_____   _____// ______ \   / ________)        
        / /_________  / /      \ \     | |     / /      \ \ | (_______          
       |  __________|| |        | |    | |    | |        | | \________ \        
        \ \_________ | |        | |    | |     \ \______/ /___________) |       
         \__________||_|        |_|    |_|      \________//____________/        
                                                                                
====================================[ Qcore ]===================================

 Git describe: 2.3.0-1-g21d9df7e5
 Compiler:     GNU 9.1.0
 Build type:   Release
 Version:      2.3.0-1-g21d9df7e5

 Start time:   Sun Oct 24 17:30:00 2021

 Data directory: /work/zw18965/.local/qcore/share/entos/qcore/data
 Number of threads: 24
 Number of threads was determined by: command line argument

 --------------------------------------------------------------------------------
                                   command: dft                                  
 --------------------------------------------------------------------------------
 AO basis set:                           def2-tzvppd
 Number of AO basis functions:          99
 ECP on atom 1 (Au):                     60 electrons

 Formula:                                FAu
 Nuclear charge:                        88.000000000
 Total charge:                           0.000000000
 Number of core electrons:              60
 Number of treated electrons:           28

 Number of alpha electrons:             14
 Number of beta electrons:              14
 Number of unpaired electrons:           0
 Spin:                                   0
 Multiplicity:                           singlet

 Theory:                                 dft
 Exchange-correlation functional:        0.5 b88 + 0.75 lyp
 Method for Coulomb:                     incore_df
 Method for exact exchange:              pre_transformed_df
 Integral threshold:                     1.00e-12
 DF basis set:                           def2-universal-jkfit
 Number of DF basis functions:         324
 Schwarz screening threshold:            1.00e-10
 Coulomb fitting method:                 Cholesky

 ------------------
  UW12 Correlation 
 ------------------
 Factor for UW12 correlation:            1.000000000
 Opposite spin scale factor:             0.250000000
 Same spin scale factor:                 0.500000000
 Calculate indirect contribution:        true
 Method for three electron term:         df_ri
 Auxiliary RI basis set:                 Def2-TZVPPD-RI
 Number of RI basis functions:         285
 Gaussians in geminal expansion:        10
 UW12 screening threshold:               1.00e-12
 Method for density-fitting:             w(r)
 Number of core spatial orbitals:        5

 Total number of grid points:        15932
 Method for AO orthogonalization:        symmetric
 Threshold for linear dependence:        1.00e-08
 D3BJ dispersion energy:                -0.000500188

 -------------------------------------
  Running restricted closed-shell SCF 
 -------------------------------------
 Max number of iterations:             128
 Conv. threshold (gradient):             1.00e-05
 Conv. threshold (energy):               1.00e-06
 Interpolation scheme:                   adiis+cdiis
 Initial guess:                          SAD

 ---------------------------------------------------------------
                  energy        change          grad        time
 ---------------------------------------------------------------
   0      -235.449183716                    3.59e+00        3.73
   1      -235.463050180     -1.39e-02      1.28e+00        0.45
   2      -234.711254702      7.52e-01      3.32e+00        0.44
   3      -235.521024969     -8.10e-01      9.41e-01        0.42
   4      -235.571612299     -5.06e-02      3.38e-01        0.41
   5      -235.571745706     -1.33e-04      3.21e-01        0.46
   6      -235.577875437     -6.13e-03      1.58e-02        0.42
   7      -235.577879189     -3.75e-06      2.36e-02        0.46
   8      -235.577904958     -2.58e-05      9.34e-04        0.41
   9      -235.577903605      1.35e-06      3.67e-04        0.44
  10      -235.577903080      5.24e-07      1.38e-04        0.41
  11      -235.577902879      2.01e-07      6.68e-06        0.41

 SCF converged in 11 iterations.

 Dipole moment (in Debye):              -0.000000      -0.000000       4.359402

 Quadrupole moment (in Debye-Angstrom):
                  1            2            3
 1       -26.904899    -0.000000     0.000001
 2        -0.000000   -26.904899     0.000001
 3         0.000001     0.000001   -30.107292

 Spin-squared expectation <S^2>:         0.000
 Total spin quantum number S:            0.000
 TOTAL ENERGY:                        -235.577902891

 --------------------------------------------------------------------------------

 End time:                               Sun Oct 24 17:30:17 2021
 Total wall-clock time:                 17.062 seconds
==================================================================================
