
================================================================================
          _____________ ________ _______________ ________     _________         
         / ___________// ______ \\_____   _____// ______ \   / ________)        
        / /_________  / /      \ \     | |     / /      \ \ | (_______          
       |  __________|| |        | |    | |    | |        | | \________ \        
        \ \_________ | |        | |    | |     \ \______/ /___________) |       
         \__________||_|        |_|    |_|      \________//____________/        
                                                                                
====================================[ Qcore ]===================================

 Git describe: 2.3.0-1-g21d9df7e5
 Compiler:     GNU 9.1.0
 Build type:   Release
 Version:      2.3.0-1-g21d9df7e5

 Start time:   Sun Oct 24 17:31:10 2021

 Data directory: /work/zw18965/.local/qcore/share/entos/qcore/data
 Number of threads: 24
 Number of threads was determined by: command line argument

 --------------------------------------------------------------------------------
                                   command: dft                                  
 --------------------------------------------------------------------------------
 AO basis set:                           def2-tzvppd
 Number of AO basis functions:         177
 ECP on atom 1 (Au):                     60 electrons
 ECP on atom 2 (Au):                     60 electrons
 ECP on atom 3 (Au):                     60 electrons

 Formula:                                Au3
 Nuclear charge:                       237.000000000
 Total charge:                           0.000000000
 Number of core electrons:             180
 Number of treated electrons:           57

 Number of alpha electrons:             29
 Number of beta electrons:              28
 Number of unpaired electrons:           1
 Spin:                                   1
 Multiplicity:                           doublet

 Theory:                                 dft
 Exchange-correlation functional:        0.5 b88 + 0.75 lyp
 Method for Coulomb:                     incore_df
 Method for exact exchange:              pre_transformed_df
 Integral threshold:                     1.00e-12
 DF basis set:                           def2-universal-jkfit
 Number of DF basis functions:         741
 Schwarz screening threshold:            1.00e-10
 Coulomb fitting method:                 Cholesky

 ------------------
  UW12 Correlation 
 ------------------
 Factor for UW12 correlation:            1.000000000
 Opposite spin scale factor:             0.250000000
 Same spin scale factor:                 0.500000000
 Calculate indirect contribution:        true
 Method for three electron term:         df_ri
 Auxiliary RI basis set:                 Def2-TZVPPD-RI
 Number of RI basis functions:         579
 Gaussians in geminal expansion:        10
 UW12 screening threshold:               1.00e-12
 Method for density-fitting:             w(r)
 Number of core spatial orbitals:       12

 Total number of grid points:        27360
 Method for AO orthogonalization:        symmetric
 Threshold for linear dependence:        1.00e-08
 D3BJ dispersion energy:                -0.004943690

 -------------------------------------
  Running unrestricted open-shell SCF 
 -------------------------------------
 Max number of iterations:             128
 Conv. threshold (gradient):             1.00e-05
 Conv. threshold (energy):               1.00e-06
 Interpolation scheme:                   adiis+cdiis
 Initial guess:                          SAD

 ---------------------------------------------------------------
                  energy        change          grad        time
 ---------------------------------------------------------------
   0      -406.997001466                    3.66e+00       85.89
   1      -407.172464552     -1.75e-01      8.75e-02       20.36
   2      -407.167457194      5.01e-03      1.18e-01       20.29
   3      -407.177725819     -1.03e-02      2.91e-02       19.96
   4      -407.178315937     -5.90e-04      1.47e-02       20.16
   5      -407.178245062      7.09e-05      3.05e-03       19.76
   6      -407.178261732     -1.67e-05      8.65e-04       20.27
   7      -407.178254597      7.14e-06      3.71e-04       20.09
   8      -407.178260619     -6.02e-06      1.16e-04       20.31
   9      -407.178260748     -1.29e-07      3.37e-05       20.12
  10      -407.178260684      6.39e-08      1.32e-05       20.13
  11      -407.178260655      2.96e-08      3.11e-06       20.20

 SCF converged in 11 iterations.

 Dipole moment (in Debye):              -0.000002      -0.000002      -0.000012

 Quadrupole moment (in Debye-Angstrom):
                  1            2            3
 1       -68.626853    -0.000002     0.000001
 2        -0.000002   -68.626853     0.000001
 3         0.000001     0.000001   -55.310578

 Spin-squared expectation <S^2>:         0.769
 Total spin quantum number S:            0.509
 TOTAL ENERGY:                        -407.178260643

 --------------------------------------------------------------------------------

 End time:                               Sun Oct 24 17:36:47 2021
 Total wall-clock time:                337.046 seconds
==================================================================================
