
================================================================================
          _____________ ________ _______________ ________     _________         
         / ___________// ______ \\_____   _____// ______ \   / ________)        
        / /_________  / /      \ \     | |     / /      \ \ | (_______          
       |  __________|| |        | |    | |    | |        | | \________ \        
        \ \_________ | |        | |    | |     \ \______/ /___________) |       
         \__________||_|        |_|    |_|      \________//____________/        
                                                                                
====================================[ Qcore ]===================================

 Git describe: 2.3.0-1-g21d9df7e5
 Compiler:     GNU 9.1.0
 Build type:   Release
 Version:      2.3.0-1-g21d9df7e5

 Start time:   Sun Oct 24 17:30:20 2021

 Data directory: /work/zw18965/.local/qcore/share/entos/qcore/data
 Number of threads: 24
 Number of threads was determined by: command line argument

 --------------------------------------------------------------------------------
                                   command: dft                                  
 --------------------------------------------------------------------------------
 AO basis set:                           def2-tzvppd
 Number of AO basis functions:         177
 ECP on atom 1 (Au):                     60 electrons
 ECP on atom 2 (Au):                     60 electrons
 ECP on atom 3 (Au):                     60 electrons

 Formula:                                Au3+
 Nuclear charge:                       237.000000000
 Total charge:                           1.000000000
 Number of core electrons:             180
 Number of treated electrons:           56

 Number of alpha electrons:             28
 Number of beta electrons:              28
 Number of unpaired electrons:           0
 Spin:                                   0
 Multiplicity:                           singlet

 Theory:                                 dft
 Exchange-correlation functional:        0.5 b88 + 0.75 lyp
 Method for Coulomb:                     incore_df
 Method for exact exchange:              pre_transformed_df
 Integral threshold:                     1.00e-12
 DF basis set:                           def2-universal-jkfit
 Number of DF basis functions:         741
 Schwarz screening threshold:            1.00e-10
 Coulomb fitting method:                 Cholesky

 ------------------
  UW12 Correlation 
 ------------------
 Factor for UW12 correlation:            1.000000000
 Opposite spin scale factor:             0.250000000
 Same spin scale factor:                 0.500000000
 Calculate indirect contribution:        true
 Method for three electron term:         df_ri
 Auxiliary RI basis set:                 Def2-TZVPPD-RI
 Number of RI basis functions:         579
 Gaussians in geminal expansion:        10
 UW12 screening threshold:               1.00e-12
 Method for density-fitting:             w(r)
 Number of core spatial orbitals:       12

 Total number of grid points:        27360
 Method for AO orthogonalization:        symmetric
 Threshold for linear dependence:        1.00e-08
 D3BJ dispersion energy:                -0.006638618

 -------------------------------------
  Running restricted closed-shell SCF 
 -------------------------------------
 Max number of iterations:             128
 Conv. threshold (gradient):             1.00e-05
 Conv. threshold (energy):               1.00e-06
 Interpolation scheme:                   adiis+cdiis
 Initial guess:                          SAD

 ---------------------------------------------------------------
                  energy        change          grad        time
 ---------------------------------------------------------------
   0      -407.071207256                    1.00e+01       47.48
   1      -406.914445780      1.57e-01      2.85e-01        9.44
   2      -406.912497523      1.95e-03      2.86e-01        9.16
   3      -406.928731447     -1.62e-02      9.12e-02        9.34
   4      -406.927119524      1.61e-03      1.08e-01        9.10
   5      -406.929177262     -2.06e-03      2.32e-03        9.18
   6      -406.929163964      1.33e-05      8.30e-04        9.44
   7      -406.929157909      6.05e-06      4.46e-04        9.21
   8      -406.929157650      2.59e-07      1.62e-04        9.29
   9      -406.929157809     -1.59e-07      2.89e-05        9.05
  10      -406.929157750      5.90e-08      1.01e-05        9.39
  11      -406.929157721      2.88e-08      2.44e-06        9.07

 SCF converged in 11 iterations.

 Dipole moment (in Debye):               0.000001      -0.000097      -0.000000

 Quadrupole moment (in Debye-Angstrom):
                  1            2            3
 1       -49.041743     0.000001    -0.000000
 2         0.000001   -49.041837     0.000000
 3        -0.000000     0.000000   -63.471468

 Spin-squared expectation <S^2>:         0.000
 Total spin quantum number S:            0.000
 TOTAL ENERGY:                        -406.929157720

 --------------------------------------------------------------------------------

 End time:                               Sun Oct 24 17:33:07 2021
 Total wall-clock time:                166.633 seconds
==================================================================================
