
================================================================================
          _____________ ________ _______________ ________     _________         
         / ___________// ______ \\_____   _____// ______ \   / ________)        
        / /_________  / /      \ \     | |     / /      \ \ | (_______          
       |  __________|| |        | |    | |    | |        | | \________ \        
        \ \_________ | |        | |    | |     \ \______/ /___________) |       
         \__________||_|        |_|    |_|      \________//____________/        
                                                                                
====================================[ Qcore ]===================================

 Git describe: 2.3.0-1-g21d9df7e5
 Compiler:     GNU 9.1.0
 Build type:   Release
 Version:      2.3.0-1-g21d9df7e5

 Start time:   Sun Oct 24 17:30:51 2021

 Data directory: /work/zw18965/.local/qcore/share/entos/qcore/data
 Number of threads: 24
 Number of threads was determined by: command line argument

 --------------------------------------------------------------------------------
                                   command: dft                                  
 --------------------------------------------------------------------------------
 AO basis set:                           def2-tzvppd
 Number of AO basis functions:         177
 ECP on atom 1 (Au):                     60 electrons
 ECP on atom 2 (Au):                     60 electrons
 ECP on atom 3 (Au):                     60 electrons

 Formula:                                Au3
 Nuclear charge:                       237.000000000
 Total charge:                           0.000000000
 Number of core electrons:             180
 Number of treated electrons:           57

 Number of alpha electrons:             29
 Number of beta electrons:              28
 Number of unpaired electrons:           1
 Spin:                                   1
 Multiplicity:                           doublet

 Theory:                                 dft
 Exchange-correlation functional:        0.5 b88 + 0.75 lyp
 Method for Coulomb:                     incore_df
 Method for exact exchange:              pre_transformed_df
 Integral threshold:                     1.00e-12
 DF basis set:                           def2-universal-jkfit
 Number of DF basis functions:         741
 Schwarz screening threshold:            1.00e-10
 Coulomb fitting method:                 Cholesky

 ------------------
  UW12 Correlation 
 ------------------
 Factor for UW12 correlation:            1.000000000
 Opposite spin scale factor:             0.250000000
 Same spin scale factor:                 0.500000000
 Calculate indirect contribution:        true
 Method for three electron term:         df_ri
 Auxiliary RI basis set:                 Def2-TZVPPD-RI
 Number of RI basis functions:         579
 Gaussians in geminal expansion:        10
 UW12 screening threshold:               1.00e-12
 Method for density-fitting:             w(r)
 Number of core spatial orbitals:       12

 Total number of grid points:        27360
 Method for AO orthogonalization:        symmetric
 Threshold for linear dependence:        1.00e-08
 D3BJ dispersion energy:                -0.006626723

 -------------------------------------
  Running unrestricted open-shell SCF 
 -------------------------------------
 Max number of iterations:             128
 Conv. threshold (gradient):             1.00e-05
 Conv. threshold (energy):               1.00e-06
 Interpolation scheme:                   adiis+cdiis
 Initial guess:                          SAD

 ---------------------------------------------------------------
                  energy        change          grad        time
 ---------------------------------------------------------------
   0      -407.045850813                    4.80e+00       80.83
   1      -407.174377819     -1.29e-01      1.60e-01       19.03
   2      -407.166683706      7.69e-03      2.03e-01       19.25
   3      -407.183444100     -1.68e-02      5.41e-02       19.57
   4      -407.182635104      8.09e-04      8.01e-02       19.19
   5      -407.184467684     -1.83e-03      9.60e-03       19.20
   6      -407.184468124     -4.39e-07      5.14e-03       19.22
   7      -407.184500090     -3.20e-05      2.22e-03       19.50
   8      -407.184498060      2.03e-06      9.33e-04       19.42
   9      -407.184500992     -2.93e-06      5.74e-04       19.17
  10      -407.184501275     -2.82e-07      1.83e-04       19.21
  11      -407.184500559      7.16e-07      1.01e-04       19.77
  12      -407.184500681     -1.21e-07      5.28e-05       19.87
  13      -407.184500709     -2.82e-08      4.32e-05       19.10
  14      -407.184500792     -8.31e-08      2.82e-05       19.32
  15      -407.184500736      5.60e-08      2.73e-05       19.12
  16      -407.184500776     -4.03e-08      2.70e-05       19.25
  17      -407.184500770      6.20e-09      2.65e-05       19.28
  18      -407.184500819     -4.85e-08      2.52e-05       19.09
  19      -407.184500784      3.44e-08      2.35e-05       19.26
  20      -407.184500884     -1.00e-07      1.64e-05       18.99
  21      -407.184500916     -3.14e-08      1.28e-05       19.27
  22      -407.184500916     -1.66e-10      9.56e-06       19.12

 SCF converged in 22 iterations.

 Dipole moment (in Debye):              -1.146874       0.663299       0.000000

 Quadrupole moment (in Debye-Angstrom):
                  1            2            3
 1       -68.037078     4.247411     0.000001
 2         4.247411   -63.123357    -0.000000
 3         0.000001    -0.000000   -69.159704

 Spin-squared expectation <S^2>:         0.765
 Total spin quantum number S:            0.507
 TOTAL ENERGY:                        -407.184500923

 --------------------------------------------------------------------------------

 End time:                               Sun Oct 24 17:39:44 2021
 Total wall-clock time:                532.587 seconds
==================================================================================
