
================================================================================
          _____________ ________ _______________ ________     _________         
         / ___________// ______ \\_____   _____// ______ \   / ________)        
        / /_________  / /      \ \     | |     / /      \ \ | (_______          
       |  __________|| |        | |    | |    | |        | | \________ \        
        \ \_________ | |        | |    | |     \ \______/ /___________) |       
         \__________||_|        |_|    |_|      \________//____________/        
                                                                                
====================================[ Qcore ]===================================

 Git describe: 2.3.0-1-g21d9df7e5
 Compiler:     GNU 9.1.0
 Build type:   Release
 Version:      2.3.0-1-g21d9df7e5

 Start time:   Sun Oct 24 17:39:38 2021

 Data directory: /work/zw18965/.local/qcore/share/entos/qcore/data
 Number of threads: 24
 Number of threads was determined by: command line argument

 --------------------------------------------------------------------------------
                                   command: dft                                  
 --------------------------------------------------------------------------------
 AO basis set:                           def2-tzvppd
 Number of AO basis functions:         324
 ECP on atom 1 (Au):                     60 electrons
 ECP on atom 2 (Au):                     60 electrons
 ECP on atom 3 (Au):                     60 electrons
 ECP on atom 4 (Au):                     60 electrons

 Formula:                                H3NAu4(2+)
 Nuclear charge:                       326.000000000
 Total charge:                           2.000000000
 Number of core electrons:             240
 Number of treated electrons:           84

 Number of alpha electrons:             42
 Number of beta electrons:              42
 Number of unpaired electrons:           0
 Spin:                                   0
 Multiplicity:                           singlet

 Theory:                                 dft
 Exchange-correlation functional:        0.5 b88 + 0.75 lyp
 Method for Coulomb:                     incore_df
 Method for exact exchange:              pre_transformed_df
 Integral threshold:                     1.00e-12
 DF basis set:                           def2-universal-jkfit
 Number of DF basis functions:        1119
 Schwarz screening threshold:            1.00e-10
 Coulomb fitting method:                 Cholesky

 ------------------
  UW12 Correlation 
 ------------------
 Factor for UW12 correlation:            1.000000000
 Opposite spin scale factor:             0.250000000
 Same spin scale factor:                 0.500000000
 Calculate indirect contribution:        true
 Method for three electron term:         df_ri
 Auxiliary RI basis set:                 Def2-TZVPPD-RI
 Number of RI basis functions:         981
 Gaussians in geminal expansion:        10
 UW12 screening threshold:               1.00e-12
 Method for density-fitting:             w(r)
 Number of core spatial orbitals:       17

 Total number of grid points:        60950
 Method for AO orthogonalization:        symmetric
 Threshold for linear dependence:        1.00e-08
 D3BJ dispersion energy:                -0.016176033

 -------------------------------------
  Running restricted closed-shell SCF 
 -------------------------------------
 Max number of iterations:             128
 Conv. threshold (gradient):             1.00e-05
 Conv. threshold (energy):               1.00e-06
 Interpolation scheme:                   adiis+cdiis
 Initial guess:                          SAD

 ---------------------------------------------------------------
                  energy        change          grad        time
 ---------------------------------------------------------------
   0      -599.717707181                    1.90e+01      448.97
   1      -598.858695449      8.59e-01      1.93e+00       94.18
   2      -598.804195757      5.45e-02      2.55e+00       94.77
   3      -598.935268566     -1.31e-01      9.29e-02       92.72
   4      -598.936192372     -9.24e-04      9.76e-02       94.69
   5      -598.936755429     -5.63e-04      1.02e-02       93.54
   6      -598.936704855      5.06e-05      4.61e-03       97.02
   7      -598.936714857     -1.00e-05      8.96e-04       93.34
   8      -598.936708509      6.35e-06      3.73e-04       92.79
   9      -598.936708109      3.99e-07      1.89e-04       91.56
  10      -598.936708399     -2.90e-07      3.13e-05       91.51
  11      -598.936708322      7.67e-08      1.34e-05       94.88
  12      -598.936708336     -1.39e-08      4.68e-06       93.65

 SCF converged in 12 iterations.

 Dipole moment (in Debye):              -1.107449       6.326740      -0.000003

 Quadrupole moment (in Debye-Angstrom):
                  1            2            3
 1       -69.898794    -6.218243    -0.000005
 2        -6.218243   -35.427140     0.000001
 3        -0.000005     0.000001   -70.982991

 Spin-squared expectation <S^2>:         0.000
 Total spin quantum number S:            0.000
 TOTAL ENERGY:                        -598.936708327

 --------------------------------------------------------------------------------

 End time:                               Sun Oct 24 18:07:32 2021
 Total wall-clock time:               1673.392 seconds
==================================================================================
