
================================================================================
          _____________ ________ _______________ ________     _________         
         / ___________// ______ \\_____   _____// ______ \   / ________)        
        / /_________  / /      \ \     | |     / /      \ \ | (_______          
       |  __________|| |        | |    | |    | |        | | \________ \        
        \ \_________ | |        | |    | |     \ \______/ /___________) |       
         \__________||_|        |_|    |_|      \________//____________/        
                                                                                
====================================[ Qcore ]===================================

 Git describe: 2.3.0-1-g21d9df7e5
 Compiler:     GNU 9.1.0
 Build type:   Release
 Version:      2.3.0-1-g21d9df7e5

 Start time:   Sun Oct 24 17:39:47 2021

 Data directory: /work/zw18965/.local/qcore/share/entos/qcore/data
 Number of threads: 24
 Number of threads was determined by: command line argument

 --------------------------------------------------------------------------------
                                   command: dft                                  
 --------------------------------------------------------------------------------
 AO basis set:                           def2-tzvppd
 Number of AO basis functions:         324
 ECP on atom 1 (Au):                     60 electrons
 ECP on atom 2 (Au):                     60 electrons
 ECP on atom 3 (Au):                     60 electrons
 ECP on atom 4 (Au):                     60 electrons

 Formula:                                H3NAu4(2+)
 Nuclear charge:                       326.000000000
 Total charge:                           2.000000000
 Number of core electrons:             240
 Number of treated electrons:           84

 Number of alpha electrons:             42
 Number of beta electrons:              42
 Number of unpaired electrons:           0
 Spin:                                   0
 Multiplicity:                           singlet

 Theory:                                 dft
 Exchange-correlation functional:        0.5 b88 + 0.75 lyp
 Method for Coulomb:                     incore_df
 Method for exact exchange:              pre_transformed_df
 Integral threshold:                     1.00e-12
 DF basis set:                           def2-universal-jkfit
 Number of DF basis functions:        1119
 Schwarz screening threshold:            1.00e-10
 Coulomb fitting method:                 Cholesky

 ------------------
  UW12 Correlation 
 ------------------
 Factor for UW12 correlation:            1.000000000
 Opposite spin scale factor:             0.250000000
 Same spin scale factor:                 0.500000000
 Calculate indirect contribution:        true
 Method for three electron term:         df_ri
 Auxiliary RI basis set:                 Def2-TZVPPD-RI
 Number of RI basis functions:         981
 Gaussians in geminal expansion:        10
 UW12 screening threshold:               1.00e-12
 Method for density-fitting:             w(r)
 Number of core spatial orbitals:       17

 Total number of grid points:        60950
 Method for AO orthogonalization:        symmetric
 Threshold for linear dependence:        1.00e-08
 D3BJ dispersion energy:                -0.017339161

 -------------------------------------
  Running restricted closed-shell SCF 
 -------------------------------------
 Max number of iterations:             128
 Conv. threshold (gradient):             1.00e-05
 Conv. threshold (energy):               1.00e-06
 Interpolation scheme:                   adiis+cdiis
 Initial guess:                          SAD

 ---------------------------------------------------------------
                  energy        change          grad        time
 ---------------------------------------------------------------
   0      -599.555764532                    1.57e+01      442.53
   1      -598.746473641      8.09e-01      2.08e+00       95.16
   2      -598.350348084      3.96e-01      4.52e+00       93.80
   3      -598.842676001     -4.92e-01      8.29e-01       93.13
   4      -598.842981049     -3.05e-04      9.39e-01       87.84
   5      -598.863431080     -2.05e-02      4.09e-02       94.13
   6      -598.862789867      6.41e-04      5.60e-02       94.02
   7      -598.863262329     -4.72e-04      3.49e-03       85.34
   8      -598.863273147     -1.08e-05      1.48e-03       94.16
   9      -598.863268460      4.69e-06      3.02e-04       93.86
  10      -598.863267952      5.08e-07      1.44e-04       85.76
  11      -598.863267781      1.71e-07      4.23e-05       85.38
  12      -598.863267754      2.69e-08      1.31e-05       94.35
  13      -598.863267789     -3.48e-08      4.65e-06       93.15

 SCF converged in 13 iterations.

 Dipole moment (in Debye):              -0.000000      -0.000029      -4.397816

 Quadrupole moment (in Debye-Angstrom):
                  1            2            3
 1       -70.731849    -0.000001    -0.000001
 2        -0.000001   -70.732022     0.000051
 3        -0.000001     0.000051   -48.901434

 Spin-squared expectation <S^2>:         0.000
 Total spin quantum number S:            0.000
 TOTAL ENERGY:                        -598.863267778

 --------------------------------------------------------------------------------

 End time:                               Sun Oct 24 18:08:49 2021
 Total wall-clock time:               1741.153 seconds
==================================================================================
