
================================================================================
          _____________ ________ _______________ ________     _________         
         / ___________// ______ \\_____   _____// ______ \   / ________)        
        / /_________  / /      \ \     | |     / /      \ \ | (_______          
       |  __________|| |        | |    | |    | |        | | \________ \        
        \ \_________ | |        | |    | |     \ \______/ /___________) |       
         \__________||_|        |_|    |_|      \________//____________/        
                                                                                
====================================[ Qcore ]===================================

 Git describe: 2.3.0-1-g21d9df7e5
 Compiler:     GNU 9.1.0
 Build type:   Release
 Version:      2.3.0-1-g21d9df7e5

 Start time:   Sun Oct 24 17:33:10 2021

 Data directory: /work/zw18965/.local/qcore/share/entos/qcore/data
 Number of threads: 24
 Number of threads was determined by: command line argument

 --------------------------------------------------------------------------------
                                   command: dft                                  
 --------------------------------------------------------------------------------
 AO basis set:                           def2-tzvppd
 Number of AO basis functions:         253
 ECP on atom 1 (Au):                     60 electrons
 ECP on atom 2 (Au):                     60 electrons
 ECP on atom 3 (Au):                     60 electrons
 ECP on atom 4 (Au):                     60 electrons

 Formula:                                HAu4(2+)
 Nuclear charge:                       317.000000000
 Total charge:                           2.000000000
 Number of core electrons:             240
 Number of treated electrons:           75

 Number of alpha electrons:             38
 Number of beta electrons:              37
 Number of unpaired electrons:           1
 Spin:                                   1
 Multiplicity:                           doublet

 Theory:                                 dft
 Exchange-correlation functional:        0.5 b88 + 0.75 lyp
 Method for Coulomb:                     incore_df
 Method for exact exchange:              pre_transformed_df
 Integral threshold:                     1.00e-12
 DF basis set:                           def2-universal-jkfit
 Number of DF basis functions:        1006
 Schwarz screening threshold:            1.00e-10
 Coulomb fitting method:                 Cholesky

 ------------------
  UW12 Correlation 
 ------------------
 Factor for UW12 correlation:            1.000000000
 Opposite spin scale factor:             0.250000000
 Same spin scale factor:                 0.500000000
 Calculate indirect contribution:        true
 Method for three electron term:         df_ri
 Auxiliary RI basis set:                 Def2-TZVPPD-RI
 Number of RI basis functions:         811
 Gaussians in geminal expansion:        10
 UW12 screening threshold:               1.00e-12
 Method for density-fitting:             w(r)
 Number of core spatial orbitals:       16

 Total number of grid points:        42370
 Method for AO orthogonalization:        symmetric
 Threshold for linear dependence:        1.00e-08
 D3BJ dispersion energy:                -0.013796083

 -------------------------------------
  Running unrestricted open-shell SCF 
 -------------------------------------
 Max number of iterations:             128
 Conv. threshold (gradient):             1.00e-05
 Conv. threshold (energy):               1.00e-06
 Interpolation scheme:                   adiis+cdiis
 Initial guess:                          SAD

 ---------------------------------------------------------------
                  energy        change          grad        time
 ---------------------------------------------------------------
   0      -543.428422568                    7.87e+00      403.62
   1      -542.707716118      7.21e-01      4.27e-01       86.49
   2      -542.685731996      2.20e-02      5.63e-01       86.46
   3      -542.782470750     -9.67e-02      1.17e-01       86.76
   4      -542.776978897      5.49e-03      1.66e-01       85.97
   5      -542.785665287     -8.69e-03      2.63e-02       86.32
   6      -542.785542499      1.23e-04      4.12e-02       87.38
   7      -542.785941716     -3.99e-04      5.49e-03       86.51
   8      -542.785969698     -2.80e-05      2.09e-03       84.93
   9      -542.785973639     -3.94e-06      7.49e-04       86.92
  10      -542.785979908     -6.27e-06      2.38e-04       85.55
  11      -542.785979833      7.50e-08      8.29e-05       86.46
  12      -542.785979818      1.48e-08      3.68e-05       84.39
  13      -542.785979976     -1.58e-07      8.40e-06       86.44

 SCF converged in 13 iterations.

 Dipole moment (in Debye):               0.000001       0.000004       0.573030

 Quadrupole moment (in Debye-Angstrom):
                  1            2            3
 1       -64.301636    -0.000002    -0.000001
 2        -0.000002   -64.301729     0.000012
 3        -0.000001     0.000012   -60.594901

 Spin-squared expectation <S^2>:         0.757
 Total spin quantum number S:            0.503
 TOTAL ENERGY:                        -542.785979921

 --------------------------------------------------------------------------------

 End time:                               Sun Oct 24 18:00:09 2021
 Total wall-clock time:               1619.039 seconds
==================================================================================
