
================================================================================
          _____________ ________ _______________ ________     _________         
         / ___________// ______ \\_____   _____// ______ \   / ________)        
        / /_________  / /      \ \     | |     / /      \ \ | (_______          
       |  __________|| |        | |    | |    | |        | | \________ \        
        \ \_________ | |        | |    | |     \ \______/ /___________) |       
         \__________||_|        |_|    |_|      \________//____________/        
                                                                                
====================================[ Qcore ]===================================

 Git describe: 2.3.0-1-g21d9df7e5
 Compiler:     GNU 9.1.0
 Build type:   Release
 Version:      2.3.0-1-g21d9df7e5

 Start time:   Sun Oct 24 17:33:13 2021

 Data directory: /work/zw18965/.local/qcore/share/entos/qcore/data
 Number of threads: 24
 Number of threads was determined by: command line argument

 --------------------------------------------------------------------------------
                                   command: dft                                  
 --------------------------------------------------------------------------------
 AO basis set:                           def2-tzvppd
 Number of AO basis functions:         253
 ECP on atom 1 (Au):                     60 electrons
 ECP on atom 2 (Au):                     60 electrons
 ECP on atom 3 (Au):                     60 electrons
 ECP on atom 4 (Au):                     60 electrons

 Formula:                                HAu4(2+)
 Nuclear charge:                       317.000000000
 Total charge:                           2.000000000
 Number of core electrons:             240
 Number of treated electrons:           75

 Number of alpha electrons:             38
 Number of beta electrons:              37
 Number of unpaired electrons:           1
 Spin:                                   1
 Multiplicity:                           doublet

 Theory:                                 dft
 Exchange-correlation functional:        0.5 b88 + 0.75 lyp
 Method for Coulomb:                     incore_df
 Method for exact exchange:              pre_transformed_df
 Integral threshold:                     1.00e-12
 DF basis set:                           def2-universal-jkfit
 Number of DF basis functions:        1006
 Schwarz screening threshold:            1.00e-10
 Coulomb fitting method:                 Cholesky

 ------------------
  UW12 Correlation 
 ------------------
 Factor for UW12 correlation:            1.000000000
 Opposite spin scale factor:             0.250000000
 Same spin scale factor:                 0.500000000
 Calculate indirect contribution:        true
 Method for three electron term:         df_ri
 Auxiliary RI basis set:                 Def2-TZVPPD-RI
 Number of RI basis functions:         811
 Gaussians in geminal expansion:        10
 UW12 screening threshold:               1.00e-12
 Method for density-fitting:             w(r)
 Number of core spatial orbitals:       16

 Total number of grid points:        42370
 Method for AO orthogonalization:        symmetric
 Threshold for linear dependence:        1.00e-08
 D3BJ dispersion energy:                -0.014271878

 -------------------------------------
  Running unrestricted open-shell SCF 
 -------------------------------------
 Max number of iterations:             128
 Conv. threshold (gradient):             1.00e-05
 Conv. threshold (energy):               1.00e-06
 Interpolation scheme:                   adiis+cdiis
 Initial guess:                          SAD

 ---------------------------------------------------------------
                  energy        change          grad        time
 ---------------------------------------------------------------
   0      -543.483431148                    8.53e+00      402.83
   1      -542.725354606      7.58e-01      3.44e-01       87.03
   2      -542.723067321      2.29e-03      3.77e-01       85.75
   3      -542.784678861     -6.16e-02      9.22e-02       85.69
   4      -542.780323258      4.36e-03      1.20e-01       86.65
   5      -542.786531590     -6.21e-03      9.79e-03       86.73
   6      -542.786542544     -1.10e-05      5.85e-03       84.74
   7      -542.786550742     -8.20e-06      2.42e-03       85.82
   8      -542.786552396     -1.65e-06      9.36e-04       86.21
   9      -542.786551173      1.22e-06      3.18e-04       83.49
  10      -542.786553971     -2.80e-06      8.95e-05       84.51
  11      -542.786554006     -3.51e-08      4.01e-05       84.99
  12      -542.786553886      1.20e-07      1.73e-05       86.45
  13      -542.786553853      3.28e-08      9.96e-06       86.45

 SCF converged in 13 iterations.

 Dipole moment (in Debye):               0.000001      -0.000000       0.782168

 Quadrupole moment (in Debye-Angstrom):
                  1            2            3
 1       -65.807216    -0.000000    -0.000001
 2        -0.000000   -62.582399    -0.000002
 3        -0.000001    -0.000002   -63.624631

 Spin-squared expectation <S^2>:         0.758
 Total spin quantum number S:            0.504
 TOTAL ENERGY:                        -542.786553886

 --------------------------------------------------------------------------------

 End time:                               Sun Oct 24 18:00:06 2021
 Total wall-clock time:               1613.045 seconds
==================================================================================
