
================================================================================
          _____________ ________ _______________ ________     _________         
         / ___________// ______ \\_____   _____// ______ \   / ________)        
        / /_________  / /      \ \     | |     / /      \ \ | (_______          
       |  __________|| |        | |    | |    | |        | | \________ \        
        \ \_________ | |        | |    | |     \ \______/ /___________) |       
         \__________||_|        |_|    |_|      \________//____________/        
                                                                                
====================================[ Qcore ]===================================

 Git describe: 2.3.0-1-g21d9df7e5
 Compiler:     GNU 9.1.0
 Build type:   Release
 Version:      2.3.0-1-g21d9df7e5

 Start time:   Sun Oct 24 17:35:26 2021

 Data directory: /work/zw18965/.local/qcore/share/entos/qcore/data
 Number of threads: 24
 Number of threads was determined by: command line argument

 --------------------------------------------------------------------------------
                                   command: dft                                  
 --------------------------------------------------------------------------------
 AO basis set:                           def2-tzvppd
 Number of AO basis functions:         253
 ECP on atom 1 (Au):                     60 electrons
 ECP on atom 2 (Au):                     60 electrons
 ECP on atom 3 (Au):                     60 electrons
 ECP on atom 4 (Au):                     60 electrons

 Formula:                                HAu4(2+)
 Nuclear charge:                       317.000000000
 Total charge:                           2.000000000
 Number of core electrons:             240
 Number of treated electrons:           75

 Number of alpha electrons:             38
 Number of beta electrons:              37
 Number of unpaired electrons:           1
 Spin:                                   1
 Multiplicity:                           doublet

 Theory:                                 dft
 Exchange-correlation functional:        0.5 b88 + 0.75 lyp
 Method for Coulomb:                     incore_df
 Method for exact exchange:              pre_transformed_df
 Integral threshold:                     1.00e-12
 DF basis set:                           def2-universal-jkfit
 Number of DF basis functions:        1006
 Schwarz screening threshold:            1.00e-10
 Coulomb fitting method:                 Cholesky

 ------------------
  UW12 Correlation 
 ------------------
 Factor for UW12 correlation:            1.000000000
 Opposite spin scale factor:             0.250000000
 Same spin scale factor:                 0.500000000
 Calculate indirect contribution:        true
 Method for three electron term:         df_ri
 Auxiliary RI basis set:                 Def2-TZVPPD-RI
 Number of RI basis functions:         811
 Gaussians in geminal expansion:        10
 UW12 screening threshold:               1.00e-12
 Method for density-fitting:             w(r)
 Number of core spatial orbitals:       16

 Total number of grid points:        42370
 Method for AO orthogonalization:        symmetric
 Threshold for linear dependence:        1.00e-08
 D3BJ dispersion energy:                -0.014495529

 -------------------------------------
  Running unrestricted open-shell SCF 
 -------------------------------------
 Max number of iterations:             128
 Conv. threshold (gradient):             1.00e-05
 Conv. threshold (energy):               1.00e-06
 Interpolation scheme:                   adiis+cdiis
 Initial guess:                          SAD

 ---------------------------------------------------------------
                  energy        change          grad        time
 ---------------------------------------------------------------
   0      -543.509054879                    8.65e+00      392.31
   1      -542.708405647      8.01e-01      2.75e-01       84.28
   2      -542.705886332      2.52e-03      2.75e-01       83.51
   3      -542.766317293     -6.04e-02      1.50e-01       83.83
   4      -542.754961319      1.14e-02      3.02e-01       84.59
   5      -542.769917689     -1.50e-02      4.81e-02       84.32
   6      -542.770274611     -3.57e-04      5.64e-02       85.20
   7      -542.770764597     -4.90e-04      4.14e-03       85.51
   8      -542.770769124     -4.53e-06      2.01e-03       85.05
   9      -542.770770161     -1.04e-06      6.31e-04       84.57
  10      -542.770773970     -3.81e-06      1.64e-04       85.28
  11      -542.770774457     -4.87e-07      5.52e-05       85.04
  12      -542.770774449      7.36e-09      1.98e-05       83.64
  13      -542.770774406      4.33e-08      9.00e-06       85.56

 SCF converged in 13 iterations.

 Dipole moment (in Debye):               0.000001      -0.000008      -1.370714

 Quadrupole moment (in Debye-Angstrom):
                  1            2            3
 1       -63.084896    -0.000001    -0.000000
 2        -0.000001   -63.084940    -0.000257
 3        -0.000000    -0.000257   -67.062400

 Spin-squared expectation <S^2>:         0.755
 Total spin quantum number S:            0.502
 TOTAL ENERGY:                        -542.770774444

 --------------------------------------------------------------------------------

 End time:                               Sun Oct 24 18:01:54 2021
 Total wall-clock time:               1588.037 seconds
==================================================================================
