
================================================================================
          _____________ ________ _______________ ________     _________         
         / ___________// ______ \\_____   _____// ______ \   / ________)        
        / /_________  / /      \ \     | |     / /      \ \ | (_______          
       |  __________|| |        | |    | |    | |        | | \________ \        
        \ \_________ | |        | |    | |     \ \______/ /___________) |       
         \__________||_|        |_|    |_|      \________//____________/        
                                                                                
====================================[ Qcore ]===================================

 Git describe: 2.3.0-1-g21d9df7e5
 Compiler:     GNU 9.1.0
 Build type:   Release
 Version:      2.3.0-1-g21d9df7e5

 Start time:   Sun Oct 24 17:46:49 2021

 Data directory: /work/zw18965/.local/qcore/share/entos/qcore/data
 Number of threads: 24
 Number of threads was determined by: command line argument

 --------------------------------------------------------------------------------
                                   command: dft                                  
 --------------------------------------------------------------------------------
 AO basis set:                           def2-tzvppd
 Number of AO basis functions:         236
 ECP on atom 1 (Au):                     60 electrons
 ECP on atom 2 (Au):                     60 electrons
 ECP on atom 3 (Au):                     60 electrons
 ECP on atom 4 (Au):                     60 electrons

 Formula:                                Au4
 Nuclear charge:                       316.000000000
 Total charge:                           0.000000000
 Number of core electrons:             240
 Number of treated electrons:           76

 Number of alpha electrons:             38
 Number of beta electrons:              38
 Number of unpaired electrons:           0
 Spin:                                   0
 Multiplicity:                           singlet

 Theory:                                 dft
 Exchange-correlation functional:        0.5 b88 + 0.75 lyp
 Method for Coulomb:                     incore_df
 Method for exact exchange:              pre_transformed_df
 Integral threshold:                     1.00e-12
 DF basis set:                           def2-universal-jkfit
 Number of DF basis functions:         988
 Schwarz screening threshold:            1.00e-10
 Coulomb fitting method:                 Cholesky

 ------------------
  UW12 Correlation 
 ------------------
 Factor for UW12 correlation:            1.000000000
 Opposite spin scale factor:             0.250000000
 Same spin scale factor:                 0.500000000
 Calculate indirect contribution:        true
 Method for three electron term:         df_ri
 Auxiliary RI basis set:                 Def2-TZVPPD-RI
 Number of RI basis functions:         772
 Gaussians in geminal expansion:        10
 UW12 screening threshold:               1.00e-12
 Method for density-fitting:             w(r)
 Number of core spatial orbitals:       16

 Total number of grid points:        36480
 Method for AO orthogonalization:        symmetric
 Threshold for linear dependence:        1.00e-08
 D3BJ dispersion energy:                -0.011774011

 -------------------------------------
  Running restricted closed-shell SCF 
 -------------------------------------
 Max number of iterations:             128
 Conv. threshold (gradient):             1.00e-05
 Conv. threshold (energy):               1.00e-06
 Interpolation scheme:                   adiis+cdiis
 Initial guess:                          SAD

 ---------------------------------------------------------------
                  energy        change          grad        time
 ---------------------------------------------------------------
   0      -542.829866297                    1.31e+01      181.68
   1      -542.963687790     -1.34e-01      3.96e-01       39.45
   2      -542.952622740      1.11e-02      4.77e-01       38.75
   3      -542.975293360     -2.27e-02      7.45e-02       38.62
   4      -542.974830186      4.63e-04      1.09e-01       39.03
   5      -542.976169478     -1.34e-03      7.51e-03       39.00
   6      -542.976134477      3.50e-05      6.16e-03       39.30
   7      -542.976143687     -9.21e-06      1.84e-03       39.19
   8      -542.976138403      5.28e-06      2.75e-04       39.03
   9      -542.976139080     -6.77e-07      1.05e-04       39.38
  10      -542.976139043      3.66e-08      3.15e-05       39.67
  11      -542.976139067     -2.38e-08      7.94e-06       38.87

 SCF converged in 11 iterations.

 Dipole moment (in Debye):               0.000934       0.000040       0.000038

 Quadrupole moment (in Debye-Angstrom):
                  1            2            3
 1       -84.573091     0.073608     2.257756
 2         0.073608   -92.205275     0.016436
 3         2.257756     0.016436   -90.094413

 Spin-squared expectation <S^2>:         0.000
 Total spin quantum number S:            0.000
 TOTAL ENERGY:                        -542.976139071

 --------------------------------------------------------------------------------

 End time:                               Sun Oct 24 17:57:51 2021
 Total wall-clock time:                662.141 seconds
==================================================================================
