
================================================================================
          _____________ ________ _______________ ________     _________         
         / ___________// ______ \\_____   _____// ______ \   / ________)        
        / /_________  / /      \ \     | |     / /      \ \ | (_______          
       |  __________|| |        | |    | |    | |        | | \________ \        
        \ \_________ | |        | |    | |     \ \______/ /___________) |       
         \__________||_|        |_|    |_|      \________//____________/        
                                                                                
====================================[ Qcore ]===================================

 Git describe: 2.3.0-1-g21d9df7e5
 Compiler:     GNU 9.1.0
 Build type:   Release
 Version:      2.3.0-1-g21d9df7e5

 Start time:   Sun Oct 24 17:47:16 2021

 Data directory: /work/zw18965/.local/qcore/share/entos/qcore/data
 Number of threads: 24
 Number of threads was determined by: command line argument

 --------------------------------------------------------------------------------
                                   command: dft                                  
 --------------------------------------------------------------------------------
 AO basis set:                           def2-tzvppd
 Number of AO basis functions:         107

 Formula:                                FCu
 Nuclear charge:                        38.000000000
 Total charge:                           0.000000000
 Number of electrons:                   38.000000000

 Number of alpha electrons:             19
 Number of beta electrons:              19
 Number of unpaired electrons:           0
 Spin:                                   0
 Multiplicity:                           singlet

 Theory:                                 dft
 Exchange-correlation functional:        0.5 b88 + 0.75 lyp
 Method for Coulomb:                     incore_df
 Method for exact exchange:              pre_transformed_df
 Integral threshold:                     1.00e-12
 DF basis set:                           def2-universal-jkfit
 Number of DF basis functions:         341
 Schwarz screening threshold:            1.00e-10
 Coulomb fitting method:                 Cholesky

 ------------------
  UW12 Correlation 
 ------------------
 Factor for UW12 correlation:            1.000000000
 Opposite spin scale factor:             0.250000000
 Same spin scale factor:                 0.500000000
 Calculate indirect contribution:        true
 Method for three electron term:         df_ri
 Auxiliary RI basis set:                 Def2-TZVPPD-RI
 Number of RI basis functions:         317
 Gaussians in geminal expansion:        10
 UW12 screening threshold:               1.00e-12
 Method for density-fitting:             w(r)
 Number of core spatial orbitals:       10

 Total number of grid points:        14748
 Method for AO orthogonalization:        symmetric
 Threshold for linear dependence:        1.00e-08
 D3BJ dispersion energy:                -0.000357672

 -------------------------------------
  Running restricted closed-shell SCF 
 -------------------------------------
 Max number of iterations:             128
 Conv. threshold (gradient):             1.00e-05
 Conv. threshold (energy):               1.00e-06
 Interpolation scheme:                   adiis+cdiis
 Initial guess:                          SAD

 ---------------------------------------------------------------
                  energy        change          grad        time
 ---------------------------------------------------------------
   0     -1740.199434763                    2.64e+00        3.48
   1     -1740.275891675     -7.65e-02      1.21e+00        0.75
   2     -1739.725552492      5.50e-01      3.12e+00        0.75
   3     -1740.357376372     -6.32e-01      7.35e-01        0.72
   4     -1740.377240933     -1.99e-02      4.65e-01        0.71
   5     -1740.389499741     -1.23e-02      1.34e-01        0.71
   6     -1740.388413284      1.09e-03      1.62e-01        0.81
   7     -1740.390579119     -2.17e-03      2.21e-02        0.80
   8     -1740.390216076      3.63e-04      4.06e-02        0.72
   9     -1740.390539823     -3.24e-04      1.01e-03        0.74
  10     -1740.390533274      6.55e-06      1.37e-04        0.73
  11     -1740.390533203      7.07e-08      3.31e-05        0.70
  12     -1740.390532966      2.37e-07      5.40e-06        0.69

 SCF converged in 12 iterations.

 Dipole moment (in Debye):              -0.000003      -0.000003       5.262425

 Quadrupole moment (in Debye-Angstrom):
                  1            2            3
 1       -16.880441     0.000001    -0.000002
 2         0.000001   -16.880441    -0.000002
 3        -0.000002    -0.000002   -19.177442

 Spin-squared expectation <S^2>:         0.000
 Total spin quantum number S:            0.000
 TOTAL ENERGY:                       -1740.390532958

 --------------------------------------------------------------------------------

 End time:                               Sun Oct 24 17:47:43 2021
 Total wall-clock time:                 26.992 seconds
==================================================================================
