
================================================================================
          _____________ ________ _______________ ________     _________         
         / ___________// ______ \\_____   _____// ______ \   / ________)        
        / /_________  / /      \ \     | |     / /      \ \ | (_______          
       |  __________|| |        | |    | |    | |        | | \________ \        
        \ \_________ | |        | |    | |     \ \______/ /___________) |       
         \__________||_|        |_|    |_|      \________//____________/        
                                                                                
====================================[ Qcore ]===================================

 Git describe: 2.3.0-1-g21d9df7e5
 Compiler:     GNU 9.1.0
 Build type:   Release
 Version:      2.3.0-1-g21d9df7e5

 Start time:   Sun Oct 24 17:47:47 2021

 Data directory: /work/zw18965/.local/qcore/share/entos/qcore/data
 Number of threads: 24
 Number of threads was determined by: command line argument

 --------------------------------------------------------------------------------
                                   command: dft                                  
 --------------------------------------------------------------------------------
 AO basis set:                           def2-tzvppd
 Number of AO basis functions:         134

 Formula:                                Cu2
 Nuclear charge:                        58.000000000
 Total charge:                           0.000000000
 Number of electrons:                   58.000000000

 Number of alpha electrons:             29
 Number of beta electrons:              29
 Number of unpaired electrons:           0
 Spin:                                   0
 Multiplicity:                           singlet

 Theory:                                 dft
 Exchange-correlation functional:        0.5 b88 + 0.75 lyp
 Method for Coulomb:                     incore_df
 Method for exact exchange:              pre_transformed_df
 Integral threshold:                     1.00e-12
 DF basis set:                           def2-universal-jkfit
 Number of DF basis functions:         528
 Schwarz screening threshold:            1.00e-10
 Coulomb fitting method:                 Cholesky

 ------------------
  UW12 Correlation 
 ------------------
 Factor for UW12 correlation:            1.000000000
 Opposite spin scale factor:             0.250000000
 Same spin scale factor:                 0.500000000
 Calculate indirect contribution:        true
 Method for three electron term:         df_ri
 Auxiliary RI basis set:                 Def2-TZVPPD-RI
 Number of RI basis functions:         450
 Gaussians in geminal expansion:        10
 UW12 screening threshold:               1.00e-12
 Method for density-fitting:             w(r)
 Number of core spatial orbitals:       18

 Total number of grid points:        15872
 Method for AO orthogonalization:        symmetric
 Threshold for linear dependence:        1.00e-08
 D3BJ dispersion energy:                -0.001418421

 -------------------------------------
  Running restricted closed-shell SCF 
 -------------------------------------
 Max number of iterations:             128
 Conv. threshold (gradient):             1.00e-05
 Conv. threshold (energy):               1.00e-06
 Interpolation scheme:                   adiis+cdiis
 Initial guess:                          SAD

 ---------------------------------------------------------------
                  energy        change          grad        time
 ---------------------------------------------------------------
   0     -3280.684352553                    3.16e+00        7.58
   1     -3280.966904843     -2.83e-01      2.06e-01        2.93
   2     -3280.960076871      6.83e-03      2.69e-01        3.04
   3     -3280.966170961     -6.09e-03      1.26e-01        3.02
   4     -3280.969397150     -3.23e-03      1.05e-01        2.94
   5     -3280.970009935     -6.13e-04      1.54e-02        2.84
   6     -3280.970318397     -3.08e-04      2.82e-02        3.05
   7     -3280.970151017      1.67e-04      2.87e-04        2.91
   8     -3280.970150630      3.87e-07      1.25e-04        2.88
   9     -3280.970151514     -8.83e-07      1.93e-05        2.99
  10     -3280.970151470      4.39e-08      1.36e-05        3.00
  11     -3280.970151416      5.33e-08      8.67e-07        2.93

 SCF converged in 11 iterations.

 Dipole moment (in Debye):              -0.000003      -0.000003      -0.000001

 Quadrupole moment (in Debye-Angstrom):
                  1            2            3
 1       -27.352938     0.000001     0.000001
 2         0.000001   -27.352938     0.000001
 3         0.000001     0.000001   -20.143198

 Spin-squared expectation <S^2>:         0.000
 Total spin quantum number S:            0.000
 TOTAL ENERGY:                       -3280.970151417

 --------------------------------------------------------------------------------

 End time:                               Sun Oct 24 17:48:43 2021
 Total wall-clock time:                 55.852 seconds
==================================================================================
