
================================================================================
          _____________ ________ _______________ ________     _________         
         / ___________// ______ \\_____   _____// ______ \   / ________)        
        / /_________  / /      \ \     | |     / /      \ \ | (_______          
       |  __________|| |        | |    | |    | |        | | \________ \        
        \ \_________ | |        | |    | |     \ \______/ /___________) |       
         \__________||_|        |_|    |_|      \________//____________/        
                                                                                
====================================[ Qcore ]===================================

 Git describe: 2.3.0-1-g21d9df7e5
 Compiler:     GNU 9.1.0
 Build type:   Release
 Version:      2.3.0-1-g21d9df7e5

 Start time:   Sun Oct 24 17:51:24 2021

 Data directory: /work/zw18965/.local/qcore/share/entos/qcore/data
 Number of threads: 24
 Number of threads was determined by: command line argument

 --------------------------------------------------------------------------------
                                   command: dft                                  
 --------------------------------------------------------------------------------
 AO basis set:                           def2-tzvppd
 Number of AO basis functions:         201

 Formula:                                Cu3+
 Nuclear charge:                        87.000000000
 Total charge:                           1.000000000
 Number of electrons:                   86.000000000

 Number of alpha electrons:             43
 Number of beta electrons:              43
 Number of unpaired electrons:           0
 Spin:                                   0
 Multiplicity:                           singlet

 Theory:                                 dft
 Exchange-correlation functional:        0.5 b88 + 0.75 lyp
 Method for Coulomb:                     incore_df
 Method for exact exchange:              pre_transformed_df
 Integral threshold:                     1.00e-12
 DF basis set:                           def2-universal-jkfit
 Number of DF basis functions:         792
 Schwarz screening threshold:            1.00e-10
 Coulomb fitting method:                 Cholesky

 ------------------
  UW12 Correlation 
 ------------------
 Factor for UW12 correlation:            1.000000000
 Opposite spin scale factor:             0.250000000
 Same spin scale factor:                 0.500000000
 Calculate indirect contribution:        true
 Method for three electron term:         df_ri
 Auxiliary RI basis set:                 Def2-TZVPPD-RI
 Number of RI basis functions:         675
 Gaussians in geminal expansion:        10
 UW12 screening threshold:               1.00e-12
 Method for density-fitting:             w(r)
 Number of core spatial orbitals:       27

 Total number of grid points:        23808
 Method for AO orthogonalization:        symmetric
 Threshold for linear dependence:        1.00e-08
 D3BJ dispersion energy:                -0.004164124

 -------------------------------------
  Running restricted closed-shell SCF 
 -------------------------------------
 Max number of iterations:             128
 Conv. threshold (gradient):             1.00e-05
 Conv. threshold (energy):               1.00e-06
 Interpolation scheme:                   adiis+cdiis
 Initial guess:                          SAD

 ---------------------------------------------------------------
                  energy        change          grad        time
 ---------------------------------------------------------------
   0     -4921.217777447                    6.64e+00       33.82
   1     -4921.248219924     -3.04e-02      2.56e-01       18.85
   2     -4921.249449993     -1.23e-03      8.97e-02       19.07
   3     -4921.249627959     -1.78e-04      1.10e-01       18.82
   4     -4921.249863706     -2.36e-04      2.38e-02       19.19
   5     -4921.249964432     -1.01e-04      4.81e-03       18.89
   6     -4921.249900025      6.44e-05      8.73e-04       18.82
   7     -4921.249901665     -1.64e-06      3.13e-04       18.80
   8     -4921.249899912      1.75e-06      7.16e-05       18.59
   9     -4921.249899717      1.96e-07      7.68e-05       18.67
  10     -4921.249899703      1.37e-08      1.20e-05       18.70
  11     -4921.249899797     -9.38e-08      1.79e-06       18.74

 SCF converged in 11 iterations.

 Dipole moment (in Debye):              -0.000001       0.000106      -0.000005

 Quadrupole moment (in Debye-Angstrom):
                  1            2            3
 1       -23.090579    -0.000001     0.000000
 2        -0.000001   -23.090406     0.000001
 3         0.000000     0.000001   -34.856500

 Spin-squared expectation <S^2>:         0.000
 Total spin quantum number S:            0.000
 TOTAL ENERGY:                       -4921.249899790

 --------------------------------------------------------------------------------

 End time:                               Sun Oct 24 17:55:59 2021
 Total wall-clock time:                274.589 seconds
==================================================================================
