
================================================================================
          _____________ ________ _______________ ________     _________         
         / ___________// ______ \\_____   _____// ______ \   / ________)        
        / /_________  / /      \ \     | |     / /      \ \ | (_______          
       |  __________|| |        | |    | |    | |        | | \________ \        
        \ \_________ | |        | |    | |     \ \______/ /___________) |       
         \__________||_|        |_|    |_|      \________//____________/        
                                                                                
====================================[ Qcore ]===================================

 Git describe: 2.3.0-1-g21d9df7e5
 Compiler:     GNU 9.1.0
 Build type:   Release
 Version:      2.3.0-1-g21d9df7e5

 Start time:   Sun Oct 24 17:52:18 2021

 Data directory: /work/zw18965/.local/qcore/share/entos/qcore/data
 Number of threads: 24
 Number of threads was determined by: command line argument

 --------------------------------------------------------------------------------
                                   command: dft                                  
 --------------------------------------------------------------------------------
 AO basis set:                           def2-tzvppd
 Number of AO basis functions:         201

 Formula:                                Cu3
 Nuclear charge:                        87.000000000
 Total charge:                           0.000000000
 Number of electrons:                   87.000000000

 Number of alpha electrons:             44
 Number of beta electrons:              43
 Number of unpaired electrons:           1
 Spin:                                   1
 Multiplicity:                           doublet

 Theory:                                 dft
 Exchange-correlation functional:        0.5 b88 + 0.75 lyp
 Method for Coulomb:                     incore_df
 Method for exact exchange:              pre_transformed_df
 Integral threshold:                     1.00e-12
 DF basis set:                           def2-universal-jkfit
 Number of DF basis functions:         792
 Schwarz screening threshold:            1.00e-10
 Coulomb fitting method:                 Cholesky

 ------------------
  UW12 Correlation 
 ------------------
 Factor for UW12 correlation:            1.000000000
 Opposite spin scale factor:             0.250000000
 Same spin scale factor:                 0.500000000
 Calculate indirect contribution:        true
 Method for three electron term:         df_ri
 Auxiliary RI basis set:                 Def2-TZVPPD-RI
 Number of RI basis functions:         675
 Gaussians in geminal expansion:        10
 UW12 screening threshold:               1.00e-12
 Method for density-fitting:             w(r)
 Number of core spatial orbitals:       27

 Total number of grid points:        23808
 Method for AO orthogonalization:        symmetric
 Threshold for linear dependence:        1.00e-08
 D3BJ dispersion energy:                -0.003277111

 -------------------------------------
  Running unrestricted open-shell SCF 
 -------------------------------------
 Max number of iterations:             128
 Conv. threshold (gradient):             1.00e-05
 Conv. threshold (energy):               1.00e-06
 Interpolation scheme:                   adiis+cdiis
 Initial guess:                          SAD

 ---------------------------------------------------------------
                  energy        change          grad        time
 ---------------------------------------------------------------
   0     -4921.188455348                    2.40e+00       51.14
   1     -4921.451561257     -2.63e-01      9.47e-02       37.40
   2     -4921.441466664      1.01e-02      2.12e-01       37.78
   3     -4921.453379355     -1.19e-02      4.58e-02       37.73
   4     -4921.453904891     -5.26e-04      1.73e-02       38.16
   5     -4921.454208466     -3.04e-04      1.15e-02       39.66
   6     -4921.454048717      1.60e-04      2.60e-03       38.48
   7     -4921.454068627     -1.99e-05      7.46e-04       38.21
   8     -4921.454061620      7.01e-06      1.73e-04       38.94
   9     -4921.454065358     -3.74e-06      4.72e-05       38.59
  10     -4921.454065836     -4.78e-07      2.32e-05       37.45
  11     -4921.454065490      3.46e-07      6.78e-06       37.04

 SCF converged in 11 iterations.

 Dipole moment (in Debye):              -0.000004      -0.000004       0.000002

 Quadrupole moment (in Debye-Angstrom):
                  1            2            3
 1       -40.633749    -0.000001     0.000001
 2        -0.000001   -40.633749     0.000001
 3         0.000001     0.000001   -29.460065

 Spin-squared expectation <S^2>:         0.771
 Total spin quantum number S:            0.510
 TOTAL ENERGY:                       -4921.454065495

 --------------------------------------------------------------------------------

 End time:                               Sun Oct 24 18:00:59 2021
 Total wall-clock time:                521.209 seconds
==================================================================================
