
================================================================================
          _____________ ________ _______________ ________     _________         
         / ___________// ______ \\_____   _____// ______ \   / ________)        
        / /_________  / /      \ \     | |     / /      \ \ | (_______          
       |  __________|| |        | |    | |    | |        | | \________ \        
        \ \_________ | |        | |    | |     \ \______/ /___________) |       
         \__________||_|        |_|    |_|      \________//____________/        
                                                                                
====================================[ Qcore ]===================================

 Git describe: 2.3.0-1-g21d9df7e5
 Compiler:     GNU 9.1.0
 Build type:   Release
 Version:      2.3.0-1-g21d9df7e5

 Start time:   Sun Oct 24 17:52:06 2021

 Data directory: /work/zw18965/.local/qcore/share/entos/qcore/data
 Number of threads: 24
 Number of threads was determined by: command line argument

 --------------------------------------------------------------------------------
                                   command: dft                                  
 --------------------------------------------------------------------------------
 AO basis set:                           def2-tzvppd
 Number of AO basis functions:         201

 Formula:                                Cu3+
 Nuclear charge:                        87.000000000
 Total charge:                           1.000000000
 Number of electrons:                   86.000000000

 Number of alpha electrons:             43
 Number of beta electrons:              43
 Number of unpaired electrons:           0
 Spin:                                   0
 Multiplicity:                           singlet

 Theory:                                 dft
 Exchange-correlation functional:        0.5 b88 + 0.75 lyp
 Method for Coulomb:                     incore_df
 Method for exact exchange:              pre_transformed_df
 Integral threshold:                     1.00e-12
 DF basis set:                           def2-universal-jkfit
 Number of DF basis functions:         792
 Schwarz screening threshold:            1.00e-10
 Coulomb fitting method:                 Cholesky

 ------------------
  UW12 Correlation 
 ------------------
 Factor for UW12 correlation:            1.000000000
 Opposite spin scale factor:             0.250000000
 Same spin scale factor:                 0.500000000
 Calculate indirect contribution:        true
 Method for three electron term:         df_ri
 Auxiliary RI basis set:                 Def2-TZVPPD-RI
 Number of RI basis functions:         675
 Gaussians in geminal expansion:        10
 UW12 screening threshold:               1.00e-12
 Method for density-fitting:             w(r)
 Number of core spatial orbitals:       27

 Total number of grid points:        23808
 Method for AO orthogonalization:        symmetric
 Threshold for linear dependence:        1.00e-08
 D3BJ dispersion energy:                -0.003233480

 -------------------------------------
  Running restricted closed-shell SCF 
 -------------------------------------
 Max number of iterations:             128
 Conv. threshold (gradient):             1.00e-05
 Conv. threshold (energy):               1.00e-06
 Interpolation scheme:                   adiis+cdiis
 Initial guess:                          SAD

 ---------------------------------------------------------------
                  energy        change          grad        time
 ---------------------------------------------------------------
   0     -4921.153230690                    4.43e+00       31.65
   1     -4921.182012679     -2.88e-02      1.59e-01       18.03
   2     -4921.176551790      5.46e-03      2.57e-01       18.16
   3     -4921.170535404      6.02e-03      3.58e-01       18.25
   4     -4921.184356757     -1.38e-02      3.53e-02       17.97
   5     -4921.182686736      1.67e-03      7.50e-02       17.73
   6     -4921.184283975     -1.60e-03      2.83e-03       18.05
   7     -4921.184261933      2.20e-05      6.39e-04       18.29
   8     -4921.184266124     -4.19e-06      1.30e-04       18.30
   9     -4921.184266187     -6.31e-08      4.62e-05       18.01
  10     -4921.184266476     -2.89e-07      7.23e-06       18.15

 SCF converged in 10 iterations.

 Dipole moment (in Debye):              -0.000005      -0.000005       0.000000

 Quadrupole moment (in Debye-Angstrom):
                  1            2            3
 1       -34.864333     0.000001    -0.000000
 2         0.000001   -34.864333    -0.000000
 3        -0.000000    -0.000000     3.841098

 Spin-squared expectation <S^2>:         0.000
 Total spin quantum number S:            0.000
 TOTAL ENERGY:                       -4921.184266460

 --------------------------------------------------------------------------------

 End time:                               Sun Oct 24 17:56:10 2021
 Total wall-clock time:                243.991 seconds
==================================================================================
