
================================================================================
          _____________ ________ _______________ ________     _________         
         / ___________// ______ \\_____   _____// ______ \   / ________)        
        / /_________  / /      \ \     | |     / /      \ \ | (_______          
       |  __________|| |        | |    | |    | |        | | \________ \        
        \ \_________ | |        | |    | |     \ \______/ /___________) |       
         \__________||_|        |_|    |_|      \________//____________/        
                                                                                
====================================[ Qcore ]===================================

 Git describe: 2.3.0-1-g21d9df7e5
 Compiler:     GNU 9.1.0
 Build type:   Release
 Version:      2.3.0-1-g21d9df7e5

 Start time:   Sun Oct 24 17:48:46 2021

 Data directory: /work/zw18965/.local/qcore/share/entos/qcore/data
 Number of threads: 24
 Number of threads was determined by: command line argument

 --------------------------------------------------------------------------------
                                   command: dft                                  
 --------------------------------------------------------------------------------
 AO basis set:                           def2-tzvppd
 Number of AO basis functions:         201

 Formula:                                Cu3
 Nuclear charge:                        87.000000000
 Total charge:                           0.000000000
 Number of electrons:                   87.000000000

 Number of alpha electrons:             44
 Number of beta electrons:              43
 Number of unpaired electrons:           1
 Spin:                                   1
 Multiplicity:                           doublet

 Theory:                                 dft
 Exchange-correlation functional:        0.5 b88 + 0.75 lyp
 Method for Coulomb:                     incore_df
 Method for exact exchange:              pre_transformed_df
 Integral threshold:                     1.00e-12
 DF basis set:                           def2-universal-jkfit
 Number of DF basis functions:         792
 Schwarz screening threshold:            1.00e-10
 Coulomb fitting method:                 Cholesky

 ------------------
  UW12 Correlation 
 ------------------
 Factor for UW12 correlation:            1.000000000
 Opposite spin scale factor:             0.250000000
 Same spin scale factor:                 0.500000000
 Calculate indirect contribution:        true
 Method for three electron term:         df_ri
 Auxiliary RI basis set:                 Def2-TZVPPD-RI
 Number of RI basis functions:         675
 Gaussians in geminal expansion:        10
 UW12 screening threshold:               1.00e-12
 Method for density-fitting:             w(r)
 Number of core spatial orbitals:       27

 Total number of grid points:        23808
 Method for AO orthogonalization:        symmetric
 Threshold for linear dependence:        1.00e-08
 D3BJ dispersion energy:                -0.004164994

 -------------------------------------
  Running unrestricted open-shell SCF 
 -------------------------------------
 Max number of iterations:             128
 Conv. threshold (gradient):             1.00e-05
 Conv. threshold (energy):               1.00e-06
 Interpolation scheme:                   adiis+cdiis
 Initial guess:                          SAD

 ---------------------------------------------------------------
                  energy        change          grad        time
 ---------------------------------------------------------------
   0     -4921.222033729                    3.34e+00       53.53
   1     -4921.458283327     -2.36e-01      1.35e-01       38.35
   2     -4921.453190855      5.09e-03      1.90e-01       38.60
   3     -4921.447051631      6.14e-03      2.28e-01       39.37
   4     -4921.462237239     -1.52e-02      6.06e-02       38.66
   5     -4921.459023272      3.21e-03      1.31e-01       38.59
   6     -4921.462553929     -3.53e-03      4.19e-03       38.50
   7     -4921.462561019     -7.09e-06      2.69e-03       39.61
   8     -4921.462542351      1.87e-05      1.10e-03       39.34
   9     -4921.462539708      2.64e-06      3.81e-04       38.23
  10     -4921.462540649     -9.41e-07      3.00e-04       39.19
  11     -4921.462541683     -1.03e-06      1.08e-04       38.85
  12     -4921.462542114     -4.31e-07      7.75e-05       39.36
  13     -4921.462541706      4.09e-07      1.26e-05       39.45
  14     -4921.462541517      1.89e-07      6.71e-06       38.69

 SCF converged in 14 iterations.

 Dipole moment (in Debye):              -0.009518      -0.860997      -0.000003

 Quadrupole moment (in Debye-Angstrom):
                  1            2            3
 1       -33.047561     0.054864    -0.000000
 2         0.054864   -44.113504     0.000003
 3        -0.000000     0.000003   -40.677935

 Spin-squared expectation <S^2>:         0.760
 Total spin quantum number S:            0.505
 TOTAL ENERGY:                       -4921.462541583

 --------------------------------------------------------------------------------

 End time:                               Sun Oct 24 17:59:38 2021
 Total wall-clock time:                652.369 seconds
==================================================================================
