
================================================================================
          _____________ ________ _______________ ________     _________         
         / ___________// ______ \\_____   _____// ______ \   / ________)        
        / /_________  / /      \ \     | |     / /      \ \ | (_______          
       |  __________|| |        | |    | |    | |        | | \________ \        
        \ \_________ | |        | |    | |     \ \______/ /___________) |       
         \__________||_|        |_|    |_|      \________//____________/        
                                                                                
====================================[ Qcore ]===================================

 Git describe: 2.3.0-1-g21d9df7e5
 Compiler:     GNU 9.1.0
 Build type:   Release
 Version:      2.3.0-1-g21d9df7e5

 Start time:   Sun Oct 24 17:56:03 2021

 Data directory: /work/zw18965/.local/qcore/share/entos/qcore/data
 Number of threads: 24
 Number of threads was determined by: command line argument

 --------------------------------------------------------------------------------
                                   command: dft                                  
 --------------------------------------------------------------------------------
 AO basis set:                           def2-tzvppd
 Number of AO basis functions:         285

 Formula:                                HCu4(2+)
 Nuclear charge:                       117.000000000
 Total charge:                           2.000000000
 Number of electrons:                  115.000000000

 Number of alpha electrons:             58
 Number of beta electrons:              57
 Number of unpaired electrons:           1
 Spin:                                   1
 Multiplicity:                           doublet

 Theory:                                 dft
 Exchange-correlation functional:        0.5 b88 + 0.75 lyp
 Method for Coulomb:                     incore_df
 Method for exact exchange:              pre_transformed_df
 Integral threshold:                     1.00e-12
 DF basis set:                           def2-universal-jkfit
 Number of DF basis functions:        1074
 Schwarz screening threshold:            1.00e-10
 Coulomb fitting method:                 Cholesky

 ------------------
  UW12 Correlation 
 ------------------
 Factor for UW12 correlation:            1.000000000
 Opposite spin scale factor:             0.250000000
 Same spin scale factor:                 0.500000000
 Calculate indirect contribution:        true
 Method for three electron term:         df_ri
 Auxiliary RI basis set:                 Def2-TZVPPD-RI
 Number of RI basis functions:         939
 Gaussians in geminal expansion:        10
 UW12 screening threshold:               1.00e-12
 Method for density-fitting:             w(r)
 Number of core spatial orbitals:       36

 Total number of grid points:        37634
 Method for AO orthogonalization:        symmetric
 Threshold for linear dependence:        1.00e-08
 D3BJ dispersion energy:                -0.008890200

 -------------------------------------
  Running unrestricted open-shell SCF 
 -------------------------------------
 Max number of iterations:             128
 Conv. threshold (gradient):             1.00e-05
 Conv. threshold (energy):               1.00e-06
 Interpolation scheme:                   adiis+cdiis
 Initial guess:                          SAD

 ---------------------------------------------------------------
                  energy        change          grad        time
 ---------------------------------------------------------------
   0     -6562.322069893                    5.19e+00      231.55
   1     -6561.791750479      5.30e-01      6.34e-01      171.06
   2     -6561.581902911      2.10e-01      1.24e+00      171.45
   3     -6561.862138324     -2.80e-01      1.88e-01      169.89
   4     -6561.850066165      1.21e-02      3.98e-01      170.27
   5     -6561.869020691     -1.90e-02      4.69e-02      171.96
   6     -6561.866423327      2.60e-03      5.54e-02      170.73
   7     -6561.869534415     -3.11e-03      1.84e-02      169.84
   8     -6561.869582215     -4.78e-05      1.33e-02      170.43
   9     -6561.869707149     -1.25e-04      6.07e-03      170.69
  10     -6561.869759709     -5.26e-05      1.46e-03      173.50
  11     -6561.869763526     -3.82e-06      4.59e-04      172.21
  12     -6561.869764777     -1.25e-06      1.77e-04      172.68
  13     -6561.869765725     -9.48e-07      1.25e-04      170.02
  14     -6561.869766908     -1.18e-06      3.27e-05      173.69
  15     -6561.869766858      4.96e-08      1.53e-05      170.25
  16     -6561.869766866     -7.88e-09      7.07e-06      171.46

 SCF converged in 16 iterations.

 Dipole moment (in Debye):              -0.000002       0.000107      -0.140050

 Quadrupole moment (in Debye-Angstrom):
                  1            2            3
 1       -29.667740    -0.000002    -0.000001
 2        -0.000002   -29.667517    -0.000024
 3        -0.000001    -0.000024   -27.885694

 Spin-squared expectation <S^2>:         0.758
 Total spin quantum number S:            0.504
 TOTAL ENERGY:                       -6561.869766876

 --------------------------------------------------------------------------------

 End time:                               Sun Oct 24 18:48:45 2021
 Total wall-clock time:               3162.040 seconds
==================================================================================
