
================================================================================
          _____________ ________ _______________ ________     _________         
         / ___________// ______ \\_____   _____// ______ \   / ________)        
        / /_________  / /      \ \     | |     / /      \ \ | (_______          
       |  __________|| |        | |    | |    | |        | | \________ \        
        \ \_________ | |        | |    | |     \ \______/ /___________) |       
         \__________||_|        |_|    |_|      \________//____________/        
                                                                                
====================================[ Qcore ]===================================

 Git describe: 2.3.0-1-g21d9df7e5
 Compiler:     GNU 9.1.0
 Build type:   Release
 Version:      2.3.0-1-g21d9df7e5

 Start time:   Sun Oct 24 18:01:03 2021

 Data directory: /work/zw18965/.local/qcore/share/entos/qcore/data
 Number of threads: 24
 Number of threads was determined by: command line argument

 --------------------------------------------------------------------------------
                                   command: dft                                  
 --------------------------------------------------------------------------------
 AO basis set:                           def2-tzvppd
 Number of AO basis functions:         356

 Formula:                                H3NCu4(2+)
 Nuclear charge:                       126.000000000
 Total charge:                           2.000000000
 Number of electrons:                  124.000000000

 Number of alpha electrons:             62
 Number of beta electrons:              62
 Number of unpaired electrons:           0
 Spin:                                   0
 Multiplicity:                           singlet

 Theory:                                 dft
 Exchange-correlation functional:        0.5 b88 + 0.75 lyp
 Method for Coulomb:                     incore_df
 Method for exact exchange:              pre_transformed_df
 Integral threshold:                     1.00e-12
 DF basis set:                           def2-universal-jkfit
 Number of DF basis functions:        1187
 Schwarz screening threshold:            1.00e-10
 Coulomb fitting method:                 Cholesky

 ------------------
  UW12 Correlation 
 ------------------
 Factor for UW12 correlation:            1.000000000
 Opposite spin scale factor:             0.250000000
 Same spin scale factor:                 0.500000000
 Calculate indirect contribution:        true
 Method for three electron term:         df_ri
 Auxiliary RI basis set:                 Def2-TZVPPD-RI
 Number of RI basis functions:        1109
 Gaussians in geminal expansion:        10
 UW12 screening threshold:               1.00e-12
 Method for density-fitting:             w(r)
 Number of core spatial orbitals:       37

 Total number of grid points:        56214
 Method for AO orthogonalization:        symmetric
 Threshold for linear dependence:        1.00e-08
 D3BJ dispersion energy:                -0.012125188

 -------------------------------------
  Running restricted closed-shell SCF 
 -------------------------------------
 Max number of iterations:             128
 Conv. threshold (gradient):             1.00e-05
 Conv. threshold (energy):               1.00e-06
 Interpolation scheme:                   adiis+cdiis
 Initial guess:                          SAD

 ---------------------------------------------------------------
                  energy        change          grad        time
 ---------------------------------------------------------------
   0     -6618.550025945                    1.17e+01      269.15
   1     -6617.903694943      6.46e-01      2.06e+00      170.03
   2     -6617.787206978      1.16e-01      3.26e+00      171.00
   3     -6617.980337447     -1.93e-01      4.00e-01      171.90
   4     -6617.970049048      1.03e-02      4.81e-01      169.93
   5     -6617.981537909     -1.15e-02      1.50e-01      170.64
   6     -6617.981059366      4.79e-04      2.04e-01      171.69
   7     -6617.981843497     -7.84e-04      3.09e-02      171.08
   8     -6617.981627737      2.16e-04      4.61e-02      175.12
   9     -6617.981807829     -1.80e-04      4.44e-04      172.39
  10     -6617.981807892     -6.34e-08      9.50e-05      171.52
  11     -6617.981808065     -1.73e-07      4.02e-05      172.94
  12     -6617.981807819      2.46e-07      1.54e-05      170.72
  13     -6617.981807776      4.21e-08      4.61e-06      171.08

 SCF converged in 13 iterations.

 Dipole moment (in Debye):               3.371085      -0.000940       0.000001

 Quadrupole moment (in Debye-Angstrom):
                  1            2            3
 1       -17.057270    -0.006206     0.000003
 2        -0.006206   -36.436711    -0.000005
 3         0.000003    -0.000005   -36.436700

 Spin-squared expectation <S^2>:         0.000
 Total spin quantum number S:            0.000
 TOTAL ENERGY:                       -6617.981807799

 --------------------------------------------------------------------------------

 End time:                               Sun Oct 24 18:45:49 2021
 Total wall-clock time:               2686.571 seconds
==================================================================================
