
================================================================================
          _____________ ________ _______________ ________     _________         
         / ___________// ______ \\_____   _____// ______ \   / ________)        
        / /_________  / /      \ \     | |     / /      \ \ | (_______          
       |  __________|| |        | |    | |    | |        | | \________ \        
        \ \_________ | |        | |    | |     \ \______/ /___________) |       
         \__________||_|        |_|    |_|      \________//____________/        
                                                                                
====================================[ Qcore ]===================================

 Git describe: 2.3.0-1-g21d9df7e5
 Compiler:     GNU 9.1.0
 Build type:   Release
 Version:      2.3.0-1-g21d9df7e5

 Start time:   Sun Oct 24 18:01:58 2021

 Data directory: /work/zw18965/.local/qcore/share/entos/qcore/data
 Number of threads: 24
 Number of threads was determined by: command line argument

 --------------------------------------------------------------------------------
                                   command: dft                                  
 --------------------------------------------------------------------------------
 AO basis set:                           def2-tzvppd
 Number of AO basis functions:         268

 Formula:                                Cu4
 Nuclear charge:                       116.000000000
 Total charge:                           0.000000000
 Number of electrons:                  116.000000000

 Number of alpha electrons:             58
 Number of beta electrons:              58
 Number of unpaired electrons:           0
 Spin:                                   0
 Multiplicity:                           singlet

 Theory:                                 dft
 Exchange-correlation functional:        0.5 b88 + 0.75 lyp
 Method for Coulomb:                     incore_df
 Method for exact exchange:              pre_transformed_df
 Integral threshold:                     1.00e-12
 DF basis set:                           def2-universal-jkfit
 Number of DF basis functions:        1056
 Schwarz screening threshold:            1.00e-10
 Coulomb fitting method:                 Cholesky

 ------------------
  UW12 Correlation 
 ------------------
 Factor for UW12 correlation:            1.000000000
 Opposite spin scale factor:             0.250000000
 Same spin scale factor:                 0.500000000
 Calculate indirect contribution:        true
 Method for three electron term:         df_ri
 Auxiliary RI basis set:                 Def2-TZVPPD-RI
 Number of RI basis functions:         900
 Gaussians in geminal expansion:        10
 UW12 screening threshold:               1.00e-12
 Method for density-fitting:             w(r)
 Number of core spatial orbitals:       36

 Total number of grid points:        31744
 Method for AO orthogonalization:        symmetric
 Threshold for linear dependence:        1.00e-08
 D3BJ dispersion energy:                -0.007616054

 -------------------------------------
  Running restricted closed-shell SCF 
 -------------------------------------
 Max number of iterations:             128
 Conv. threshold (gradient):             1.00e-05
 Conv. threshold (energy):               1.00e-06
 Interpolation scheme:                   adiis+cdiis
 Initial guess:                          SAD

 ---------------------------------------------------------------
                  energy        change          grad        time
 ---------------------------------------------------------------
   0     -6561.808162841                    9.94e+00      103.98
   1     -6562.004643632     -1.96e-01      3.17e-01       77.74
   2     -6561.996934827      7.71e-03      3.41e-01       76.28
   3     -6561.988866241      8.07e-03      4.57e-01       76.32
   4     -6562.007491245     -1.86e-02      1.63e-01       78.08
   5     -6562.004806970      2.68e-03      2.02e-01       76.87
   6     -6562.008132157     -3.33e-03      4.85e-02       76.59
   7     -6562.008720220     -5.88e-04      1.09e-01       76.11
   8     -6562.008822202     -1.02e-04      8.65e-04       76.74
   9     -6562.008814111      8.09e-06      3.58e-04       77.23
  10     -6562.008814481     -3.70e-07      2.82e-04       76.87
  11     -6562.008814868     -3.87e-07      8.42e-05       76.83
  12     -6562.008815409     -5.41e-07      1.71e-05       76.72
  13     -6562.008815344      6.47e-08      1.37e-05       75.04
  14     -6562.008815309      3.53e-08      5.48e-06       75.39

 SCF converged in 14 iterations.

 Dipole moment (in Debye):               0.002573       0.000234       0.000050

 Quadrupole moment (in Debye-Angstrom):
                  1            2            3
 1       -47.245292     0.590311     1.091705
 2         0.590311   -53.900502     0.070821
 3         1.091705     0.070821   -52.725779

 Spin-squared expectation <S^2>:         0.000
 Total spin quantum number S:            0.000
 TOTAL ENERGY:                       -6562.008815326

 --------------------------------------------------------------------------------

 End time:                               Sun Oct 24 18:23:05 2021
 Total wall-clock time:               1267.655 seconds
==================================================================================
