
================================================================================
          _____________ ________ _______________ ________     _________         
         / ___________// ______ \\_____   _____// ______ \   / ________)        
        / /_________  / /      \ \     | |     / /      \ \ | (_______          
       |  __________|| |        | |    | |    | |        | | \________ \        
        \ \_________ | |        | |    | |     \ \______/ /___________) |       
         \__________||_|        |_|    |_|      \________//____________/        
                                                                                
====================================[ Qcore ]===================================

 Git describe: 2.3.0-1-g21d9df7e5
 Compiler:     GNU 9.1.0
 Build type:   Release
 Version:      2.3.0-1-g21d9df7e5

 Start time:   Sun Oct 24 17:57:55 2021

 Data directory: /work/zw18965/.local/qcore/share/entos/qcore/data
 Number of threads: 24
 Number of threads was determined by: command line argument

 --------------------------------------------------------------------------------
                                   command: dft                                  
 --------------------------------------------------------------------------------
 AO basis set:                           def2-tzvppd
 Number of AO basis functions:         285

 Formula:                                HCu4(2+)
 Nuclear charge:                       117.000000000
 Total charge:                           2.000000000
 Number of electrons:                  115.000000000

 Number of alpha electrons:             58
 Number of beta electrons:              57
 Number of unpaired electrons:           1
 Spin:                                   1
 Multiplicity:                           doublet

 Theory:                                 dft
 Exchange-correlation functional:        0.5 b88 + 0.75 lyp
 Method for Coulomb:                     incore_df
 Method for exact exchange:              pre_transformed_df
 Integral threshold:                     1.00e-12
 DF basis set:                           def2-universal-jkfit
 Number of DF basis functions:        1074
 Schwarz screening threshold:            1.00e-10
 Coulomb fitting method:                 Cholesky

 ------------------
  UW12 Correlation 
 ------------------
 Factor for UW12 correlation:            1.000000000
 Opposite spin scale factor:             0.250000000
 Same spin scale factor:                 0.500000000
 Calculate indirect contribution:        true
 Method for three electron term:         df_ri
 Auxiliary RI basis set:                 Def2-TZVPPD-RI
 Number of RI basis functions:         939
 Gaussians in geminal expansion:        10
 UW12 screening threshold:               1.00e-12
 Method for density-fitting:             w(r)
 Number of core spatial orbitals:       36

 Total number of grid points:        37634
 Method for AO orthogonalization:        symmetric
 Threshold for linear dependence:        1.00e-08
 D3BJ dispersion energy:                -0.009340046

 -------------------------------------
  Running unrestricted open-shell SCF 
 -------------------------------------
 Max number of iterations:             128
 Conv. threshold (gradient):             1.00e-05
 Conv. threshold (energy):               1.00e-06
 Interpolation scheme:                   adiis+cdiis
 Initial guess:                          SAD

 ---------------------------------------------------------------
                  energy        change          grad        time
 ---------------------------------------------------------------
   0     -6562.474571564                    5.99e+00      195.31
   1     -6561.864019198      6.11e-01      3.00e-01      173.74
   2     -6561.778989729      8.50e-02      5.16e-01      172.67
   3     -6561.896137457     -1.17e-01      4.48e-02      170.33
   4     -6561.894768554      1.37e-03      8.41e-02      173.12
   5     -6561.895699486     -9.31e-04      2.97e-02      170.87
   6     -6561.895755589     -5.61e-05      4.80e-03      172.52
   7     -6561.895692607      6.30e-05      2.11e-03      172.76
   8     -6561.895694121     -1.51e-06      8.13e-04      171.43
   9     -6561.895702146     -8.03e-06      2.31e-04      170.70
  10     -6561.895702339     -1.93e-07      7.29e-05      170.67
  11     -6561.895702382     -4.31e-08      7.54e-05      172.66
  12     -6561.895702465     -8.34e-08      1.74e-05      170.90
  13     -6561.895702571     -1.06e-07      8.98e-06      170.86

 SCF converged in 13 iterations.

 Dipole moment (in Debye):              -0.000003       0.000093      -0.139762

 Quadrupole moment (in Debye-Angstrom):
                  1            2            3
 1       -29.277420    -0.000004     0.000000
 2        -0.000004   -29.277267    -0.000155
 3         0.000000    -0.000155   -31.274500

 Spin-squared expectation <S^2>:         0.756
 Total spin quantum number S:            0.503
 TOTAL ENERGY:                       -6561.895702609

 --------------------------------------------------------------------------------

 End time:                               Sun Oct 24 18:41:32 2021
 Total wall-clock time:               2616.844 seconds
==================================================================================
