
================================================================================
          _____________ ________ _______________ ________     _________         
         / ___________// ______ \\_____   _____// ______ \   / ________)        
        / /_________  / /      \ \     | |     / /      \ \ | (_______          
       |  __________|| |        | |    | |    | |        | | \________ \        
        \ \_________ | |        | |    | |     \ \______/ /___________) |       
         \__________||_|        |_|    |_|      \________//____________/        
                                                                                
====================================[ Qcore ]===================================

 Git describe: 2.3.0-1-g21d9df7e5
 Compiler:     GNU 9.1.0
 Build type:   Release
 Version:      2.3.0-1-g21d9df7e5

 Start time:   Sun Oct 24 17:56:14 2021

 Data directory: /work/zw18965/.local/qcore/share/entos/qcore/data
 Number of threads: 24
 Number of threads was determined by: command line argument

 --------------------------------------------------------------------------------
                                   command: dft                                  
 --------------------------------------------------------------------------------
 AO basis set:                           def2-tzvppd
 Number of AO basis functions:         285

 Formula:                                HCu4(2+)
 Nuclear charge:                       117.000000000
 Total charge:                           2.000000000
 Number of electrons:                  115.000000000

 Number of alpha electrons:             58
 Number of beta electrons:              57
 Number of unpaired electrons:           1
 Spin:                                   1
 Multiplicity:                           doublet

 Theory:                                 dft
 Exchange-correlation functional:        0.5 b88 + 0.75 lyp
 Method for Coulomb:                     incore_df
 Method for exact exchange:              pre_transformed_df
 Integral threshold:                     1.00e-12
 DF basis set:                           def2-universal-jkfit
 Number of DF basis functions:        1074
 Schwarz screening threshold:            1.00e-10
 Coulomb fitting method:                 Cholesky

 ------------------
  UW12 Correlation 
 ------------------
 Factor for UW12 correlation:            1.000000000
 Opposite spin scale factor:             0.250000000
 Same spin scale factor:                 0.500000000
 Calculate indirect contribution:        true
 Method for three electron term:         df_ri
 Auxiliary RI basis set:                 Def2-TZVPPD-RI
 Number of RI basis functions:         939
 Gaussians in geminal expansion:        10
 UW12 screening threshold:               1.00e-12
 Method for density-fitting:             w(r)
 Number of core spatial orbitals:       36

 Total number of grid points:        37634
 Method for AO orthogonalization:        symmetric
 Threshold for linear dependence:        1.00e-08
 D3BJ dispersion energy:                -0.009221851

 -------------------------------------
  Running unrestricted open-shell SCF 
 -------------------------------------
 Max number of iterations:             128
 Conv. threshold (gradient):             1.00e-05
 Conv. threshold (energy):               1.00e-06
 Interpolation scheme:                   adiis+cdiis
 Initial guess:                          SAD

 ---------------------------------------------------------------
                  energy        change          grad        time
 ---------------------------------------------------------------
   0     -6562.409582607                    5.91e+00      226.33
   1     -6561.854591803      5.55e-01      3.67e-01      170.42
   2     -6561.740130249      1.14e-01      8.12e-01      169.85
   3     -6561.893106679     -1.53e-01      9.22e-02      170.03
   4     -6561.893092890      1.38e-05      7.31e-02      171.12
   5     -6561.893834997     -7.42e-04      2.99e-02      172.62
   6     -6561.894067698     -2.33e-04      7.82e-03      171.90
   7     -6561.893983185      8.45e-05      4.01e-03      170.65
   8     -6561.893988919     -5.73e-06      1.42e-03      170.80
   9     -6561.893997552     -8.63e-06      9.52e-04      171.35
  10     -6561.893999165     -1.61e-06      4.16e-04      168.69
  11     -6561.893999616     -4.51e-07      7.88e-05      168.15
  12     -6561.893998938      6.78e-07      7.40e-05      167.90
  13     -6561.893998849      8.93e-08      3.59e-05      169.30
  14     -6561.893999066     -2.17e-07      1.02e-05      169.34
  15     -6561.893999009      5.68e-08      5.36e-06      170.56

 SCF converged in 15 iterations.

 Dipole moment (in Debye):              -0.454309       0.001336      -0.003166

 Quadrupole moment (in Debye-Angstrom):
                  1            2            3
 1       -30.003789     0.004046    -0.007346
 2         0.004046   -28.819643    -0.059912
 3        -0.007346    -0.059912   -30.240055

 Spin-squared expectation <S^2>:         0.758
 Total spin quantum number S:            0.504
 TOTAL ENERGY:                       -6561.893998961

 --------------------------------------------------------------------------------

 End time:                               Sun Oct 24 18:45:36 2021
 Total wall-clock time:               2961.972 seconds
==================================================================================
