
================================================================================
          _____________ ________ _______________ ________     _________         
         / ___________// ______ \\_____   _____// ______ \   / ________)        
        / /_________  / /      \ \     | |     / /      \ \ | (_______          
       |  __________|| |        | |    | |    | |        | | \________ \        
        \ \_________ | |        | |    | |     \ \______/ /___________) |       
         \__________||_|        |_|    |_|      \________//____________/        
                                                                                
====================================[ Qcore ]===================================

 Git describe: 2.3.0-1-g21d9df7e5
 Compiler:     GNU 9.1.0
 Build type:   Release
 Version:      2.3.0-1-g21d9df7e5

 Start time:   Sun Oct 24 18:00:13 2021

 Data directory: /work/zw18965/.local/qcore/share/entos/qcore/data
 Number of threads: 24
 Number of threads was determined by: command line argument

 --------------------------------------------------------------------------------
                                   command: dft                                  
 --------------------------------------------------------------------------------
 AO basis set:                           def2-tzvppd
 Number of AO basis functions:         356

 Formula:                                H3NCu4(2+)
 Nuclear charge:                       126.000000000
 Total charge:                           2.000000000
 Number of electrons:                  124.000000000

 Number of alpha electrons:             62
 Number of beta electrons:              62
 Number of unpaired electrons:           0
 Spin:                                   0
 Multiplicity:                           singlet

 Theory:                                 dft
 Exchange-correlation functional:        0.5 b88 + 0.75 lyp
 Method for Coulomb:                     incore_df
 Method for exact exchange:              pre_transformed_df
 Integral threshold:                     1.00e-12
 DF basis set:                           def2-universal-jkfit
 Number of DF basis functions:        1187
 Schwarz screening threshold:            1.00e-10
 Coulomb fitting method:                 Cholesky

 ------------------
  UW12 Correlation 
 ------------------
 Factor for UW12 correlation:            1.000000000
 Opposite spin scale factor:             0.250000000
 Same spin scale factor:                 0.500000000
 Calculate indirect contribution:        true
 Method for three electron term:         df_ri
 Auxiliary RI basis set:                 Def2-TZVPPD-RI
 Number of RI basis functions:        1109
 Gaussians in geminal expansion:        10
 UW12 screening threshold:               1.00e-12
 Method for density-fitting:             w(r)
 Number of core spatial orbitals:       37

 Total number of grid points:        56214
 Method for AO orthogonalization:        symmetric
 Threshold for linear dependence:        1.00e-08
 D3BJ dispersion energy:                -0.011036059

 -------------------------------------
  Running restricted closed-shell SCF 
 -------------------------------------
 Max number of iterations:             128
 Conv. threshold (gradient):             1.00e-05
 Conv. threshold (energy):               1.00e-06
 Interpolation scheme:                   adiis+cdiis
 Initial guess:                          SAD

 ---------------------------------------------------------------
                  energy        change          grad        time
 ---------------------------------------------------------------
   0     -6618.675642096                    1.35e+01      254.06
   1     -6617.973666501      7.02e-01      1.92e+00      170.57
   2     -6617.910445874      6.32e-02      2.42e+00      172.92
   3     -6618.033698720     -1.23e-01      3.08e-01      170.70
   4     -6618.000160835      3.35e-02      8.04e-01      171.20
   5     -6618.032435386     -3.23e-02      1.69e-01      171.91
   6     -6618.036377270     -3.94e-03      4.81e-02      173.45
   7     -6618.035134156      1.24e-03      5.08e-02      171.64
   8     -6618.036020662     -8.87e-04      1.28e-03      171.60
   9     -6618.036016959      3.70e-06      7.90e-04      172.33
  10     -6618.036015914      1.04e-06      1.11e-04      171.78
  11     -6618.036015505      4.09e-07      8.14e-05      171.21
  12     -6618.036015469      3.62e-08      3.29e-05      171.60
  13     -6618.036015472     -3.00e-09      6.79e-06      170.38

 SCF converged in 13 iterations.

 Dipole moment (in Debye):               0.568084       3.282263      -0.000006

 Quadrupole moment (in Debye-Angstrom):
                  1            2            3
 1       -35.128403     4.378523     0.000003
 2         4.378523   -10.661322     0.000002
 3         0.000003     0.000002   -35.884199

 Spin-squared expectation <S^2>:         0.000
 Total spin quantum number S:            0.000
 TOTAL ENERGY:                       -6618.036015500

 --------------------------------------------------------------------------------

 End time:                               Sun Oct 24 18:44:47 2021
 Total wall-clock time:               2673.798 seconds
==================================================================================
