
================================================================================
          _____________ ________ _______________ ________     _________         
         / ___________// ______ \\_____   _____// ______ \   / ________)        
        / /_________  / /      \ \     | |     / /      \ \ | (_______          
       |  __________|| |        | |    | |    | |        | | \________ \        
        \ \_________ | |        | |    | |     \ \______/ /___________) |       
         \__________||_|        |_|    |_|      \________//____________/        
                                                                                
====================================[ Qcore ]===================================

 Git describe: 2.3.0-1-g21d9df7e5
 Compiler:     GNU 9.1.0
 Build type:   Release
 Version:      2.3.0-1-g21d9df7e5

 Start time:   Sun Oct 24 18:00:10 2021

 Data directory: /work/zw18965/.local/qcore/share/entos/qcore/data
 Number of threads: 24
 Number of threads was determined by: command line argument

 --------------------------------------------------------------------------------
                                   command: dft                                  
 --------------------------------------------------------------------------------
 AO basis set:                           def2-tzvppd
 Number of AO basis functions:         268

 Formula:                                Cu4(2+)
 Nuclear charge:                       116.000000000
 Total charge:                           2.000000000
 Number of electrons:                  114.000000000

 Number of alpha electrons:             57
 Number of beta electrons:              57
 Number of unpaired electrons:           0
 Spin:                                   0
 Multiplicity:                           singlet

 Theory:                                 dft
 Exchange-correlation functional:        0.5 b88 + 0.75 lyp
 Method for Coulomb:                     incore_df
 Method for exact exchange:              pre_transformed_df
 Integral threshold:                     1.00e-12
 DF basis set:                           def2-universal-jkfit
 Number of DF basis functions:        1056
 Schwarz screening threshold:            1.00e-10
 Coulomb fitting method:                 Cholesky

 ------------------
  UW12 Correlation 
 ------------------
 Factor for UW12 correlation:            1.000000000
 Opposite spin scale factor:             0.250000000
 Same spin scale factor:                 0.500000000
 Calculate indirect contribution:        true
 Method for three electron term:         df_ri
 Auxiliary RI basis set:                 Def2-TZVPPD-RI
 Number of RI basis functions:         900
 Gaussians in geminal expansion:        10
 UW12 screening threshold:               1.00e-12
 Method for density-fitting:             w(r)
 Number of core spatial orbitals:       36

 Total number of grid points:        31744
 Method for AO orthogonalization:        symmetric
 Threshold for linear dependence:        1.00e-08
 D3BJ dispersion energy:                -0.008284229

 -------------------------------------
  Running restricted closed-shell SCF 
 -------------------------------------
 Max number of iterations:             128
 Conv. threshold (gradient):             1.00e-05
 Conv. threshold (energy):               1.00e-06
 Interpolation scheme:                   adiis+cdiis
 Initial guess:                          SAD

 ---------------------------------------------------------------
                  energy        change          grad        time
 ---------------------------------------------------------------
   0     -6561.802210663                    9.67e+00      104.34
   1     -6561.330749646      4.71e-01      4.07e-01       70.04
   2     -6561.307286887      2.35e-02      3.81e-01       71.14
   3     -6561.339278134     -3.20e-02      1.96e-01       71.35
   4     -6561.339649059     -3.71e-04      1.03e-01       70.93
   5     -6561.343596880     -3.95e-03      5.76e-02       70.42
   6     -6561.342756009      8.41e-04      2.92e-02       71.15
   7     -6561.343260451     -5.04e-04      1.14e-03       71.45
   8     -6561.343252638      7.81e-06      2.01e-04       71.40
   9     -6561.343253233     -5.95e-07      5.40e-05       71.72
  10     -6561.343252718      5.15e-07      1.50e-05       70.60
  11     -6561.343252742     -2.40e-08      1.00e-05       71.45
  12     -6561.343252756     -1.45e-08      3.82e-06       71.63

 SCF converged in 12 iterations.

 Dipole moment (in Debye):              -0.000003       0.000008      -0.000014

 Quadrupole moment (in Debye-Angstrom):
                  1            2            3
 1       -28.439242    -0.000018    -0.000008
 2        -0.000018   -28.440124    -0.000050
 3        -0.000008    -0.000050   -28.439502

 Spin-squared expectation <S^2>:         0.000
 Total spin quantum number S:            0.000
 TOTAL ENERGY:                       -6561.343252761

 --------------------------------------------------------------------------------

 End time:                               Sun Oct 24 18:17:34 2021
 Total wall-clock time:               1043.673 seconds
==================================================================================
