
================================================================================
          _____________ ________ _______________ ________     _________         
         / ___________// ______ \\_____   _____// ______ \   / ________)        
        / /_________  / /      \ \     | |     / /      \ \ | (_______          
       |  __________|| |        | |    | |    | |        | | \________ \        
        \ \_________ | |        | |    | |     \ \______/ /___________) |       
         \__________||_|        |_|    |_|      \________//____________/        
                                                                                
====================================[ Qcore ]===================================

 Git describe: 2.3.0
 Compiler:     GNU 9.1.0
 Build type:   Release
 Version:      2.3.0

 Start time:   Fri Oct 22 17:53:26 2021

 Data directory: /work/zw18965/.local/qcore/share/entos/qcore/data
 Number of threads: 24
 Number of threads was determined by: command line argument

 --------------------------------------------------------------------------------
                                   command: dft                                  
 --------------------------------------------------------------------------------
 AO basis set:                           def2-tzvppd
 Number of AO basis functions:          96
 ECP on atom 1 (Ag):                     28 electrons

 Formula:                                FAg
 Nuclear charge:                        56.000000000
 Total charge:                           0.000000000
 Number of core electrons:              28
 Number of treated electrons:           28

 Number of alpha electrons:             14
 Number of beta electrons:              14
 Number of unpaired electrons:           0
 Spin:                                   0
 Multiplicity:                           singlet

 Theory:                                 dft
 Exchange-correlation functional:        wb97xd3

 Using range separated hybrid functional
 Range separation parameter:             0.250000000
 Short range exact exchange:             0.195728000
 Total long range exact exchange:        1.000000000

 Method for Coulomb:                     incore_df
 Method for exact exchange:              pre_transformed_df
 Integral threshold:                     1.00e-12
 DF basis set:                           def2-universal-jkfit
 Number of DF basis functions:         332
 Schwarz screening threshold:            1.00e-10
 Coulomb fitting method:                 Cholesky
 Total number of grid points:        15310
 Method for AO orthogonalization:        symmetric
 Threshold for linear dependence:        1.00e-08
 D3 dispersion energy:                  -0.000010583

 -------------------------------------
  Running restricted closed-shell SCF 
 -------------------------------------
 Max number of iterations:             128
 Conv. threshold (gradient):             1.00e-05
 Conv. threshold (energy):               1.00e-06
 Interpolation scheme:                   adiis+cdiis
 Initial guess:                          SAD

 ---------------------------------------------------------------
                  energy        change          grad        time
 ---------------------------------------------------------------
   0      -246.710817891                    1.76e+00        0.01
   1      -246.768973314     -5.82e-02      1.16e+00        0.01
   2      -246.504232778      2.65e-01      2.22e+00        0.01
   3      -246.872756803     -3.69e-01      4.12e-01        0.01
   4      -246.863631578      9.13e-03      5.62e-01        0.01
   5      -246.884207056     -2.06e-02      7.18e-02        0.01
   6      -246.883927478      2.80e-04      9.98e-02        0.01
   7      -246.884615138     -6.88e-04      3.97e-03        0.01
   8      -246.884618938     -3.80e-06      2.03e-03        0.01
   9      -246.884620441     -1.50e-06      6.45e-04        0.01
  10      -246.884620706     -2.64e-07      1.53e-04        0.01
  11      -246.884620725     -1.92e-08      2.63e-05        0.01
  12      -246.884620725     -3.00e-10      1.06e-05        0.01
  13      -246.884620725     -3.58e-11      1.63e-06        0.01

 SCF converged in 13 iterations.

 Dipole moment (in Debye):               0.000000       0.000000       5.952814

 Quadrupole moment (in Debye-Angstrom):
                  1            2            3
 1       -22.809129    -0.000000     0.000000
 2        -0.000000   -22.809129     0.000000
 3         0.000000     0.000000   -28.636235

 Spin-squared expectation <S^2>:         0.000
 Total spin quantum number S:            0.000
 TOTAL ENERGY:                        -246.884620725

 --------------------------------------------------------------------------------

 End time:                               Fri Oct 22 17:53:27 2021
 Total wall-clock time:                  1.032 seconds
==================================================================================
