
================================================================================
          _____________ ________ _______________ ________     _________         
         / ___________// ______ \\_____   _____// ______ \   / ________)        
        / /_________  / /      \ \     | |     / /      \ \ | (_______          
       |  __________|| |        | |    | |    | |        | | \________ \        
        \ \_________ | |        | |    | |     \ \______/ /___________) |       
         \__________||_|        |_|    |_|      \________//____________/        
                                                                                
====================================[ Qcore ]===================================

 Git describe: 2.3.0
 Compiler:     GNU 9.1.0
 Build type:   Release
 Version:      2.3.0

 Start time:   Fri Oct 22 17:53:30 2021

 Data directory: /work/zw18965/.local/qcore/share/entos/qcore/data
 Number of threads: 24
 Number of threads was determined by: command line argument

 --------------------------------------------------------------------------------
                                   command: dft                                  
 --------------------------------------------------------------------------------
 AO basis set:                           def2-tzvppd
 Number of AO basis functions:         168
 ECP on atom 1 (Ag):                     28 electrons
 ECP on atom 2 (Ag):                     28 electrons
 ECP on atom 3 (Ag):                     28 electrons

 Formula:                                Ag3+
 Nuclear charge:                       141.000000000
 Total charge:                           1.000000000
 Number of core electrons:              84
 Number of treated electrons:           56

 Number of alpha electrons:             28
 Number of beta electrons:              28
 Number of unpaired electrons:           0
 Spin:                                   0
 Multiplicity:                           singlet

 Theory:                                 dft
 Exchange-correlation functional:        wb97xd3

 Using range separated hybrid functional
 Range separation parameter:             0.250000000
 Short range exact exchange:             0.195728000
 Total long range exact exchange:        1.000000000

 Method for Coulomb:                     incore_df
 Method for exact exchange:              pre_transformed_df
 Integral threshold:                     1.00e-12
 DF basis set:                           def2-universal-jkfit
 Number of DF basis functions:         765
 Schwarz screening threshold:            1.00e-10
 Coulomb fitting method:                 Cholesky
 Total number of grid points:        25494
 Method for AO orthogonalization:        symmetric
 Threshold for linear dependence:        1.00e-08
 D3 dispersion energy:                  -0.000195269

 -------------------------------------
  Running restricted closed-shell SCF 
 -------------------------------------
 Max number of iterations:             128
 Conv. threshold (gradient):             1.00e-05
 Conv. threshold (energy):               1.00e-06
 Interpolation scheme:                   adiis+cdiis
 Initial guess:                          SAD

 ---------------------------------------------------------------
                  energy        change          grad        time
 ---------------------------------------------------------------
   0      -441.234056574                    4.23e+00        0.04
   1      -440.899441672      3.35e-01      2.39e-01        0.03
   2      -440.911819794     -1.24e-02      1.28e-01        0.02
   3      -440.912447744     -6.28e-04      1.21e-01        0.02
   4      -440.918193125     -5.75e-03      1.88e-02        0.03
   5      -440.918270981     -7.79e-05      1.34e-02        0.03
   6      -440.918353131     -8.22e-05      2.05e-03        0.03
   7      -440.918354425     -1.29e-06      3.97e-04        0.03
   8      -440.918354477     -5.24e-08      8.51e-05        0.03
   9      -440.918354481     -4.42e-09      2.31e-05        0.03
  10      -440.918354482     -3.34e-10      8.15e-06        0.03

 SCF converged in 10 iterations.

 Dipole moment (in Debye):               0.000000       0.000691       0.000001

 Quadrupole moment (in Debye-Angstrom):
                  1            2            3
 1       -39.164543    -0.000001     0.000001
 2        -0.000001   -39.165621     0.000000
 3         0.000001     0.000000   -53.824842

 Spin-squared expectation <S^2>:         0.000
 Total spin quantum number S:            0.000
 TOTAL ENERGY:                        -440.918354482

 --------------------------------------------------------------------------------

 End time:                               Fri Oct 22 17:53:31 2021
 Total wall-clock time:                  1.547 seconds
==================================================================================
