
================================================================================
          _____________ ________ _______________ ________     _________         
         / ___________// ______ \\_____   _____// ______ \   / ________)        
        / /_________  / /      \ \     | |     / /      \ \ | (_______          
       |  __________|| |        | |    | |    | |        | | \________ \        
        \ \_________ | |        | |    | |     \ \______/ /___________) |       
         \__________||_|        |_|    |_|      \________//____________/        
                                                                                
====================================[ Qcore ]===================================

 Git describe: 2.3.0
 Compiler:     GNU 9.1.0
 Build type:   Release
 Version:      2.3.0

 Start time:   Fri Oct 22 17:53:31 2021

 Data directory: /work/zw18965/.local/qcore/share/entos/qcore/data
 Number of threads: 24
 Number of threads was determined by: command line argument

 --------------------------------------------------------------------------------
                                   command: dft                                  
 --------------------------------------------------------------------------------
 AO basis set:                           def2-tzvppd
 Number of AO basis functions:         168
 ECP on atom 1 (Ag):                     28 electrons
 ECP on atom 2 (Ag):                     28 electrons
 ECP on atom 3 (Ag):                     28 electrons

 Formula:                                Ag3+
 Nuclear charge:                       141.000000000
 Total charge:                           1.000000000
 Number of core electrons:              84
 Number of treated electrons:           56

 Number of alpha electrons:             28
 Number of beta electrons:              28
 Number of unpaired electrons:           0
 Spin:                                   0
 Multiplicity:                           singlet

 Theory:                                 dft
 Exchange-correlation functional:        wb97xd3

 Using range separated hybrid functional
 Range separation parameter:             0.250000000
 Short range exact exchange:             0.195728000
 Total long range exact exchange:        1.000000000

 Method for Coulomb:                     incore_df
 Method for exact exchange:              pre_transformed_df
 Integral threshold:                     1.00e-12
 DF basis set:                           def2-universal-jkfit
 Number of DF basis functions:         765
 Schwarz screening threshold:            1.00e-10
 Coulomb fitting method:                 Cholesky
 Total number of grid points:        25494
 Method for AO orthogonalization:        symmetric
 Threshold for linear dependence:        1.00e-08
 D3 dispersion energy:                  -0.000587584

 -------------------------------------
  Running restricted closed-shell SCF 
 -------------------------------------
 Max number of iterations:             128
 Conv. threshold (gradient):             1.00e-05
 Conv. threshold (energy):               1.00e-06
 Interpolation scheme:                   adiis+cdiis
 Initial guess:                          SAD

 ---------------------------------------------------------------
                  energy        change          grad        time
 ---------------------------------------------------------------
   0      -441.126694877                    2.95e+00        0.03
   1      -440.845922009      2.81e-01      1.54e-01        0.03
   2      -440.854564134     -8.64e-03      1.04e-01        0.03
   3      -440.854890833     -3.27e-04      1.08e-01        0.03
   4      -440.859826321     -4.94e-03      1.17e-02        0.03
   5      -440.859894740     -6.84e-05      8.96e-03        0.03
   6      -440.859935197     -4.05e-05      1.17e-03        0.03
   7      -440.859936323     -1.13e-06      5.19e-04        0.02
   8      -440.859936381     -5.86e-08      1.53e-04        0.02
   9      -440.859936392     -1.10e-08      3.26e-05        0.02
  10      -440.859936393     -6.23e-10      1.25e-05        0.03
  11      -440.859936393     -9.29e-11      2.18e-06        0.02

 SCF converged in 11 iterations.

 Dipole moment (in Debye):               0.000001       0.000001      -0.000001

 Quadrupole moment (in Debye-Angstrom):
                  1            2            3
 1       -53.909973    -0.000000    -0.000001
 2        -0.000000   -53.909973    -0.000001
 3        -0.000001    -0.000001    -3.575034

 Spin-squared expectation <S^2>:         0.000
 Total spin quantum number S:            0.000
 TOTAL ENERGY:                        -440.859936393

 --------------------------------------------------------------------------------

 End time:                               Fri Oct 22 17:53:33 2021
 Total wall-clock time:                  1.524 seconds
==================================================================================
