
================================================================================
          _____________ ________ _______________ ________     _________         
         / ___________// ______ \\_____   _____// ______ \   / ________)        
        / /_________  / /      \ \     | |     / /      \ \ | (_______          
       |  __________|| |        | |    | |    | |        | | \________ \        
        \ \_________ | |        | |    | |     \ \______/ /___________) |       
         \__________||_|        |_|    |_|      \________//____________/        
                                                                                
====================================[ Qcore ]===================================

 Git describe: 2.3.0
 Compiler:     GNU 9.1.0
 Build type:   Release
 Version:      2.3.0

 Start time:   Fri Oct 22 17:53:35 2021

 Data directory: /work/zw18965/.local/qcore/share/entos/qcore/data
 Number of threads: 24
 Number of threads was determined by: command line argument

 --------------------------------------------------------------------------------
                                   command: dft                                  
 --------------------------------------------------------------------------------
 AO basis set:                           def2-tzvppd
 Number of AO basis functions:         168
 ECP on atom 1 (Ag):                     28 electrons
 ECP on atom 2 (Ag):                     28 electrons
 ECP on atom 3 (Ag):                     28 electrons

 Formula:                                Ag3
 Nuclear charge:                       141.000000000
 Total charge:                           0.000000000
 Number of core electrons:              84
 Number of treated electrons:           57

 Number of alpha electrons:             29
 Number of beta electrons:              28
 Number of unpaired electrons:           1
 Spin:                                   1
 Multiplicity:                           doublet

 Theory:                                 dft
 Exchange-correlation functional:        wb97xd3

 Using range separated hybrid functional
 Range separation parameter:             0.250000000
 Short range exact exchange:             0.195728000
 Total long range exact exchange:        1.000000000

 Method for Coulomb:                     incore_df
 Method for exact exchange:              pre_transformed_df
 Integral threshold:                     1.00e-12
 DF basis set:                           def2-universal-jkfit
 Number of DF basis functions:         765
 Schwarz screening threshold:            1.00e-10
 Coulomb fitting method:                 Cholesky
 Total number of grid points:        25494
 Method for AO orthogonalization:        symmetric
 Threshold for linear dependence:        1.00e-08
 D3 dispersion energy:                  -0.000609494

 -------------------------------------
  Running unrestricted open-shell SCF 
 -------------------------------------
 Max number of iterations:             128
 Conv. threshold (gradient):             1.00e-05
 Conv. threshold (energy):               1.00e-06
 Interpolation scheme:                   adiis+cdiis
 Initial guess:                          SAD

 ---------------------------------------------------------------
                  energy        change          grad        time
 ---------------------------------------------------------------
   0      -441.146392319                    1.58e+00        0.05
   1      -441.107174332      3.92e-02      6.39e-02        0.04
   2      -441.111820986     -4.65e-03      4.03e-02        0.04
   3      -441.113695231     -1.87e-03      1.70e-02        0.04
   4      -441.114187005     -4.92e-04      7.47e-03        0.04
   5      -441.114320705     -1.34e-04      3.14e-03        0.04
   6      -441.114347375     -2.67e-05      1.50e-03        0.04
   7      -441.114350540     -3.16e-06      7.46e-04        0.04
   8      -441.114352264     -1.72e-06      2.52e-04        0.04
   9      -441.114352572     -3.08e-07      7.03e-05        0.04
  10      -441.114352602     -3.07e-08      1.47e-05        0.04
  11      -441.114352603     -7.11e-10      4.42e-06        0.04

 SCF converged in 11 iterations.

 Dipole moment (in Debye):               0.000001       0.000001       0.000001

 Quadrupole moment (in Debye-Angstrom):
                  1            2            3
 1       -60.346546    -0.000000     0.000000
 2        -0.000000   -60.346546     0.000000
 3         0.000000     0.000000   -44.796977

 Spin-squared expectation <S^2>:         0.788
 Total spin quantum number S:            0.519
 TOTAL ENERGY:                        -441.114352603

 --------------------------------------------------------------------------------

 End time:                               Fri Oct 22 17:53:37 2021
 Total wall-clock time:                  1.695 seconds
==================================================================================
