
================================================================================
          _____________ ________ _______________ ________     _________         
         / ___________// ______ \\_____   _____// ______ \   / ________)        
        / /_________  / /      \ \     | |     / /      \ \ | (_______          
       |  __________|| |        | |    | |    | |        | | \________ \        
        \ \_________ | |        | |    | |     \ \______/ /___________) |       
         \__________||_|        |_|    |_|      \________//____________/        
                                                                                
====================================[ Qcore ]===================================

 Git describe: 2.3.0
 Compiler:     GNU 9.1.0
 Build type:   Release
 Version:      2.3.0

 Start time:   Fri Oct 22 17:53:33 2021

 Data directory: /work/zw18965/.local/qcore/share/entos/qcore/data
 Number of threads: 24
 Number of threads was determined by: command line argument

 --------------------------------------------------------------------------------
                                   command: dft                                  
 --------------------------------------------------------------------------------
 AO basis set:                           def2-tzvppd
 Number of AO basis functions:         168
 ECP on atom 1 (Ag):                     28 electrons
 ECP on atom 2 (Ag):                     28 electrons
 ECP on atom 3 (Ag):                     28 electrons

 Formula:                                Ag3
 Nuclear charge:                       141.000000000
 Total charge:                           0.000000000
 Number of core electrons:              84
 Number of treated electrons:           57

 Number of alpha electrons:             29
 Number of beta electrons:              28
 Number of unpaired electrons:           1
 Spin:                                   1
 Multiplicity:                           doublet

 Theory:                                 dft
 Exchange-correlation functional:        wb97xd3

 Using range separated hybrid functional
 Range separation parameter:             0.250000000
 Short range exact exchange:             0.195728000
 Total long range exact exchange:        1.000000000

 Method for Coulomb:                     incore_df
 Method for exact exchange:              pre_transformed_df
 Integral threshold:                     1.00e-12
 DF basis set:                           def2-universal-jkfit
 Number of DF basis functions:         765
 Schwarz screening threshold:            1.00e-10
 Coulomb fitting method:                 Cholesky
 Total number of grid points:        25494
 Method for AO orthogonalization:        symmetric
 Threshold for linear dependence:        1.00e-08
 D3 dispersion energy:                  -0.000199461

 -------------------------------------
  Running unrestricted open-shell SCF 
 -------------------------------------
 Max number of iterations:             128
 Conv. threshold (gradient):             1.00e-05
 Conv. threshold (energy):               1.00e-06
 Interpolation scheme:                   adiis+cdiis
 Initial guess:                          SAD

 ---------------------------------------------------------------
                  energy        change          grad        time
 ---------------------------------------------------------------
   0      -441.228967918                    2.09e+00        0.05
   1      -441.103713785      1.25e-01      8.29e-02        0.04
   2      -441.109587558     -5.87e-03      7.30e-02        0.04
   3      -441.112762724     -3.18e-03      1.79e-02        0.04
   4      -441.113195574     -4.33e-04      7.97e-03        0.04
   5      -441.113318225     -1.23e-04      4.80e-03        0.04
   6      -441.113342736     -2.45e-05      1.79e-03        0.04
   7      -441.113348239     -5.50e-06      8.96e-04        0.04
   8      -441.113349879     -1.64e-06      3.33e-04        0.04
   9      -441.113350157     -2.78e-07      2.03e-04        0.04
  10      -441.113350231     -7.35e-08      6.86e-05        0.04
  11      -441.113350240     -9.30e-09      1.94e-05        0.04
  12      -441.113350241     -6.42e-10      1.17e-05        0.04
  13      -441.113350241     -1.73e-10      4.64e-06        0.04

 SCF converged in 13 iterations.

 Dipole moment (in Debye):              -0.000875      -1.214539       0.000001

 Quadrupole moment (in Debye-Angstrom):
                  1            2            3
 1       -50.313657     0.005511     0.000001
 2         0.005511   -64.518191     0.000001
 3         0.000001     0.000001   -60.470299

 Spin-squared expectation <S^2>:         0.762
 Total spin quantum number S:            0.506
 TOTAL ENERGY:                        -441.113350241

 --------------------------------------------------------------------------------

 End time:                               Fri Oct 22 17:53:35 2021
 Total wall-clock time:                  1.784 seconds
==================================================================================
