
================================================================================
          _____________ ________ _______________ ________     _________         
         / ___________// ______ \\_____   _____// ______ \   / ________)        
        / /_________  / /      \ \     | |     / /      \ \ | (_______          
       |  __________|| |        | |    | |    | |        | | \________ \        
        \ \_________ | |        | |    | |     \ \______/ /___________) |       
         \__________||_|        |_|    |_|      \________//____________/        
                                                                                
====================================[ Qcore ]===================================

 Git describe: 2.3.0
 Compiler:     GNU 9.1.0
 Build type:   Release
 Version:      2.3.0

 Start time:   Fri Oct 22 17:53:37 2021

 Data directory: /work/zw18965/.local/qcore/share/entos/qcore/data
 Number of threads: 24
 Number of threads was determined by: command line argument

 --------------------------------------------------------------------------------
                                   command: dft                                  
 --------------------------------------------------------------------------------
 AO basis set:                           def2-tzvppd
 Number of AO basis functions:         241
 ECP on atom 1 (Ag):                     28 electrons
 ECP on atom 2 (Ag):                     28 electrons
 ECP on atom 3 (Ag):                     28 electrons
 ECP on atom 4 (Ag):                     28 electrons

 Formula:                                HAg4(2+)
 Nuclear charge:                       189.000000000
 Total charge:                           2.000000000
 Number of core electrons:             112
 Number of treated electrons:           75

 Number of alpha electrons:             38
 Number of beta electrons:              37
 Number of unpaired electrons:           1
 Spin:                                   1
 Multiplicity:                           doublet

 Theory:                                 dft
 Exchange-correlation functional:        wb97xd3

 Using range separated hybrid functional
 Range separation parameter:             0.250000000
 Short range exact exchange:             0.195728000
 Total long range exact exchange:        1.000000000

 Method for Coulomb:                     incore_df
 Method for exact exchange:              pre_transformed_df
 Integral threshold:                     1.00e-12
 DF basis set:                           def2-universal-jkfit
 Number of DF basis functions:        1038
 Schwarz screening threshold:            1.00e-10
 Coulomb fitting method:                 Cholesky
 Total number of grid points:        39882
 Method for AO orthogonalization:        symmetric
 Threshold for linear dependence:        1.00e-08
 D3 dispersion energy:                  -0.000968768

 -------------------------------------
  Running unrestricted open-shell SCF 
 -------------------------------------
 Max number of iterations:             128
 Conv. threshold (gradient):             1.00e-05
 Conv. threshold (energy):               1.00e-06
 Interpolation scheme:                   adiis+cdiis
 Initial guess:                          SAD

 ---------------------------------------------------------------
                  energy        change          grad        time
 ---------------------------------------------------------------
   0      -588.867294482                    3.07e+00        0.15
   1      -588.025317235      8.42e-01      2.82e-01        0.11
   2      -588.061271553     -3.60e-02      3.15e-01        0.09
   3      -588.082478446     -2.12e-02      2.57e-01        0.10
   4      -588.101120759     -1.86e-02      9.52e-02        0.09
   5      -588.100693136      4.28e-04      1.23e-01        0.09
   6      -588.104619801     -3.93e-03      1.37e-02        0.09
   7      -588.104795053     -1.75e-04      5.09e-03        0.09
   8      -588.104817984     -2.29e-05      2.03e-03        0.09
   9      -588.104821694     -3.71e-06      6.85e-04        0.09
  10      -588.104822315     -6.21e-07      2.11e-04        0.09
  11      -588.104822371     -5.61e-08      1.09e-04        0.09
  12      -588.104822389     -1.81e-08      6.43e-05        0.09
  13      -588.104822392     -2.74e-09      2.65e-05        0.09
  14      -588.104822392     -4.47e-10      1.38e-05        0.10
  15      -588.104822392     -1.22e-10      7.52e-06        0.09

 SCF converged in 15 iterations.

 Dipole moment (in Debye):               0.000001      -0.000071       0.167843

 Quadrupole moment (in Debye-Angstrom):
                  1            2            3
 1       -50.694365    -0.000000    -0.000000
 2        -0.000000   -50.694292    -0.000165
 3        -0.000000    -0.000165   -47.656780

 Spin-squared expectation <S^2>:         0.757
 Total spin quantum number S:            0.503
 TOTAL ENERGY:                        -588.104822393

 --------------------------------------------------------------------------------

 End time:                               Fri Oct 22 17:53:40 2021
 Total wall-clock time:                  3.658 seconds
==================================================================================
