
================================================================================
          _____________ ________ _______________ ________     _________         
         / ___________// ______ \\_____   _____// ______ \   / ________)        
        / /_________  / /      \ \     | |     / /      \ \ | (_______          
       |  __________|| |        | |    | |    | |        | | \________ \        
        \ \_________ | |        | |    | |     \ \______/ /___________) |       
         \__________||_|        |_|    |_|      \________//____________/        
                                                                                
====================================[ Qcore ]===================================

 Git describe: 2.3.0
 Compiler:     GNU 9.1.0
 Build type:   Release
 Version:      2.3.0

 Start time:   Fri Oct 22 17:54:00 2021

 Data directory: /work/zw18965/.local/qcore/share/entos/qcore/data
 Number of threads: 24
 Number of threads was determined by: command line argument

 --------------------------------------------------------------------------------
                                   command: dft                                  
 --------------------------------------------------------------------------------
 AO basis set:                           def2-tzvppd
 Number of AO basis functions:         224
 ECP on atom 1 (Ag):                     28 electrons
 ECP on atom 2 (Ag):                     28 electrons
 ECP on atom 3 (Ag):                     28 electrons
 ECP on atom 4 (Ag):                     28 electrons

 Formula:                                Ag4
 Nuclear charge:                       188.000000000
 Total charge:                           0.000000000
 Number of core electrons:             112
 Number of treated electrons:           76

 Number of alpha electrons:             38
 Number of beta electrons:              38
 Number of unpaired electrons:           0
 Spin:                                   0
 Multiplicity:                           singlet

 Theory:                                 dft
 Exchange-correlation functional:        wb97xd3

 Using range separated hybrid functional
 Range separation parameter:             0.250000000
 Short range exact exchange:             0.195728000
 Total long range exact exchange:        1.000000000

 Method for Coulomb:                     incore_df
 Method for exact exchange:              pre_transformed_df
 Integral threshold:                     1.00e-12
 DF basis set:                           def2-universal-jkfit
 Number of DF basis functions:        1020
 Schwarz screening threshold:            1.00e-10
 Coulomb fitting method:                 Cholesky
 Total number of grid points:        33992
 Method for AO orthogonalization:        symmetric
 Threshold for linear dependence:        1.00e-08
 D3 dispersion energy:                  -0.001094392

 -------------------------------------
  Running restricted closed-shell SCF 
 -------------------------------------
 Max number of iterations:             128
 Conv. threshold (gradient):             1.00e-05
 Conv. threshold (energy):               1.00e-06
 Interpolation scheme:                   adiis+cdiis
 Initial guess:                          SAD

 ---------------------------------------------------------------
                  energy        change          grad        time
 ---------------------------------------------------------------
   0      -588.358780041                    6.32e+00        0.07
   1      -588.187007420      1.72e-01      2.41e-01        0.07
   2      -588.195273415     -8.27e-03      2.06e-01        0.05
   3      -588.195638364     -3.65e-04      2.10e-01        0.05
   4      -588.200631354     -4.99e-03      2.60e-02        0.05
   5      -588.200665421     -3.41e-05      2.66e-02        0.05
   6      -588.200809827     -1.44e-04      2.51e-03        0.05
   7      -588.200812085     -2.26e-06      7.52e-04        0.05
   8      -588.200812390     -3.05e-07      2.57e-04        0.05
   9      -588.200812421     -3.14e-08      1.34e-04        0.05
  10      -588.200812428     -6.62e-09      3.88e-05        0.05
  11      -588.200812428     -7.34e-10      1.05e-05        0.05
  12      -588.200812429     -4.33e-11      2.78e-06        0.05

 SCF converged in 12 iterations.

 Dipole moment (in Debye):              -0.003815       0.000713       0.001989

 Quadrupole moment (in Debye-Angstrom):
                  1            2            3
 1       -74.607485     1.767350    -3.849544
 2         1.767350   -78.039320    -1.678354
 3        -3.849544    -1.678354   -77.813467

 Spin-squared expectation <S^2>:         0.000
 Total spin quantum number S:            0.000
 TOTAL ENERGY:                        -588.200812429

 --------------------------------------------------------------------------------

 End time:                               Fri Oct 22 17:54:02 2021
 Total wall-clock time:                  2.547 seconds
==================================================================================
