
================================================================================
          _____________ ________ _______________ ________     _________         
         / ___________// ______ \\_____   _____// ______ \   / ________)        
        / /_________  / /      \ \     | |     / /      \ \ | (_______          
       |  __________|| |        | |    | |    | |        | | \________ \        
        \ \_________ | |        | |    | |     \ \______/ /___________) |       
         \__________||_|        |_|    |_|      \________//____________/        
                                                                                
====================================[ Qcore ]===================================

 Git describe: 2.3.0
 Compiler:     GNU 9.1.0
 Build type:   Release
 Version:      2.3.0

 Start time:   Fri Oct 22 17:53:55 2021

 Data directory: /work/zw18965/.local/qcore/share/entos/qcore/data
 Number of threads: 24
 Number of threads was determined by: command line argument

 --------------------------------------------------------------------------------
                                   command: dft                                  
 --------------------------------------------------------------------------------
 AO basis set:                           def2-tzvppd
 Number of AO basis functions:         312
 ECP on atom 1 (Ag):                     28 electrons
 ECP on atom 2 (Ag):                     28 electrons
 ECP on atom 3 (Ag):                     28 electrons
 ECP on atom 4 (Ag):                     28 electrons

 Formula:                                H3NAg4(2+)
 Nuclear charge:                       198.000000000
 Total charge:                           2.000000000
 Number of core electrons:             112
 Number of treated electrons:           84

 Number of alpha electrons:             42
 Number of beta electrons:              42
 Number of unpaired electrons:           0
 Spin:                                   0
 Multiplicity:                           singlet

 Theory:                                 dft
 Exchange-correlation functional:        wb97xd3

 Using range separated hybrid functional
 Range separation parameter:             0.250000000
 Short range exact exchange:             0.195728000
 Total long range exact exchange:        1.000000000

 Method for Coulomb:                     incore_df
 Method for exact exchange:              pre_transformed_df
 Integral threshold:                     1.00e-12
 DF basis set:                           def2-universal-jkfit
 Number of DF basis functions:        1151
 Schwarz screening threshold:            1.00e-10
 Coulomb fitting method:                 Cholesky
 Total number of grid points:        58462
 Method for AO orthogonalization:        symmetric
 Threshold for linear dependence:        1.00e-08
 D3 dispersion energy:                  -0.002979582

 -------------------------------------
  Running restricted closed-shell SCF 
 -------------------------------------
 Max number of iterations:             128
 Conv. threshold (gradient):             1.00e-05
 Conv. threshold (energy):               1.00e-06
 Interpolation scheme:                   adiis+cdiis
 Initial guess:                          SAD

 ---------------------------------------------------------------
                  energy        change          grad        time
 ---------------------------------------------------------------
   0      -644.961435879                    9.14e+00        0.18
   1      -644.115654442      8.46e-01      1.41e+00        0.12
   2      -644.142095555     -2.64e-02      1.42e+00        0.10
   3      -644.187143012     -4.50e-02      5.18e-01        0.10
   4      -644.188655278     -1.51e-03      4.85e-01        0.11
   5      -644.194593897     -5.94e-03      4.85e-02        0.11
   6      -644.194630063     -3.62e-05      5.24e-02        0.12
   7      -644.194716673     -8.66e-05      1.42e-03        0.12
   8      -644.194717183     -5.10e-07      4.45e-04        0.11
   9      -644.194717243     -5.96e-08      1.47e-04        0.11
  10      -644.194717249     -6.33e-09      6.60e-05        0.11
  11      -644.194717250     -1.20e-09      2.28e-05        0.11
  12      -644.194717251     -1.68e-10      8.18e-06        0.12

 SCF converged in 12 iterations.

 Dipole moment (in Debye):               0.000000      -0.000386      -3.518230

 Quadrupole moment (in Debye-Angstrom):
                  1            2            3
 1       -57.390346     0.000001     0.000000
 2         0.000001   -57.388108     0.003105
 3         0.000000     0.003105   -37.465695

 Spin-squared expectation <S^2>:         0.000
 Total spin quantum number S:            0.000
 TOTAL ENERGY:                        -644.194717251

 --------------------------------------------------------------------------------

 End time:                               Fri Oct 22 17:54:00 2021
 Total wall-clock time:                  4.465 seconds
==================================================================================
