
================================================================================
          _____________ ________ _______________ ________     _________         
         / ___________// ______ \\_____   _____// ______ \   / ________)        
        / /_________  / /      \ \     | |     / /      \ \ | (_______          
       |  __________|| |        | |    | |    | |        | | \________ \        
        \ \_________ | |        | |    | |     \ \______/ /___________) |       
         \__________||_|        |_|    |_|      \________//____________/        
                                                                                
====================================[ Qcore ]===================================

 Git describe: 2.3.0
 Compiler:     GNU 9.1.0
 Build type:   Release
 Version:      2.3.0

 Start time:   Fri Oct 22 17:53:48 2021

 Data directory: /work/zw18965/.local/qcore/share/entos/qcore/data
 Number of threads: 24
 Number of threads was determined by: command line argument

 --------------------------------------------------------------------------------
                                   command: dft                                  
 --------------------------------------------------------------------------------
 AO basis set:                           def2-tzvppd
 Number of AO basis functions:         224
 ECP on atom 1 (Ag):                     28 electrons
 ECP on atom 2 (Ag):                     28 electrons
 ECP on atom 3 (Ag):                     28 electrons
 ECP on atom 4 (Ag):                     28 electrons

 Formula:                                Ag4(2+)
 Nuclear charge:                       188.000000000
 Total charge:                           2.000000000
 Number of core electrons:             112
 Number of treated electrons:           74

 Number of alpha electrons:             37
 Number of beta electrons:              37
 Number of unpaired electrons:           0
 Spin:                                   0
 Multiplicity:                           singlet

 Theory:                                 dft
 Exchange-correlation functional:        wb97xd3

 Using range separated hybrid functional
 Range separation parameter:             0.250000000
 Short range exact exchange:             0.195728000
 Total long range exact exchange:        1.000000000

 Method for Coulomb:                     incore_df
 Method for exact exchange:              pre_transformed_df
 Integral threshold:                     1.00e-12
 DF basis set:                           def2-universal-jkfit
 Number of DF basis functions:        1020
 Schwarz screening threshold:            1.00e-10
 Coulomb fitting method:                 Cholesky
 Total number of grid points:        33992
 Method for AO orthogonalization:        symmetric
 Threshold for linear dependence:        1.00e-08
 D3 dispersion energy:                  -0.000608855

 -------------------------------------
  Running restricted closed-shell SCF 
 -------------------------------------
 Max number of iterations:             128
 Conv. threshold (gradient):             1.00e-05
 Conv. threshold (energy):               1.00e-06
 Interpolation scheme:                   adiis+cdiis
 Initial guess:                          SAD

 ---------------------------------------------------------------
                  energy        change          grad        time
 ---------------------------------------------------------------
   0      -588.359697543                    5.47e+00        0.07
   1      -587.540672952      8.19e-01      4.55e-01        0.06
   2      -587.569983785     -2.93e-02      2.32e-01        0.05
   3      -587.570745806     -7.62e-04      2.20e-01        0.05
   4      -587.586822238     -1.61e-02      2.43e-02        0.06
   5      -587.586941478     -1.19e-04      1.32e-02        0.06
   6      -587.587014561     -7.31e-05      3.17e-03        0.05
   7      -587.587016452     -1.89e-06      7.34e-04        0.05
   8      -587.587016595     -1.42e-07      1.70e-04        0.06
   9      -587.587016607     -1.23e-08      2.74e-05        0.06
  10      -587.587016607     -4.54e-10      1.75e-05        0.05
  11      -587.587016607     -4.52e-11      2.56e-06        0.05

 SCF converged in 11 iterations.

 Dipole moment (in Debye):               0.000001      -0.000512      -0.000138

 Quadrupole moment (in Debye-Angstrom):
                  1            2            3
 1       -49.245068    -0.000005    -0.000007
 2        -0.000005   -49.243389    -0.000199
 3        -0.000007    -0.000199   -49.245651

 Spin-squared expectation <S^2>:         0.000
 Total spin quantum number S:            0.000
 TOTAL ENERGY:                        -587.587016607

 --------------------------------------------------------------------------------

 End time:                               Fri Oct 22 17:53:51 2021
 Total wall-clock time:                  2.587 seconds
==================================================================================
