
================================================================================
          _____________ ________ _______________ ________     _________         
         / ___________// ______ \\_____   _____// ______ \   / ________)        
        / /_________  / /      \ \     | |     / /      \ \ | (_______          
       |  __________|| |        | |    | |    | |        | | \________ \        
        \ \_________ | |        | |    | |     \ \______/ /___________) |       
         \__________||_|        |_|    |_|      \________//____________/        
                                                                                
====================================[ Qcore ]===================================

 Git describe: 2.3.0
 Compiler:     GNU 9.1.0
 Build type:   Release
 Version:      2.3.0

 Start time:   Fri Oct 22 17:53:40 2021

 Data directory: /work/zw18965/.local/qcore/share/entos/qcore/data
 Number of threads: 24
 Number of threads was determined by: command line argument

 --------------------------------------------------------------------------------
                                   command: dft                                  
 --------------------------------------------------------------------------------
 AO basis set:                           def2-tzvppd
 Number of AO basis functions:         241
 ECP on atom 1 (Ag):                     28 electrons
 ECP on atom 2 (Ag):                     28 electrons
 ECP on atom 3 (Ag):                     28 electrons
 ECP on atom 4 (Ag):                     28 electrons

 Formula:                                HAg4(2+)
 Nuclear charge:                       189.000000000
 Total charge:                           2.000000000
 Number of core electrons:             112
 Number of treated electrons:           75

 Number of alpha electrons:             38
 Number of beta electrons:              37
 Number of unpaired electrons:           1
 Spin:                                   1
 Multiplicity:                           doublet

 Theory:                                 dft
 Exchange-correlation functional:        wb97xd3

 Using range separated hybrid functional
 Range separation parameter:             0.250000000
 Short range exact exchange:             0.195728000
 Total long range exact exchange:        1.000000000

 Method for Coulomb:                     incore_df
 Method for exact exchange:              pre_transformed_df
 Integral threshold:                     1.00e-12
 DF basis set:                           def2-universal-jkfit
 Number of DF basis functions:        1038
 Schwarz screening threshold:            1.00e-10
 Coulomb fitting method:                 Cholesky
 Total number of grid points:        39882
 Method for AO orthogonalization:        symmetric
 Threshold for linear dependence:        1.00e-08
 D3 dispersion energy:                  -0.001185380

 -------------------------------------
  Running unrestricted open-shell SCF 
 -------------------------------------
 Max number of iterations:             128
 Conv. threshold (gradient):             1.00e-05
 Conv. threshold (energy):               1.00e-06
 Interpolation scheme:                   adiis+cdiis
 Initial guess:                          SAD

 ---------------------------------------------------------------
                  energy        change          grad        time
 ---------------------------------------------------------------
   0      -588.912870132                    3.31e+00        0.15
   1      -588.060321389      8.53e-01      2.63e-01        0.12
   2      -588.093903975     -3.36e-02      2.36e-01        0.09
   3      -588.106678284     -1.28e-02      1.88e-01        0.10
   4      -588.123176209     -1.65e-02      4.79e-02        0.10
   5      -588.123104626      7.16e-05      5.25e-02        0.10
   6      -588.124241810     -1.14e-03      3.98e-03        0.10
   7      -588.124254797     -1.30e-05      1.45e-03        0.10
   8      -588.124256068     -1.27e-06      9.91e-04        0.10
   9      -588.124256638     -5.70e-07      3.35e-04        0.10
  10      -588.124256721     -8.33e-08      1.76e-04        0.10
  11      -588.124256752     -3.08e-08      7.78e-05        0.11
  12      -588.124256762     -1.04e-08      2.73e-05        0.10
  13      -588.124256763     -1.23e-09      1.48e-05        0.12
  14      -588.124256764     -3.34e-10      4.54e-06        0.11

 SCF converged in 14 iterations.

 Dipole moment (in Debye):              -0.000001       0.000001      -0.870195

 Quadrupole moment (in Debye-Angstrom):
                  1            2            3
 1       -50.916856    -0.000000     0.000001
 2        -0.000000   -49.388000     0.000001
 3         0.000001     0.000001   -50.993121

 Spin-squared expectation <S^2>:         0.762
 Total spin quantum number S:            0.506
 TOTAL ENERGY:                        -588.124256764

 --------------------------------------------------------------------------------

 End time:                               Fri Oct 22 17:53:44 2021
 Total wall-clock time:                  3.695 seconds
==================================================================================
