
================================================================================
          _____________ ________ _______________ ________     _________         
         / ___________// ______ \\_____   _____// ______ \   / ________)        
        / /_________  / /      \ \     | |     / /      \ \ | (_______          
       |  __________|| |        | |    | |    | |        | | \________ \        
        \ \_________ | |        | |    | |     \ \______/ /___________) |       
         \__________||_|        |_|    |_|      \________//____________/        
                                                                                
====================================[ Qcore ]===================================

 Git describe: 2.3.0
 Compiler:     GNU 9.1.0
 Build type:   Release
 Version:      2.3.0

 Start time:   Fri Oct 22 17:53:44 2021

 Data directory: /work/zw18965/.local/qcore/share/entos/qcore/data
 Number of threads: 24
 Number of threads was determined by: command line argument

 --------------------------------------------------------------------------------
                                   command: dft                                  
 --------------------------------------------------------------------------------
 AO basis set:                           def2-tzvppd
 Number of AO basis functions:         241
 ECP on atom 1 (Ag):                     28 electrons
 ECP on atom 2 (Ag):                     28 electrons
 ECP on atom 3 (Ag):                     28 electrons
 ECP on atom 4 (Ag):                     28 electrons

 Formula:                                HAg4(2+)
 Nuclear charge:                       189.000000000
 Total charge:                           2.000000000
 Number of core electrons:             112
 Number of treated electrons:           75

 Number of alpha electrons:             38
 Number of beta electrons:              37
 Number of unpaired electrons:           1
 Spin:                                   1
 Multiplicity:                           doublet

 Theory:                                 dft
 Exchange-correlation functional:        wb97xd3

 Using range separated hybrid functional
 Range separation parameter:             0.250000000
 Short range exact exchange:             0.195728000
 Total long range exact exchange:        1.000000000

 Method for Coulomb:                     incore_df
 Method for exact exchange:              pre_transformed_df
 Integral threshold:                     1.00e-12
 DF basis set:                           def2-universal-jkfit
 Number of DF basis functions:        1038
 Schwarz screening threshold:            1.00e-10
 Coulomb fitting method:                 Cholesky
 Total number of grid points:        39882
 Method for AO orthogonalization:        symmetric
 Threshold for linear dependence:        1.00e-08
 D3 dispersion energy:                  -0.000951040

 -------------------------------------
  Running unrestricted open-shell SCF 
 -------------------------------------
 Max number of iterations:             128
 Conv. threshold (gradient):             1.00e-05
 Conv. threshold (energy):               1.00e-06
 Interpolation scheme:                   adiis+cdiis
 Initial guess:                          SAD

 ---------------------------------------------------------------
                  energy        change          grad        time
 ---------------------------------------------------------------
   0      -588.946284283                    3.45e+00        0.16
   1      -588.058210836      8.88e-01      2.96e-01        0.14
   2      -588.095585015     -3.74e-02      1.79e-01        0.10
   3      -588.101072914     -5.49e-03      1.75e-01        0.12
   4      -588.123081371     -2.20e-02      2.50e-02        0.10
   5      -588.123235887     -1.55e-04      2.35e-02        0.10
   6      -588.123621779     -3.86e-04      6.23e-03        0.11
   7      -588.123640298     -1.85e-05      2.19e-03        0.10
   8      -588.123641999     -1.70e-06      9.15e-04        0.10
   9      -588.123642538     -5.40e-07      3.44e-04        0.10
  10      -588.123642582     -4.36e-08      1.34e-04        0.11
  11      -588.123642591     -8.57e-09      5.25e-05        0.11
  12      -588.123642592     -1.89e-09      2.04e-05        0.11
  13      -588.123642593     -3.61e-10      1.27e-05        0.10
  14      -588.123642593     -9.82e-11      6.29e-06        0.11

 SCF converged in 14 iterations.

 Dipole moment (in Debye):               0.000001      -0.000062      -0.008054

 Quadrupole moment (in Debye-Angstrom):
                  1            2            3
 1       -49.864029    -0.000001     0.000000
 2        -0.000001   -49.863273    -0.000784
 3         0.000000    -0.000784   -52.199747

 Spin-squared expectation <S^2>:         0.758
 Total spin quantum number S:            0.504
 TOTAL ENERGY:                        -588.123642593

 --------------------------------------------------------------------------------

 End time:                               Fri Oct 22 17:53:48 2021
 Total wall-clock time:                  3.793 seconds
==================================================================================
