
================================================================================
          _____________ ________ _______________ ________     _________         
         / ___________// ______ \\_____   _____// ______ \   / ________)        
        / /_________  / /      \ \     | |     / /      \ \ | (_______          
       |  __________|| |        | |    | |    | |        | | \________ \        
        \ \_________ | |        | |    | |     \ \______/ /___________) |       
         \__________||_|        |_|    |_|      \________//____________/        
                                                                                
====================================[ Qcore ]===================================

 Git describe: 2.3.0
 Compiler:     GNU 9.1.0
 Build type:   Release
 Version:      2.3.0

 Start time:   Fri Oct 22 17:53:51 2021

 Data directory: /work/zw18965/.local/qcore/share/entos/qcore/data
 Number of threads: 24
 Number of threads was determined by: command line argument

 --------------------------------------------------------------------------------
                                   command: dft                                  
 --------------------------------------------------------------------------------
 AO basis set:                           def2-tzvppd
 Number of AO basis functions:         312
 ECP on atom 1 (Ag):                     28 electrons
 ECP on atom 2 (Ag):                     28 electrons
 ECP on atom 3 (Ag):                     28 electrons
 ECP on atom 4 (Ag):                     28 electrons

 Formula:                                H3NAg4(2+)
 Nuclear charge:                       198.000000000
 Total charge:                           2.000000000
 Number of core electrons:             112
 Number of treated electrons:           84

 Number of alpha electrons:             42
 Number of beta electrons:              42
 Number of unpaired electrons:           0
 Spin:                                   0
 Multiplicity:                           singlet

 Theory:                                 dft
 Exchange-correlation functional:        wb97xd3

 Using range separated hybrid functional
 Range separation parameter:             0.250000000
 Short range exact exchange:             0.195728000
 Total long range exact exchange:        1.000000000

 Method for Coulomb:                     incore_df
 Method for exact exchange:              pre_transformed_df
 Integral threshold:                     1.00e-12
 DF basis set:                           def2-universal-jkfit
 Number of DF basis functions:        1151
 Schwarz screening threshold:            1.00e-10
 Coulomb fitting method:                 Cholesky
 Total number of grid points:        58462
 Method for AO orthogonalization:        symmetric
 Threshold for linear dependence:        1.00e-08
 D3 dispersion energy:                  -0.001617805

 -------------------------------------
  Running restricted closed-shell SCF 
 -------------------------------------
 Max number of iterations:             128
 Conv. threshold (gradient):             1.00e-05
 Conv. threshold (energy):               1.00e-06
 Interpolation scheme:                   adiis+cdiis
 Initial guess:                          SAD

 ---------------------------------------------------------------
                  energy        change          grad        time
 ---------------------------------------------------------------
   0      -645.066033780                    1.00e+01        0.15
   1      -644.169448861      8.97e-01      1.25e+00        0.12
   2      -644.199110057     -2.97e-02      1.05e+00        0.10
   3      -644.224210183     -2.51e-02      6.05e-01        0.10
   4      -644.232872006     -8.66e-03      2.74e-01        0.11
   5      -644.234407832     -1.54e-03      1.71e-01        0.10
   6      -644.235313161     -9.05e-04      5.26e-02        0.11
   7      -644.235314812     -1.65e-06      5.18e-02        0.12
   8      -644.235436853     -1.22e-04      8.65e-04        0.12
   9      -644.235436957     -1.05e-07      2.47e-04        0.11
  10      -644.235436966     -8.20e-09      6.72e-05        0.11
  11      -644.235436968     -1.84e-09      2.08e-05        0.12
  12      -644.235436968     -1.26e-10      7.84e-06        0.11

 SCF converged in 12 iterations.

 Dipole moment (in Debye):              -0.689132       3.940242       0.000000

 Quadrupole moment (in Debye-Angstrom):
                  1            2            3
 1       -56.090626    -5.143967    -0.000000
 2        -5.143967   -27.712835    -0.000000
 3        -0.000000    -0.000000   -56.992512

 Spin-squared expectation <S^2>:         0.000
 Total spin quantum number S:            0.000
 TOTAL ENERGY:                        -644.235436968

 --------------------------------------------------------------------------------

 End time:                               Fri Oct 22 17:53:55 2021
 Total wall-clock time:                  4.292 seconds
==================================================================================
