
================================================================================
          _____________ ________ _______________ ________     _________         
         / ___________// ______ \\_____   _____// ______ \   / ________)        
        / /_________  / /      \ \     | |     / /      \ \ | (_______          
       |  __________|| |        | |    | |    | |        | | \________ \        
        \ \_________ | |        | |    | |     \ \______/ /___________) |       
         \__________||_|        |_|    |_|      \________//____________/        
                                                                                
====================================[ Qcore ]===================================

 Git describe: 2.3.0
 Compiler:     GNU 9.1.0
 Build type:   Release
 Version:      2.3.0

 Start time:   Fri Oct 22 17:54:02 2021

 Data directory: /work/zw18965/.local/qcore/share/entos/qcore/data
 Number of threads: 24
 Number of threads was determined by: command line argument

 --------------------------------------------------------------------------------
                                   command: dft                                  
 --------------------------------------------------------------------------------
 AO basis set:                           def2-tzvppd
 Number of AO basis functions:          99
 ECP on atom 1 (Au):                     60 electrons

 Formula:                                FAu
 Nuclear charge:                        88.000000000
 Total charge:                           0.000000000
 Number of core electrons:              60
 Number of treated electrons:           28

 Number of alpha electrons:             14
 Number of beta electrons:              14
 Number of unpaired electrons:           0
 Spin:                                   0
 Multiplicity:                           singlet

 Theory:                                 dft
 Exchange-correlation functional:        wb97xd3

 Using range separated hybrid functional
 Range separation parameter:             0.250000000
 Short range exact exchange:             0.195728000
 Total long range exact exchange:        1.000000000

 Method for Coulomb:                     incore_df
 Method for exact exchange:              pre_transformed_df
 Integral threshold:                     1.00e-12
 DF basis set:                           def2-universal-jkfit
 Number of DF basis functions:         324
 Schwarz screening threshold:            1.00e-10
 Coulomb fitting method:                 Cholesky
 Total number of grid points:        15932
 Method for AO orthogonalization:        symmetric
 Threshold for linear dependence:        1.00e-08
 D3 dispersion energy:                  -0.000007876

 -------------------------------------
  Running restricted closed-shell SCF 
 -------------------------------------
 Max number of iterations:             128
 Conv. threshold (gradient):             1.00e-05
 Conv. threshold (energy):               1.00e-06
 Interpolation scheme:                   adiis+cdiis
 Initial guess:                          SAD

 ---------------------------------------------------------------
                  energy        change          grad        time
 ---------------------------------------------------------------
   0      -235.509411594                    3.59e+00        0.01
   1      -235.496236203      1.32e-02      1.22e+00        0.01
   2      -235.279459676      2.17e-01      2.18e+00        0.01
   3      -235.589679145     -3.10e-01      3.83e-01        0.01
   4      -235.582235151      7.44e-03      5.66e-01        0.01
   5      -235.599526079     -1.73e-02      6.54e-02        0.01
   6      -235.599555989     -2.99e-05      8.55e-02        0.01
   7      -235.600136138     -5.80e-04      5.75e-03        0.01
   8      -235.600156492     -2.04e-05      2.37e-03        0.01
   9      -235.600158343     -1.85e-06      5.88e-04        0.01
  10      -235.600158619     -2.75e-07      1.91e-04        0.01
  11      -235.600158628     -9.79e-09      5.21e-05        0.01
  12      -235.600158629     -6.81e-10      1.20e-05        0.01
  13      -235.600158629     -5.36e-11      2.27e-06        0.01

 SCF converged in 13 iterations.

 Dipole moment (in Debye):              -0.000000      -0.000000       4.480050

 Quadrupole moment (in Debye-Angstrom):
                  1            2            3
 1       -27.075012    -0.000000     0.000001
 2        -0.000000   -27.075012     0.000001
 3         0.000001     0.000001   -30.341518

 Spin-squared expectation <S^2>:         0.000
 Total spin quantum number S:            0.000
 TOTAL ENERGY:                        -235.600158629

 --------------------------------------------------------------------------------

 End time:                               Fri Oct 22 17:54:03 2021
 Total wall-clock time:                  0.874 seconds
==================================================================================
