
================================================================================
          _____________ ________ _______________ ________     _________         
         / ___________// ______ \\_____   _____// ______ \   / ________)        
        / /_________  / /      \ \     | |     / /      \ \ | (_______          
       |  __________|| |        | |    | |    | |        | | \________ \        
        \ \_________ | |        | |    | |     \ \______/ /___________) |       
         \__________||_|        |_|    |_|      \________//____________/        
                                                                                
====================================[ Qcore ]===================================

 Git describe: 2.3.0
 Compiler:     GNU 9.1.0
 Build type:   Release
 Version:      2.3.0

 Start time:   Fri Oct 22 17:54:03 2021

 Data directory: /work/zw18965/.local/qcore/share/entos/qcore/data
 Number of threads: 24
 Number of threads was determined by: command line argument

 --------------------------------------------------------------------------------
                                   command: dft                                  
 --------------------------------------------------------------------------------
 AO basis set:                           def2-tzvppd
 Number of AO basis functions:          76
 ECP on atom 1 (Au):                     60 electrons

 Formula:                                HAu
 Nuclear charge:                        80.000000000
 Total charge:                           0.000000000
 Number of core electrons:              60
 Number of treated electrons:           20

 Number of alpha electrons:             10
 Number of beta electrons:              10
 Number of unpaired electrons:           0
 Spin:                                   0
 Multiplicity:                           singlet

 Theory:                                 dft
 Exchange-correlation functional:        wb97xd3

 Using range separated hybrid functional
 Range separation parameter:             0.250000000
 Short range exact exchange:             0.195728000
 Total long range exact exchange:        1.000000000

 Method for Coulomb:                     incore_df
 Method for exact exchange:              pre_transformed_df
 Integral threshold:                     1.00e-12
 DF basis set:                           def2-universal-jkfit
 Number of DF basis functions:         265
 Schwarz screening threshold:            1.00e-10
 Coulomb fitting method:                 Cholesky
 Total number of grid points:        15010
 Method for AO orthogonalization:        symmetric
 Threshold for linear dependence:        1.00e-08
 D3 dispersion energy:                  -0.000000920

 -------------------------------------
  Running restricted closed-shell SCF 
 -------------------------------------
 Max number of iterations:             128
 Conv. threshold (gradient):             1.00e-05
 Conv. threshold (energy):               1.00e-06
 Interpolation scheme:                   adiis+cdiis
 Initial guess:                          SAD

 ---------------------------------------------------------------
                  energy        change          grad        time
 ---------------------------------------------------------------
   0      -136.299668129                    5.99e+00        0.02
   1      -136.345748792     -4.61e-02      2.66e-01        0.01
   2      -136.348220576     -2.47e-03      3.30e-01        0.01
   3      -136.357266572     -9.05e-03      5.40e-02        0.01
   4      -136.357495021     -2.28e-04      7.05e-02        0.01
   5      -136.357884994     -3.90e-04      9.24e-03        0.01
   6      -136.357915269     -3.03e-05      3.56e-03        0.01
   7      -136.357922172     -6.90e-06      6.87e-04        0.01
   8      -136.357922549     -3.78e-07      7.98e-05        0.01
   9      -136.357922556     -7.38e-09      1.56e-05        0.01
  10      -136.357922557     -1.64e-10      4.33e-06        0.01

 SCF converged in 10 iterations.

 Dipole moment (in Debye):              -0.000000      -0.000000       1.685698

 Quadrupole moment (in Debye-Angstrom):
                  1            2            3
 1       -24.818498     0.000000    -0.000000
 2         0.000000   -24.818498    -0.000000
 3        -0.000000    -0.000000   -22.176910

 Spin-squared expectation <S^2>:         0.000
 Total spin quantum number S:            0.000
 TOTAL ENERGY:                        -136.357922557

 --------------------------------------------------------------------------------

 End time:                               Fri Oct 22 17:54:04 2021
 Total wall-clock time:                  0.735 seconds
==================================================================================
