
================================================================================
          _____________ ________ _______________ ________     _________         
         / ___________// ______ \\_____   _____// ______ \   / ________)        
        / /_________  / /      \ \     | |     / /      \ \ | (_______          
       |  __________|| |        | |    | |    | |        | | \________ \        
        \ \_________ | |        | |    | |     \ \______/ /___________) |       
         \__________||_|        |_|    |_|      \________//____________/        
                                                                                
====================================[ Qcore ]===================================

 Git describe: 2.3.0
 Compiler:     GNU 9.1.0
 Build type:   Release
 Version:      2.3.0

 Start time:   Fri Oct 22 17:54:05 2021

 Data directory: /work/zw18965/.local/qcore/share/entos/qcore/data
 Number of threads: 24
 Number of threads was determined by: command line argument

 --------------------------------------------------------------------------------
                                   command: dft                                  
 --------------------------------------------------------------------------------
 AO basis set:                           def2-tzvppd
 Number of AO basis functions:         118
 ECP on atom 1 (Au):                     60 electrons
 ECP on atom 2 (Au):                     60 electrons

 Formula:                                Au2
 Nuclear charge:                       158.000000000
 Total charge:                           0.000000000
 Number of core electrons:             120
 Number of treated electrons:           38

 Number of alpha electrons:             19
 Number of beta electrons:              19
 Number of unpaired electrons:           0
 Spin:                                   0
 Multiplicity:                           singlet

 Theory:                                 dft
 Exchange-correlation functional:        wb97xd3

 Using range separated hybrid functional
 Range separation parameter:             0.250000000
 Short range exact exchange:             0.195728000
 Total long range exact exchange:        1.000000000

 Method for Coulomb:                     incore_df
 Method for exact exchange:              pre_transformed_df
 Integral threshold:                     1.00e-12
 DF basis set:                           def2-universal-jkfit
 Number of DF basis functions:         494
 Schwarz screening threshold:            1.00e-10
 Coulomb fitting method:                 Cholesky
 Total number of grid points:        18240
 Method for AO orthogonalization:        symmetric
 Threshold for linear dependence:        1.00e-08
 D3 dispersion energy:                  -0.000070822

 -------------------------------------
  Running restricted closed-shell SCF 
 -------------------------------------
 Max number of iterations:             128
 Conv. threshold (gradient):             1.00e-05
 Conv. threshold (energy):               1.00e-06
 Interpolation scheme:                   adiis+cdiis
 Initial guess:                          SAD

 ---------------------------------------------------------------
                  energy        change          grad        time
 ---------------------------------------------------------------
   0      -271.578441923                    5.00e+00        0.02
   1      -271.556029226      2.24e-02      1.48e-01        0.02
   2      -271.558663821     -2.63e-03      1.30e-01        0.01
   3      -271.561939657     -3.28e-03      6.47e-02        0.01
   4      -271.562403946     -4.64e-04      5.05e-02        0.01
   5      -271.563007897     -6.04e-04      6.34e-03        0.01
   6      -271.563036069     -2.82e-05      3.00e-03        0.01
   7      -271.563043311     -7.24e-06      7.37e-04        0.01
   8      -271.563043824     -5.13e-07      7.92e-05        0.01
   9      -271.563043831     -7.83e-09      8.79e-06        0.01

 SCF converged in 9 iterations.

 Dipole moment (in Debye):               0.000000       0.000000      -0.000004

 Quadrupole moment (in Debye-Angstrom):
                  1            2            3
 1       -46.656094    -0.000000     0.000000
 2        -0.000000   -46.656094     0.000000
 3         0.000000     0.000000   -37.031412

 Spin-squared expectation <S^2>:         0.000
 Total spin quantum number S:            0.000
 TOTAL ENERGY:                        -271.563043831

 --------------------------------------------------------------------------------

 End time:                               Fri Oct 22 17:54:06 2021
 Total wall-clock time:                  0.952 seconds
==================================================================================
