
================================================================================
          _____________ ________ _______________ ________     _________         
         / ___________// ______ \\_____   _____// ______ \   / ________)        
        / /_________  / /      \ \     | |     / /      \ \ | (_______          
       |  __________|| |        | |    | |    | |        | | \________ \        
        \ \_________ | |        | |    | |     \ \______/ /___________) |       
         \__________||_|        |_|    |_|      \________//____________/        
                                                                                
====================================[ Qcore ]===================================

 Git describe: 2.3.0
 Compiler:     GNU 9.1.0
 Build type:   Release
 Version:      2.3.0

 Start time:   Fri Oct 22 17:54:12 2021

 Data directory: /work/zw18965/.local/qcore/share/entos/qcore/data
 Number of threads: 24
 Number of threads was determined by: command line argument

 --------------------------------------------------------------------------------
                                   command: dft                                  
 --------------------------------------------------------------------------------
 AO basis set:                           def2-tzvppd
 Number of AO basis functions:         177
 ECP on atom 1 (Au):                     60 electrons
 ECP on atom 2 (Au):                     60 electrons
 ECP on atom 3 (Au):                     60 electrons

 Formula:                                Au3
 Nuclear charge:                       237.000000000
 Total charge:                           0.000000000
 Number of core electrons:             180
 Number of treated electrons:           57

 Number of alpha electrons:             29
 Number of beta electrons:              28
 Number of unpaired electrons:           1
 Spin:                                   1
 Multiplicity:                           doublet

 Theory:                                 dft
 Exchange-correlation functional:        wb97xd3

 Using range separated hybrid functional
 Range separation parameter:             0.250000000
 Short range exact exchange:             0.195728000
 Total long range exact exchange:        1.000000000

 Method for Coulomb:                     incore_df
 Method for exact exchange:              pre_transformed_df
 Integral threshold:                     1.00e-12
 DF basis set:                           def2-universal-jkfit
 Number of DF basis functions:         741
 Schwarz screening threshold:            1.00e-10
 Coulomb fitting method:                 Cholesky
 Total number of grid points:        27360
 Method for AO orthogonalization:        symmetric
 Threshold for linear dependence:        1.00e-08
 D3 dispersion energy:                  -0.000880618

 -------------------------------------
  Running unrestricted open-shell SCF 
 -------------------------------------
 Max number of iterations:             128
 Conv. threshold (gradient):             1.00e-05
 Conv. threshold (energy):               1.00e-06
 Interpolation scheme:                   adiis+cdiis
 Initial guess:                          SAD

 ---------------------------------------------------------------
                  energy        change          grad        time
 ---------------------------------------------------------------
   0      -407.412637937                    3.81e+00        0.06
   1      -407.328783947      8.39e-02      8.13e-02        0.05
   2      -407.334426636     -5.64e-03      7.02e-02        0.05
   3      -407.337357757     -2.93e-03      2.41e-02        0.05
   4      -407.337987618     -6.30e-04      1.09e-02        0.05
   5      -407.338176214     -1.89e-04      4.73e-03        0.05
   6      -407.338220372     -4.42e-05      1.79e-03        0.05
   7      -407.338226912     -6.54e-06      7.08e-04        0.04
   8      -407.338227597     -6.85e-07      3.17e-04        0.05
   9      -407.338227855     -2.58e-07      1.17e-04        0.04
  10      -407.338227893     -3.81e-08      5.73e-05        0.05
  11      -407.338227900     -7.27e-09      2.37e-05        0.05
  12      -407.338227901     -1.04e-09      5.75e-06        0.05

 SCF converged in 12 iterations.

 Dipole moment (in Debye):              -0.000007      -0.000007       0.000002

 Quadrupole moment (in Debye-Angstrom):
                  1            2            3
 1       -69.416379    -0.000003     0.000002
 2        -0.000003   -69.416379     0.000002
 3         0.000002     0.000002   -53.823466

 Spin-squared expectation <S^2>:         0.787
 Total spin quantum number S:            0.518
 TOTAL ENERGY:                        -407.338227901

 --------------------------------------------------------------------------------

 End time:                               Fri Oct 22 17:54:14 2021
 Total wall-clock time:                  1.878 seconds
==================================================================================
