
================================================================================
          _____________ ________ _______________ ________     _________         
         / ___________// ______ \\_____   _____// ______ \   / ________)        
        / /_________  / /      \ \     | |     / /      \ \ | (_______          
       |  __________|| |        | |    | |    | |        | | \________ \        
        \ \_________ | |        | |    | |     \ \______/ /___________) |       
         \__________||_|        |_|    |_|      \________//____________/        
                                                                                
====================================[ Qcore ]===================================

 Git describe: 2.3.0
 Compiler:     GNU 9.1.0
 Build type:   Release
 Version:      2.3.0

 Start time:   Fri Oct 22 17:54:08 2021

 Data directory: /work/zw18965/.local/qcore/share/entos/qcore/data
 Number of threads: 24
 Number of threads was determined by: command line argument

 --------------------------------------------------------------------------------
                                   command: dft                                  
 --------------------------------------------------------------------------------
 AO basis set:                           def2-tzvppd
 Number of AO basis functions:         177
 ECP on atom 1 (Au):                     60 electrons
 ECP on atom 2 (Au):                     60 electrons
 ECP on atom 3 (Au):                     60 electrons

 Formula:                                Au3+
 Nuclear charge:                       237.000000000
 Total charge:                           1.000000000
 Number of core electrons:             180
 Number of treated electrons:           56

 Number of alpha electrons:             28
 Number of beta electrons:              28
 Number of unpaired electrons:           0
 Spin:                                   0
 Multiplicity:                           singlet

 Theory:                                 dft
 Exchange-correlation functional:        wb97xd3

 Using range separated hybrid functional
 Range separation parameter:             0.250000000
 Short range exact exchange:             0.195728000
 Total long range exact exchange:        1.000000000

 Method for Coulomb:                     incore_df
 Method for exact exchange:              pre_transformed_df
 Integral threshold:                     1.00e-12
 DF basis set:                           def2-universal-jkfit
 Number of DF basis functions:         741
 Schwarz screening threshold:            1.00e-10
 Coulomb fitting method:                 Cholesky
 Total number of grid points:        27360
 Method for AO orthogonalization:        symmetric
 Threshold for linear dependence:        1.00e-08
 D3 dispersion energy:                  -0.000854469

 -------------------------------------
  Running restricted closed-shell SCF 
 -------------------------------------
 Max number of iterations:             128
 Conv. threshold (gradient):             1.00e-05
 Conv. threshold (energy):               1.00e-06
 Interpolation scheme:                   adiis+cdiis
 Initial guess:                          SAD

 ---------------------------------------------------------------
                  energy        change          grad        time
 ---------------------------------------------------------------
   0      -407.390039954                    7.23e+00        0.04
   1      -407.008376053      3.82e-01      1.79e-01        0.03
   2      -407.019598588     -1.12e-02      1.35e-01        0.03
   3      -407.021823126     -2.22e-03      1.18e-01        0.03
   4      -407.026203940     -4.38e-03      2.18e-02        0.03
   5      -407.026269578     -6.56e-05      2.23e-02        0.03
   6      -407.026398038     -1.28e-04      2.26e-03        0.03
   7      -407.026402201     -4.16e-06      9.18e-04        0.03
   8      -407.026402560     -3.59e-07      4.45e-04        0.03
   9      -407.026402635     -7.53e-08      1.77e-04        0.03
  10      -407.026402657     -2.16e-08      3.50e-05        0.03
  11      -407.026402658     -8.12e-10      6.78e-06        0.03

 SCF converged in 11 iterations.

 Dipole moment (in Debye):              -0.000003      -0.000003      -0.000032

 Quadrupole moment (in Debye-Angstrom):
                  1            2            3
 1       -63.420436    -0.000004    -0.000001
 2        -0.000004   -63.420436    -0.000001
 3        -0.000001    -0.000001   -15.339659

 Spin-squared expectation <S^2>:         0.000
 Total spin quantum number S:            0.000
 TOTAL ENERGY:                        -407.026402658

 --------------------------------------------------------------------------------

 End time:                               Fri Oct 22 17:54:09 2021
 Total wall-clock time:                  1.569 seconds
==================================================================================
