
================================================================================
          _____________ ________ _______________ ________     _________         
         / ___________// ______ \\_____   _____// ______ \   / ________)        
        / /_________  / /      \ \     | |     / /      \ \ | (_______          
       |  __________|| |        | |    | |    | |        | | \________ \        
        \ \_________ | |        | |    | |     \ \______/ /___________) |       
         \__________||_|        |_|    |_|      \________//____________/        
                                                                                
====================================[ Qcore ]===================================

 Git describe: 2.3.0
 Compiler:     GNU 9.1.0
 Build type:   Release
 Version:      2.3.0

 Start time:   Fri Oct 22 17:54:09 2021

 Data directory: /work/zw18965/.local/qcore/share/entos/qcore/data
 Number of threads: 24
 Number of threads was determined by: command line argument

 --------------------------------------------------------------------------------
                                   command: dft                                  
 --------------------------------------------------------------------------------
 AO basis set:                           def2-tzvppd
 Number of AO basis functions:         177
 ECP on atom 1 (Au):                     60 electrons
 ECP on atom 2 (Au):                     60 electrons
 ECP on atom 3 (Au):                     60 electrons

 Formula:                                Au3
 Nuclear charge:                       237.000000000
 Total charge:                           0.000000000
 Number of core electrons:             180
 Number of treated electrons:           57

 Number of alpha electrons:             29
 Number of beta electrons:              28
 Number of unpaired electrons:           1
 Spin:                                   1
 Multiplicity:                           doublet

 Theory:                                 dft
 Exchange-correlation functional:        wb97xd3

 Using range separated hybrid functional
 Range separation parameter:             0.250000000
 Short range exact exchange:             0.195728000
 Total long range exact exchange:        1.000000000

 Method for Coulomb:                     incore_df
 Method for exact exchange:              pre_transformed_df
 Integral threshold:                     1.00e-12
 DF basis set:                           def2-universal-jkfit
 Number of DF basis functions:         741
 Schwarz screening threshold:            1.00e-10
 Coulomb fitting method:                 Cholesky
 Total number of grid points:        27360
 Method for AO orthogonalization:        symmetric
 Threshold for linear dependence:        1.00e-08
 D3 dispersion energy:                  -0.000334265

 -------------------------------------
  Running unrestricted open-shell SCF 
 -------------------------------------
 Max number of iterations:             128
 Conv. threshold (gradient):             1.00e-05
 Conv. threshold (energy):               1.00e-06
 Interpolation scheme:                   adiis+cdiis
 Initial guess:                          SAD

 ---------------------------------------------------------------
                  energy        change          grad        time
 ---------------------------------------------------------------
   0      -407.498120505                    5.01e+00        0.06
   1      -407.323870331      1.74e-01      1.14e-01        0.05
   2      -407.330460132     -6.59e-03      1.08e-01        0.05
   3      -407.331707120     -1.25e-03      1.01e-01        0.05
   4      -407.336189617     -4.48e-03      2.33e-02        0.05
   5      -407.336254550     -6.49e-05      3.58e-02        0.05
   6      -407.336655881     -4.01e-04      4.17e-03        0.05
   7      -407.336692122     -3.62e-05      3.56e-03        0.05
   8      -407.336711080     -1.90e-05      1.79e-03        0.05
   9      -407.336716533     -5.45e-06      1.03e-03        0.05
  10      -407.336718719     -2.19e-06      5.37e-04        0.05
  11      -407.336719443     -7.24e-07      2.03e-04        0.05
  12      -407.336719529     -8.56e-08      1.38e-04        0.05
  13      -407.336719570     -4.16e-08      5.68e-05        0.05
  14      -407.336719577     -6.32e-09      2.45e-05        0.05
  15      -407.336719578     -1.22e-09      1.62e-05        0.05
  16      -407.336719579     -5.53e-10      1.59e-05        0.05
  17      -407.336719579     -3.70e-10      1.29e-05        0.07
  18      -407.336719579     -4.34e-10      1.24e-05        0.05
  19      -407.336719580     -4.20e-10      1.23e-05        0.05
  20      -407.336719580     -4.88e-10      1.21e-05        0.05
  21      -407.336719581     -8.94e-10      1.20e-05        0.05
  22      -407.336719583     -1.82e-09      1.16e-05        0.05
  23      -407.336719589     -5.76e-09      1.03e-05        0.05
  24      -407.336719598     -9.25e-09      7.96e-06        0.05

 SCF converged in 24 iterations.

 Dipole moment (in Debye):               0.004182      -1.408842      -0.000000

 Quadrupole moment (in Debye-Angstrom):
                  1            2            3
 1       -60.282017    -0.018374     0.000002
 2        -0.018374   -71.489620     0.000000
 3         0.000002     0.000000   -69.959413

 Spin-squared expectation <S^2>:         0.771
 Total spin quantum number S:            0.510
 TOTAL ENERGY:                        -407.336719607

 --------------------------------------------------------------------------------

 End time:                               Fri Oct 22 17:54:12 2021
 Total wall-clock time:                  2.573 seconds
==================================================================================
