
================================================================================
          _____________ ________ _______________ ________     _________         
         / ___________// ______ \\_____   _____// ______ \   / ________)        
        / /_________  / /      \ \     | |     / /      \ \ | (_______          
       |  __________|| |        | |    | |    | |        | | \________ \        
        \ \_________ | |        | |    | |     \ \______/ /___________) |       
         \__________||_|        |_|    |_|      \________//____________/        
                                                                                
====================================[ Qcore ]===================================

 Git describe: 2.3.0
 Compiler:     GNU 9.1.0
 Build type:   Release
 Version:      2.3.0

 Start time:   Fri Oct 22 17:54:06 2021

 Data directory: /work/zw18965/.local/qcore/share/entos/qcore/data
 Number of threads: 24
 Number of threads was determined by: command line argument

 --------------------------------------------------------------------------------
                                   command: dft                                  
 --------------------------------------------------------------------------------
 AO basis set:                           def2-tzvppd
 Number of AO basis functions:         177
 ECP on atom 1 (Au):                     60 electrons
 ECP on atom 2 (Au):                     60 electrons
 ECP on atom 3 (Au):                     60 electrons

 Formula:                                Au3+
 Nuclear charge:                       237.000000000
 Total charge:                           1.000000000
 Number of core electrons:             180
 Number of treated electrons:           56

 Number of alpha electrons:             28
 Number of beta electrons:              28
 Number of unpaired electrons:           0
 Spin:                                   0
 Multiplicity:                           singlet

 Theory:                                 dft
 Exchange-correlation functional:        wb97xd3

 Using range separated hybrid functional
 Range separation parameter:             0.250000000
 Short range exact exchange:             0.195728000
 Total long range exact exchange:        1.000000000

 Method for Coulomb:                     incore_df
 Method for exact exchange:              pre_transformed_df
 Integral threshold:                     1.00e-12
 DF basis set:                           def2-universal-jkfit
 Number of DF basis functions:         741
 Schwarz screening threshold:            1.00e-10
 Coulomb fitting method:                 Cholesky
 Total number of grid points:        27360
 Method for AO orthogonalization:        symmetric
 Threshold for linear dependence:        1.00e-08
 D3 dispersion energy:                  -0.000310763

 -------------------------------------
  Running restricted closed-shell SCF 
 -------------------------------------
 Max number of iterations:             128
 Conv. threshold (gradient):             1.00e-05
 Conv. threshold (energy):               1.00e-06
 Interpolation scheme:                   adiis+cdiis
 Initial guess:                          SAD

 ---------------------------------------------------------------
                  energy        change          grad        time
 ---------------------------------------------------------------
   0      -407.522222911                    1.05e+01        0.04
   1      -407.078748634      4.43e-01      2.79e-01        0.03
   2      -407.093439392     -1.47e-02      1.48e-01        0.03
   3      -407.096047082     -2.61e-03      1.08e-01        0.03
   4      -407.100256054     -4.21e-03      2.66e-02        0.03
   5      -407.100357671     -1.02e-04      2.13e-02        0.04
   6      -407.100515176     -1.58e-04      2.83e-03        0.03
   7      -407.100518789     -3.61e-06      8.71e-04        0.03
   8      -407.100519285     -4.96e-07      2.05e-04        0.03
   9      -407.100519314     -2.91e-08      3.47e-05        0.03
  10      -407.100519315     -6.46e-10      7.71e-06        0.03

 SCF converged in 10 iterations.

 Dipole moment (in Debye):               0.000002       0.000061      -0.000001

 Quadrupole moment (in Debye-Angstrom):
                  1            2            3
 1       -48.914301    -0.000001    -0.000000
 2        -0.000001   -48.915348    -0.000001
 3        -0.000000    -0.000001   -64.037974

 Spin-squared expectation <S^2>:         0.000
 Total spin quantum number S:            0.000
 TOTAL ENERGY:                        -407.100519315

 --------------------------------------------------------------------------------

 End time:                               Fri Oct 22 17:54:07 2021
 Total wall-clock time:                  1.603 seconds
==================================================================================
