
================================================================================
          _____________ ________ _______________ ________     _________         
         / ___________// ______ \\_____   _____// ______ \   / ________)        
        / /_________  / /      \ \     | |     / /      \ \ | (_______          
       |  __________|| |        | |    | |    | |        | | \________ \        
        \ \_________ | |        | |    | |     \ \______/ /___________) |       
         \__________||_|        |_|    |_|      \________//____________/        
                                                                                
====================================[ Qcore ]===================================

 Git describe: 2.3.0
 Compiler:     GNU 9.1.0
 Build type:   Release
 Version:      2.3.0

 Start time:   Fri Oct 22 17:54:34 2021

 Data directory: /work/zw18965/.local/qcore/share/entos/qcore/data
 Number of threads: 24
 Number of threads was determined by: command line argument

 --------------------------------------------------------------------------------
                                   command: dft                                  
 --------------------------------------------------------------------------------
 AO basis set:                           def2-tzvppd
 Number of AO basis functions:         324
 ECP on atom 1 (Au):                     60 electrons
 ECP on atom 2 (Au):                     60 electrons
 ECP on atom 3 (Au):                     60 electrons
 ECP on atom 4 (Au):                     60 electrons

 Formula:                                H3NAu4(2+)
 Nuclear charge:                       326.000000000
 Total charge:                           2.000000000
 Number of core electrons:             240
 Number of treated electrons:           84

 Number of alpha electrons:             42
 Number of beta electrons:              42
 Number of unpaired electrons:           0
 Spin:                                   0
 Multiplicity:                           singlet

 Theory:                                 dft
 Exchange-correlation functional:        wb97xd3

 Using range separated hybrid functional
 Range separation parameter:             0.250000000
 Short range exact exchange:             0.195728000
 Total long range exact exchange:        1.000000000

 Method for Coulomb:                     incore_df
 Method for exact exchange:              pre_transformed_df
 Integral threshold:                     1.00e-12
 DF basis set:                           def2-universal-jkfit
 Number of DF basis functions:        1119
 Schwarz screening threshold:            1.00e-10
 Coulomb fitting method:                 Cholesky
 Total number of grid points:        60950
 Method for AO orthogonalization:        symmetric
 Threshold for linear dependence:        1.00e-08
 D3 dispersion energy:                  -0.003966255

 -------------------------------------
  Running restricted closed-shell SCF 
 -------------------------------------
 Max number of iterations:             128
 Conv. threshold (gradient):             1.00e-05
 Conv. threshold (energy):               1.00e-06
 Interpolation scheme:                   adiis+cdiis
 Initial guess:                          SAD

 ---------------------------------------------------------------
                  energy        change          grad        time
 ---------------------------------------------------------------
   0      -600.040872057                    1.64e+01        0.19
   1      -598.984847167      1.06e+00      1.52e+00        0.13
   2      -599.007836694     -2.30e-02      1.71e+00        0.11
   3      -599.069044238     -6.12e-02      5.14e-01        0.11
   4      -599.067656166      1.39e-03      5.84e-01        0.12
   5      -599.075383229     -7.73e-03      1.95e-02        0.12
   6      -599.075434211     -5.10e-05      1.96e-02        0.12
   7      -599.075461433     -2.72e-05      2.77e-03        0.13
   8      -599.075463557     -2.12e-06      1.23e-03        0.12
   9      -599.075463821     -2.64e-07      5.60e-04        0.12
  10      -599.075463913     -9.22e-08      2.11e-04        0.12
  11      -599.075463923     -1.02e-08      8.36e-05        0.13
  12      -599.075463925     -1.66e-09      2.36e-05        0.12
  13      -599.075463925     -1.73e-10      1.06e-05        0.13
  14      -599.075463925     -3.27e-11      5.05e-06        0.13

 SCF converged in 14 iterations.

 Dipole moment (in Debye):              -0.000001      -0.000411      -4.187244

 Quadrupole moment (in Debye-Angstrom):
                  1            2            3
 1       -70.880784    -0.000001    -0.000002
 2        -0.000001   -70.880894     0.001126
 3        -0.000002     0.001126   -49.473103

 Spin-squared expectation <S^2>:         0.000
 Total spin quantum number S:            0.000
 TOTAL ENERGY:                        -599.075463925

 --------------------------------------------------------------------------------

 End time:                               Fri Oct 22 17:54:39 2021
 Total wall-clock time:                  4.867 seconds
==================================================================================
