
================================================================================
          _____________ ________ _______________ ________     _________         
         / ___________// ______ \\_____   _____// ______ \   / ________)        
        / /_________  / /      \ \     | |     / /      \ \ | (_______          
       |  __________|| |        | |    | |    | |        | | \________ \        
        \ \_________ | |        | |    | |     \ \______/ /___________) |       
         \__________||_|        |_|    |_|      \________//____________/        
                                                                                
====================================[ Qcore ]===================================

 Git describe: 2.3.0
 Compiler:     GNU 9.1.0
 Build type:   Release
 Version:      2.3.0

 Start time:   Fri Oct 22 17:54:29 2021

 Data directory: /work/zw18965/.local/qcore/share/entos/qcore/data
 Number of threads: 24
 Number of threads was determined by: command line argument

 --------------------------------------------------------------------------------
                                   command: dft                                  
 --------------------------------------------------------------------------------
 AO basis set:                           def2-tzvppd
 Number of AO basis functions:         324
 ECP on atom 1 (Au):                     60 electrons
 ECP on atom 2 (Au):                     60 electrons
 ECP on atom 3 (Au):                     60 electrons
 ECP on atom 4 (Au):                     60 electrons

 Formula:                                H3NAu4(2+)
 Nuclear charge:                       326.000000000
 Total charge:                           2.000000000
 Number of core electrons:             240
 Number of treated electrons:           84

 Number of alpha electrons:             42
 Number of beta electrons:              42
 Number of unpaired electrons:           0
 Spin:                                   0
 Multiplicity:                           singlet

 Theory:                                 dft
 Exchange-correlation functional:        wb97xd3

 Using range separated hybrid functional
 Range separation parameter:             0.250000000
 Short range exact exchange:             0.195728000
 Total long range exact exchange:        1.000000000

 Method for Coulomb:                     incore_df
 Method for exact exchange:              pre_transformed_df
 Integral threshold:                     1.00e-12
 DF basis set:                           def2-universal-jkfit
 Number of DF basis functions:        1119
 Schwarz screening threshold:            1.00e-10
 Coulomb fitting method:                 Cholesky
 Total number of grid points:        60950
 Method for AO orthogonalization:        symmetric
 Threshold for linear dependence:        1.00e-08
 D3 dispersion energy:                  -0.002213129

 -------------------------------------
  Running restricted closed-shell SCF 
 -------------------------------------
 Max number of iterations:             128
 Conv. threshold (gradient):             1.00e-05
 Conv. threshold (energy):               1.00e-06
 Interpolation scheme:                   adiis+cdiis
 Initial guess:                          SAD

 ---------------------------------------------------------------
                  energy        change          grad        time
 ---------------------------------------------------------------
   0      -600.209555716                    1.97e+01        0.17
   1      -599.075080096      1.13e+00      1.19e+00        0.12
   2      -599.106347039     -3.13e-02      9.65e-01        0.10
   3      -599.128434154     -2.21e-02      6.56e-01        0.12
   4      -599.138730746     -1.03e-02      2.66e-01        0.11
   5      -599.139920681     -1.19e-03      1.82e-01        0.11
   6      -599.141358135     -1.44e-03      3.47e-02        0.12
   7      -599.141320953      3.72e-05      4.15e-02        0.12
   8      -599.141451592     -1.31e-04      1.67e-03        0.13
   9      -599.141451850     -2.59e-07      5.98e-04        0.11
  10      -599.141451919     -6.90e-08      1.49e-04        0.11
  11      -599.141451927     -7.59e-09      4.59e-05        0.12
  12      -599.141451928     -6.05e-10      2.44e-05        0.13
  13      -599.141451928     -1.27e-10      9.91e-06        0.12

 SCF converged in 13 iterations.

 Dipole moment (in Debye):              -1.047526       5.987328      -0.000004

 Quadrupole moment (in Debye-Angstrom):
                  1            2            3
 1       -69.957773    -5.996386    -0.000006
 2        -5.996386   -36.720164     0.000000
 3        -0.000006     0.000000   -71.002681

 Spin-squared expectation <S^2>:         0.000
 Total spin quantum number S:            0.000
 TOTAL ENERGY:                        -599.141451928

 --------------------------------------------------------------------------------

 End time:                               Fri Oct 22 17:54:34 2021
 Total wall-clock time:                  4.609 seconds
==================================================================================
