
================================================================================
          _____________ ________ _______________ ________     _________         
         / ___________// ______ \\_____   _____// ______ \   / ________)        
        / /_________  / /      \ \     | |     / /      \ \ | (_______          
       |  __________|| |        | |    | |    | |        | | \________ \        
        \ \_________ | |        | |    | |     \ \______/ /___________) |       
         \__________||_|        |_|    |_|      \________//____________/        
                                                                                
====================================[ Qcore ]===================================

 Git describe: 2.3.0
 Compiler:     GNU 9.1.0
 Build type:   Release
 Version:      2.3.0

 Start time:   Fri Oct 22 17:54:14 2021

 Data directory: /work/zw18965/.local/qcore/share/entos/qcore/data
 Number of threads: 24
 Number of threads was determined by: command line argument

 --------------------------------------------------------------------------------
                                   command: dft                                  
 --------------------------------------------------------------------------------
 AO basis set:                           def2-tzvppd
 Number of AO basis functions:         253
 ECP on atom 1 (Au):                     60 electrons
 ECP on atom 2 (Au):                     60 electrons
 ECP on atom 3 (Au):                     60 electrons
 ECP on atom 4 (Au):                     60 electrons

 Formula:                                HAu4(2+)
 Nuclear charge:                       317.000000000
 Total charge:                           2.000000000
 Number of core electrons:             240
 Number of treated electrons:           75

 Number of alpha electrons:             38
 Number of beta electrons:              37
 Number of unpaired electrons:           1
 Spin:                                   1
 Multiplicity:                           doublet

 Theory:                                 dft
 Exchange-correlation functional:        wb97xd3

 Using range separated hybrid functional
 Range separation parameter:             0.250000000
 Short range exact exchange:             0.195728000
 Total long range exact exchange:        1.000000000

 Method for Coulomb:                     incore_df
 Method for exact exchange:              pre_transformed_df
 Integral threshold:                     1.00e-12
 DF basis set:                           def2-universal-jkfit
 Number of DF basis functions:        1006
 Schwarz screening threshold:            1.00e-10
 Coulomb fitting method:                 Cholesky
 Total number of grid points:        42370
 Method for AO orthogonalization:        symmetric
 Threshold for linear dependence:        1.00e-08
 D3 dispersion energy:                  -0.001432243

 -------------------------------------
  Running unrestricted open-shell SCF 
 -------------------------------------
 Max number of iterations:             128
 Conv. threshold (gradient):             1.00e-05
 Conv. threshold (energy):               1.00e-06
 Interpolation scheme:                   adiis+cdiis
 Initial guess:                          SAD

 ---------------------------------------------------------------
                  energy        change          grad        time
 ---------------------------------------------------------------
   0      -544.003293336                    8.18e+00        0.17
   1      -542.921446489      1.08e+00      3.90e-01        0.14
   2      -542.951660011     -3.02e-02      4.74e-01        0.11
   3      -543.003511903     -5.19e-02      1.95e-01        0.11
   4      -543.006312801     -2.80e-03      1.90e-01        0.10
   5      -543.015548170     -9.24e-03      3.01e-02        0.11
   6      -543.015628372     -8.02e-05      3.99e-02        0.11
   7      -543.016132336     -5.04e-04      5.47e-03        0.12
   8      -543.016167278     -3.49e-05      2.45e-03        0.10
   9      -543.016174044     -6.77e-06      9.71e-04        0.11
  10      -543.016175238     -1.19e-06      5.31e-04        0.11
  11      -543.016175558     -3.20e-07      2.31e-04        0.12
  12      -543.016175615     -5.75e-08      1.30e-04        0.12
  13      -543.016175638     -2.30e-08      3.96e-05        0.12
  14      -543.016175640     -1.91e-09      1.28e-05        0.12
  15      -543.016175640     -2.24e-10      4.36e-06        0.12

 SCF converged in 15 iterations.

 Dipole moment (in Debye):               0.000000      -0.000435       0.129857

 Quadrupole moment (in Debye-Angstrom):
                  1            2            3
 1       -64.211971    -0.000003    -0.000001
 2        -0.000003   -64.211052    -0.000331
 3        -0.000001    -0.000331   -62.440991

 Spin-squared expectation <S^2>:         0.755
 Total spin quantum number S:            0.503
 TOTAL ENERGY:                        -543.016175640

 --------------------------------------------------------------------------------

 End time:                               Fri Oct 22 17:54:18 2021
 Total wall-clock time:                  3.983 seconds
==================================================================================
