
================================================================================
          _____________ ________ _______________ ________     _________         
         / ___________// ______ \\_____   _____// ______ \   / ________)        
        / /_________  / /      \ \     | |     / /      \ \ | (_______          
       |  __________|| |        | |    | |    | |        | | \________ \        
        \ \_________ | |        | |    | |     \ \______/ /___________) |       
         \__________||_|        |_|    |_|      \________//____________/        
                                                                                
====================================[ Qcore ]===================================

 Git describe: 2.3.0
 Compiler:     GNU 9.1.0
 Build type:   Release
 Version:      2.3.0

 Start time:   Fri Oct 22 17:54:39 2021

 Data directory: /work/zw18965/.local/qcore/share/entos/qcore/data
 Number of threads: 24
 Number of threads was determined by: command line argument

 --------------------------------------------------------------------------------
                                   command: dft                                  
 --------------------------------------------------------------------------------
 AO basis set:                           def2-tzvppd
 Number of AO basis functions:         236
 ECP on atom 1 (Au):                     60 electrons
 ECP on atom 2 (Au):                     60 electrons
 ECP on atom 3 (Au):                     60 electrons
 ECP on atom 4 (Au):                     60 electrons

 Formula:                                Au4
 Nuclear charge:                       316.000000000
 Total charge:                           0.000000000
 Number of core electrons:             240
 Number of treated electrons:           76

 Number of alpha electrons:             38
 Number of beta electrons:              38
 Number of unpaired electrons:           0
 Spin:                                   0
 Multiplicity:                           singlet

 Theory:                                 dft
 Exchange-correlation functional:        wb97xd3

 Using range separated hybrid functional
 Range separation parameter:             0.250000000
 Short range exact exchange:             0.195728000
 Total long range exact exchange:        1.000000000

 Method for Coulomb:                     incore_df
 Method for exact exchange:              pre_transformed_df
 Integral threshold:                     1.00e-12
 DF basis set:                           def2-universal-jkfit
 Number of DF basis functions:         988
 Schwarz screening threshold:            1.00e-10
 Coulomb fitting method:                 Cholesky
 Total number of grid points:        36480
 Method for AO orthogonalization:        symmetric
 Threshold for linear dependence:        1.00e-08
 D3 dispersion energy:                  -0.001690862

 -------------------------------------
  Running restricted closed-shell SCF 
 -------------------------------------
 Max number of iterations:             128
 Conv. threshold (gradient):             1.00e-05
 Conv. threshold (energy):               1.00e-06
 Interpolation scheme:                   adiis+cdiis
 Initial guess:                          SAD

 ---------------------------------------------------------------
                  energy        change          grad        time
 ---------------------------------------------------------------
   0      -543.414914065                    1.37e+01        0.09
   1      -543.153297561      2.62e-01      2.85e-01        0.08
   2      -543.162854148     -9.56e-03      2.69e-01        0.06
   3      -543.164433157     -1.58e-03      2.37e-01        0.07
   4      -543.170514434     -6.08e-03      3.72e-02        0.06
   5      -543.170518288     -3.85e-06      5.12e-02        0.06
   6      -543.170872260     -3.54e-04      6.06e-03        0.06
   7      -543.170882273     -1.00e-05      3.45e-03        0.07
   8      -543.170887503     -5.23e-06      1.37e-03        0.06
   9      -543.170888289     -7.85e-07      5.13e-04        0.06
  10      -543.170888395     -1.06e-07      1.67e-04        0.06
  11      -543.170888411     -1.65e-08      4.98e-05        0.06
  12      -543.170888413     -1.61e-09      2.29e-05        0.06
  13      -543.170888413     -2.68e-10      6.36e-06        0.06

 SCF converged in 13 iterations.

 Dipole moment (in Debye):               0.000987       0.000016      -0.000020

 Quadrupole moment (in Debye-Angstrom):
                  1            2            3
 1       -85.054590     0.081345     1.852187
 2         0.081345   -93.267148     0.006279
 3         1.852187     0.006279   -89.584351

 Spin-squared expectation <S^2>:         0.000
 Total spin quantum number S:            0.000
 TOTAL ENERGY:                        -543.170888413

 --------------------------------------------------------------------------------

 End time:                               Fri Oct 22 17:54:42 2021
 Total wall-clock time:                  2.844 seconds
==================================================================================
