
================================================================================
          _____________ ________ _______________ ________     _________         
         / ___________// ______ \\_____   _____// ______ \   / ________)        
        / /_________  / /      \ \     | |     / /      \ \ | (_______          
       |  __________|| |        | |    | |    | |        | | \________ \        
        \ \_________ | |        | |    | |     \ \______/ /___________) |       
         \__________||_|        |_|    |_|      \________//____________/        
                                                                                
====================================[ Qcore ]===================================

 Git describe: 2.3.0
 Compiler:     GNU 9.1.0
 Build type:   Release
 Version:      2.3.0

 Start time:   Fri Oct 22 17:54:18 2021

 Data directory: /work/zw18965/.local/qcore/share/entos/qcore/data
 Number of threads: 24
 Number of threads was determined by: command line argument

 --------------------------------------------------------------------------------
                                   command: dft                                  
 --------------------------------------------------------------------------------
 AO basis set:                           def2-tzvppd
 Number of AO basis functions:         253
 ECP on atom 1 (Au):                     60 electrons
 ECP on atom 2 (Au):                     60 electrons
 ECP on atom 3 (Au):                     60 electrons
 ECP on atom 4 (Au):                     60 electrons

 Formula:                                HAu4(2+)
 Nuclear charge:                       317.000000000
 Total charge:                           2.000000000
 Number of core electrons:             240
 Number of treated electrons:           75

 Number of alpha electrons:             38
 Number of beta electrons:              37
 Number of unpaired electrons:           1
 Spin:                                   1
 Multiplicity:                           doublet

 Theory:                                 dft
 Exchange-correlation functional:        wb97xd3

 Using range separated hybrid functional
 Range separation parameter:             0.250000000
 Short range exact exchange:             0.195728000
 Total long range exact exchange:        1.000000000

 Method for Coulomb:                     incore_df
 Method for exact exchange:              pre_transformed_df
 Integral threshold:                     1.00e-12
 DF basis set:                           def2-universal-jkfit
 Number of DF basis functions:        1006
 Schwarz screening threshold:            1.00e-10
 Coulomb fitting method:                 Cholesky
 Total number of grid points:        42370
 Method for AO orthogonalization:        symmetric
 Threshold for linear dependence:        1.00e-08
 D3 dispersion energy:                  -0.001567757

 -------------------------------------
  Running unrestricted open-shell SCF 
 -------------------------------------
 Max number of iterations:             128
 Conv. threshold (gradient):             1.00e-05
 Conv. threshold (energy):               1.00e-06
 Interpolation scheme:                   adiis+cdiis
 Initial guess:                          SAD

 ---------------------------------------------------------------
                  energy        change          grad        time
 ---------------------------------------------------------------
   0      -544.065192967                    8.86e+00        0.18
   1      -542.936644149      1.13e+00      2.90e-01        0.13
   2      -542.976030772     -3.94e-02      3.21e-01        0.11
   3      -543.002392437     -2.64e-02      2.00e-01        0.11
   4      -543.012696618     -1.03e-02      1.05e-01        0.11
   5      -543.014758865     -2.06e-03      6.38e-02        0.11
   6      -543.016016946     -1.26e-03      2.13e-02        0.11
   7      -543.016220633     -2.04e-04      2.59e-03        0.11
   8      -543.016226571     -5.94e-06      1.06e-03        0.11
   9      -543.016228704     -2.13e-06      3.96e-04        0.11
  10      -543.016228938     -2.34e-07      2.37e-04        0.10
  11      -543.016229004     -6.60e-08      9.44e-05        0.11
  12      -543.016229014     -1.05e-08      5.93e-05        0.11
  13      -543.016229018     -4.01e-09      2.19e-05        0.11
  14      -543.016229019     -7.17e-10      1.01e-05        0.10
  15      -543.016229019     -1.26e-10      4.22e-06        0.11

 SCF converged in 15 iterations.

 Dipole moment (in Debye):               0.000001      -0.000001       0.474393

 Quadrupole moment (in Debye-Angstrom):
                  1            2            3
 1       -65.687181    -0.000000    -0.000003
 2        -0.000000   -62.649041    -0.000002
 3        -0.000003    -0.000002   -64.188208

 Spin-squared expectation <S^2>:         0.763
 Total spin quantum number S:            0.507
 TOTAL ENERGY:                        -543.016229019

 --------------------------------------------------------------------------------

 End time:                               Fri Oct 22 17:54:22 2021
 Total wall-clock time:                  4.030 seconds
==================================================================================
