
================================================================================
          _____________ ________ _______________ ________     _________         
         / ___________// ______ \\_____   _____// ______ \   / ________)        
        / /_________  / /      \ \     | |     / /      \ \ | (_______          
       |  __________|| |        | |    | |    | |        | | \________ \        
        \ \_________ | |        | |    | |     \ \______/ /___________) |       
         \__________||_|        |_|    |_|      \________//____________/        
                                                                                
====================================[ Qcore ]===================================

 Git describe: 2.3.0
 Compiler:     GNU 9.1.0
 Build type:   Release
 Version:      2.3.0

 Start time:   Fri Oct 22 17:54:26 2021

 Data directory: /work/zw18965/.local/qcore/share/entos/qcore/data
 Number of threads: 24
 Number of threads was determined by: command line argument

 --------------------------------------------------------------------------------
                                   command: dft                                  
 --------------------------------------------------------------------------------
 AO basis set:                           def2-tzvppd
 Number of AO basis functions:         236
 ECP on atom 1 (Au):                     60 electrons
 ECP on atom 2 (Au):                     60 electrons
 ECP on atom 3 (Au):                     60 electrons
 ECP on atom 4 (Au):                     60 electrons

 Formula:                                Au4(2+)
 Nuclear charge:                       316.000000000
 Total charge:                           2.000000000
 Number of core electrons:             240
 Number of treated electrons:           74

 Number of alpha electrons:             37
 Number of beta electrons:              37
 Number of unpaired electrons:           0
 Spin:                                   0
 Multiplicity:                           singlet

 Theory:                                 dft
 Exchange-correlation functional:        wb97xd3

 Using range separated hybrid functional
 Range separation parameter:             0.250000000
 Short range exact exchange:             0.195728000
 Total long range exact exchange:        1.000000000

 Method for Coulomb:                     incore_df
 Method for exact exchange:              pre_transformed_df
 Integral threshold:                     1.00e-12
 DF basis set:                           def2-universal-jkfit
 Number of DF basis functions:         988
 Schwarz screening threshold:            1.00e-10
 Coulomb fitting method:                 Cholesky
 Total number of grid points:        36480
 Method for AO orthogonalization:        symmetric
 Threshold for linear dependence:        1.00e-08
 D3 dispersion energy:                  -0.000863341

 -------------------------------------
  Running restricted closed-shell SCF 
 -------------------------------------
 Max number of iterations:             128
 Conv. threshold (gradient):             1.00e-05
 Conv. threshold (energy):               1.00e-06
 Interpolation scheme:                   adiis+cdiis
 Initial guess:                          SAD

 ---------------------------------------------------------------
                  energy        change          grad        time
 ---------------------------------------------------------------
   0      -543.462324517                    1.46e+01        0.09
   1      -542.410979749      1.05e+00      5.08e-01        0.07
   2      -542.444390801     -3.34e-02      3.28e-01        0.07
   3      -542.450402980     -6.01e-03      3.09e-01        0.06
   4      -542.465103384     -1.47e-02      7.14e-02        0.06
   5      -542.464943241      1.60e-04      8.35e-02        0.06
   6      -542.465798944     -8.56e-04      4.02e-03        0.08
   7      -542.465803570     -4.63e-06      1.17e-03        0.06
   8      -542.465804013     -4.43e-07      2.86e-04        0.06
   9      -542.465804047     -3.42e-08      4.88e-05        0.06
  10      -542.465804048     -1.37e-09      1.59e-05        0.06
  11      -542.465804048     -3.34e-11      7.77e-06        0.06

 SCF converged in 11 iterations.

 Dipole moment (in Debye):               0.000000       0.000139       0.000117

 Quadrupole moment (in Debye-Angstrom):
                  1            2            3
 1       -62.708040     0.000002    -0.000002
 2         0.000002   -62.708299    -0.000524
 3        -0.000002    -0.000524   -62.708977

 Spin-squared expectation <S^2>:         0.000
 Total spin quantum number S:            0.000
 TOTAL ENERGY:                        -542.465804048

 --------------------------------------------------------------------------------

 End time:                               Fri Oct 22 17:54:29 2021
 Total wall-clock time:                  2.758 seconds
==================================================================================
