
================================================================================
          _____________ ________ _______________ ________     _________         
         / ___________// ______ \\_____   _____// ______ \   / ________)        
        / /_________  / /      \ \     | |     / /      \ \ | (_______          
       |  __________|| |        | |    | |    | |        | | \________ \        
        \ \_________ | |        | |    | |     \ \______/ /___________) |       
         \__________||_|        |_|    |_|      \________//____________/        
                                                                                
====================================[ Qcore ]===================================

 Git describe: 2.3.0
 Compiler:     GNU 9.1.0
 Build type:   Release
 Version:      2.3.0

 Start time:   Fri Oct 22 17:54:22 2021

 Data directory: /work/zw18965/.local/qcore/share/entos/qcore/data
 Number of threads: 24
 Number of threads was determined by: command line argument

 --------------------------------------------------------------------------------
                                   command: dft                                  
 --------------------------------------------------------------------------------
 AO basis set:                           def2-tzvppd
 Number of AO basis functions:         253
 ECP on atom 1 (Au):                     60 electrons
 ECP on atom 2 (Au):                     60 electrons
 ECP on atom 3 (Au):                     60 electrons
 ECP on atom 4 (Au):                     60 electrons

 Formula:                                HAu4(2+)
 Nuclear charge:                       317.000000000
 Total charge:                           2.000000000
 Number of core electrons:             240
 Number of treated electrons:           75

 Number of alpha electrons:             38
 Number of beta electrons:              37
 Number of unpaired electrons:           1
 Spin:                                   1
 Multiplicity:                           doublet

 Theory:                                 dft
 Exchange-correlation functional:        wb97xd3

 Using range separated hybrid functional
 Range separation parameter:             0.250000000
 Short range exact exchange:             0.195728000
 Total long range exact exchange:        1.000000000

 Method for Coulomb:                     incore_df
 Method for exact exchange:              pre_transformed_df
 Integral threshold:                     1.00e-12
 DF basis set:                           def2-universal-jkfit
 Number of DF basis functions:        1006
 Schwarz screening threshold:            1.00e-10
 Coulomb fitting method:                 Cholesky
 Total number of grid points:        42370
 Method for AO orthogonalization:        symmetric
 Threshold for linear dependence:        1.00e-08
 D3 dispersion energy:                  -0.001238693

 -------------------------------------
  Running unrestricted open-shell SCF 
 -------------------------------------
 Max number of iterations:             128
 Conv. threshold (gradient):             1.00e-05
 Conv. threshold (energy):               1.00e-06
 Interpolation scheme:                   adiis+cdiis
 Initial guess:                          SAD

 ---------------------------------------------------------------
                  energy        change          grad        time
 ---------------------------------------------------------------
   0      -544.099557589                    8.99e+00        0.18
   1      -542.915055534      1.18e+00      3.26e-01        0.13
   2      -542.955363173     -4.03e-02      2.65e-01        0.11
   3      -542.984360437     -2.90e-02      1.79e-01        0.11
   4      -542.995022046     -1.07e-02      1.31e-01        0.11
   5      -542.997819933     -2.80e-03      7.94e-02        0.13
   6      -542.998991061     -1.17e-03      3.88e-02        0.12
   7      -542.999268311     -2.77e-04      3.84e-03        0.12
   8      -542.999278107     -9.80e-06      2.03e-03        0.12
   9      -542.999281514     -3.41e-06      8.26e-04        0.12
  10      -542.999282059     -5.45e-07      2.62e-04        0.12
  11      -542.999282161     -1.02e-07      1.09e-04        0.12
  12      -542.999282177     -1.60e-08      6.22e-05        0.12
  13      -542.999282183     -5.65e-09      2.77e-05        0.12
  14      -542.999282184     -1.38e-09      1.19e-05        0.13
  15      -542.999282185     -2.61e-10      4.49e-06        0.11

 SCF converged in 15 iterations.

 Dipole moment (in Debye):               0.000000      -0.000540      -1.060694

 Quadrupole moment (in Debye-Angstrom):
                  1            2            3
 1       -63.245791    -0.000002    -0.000000
 2        -0.000002   -63.243857     0.001600
 3        -0.000000     0.001600   -67.168286

 Spin-squared expectation <S^2>:         0.757
 Total spin quantum number S:            0.504
 TOTAL ENERGY:                        -542.999282185

 --------------------------------------------------------------------------------

 End time:                               Fri Oct 22 17:54:26 2021
 Total wall-clock time:                  4.191 seconds
==================================================================================
