
================================================================================
          _____________ ________ _______________ ________     _________         
         / ___________// ______ \\_____   _____// ______ \   / ________)        
        / /_________  / /      \ \     | |     / /      \ \ | (_______          
       |  __________|| |        | |    | |    | |        | | \________ \        
        \ \_________ | |        | |    | |     \ \______/ /___________) |       
         \__________||_|        |_|    |_|      \________//____________/        
                                                                                
====================================[ Qcore ]===================================

 Git describe: 2.3.0
 Compiler:     GNU 9.1.0
 Build type:   Release
 Version:      2.3.0

 Start time:   Fri Oct 22 17:54:42 2021

 Data directory: /work/zw18965/.local/qcore/share/entos/qcore/data
 Number of threads: 24
 Number of threads was determined by: command line argument

 --------------------------------------------------------------------------------
                                   command: dft                                  
 --------------------------------------------------------------------------------
 AO basis set:                           def2-tzvppd
 Number of AO basis functions:         107

 Formula:                                FCu
 Nuclear charge:                        38.000000000
 Total charge:                           0.000000000
 Number of electrons:                   38.000000000

 Number of alpha electrons:             19
 Number of beta electrons:              19
 Number of unpaired electrons:           0
 Spin:                                   0
 Multiplicity:                           singlet

 Theory:                                 dft
 Exchange-correlation functional:        wb97xd3

 Using range separated hybrid functional
 Range separation parameter:             0.250000000
 Short range exact exchange:             0.195728000
 Total long range exact exchange:        1.000000000

 Method for Coulomb:                     incore_df
 Method for exact exchange:              pre_transformed_df
 Integral threshold:                     1.00e-12
 DF basis set:                           def2-universal-jkfit
 Number of DF basis functions:         341
 Schwarz screening threshold:            1.00e-10
 Coulomb fitting method:                 Cholesky
 Total number of grid points:        14748
 Method for AO orthogonalization:        symmetric
 Threshold for linear dependence:        1.00e-08
 D3 dispersion energy:                  -0.000001856

 -------------------------------------
  Running restricted closed-shell SCF 
 -------------------------------------
 Max number of iterations:             128
 Conv. threshold (gradient):             1.00e-05
 Conv. threshold (energy):               1.00e-06
 Interpolation scheme:                   adiis+cdiis
 Initial guess:                          SAD

 ---------------------------------------------------------------
                  energy        change          grad        time
 ---------------------------------------------------------------
   0     -1740.307489610                    2.59e+00        0.01
   1     -1740.329074184     -2.16e-02      1.18e+00        0.01
   2     -1740.173418693      1.56e-01      2.07e+00        0.01
   3     -1740.427277067     -2.54e-01      2.94e-01        0.01
   4     -1740.424568599      2.71e-03      3.82e-01        0.01
   5     -1740.433271518     -8.70e-03      2.78e-02        0.01
   6     -1740.433512134     -2.41e-04      2.85e-02        0.01
   7     -1740.433685437     -1.73e-04      1.40e-02        0.01
   8     -1740.433763376     -7.79e-05      5.11e-03        0.01
   9     -1740.433784035     -2.07e-05      1.70e-03        0.01
  10     -1740.433785829     -1.79e-06      2.18e-04        0.01
  11     -1740.433785875     -4.55e-08      1.13e-04        0.01
  12     -1740.433785877     -2.39e-09      2.28e-05        0.01
  13     -1740.433785877     -1.87e-10      4.28e-06        0.01

 SCF converged in 13 iterations.

 Dipole moment (in Debye):               0.000001       0.000001       5.270170

 Quadrupole moment (in Debye-Angstrom):
                  1            2            3
 1       -17.109471    -0.000000     0.000001
 2        -0.000000   -17.109471     0.000001
 3         0.000001     0.000001   -19.118275

 Spin-squared expectation <S^2>:         0.000
 Total spin quantum number S:            0.000
 TOTAL ENERGY:                       -1740.433785877

 --------------------------------------------------------------------------------

 End time:                               Fri Oct 22 17:54:43 2021
 Total wall-clock time:                  0.871 seconds
==================================================================================
