
================================================================================
          _____________ ________ _______________ ________     _________         
         / ___________// ______ \\_____   _____// ______ \   / ________)        
        / /_________  / /      \ \     | |     / /      \ \ | (_______          
       |  __________|| |        | |    | |    | |        | | \________ \        
        \ \_________ | |        | |    | |     \ \______/ /___________) |       
         \__________||_|        |_|    |_|      \________//____________/        
                                                                                
====================================[ Qcore ]===================================

 Git describe: 2.3.0
 Compiler:     GNU 9.1.0
 Build type:   Release
 Version:      2.3.0

 Start time:   Fri Oct 22 17:54:43 2021

 Data directory: /work/zw18965/.local/qcore/share/entos/qcore/data
 Number of threads: 24
 Number of threads was determined by: command line argument

 --------------------------------------------------------------------------------
                                   command: dft                                  
 --------------------------------------------------------------------------------
 AO basis set:                           def2-tzvppd
 Number of AO basis functions:          84

 Formula:                                HCu
 Nuclear charge:                        30.000000000
 Total charge:                           0.000000000
 Number of electrons:                   30.000000000

 Number of alpha electrons:             15
 Number of beta electrons:              15
 Number of unpaired electrons:           0
 Spin:                                   0
 Multiplicity:                           singlet

 Theory:                                 dft
 Exchange-correlation functional:        wb97xd3

 Using range separated hybrid functional
 Range separation parameter:             0.250000000
 Short range exact exchange:             0.195728000
 Total long range exact exchange:        1.000000000

 Method for Coulomb:                     incore_df
 Method for exact exchange:              pre_transformed_df
 Integral threshold:                     1.00e-12
 DF basis set:                           def2-universal-jkfit
 Number of DF basis functions:         282
 Schwarz screening threshold:            1.00e-10
 Coulomb fitting method:                 Cholesky
 Total number of grid points:        13826
 Method for AO orthogonalization:        symmetric
 Threshold for linear dependence:        1.00e-08
 D3 dispersion energy:                  -0.000002386

 -------------------------------------
  Running restricted closed-shell SCF 
 -------------------------------------
 Max number of iterations:             128
 Conv. threshold (gradient):             1.00e-05
 Conv. threshold (energy):               1.00e-06
 Interpolation scheme:                   adiis+cdiis
 Initial guess:                          SAD

 ---------------------------------------------------------------
                  energy        change          grad        time
 ---------------------------------------------------------------
   0     -1641.072671342                    3.13e+00        0.01
   1     -1641.124279659     -5.16e-02      3.24e-01        0.01
   2     -1641.120273571      4.01e-03      5.27e-01        0.01
   3     -1641.134801832     -1.45e-02      1.65e-01        0.01
   4     -1641.134443719      3.58e-04      2.13e-01        0.01
   5     -1641.137315778     -2.87e-03      1.89e-02        0.01
   6     -1641.137342897     -2.71e-05      3.98e-02        0.01
   7     -1641.137466088     -1.23e-04      2.81e-03        0.01
   8     -1641.137469682     -3.59e-06      9.04e-04        0.01
   9     -1641.137470000     -3.18e-07      3.50e-04        0.01
  10     -1641.137470060     -5.97e-08      2.85e-05        0.01
  11     -1641.137470061     -9.01e-10      1.29e-05        0.01
  12     -1641.137470061     -3.32e-11      9.72e-07        0.01

 SCF converged in 12 iterations.

 Dipole moment (in Debye):              -0.000001      -0.000001       2.984705

 Quadrupole moment (in Debye-Angstrom):
                  1            2            3
 1       -14.632935     0.000000     0.000000
 2         0.000000   -14.632935     0.000000
 3         0.000000     0.000000   -14.969340

 Spin-squared expectation <S^2>:         0.000
 Total spin quantum number S:            0.000
 TOTAL ENERGY:                       -1641.137470061

 --------------------------------------------------------------------------------

 End time:                               Fri Oct 22 17:54:43 2021
 Total wall-clock time:                  0.702 seconds
==================================================================================
