
================================================================================
          _____________ ________ _______________ ________     _________         
         / ___________// ______ \\_____   _____// ______ \   / ________)        
        / /_________  / /      \ \     | |     / /      \ \ | (_______          
       |  __________|| |        | |    | |    | |        | | \________ \        
        \ \_________ | |        | |    | |     \ \______/ /___________) |       
         \__________||_|        |_|    |_|      \________//____________/        
                                                                                
====================================[ Qcore ]===================================

 Git describe: 2.3.0
 Compiler:     GNU 9.1.0
 Build type:   Release
 Version:      2.3.0

 Start time:   Fri Oct 22 17:54:44 2021

 Data directory: /work/zw18965/.local/qcore/share/entos/qcore/data
 Number of threads: 24
 Number of threads was determined by: command line argument

 --------------------------------------------------------------------------------
                                   command: dft                                  
 --------------------------------------------------------------------------------
 AO basis set:                           def2-tzvppd
 Number of AO basis functions:         134

 Formula:                                Cu2
 Nuclear charge:                        58.000000000
 Total charge:                           0.000000000
 Number of electrons:                   58.000000000

 Number of alpha electrons:             29
 Number of beta electrons:              29
 Number of unpaired electrons:           0
 Spin:                                   0
 Multiplicity:                           singlet

 Theory:                                 dft
 Exchange-correlation functional:        wb97xd3

 Using range separated hybrid functional
 Range separation parameter:             0.250000000
 Short range exact exchange:             0.195728000
 Total long range exact exchange:        1.000000000

 Method for Coulomb:                     incore_df
 Method for exact exchange:              pre_transformed_df
 Integral threshold:                     1.00e-12
 DF basis set:                           def2-universal-jkfit
 Number of DF basis functions:         528
 Schwarz screening threshold:            1.00e-10
 Coulomb fitting method:                 Cholesky
 Total number of grid points:        15872
 Method for AO orthogonalization:        symmetric
 Threshold for linear dependence:        1.00e-08
 D3 dispersion energy:                  -0.000010998

 -------------------------------------
  Running restricted closed-shell SCF 
 -------------------------------------
 Max number of iterations:             128
 Conv. threshold (gradient):             1.00e-05
 Conv. threshold (energy):               1.00e-06
 Interpolation scheme:                   adiis+cdiis
 Initial guess:                          SAD

 ---------------------------------------------------------------
                  energy        change          grad        time
 ---------------------------------------------------------------
   0     -3281.172121376                    3.22e+00        0.02
   1     -3281.133270336      3.89e-02      1.31e-01        0.02
   2     -3281.134352049     -1.08e-03      1.36e-01        0.01
   3     -3281.134976846     -6.25e-04      9.96e-02        0.01
   4     -3281.137158375     -2.18e-03      3.53e-02        0.02
   5     -3281.137347523     -1.89e-04      4.84e-03        0.02
   6     -3281.137365445     -1.79e-05      1.98e-03        0.01
   7     -3281.137369405     -3.96e-06      8.87e-04        0.01
   8     -3281.137370031     -6.26e-07      2.78e-04        0.01
   9     -3281.137370085     -5.41e-08      6.69e-05        0.01
  10     -3281.137370087     -2.20e-09      5.52e-05        0.02
  11     -3281.137370088     -5.63e-10      7.76e-06        0.02

 SCF converged in 11 iterations.

 Dipole moment (in Debye):              -0.000003      -0.000003       0.000008

 Quadrupole moment (in Debye-Angstrom):
                  1            2            3
 1       -27.843607     0.000001    -0.000002
 2         0.000001   -27.843607    -0.000002
 3        -0.000002    -0.000002   -19.581536

 Spin-squared expectation <S^2>:         0.000
 Total spin quantum number S:            0.000
 TOTAL ENERGY:                       -3281.137370088

 --------------------------------------------------------------------------------

 End time:                               Fri Oct 22 17:54:45 2021
 Total wall-clock time:                  0.991 seconds
==================================================================================
