
================================================================================
          _____________ ________ _______________ ________     _________         
         / ___________// ______ \\_____   _____// ______ \   / ________)        
        / /_________  / /      \ \     | |     / /      \ \ | (_______          
       |  __________|| |        | |    | |    | |        | | \________ \        
        \ \_________ | |        | |    | |     \ \______/ /___________) |       
         \__________||_|        |_|    |_|      \________//____________/        
                                                                                
====================================[ Qcore ]===================================

 Git describe: 2.3.0
 Compiler:     GNU 9.1.0
 Build type:   Release
 Version:      2.3.0

 Start time:   Fri Oct 22 17:54:49 2021

 Data directory: /work/zw18965/.local/qcore/share/entos/qcore/data
 Number of threads: 24
 Number of threads was determined by: command line argument

 --------------------------------------------------------------------------------
                                   command: dft                                  
 --------------------------------------------------------------------------------
 AO basis set:                           def2-tzvppd
 Number of AO basis functions:         201

 Formula:                                Cu3
 Nuclear charge:                        87.000000000
 Total charge:                           0.000000000
 Number of electrons:                   87.000000000

 Number of alpha electrons:             44
 Number of beta electrons:              43
 Number of unpaired electrons:           1
 Spin:                                   1
 Multiplicity:                           doublet

 Theory:                                 dft
 Exchange-correlation functional:        wb97xd3

 Using range separated hybrid functional
 Range separation parameter:             0.250000000
 Short range exact exchange:             0.195728000
 Total long range exact exchange:        1.000000000

 Method for Coulomb:                     incore_df
 Method for exact exchange:              pre_transformed_df
 Integral threshold:                     1.00e-12
 DF basis set:                           def2-universal-jkfit
 Number of DF basis functions:         792
 Schwarz screening threshold:            1.00e-10
 Coulomb fitting method:                 Cholesky
 Total number of grid points:        23808
 Method for AO orthogonalization:        symmetric
 Threshold for linear dependence:        1.00e-08
 D3 dispersion energy:                  -0.000049123

 -------------------------------------
  Running unrestricted open-shell SCF 
 -------------------------------------
 Max number of iterations:             128
 Conv. threshold (gradient):             1.00e-05
 Conv. threshold (energy):               1.00e-06
 Interpolation scheme:                   adiis+cdiis
 Initial guess:                          SAD

 ---------------------------------------------------------------
                  energy        change          grad        time
 ---------------------------------------------------------------
   0     -4921.936380658                    3.40e+00        0.07
   1     -4921.692013578      2.44e-01      1.24e-01        0.06
   2     -4921.686871518      5.14e-03      1.69e-01        0.06
   3     -4921.702294903     -1.54e-02      4.08e-02        0.07
   4     -4921.700796194      1.50e-03      7.52e-02        0.06
   5     -4921.703876905     -3.08e-03      5.82e-03        0.06
   6     -4921.703933506     -5.66e-05      3.17e-03        0.07
   7     -4921.703946916     -1.34e-05      4.93e-03        0.06
   8     -4921.703955579     -8.66e-06      1.32e-03        0.06
   9     -4921.703959121     -3.54e-06      5.82e-04        0.06
  10     -4921.703959780     -6.59e-07      4.22e-04        0.06
  11     -4921.703959889     -1.09e-07      2.62e-04        0.06
  12     -4921.703959987     -9.82e-08      9.01e-05        0.06
  13     -4921.703960004     -1.64e-08      4.26e-05        0.06
  14     -4921.703960008     -4.64e-09      1.96e-05        0.06
  15     -4921.703960009     -6.50e-10      1.08e-05        0.06
  16     -4921.703960009     -1.43e-10      4.56e-06        0.07

 SCF converged in 16 iterations.

 Dipole moment (in Debye):              -0.006587      -0.795922      -0.000004

 Quadrupole moment (in Debye-Angstrom):
                  1            2            3
 1       -32.706685     0.050791     0.000000
 2         0.050791   -44.922910     0.000001
 3         0.000000     0.000001   -41.357531

 Spin-squared expectation <S^2>:         0.764
 Total spin quantum number S:            0.507
 TOTAL ENERGY:                       -4921.703960009

 --------------------------------------------------------------------------------

 End time:                               Fri Oct 22 17:54:51 2021
 Total wall-clock time:                  2.355 seconds
==================================================================================
