
================================================================================
          _____________ ________ _______________ ________     _________         
         / ___________// ______ \\_____   _____// ______ \   / ________)        
        / /_________  / /      \ \     | |     / /      \ \ | (_______          
       |  __________|| |        | |    | |    | |        | | \________ \        
        \ \_________ | |        | |    | |     \ \______/ /___________) |       
         \__________||_|        |_|    |_|      \________//____________/        
                                                                                
====================================[ Qcore ]===================================

 Git describe: 2.3.0
 Compiler:     GNU 9.1.0
 Build type:   Release
 Version:      2.3.0

 Start time:   Fri Oct 22 17:54:51 2021

 Data directory: /work/zw18965/.local/qcore/share/entos/qcore/data
 Number of threads: 24
 Number of threads was determined by: command line argument

 --------------------------------------------------------------------------------
                                   command: dft                                  
 --------------------------------------------------------------------------------
 AO basis set:                           def2-tzvppd
 Number of AO basis functions:         201

 Formula:                                Cu3
 Nuclear charge:                        87.000000000
 Total charge:                           0.000000000
 Number of electrons:                   87.000000000

 Number of alpha electrons:             44
 Number of beta electrons:              43
 Number of unpaired electrons:           1
 Spin:                                   1
 Multiplicity:                           doublet

 Theory:                                 dft
 Exchange-correlation functional:        wb97xd3

 Using range separated hybrid functional
 Range separation parameter:             0.250000000
 Short range exact exchange:             0.195728000
 Total long range exact exchange:        1.000000000

 Method for Coulomb:                     incore_df
 Method for exact exchange:              pre_transformed_df
 Integral threshold:                     1.00e-12
 DF basis set:                           def2-universal-jkfit
 Number of DF basis functions:         792
 Schwarz screening threshold:            1.00e-10
 Coulomb fitting method:                 Cholesky
 Total number of grid points:        23808
 Method for AO orthogonalization:        symmetric
 Threshold for linear dependence:        1.00e-08
 D3 dispersion energy:                  -0.000580728

 -------------------------------------
  Running unrestricted open-shell SCF 
 -------------------------------------
 Max number of iterations:             128
 Conv. threshold (gradient):             1.00e-05
 Conv. threshold (energy):               1.00e-06
 Interpolation scheme:                   adiis+cdiis
 Initial guess:                          SAD

 ---------------------------------------------------------------
                  energy        change          grad        time
 ---------------------------------------------------------------
   0     -4921.805434161                    2.45e+00        0.06
   1     -4921.692692631      1.13e-01      6.50e-02        0.07
   2     -4921.692072812      6.20e-04      8.98e-02        0.06
   3     -4921.699309098     -7.24e-03      2.02e-02        0.06
   4     -4921.700007291     -6.98e-04      1.15e-02        0.07
   5     -4921.700198801     -1.92e-04      8.98e-03        0.05
   6     -4921.700251926     -5.31e-05      2.22e-03        0.06
   7     -4921.700265873     -1.39e-05      1.35e-03        0.06
   8     -4921.700268741     -2.87e-06      3.18e-04        0.06
   9     -4921.700269026     -2.85e-07      1.25e-04        0.06
  10     -4921.700269058     -3.28e-08      2.85e-05        0.06
  11     -4921.700269061     -2.67e-09      9.12e-06        0.06

 SCF converged in 11 iterations.

 Dipole moment (in Debye):              -0.000001      -0.000001       0.000003

 Quadrupole moment (in Debye-Angstrom):
                  1            2            3
 1       -41.335652     0.000000    -0.000004
 2         0.000000   -41.335652    -0.000004
 3        -0.000004    -0.000004   -28.056805

 Spin-squared expectation <S^2>:         0.778
 Total spin quantum number S:            0.514
 TOTAL ENERGY:                       -4921.700269061

 --------------------------------------------------------------------------------

 End time:                               Fri Oct 22 17:54:53 2021
 Total wall-clock time:                  1.932 seconds
==================================================================================
