
================================================================================
          _____________ ________ _______________ ________     _________         
         / ___________// ______ \\_____   _____// ______ \   / ________)        
        / /_________  / /      \ \     | |     / /      \ \ | (_______          
       |  __________|| |        | |    | |    | |        | | \________ \        
        \ \_________ | |        | |    | |     \ \______/ /___________) |       
         \__________||_|        |_|    |_|      \________//____________/        
                                                                                
====================================[ Qcore ]===================================

 Git describe: 2.3.0
 Compiler:     GNU 9.1.0
 Build type:   Release
 Version:      2.3.0

 Start time:   Fri Oct 22 17:54:45 2021

 Data directory: /work/zw18965/.local/qcore/share/entos/qcore/data
 Number of threads: 24
 Number of threads was determined by: command line argument

 --------------------------------------------------------------------------------
                                   command: dft                                  
 --------------------------------------------------------------------------------
 AO basis set:                           def2-tzvppd
 Number of AO basis functions:         201

 Formula:                                Cu3+
 Nuclear charge:                        87.000000000
 Total charge:                           1.000000000
 Number of electrons:                   86.000000000

 Number of alpha electrons:             43
 Number of beta electrons:              43
 Number of unpaired electrons:           0
 Spin:                                   0
 Multiplicity:                           singlet

 Theory:                                 dft
 Exchange-correlation functional:        wb97xd3

 Using range separated hybrid functional
 Range separation parameter:             0.250000000
 Short range exact exchange:             0.195728000
 Total long range exact exchange:        1.000000000

 Method for Coulomb:                     incore_df
 Method for exact exchange:              pre_transformed_df
 Integral threshold:                     1.00e-12
 DF basis set:                           def2-universal-jkfit
 Number of DF basis functions:         792
 Schwarz screening threshold:            1.00e-10
 Coulomb fitting method:                 Cholesky
 Total number of grid points:        23808
 Method for AO orthogonalization:        symmetric
 Threshold for linear dependence:        1.00e-08
 D3 dispersion energy:                  -0.000049838

 -------------------------------------
  Running restricted closed-shell SCF 
 -------------------------------------
 Max number of iterations:             128
 Conv. threshold (gradient):             1.00e-05
 Conv. threshold (energy):               1.00e-06
 Interpolation scheme:                   adiis+cdiis
 Initial guess:                          SAD

 ---------------------------------------------------------------
                  energy        change          grad        time
 ---------------------------------------------------------------
   0     -4921.932047806                    6.76e+00        0.04
   1     -4921.480897289      4.51e-01      2.88e-01        0.04
   2     -4921.466713431      1.42e-02      4.29e-01        0.03
   3     -4921.503628161     -3.69e-02      6.75e-02        0.03
   4     -4921.502450733      1.18e-03      1.18e-01        0.03
   5     -4921.505100250     -2.65e-03      7.28e-03        0.04
   6     -4921.505119132     -1.89e-05      2.85e-03        0.04
   7     -4921.505122946     -3.81e-06      1.29e-03        0.03
   8     -4921.505123714     -7.68e-07      5.42e-04        0.03
   9     -4921.505123812     -9.73e-08      4.15e-04        0.03
  10     -4921.505123846     -3.48e-08      1.09e-04        0.03
  11     -4921.505123851     -4.51e-09      2.08e-05        0.04
  12     -4921.505123851     -3.11e-10      6.63e-06        0.04

 SCF converged in 12 iterations.

 Dipole moment (in Debye):              -0.000002      -0.000054      -0.000001

 Quadrupole moment (in Debye-Angstrom):
                  1            2            3
 1       -22.852844    -0.000003     0.000000
 2        -0.000003   -22.852288    -0.000001
 3         0.000000    -0.000001   -35.316242

 Spin-squared expectation <S^2>:         0.000
 Total spin quantum number S:            0.000
 TOTAL ENERGY:                       -4921.505123851

 --------------------------------------------------------------------------------

 End time:                               Fri Oct 22 17:54:47 2021
 Total wall-clock time:                  1.680 seconds
==================================================================================
