
================================================================================
          _____________ ________ _______________ ________     _________         
         / ___________// ______ \\_____   _____// ______ \   / ________)        
        / /_________  / /      \ \     | |     / /      \ \ | (_______          
       |  __________|| |        | |    | |    | |        | | \________ \        
        \ \_________ | |        | |    | |     \ \______/ /___________) |       
         \__________||_|        |_|    |_|      \________//____________/        
                                                                                
====================================[ Qcore ]===================================

 Git describe: 2.3.0
 Compiler:     GNU 9.1.0
 Build type:   Release
 Version:      2.3.0

 Start time:   Fri Oct 22 17:54:47 2021

 Data directory: /work/zw18965/.local/qcore/share/entos/qcore/data
 Number of threads: 24
 Number of threads was determined by: command line argument

 --------------------------------------------------------------------------------
                                   command: dft                                  
 --------------------------------------------------------------------------------
 AO basis set:                           def2-tzvppd
 Number of AO basis functions:         201

 Formula:                                Cu3+
 Nuclear charge:                        87.000000000
 Total charge:                           1.000000000
 Number of electrons:                   86.000000000

 Number of alpha electrons:             43
 Number of beta electrons:              43
 Number of unpaired electrons:           0
 Spin:                                   0
 Multiplicity:                           singlet

 Theory:                                 dft
 Exchange-correlation functional:        wb97xd3

 Using range separated hybrid functional
 Range separation parameter:             0.250000000
 Short range exact exchange:             0.195728000
 Total long range exact exchange:        1.000000000

 Method for Coulomb:                     incore_df
 Method for exact exchange:              pre_transformed_df
 Integral threshold:                     1.00e-12
 DF basis set:                           def2-universal-jkfit
 Number of DF basis functions:         792
 Schwarz screening threshold:            1.00e-10
 Coulomb fitting method:                 Cholesky
 Total number of grid points:        23808
 Method for AO orthogonalization:        symmetric
 Threshold for linear dependence:        1.00e-08
 D3 dispersion energy:                  -0.000547288

 -------------------------------------
  Running restricted closed-shell SCF 
 -------------------------------------
 Max number of iterations:             128
 Conv. threshold (gradient):             1.00e-05
 Conv. threshold (energy):               1.00e-06
 Interpolation scheme:                   adiis+cdiis
 Initial guess:                          SAD

 ---------------------------------------------------------------
                  energy        change          grad        time
 ---------------------------------------------------------------
   0     -4921.771711502                    4.53e+00        0.04
   1     -4921.422949861      3.49e-01      1.86e-01        0.04
   2     -4921.415527271      7.42e-03      2.89e-01        0.04
   3     -4921.438531686     -2.30e-02      6.03e-02        0.03
   4     -4921.436371427      2.16e-03      1.21e-01        0.04
   5     -4921.439842322     -3.47e-03      2.13e-02        0.03
   6     -4921.439913555     -7.12e-05      2.68e-03        0.04
   7     -4921.439919387     -5.83e-06      1.00e-03        0.04
   8     -4921.439920055     -6.67e-07      3.41e-04        0.03
   9     -4921.439920125     -6.96e-08      1.85e-04        0.03
  10     -4921.439920149     -2.46e-08      7.01e-05        0.03
  11     -4921.439920153     -3.66e-09      1.35e-05        0.03
  12     -4921.439920153     -1.13e-10      4.98e-06        0.04

 SCF converged in 12 iterations.

 Dipole moment (in Debye):               0.000000       0.000000      -0.000004

 Quadrupole moment (in Debye-Angstrom):
                  1            2            3
 1       -35.383162    -0.000000    -0.000000
 2        -0.000000   -35.383162    -0.000000
 3        -0.000000    -0.000000     5.729234

 Spin-squared expectation <S^2>:         0.000
 Total spin quantum number S:            0.000
 TOTAL ENERGY:                       -4921.439920153

 --------------------------------------------------------------------------------

 End time:                               Fri Oct 22 17:54:49 2021
 Total wall-clock time:                  1.700 seconds
==================================================================================
