
================================================================================
          _____________ ________ _______________ ________     _________         
         / ___________// ______ \\_____   _____// ______ \   / ________)        
        / /_________  / /      \ \     | |     / /      \ \ | (_______          
       |  __________|| |        | |    | |    | |        | | \________ \        
        \ \_________ | |        | |    | |     \ \______/ /___________) |       
         \__________||_|        |_|    |_|      \________//____________/        
                                                                                
====================================[ Qcore ]===================================

 Git describe: 2.3.0
 Compiler:     GNU 9.1.0
 Build type:   Release
 Version:      2.3.0

 Start time:   Fri Oct 22 17:54:59 2021

 Data directory: /work/zw18965/.local/qcore/share/entos/qcore/data
 Number of threads: 24
 Number of threads was determined by: command line argument

 --------------------------------------------------------------------------------
                                   command: dft                                  
 --------------------------------------------------------------------------------
 AO basis set:                           def2-tzvppd
 Number of AO basis functions:         285

 Formula:                                HCu4(2+)
 Nuclear charge:                       117.000000000
 Total charge:                           2.000000000
 Number of electrons:                  115.000000000

 Number of alpha electrons:             58
 Number of beta electrons:              57
 Number of unpaired electrons:           1
 Spin:                                   1
 Multiplicity:                           doublet

 Theory:                                 dft
 Exchange-correlation functional:        wb97xd3

 Using range separated hybrid functional
 Range separation parameter:             0.250000000
 Short range exact exchange:             0.195728000
 Total long range exact exchange:        1.000000000

 Method for Coulomb:                     incore_df
 Method for exact exchange:              pre_transformed_df
 Integral threshold:                     1.00e-12
 DF basis set:                           def2-universal-jkfit
 Number of DF basis functions:        1074
 Schwarz screening threshold:            1.00e-10
 Coulomb fitting method:                 Cholesky
 Total number of grid points:        37634
 Method for AO orthogonalization:        symmetric
 Threshold for linear dependence:        1.00e-08
 D3 dispersion energy:                  -0.000917918

 -------------------------------------
  Running unrestricted open-shell SCF 
 -------------------------------------
 Max number of iterations:             128
 Conv. threshold (gradient):             1.00e-05
 Conv. threshold (energy):               1.00e-06
 Interpolation scheme:                   adiis+cdiis
 Initial guess:                          SAD

 ---------------------------------------------------------------
                  energy        change          grad        time
 ---------------------------------------------------------------
   0     -6563.341149643                    6.00e+00        0.18
   1     -6562.133781947      1.21e+00      4.60e-01        0.13
   2     -6562.008987758      1.25e-01      9.78e-01        0.14
   3     -6562.238493909     -2.30e-01      7.63e-02        0.13
   4     -6562.239577345     -1.08e-03      6.43e-02        0.14
   5     -6562.241303276     -1.73e-03      3.58e-02        0.13
   6     -6562.241744253     -4.41e-04      1.19e-02        0.12
   7     -6562.241822127     -7.79e-05      5.34e-03        0.13
   8     -6562.241846583     -2.45e-05      2.64e-03        0.14
   9     -6562.241853320     -6.74e-06      1.17e-03        0.14
  10     -6562.241854101     -7.81e-07      1.15e-03        0.14
  11     -6562.241854559     -4.58e-07      2.75e-04        0.14
  12     -6562.241854636     -7.71e-08      1.42e-04        0.14
  13     -6562.241854648     -1.17e-08      1.13e-04        0.13
  14     -6562.241854655     -7.28e-09      4.50e-05        0.14
  15     -6562.241854658     -2.67e-09      1.71e-05        0.13
  16     -6562.241854658     -3.58e-10      1.09e-05        0.13
  17     -6562.241854658     -8.55e-11      6.29e-06        0.13

 SCF converged in 17 iterations.

 Dipole moment (in Debye):              -0.690444       0.001533      -0.004430

 Quadrupole moment (in Debye-Angstrom):
                  1            2            3
 1       -30.383079     0.004605    -0.009334
 2         0.004605   -28.712771    -0.057081
 3        -0.009334    -0.057081   -30.082301

 Spin-squared expectation <S^2>:         0.761
 Total spin quantum number S:            0.506
 TOTAL ENERGY:                       -6562.241854658

 --------------------------------------------------------------------------------

 End time:                               Fri Oct 22 17:55:03 2021
 Total wall-clock time:                  4.659 seconds
==================================================================================
