
================================================================================
          _____________ ________ _______________ ________     _________         
         / ___________// ______ \\_____   _____// ______ \   / ________)        
        / /_________  / /      \ \     | |     / /      \ \ | (_______          
       |  __________|| |        | |    | |    | |        | | \________ \        
        \ \_________ | |        | |    | |     \ \______/ /___________) |       
         \__________||_|        |_|    |_|      \________//____________/        
                                                                                
====================================[ Qcore ]===================================

 Git describe: 2.3.0
 Compiler:     GNU 9.1.0
 Build type:   Release
 Version:      2.3.0

 Start time:   Fri Oct 22 17:55:24 2021

 Data directory: /work/zw18965/.local/qcore/share/entos/qcore/data
 Number of threads: 24
 Number of threads was determined by: command line argument

 --------------------------------------------------------------------------------
                                   command: dft                                  
 --------------------------------------------------------------------------------
 AO basis set:                           def2-tzvppd
 Number of AO basis functions:         268

 Formula:                                Cu4
 Nuclear charge:                       116.000000000
 Total charge:                           0.000000000
 Number of electrons:                  116.000000000

 Number of alpha electrons:             58
 Number of beta electrons:              58
 Number of unpaired electrons:           0
 Spin:                                   0
 Multiplicity:                           singlet

 Theory:                                 dft
 Exchange-correlation functional:        wb97xd3

 Using range separated hybrid functional
 Range separation parameter:             0.250000000
 Short range exact exchange:             0.195728000
 Total long range exact exchange:        1.000000000

 Method for Coulomb:                     incore_df
 Method for exact exchange:              pre_transformed_df
 Integral threshold:                     1.00e-12
 DF basis set:                           def2-universal-jkfit
 Number of DF basis functions:        1056
 Schwarz screening threshold:            1.00e-10
 Coulomb fitting method:                 Cholesky
 Total number of grid points:        31744
 Method for AO orthogonalization:        symmetric
 Threshold for linear dependence:        1.00e-08
 D3 dispersion energy:                  -0.000778598

 -------------------------------------
  Running restricted closed-shell SCF 
 -------------------------------------
 Max number of iterations:             128
 Conv. threshold (gradient):             1.00e-05
 Conv. threshold (energy):               1.00e-06
 Interpolation scheme:                   adiis+cdiis
 Initial guess:                          SAD

 ---------------------------------------------------------------
                  energy        change          grad        time
 ---------------------------------------------------------------
   0     -6562.715236973                    1.01e+01        0.09
   1     -6562.310402849      4.05e-01      3.54e-01        0.07
   2     -6562.298684653      1.17e-02      5.29e-01        0.06
   3     -6562.326073738     -2.74e-02      8.34e-02        0.06
   4     -6562.325105702      9.68e-04      1.64e-01        0.07
   5     -6562.327252537     -2.15e-03      3.09e-02        0.07
   6     -6562.327349426     -9.69e-05      8.36e-03        0.06
   7     -6562.327370202     -2.08e-05      3.20e-03        0.07
   8     -6562.327375975     -5.77e-06      1.46e-03        0.07
   9     -6562.327377228     -1.25e-06      5.74e-04        0.07
  10     -6562.327377429     -2.01e-07      2.48e-04        0.06
  11     -6562.327377449     -2.04e-08      2.07e-04        0.07
  12     -6562.327377455     -5.61e-09      7.41e-05        0.07
  13     -6562.327377456     -1.46e-09      2.89e-05        0.07
  14     -6562.327377456     -3.40e-10      1.36e-05        0.07
  15     -6562.327377456     -2.73e-11      9.25e-06        0.06

 SCF converged in 15 iterations.

 Dipole moment (in Debye):               0.002324       0.000220       0.000016

 Quadrupole moment (in Debye-Angstrom):
                  1            2            3
 1       -47.573996     0.639467     0.980698
 2         0.639467   -54.730121     0.033850
 3         0.980698     0.033850   -52.477514

 Spin-squared expectation <S^2>:         0.000
 Total spin quantum number S:            0.000
 TOTAL ENERGY:                       -6562.327377456

 --------------------------------------------------------------------------------

 End time:                               Fri Oct 22 17:55:27 2021
 Total wall-clock time:                  3.021 seconds
==================================================================================
