
================================================================================
          _____________ ________ _______________ ________     _________         
         / ___________// ______ \\_____   _____// ______ \   / ________)        
        / /_________  / /      \ \     | |     / /      \ \ | (_______          
       |  __________|| |        | |    | |    | |        | | \________ \        
        \ \_________ | |        | |    | |     \ \______/ /___________) |       
         \__________||_|        |_|    |_|      \________//____________/        
                                                                                
====================================[ Qcore ]===================================

 Git describe: 2.3.0
 Compiler:     GNU 9.1.0
 Build type:   Release
 Version:      2.3.0

 Start time:   Fri Oct 22 17:55:08 2021

 Data directory: /work/zw18965/.local/qcore/share/entos/qcore/data
 Number of threads: 24
 Number of threads was determined by: command line argument

 --------------------------------------------------------------------------------
                                   command: dft                                  
 --------------------------------------------------------------------------------
 AO basis set:                           def2-tzvppd
 Number of AO basis functions:         268

 Formula:                                Cu4(2+)
 Nuclear charge:                       116.000000000
 Total charge:                           2.000000000
 Number of electrons:                  114.000000000

 Number of alpha electrons:             57
 Number of beta electrons:              57
 Number of unpaired electrons:           0
 Spin:                                   0
 Multiplicity:                           singlet

 Theory:                                 dft
 Exchange-correlation functional:        wb97xd3

 Using range separated hybrid functional
 Range separation parameter:             0.250000000
 Short range exact exchange:             0.195728000
 Total long range exact exchange:        1.000000000

 Method for Coulomb:                     incore_df
 Method for exact exchange:              pre_transformed_df
 Integral threshold:                     1.00e-12
 DF basis set:                           def2-universal-jkfit
 Number of DF basis functions:        1056
 Schwarz screening threshold:            1.00e-10
 Coulomb fitting method:                 Cholesky
 Total number of grid points:        31744
 Method for AO orthogonalization:        symmetric
 Threshold for linear dependence:        1.00e-08
 D3 dispersion energy:                  -0.000136592

 -------------------------------------
  Running restricted closed-shell SCF 
 -------------------------------------
 Max number of iterations:             128
 Conv. threshold (gradient):             1.00e-05
 Conv. threshold (energy):               1.00e-06
 Interpolation scheme:                   adiis+cdiis
 Initial guess:                          SAD

 ---------------------------------------------------------------
                  energy        change          grad        time
 ---------------------------------------------------------------
   0     -6562.726433103                    9.87e+00        0.09
   1     -6561.621610714      1.10e+00      5.50e-01        0.09
   2     -6561.581167772      4.04e-02      7.32e-01        0.07
   3     -6561.686075861     -1.05e-01      1.29e-01        0.07
   4     -6561.682842258      3.23e-03      1.91e-01        0.08
   5     -6561.689278960     -6.44e-03      2.65e-02        0.09
   6     -6561.689425055     -1.46e-04      1.36e-02        0.08
   7     -6561.689462577     -3.75e-05      4.42e-03        0.08
   8     -6561.689468216     -5.64e-06      1.86e-03        0.10
   9     -6561.689469332     -1.12e-06      5.86e-04        0.08
  10     -6561.689469429     -9.76e-08      5.91e-04        0.08
  11     -6561.689469483     -5.37e-08      7.75e-05        0.08
  12     -6561.689469485     -2.45e-09      1.45e-05        0.08
  13     -6561.689469485     -1.03e-10      3.22e-06        0.08

 SCF converged in 13 iterations.

 Dipole moment (in Debye):               0.000004      -0.000479      -0.000136

 Quadrupole moment (in Debye-Angstrom):
                  1            2            3
 1       -28.403518    -0.000015    -0.000014
 2        -0.000015   -28.404240    -0.000104
 3        -0.000014    -0.000104   -28.403601

 Spin-squared expectation <S^2>:         0.000
 Total spin quantum number S:            0.000
 TOTAL ENERGY:                       -6561.689469485

 --------------------------------------------------------------------------------

 End time:                               Fri Oct 22 17:55:11 2021
 Total wall-clock time:                  3.152 seconds
==================================================================================
