
================================================================================
          _____________ ________ _______________ ________     _________         
         / ___________// ______ \\_____   _____// ______ \   / ________)        
        / /_________  / /      \ \     | |     / /      \ \ | (_______          
       |  __________|| |        | |    | |    | |        | | \________ \        
        \ \_________ | |        | |    | |     \ \______/ /___________) |       
         \__________||_|        |_|    |_|      \________//____________/        
                                                                                
====================================[ Qcore ]===================================

 Git describe: 2.3.0
 Compiler:     GNU 9.1.0
 Build type:   Release
 Version:      2.3.0

 Start time:   Fri Oct 22 17:55:18 2021

 Data directory: /work/zw18965/.local/qcore/share/entos/qcore/data
 Number of threads: 24
 Number of threads was determined by: command line argument

 --------------------------------------------------------------------------------
                                   command: dft                                  
 --------------------------------------------------------------------------------
 AO basis set:                           def2-tzvppd
 Number of AO basis functions:         356

 Formula:                                H3NCu4(2+)
 Nuclear charge:                       126.000000000
 Total charge:                           2.000000000
 Number of electrons:                  124.000000000

 Number of alpha electrons:             62
 Number of beta electrons:              62
 Number of unpaired electrons:           0
 Spin:                                   0
 Multiplicity:                           singlet

 Theory:                                 dft
 Exchange-correlation functional:        wb97xd3

 Using range separated hybrid functional
 Range separation parameter:             0.250000000
 Short range exact exchange:             0.195728000
 Total long range exact exchange:        1.000000000

 Method for Coulomb:                     incore_df
 Method for exact exchange:              pre_transformed_df
 Integral threshold:                     1.00e-12
 DF basis set:                           def2-universal-jkfit
 Number of DF basis functions:        1187
 Schwarz screening threshold:            1.00e-10
 Coulomb fitting method:                 Cholesky
 Total number of grid points:        56214
 Method for AO orthogonalization:        symmetric
 Threshold for linear dependence:        1.00e-08
 D3 dispersion energy:                  -0.003837159

 -------------------------------------
  Running restricted closed-shell SCF 
 -------------------------------------
 Max number of iterations:             128
 Conv. threshold (gradient):             1.00e-05
 Conv. threshold (energy):               1.00e-06
 Interpolation scheme:                   adiis+cdiis
 Initial guess:                          SAD

 ---------------------------------------------------------------
                  energy        change          grad        time
 ---------------------------------------------------------------
   0     -6619.386841476                    1.19e+01        0.21
   1     -6618.217412973      1.17e+00      1.52e+00        0.35
   2     -6618.173011324      4.44e-02      1.63e+00        0.18
   3     -6618.303698349     -1.31e-01      2.13e-01        0.18
   4     -6618.291621403      1.21e-02      3.43e-01        0.19
   5     -6618.309736941     -1.81e-02      9.40e-02        0.18
   6     -6618.308774354      9.63e-04      9.64e-02        0.18
   7     -6618.310405639     -1.63e-03      7.95e-03        0.18
   8     -6618.310417660     -1.20e-05      3.14e-03        0.17
   9     -6618.310419971     -2.31e-06      1.22e-03        0.17
  10     -6618.310420476     -5.05e-07      4.23e-04        0.17
  11     -6618.310420543     -6.70e-08      1.00e-04        0.16
  12     -6618.310420548     -4.78e-09      7.60e-05        0.17
  13     -6618.310420548     -4.21e-10      2.79e-05        0.18
  14     -6618.310420549     -2.37e-10      9.37e-06        0.17

 SCF converged in 14 iterations.

 Dipole moment (in Debye):               3.353884      -0.001041      -0.000006

 Quadrupole moment (in Debye-Angstrom):
                  1            2            3
 1       -17.049097    -0.006298    -0.000002
 2        -0.006298   -36.464315     0.000004
 3        -0.000002     0.000004   -36.465321

 Spin-squared expectation <S^2>:         0.000
 Total spin quantum number S:            0.000
 TOTAL ENERGY:                       -6618.310420549

 --------------------------------------------------------------------------------

 End time:                               Fri Oct 22 17:55:24 2021
 Total wall-clock time:                  6.016 seconds
==================================================================================
