
================================================================================
          _____________ ________ _______________ ________     _________         
         / ___________// ______ \\_____   _____// ______ \   / ________)        
        / /_________  / /      \ \     | |     / /      \ \ | (_______          
       |  __________|| |        | |    | |    | |        | | \________ \        
        \ \_________ | |        | |    | |     \ \______/ /___________) |       
         \__________||_|        |_|    |_|      \________//____________/        
                                                                                
====================================[ Qcore ]===================================

 Git describe: 2.3.0
 Compiler:     GNU 9.1.0
 Build type:   Release
 Version:      2.3.0

 Start time:   Fri Oct 22 17:55:12 2021

 Data directory: /work/zw18965/.local/qcore/share/entos/qcore/data
 Number of threads: 24
 Number of threads was determined by: command line argument

 --------------------------------------------------------------------------------
                                   command: dft                                  
 --------------------------------------------------------------------------------
 AO basis set:                           def2-tzvppd
 Number of AO basis functions:         356

 Formula:                                H3NCu4(2+)
 Nuclear charge:                       126.000000000
 Total charge:                           2.000000000
 Number of electrons:                  124.000000000

 Number of alpha electrons:             62
 Number of beta electrons:              62
 Number of unpaired electrons:           0
 Spin:                                   0
 Multiplicity:                           singlet

 Theory:                                 dft
 Exchange-correlation functional:        wb97xd3

 Using range separated hybrid functional
 Range separation parameter:             0.250000000
 Short range exact exchange:             0.195728000
 Total long range exact exchange:        1.000000000

 Method for Coulomb:                     incore_df
 Method for exact exchange:              pre_transformed_df
 Integral threshold:                     1.00e-12
 DF basis set:                           def2-universal-jkfit
 Number of DF basis functions:        1187
 Schwarz screening threshold:            1.00e-10
 Coulomb fitting method:                 Cholesky
 Total number of grid points:        56214
 Method for AO orthogonalization:        symmetric
 Threshold for linear dependence:        1.00e-08
 D3 dispersion energy:                  -0.001986711

 -------------------------------------
  Running restricted closed-shell SCF 
 -------------------------------------
 Max number of iterations:             128
 Conv. threshold (gradient):             1.00e-05
 Conv. threshold (energy):               1.00e-06
 Interpolation scheme:                   adiis+cdiis
 Initial guess:                          SAD

 ---------------------------------------------------------------
                  energy        change          grad        time
 ---------------------------------------------------------------
   0     -6619.517008539                    1.36e+01        0.19
   1     -6618.276420258      1.24e+00      1.32e+00        0.18
   2     -6618.235027668      4.14e-02      1.15e+00        0.18
   3     -6618.352995111     -1.18e-01      3.08e-01        0.19
   4     -6618.338337113      1.47e-02      6.86e-01        0.18
   5     -6618.359221370     -2.09e-02      9.90e-02        0.17
   6     -6618.357558559      1.66e-03      1.80e-01        0.18
   7     -6618.360099099     -2.54e-03      1.15e-02        0.19
   8     -6618.360115139     -1.60e-05      3.98e-03        0.17
   9     -6618.360117980     -2.84e-06      1.19e-03        0.19
  10     -6618.360118502     -5.22e-07      3.80e-04        0.18
  11     -6618.360118558     -5.62e-08      3.42e-04        0.18
  12     -6618.360118566     -8.53e-09      1.34e-04        0.18
  13     -6618.360118569     -2.51e-09      3.89e-05        0.18
  14     -6618.360118569     -3.00e-10      2.10e-05        0.17
  15     -6618.360118569     -6.18e-11      1.55e-05        0.17
  16     -6618.360118569     -8.19e-12      5.71e-06        0.17

 SCF converged in 16 iterations.

 Dipole moment (in Debye):               0.531497       3.073242       0.000004

 Quadrupole moment (in Debye-Angstrom):
                  1            2            3
 1       -35.034268     4.269328    -0.000000
 2         4.269328   -11.176931    -0.000009
 3        -0.000000    -0.000009   -35.770879

 Spin-squared expectation <S^2>:         0.000
 Total spin quantum number S:            0.000
 TOTAL ENERGY:                       -6618.360118569

 --------------------------------------------------------------------------------

 End time:                               Fri Oct 22 17:55:18 2021
 Total wall-clock time:                  6.064 seconds
==================================================================================
