
================================================================================
          _____________ ________ _______________ ________     _________         
         / ___________// ______ \\_____   _____// ______ \   / ________)        
        / /_________  / /      \ \     | |     / /      \ \ | (_______          
       |  __________|| |        | |    | |    | |        | | \________ \        
        \ \_________ | |        | |    | |     \ \______/ /___________) |       
         \__________||_|        |_|    |_|      \________//____________/        
                                                                                
====================================[ Qcore ]===================================

 Git describe: 2.3.0
 Compiler:     GNU 9.1.0
 Build type:   Release
 Version:      2.3.0

 Start time:   Fri Oct 22 17:55:03 2021

 Data directory: /work/zw18965/.local/qcore/share/entos/qcore/data
 Number of threads: 24
 Number of threads was determined by: command line argument

 --------------------------------------------------------------------------------
                                   command: dft                                  
 --------------------------------------------------------------------------------
 AO basis set:                           def2-tzvppd
 Number of AO basis functions:         285

 Formula:                                HCu4(2+)
 Nuclear charge:                       117.000000000
 Total charge:                           2.000000000
 Number of electrons:                  115.000000000

 Number of alpha electrons:             58
 Number of beta electrons:              57
 Number of unpaired electrons:           1
 Spin:                                   1
 Multiplicity:                           doublet

 Theory:                                 dft
 Exchange-correlation functional:        wb97xd3

 Using range separated hybrid functional
 Range separation parameter:             0.250000000
 Short range exact exchange:             0.195728000
 Total long range exact exchange:        1.000000000

 Method for Coulomb:                     incore_df
 Method for exact exchange:              pre_transformed_df
 Integral threshold:                     1.00e-12
 DF basis set:                           def2-universal-jkfit
 Number of DF basis functions:        1074
 Schwarz screening threshold:            1.00e-10
 Coulomb fitting method:                 Cholesky
 Total number of grid points:        37634
 Method for AO orthogonalization:        symmetric
 Threshold for linear dependence:        1.00e-08
 D3 dispersion energy:                  -0.000567343

 -------------------------------------
  Running unrestricted open-shell SCF 
 -------------------------------------
 Max number of iterations:             128
 Conv. threshold (gradient):             1.00e-05
 Conv. threshold (energy):               1.00e-06
 Interpolation scheme:                   adiis+cdiis
 Initial guess:                          SAD

 ---------------------------------------------------------------
                  energy        change          grad        time
 ---------------------------------------------------------------
   0     -6563.408301668                    6.11e+00        0.19
   1     -6562.139137210      1.27e+00      3.59e-01        0.16
   2     -6562.042538318      9.66e-02      6.97e-01        0.14
   3     -6562.239290352     -1.97e-01      5.72e-02        0.15
   4     -6562.241384417     -2.09e-03      4.20e-02        0.15
   5     -6562.241784202     -4.00e-04      4.31e-02        0.15
   6     -6562.242063368     -2.79e-04      1.26e-02        0.15
   7     -6562.242131590     -6.82e-05      3.59e-03        0.15
   8     -6562.242147478     -1.59e-05      1.86e-03        0.15
   9     -6562.242151147     -3.67e-06      7.39e-04        0.15
  10     -6562.242151656     -5.09e-07      3.21e-04        0.15
  11     -6562.242151705     -4.84e-08      2.31e-04        0.15
  12     -6562.242151725     -2.05e-08      1.19e-04        0.15
  13     -6562.242151732     -6.57e-09      6.61e-05        0.14
  14     -6562.242151734     -2.22e-09      2.55e-05        0.15
  15     -6562.242151734     -3.07e-10      1.32e-05        0.15
  16     -6562.242151734     -6.82e-11      5.82e-06        0.15

 SCF converged in 16 iterations.

 Dipole moment (in Debye):               0.000000       0.000137       0.079075

 Quadrupole moment (in Debye-Angstrom):
                  1            2            3
 1       -29.252865     0.000004    -0.000002
 2         0.000004   -29.251329     0.000106
 3        -0.000002     0.000106   -31.358507

 Spin-squared expectation <S^2>:         0.759
 Total spin quantum number S:            0.504
 TOTAL ENERGY:                       -6562.242151734

 --------------------------------------------------------------------------------

 End time:                               Fri Oct 22 17:55:08 2021
 Total wall-clock time:                  4.901 seconds
==================================================================================
