
================================================================================
          _____________ ________ _______________ ________     _________         
         / ___________// ______ \\_____   _____// ______ \   / ________)        
        / /_________  / /      \ \     | |     / /      \ \ | (_______          
       |  __________|| |        | |    | |    | |        | | \________ \        
        \ \_________ | |        | |    | |     \ \______/ /___________) |       
         \__________||_|        |_|    |_|      \________//____________/        
                                                                                
====================================[ Qcore ]===================================

 Git describe: 2.3.0
 Compiler:     GNU 9.1.0
 Build type:   Release
 Version:      2.3.0

 Start time:   Fri Oct 22 17:54:53 2021

 Data directory: /work/zw18965/.local/qcore/share/entos/qcore/data
 Number of threads: 24
 Number of threads was determined by: command line argument

 --------------------------------------------------------------------------------
                                   command: dft                                  
 --------------------------------------------------------------------------------
 AO basis set:                           def2-tzvppd
 Number of AO basis functions:         285

 Formula:                                HCu4(2+)
 Nuclear charge:                       117.000000000
 Total charge:                           2.000000000
 Number of electrons:                  115.000000000

 Number of alpha electrons:             58
 Number of beta electrons:              57
 Number of unpaired electrons:           1
 Spin:                                   1
 Multiplicity:                           doublet

 Theory:                                 dft
 Exchange-correlation functional:        wb97xd3

 Using range separated hybrid functional
 Range separation parameter:             0.250000000
 Short range exact exchange:             0.195728000
 Total long range exact exchange:        1.000000000

 Method for Coulomb:                     incore_df
 Method for exact exchange:              pre_transformed_df
 Integral threshold:                     1.00e-12
 DF basis set:                           def2-universal-jkfit
 Number of DF basis functions:        1074
 Schwarz screening threshold:            1.00e-10
 Coulomb fitting method:                 Cholesky
 Total number of grid points:        37634
 Method for AO orthogonalization:        symmetric
 Threshold for linear dependence:        1.00e-08
 D3 dispersion energy:                  -0.000761621

 -------------------------------------
  Running unrestricted open-shell SCF 
 -------------------------------------
 Max number of iterations:             128
 Conv. threshold (gradient):             1.00e-05
 Conv. threshold (energy):               1.00e-06
 Interpolation scheme:                   adiis+cdiis
 Initial guess:                          SAD

 ---------------------------------------------------------------
                  energy        change          grad        time
 ---------------------------------------------------------------
   0     -6563.245470826                    5.28e+00        0.18
   1     -6562.081718762      1.16e+00      6.53e-01        0.16
   2     -6561.907318267      1.74e-01      1.25e+00        0.15
   3     -6562.209136055     -3.02e-01      1.31e-01        0.15
   4     -6562.208869268      2.67e-04      1.60e-01        0.15
   5     -6562.214013192     -5.14e-03      1.13e-01        0.15
   6     -6562.215629105     -1.62e-03      9.13e-02        0.16
   7     -6562.216190647     -5.62e-04      8.36e-02        0.17
   8     -6562.217029660     -8.39e-04      9.31e-03        0.17
   9     -6562.217108090     -7.84e-05      4.06e-03        0.15
  10     -6562.217130058     -2.20e-05      2.67e-03        0.15
  11     -6562.217135880     -5.82e-06      1.25e-03        0.16
  12     -6562.217137190     -1.31e-06      8.53e-04        0.15
  13     -6562.217137507     -3.17e-07      5.90e-04        0.15
  14     -6562.217137724     -2.17e-07      1.67e-04        0.16
  15     -6562.217137770     -4.62e-08      7.91e-05        0.16
  16     -6562.217137777     -6.61e-09      2.82e-05        0.16
  17     -6562.217137778     -1.24e-09      1.30e-05        0.15
  18     -6562.217137778     -2.49e-10      3.56e-06        0.15

 SCF converged in 18 iterations.

 Dipole moment (in Debye):              -0.000000       0.000084      -0.691870

 Quadrupole moment (in Debye-Angstrom):
                  1            2            3
 1       -29.439219    -0.000002    -0.000001
 2        -0.000002   -29.438836    -0.000114
 3        -0.000001    -0.000114   -29.787801

 Spin-squared expectation <S^2>:         0.755
 Total spin quantum number S:            0.503
 TOTAL ENERGY:                       -6562.217137778

 --------------------------------------------------------------------------------

 End time:                               Fri Oct 22 17:54:58 2021
 Total wall-clock time:                  5.209 seconds
==================================================================================
