
================================================================================
          _____________ ________ _______________ ________     _________         
         / ___________// ______ \\_____   _____// ______ \   / ________)        
        / /_________  / /      \ \     | |     / /      \ \ | (_______          
       |  __________|| |        | |    | |    | |        | | \________ \        
        \ \_________ | |        | |    | |     \ \______/ /___________) |       
         \__________||_|        |_|    |_|      \________//____________/        
                                                                                
====================================[ Qcore ]===================================

 Git describe: 2.3.0
 Compiler:     GNU 9.1.0
 Build type:   Release
 Version:      2.3.0

 Start time:   Fri Oct 22 17:55:27 2021

 Data directory: /work/zw18965/.local/qcore/share/entos/qcore/data
 Number of threads: 24
 Number of threads was determined by: command line argument

 --------------------------------------------------------------------------------
                                   command: dft                                  
 --------------------------------------------------------------------------------
 AO basis set:                           def2-tzvppd
 Number of AO basis functions:          88

 Formula:                                H3N
 Nuclear charge:                        10.000000000
 Total charge:                           0.000000000
 Number of electrons:                   10.000000000

 Number of alpha electrons:              5
 Number of beta electrons:               5
 Number of unpaired electrons:           0
 Spin:                                   0
 Multiplicity:                           singlet

 Theory:                                 dft
 Exchange-correlation functional:        wb97xd3

 Using range separated hybrid functional
 Range separation parameter:             0.250000000
 Short range exact exchange:             0.195728000
 Total long range exact exchange:        1.000000000

 Method for Coulomb:                     incore_df
 Method for exact exchange:              pre_transformed_df
 Integral threshold:                     1.00e-12
 DF basis set:                           def2-universal-jkfit
 Number of DF basis functions:         131
 Schwarz screening threshold:            1.00e-10
 Coulomb fitting method:                 Cholesky
 Total number of grid points:        24470
 Method for AO orthogonalization:        symmetric
 Threshold for linear dependence:        1.00e-08
 D3 dispersion energy:                  -0.000005811

 -------------------------------------
  Running restricted closed-shell SCF 
 -------------------------------------
 Max number of iterations:             128
 Conv. threshold (gradient):             1.00e-05
 Conv. threshold (energy):               1.00e-06
 Interpolation scheme:                   adiis+cdiis
 Initial guess:                          SAD

 ---------------------------------------------------------------
                  energy        change          grad        time
 ---------------------------------------------------------------
   0       -56.514466673                    7.12e+00        0.01
   1       -56.523441644     -8.97e-03      1.10e+00        0.01
   2       -56.531851558     -8.41e-03      1.03e+00        0.01
   3       -56.568561888     -3.67e-02      1.15e-01        0.01
   4       -56.568659154     -9.73e-05      1.03e-01        0.01
   5       -56.569045098     -3.86e-04      1.36e-02        0.01
   6       -56.569047422     -2.32e-06      1.21e-02        0.01
   7       -56.569052749     -5.33e-06      1.49e-04        0.01
   8       -56.569052755     -5.97e-09      2.54e-05        0.01
   9       -56.569052755     -9.65e-11      5.00e-06        0.01

 SCF converged in 9 iterations.

 Dipole moment (in Debye):               0.000041      -1.664776      -0.000000

 Quadrupole moment (in Debye-Angstrom):
                  1            2            3
 1        -6.377622     0.000687     0.000000
 2         0.000687    -9.194145     0.000000
 3         0.000000     0.000000    -6.376750

 Spin-squared expectation <S^2>:         0.000
 Total spin quantum number S:            0.000
 TOTAL ENERGY:                         -56.569052755

 --------------------------------------------------------------------------------

 End time:                               Fri Oct 22 17:55:28 2021
 Total wall-clock time:                  0.461 seconds
==================================================================================
