
================================================================================
          _____________ ________ _______________ ________     _________         
         / ___________// ______ \\_____   _____// ______ \   / ________)        
        / /_________  / /      \ \     | |     / /      \ \ | (_______          
       |  __________|| |        | |    | |    | |        | | \________ \        
        \ \_________ | |        | |    | |     \ \______/ /___________) |       
         \__________||_|        |_|    |_|      \________//____________/        
                                                                                
====================================[ Qcore ]===================================

 Git describe: 2.3.0
 Compiler:     GNU 9.1.0
 Build type:   Release
 Version:      2.3.0

 Start time:   Fri Oct 22 17:50:40 2021

 Data directory: /work/zw18965/.local/qcore/share/entos/qcore/data
 Number of threads: 24
 Number of threads was determined by: command line argument
  - More threads can be used by running 'qcore -n 32'

 --------------------------------------------------------------------------------
                                   command: dft                                  
 --------------------------------------------------------------------------------
 AO basis set:                           def2-tzvppd
 Number of AO basis functions:          96
 ECP on atom 1 (Ag):                     28 electrons

 Formula:                                FAg
 Nuclear charge:                        56.000000000
 Total charge:                           0.000000000
 Number of core electrons:              28
 Number of treated electrons:           28

 Number of alpha electrons:             14
 Number of beta electrons:              14
 Number of unpaired electrons:           0
 Spin:                                   0
 Multiplicity:                           singlet

 Theory:                                 dft
 Exchange-correlation functional:        pbe
 Method for Coulomb:                     incore_df
 Integral threshold:                     1.00e-12
 DF basis set:                           def2-universal-jkfit
 Number of DF basis functions:         332
 Schwarz screening threshold:            1.00e-10
 Coulomb fitting method:                 Cholesky
 Total number of grid points:        15310
 Method for AO orthogonalization:        symmetric
 Threshold for linear dependence:        1.00e-08
 D3BJ dispersion energy:                -0.000468941

 -------------------------------------
  Running restricted closed-shell SCF 
 -------------------------------------
 Max number of iterations:             128
 Conv. threshold (gradient):             1.00e-05
 Conv. threshold (energy):               1.00e-06
 Interpolation scheme:                   adiis+cdiis
 Initial guess:                          SAD

 ---------------------------------------------------------------
                  energy        change          grad        time
 ---------------------------------------------------------------
   0      -246.761359298                    1.77e+00        0.01
   1      -246.658016745      1.03e-01      1.19e+00        0.01
   2      -238.037624479      8.62e+00      5.97e+00        0.01
   3      -245.607800348     -7.57e+00      3.54e+00        0.01
   4      -246.721571362     -1.11e+00      1.00e+00        0.01
   5      -246.780021771     -5.85e-02      3.25e-01        0.01
   6      -246.781114174     -1.09e-03      3.06e-01        0.01
   7      -246.787457155     -6.34e-03      2.36e-02        0.01
   8      -246.786895332      5.62e-04      7.02e-02        0.01
   9      -246.787557799     -6.62e-04      1.65e-03        0.01
  10      -246.787558032     -2.33e-07      1.01e-04        0.01
  11      -246.787558033     -1.16e-09      3.02e-06        0.01

 SCF converged in 11 iterations.

 Dipole moment (in Debye):               0.000001       0.000001       5.148942

 Quadrupole moment (in Debye-Angstrom):
                  1            2            3
 1       -23.505183     0.000000     0.000000
 2         0.000000   -23.505183     0.000000
 3         0.000000     0.000000   -27.829151

 Spin-squared expectation <S^2>:         0.000
 Total spin quantum number S:            0.000
 TOTAL ENERGY:                        -246.787558033

 --------------------------------------------------------------------------------

 End time:                               Fri Oct 22 17:50:41 2021
 Total wall-clock time:                  0.871 seconds
==================================================================================
