
================================================================================
          _____________ ________ _______________ ________     _________         
         / ___________// ______ \\_____   _____// ______ \   / ________)        
        / /_________  / /      \ \     | |     / /      \ \ | (_______          
       |  __________|| |        | |    | |    | |        | | \________ \        
        \ \_________ | |        | |    | |     \ \______/ /___________) |       
         \__________||_|        |_|    |_|      \________//____________/        
                                                                                
====================================[ Qcore ]===================================

 Git describe: 2.3.0
 Compiler:     GNU 9.1.0
 Build type:   Release
 Version:      2.3.0

 Start time:   Fri Oct 22 17:50:51 2021

 Data directory: /work/zw18965/.local/qcore/share/entos/qcore/data
 Number of threads: 24
 Number of threads was determined by: command line argument
  - More threads can be used by running 'qcore -n 32'

 --------------------------------------------------------------------------------
                                   command: dft                                  
 --------------------------------------------------------------------------------
 AO basis set:                           def2-tzvppd
 Number of AO basis functions:         168
 ECP on atom 1 (Ag):                     28 electrons
 ECP on atom 2 (Ag):                     28 electrons
 ECP on atom 3 (Ag):                     28 electrons

 Formula:                                Ag3
 Nuclear charge:                       141.000000000
 Total charge:                           0.000000000
 Number of core electrons:              84
 Number of treated electrons:           57

 Number of alpha electrons:             29
 Number of beta electrons:              28
 Number of unpaired electrons:           1
 Spin:                                   1
 Multiplicity:                           doublet

 Theory:                                 dft
 Exchange-correlation functional:        pbe
 Method for Coulomb:                     incore_df
 Integral threshold:                     1.00e-12
 DF basis set:                           def2-universal-jkfit
 Number of DF basis functions:         765
 Schwarz screening threshold:            1.00e-10
 Coulomb fitting method:                 Cholesky
 Total number of grid points:        25494
 Method for AO orthogonalization:        symmetric
 Threshold for linear dependence:        1.00e-08
 D3BJ dispersion energy:                -0.003176965

 -------------------------------------
  Running unrestricted open-shell SCF 
 -------------------------------------
 Max number of iterations:             128
 Conv. threshold (gradient):             1.00e-05
 Conv. threshold (energy):               1.00e-06
 Interpolation scheme:                   adiis+cdiis
 Initial guess:                          SAD

 ---------------------------------------------------------------
                  energy        change          grad        time
 ---------------------------------------------------------------
   0      -441.137891205                    1.57e+00        0.03
   1      -441.038302755      9.96e-02      1.03e-01        0.03
   2      -441.008034215      3.03e-02      1.85e-01        0.03
   3      -441.047620087     -3.96e-02      3.43e-02        0.04
   4      -441.048314652     -6.95e-04      3.66e-02        0.03
   5      -441.049707105     -1.39e-03      2.76e-03        0.03
   6      -441.049717227     -1.01e-05      8.74e-04        0.03
   7      -441.049717758     -5.31e-07      2.66e-04        0.04
   8      -441.049717794     -3.60e-08      1.86e-04        0.04
   9      -441.049717819     -2.48e-08      9.08e-05        0.04
  10      -441.049717826     -7.34e-09      3.17e-06        0.04

 SCF converged in 10 iterations.

 Dipole moment (in Debye):               0.000002       0.000002       0.000003

 Quadrupole moment (in Debye-Angstrom):
                  1            2            3
 1       -60.447566     0.000000     0.000000
 2         0.000000   -60.447566     0.000000
 3         0.000000     0.000000   -49.341291

 Spin-squared expectation <S^2>:         0.753
 Total spin quantum number S:            0.501
 TOTAL ENERGY:                        -441.049717826

 --------------------------------------------------------------------------------

 End time:                               Fri Oct 22 17:50:52 2021
 Total wall-clock time:                  1.153 seconds
==================================================================================
