
================================================================================
          _____________ ________ _______________ ________     _________         
         / ___________// ______ \\_____   _____// ______ \   / ________)        
        / /_________  / /      \ \     | |     / /      \ \ | (_______          
       |  __________|| |        | |    | |    | |        | | \________ \        
        \ \_________ | |        | |    | |     \ \______/ /___________) |       
         \__________||_|        |_|    |_|      \________//____________/        
                                                                                
====================================[ Qcore ]===================================

 Git describe: 2.3.0
 Compiler:     GNU 9.1.0
 Build type:   Release
 Version:      2.3.0

 Start time:   Fri Oct 22 17:50:43 2021

 Data directory: /work/zw18965/.local/qcore/share/entos/qcore/data
 Number of threads: 24
 Number of threads was determined by: command line argument
  - More threads can be used by running 'qcore -n 32'

 --------------------------------------------------------------------------------
                                   command: dft                                  
 --------------------------------------------------------------------------------
 AO basis set:                           def2-tzvppd
 Number of AO basis functions:         168
 ECP on atom 1 (Ag):                     28 electrons
 ECP on atom 2 (Ag):                     28 electrons
 ECP on atom 3 (Ag):                     28 electrons

 Formula:                                Ag3+
 Nuclear charge:                       141.000000000
 Total charge:                           1.000000000
 Number of core electrons:              84
 Number of treated electrons:           56

 Number of alpha electrons:             28
 Number of beta electrons:              28
 Number of unpaired electrons:           0
 Spin:                                   0
 Multiplicity:                           singlet

 Theory:                                 dft
 Exchange-correlation functional:        pbe
 Method for Coulomb:                     incore_df
 Integral threshold:                     1.00e-12
 DF basis set:                           def2-universal-jkfit
 Number of DF basis functions:         765
 Schwarz screening threshold:            1.00e-10
 Coulomb fitting method:                 Cholesky
 Total number of grid points:        25494
 Method for AO orthogonalization:        symmetric
 Threshold for linear dependence:        1.00e-08
 D3BJ dispersion energy:                -0.004144206

 -------------------------------------
  Running restricted closed-shell SCF 
 -------------------------------------
 Max number of iterations:             128
 Conv. threshold (gradient):             1.00e-05
 Conv. threshold (energy):               1.00e-06
 Interpolation scheme:                   adiis+cdiis
 Initial guess:                          SAD

 ---------------------------------------------------------------
                  energy        change          grad        time
 ---------------------------------------------------------------
   0      -441.201631719                    4.19e+00        0.03
   1      -440.812153523      3.89e-01      3.17e-01        0.03
   2      -440.784687134      2.75e-02      4.57e-01        0.03
   3      -440.833297991     -4.86e-02      7.26e-02        0.03
   4      -440.831682501      1.62e-03      1.18e-01        0.03
   5      -440.834316287     -2.63e-03      8.43e-04        0.03
   6      -440.834316458     -1.72e-07      1.88e-04        0.03
   7      -440.834316462     -3.63e-09      7.30e-05        0.03
   8      -440.834316463     -5.26e-10      1.88e-05        0.03
   9      -440.834316463     -5.82e-11      6.34e-07        0.03

 SCF converged in 9 iterations.

 Dipole moment (in Debye):               0.000003       0.000011       0.000002

 Quadrupole moment (in Debye-Angstrom):
                  1            2            3
 1       -40.577090    -0.000001     0.000001
 2        -0.000001   -40.577128     0.000001
 3         0.000001     0.000001   -54.229494

 Spin-squared expectation <S^2>:         0.000
 Total spin quantum number S:            0.000
 TOTAL ENERGY:                        -440.834316463

 --------------------------------------------------------------------------------

 End time:                               Fri Oct 22 17:50:44 2021
 Total wall-clock time:                  1.081 seconds
==================================================================================
