
================================================================================
          _____________ ________ _______________ ________     _________         
         / ___________// ______ \\_____   _____// ______ \   / ________)        
        / /_________  / /      \ \     | |     / /      \ \ | (_______          
       |  __________|| |        | |    | |    | |        | | \________ \        
        \ \_________ | |        | |    | |     \ \______/ /___________) |       
         \__________||_|        |_|    |_|      \________//____________/        
                                                                                
====================================[ Qcore ]===================================

 Git describe: 2.3.0
 Compiler:     GNU 9.1.0
 Build type:   Release
 Version:      2.3.0

 Start time:   Sun Oct 24 15:09:32 2021

 Data directory: /work/zw18965/.local/qcore/share/entos/qcore/data
 Number of threads: 24
 Number of threads was determined by: number of physical cores

 --------------------------------------------------------------------------------
                                   command: dft                                  
 --------------------------------------------------------------------------------
 AO basis set:                           def2-tzvppd
 Number of AO basis functions:         168
 ECP on atom 1 (Ag):                     28 electrons
 ECP on atom 2 (Ag):                     28 electrons
 ECP on atom 3 (Ag):                     28 electrons

 Formula:                                Ag3
 Nuclear charge:                       141.000000000
 Total charge:                           0.000000000
 Number of core electrons:              84
 Number of treated electrons:           57

 Number of alpha electrons:             29
 Number of beta electrons:              28
 Number of unpaired electrons:           1
 Spin:                                   1
 Multiplicity:                           doublet

 Theory:                                 dft
 Exchange-correlation functional:        pbe0
 Method for Coulomb:                     incore_df
 Method for exact exchange:              pre_transformed_df
 Integral threshold:                     1.00e-12
 DF basis set:                           def2-universal-jkfit
 Number of DF basis functions:         765
 Schwarz screening threshold:            1.00e-10
 Coulomb fitting method:                 Cholesky
 Total number of grid points:        25494
 Method for AO orthogonalization:        symmetric
 Threshold for linear dependence:        1.00e-08
 D3BJ dispersion energy:                -0.004185314

 -------------------------------------
  Running unrestricted open-shell SCF 
 -------------------------------------
 Max number of iterations:             128
 Conv. threshold (gradient):             1.00e-05
 Conv. threshold (energy):               1.00e-06
 Interpolation scheme:                   adiis+cdiis
 Initial guess:                          SAD

 ---------------------------------------------------------------
                  energy        change          grad        time
 ---------------------------------------------------------------
   0      -441.134063185                    2.06e+00        0.07
   1      -440.974778845      1.59e-01      1.24e-01        0.06
   2      -440.972680036      2.10e-03      1.49e-01        0.05
   3      -440.984657987     -1.20e-02      1.67e-02        0.05
   4      -440.984542526      1.15e-04      2.56e-02        0.05
   5      -440.984830167     -2.88e-04      4.74e-03        0.05
   6      -440.984841058     -1.09e-05      1.24e-03        0.05
   7      -440.984842338     -1.28e-06      4.30e-04        0.05
   8      -440.984842467     -1.29e-07      1.63e-04        0.05
   9      -440.984842485     -1.81e-08      8.25e-05        0.05
  10      -440.984842490     -4.97e-09      2.62e-05        0.05
  11      -440.984842491     -9.90e-10      1.98e-05        0.05
  12      -440.984842492     -8.39e-10      1.03e-05        0.06
  13      -440.984842493     -1.11e-09      9.52e-06        0.06

 SCF converged in 13 iterations.

 Dipole moment (in Debye):               0.048671      -1.156128       0.000001

 Quadrupole moment (in Debye-Angstrom):
                  1            2            3
 1       -51.423733    -0.284665     0.000001
 2        -0.284665   -64.599789     0.000000
 3         0.000001     0.000000   -60.295082

 Spin-squared expectation <S^2>:         0.758
 Total spin quantum number S:            0.504
 TOTAL ENERGY:                        -440.984842493
 Saving results in set 'guess'

 --------------------------------------------------------------------------------
                                   command: dft                                  
 --------------------------------------------------------------------------------
 AO basis set:                           def2-tzvppd
 Number of AO basis functions:         168
 ECP on atom 1 (Ag):                     28 electrons
 ECP on atom 2 (Ag):                     28 electrons
 ECP on atom 3 (Ag):                     28 electrons

 Formula:                                Ag3
 Nuclear charge:                       141.000000000
 Total charge:                           0.000000000
 Number of core electrons:              84
 Number of treated electrons:           57

 Number of alpha electrons:             29
 Number of beta electrons:              28
 Number of unpaired electrons:           1
 Spin:                                   1
 Multiplicity:                           doublet

 Theory:                                 dft
 Exchange-correlation functional:        pbe
 Method for Coulomb:                     incore_df
 Integral threshold:                     1.00e-12
 DF basis set:                           def2-universal-jkfit
 Number of DF basis functions:         765
 Schwarz screening threshold:            1.00e-10
 Coulomb fitting method:                 Cholesky
 Total number of grid points:        25494
 Method for AO orthogonalization:        symmetric
 Threshold for linear dependence:        1.00e-08
 D3BJ dispersion energy:                -0.004142210

 -------------------------------------
  Running unrestricted open-shell SCF 
 -------------------------------------
 Max number of iterations:             128
 Conv. threshold (gradient):             1.00e-05
 Conv. threshold (energy):               1.00e-06
 Interpolation scheme:                   adiis+cdiis
 Initializing maximum overlap method (MOM)

 ---------------------------------------------------------------
                  energy        change          grad        time
 ---------------------------------------------------------------
   0      -441.043751740                    6.61e-02        0.05
   1      -441.044048341     -2.97e-04      7.27e-02        0.05
   2      -441.030313271      1.37e-02      1.45e-01        0.04
   3      -441.048917509     -1.86e-02      1.35e-02        0.04
   4      -441.049020947     -1.03e-04      7.81e-03        0.04
   5      -441.049028519     -7.57e-06      4.48e-03        0.04
   6      -441.049030460     -1.94e-06      4.13e-03        0.04
   7      -441.049042506     -1.20e-05      1.80e-03        0.04
   8      -441.049044075     -1.57e-06      5.79e-04        0.04
   9      -441.049044203     -1.28e-07      3.05e-04        0.05
  10      -441.049044267     -6.37e-08      9.77e-05        0.05
  11      -441.049044274     -6.74e-09      3.27e-05        0.05
  12      -441.049044274     -5.59e-10      2.42e-05        0.05
  13      -441.049044275     -3.99e-10      2.31e-05        0.04
  14      -441.049044275     -3.71e-10      2.13e-05        0.05
  15      -441.049044275     -2.52e-10      2.04e-05        0.05
  16      -441.049044274      1.20e-09      2.75e-05        0.05
  17      -441.049044275     -1.34e-09      3.08e-05        0.04
  18      -441.049044277     -1.21e-09      3.17e-05        0.04
  19      -441.049044277      6.96e-11      2.62e-05        0.05
  20      -441.049044277     -6.59e-10      2.78e-05        0.04
  21      -441.049044279     -1.72e-09      1.06e-05        0.05
  22      -441.049044280     -6.16e-10      6.66e-06        0.05

 SCF converged in 22 iterations.

 Dipole moment (in Debye):               0.004470      -1.064321       0.000002

 Quadrupole moment (in Debye-Angstrom):
                  1            2            3
 1       -52.862014    -0.022577     0.000001
 2        -0.022577   -64.325559     0.000000
 3         0.000001     0.000000   -60.609366

 Spin-squared expectation <S^2>:         0.753
 Total spin quantum number S:            0.502
 TOTAL ENERGY:                        -441.049044280

 --------------------------------------------------------------------------------

 End time:                               Sun Oct 24 15:09:35 2021
 Total wall-clock time:                  3.782 seconds
==================================================================================
