
================================================================================
          _____________ ________ _______________ ________     _________         
         / ___________// ______ \\_____   _____// ______ \   / ________)        
        / /_________  / /      \ \     | |     / /      \ \ | (_______          
       |  __________|| |        | |    | |    | |        | | \________ \        
        \ \_________ | |        | |    | |     \ \______/ /___________) |       
         \__________||_|        |_|    |_|      \________//____________/        
                                                                                
====================================[ Qcore ]===================================

 Git describe: 2.3.0
 Compiler:     GNU 9.1.0
 Build type:   Release
 Version:      2.3.0

 Start time:   Fri Oct 22 17:51:01 2021

 Data directory: /work/zw18965/.local/qcore/share/entos/qcore/data
 Number of threads: 24
 Number of threads was determined by: command line argument
  - More threads can be used by running 'qcore -n 32'

 --------------------------------------------------------------------------------
                                   command: dft                                  
 --------------------------------------------------------------------------------
 AO basis set:                           def2-tzvppd
 Number of AO basis functions:         312
 ECP on atom 1 (Ag):                     28 electrons
 ECP on atom 2 (Ag):                     28 electrons
 ECP on atom 3 (Ag):                     28 electrons
 ECP on atom 4 (Ag):                     28 electrons

 Formula:                                H3NAg4(2+)
 Nuclear charge:                       198.000000000
 Total charge:                           2.000000000
 Number of core electrons:             112
 Number of treated electrons:           84

 Number of alpha electrons:             42
 Number of beta electrons:              42
 Number of unpaired electrons:           0
 Spin:                                   0
 Multiplicity:                           singlet

 Theory:                                 dft
 Exchange-correlation functional:        pbe
 Method for Coulomb:                     incore_df
 Integral threshold:                     1.00e-12
 DF basis set:                           def2-universal-jkfit
 Number of DF basis functions:        1151
 Schwarz screening threshold:            1.00e-10
 Coulomb fitting method:                 Cholesky
 Total number of grid points:        58462
 Method for AO orthogonalization:        symmetric
 Threshold for linear dependence:        1.00e-08
 D3BJ dispersion energy:                -0.011381245

 -------------------------------------
  Running restricted closed-shell SCF 
 -------------------------------------
 Max number of iterations:             128
 Conv. threshold (gradient):             1.00e-05
 Conv. threshold (energy):               1.00e-06
 Interpolation scheme:                   adiis+cdiis
 Initial guess:                          SAD

 ---------------------------------------------------------------
                  energy        change          grad        time
 ---------------------------------------------------------------
   0      -644.895058749                    9.99e+00        0.08
   1      -643.945021019      9.50e-01      2.12e+00        0.09
   2      -643.357889848      5.87e-01      5.12e+00        0.08
   3      -644.015653485     -6.58e-01      1.29e+00        0.09
   4      -644.056004542     -4.04e-02      3.04e-01        0.10
   5      -644.055957200      4.73e-05      3.77e-01        0.09
   6      -644.061473009     -5.52e-03      2.41e-01        0.09
   7      -644.061478782     -5.77e-06      2.29e-01        0.10
   8      -644.063838974     -2.36e-03      1.06e-02        0.10
   9      -644.063794869      4.41e-05      1.87e-02        0.10
  10      -644.063859072     -6.42e-05      3.16e-04        0.10
  11      -644.063859076     -4.49e-09      4.10e-05        0.09
  12      -644.063859076     -2.04e-10      2.36e-05        0.09
  13      -644.063859076     -2.92e-11      1.29e-05        0.09
  14      -644.063859076     -1.03e-11      2.87e-06        0.09

 SCF converged in 14 iterations.

 Dipole moment (in Debye):              -0.809195       4.620360       0.000000

 Quadrupole moment (in Debye-Angstrom):
                  1            2            3
 1       -57.601086    -5.587532    -0.000001
 2        -5.587532   -26.785016    -0.000001
 3        -0.000001    -0.000001   -58.580374

 Spin-squared expectation <S^2>:         0.000
 Total spin quantum number S:            0.000
 TOTAL ENERGY:                        -644.063859076

 --------------------------------------------------------------------------------

 End time:                               Fri Oct 22 17:51:04 2021
 Total wall-clock time:                  2.910 seconds
==================================================================================
