
================================================================================
          _____________ ________ _______________ ________     _________         
         / ___________// ______ \\_____   _____// ______ \   / ________)        
        / /_________  / /      \ \     | |     / /      \ \ | (_______          
       |  __________|| |        | |    | |    | |        | | \________ \        
        \ \_________ | |        | |    | |     \ \______/ /___________) |       
         \__________||_|        |_|    |_|      \________//____________/        
                                                                                
====================================[ Qcore ]===================================

 Git describe: 2.3.0
 Compiler:     GNU 9.1.0
 Build type:   Release
 Version:      2.3.0

 Start time:   Fri Oct 22 17:50:59 2021

 Data directory: /work/zw18965/.local/qcore/share/entos/qcore/data
 Number of threads: 24
 Number of threads was determined by: command line argument
  - More threads can be used by running 'qcore -n 32'

 --------------------------------------------------------------------------------
                                   command: dft                                  
 --------------------------------------------------------------------------------
 AO basis set:                           def2-tzvppd
 Number of AO basis functions:         224
 ECP on atom 1 (Ag):                     28 electrons
 ECP on atom 2 (Ag):                     28 electrons
 ECP on atom 3 (Ag):                     28 electrons
 ECP on atom 4 (Ag):                     28 electrons

 Formula:                                Ag4(2+)
 Nuclear charge:                       188.000000000
 Total charge:                           2.000000000
 Number of core electrons:             112
 Number of treated electrons:           74

 Number of alpha electrons:             37
 Number of beta electrons:              37
 Number of unpaired electrons:           0
 Spin:                                   0
 Multiplicity:                           singlet

 Theory:                                 dft
 Exchange-correlation functional:        pbe
 Method for Coulomb:                     incore_df
 Integral threshold:                     1.00e-12
 DF basis set:                           def2-universal-jkfit
 Number of DF basis functions:        1020
 Schwarz screening threshold:            1.00e-10
 Coulomb fitting method:                 Cholesky
 Total number of grid points:        33992
 Method for AO orthogonalization:        symmetric
 Threshold for linear dependence:        1.00e-08
 D3BJ dispersion energy:                -0.008189179

 -------------------------------------
  Running restricted closed-shell SCF 
 -------------------------------------
 Max number of iterations:             128
 Conv. threshold (gradient):             1.00e-05
 Conv. threshold (energy):               1.00e-06
 Interpolation scheme:                   adiis+cdiis
 Initial guess:                          SAD

 ---------------------------------------------------------------
                  energy        change          grad        time
 ---------------------------------------------------------------
   0      -588.296396136                    5.39e+00        0.04
   1      -587.417104931      8.79e-01      3.63e-01        0.05
   2      -587.360988202      5.61e-02      5.08e-01        0.05
   3      -587.462198150     -1.01e-01      7.42e-02        0.05
   4      -587.458927940      3.27e-03      1.22e-01        0.05
   5      -587.463888631     -4.96e-03      1.70e-03        0.05
   6      -587.463888822     -1.91e-07      1.95e-03        0.05
   7      -587.463889554     -7.32e-07      2.07e-04        0.06
   8      -587.463889562     -7.92e-09      5.61e-05        0.05
   9      -587.463889562     -2.63e-10      4.55e-05        0.05
  10      -587.463889562     -1.32e-10      9.66e-07        0.05

 SCF converged in 10 iterations.

 Dipole moment (in Debye):               0.000001      -0.000078      -0.000100

 Quadrupole moment (in Debye-Angstrom):
                  1            2            3
 1       -50.399983    -0.000004    -0.000007
 2        -0.000004   -50.398844    -0.000267
 3        -0.000007    -0.000267   -50.400497

 Spin-squared expectation <S^2>:         0.000
 Total spin quantum number S:            0.000
 TOTAL ENERGY:                        -587.463889562

 --------------------------------------------------------------------------------

 End time:                               Fri Oct 22 17:51:01 2021
 Total wall-clock time:                  1.647 seconds
==================================================================================
