
================================================================================
          _____________ ________ _______________ ________     _________         
         / ___________// ______ \\_____   _____// ______ \   / ________)        
        / /_________  / /      \ \     | |     / /      \ \ | (_______          
       |  __________|| |        | |    | |    | |        | | \________ \        
        \ \_________ | |        | |    | |     \ \______/ /___________) |       
         \__________||_|        |_|    |_|      \________//____________/        
                                                                                
====================================[ Qcore ]===================================

 Git describe: 2.3.0
 Compiler:     GNU 9.1.0
 Build type:   Release
 Version:      2.3.0

 Start time:   Fri Oct 22 17:51:07 2021

 Data directory: /work/zw18965/.local/qcore/share/entos/qcore/data
 Number of threads: 24
 Number of threads was determined by: command line argument
  - More threads can be used by running 'qcore -n 32'

 --------------------------------------------------------------------------------
                                   command: dft                                  
 --------------------------------------------------------------------------------
 AO basis set:                           def2-tzvppd
 Number of AO basis functions:         224
 ECP on atom 1 (Ag):                     28 electrons
 ECP on atom 2 (Ag):                     28 electrons
 ECP on atom 3 (Ag):                     28 electrons
 ECP on atom 4 (Ag):                     28 electrons

 Formula:                                Ag4
 Nuclear charge:                       188.000000000
 Total charge:                           0.000000000
 Number of core electrons:             112
 Number of treated electrons:           76

 Number of alpha electrons:             38
 Number of beta electrons:              38
 Number of unpaired electrons:           0
 Spin:                                   0
 Multiplicity:                           singlet

 Theory:                                 dft
 Exchange-correlation functional:        pbe
 Method for Coulomb:                     incore_df
 Integral threshold:                     1.00e-12
 DF basis set:                           def2-universal-jkfit
 Number of DF basis functions:        1020
 Schwarz screening threshold:            1.00e-10
 Coulomb fitting method:                 Cholesky
 Total number of grid points:        33992
 Method for AO orthogonalization:        symmetric
 Threshold for linear dependence:        1.00e-08
 D3BJ dispersion energy:                -0.007403517

 -------------------------------------
  Running restricted closed-shell SCF 
 -------------------------------------
 Max number of iterations:             128
 Conv. threshold (gradient):             1.00e-05
 Conv. threshold (energy):               1.00e-06
 Interpolation scheme:                   adiis+cdiis
 Initial guess:                          SAD

 ---------------------------------------------------------------
                  energy        change          grad        time
 ---------------------------------------------------------------
   0      -588.300196311                    6.26e+00        0.04
   1      -588.089240881      2.11e-01      4.40e-01        0.05
   2      -588.053404258      3.58e-02      6.54e-01        0.05
   3      -588.111509548     -5.81e-02      1.20e-01        0.05
   4      -588.109813608      1.70e-03      1.76e-01        0.05
   5      -588.113261287     -3.45e-03      2.01e-02        0.05
   6      -588.113120416      1.41e-04      3.53e-02        0.05
   7      -588.113334290     -2.14e-04      2.36e-03        0.06
   8      -588.113334757     -4.68e-07      4.69e-04        0.05
   9      -588.113334766     -8.44e-09      3.10e-04        0.05
  10      -588.113334779     -1.35e-08      2.12e-05        0.05
  11      -588.113334779     -4.90e-11      1.13e-05        0.05
  12      -588.113334779     -1.26e-11      3.95e-06        0.05

 SCF converged in 12 iterations.

 Dipole moment (in Debye):              -0.003374       0.000486       0.001852

 Quadrupole moment (in Debye-Angstrom):
                  1            2            3
 1       -76.031904     2.364855    -3.328026
 2         2.364855   -80.529105    -1.405772
 3        -3.328026    -1.405772   -78.418874

 Spin-squared expectation <S^2>:         0.000
 Total spin quantum number S:            0.000
 TOTAL ENERGY:                        -588.113334779

 --------------------------------------------------------------------------------

 End time:                               Fri Oct 22 17:51:09 2021
 Total wall-clock time:                  1.752 seconds
==================================================================================
