
================================================================================
          _____________ ________ _______________ ________     _________         
         / ___________// ______ \\_____   _____// ______ \   / ________)        
        / /_________  / /      \ \     | |     / /      \ \ | (_______          
       |  __________|| |        | |    | |    | |        | | \________ \        
        \ \_________ | |        | |    | |     \ \______/ /___________) |       
         \__________||_|        |_|    |_|      \________//____________/        
                                                                                
====================================[ Qcore ]===================================

 Git describe: 2.3.0
 Compiler:     GNU 9.1.0
 Build type:   Release
 Version:      2.3.0

 Start time:   Fri Oct 22 17:50:55 2021

 Data directory: /work/zw18965/.local/qcore/share/entos/qcore/data
 Number of threads: 24
 Number of threads was determined by: command line argument
  - More threads can be used by running 'qcore -n 32'

 --------------------------------------------------------------------------------
                                   command: dft                                  
 --------------------------------------------------------------------------------
 AO basis set:                           def2-tzvppd
 Number of AO basis functions:         241
 ECP on atom 1 (Ag):                     28 electrons
 ECP on atom 2 (Ag):                     28 electrons
 ECP on atom 3 (Ag):                     28 electrons
 ECP on atom 4 (Ag):                     28 electrons

 Formula:                                HAg4(2+)
 Nuclear charge:                       189.000000000
 Total charge:                           2.000000000
 Number of core electrons:             112
 Number of treated electrons:           75

 Number of alpha electrons:             38
 Number of beta electrons:              37
 Number of unpaired electrons:           1
 Spin:                                   1
 Multiplicity:                           doublet

 Theory:                                 dft
 Exchange-correlation functional:        pbe
 Method for Coulomb:                     incore_df
 Integral threshold:                     1.00e-12
 DF basis set:                           def2-universal-jkfit
 Number of DF basis functions:        1038
 Schwarz screening threshold:            1.00e-10
 Coulomb fitting method:                 Cholesky
 Total number of grid points:        39882
 Method for AO orthogonalization:        symmetric
 Threshold for linear dependence:        1.00e-08
 D3BJ dispersion energy:                -0.009301700

 -------------------------------------
  Running unrestricted open-shell SCF 
 -------------------------------------
 Max number of iterations:             128
 Conv. threshold (gradient):             1.00e-05
 Conv. threshold (energy):               1.00e-06
 Interpolation scheme:                   adiis+cdiis
 Initial guess:                          SAD

 ---------------------------------------------------------------
                  energy        change          grad        time
 ---------------------------------------------------------------
   0      -588.857242451                    3.27e+00        0.06
   1      -587.913533887      9.44e-01      4.72e-01        0.07
   2      -587.764750766      1.49e-01      7.01e-01        0.07
   3      -587.999733709     -2.35e-01      1.29e-01        0.07
   4      -587.985857123      1.39e-02      2.45e-01        0.08
   5      -588.006289261     -2.04e-02      4.35e-02        0.07
   6      -588.005779964      5.09e-04      5.56e-02        0.08
   7      -588.007184885     -1.40e-03      1.79e-03        0.08
   8      -588.007185830     -9.46e-07      9.76e-04        0.08
   9      -588.007186001     -1.70e-07      2.54e-04        0.07
  10      -588.007186018     -1.71e-08      6.91e-05        0.08
  11      -588.007186019     -1.16e-09      1.66e-05        0.08
  12      -588.007186019     -9.27e-11      6.12e-06        0.08

 SCF converged in 12 iterations.

 Dipole moment (in Debye):              -0.000002      -0.000005      -0.136092

 Quadrupole moment (in Debye-Angstrom):
                  1            2            3
 1       -52.562047    -0.000000     0.000009
 2        -0.000000   -50.411757    -0.000004
 3         0.000009    -0.000004   -51.358569

 Spin-squared expectation <S^2>:         0.753
 Total spin quantum number S:            0.501
 TOTAL ENERGY:                        -588.007186019

 --------------------------------------------------------------------------------

 End time:                               Fri Oct 22 17:50:57 2021
 Total wall-clock time:                  2.209 seconds
==================================================================================
