
================================================================================
          _____________ ________ _______________ ________     _________         
         / ___________// ______ \\_____   _____// ______ \   / ________)        
        / /_________  / /      \ \     | |     / /      \ \ | (_______          
       |  __________|| |        | |    | |    | |        | | \________ \        
        \ \_________ | |        | |    | |     \ \______/ /___________) |       
         \__________||_|        |_|    |_|      \________//____________/        
                                                                                
====================================[ Qcore ]===================================

 Git describe: 2.3.0
 Compiler:     GNU 9.1.0
 Build type:   Release
 Version:      2.3.0

 Start time:   Fri Oct 22 17:50:52 2021

 Data directory: /work/zw18965/.local/qcore/share/entos/qcore/data
 Number of threads: 24
 Number of threads was determined by: command line argument
  - More threads can be used by running 'qcore -n 32'

 --------------------------------------------------------------------------------
                                   command: dft                                  
 --------------------------------------------------------------------------------
 AO basis set:                           def2-tzvppd
 Number of AO basis functions:         241
 ECP on atom 1 (Ag):                     28 electrons
 ECP on atom 2 (Ag):                     28 electrons
 ECP on atom 3 (Ag):                     28 electrons
 ECP on atom 4 (Ag):                     28 electrons

 Formula:                                HAg4(2+)
 Nuclear charge:                       189.000000000
 Total charge:                           2.000000000
 Number of core electrons:             112
 Number of treated electrons:           75

 Number of alpha electrons:             38
 Number of beta electrons:              37
 Number of unpaired electrons:           1
 Spin:                                   1
 Multiplicity:                           doublet

 Theory:                                 dft
 Exchange-correlation functional:        pbe
 Method for Coulomb:                     incore_df
 Integral threshold:                     1.00e-12
 DF basis set:                           def2-universal-jkfit
 Number of DF basis functions:        1038
 Schwarz screening threshold:            1.00e-10
 Coulomb fitting method:                 Cholesky
 Total number of grid points:        39882
 Method for AO orthogonalization:        symmetric
 Threshold for linear dependence:        1.00e-08
 D3BJ dispersion energy:                -0.008862907

 -------------------------------------
  Running unrestricted open-shell SCF 
 -------------------------------------
 Max number of iterations:             128
 Conv. threshold (gradient):             1.00e-05
 Conv. threshold (energy):               1.00e-06
 Interpolation scheme:                   adiis+cdiis
 Initial guess:                          SAD

 ---------------------------------------------------------------
                  energy        change          grad        time
 ---------------------------------------------------------------
   0      -588.832095950                    3.04e+00        0.07
   1      -587.847669594      9.84e-01      7.04e-01        0.07
   2      -587.550842394      2.97e-01      9.93e-01        0.07
   3      -587.967742034     -4.17e-01      2.70e-01        0.07
   4      -587.961818919      5.92e-03      3.46e-01        0.08
   5      -587.987642392     -2.58e-02      7.54e-02        0.08
   6      -587.973690617      1.40e-02      2.34e-01        0.08
   7      -587.990032998     -1.63e-02      1.06e-02        0.08
   8      -587.990050053     -1.71e-05      4.04e-03        0.08
   9      -587.990053784     -3.73e-06      1.15e-03        0.07
  10      -587.990054081     -2.97e-07      1.62e-04        0.07
  11      -587.990054095     -1.36e-08      1.38e-04        0.08
  12      -587.990054103     -8.33e-09      1.86e-05        0.08
  13      -587.990054104     -1.86e-10      5.63e-06        0.07

 SCF converged in 13 iterations.

 Dipole moment (in Debye):               0.000005       0.000019       0.191065

 Quadrupole moment (in Debye-Angstrom):
                  1            2            3
 1       -51.875184    -0.000002    -0.000001
 2        -0.000002   -51.875017     0.000012
 3        -0.000001     0.000012   -48.674288

 Spin-squared expectation <S^2>:         0.755
 Total spin quantum number S:            0.503
 TOTAL ENERGY:                        -587.990054104

 --------------------------------------------------------------------------------

 End time:                               Fri Oct 22 17:50:55 2021
 Total wall-clock time:                  2.249 seconds
==================================================================================
