
================================================================================
          _____________ ________ _______________ ________     _________         
         / ___________// ______ \\_____   _____// ______ \   / ________)        
        / /_________  / /      \ \     | |     / /      \ \ | (_______          
       |  __________|| |        | |    | |    | |        | | \________ \        
        \ \_________ | |        | |    | |     \ \______/ /___________) |       
         \__________||_|        |_|    |_|      \________//____________/        
                                                                                
====================================[ Qcore ]===================================

 Git describe: 2.3.0
 Compiler:     GNU 9.1.0
 Build type:   Release
 Version:      2.3.0

 Start time:   Fri Oct 22 17:51:04 2021

 Data directory: /work/zw18965/.local/qcore/share/entos/qcore/data
 Number of threads: 24
 Number of threads was determined by: command line argument
  - More threads can be used by running 'qcore -n 32'

 --------------------------------------------------------------------------------
                                   command: dft                                  
 --------------------------------------------------------------------------------
 AO basis set:                           def2-tzvppd
 Number of AO basis functions:         312
 ECP on atom 1 (Ag):                     28 electrons
 ECP on atom 2 (Ag):                     28 electrons
 ECP on atom 3 (Ag):                     28 electrons
 ECP on atom 4 (Ag):                     28 electrons

 Formula:                                H3NAg4(2+)
 Nuclear charge:                       198.000000000
 Total charge:                           2.000000000
 Number of core electrons:             112
 Number of treated electrons:           84

 Number of alpha electrons:             42
 Number of beta electrons:              42
 Number of unpaired electrons:           0
 Spin:                                   0
 Multiplicity:                           singlet

 Theory:                                 dft
 Exchange-correlation functional:        pbe
 Method for Coulomb:                     incore_df
 Integral threshold:                     1.00e-12
 DF basis set:                           def2-universal-jkfit
 Number of DF basis functions:        1151
 Schwarz screening threshold:            1.00e-10
 Coulomb fitting method:                 Cholesky
 Total number of grid points:        58462
 Method for AO orthogonalization:        symmetric
 Threshold for linear dependence:        1.00e-08
 D3BJ dispersion energy:                -0.012735378

 -------------------------------------
  Running restricted closed-shell SCF 
 -------------------------------------
 Max number of iterations:             128
 Conv. threshold (gradient):             1.00e-05
 Conv. threshold (energy):               1.00e-06
 Interpolation scheme:                   adiis+cdiis
 Initial guess:                          SAD

 ---------------------------------------------------------------
                  energy        change          grad        time
 ---------------------------------------------------------------
   0      -644.819768320                    9.11e+00        0.08
   1      -643.877289994      9.42e-01      2.20e+00        0.09
   2      -642.399937910      1.48e+00      4.99e+00        0.09
   3      -643.910050490     -1.51e+00      2.11e+00        0.09
   4      -644.015110716     -1.05e-01      2.26e-01        0.09
   5      -643.982596621      3.25e-02      7.23e-01        0.09
   6      -644.018575381     -3.60e-02      1.53e-01        0.09
   7      -644.021466373     -2.89e-03      9.70e-02        0.10
   8      -644.020702166      7.64e-04      2.09e-01        0.10
   9      -644.021770643     -1.07e-03      2.53e-03        0.10
  10      -644.021770814     -1.71e-07      4.01e-04        0.09
  11      -644.021770824     -9.78e-09      7.85e-05        0.09
  12      -644.021770824     -6.02e-10      2.16e-05        0.10
  13      -644.021770824     -1.96e-11      5.34e-06        0.09

 SCF converged in 13 iterations.

 Dipole moment (in Debye):               0.000001      -0.000151      -4.015995

 Quadrupole moment (in Debye-Angstrom):
                  1            2            3
 1       -58.900002     0.000001     0.000001
 2         0.000001   -58.899743     0.000636
 3         0.000001     0.000636   -37.440658

 Spin-squared expectation <S^2>:         0.000
 Total spin quantum number S:            0.000
 TOTAL ENERGY:                        -644.021770824

 --------------------------------------------------------------------------------

 End time:                               Fri Oct 22 17:51:07 2021
 Total wall-clock time:                  2.899 seconds
==================================================================================
