
================================================================================
          _____________ ________ _______________ ________     _________         
         / ___________// ______ \\_____   _____// ______ \   / ________)        
        / /_________  / /      \ \     | |     / /      \ \ | (_______          
       |  __________|| |        | |    | |    | |        | | \________ \        
        \ \_________ | |        | |    | |     \ \______/ /___________) |       
         \__________||_|        |_|    |_|      \________//____________/        
                                                                                
====================================[ Qcore ]===================================

 Git describe: 2.3.0
 Compiler:     GNU 9.1.0
 Build type:   Release
 Version:      2.3.0

 Start time:   Fri Oct 22 17:50:57 2021

 Data directory: /work/zw18965/.local/qcore/share/entos/qcore/data
 Number of threads: 24
 Number of threads was determined by: command line argument
  - More threads can be used by running 'qcore -n 32'

 --------------------------------------------------------------------------------
                                   command: dft                                  
 --------------------------------------------------------------------------------
 AO basis set:                           def2-tzvppd
 Number of AO basis functions:         241
 ECP on atom 1 (Ag):                     28 electrons
 ECP on atom 2 (Ag):                     28 electrons
 ECP on atom 3 (Ag):                     28 electrons
 ECP on atom 4 (Ag):                     28 electrons

 Formula:                                HAg4(2+)
 Nuclear charge:                       189.000000000
 Total charge:                           2.000000000
 Number of core electrons:             112
 Number of treated electrons:           75

 Number of alpha electrons:             38
 Number of beta electrons:              37
 Number of unpaired electrons:           1
 Spin:                                   1
 Multiplicity:                           doublet

 Theory:                                 dft
 Exchange-correlation functional:        pbe
 Method for Coulomb:                     incore_df
 Integral threshold:                     1.00e-12
 DF basis set:                           def2-universal-jkfit
 Number of DF basis functions:        1038
 Schwarz screening threshold:            1.00e-10
 Coulomb fitting method:                 Cholesky
 Total number of grid points:        39882
 Method for AO orthogonalization:        symmetric
 Threshold for linear dependence:        1.00e-08
 D3BJ dispersion energy:                -0.009524984

 -------------------------------------
  Running unrestricted open-shell SCF 
 -------------------------------------
 Max number of iterations:             128
 Conv. threshold (gradient):             1.00e-05
 Conv. threshold (energy):               1.00e-06
 Interpolation scheme:                   adiis+cdiis
 Initial guess:                          SAD

 ---------------------------------------------------------------
                  energy        change          grad        time
 ---------------------------------------------------------------
   0      -588.877468187                    3.41e+00        0.07
   1      -587.917462990      9.60e-01      3.79e-01        0.07
   2      -587.802749286      1.15e-01      5.00e-01        0.07
   3      -587.996598193     -1.94e-01      1.02e-01        0.08
   4      -587.985978265      1.06e-02      1.50e-01        0.08
   5      -588.000891922     -1.49e-02      3.28e-02        0.08
   6      -588.000886951      4.97e-06      2.93e-02        0.08
   7      -588.001528514     -6.42e-04      2.40e-03        0.09
   8      -588.001530319     -1.81e-06      1.19e-03        0.08
   9      -588.001530515     -1.96e-07      2.06e-04        0.07
  10      -588.001530526     -1.08e-08      5.23e-05        0.08
  11      -588.001530527     -8.13e-10      1.11e-05        0.08
  12      -588.001530527      5.68e-13      1.15e-05        0.08
  13      -588.001530527     -3.46e-11      3.80e-06        0.08

 SCF converged in 13 iterations.

 Dipole moment (in Debye):               0.000001       0.000036      -0.554729

 Quadrupole moment (in Debye-Angstrom):
                  1            2            3
 1       -50.954447     0.000001    -0.000000
 2         0.000001   -50.954485    -0.000515
 3        -0.000000    -0.000515   -53.152835

 Spin-squared expectation <S^2>:         0.753
 Total spin quantum number S:            0.501
 TOTAL ENERGY:                        -588.001530527

 --------------------------------------------------------------------------------

 End time:                               Fri Oct 22 17:50:59 2021
 Total wall-clock time:                  2.326 seconds
==================================================================================
