
================================================================================
          _____________ ________ _______________ ________     _________         
         / ___________// ______ \\_____   _____// ______ \   / ________)        
        / /_________  / /      \ \     | |     / /      \ \ | (_______          
       |  __________|| |        | |    | |    | |        | | \________ \        
        \ \_________ | |        | |    | |     \ \______/ /___________) |       
         \__________||_|        |_|    |_|      \________//____________/        
                                                                                
====================================[ Qcore ]===================================

 Git describe: 2.3.0
 Compiler:     GNU 9.1.0
 Build type:   Release
 Version:      2.3.0

 Start time:   Fri Oct 22 17:51:10 2021

 Data directory: /work/zw18965/.local/qcore/share/entos/qcore/data
 Number of threads: 24
 Number of threads was determined by: command line argument
  - More threads can be used by running 'qcore -n 32'

 --------------------------------------------------------------------------------
                                   command: dft                                  
 --------------------------------------------------------------------------------
 AO basis set:                           def2-tzvppd
 Number of AO basis functions:          76
 ECP on atom 1 (Au):                     60 electrons

 Formula:                                HAu
 Nuclear charge:                        80.000000000
 Total charge:                           0.000000000
 Number of core electrons:              60
 Number of treated electrons:           20

 Number of alpha electrons:             10
 Number of beta electrons:              10
 Number of unpaired electrons:           0
 Spin:                                   0
 Multiplicity:                           singlet

 Theory:                                 dft
 Exchange-correlation functional:        pbe
 Method for Coulomb:                     incore_df
 Integral threshold:                     1.00e-12
 DF basis set:                           def2-universal-jkfit
 Number of DF basis functions:         265
 Schwarz screening threshold:            1.00e-10
 Coulomb fitting method:                 Cholesky
 Total number of grid points:        15010
 Method for AO orthogonalization:        symmetric
 Threshold for linear dependence:        1.00e-08
 D3BJ dispersion energy:                -0.000426474

 -------------------------------------
  Running restricted closed-shell SCF 
 -------------------------------------
 Max number of iterations:             128
 Conv. threshold (gradient):             1.00e-05
 Conv. threshold (energy):               1.00e-06
 Interpolation scheme:                   adiis+cdiis
 Initial guess:                          SAD

 ---------------------------------------------------------------
                  energy        change          grad        time
 ---------------------------------------------------------------
   0      -136.351156971                    6.04e+00        0.01
   1      -136.331495953      1.97e-02      5.88e-01        0.01
   2      -136.188714041      1.43e-01      1.25e+00        0.01
   3      -136.350324640     -1.62e-01      3.67e-01        0.01
   4      -136.361738830     -1.14e-02      1.27e-01        0.01
   5      -136.361810860     -7.20e-05      1.23e-01        0.01
   6      -136.363265806     -1.45e-03      9.74e-03        0.01
   7      -136.363238193      2.76e-05      1.73e-02        0.01
   8      -136.363277379     -3.92e-05      3.43e-05        0.01
   9      -136.363277379     -1.42e-10      4.44e-06        0.01

 SCF converged in 9 iterations.

 Dipole moment (in Debye):               0.000000       0.000000       1.121295

 Quadrupole moment (in Debye-Angstrom):
                  1            2            3
 1       -25.168354    -0.000000    -0.000001
 2        -0.000000   -25.168354    -0.000001
 3        -0.000001    -0.000001   -21.943820

 Spin-squared expectation <S^2>:         0.000
 Total spin quantum number S:            0.000
 TOTAL ENERGY:                        -136.363277379

 --------------------------------------------------------------------------------

 End time:                               Fri Oct 22 17:51:10 2021
 Total wall-clock time:                  0.580 seconds
==================================================================================
