
================================================================================
          _____________ ________ _______________ ________     _________         
         / ___________// ______ \\_____   _____// ______ \   / ________)        
        / /_________  / /      \ \     | |     / /      \ \ | (_______          
       |  __________|| |        | |    | |    | |        | | \________ \        
        \ \_________ | |        | |    | |     \ \______/ /___________) |       
         \__________||_|        |_|    |_|      \________//____________/        
                                                                                
====================================[ Qcore ]===================================

 Git describe: 2.3.0
 Compiler:     GNU 9.1.0
 Build type:   Release
 Version:      2.3.0

 Start time:   Fri Oct 22 17:51:09 2021

 Data directory: /work/zw18965/.local/qcore/share/entos/qcore/data
 Number of threads: 24
 Number of threads was determined by: command line argument
  - More threads can be used by running 'qcore -n 32'

 --------------------------------------------------------------------------------
                                   command: dft                                  
 --------------------------------------------------------------------------------
 AO basis set:                           def2-tzvppd
 Number of AO basis functions:          99
 ECP on atom 1 (Au):                     60 electrons

 Formula:                                FAu
 Nuclear charge:                        88.000000000
 Total charge:                           0.000000000
 Number of core electrons:              60
 Number of treated electrons:           28

 Number of alpha electrons:             14
 Number of beta electrons:              14
 Number of unpaired electrons:           0
 Spin:                                   0
 Multiplicity:                           singlet

 Theory:                                 dft
 Exchange-correlation functional:        pbe
 Method for Coulomb:                     incore_df
 Integral threshold:                     1.00e-12
 DF basis set:                           def2-universal-jkfit
 Number of DF basis functions:         324
 Schwarz screening threshold:            1.00e-10
 Coulomb fitting method:                 Cholesky
 Total number of grid points:        15932
 Method for AO orthogonalization:        symmetric
 Threshold for linear dependence:        1.00e-08
 D3BJ dispersion energy:                -0.000504100

 -------------------------------------
  Running restricted closed-shell SCF 
 -------------------------------------
 Max number of iterations:             128
 Conv. threshold (gradient):             1.00e-05
 Conv. threshold (energy):               1.00e-06
 Interpolation scheme:                   adiis+cdiis
 Initial guess:                          SAD

 ---------------------------------------------------------------
                  energy        change          grad        time
 ---------------------------------------------------------------
   0      -235.572784802                    3.75e+00        0.01
   1      -235.420313135      1.52e-01      1.30e+00        0.01
   2      -231.520252256      3.90e+00      7.20e+00        0.01
   3      -235.080328248     -3.56e+00      2.62e+00        0.01
   4      -235.524719124     -4.44e-01      4.00e-01        0.01
   5      -235.519613891      5.11e-03      4.62e-01        0.01
   6      -235.536947527     -1.73e-02      5.99e-02        0.01
   7      -235.533988924      2.96e-03      2.23e-01        0.01
   8      -235.537220485     -3.23e-03      4.71e-03        0.01
   9      -235.537222616     -2.13e-06      4.94e-04        0.01
  10      -235.537222649     -3.31e-08      5.54e-05        0.01
  11      -235.537222649     -2.08e-10      1.22e-05        0.01
  12      -235.537222649     -8.38e-12      5.07e-07        0.01

 SCF converged in 12 iterations.

 Dipole moment (in Debye):              -0.000000      -0.000000       3.658522

 Quadrupole moment (in Debye-Angstrom):
                  1            2            3
 1       -27.761790    -0.000000     0.000001
 2        -0.000000   -27.761790     0.000001
 3         0.000001     0.000001   -29.476018

 Spin-squared expectation <S^2>:         0.000
 Total spin quantum number S:            0.000
 TOTAL ENERGY:                        -235.537222649

 --------------------------------------------------------------------------------

 End time:                               Fri Oct 22 17:51:10 2021
 Total wall-clock time:                  0.682 seconds
==================================================================================
