
================================================================================
          _____________ ________ _______________ ________     _________         
         / ___________// ______ \\_____   _____// ______ \   / ________)        
        / /_________  / /      \ \     | |     / /      \ \ | (_______          
       |  __________|| |        | |    | |    | |        | | \________ \        
        \ \_________ | |        | |    | |     \ \______/ /___________) |       
         \__________||_|        |_|    |_|      \________//____________/        
                                                                                
====================================[ Qcore ]===================================

 Git describe: 2.3.0
 Compiler:     GNU 9.1.0
 Build type:   Release
 Version:      2.3.0

 Start time:   Fri Oct 22 17:51:11 2021

 Data directory: /work/zw18965/.local/qcore/share/entos/qcore/data
 Number of threads: 24
 Number of threads was determined by: command line argument
  - More threads can be used by running 'qcore -n 32'

 --------------------------------------------------------------------------------
                                   command: dft                                  
 --------------------------------------------------------------------------------
 AO basis set:                           def2-tzvppd
 Number of AO basis functions:         118
 ECP on atom 1 (Au):                     60 electrons
 ECP on atom 2 (Au):                     60 electrons

 Formula:                                Au2
 Nuclear charge:                       158.000000000
 Total charge:                           0.000000000
 Number of core electrons:             120
 Number of treated electrons:           38

 Number of alpha electrons:             19
 Number of beta electrons:              19
 Number of unpaired electrons:           0
 Spin:                                   0
 Multiplicity:                           singlet

 Theory:                                 dft
 Exchange-correlation functional:        pbe
 Method for Coulomb:                     incore_df
 Integral threshold:                     1.00e-12
 DF basis set:                           def2-universal-jkfit
 Number of DF basis functions:         494
 Schwarz screening threshold:            1.00e-10
 Coulomb fitting method:                 Cholesky
 Total number of grid points:        18240
 Method for AO orthogonalization:        symmetric
 Threshold for linear dependence:        1.00e-08
 D3BJ dispersion energy:                -0.001478063

 -------------------------------------
  Running restricted closed-shell SCF 
 -------------------------------------
 Max number of iterations:             128
 Conv. threshold (gradient):             1.00e-05
 Conv. threshold (energy):               1.00e-06
 Interpolation scheme:                   adiis+cdiis
 Initial guess:                          SAD

 ---------------------------------------------------------------
                  energy        change          grad        time
 ---------------------------------------------------------------
   0      -271.635697080                    5.06e+00        0.02
   1      -271.559039740      7.67e-02      3.02e-01        0.01
   2      -271.527060989      3.20e-02      4.69e-01        0.01
   3      -271.575480873     -4.84e-02      9.69e-02        0.01
   4      -271.574790498      6.90e-04      1.14e-01        0.01
   5      -271.577341223     -2.55e-03      1.33e-03        0.01
   6      -271.577341772     -5.48e-07      2.17e-04        0.01
   7      -271.577341782     -1.06e-08      2.90e-05        0.01
   8      -271.577341782      3.06e-10      4.49e-05        0.01
   9      -271.577341782     -4.86e-10      1.64e-06        0.02

 SCF converged in 9 iterations.

 Dipole moment (in Debye):              -0.000002      -0.000003      -0.000004

 Quadrupole moment (in Debye-Angstrom):
                  1            2            3
 1       -46.945829    -0.000000     0.000000
 2        -0.000000   -46.945829     0.000000
 3         0.000000     0.000000   -38.700921

 Spin-squared expectation <S^2>:         0.000
 Total spin quantum number S:            0.000
 TOTAL ENERGY:                        -271.577341782

 --------------------------------------------------------------------------------

 End time:                               Fri Oct 22 17:51:12 2021
 Total wall-clock time:                  0.725 seconds
==================================================================================
