
================================================================================
          _____________ ________ _______________ ________     _________         
         / ___________// ______ \\_____   _____// ______ \   / ________)        
        / /_________  / /      \ \     | |     / /      \ \ | (_______          
       |  __________|| |        | |    | |    | |        | | \________ \        
        \ \_________ | |        | |    | |     \ \______/ /___________) |       
         \__________||_|        |_|    |_|      \________//____________/        
                                                                                
====================================[ Qcore ]===================================

 Git describe: 2.3.0
 Compiler:     GNU 9.1.0
 Build type:   Release
 Version:      2.3.0

 Start time:   Fri Oct 22 17:51:26 2021

 Data directory: /work/zw18965/.local/qcore/share/entos/qcore/data
 Number of threads: 24
 Number of threads was determined by: command line argument
  - More threads can be used by running 'qcore -n 32'

 --------------------------------------------------------------------------------
                                   command: dft                                  
 --------------------------------------------------------------------------------
 AO basis set:                           def2-tzvppd
 Number of AO basis functions:         177
 ECP on atom 1 (Au):                     60 electrons
 ECP on atom 2 (Au):                     60 electrons
 ECP on atom 3 (Au):                     60 electrons

 Formula:                                Au3
 Nuclear charge:                       237.000000000
 Total charge:                           0.000000000
 Number of core electrons:             180
 Number of treated electrons:           57

 Number of alpha electrons:             29
 Number of beta electrons:              28
 Number of unpaired electrons:           1
 Spin:                                   1
 Multiplicity:                           doublet

 Theory:                                 dft
 Exchange-correlation functional:        pbe
 Method for Coulomb:                     incore_df
 Integral threshold:                     1.00e-12
 DF basis set:                           def2-universal-jkfit
 Number of DF basis functions:         741
 Schwarz screening threshold:            1.00e-10
 Coulomb fitting method:                 Cholesky
 Total number of grid points:        27360
 Method for AO orthogonalization:        symmetric
 Threshold for linear dependence:        1.00e-08
 D3BJ dispersion energy:                -0.003435331

 -------------------------------------
  Running unrestricted open-shell SCF 
 -------------------------------------
 Max number of iterations:             128
 Conv. threshold (gradient):             1.00e-05
 Conv. threshold (energy):               1.00e-06
 Interpolation scheme:                   adiis+cdiis
 Initial guess:                          SAD

 ---------------------------------------------------------------
                  energy        change          grad        time
 ---------------------------------------------------------------
   0      -407.487211366                    3.86e+00        0.04
   1      -407.349962704      1.37e-01      1.76e-01        0.04
   2      -407.090839575      2.59e-01      6.53e-01        0.04
   3      -407.348922213     -2.58e-01      1.29e-01        0.04
   4      -407.226252558      1.23e-01      5.19e-01        0.04
   5      -407.369161142     -1.43e-01      1.08e-02        0.04
   6      -407.368576352      5.85e-04      2.63e-02        0.04
   7      -407.369287456     -7.11e-04      3.89e-03        0.04
   8      -407.369191171      9.63e-05      1.10e-02        0.04
   9      -407.369296971     -1.06e-04      4.73e-04        0.04
  10      -407.369297135     -1.64e-07      1.19e-04        0.04
  11      -407.369297145     -1.02e-08      4.36e-05        0.04
  12      -407.369297145     -5.18e-10      2.32e-05        0.04
  13      -407.369297146     -3.02e-10      2.15e-06        0.04

 SCF converged in 13 iterations.

 Dipole moment (in Debye):              -0.000016      -0.000016      -0.000041

 Quadrupole moment (in Debye-Angstrom):
                  1            2            3
 1       -69.779094    -0.000010     0.000003
 2        -0.000010   -69.779094     0.000003
 3         0.000003     0.000003   -57.556862

 Spin-squared expectation <S^2>:         0.752
 Total spin quantum number S:            0.501
 TOTAL ENERGY:                        -407.369297146

 --------------------------------------------------------------------------------

 End time:                               Fri Oct 22 17:51:27 2021
 Total wall-clock time:                  1.332 seconds
==================================================================================
