
================================================================================
          _____________ ________ _______________ ________     _________         
         / ___________// ______ \\_____   _____// ______ \   / ________)        
        / /_________  / /      \ \     | |     / /      \ \ | (_______          
       |  __________|| |        | |    | |    | |        | | \________ \        
        \ \_________ | |        | |    | |     \ \______/ /___________) |       
         \__________||_|        |_|    |_|      \________//____________/        
                                                                                
====================================[ Qcore ]===================================

 Git describe: 2.3.0
 Compiler:     GNU 9.1.0
 Build type:   Release
 Version:      2.3.0

 Start time:   Fri Oct 22 17:51:12 2021

 Data directory: /work/zw18965/.local/qcore/share/entos/qcore/data
 Number of threads: 24
 Number of threads was determined by: command line argument
  - More threads can be used by running 'qcore -n 32'

 --------------------------------------------------------------------------------
                                   command: dft                                  
 --------------------------------------------------------------------------------
 AO basis set:                           def2-tzvppd
 Number of AO basis functions:         177
 ECP on atom 1 (Au):                     60 electrons
 ECP on atom 2 (Au):                     60 electrons
 ECP on atom 3 (Au):                     60 electrons

 Formula:                                Au3+
 Nuclear charge:                       237.000000000
 Total charge:                           1.000000000
 Number of core electrons:             180
 Number of treated electrons:           56

 Number of alpha electrons:             28
 Number of beta electrons:              28
 Number of unpaired electrons:           0
 Spin:                                   0
 Multiplicity:                           singlet

 Theory:                                 dft
 Exchange-correlation functional:        pbe
 Method for Coulomb:                     incore_df
 Integral threshold:                     1.00e-12
 DF basis set:                           def2-universal-jkfit
 Number of DF basis functions:         741
 Schwarz screening threshold:            1.00e-10
 Coulomb fitting method:                 Cholesky
 Total number of grid points:        27360
 Method for AO orthogonalization:        symmetric
 Threshold for linear dependence:        1.00e-08
 D3BJ dispersion energy:                -0.004401810

 -------------------------------------
  Running restricted closed-shell SCF 
 -------------------------------------
 Max number of iterations:             128
 Conv. threshold (gradient):             1.00e-05
 Conv. threshold (energy):               1.00e-06
 Interpolation scheme:                   adiis+cdiis
 Initial guess:                          SAD

 ---------------------------------------------------------------
                  energy        change          grad        time
 ---------------------------------------------------------------
   0      -407.569141901                    1.06e+01        0.04
   1      -407.064382512      5.05e-01      4.91e-01        0.03
   2      -407.018225577      4.62e-02      6.84e-01        0.03
   3      -407.108489373     -9.03e-02      8.91e-02        0.03
   4      -407.105680950      2.81e-03      1.36e-01        0.03
   5      -407.110400286     -4.72e-03      4.42e-03        0.03
   6      -407.110403427     -3.14e-06      9.86e-04        0.03
   7      -407.110403542     -1.15e-07      7.36e-04        0.04
   8      -407.110403585     -4.32e-08      2.50e-04        0.03
   9      -407.110403589     -4.18e-09      2.53e-06        0.03

 SCF converged in 9 iterations.

 Dipole moment (in Debye):              -0.000001      -0.000146      -0.000002

 Quadrupole moment (in Debye-Angstrom):
                  1            2            3
 1       -50.112220    -0.000001    -0.000000
 2        -0.000001   -50.112754    -0.000000
 3        -0.000000    -0.000000   -64.705962

 Spin-squared expectation <S^2>:         0.000
 Total spin quantum number S:            0.000
 TOTAL ENERGY:                        -407.110403589

 --------------------------------------------------------------------------------

 End time:                               Fri Oct 22 17:51:13 2021
 Total wall-clock time:                  1.158 seconds
==================================================================================
