
================================================================================
          _____________ ________ _______________ ________     _________         
         / ___________// ______ \\_____   _____// ______ \   / ________)        
        / /_________  / /      \ \     | |     / /      \ \ | (_______          
       |  __________|| |        | |    | |    | |        | | \________ \        
        \ \_________ | |        | |    | |     \ \______/ /___________) |       
         \__________||_|        |_|    |_|      \________//____________/        
                                                                                
====================================[ Qcore ]===================================

 Git describe: 2.3.0
 Compiler:     GNU 9.1.0
 Build type:   Release
 Version:      2.3.0

 Start time:   Sun Oct 24 15:12:26 2021

 Data directory: /work/zw18965/.local/qcore/share/entos/qcore/data
 Number of threads: 24
 Number of threads was determined by: number of physical cores

 --------------------------------------------------------------------------------
                                   command: dft                                  
 --------------------------------------------------------------------------------
 AO basis set:                           def2-tzvppd
 Number of AO basis functions:         177
 ECP on atom 1 (Au):                     60 electrons
 ECP on atom 2 (Au):                     60 electrons
 ECP on atom 3 (Au):                     60 electrons

 Formula:                                Au3
 Nuclear charge:                       237.000000000
 Total charge:                           0.000000000
 Number of core electrons:             180
 Number of treated electrons:           57

 Number of alpha electrons:             29
 Number of beta electrons:              28
 Number of unpaired electrons:           1
 Spin:                                   1
 Multiplicity:                           doublet

 Theory:                                 dft
 Exchange-correlation functional:        pbe0
 Method for Coulomb:                     incore_df
 Method for exact exchange:              pre_transformed_df
 Integral threshold:                     1.00e-12
 DF basis set:                           def2-universal-jkfit
 Number of DF basis functions:         741
 Schwarz screening threshold:            1.00e-10
 Coulomb fitting method:                 Cholesky
 Total number of grid points:        27360
 Method for AO orthogonalization:        symmetric
 Threshold for linear dependence:        1.00e-08
 D3BJ dispersion energy:                -0.004501808

 -------------------------------------
  Running unrestricted open-shell SCF 
 -------------------------------------
 Max number of iterations:             128
 Conv. threshold (gradient):             1.00e-05
 Conv. threshold (energy):               1.00e-06
 Interpolation scheme:                   adiis+cdiis
 Initial guess:                          SAD

 ---------------------------------------------------------------
                  energy        change          grad        time
 ---------------------------------------------------------------
   0      -407.408649021                    4.99e+00        0.09
   1      -407.206370727      2.02e-01      1.87e-01        0.07
   2      -407.198625503      7.75e-03      2.47e-01        0.06
   3      -407.220035670     -2.14e-02      3.89e-02        0.06
   4      -407.219347565      6.88e-04      6.33e-02        0.06
   5      -407.220640173     -1.29e-03      1.07e-02        0.06
   6      -407.220673160     -3.30e-05      3.71e-03        0.06
   7      -407.220682617     -9.46e-06      2.32e-03        0.06
   8      -407.220684669     -2.05e-06      1.16e-03        0.06
   9      -407.220686186     -1.52e-06      7.35e-04        0.06
  10      -407.220686971     -7.85e-07      4.88e-04        0.06
  11      -407.220688015     -1.04e-06      5.11e-04        0.06
  12      -407.220688488     -4.73e-07      4.82e-04        0.06
  13      -407.220689381     -8.93e-07      4.83e-04        0.06
  14      -407.220687324      2.06e-06      4.61e-04        0.06
  15      -407.220672734      1.46e-05      1.01e-03        0.06
  16      -407.220672074      6.60e-07      9.99e-04        0.06
  17      -407.220672127     -5.33e-08      8.37e-04        0.06
  18      -407.220671950      1.77e-07      3.33e-04        0.06
  19      -407.220670418      1.53e-06      6.65e-04        0.06
  20      -407.220670615     -1.97e-07      1.49e-04        0.07
  21      -407.220670630     -1.45e-08      2.98e-05        0.06
  22      -407.220670628      1.78e-09      8.47e-05        0.06
  23      -407.220670629     -8.46e-10      1.17e-05        0.06
  24      -407.220670629     -9.66e-12      2.75e-06        0.06

 SCF converged in 24 iterations.

 Dipole moment (in Debye):              -0.000092       1.292360      -0.000000

 Quadrupole moment (in Debye-Angstrom):
                  1            2            3
 1       -71.437444     0.000337     0.000001
 2         0.000337   -61.028842     0.000000
 3         0.000001     0.000000   -69.849696

 Spin-squared expectation <S^2>:         0.759
 Total spin quantum number S:            0.505
 TOTAL ENERGY:                        -407.220670629
 Saving results in set 'guess'

 --------------------------------------------------------------------------------
                                   command: dft                                  
 --------------------------------------------------------------------------------
 AO basis set:                           def2-tzvppd
 Number of AO basis functions:         177
 ECP on atom 1 (Au):                     60 electrons
 ECP on atom 2 (Au):                     60 electrons
 ECP on atom 3 (Au):                     60 electrons

 Formula:                                Au3
 Nuclear charge:                       237.000000000
 Total charge:                           0.000000000
 Number of core electrons:             180
 Number of treated electrons:           57

 Number of alpha electrons:             29
 Number of beta electrons:              28
 Number of unpaired electrons:           1
 Spin:                                   1
 Multiplicity:                           doublet

 Theory:                                 dft
 Exchange-correlation functional:        pbe
 Method for Coulomb:                     incore_df
 Integral threshold:                     1.00e-12
 DF basis set:                           def2-universal-jkfit
 Number of DF basis functions:         741
 Schwarz screening threshold:            1.00e-10
 Coulomb fitting method:                 Cholesky
 Total number of grid points:        27360
 Method for AO orthogonalization:        symmetric
 Threshold for linear dependence:        1.00e-08
 D3BJ dispersion energy:                -0.004396172

 -------------------------------------
  Running unrestricted open-shell SCF 
 -------------------------------------
 Max number of iterations:             128
 Conv. threshold (gradient):             1.00e-05
 Conv. threshold (energy):               1.00e-06
 Interpolation scheme:                   adiis+cdiis
 Initializing maximum overlap method (MOM)

 ---------------------------------------------------------------
                  energy        change          grad        time
 ---------------------------------------------------------------
   0      -407.361855682                    1.04e-01        0.07
   1      -407.363451295     -1.60e-03      7.60e-02        0.05
   2      -407.350782712      1.27e-02      1.63e-01        0.05
   3      -407.366990020     -1.62e-02      3.88e-02        0.05
   4      -407.367479029     -4.89e-04      8.66e-03        0.05
   5      -407.367508871     -2.98e-05      2.83e-03        0.05
   6      -407.367512370     -3.50e-06      4.61e-04        0.05
   7      -407.367512463     -9.32e-08      2.10e-04        0.05
   8      -407.367512494     -3.07e-08      1.18e-04        0.05
   9      -407.367512500     -6.09e-09      1.79e-04        0.05
  10      -407.367512432      6.84e-08      2.90e-04        0.05
  11      -407.367512432      1.64e-11      2.56e-04        0.05
  12      -407.367512445     -1.34e-08      9.48e-05        0.05
  13      -407.367512448     -3.55e-09      7.83e-05        0.05
  14      -407.367512449     -9.83e-10      6.98e-06        0.05

 SCF converged in 14 iterations.

 Dipole moment (in Debye):               0.000034       1.177099      -0.000001

 Quadrupole moment (in Debye-Angstrom):
                  1            2            3
 1       -71.503762    -0.000048     0.000001
 2        -0.000048   -62.282581     0.000000
 3         0.000001     0.000000   -70.517017

 Spin-squared expectation <S^2>:         0.753
 Total spin quantum number S:            0.502
 TOTAL ENERGY:                        -407.367512449

 --------------------------------------------------------------------------------

 End time:                               Sun Oct 24 15:12:31 2021
 Total wall-clock time:                  4.412 seconds
==================================================================================
