
================================================================================
          _____________ ________ _______________ ________     _________         
         / ___________// ______ \\_____   _____// ______ \   / ________)        
        / /_________  / /      \ \     | |     / /      \ \ | (_______          
       |  __________|| |        | |    | |    | |        | | \________ \        
        \ \_________ | |        | |    | |     \ \______/ /___________) |       
         \__________||_|        |_|    |_|      \________//____________/        
                                                                                
====================================[ Qcore ]===================================

 Git describe: 2.3.0
 Compiler:     GNU 9.1.0
 Build type:   Release
 Version:      2.3.0

 Start time:   Fri Oct 22 17:51:27 2021

 Data directory: /work/zw18965/.local/qcore/share/entos/qcore/data
 Number of threads: 24
 Number of threads was determined by: command line argument
  - More threads can be used by running 'qcore -n 32'

 --------------------------------------------------------------------------------
                                   command: dft                                  
 --------------------------------------------------------------------------------
 AO basis set:                           def2-tzvppd
 Number of AO basis functions:         253
 ECP on atom 1 (Au):                     60 electrons
 ECP on atom 2 (Au):                     60 electrons
 ECP on atom 3 (Au):                     60 electrons
 ECP on atom 4 (Au):                     60 electrons

 Formula:                                HAu4(2+)
 Nuclear charge:                       317.000000000
 Total charge:                           2.000000000
 Number of core electrons:             240
 Number of treated electrons:           75

 Number of alpha electrons:             38
 Number of beta electrons:              37
 Number of unpaired electrons:           1
 Spin:                                   1
 Multiplicity:                           doublet

 Theory:                                 dft
 Exchange-correlation functional:        pbe
 Method for Coulomb:                     incore_df
 Integral threshold:                     1.00e-12
 DF basis set:                           def2-universal-jkfit
 Number of DF basis functions:        1006
 Schwarz screening threshold:            1.00e-10
 Coulomb fitting method:                 Cholesky
 Total number of grid points:        42370
 Method for AO orthogonalization:        symmetric
 Threshold for linear dependence:        1.00e-08
 D3BJ dispersion energy:                -0.009514615

 -------------------------------------
  Running unrestricted open-shell SCF 
 -------------------------------------
 Max number of iterations:             128
 Conv. threshold (gradient):             1.00e-05
 Conv. threshold (energy):               1.00e-06
 Interpolation scheme:                   adiis+cdiis
 Initial guess:                          SAD

 ---------------------------------------------------------------
                  energy        change          grad        time
 ---------------------------------------------------------------
   0      -544.054136034                    8.30e+00        0.08
   1      -542.694278813      1.36e+00      5.93e-01        0.09
   2      -538.619570185      4.07e+00      4.64e+00        0.09
   3      -542.579509740     -3.96e+00      1.04e+00        0.08
   4      -542.430185234      1.49e-01      2.19e+00        0.08
   5      -543.021506416     -5.91e-01      1.62e-01        0.09
   6      -542.997023535      2.45e-02      3.82e-01        0.10
   7      -543.030368372     -3.33e-02      5.39e-02        0.09
   8      -543.029332346      1.04e-03      8.72e-02        0.10
   9      -543.031995041     -2.66e-03      9.27e-03        0.10
  10      -543.032007793     -1.28e-05      7.06e-03        0.09
  11      -543.032020035     -1.22e-05      2.21e-03        0.09
  12      -543.032021540     -1.50e-06      1.15e-03        0.10
  13      -543.032021946     -4.07e-07      2.69e-04        0.09
  14      -543.032021967     -2.02e-08      2.06e-04        0.08
  15      -543.032021967     -8.19e-10      1.55e-04        0.11
  16      -543.032021974     -6.81e-09      2.38e-05        0.09
  17      -543.032021974     -2.02e-10      1.04e-05        0.09
  18      -543.032021974     -1.17e-11      1.28e-06        0.09

 SCF converged in 18 iterations.

 Dipole moment (in Debye):               0.000002      -0.000032       0.278027

 Quadrupole moment (in Debye-Angstrom):
                  1            2            3
 1       -65.401544    -0.000004    -0.000002
 2        -0.000004   -65.401683     0.000005
 3        -0.000002     0.000005   -62.693113

 Spin-squared expectation <S^2>:         0.753
 Total spin quantum number S:            0.502
 TOTAL ENERGY:                        -543.032021974

 --------------------------------------------------------------------------------

 End time:                               Fri Oct 22 17:51:30 2021
 Total wall-clock time:                  3.039 seconds
==================================================================================
