
================================================================================
          _____________ ________ _______________ ________     _________         
         / ___________// ______ \\_____   _____// ______ \   / ________)        
        / /_________  / /      \ \     | |     / /      \ \ | (_______          
       |  __________|| |        | |    | |    | |        | | \________ \        
        \ \_________ | |        | |    | |     \ \______/ /___________) |       
         \__________||_|        |_|    |_|      \________//____________/        
                                                                                
====================================[ Qcore ]===================================

 Git describe: 2.3.0
 Compiler:     GNU 9.1.0
 Build type:   Release
 Version:      2.3.0

 Start time:   Fri Oct 22 17:51:38 2021

 Data directory: /work/zw18965/.local/qcore/share/entos/qcore/data
 Number of threads: 24
 Number of threads was determined by: command line argument
  - More threads can be used by running 'qcore -n 32'

 --------------------------------------------------------------------------------
                                   command: dft                                  
 --------------------------------------------------------------------------------
 AO basis set:                           def2-tzvppd
 Number of AO basis functions:         324
 ECP on atom 1 (Au):                     60 electrons
 ECP on atom 2 (Au):                     60 electrons
 ECP on atom 3 (Au):                     60 electrons
 ECP on atom 4 (Au):                     60 electrons

 Formula:                                H3NAu4(2+)
 Nuclear charge:                       326.000000000
 Total charge:                           2.000000000
 Number of core electrons:             240
 Number of treated electrons:           84

 Number of alpha electrons:             42
 Number of beta electrons:              42
 Number of unpaired electrons:           0
 Spin:                                   0
 Multiplicity:                           singlet

 Theory:                                 dft
 Exchange-correlation functional:        pbe
 Method for Coulomb:                     incore_df
 Integral threshold:                     1.00e-12
 DF basis set:                           def2-universal-jkfit
 Number of DF basis functions:        1119
 Schwarz screening threshold:            1.00e-10
 Coulomb fitting method:                 Cholesky
 Total number of grid points:        60950
 Method for AO orthogonalization:        symmetric
 Threshold for linear dependence:        1.00e-08
 D3BJ dispersion energy:                -0.012257366

 -------------------------------------
  Running restricted closed-shell SCF 
 -------------------------------------
 Max number of iterations:             128
 Conv. threshold (gradient):             1.00e-05
 Conv. threshold (energy):               1.00e-06
 Interpolation scheme:                   adiis+cdiis
 Initial guess:                          SAD

 ---------------------------------------------------------------
                  energy        change          grad        time
 ---------------------------------------------------------------
   0      -600.124314600                    2.00e+01        0.09
   1      -598.956614663      1.17e+00      2.27e+00        0.10
   2      -598.459422361      4.97e-01      5.06e+00        0.09
   3      -599.063210826     -6.04e-01      8.52e-01        0.09
   4      -599.083118816     -1.99e-02      6.76e-01        0.09
   5      -599.080496721      2.62e-03      6.71e-01        0.10
   6      -599.097730418     -1.72e-02      2.86e-01        0.10
   7      -599.099070508     -1.34e-03      2.21e-01        0.10
   8      -599.101838753     -2.77e-03      7.14e-02        0.10
   9      -599.100688364      1.15e-03      2.08e-01        0.11
  10      -599.102032488     -1.34e-03      6.82e-04        0.12
  11      -599.102032507     -1.95e-08      5.38e-04        0.09
  12      -599.102032524     -1.66e-08      2.26e-04        0.10
  13      -599.102032526     -2.09e-09      1.27e-04        0.12
  14      -599.102032527     -7.60e-10      1.29e-05        0.10
  15      -599.102032527     -1.27e-11      2.65e-06        0.11

 SCF converged in 15 iterations.

 Dipole moment (in Debye):              -1.188578       6.791688      -0.000005

 Quadrupole moment (in Debye-Angstrom):
                  1            2            3
 1       -71.485732    -6.513553    -0.000012
 2        -6.513553   -35.377925     0.000001
 3        -0.000012     0.000001   -72.621742

 Spin-squared expectation <S^2>:         0.000
 Total spin quantum number S:            0.000
 TOTAL ENERGY:                        -599.102032527

 --------------------------------------------------------------------------------

 End time:                               Fri Oct 22 17:51:42 2021
 Total wall-clock time:                  3.377 seconds
==================================================================================
