
================================================================================
          _____________ ________ _______________ ________     _________         
         / ___________// ______ \\_____   _____// ______ \   / ________)        
        / /_________  / /      \ \     | |     / /      \ \ | (_______          
       |  __________|| |        | |    | |    | |        | | \________ \        
        \ \_________ | |        | |    | |     \ \______/ /___________) |       
         \__________||_|        |_|    |_|      \________//____________/        
                                                                                
====================================[ Qcore ]===================================

 Git describe: 2.3.0
 Compiler:     GNU 9.1.0
 Build type:   Release
 Version:      2.3.0

 Start time:   Fri Oct 22 17:51:42 2021

 Data directory: /work/zw18965/.local/qcore/share/entos/qcore/data
 Number of threads: 24
 Number of threads was determined by: command line argument
  - More threads can be used by running 'qcore -n 32'

 --------------------------------------------------------------------------------
                                   command: dft                                  
 --------------------------------------------------------------------------------
 AO basis set:                           def2-tzvppd
 Number of AO basis functions:         324
 ECP on atom 1 (Au):                     60 electrons
 ECP on atom 2 (Au):                     60 electrons
 ECP on atom 3 (Au):                     60 electrons
 ECP on atom 4 (Au):                     60 electrons

 Formula:                                H3NAu4(2+)
 Nuclear charge:                       326.000000000
 Total charge:                           2.000000000
 Number of core electrons:             240
 Number of treated electrons:           84

 Number of alpha electrons:             42
 Number of beta electrons:              42
 Number of unpaired electrons:           0
 Spin:                                   0
 Multiplicity:                           singlet

 Theory:                                 dft
 Exchange-correlation functional:        pbe
 Method for Coulomb:                     incore_df
 Integral threshold:                     1.00e-12
 DF basis set:                           def2-universal-jkfit
 Number of DF basis functions:        1119
 Schwarz screening threshold:            1.00e-10
 Coulomb fitting method:                 Cholesky
 Total number of grid points:        60950
 Method for AO orthogonalization:        symmetric
 Threshold for linear dependence:        1.00e-08
 D3BJ dispersion energy:                -0.013440387

 -------------------------------------
  Running restricted closed-shell SCF 
 -------------------------------------
 Max number of iterations:             128
 Conv. threshold (gradient):             1.00e-05
 Conv. threshold (energy):               1.00e-06
 Interpolation scheme:                   adiis+cdiis
 Initial guess:                          SAD

 ---------------------------------------------------------------
                  energy        change          grad        time
 ---------------------------------------------------------------
   0      -600.005261392                    1.66e+01        0.10
   1      -598.838688628      1.17e+00      2.37e+00        0.10
   2      -595.895744884      2.94e+00      8.67e+00        0.09
   3      -598.723733124     -2.83e+00      3.65e+00        0.10
   4      -599.028781255     -3.05e-01      2.78e-01        0.10
   5      -598.992987460      3.58e-02      1.36e+00        0.10
   6      -599.031647127     -3.87e-02      1.77e-01        0.10
   7      -599.030427351      1.22e-03      2.59e-01        0.10
   8      -599.033647679     -3.22e-03      1.60e-01        0.10
   9      -599.033849736     -2.02e-04      1.50e-01        0.11
  10      -599.034513783     -6.64e-04      4.94e-02        0.12
  11      -599.034107803      4.06e-04      1.15e-01        0.13
  12      -599.034615981     -5.08e-04      5.62e-04        0.11
  13      -599.034616004     -2.35e-08      7.99e-05        0.10
  14      -599.034616005     -3.57e-10      3.55e-05        0.11
  15      -599.034616005     -9.25e-11      9.92e-06        0.10

 SCF converged in 15 iterations.

 Dipole moment (in Debye):              -0.000003      -0.000030      -5.214128

 Quadrupole moment (in Debye-Angstrom):
                  1            2            3
 1       -72.557980    -0.000001    -0.000001
 2        -0.000001   -72.558352     0.000123
 3        -0.000001     0.000123   -48.123726

 Spin-squared expectation <S^2>:         0.000
 Total spin quantum number S:            0.000
 TOTAL ENERGY:                        -599.034616005

 --------------------------------------------------------------------------------

 End time:                               Fri Oct 22 17:51:45 2021
 Total wall-clock time:                  3.441 seconds
==================================================================================
