
================================================================================
          _____________ ________ _______________ ________     _________         
         / ___________// ______ \\_____   _____// ______ \   / ________)        
        / /_________  / /      \ \     | |     / /      \ \ | (_______          
       |  __________|| |        | |    | |    | |        | | \________ \        
        \ \_________ | |        | |    | |     \ \______/ /___________) |       
         \__________||_|        |_|    |_|      \________//____________/        
                                                                                
====================================[ Qcore ]===================================

 Git describe: 2.3.0
 Compiler:     GNU 9.1.0
 Build type:   Release
 Version:      2.3.0

 Start time:   Fri Oct 22 17:51:45 2021

 Data directory: /work/zw18965/.local/qcore/share/entos/qcore/data
 Number of threads: 24
 Number of threads was determined by: command line argument
  - More threads can be used by running 'qcore -n 32'

 --------------------------------------------------------------------------------
                                   command: dft                                  
 --------------------------------------------------------------------------------
 AO basis set:                           def2-tzvppd
 Number of AO basis functions:         236
 ECP on atom 1 (Au):                     60 electrons
 ECP on atom 2 (Au):                     60 electrons
 ECP on atom 3 (Au):                     60 electrons
 ECP on atom 4 (Au):                     60 electrons

 Formula:                                Au4
 Nuclear charge:                       316.000000000
 Total charge:                           0.000000000
 Number of core electrons:             240
 Number of treated electrons:           76

 Number of alpha electrons:             38
 Number of beta electrons:              38
 Number of unpaired electrons:           0
 Spin:                                   0
 Multiplicity:                           singlet

 Theory:                                 dft
 Exchange-correlation functional:        pbe
 Method for Coulomb:                     incore_df
 Integral threshold:                     1.00e-12
 DF basis set:                           def2-universal-jkfit
 Number of DF basis functions:         988
 Schwarz screening threshold:            1.00e-10
 Coulomb fitting method:                 Cholesky
 Total number of grid points:        36480
 Method for AO orthogonalization:        symmetric
 Threshold for linear dependence:        1.00e-08
 D3BJ dispersion energy:                -0.008002912

 -------------------------------------
  Running restricted closed-shell SCF 
 -------------------------------------
 Max number of iterations:             128
 Conv. threshold (gradient):             1.00e-05
 Conv. threshold (energy):               1.00e-06
 Interpolation scheme:                   adiis+cdiis
 Initial guess:                          SAD

 ---------------------------------------------------------------
                  energy        change          grad        time
 ---------------------------------------------------------------
   0      -543.462666871                    1.38e+01        0.05
   1      -543.182479172      2.80e-01      5.40e-01        0.05
   2      -543.128602541      5.39e-02      9.04e-01        0.05
   3      -543.208582032     -8.00e-02      1.83e-01        0.05
   4      -543.193194124      1.54e-02      4.81e-01        0.06
   5      -543.209981523     -1.68e-02      1.99e-01        0.05
   6      -543.210760074     -7.79e-04      1.55e-01        0.06
   7      -543.212969089     -2.21e-03      8.56e-02        0.06
   8      -543.213345208     -3.76e-04      6.04e-02        0.06
   9      -543.213689023     -3.44e-04      2.49e-03        0.06
  10      -543.213689284     -2.61e-07      1.78e-03        0.07
  11      -543.213689505     -2.20e-07      1.68e-04        0.05
  12      -543.213689507     -2.04e-09      6.06e-05        0.05
  13      -543.213689507     -3.96e-10      2.49e-05        0.05
  14      -543.213689507     -5.93e-11      6.30e-06        0.05

 SCF converged in 14 iterations.

 Dipole moment (in Debye):               0.000797       0.000018       0.000003

 Quadrupole moment (in Debye-Angstrom):
                  1            2            3
 1       -86.871047     0.070049     1.823042
 2         0.070049   -94.020631     0.009643
 3         1.823042     0.009643   -91.329690

 Spin-squared expectation <S^2>:         0.000
 Total spin quantum number S:            0.000
 TOTAL ENERGY:                        -543.213689507

 --------------------------------------------------------------------------------

 End time:                               Fri Oct 22 17:51:47 2021
 Total wall-clock time:                  2.042 seconds
==================================================================================
