
================================================================================
          _____________ ________ _______________ ________     _________         
         / ___________// ______ \\_____   _____// ______ \   / ________)        
        / /_________  / /      \ \     | |     / /      \ \ | (_______          
       |  __________|| |        | |    | |    | |        | | \________ \        
        \ \_________ | |        | |    | |     \ \______/ /___________) |       
         \__________||_|        |_|    |_|      \________//____________/        
                                                                                
====================================[ Qcore ]===================================

 Git describe: 2.3.0
 Compiler:     GNU 9.1.0
 Build type:   Release
 Version:      2.3.0

 Start time:   Fri Oct 22 17:51:33 2021

 Data directory: /work/zw18965/.local/qcore/share/entos/qcore/data
 Number of threads: 24
 Number of threads was determined by: command line argument
  - More threads can be used by running 'qcore -n 32'

 --------------------------------------------------------------------------------
                                   command: dft                                  
 --------------------------------------------------------------------------------
 AO basis set:                           def2-tzvppd
 Number of AO basis functions:         253
 ECP on atom 1 (Au):                     60 electrons
 ECP on atom 2 (Au):                     60 electrons
 ECP on atom 3 (Au):                     60 electrons
 ECP on atom 4 (Au):                     60 electrons

 Formula:                                HAu4(2+)
 Nuclear charge:                       317.000000000
 Total charge:                           2.000000000
 Number of core electrons:             240
 Number of treated electrons:           75

 Number of alpha electrons:             38
 Number of beta electrons:              37
 Number of unpaired electrons:           1
 Spin:                                   1
 Multiplicity:                           doublet

 Theory:                                 dft
 Exchange-correlation functional:        pbe
 Method for Coulomb:                     incore_df
 Integral threshold:                     1.00e-12
 DF basis set:                           def2-universal-jkfit
 Number of DF basis functions:        1006
 Schwarz screening threshold:            1.00e-10
 Coulomb fitting method:                 Cholesky
 Total number of grid points:        42370
 Method for AO orthogonalization:        symmetric
 Threshold for linear dependence:        1.00e-08
 D3BJ dispersion energy:                -0.010242902

 -------------------------------------
  Running unrestricted open-shell SCF 
 -------------------------------------
 Max number of iterations:             128
 Conv. threshold (gradient):             1.00e-05
 Conv. threshold (energy):               1.00e-06
 Interpolation scheme:                   adiis+cdiis
 Initial guess:                          SAD

 ---------------------------------------------------------------
                  energy        change          grad        time
 ---------------------------------------------------------------
   0      -544.113814902                    9.10e+00        0.09
   1      -542.874763217      1.24e+00      4.48e-01        0.09
   2      -542.545395153      3.29e-01      1.01e+00        0.09
   3      -542.950644863     -4.05e-01      4.46e-01        0.09
   4      -541.463500790      1.49e+00      3.86e+00        0.09
   5      -542.919525994     -1.46e+00      8.79e-01        0.10
   6      -542.984453315     -6.49e-02      3.69e-01        0.10
   7      -543.009701956     -2.52e-02      1.52e-01        0.10
   8      -543.012885518     -3.18e-03      1.28e-01        0.10
   9      -543.013268551     -3.83e-04      9.02e-02        0.10
  10      -543.014057719     -7.89e-04      1.02e-01        0.11
  11      -543.015683148     -1.63e-03      2.52e-03        0.11
  12      -543.015683809     -6.62e-07      1.80e-03        0.10
  13      -543.015684403     -5.94e-07      5.57e-04        0.09
  14      -543.015684447     -4.43e-08      1.63e-04        0.11
  15      -543.015684454     -7.06e-09      4.59e-05        0.09
  16      -543.015684455     -5.46e-10      2.03e-05        0.09
  17      -543.015684455     -1.46e-10      1.14e-05        0.09
  18      -543.015684455     -2.09e-11      4.54e-06        0.09

 SCF converged in 18 iterations.

 Dipole moment (in Debye):               0.000000      -0.000053      -1.367585

 Quadrupole moment (in Debye-Angstrom):
                  1            2            3
 1       -64.533115    -0.000001     0.000002
 2        -0.000001   -64.533077    -0.000609
 3         0.000002    -0.000609   -68.143302

 Spin-squared expectation <S^2>:         0.752
 Total spin quantum number S:            0.501
 TOTAL ENERGY:                        -543.015684455

 --------------------------------------------------------------------------------

 End time:                               Fri Oct 22 17:51:36 2021
 Total wall-clock time:                  3.194 seconds
==================================================================================
