
================================================================================
          _____________ ________ _______________ ________     _________         
         / ___________// ______ \\_____   _____// ______ \   / ________)        
        / /_________  / /      \ \     | |     / /      \ \ | (_______          
       |  __________|| |        | |    | |    | |        | | \________ \        
        \ \_________ | |        | |    | |     \ \______/ /___________) |       
         \__________||_|        |_|    |_|      \________//____________/        
                                                                                
====================================[ Qcore ]===================================

 Git describe: 2.3.0
 Compiler:     GNU 9.1.0
 Build type:   Release
 Version:      2.3.0

 Start time:   Fri Oct 22 17:51:30 2021

 Data directory: /work/zw18965/.local/qcore/share/entos/qcore/data
 Number of threads: 24
 Number of threads was determined by: command line argument
  - More threads can be used by running 'qcore -n 32'

 --------------------------------------------------------------------------------
                                   command: dft                                  
 --------------------------------------------------------------------------------
 AO basis set:                           def2-tzvppd
 Number of AO basis functions:         253
 ECP on atom 1 (Au):                     60 electrons
 ECP on atom 2 (Au):                     60 electrons
 ECP on atom 3 (Au):                     60 electrons
 ECP on atom 4 (Au):                     60 electrons

 Formula:                                HAu4(2+)
 Nuclear charge:                       317.000000000
 Total charge:                           2.000000000
 Number of core electrons:             240
 Number of treated electrons:           75

 Number of alpha electrons:             38
 Number of beta electrons:              37
 Number of unpaired electrons:           1
 Spin:                                   1
 Multiplicity:                           doublet

 Theory:                                 dft
 Exchange-correlation functional:        pbe
 Method for Coulomb:                     incore_df
 Integral threshold:                     1.00e-12
 DF basis set:                           def2-universal-jkfit
 Number of DF basis functions:        1006
 Schwarz screening threshold:            1.00e-10
 Coulomb fitting method:                 Cholesky
 Total number of grid points:        42370
 Method for AO orthogonalization:        symmetric
 Threshold for linear dependence:        1.00e-08
 D3BJ dispersion energy:                -0.010035759

 -------------------------------------
  Running unrestricted open-shell SCF 
 -------------------------------------
 Max number of iterations:             128
 Conv. threshold (gradient):             1.00e-05
 Conv. threshold (energy):               1.00e-06
 Interpolation scheme:                   adiis+cdiis
 Initial guess:                          SAD

 ---------------------------------------------------------------
                  energy        change          grad        time
 ---------------------------------------------------------------
   0      -544.092410407                    8.97e+00        0.08
   1      -542.890696334      1.20e+00      5.80e-01        0.09
   2      -542.731356300      1.59e-01      8.84e-01        0.09
   3      -543.024680048     -2.93e-01      1.22e-01        0.08
   4      -542.995189896      2.95e-02      3.44e-01        0.09
   5      -543.030847081     -3.57e-02      8.78e-02        0.10
   6      -543.027670944      3.18e-03      1.31e-01        0.10
   7      -543.033860841     -6.19e-03      2.59e-03        0.09
   8      -543.033863056     -2.22e-06      1.30e-03        0.09
   9      -543.033863656     -6.00e-07      6.08e-04        0.09
  10      -543.033863727     -7.10e-08      3.60e-04        0.09
  11      -543.033863758     -3.07e-08      1.98e-04        0.09
  12      -543.033863768     -9.43e-09      3.41e-05        0.09
  13      -543.033863768     -3.77e-10      2.47e-05        0.10
  14      -543.033863768     -1.17e-10      5.19e-06        0.09

 SCF converged in 14 iterations.

 Dipole moment (in Debye):               0.000003      -0.000064       0.832333

 Quadrupole moment (in Debye-Angstrom):
                  1            2            3
 1       -67.031725    -0.000001    -0.000004
 2        -0.000001   -64.170502    -0.000058
 3        -0.000004    -0.000058   -64.753640

 Spin-squared expectation <S^2>:         0.753
 Total spin quantum number S:            0.501
 TOTAL ENERGY:                        -543.033863768

 --------------------------------------------------------------------------------

 End time:                               Fri Oct 22 17:51:33 2021
 Total wall-clock time:                  2.687 seconds
==================================================================================
