
================================================================================
          _____________ ________ _______________ ________     _________         
         / ___________// ______ \\_____   _____// ______ \   / ________)        
        / /_________  / /      \ \     | |     / /      \ \ | (_______          
       |  __________|| |        | |    | |    | |        | | \________ \        
        \ \_________ | |        | |    | |     \ \______/ /___________) |       
         \__________||_|        |_|    |_|      \________//____________/        
                                                                                
====================================[ Qcore ]===================================

 Git describe: 2.3.0
 Compiler:     GNU 9.1.0
 Build type:   Release
 Version:      2.3.0

 Start time:   Fri Oct 22 17:51:37 2021

 Data directory: /work/zw18965/.local/qcore/share/entos/qcore/data
 Number of threads: 24
 Number of threads was determined by: command line argument
  - More threads can be used by running 'qcore -n 32'

 --------------------------------------------------------------------------------
                                   command: dft                                  
 --------------------------------------------------------------------------------
 AO basis set:                           def2-tzvppd
 Number of AO basis functions:         236
 ECP on atom 1 (Au):                     60 electrons
 ECP on atom 2 (Au):                     60 electrons
 ECP on atom 3 (Au):                     60 electrons
 ECP on atom 4 (Au):                     60 electrons

 Formula:                                Au4(2+)
 Nuclear charge:                       316.000000000
 Total charge:                           2.000000000
 Number of core electrons:             240
 Number of treated electrons:           74

 Number of alpha electrons:             37
 Number of beta electrons:              37
 Number of unpaired electrons:           0
 Spin:                                   0
 Multiplicity:                           singlet

 Theory:                                 dft
 Exchange-correlation functional:        pbe
 Method for Coulomb:                     incore_df
 Integral threshold:                     1.00e-12
 DF basis set:                           def2-universal-jkfit
 Number of DF basis functions:         988
 Schwarz screening threshold:            1.00e-10
 Coulomb fitting method:                 Cholesky
 Total number of grid points:        36480
 Method for AO orthogonalization:        symmetric
 Threshold for linear dependence:        1.00e-08
 D3BJ dispersion energy:                -0.008747174

 -------------------------------------
  Running restricted closed-shell SCF 
 -------------------------------------
 Max number of iterations:             128
 Conv. threshold (gradient):             1.00e-05
 Conv. threshold (energy):               1.00e-06
 Interpolation scheme:                   adiis+cdiis
 Initial guess:                          SAD

 ---------------------------------------------------------------
                  energy        change          grad        time
 ---------------------------------------------------------------
   0      -543.496552288                    1.47e+01        0.05
   1      -542.382352277      1.11e+00      5.64e-01        0.06
   2      -542.318595935      6.38e-02      6.75e-01        0.05
   3      -542.470922725     -1.52e-01      8.19e-02        0.05
   4      -542.469058747      1.86e-03      1.06e-01        0.06
   5      -542.472592487     -3.53e-03      1.09e-02        0.05
   6      -542.472605682     -1.32e-05      2.97e-03        0.05
   7      -542.472606775     -1.09e-06      9.88e-04        0.05
   8      -542.472606757      1.77e-08      1.01e-03        0.05
   9      -542.472606836     -7.88e-08      8.39e-06        0.05

 SCF converged in 9 iterations.

 Dipole moment (in Debye):              -0.000000       0.000091      -0.000024

 Quadrupole moment (in Debye-Angstrom):
                  1            2            3
 1       -63.852415     0.000004    -0.000004
 2         0.000004   -63.852978    -0.000633
 3        -0.000004    -0.000633   -63.853493

 Spin-squared expectation <S^2>:         0.000
 Total spin quantum number S:            0.000
 TOTAL ENERGY:                        -542.472606836

 --------------------------------------------------------------------------------

 End time:                               Fri Oct 22 17:51:38 2021
 Total wall-clock time:                  1.752 seconds
==================================================================================
