
================================================================================
          _____________ ________ _______________ ________     _________         
         / ___________// ______ \\_____   _____// ______ \   / ________)        
        / /_________  / /      \ \     | |     / /      \ \ | (_______          
       |  __________|| |        | |    | |    | |        | | \________ \        
        \ \_________ | |        | |    | |     \ \______/ /___________) |       
         \__________||_|        |_|    |_|      \________//____________/        
                                                                                
====================================[ Qcore ]===================================

 Git describe: 2.3.0
 Compiler:     GNU 9.1.0
 Build type:   Release
 Version:      2.3.0

 Start time:   Fri Oct 22 17:51:48 2021

 Data directory: /work/zw18965/.local/qcore/share/entos/qcore/data
 Number of threads: 24
 Number of threads was determined by: command line argument
  - More threads can be used by running 'qcore -n 32'

 --------------------------------------------------------------------------------
                                   command: dft                                  
 --------------------------------------------------------------------------------
 AO basis set:                           def2-tzvppd
 Number of AO basis functions:          84

 Formula:                                HCu
 Nuclear charge:                        30.000000000
 Total charge:                           0.000000000
 Number of electrons:                   30.000000000

 Number of alpha electrons:             15
 Number of beta electrons:              15
 Number of unpaired electrons:           0
 Spin:                                   0
 Multiplicity:                           singlet

 Theory:                                 dft
 Exchange-correlation functional:        pbe
 Method for Coulomb:                     incore_df
 Integral threshold:                     1.00e-12
 DF basis set:                           def2-universal-jkfit
 Number of DF basis functions:         282
 Schwarz screening threshold:            1.00e-10
 Coulomb fitting method:                 Cholesky
 Total number of grid points:        13826
 Method for AO orthogonalization:        symmetric
 Threshold for linear dependence:        1.00e-08
 D3BJ dispersion energy:                -0.000334651

 -------------------------------------
  Running restricted closed-shell SCF 
 -------------------------------------
 Max number of iterations:             128
 Conv. threshold (gradient):             1.00e-05
 Conv. threshold (energy):               1.00e-06
 Interpolation scheme:                   adiis+cdiis
 Initial guess:                          SAD

 ---------------------------------------------------------------
                  energy        change          grad        time
 ---------------------------------------------------------------
   0     -1640.846838614                    3.14e+00        0.01
   1     -1640.791778825      5.51e-02      8.52e-01        0.01
   2     -1640.411974133      3.80e-01      2.14e+00        0.01
   3     -1640.807666240     -3.96e-01      6.85e-01        0.01
   4     -1640.845159719     -3.75e-02      2.02e-01        0.01
   5     -1640.826709264      1.85e-02      5.45e-01        0.01
   6     -1640.845297296     -1.86e-02      1.96e-01        0.01
   7     -1640.847733564     -2.44e-03      1.30e-02        0.01
   8     -1640.847642242      9.13e-05      3.12e-02        0.01
   9     -1640.847762156     -1.20e-04      8.65e-04        0.01
  10     -1640.847762206     -5.05e-08      8.40e-06        0.01

 SCF converged in 10 iterations.

 Dipole moment (in Debye):              -0.000002      -0.000002       2.300033

 Quadrupole moment (in Debye-Angstrom):
                  1            2            3
 1       -15.123030    -0.000000    -0.000001
 2        -0.000000   -15.123030    -0.000001
 3        -0.000001    -0.000001   -14.708208

 Spin-squared expectation <S^2>:         0.000
 Total spin quantum number S:            0.000
 TOTAL ENERGY:                       -1640.847762206

 --------------------------------------------------------------------------------

 End time:                               Fri Oct 22 17:51:49 2021
 Total wall-clock time:                  0.548 seconds
==================================================================================
