
================================================================================
          _____________ ________ _______________ ________     _________         
         / ___________// ______ \\_____   _____// ______ \   / ________)        
        / /_________  / /      \ \     | |     / /      \ \ | (_______          
       |  __________|| |        | |    | |    | |        | | \________ \        
        \ \_________ | |        | |    | |     \ \______/ /___________) |       
         \__________||_|        |_|    |_|      \________//____________/        
                                                                                
====================================[ Qcore ]===================================

 Git describe: 2.3.0
 Compiler:     GNU 9.1.0
 Build type:   Release
 Version:      2.3.0

 Start time:   Fri Oct 22 17:51:48 2021

 Data directory: /work/zw18965/.local/qcore/share/entos/qcore/data
 Number of threads: 24
 Number of threads was determined by: command line argument
  - More threads can be used by running 'qcore -n 32'

 --------------------------------------------------------------------------------
                                   command: dft                                  
 --------------------------------------------------------------------------------
 AO basis set:                           def2-tzvppd
 Number of AO basis functions:         107

 Formula:                                FCu
 Nuclear charge:                        38.000000000
 Total charge:                           0.000000000
 Number of electrons:                   38.000000000

 Number of alpha electrons:             19
 Number of beta electrons:              19
 Number of unpaired electrons:           0
 Spin:                                   0
 Multiplicity:                           singlet

 Theory:                                 dft
 Exchange-correlation functional:        pbe
 Method for Coulomb:                     incore_df
 Integral threshold:                     1.00e-12
 DF basis set:                           def2-universal-jkfit
 Number of DF basis functions:         341
 Schwarz screening threshold:            1.00e-10
 Coulomb fitting method:                 Cholesky
 Total number of grid points:        14748
 Method for AO orthogonalization:        symmetric
 Threshold for linear dependence:        1.00e-08
 D3BJ dispersion energy:                -0.000375227

 -------------------------------------
  Running restricted closed-shell SCF 
 -------------------------------------
 Max number of iterations:             128
 Conv. threshold (gradient):             1.00e-05
 Conv. threshold (energy):               1.00e-06
 Interpolation scheme:                   adiis+cdiis
 Initial guess:                          SAD

 ---------------------------------------------------------------
                  energy        change          grad        time
 ---------------------------------------------------------------
   0     -1740.088590922                    2.67e+00        0.01
   1     -1739.938951164      1.50e-01      1.34e+00        0.01
   2     -1733.781299639      6.16e+00      6.26e+00        0.01
   3     -1739.351656904     -5.57e+00      3.14e+00        0.01
   4     -1740.041381573     -6.90e-01      7.57e-01        0.01
   5     -1740.062679505     -2.13e-02      4.64e-01        0.01
   6     -1740.074949411     -1.23e-02      1.31e-01        0.01
   7     -1740.073925618      1.02e-03      1.63e-01        0.01
   8     -1740.075582906     -1.66e-03      5.58e-02        0.01
   9     -1740.075004765      5.78e-04      1.20e-01        0.01
  10     -1740.076003350     -9.99e-04      9.25e-04        0.01
  11     -1740.076003400     -4.96e-08      1.90e-04        0.01
  12     -1740.076003403     -3.15e-09      1.27e-05        0.01
  13     -1740.076003403     -7.50e-12      4.56e-06        0.01

 SCF converged in 13 iterations.

 Dipole moment (in Debye):              -0.000004      -0.000004       4.538074

 Quadrupole moment (in Debye-Angstrom):
                  1            2            3
 1       -17.859887     0.000001    -0.000003
 2         0.000001   -17.859887    -0.000003
 3        -0.000003    -0.000003   -18.951085

 Spin-squared expectation <S^2>:         0.000
 Total spin quantum number S:            0.000
 TOTAL ENERGY:                       -1740.076003403

 --------------------------------------------------------------------------------

 End time:                               Fri Oct 22 17:51:48 2021
 Total wall-clock time:                  0.693 seconds
==================================================================================
