
================================================================================
          _____________ ________ _______________ ________     _________         
         / ___________// ______ \\_____   _____// ______ \   / ________)        
        / /_________  / /      \ \     | |     / /      \ \ | (_______          
       |  __________|| |        | |    | |    | |        | | \________ \        
        \ \_________ | |        | |    | |     \ \______/ /___________) |       
         \__________||_|        |_|    |_|      \________//____________/        
                                                                                
====================================[ Qcore ]===================================

 Git describe: 2.3.0
 Compiler:     GNU 9.1.0
 Build type:   Release
 Version:      2.3.0

 Start time:   Fri Oct 22 17:51:49 2021

 Data directory: /work/zw18965/.local/qcore/share/entos/qcore/data
 Number of threads: 24
 Number of threads was determined by: command line argument
  - More threads can be used by running 'qcore -n 32'

 --------------------------------------------------------------------------------
                                   command: dft                                  
 --------------------------------------------------------------------------------
 AO basis set:                           def2-tzvppd
 Number of AO basis functions:         134

 Formula:                                Cu2
 Nuclear charge:                        58.000000000
 Total charge:                           0.000000000
 Number of electrons:                   58.000000000

 Number of alpha electrons:             29
 Number of beta electrons:              29
 Number of unpaired electrons:           0
 Spin:                                   0
 Multiplicity:                           singlet

 Theory:                                 dft
 Exchange-correlation functional:        pbe
 Method for Coulomb:                     incore_df
 Integral threshold:                     1.00e-12
 DF basis set:                           def2-universal-jkfit
 Number of DF basis functions:         528
 Schwarz screening threshold:            1.00e-10
 Coulomb fitting method:                 Cholesky
 Total number of grid points:        15872
 Method for AO orthogonalization:        symmetric
 Threshold for linear dependence:        1.00e-08
 D3BJ dispersion energy:                -0.001023117

 -------------------------------------
  Running restricted closed-shell SCF 
 -------------------------------------
 Max number of iterations:             128
 Conv. threshold (gradient):             1.00e-05
 Conv. threshold (energy):               1.00e-06
 Interpolation scheme:                   adiis+cdiis
 Initial guess:                          SAD

 ---------------------------------------------------------------
                  energy        change          grad        time
 ---------------------------------------------------------------
   0     -3280.653932529                    3.31e+00        0.02
   1     -3280.547874694      1.06e-01      3.49e-01        0.02
   2     -3280.478069682      6.98e-02      6.97e-01        0.01
   3     -3280.562718707     -8.46e-02      1.31e-01        0.02
   4     -3280.560368398      2.35e-03      2.04e-01        0.02
   5     -3280.562890013     -2.52e-03      1.83e-01        0.02
   6     -3280.567890951     -5.00e-03      5.27e-02        0.02
   7     -3280.567702552      1.88e-04      6.14e-02        0.02
   8     -3280.568318366     -6.16e-04      2.07e-04        0.02
   9     -3280.568318375     -8.83e-09      5.78e-05        0.02
  10     -3280.568318375     -1.62e-10      3.76e-05        0.02
  11     -3280.568318375     -1.16e-10      7.50e-07        0.02

 SCF converged in 11 iterations.

 Dipole moment (in Debye):              -0.000000      -0.000000       0.000006

 Quadrupole moment (in Debye-Angstrom):
                  1            2            3
 1       -28.201006    -0.000000     0.000001
 2        -0.000000   -28.201006     0.000001
 3         0.000001     0.000001   -21.116973

 Spin-squared expectation <S^2>:         0.000
 Total spin quantum number S:            0.000
 TOTAL ENERGY:                       -3280.568318375

 --------------------------------------------------------------------------------

 End time:                               Fri Oct 22 17:51:50 2021
 Total wall-clock time:                  0.771 seconds
==================================================================================
