
================================================================================
          _____________ ________ _______________ ________     _________         
         / ___________// ______ \\_____   _____// ______ \   / ________)        
        / /_________  / /      \ \     | |     / /      \ \ | (_______          
       |  __________|| |        | |    | |    | |        | | \________ \        
        \ \_________ | |        | |    | |     \ \______/ /___________) |       
         \__________||_|        |_|    |_|      \________//____________/        
                                                                                
====================================[ Qcore ]===================================

 Git describe: 2.3.0
 Compiler:     GNU 9.1.0
 Build type:   Release
 Version:      2.3.0

 Start time:   Sun Oct 24 15:13:26 2021

 Data directory: /work/zw18965/.local/qcore/share/entos/qcore/data
 Number of threads: 24
 Number of threads was determined by: number of physical cores

 --------------------------------------------------------------------------------
                                   command: dft                                  
 --------------------------------------------------------------------------------
 AO basis set:                           def2-tzvppd
 Number of AO basis functions:         201

 Formula:                                Cu3
 Nuclear charge:                        87.000000000
 Total charge:                           0.000000000
 Number of electrons:                   87.000000000

 Number of alpha electrons:             44
 Number of beta electrons:              43
 Number of unpaired electrons:           1
 Spin:                                   1
 Multiplicity:                           doublet

 Theory:                                 dft
 Exchange-correlation functional:        pbe0
 Method for Coulomb:                     incore_df
 Method for exact exchange:              pre_transformed_df
 Integral threshold:                     1.00e-12
 DF basis set:                           def2-universal-jkfit
 Number of DF basis functions:         792
 Schwarz screening threshold:            1.00e-10
 Coulomb fitting method:                 Cholesky
 Total number of grid points:        23808
 Method for AO orthogonalization:        symmetric
 Threshold for linear dependence:        1.00e-08
 D3BJ dispersion energy:                -0.002989116

 -------------------------------------
  Running unrestricted open-shell SCF 
 -------------------------------------
 Max number of iterations:             128
 Conv. threshold (gradient):             1.00e-05
 Conv. threshold (energy):               1.00e-06
 Interpolation scheme:                   adiis+cdiis
 Initial guess:                          SAD

 ---------------------------------------------------------------
                  energy        change          grad        time
 ---------------------------------------------------------------
   0     -4921.099745632                    3.42e+00        0.09
   1     -4920.820044812      2.80e-01      1.92e-01        0.09
   2     -4920.784745078      3.53e-02      3.04e-01        0.08
   3     -4920.834987931     -5.02e-02      5.32e-02        0.08
   4     -4920.835062489     -7.46e-05      6.91e-02        0.08
   5     -4920.836563188     -1.50e-03      1.60e-02        0.08
   6     -4920.836639929     -7.67e-05      5.24e-03        0.09
   7     -4920.836655043     -1.51e-05      2.92e-03        0.08
   8     -4920.836658033     -2.99e-06      1.16e-03        0.08
   9     -4920.836658542     -5.09e-07      8.08e-04        0.08
  10     -4920.836658915     -3.73e-07      3.79e-04        0.08
  11     -4920.836658986     -7.09e-08      1.10e-04        0.08
  12     -4920.836659002     -1.63e-08      4.54e-05        0.10
  13     -4920.836659008     -5.74e-09      2.44e-05        0.09
  14     -4920.836659010     -2.61e-09      2.04e-05        0.08
  15     -4920.836659017     -6.15e-09      2.32e-05        0.09
  16     -4920.836659020     -3.73e-09      2.24e-05        0.08
  17     -4920.836659047     -2.62e-08      2.16e-05        0.08
  18     -4920.836659133     -8.62e-08      1.63e-05        0.08
  19     -4920.836659175     -4.26e-08      1.00e-05        0.08
  20     -4920.836659182     -6.93e-09      7.21e-06        0.09

 SCF converged in 20 iterations.

 Dipole moment (in Debye):              -0.000640      -0.808369       0.000002

 Quadrupole moment (in Debye-Angstrom):
                  1            2            3
 1       -33.358261     0.004368    -0.000001
 2         0.004368   -45.155091    -0.000000
 3        -0.000001    -0.000000   -41.287264

 Spin-squared expectation <S^2>:         0.764
 Total spin quantum number S:            0.507
 TOTAL ENERGY:                       -4920.836659189
 Saving results in set 'guess'

 --------------------------------------------------------------------------------
                                   command: dft                                  
 --------------------------------------------------------------------------------
 AO basis set:                           def2-tzvppd
 Number of AO basis functions:         201

 Formula:                                Cu3
 Nuclear charge:                        87.000000000
 Total charge:                           0.000000000
 Number of electrons:                   87.000000000

 Number of alpha electrons:             44
 Number of beta electrons:              43
 Number of unpaired electrons:           1
 Spin:                                   1
 Multiplicity:                           doublet

 Theory:                                 dft
 Exchange-correlation functional:        pbe
 Method for Coulomb:                     incore_df
 Integral threshold:                     1.00e-12
 DF basis set:                           def2-universal-jkfit
 Number of DF basis functions:         792
 Schwarz screening threshold:            1.00e-10
 Coulomb fitting method:                 Cholesky
 Total number of grid points:        23808
 Method for AO orthogonalization:        symmetric
 Threshold for linear dependence:        1.00e-08
 D3BJ dispersion energy:                -0.003007415

 -------------------------------------
  Running unrestricted open-shell SCF 
 -------------------------------------
 Max number of iterations:             128
 Conv. threshold (gradient):             1.00e-05
 Conv. threshold (energy):               1.00e-06
 Interpolation scheme:                   adiis+cdiis
 Initializing maximum overlap method (MOM)

 ---------------------------------------------------------------
                  energy        change          grad        time
 ---------------------------------------------------------------
   0     -4920.850888927                    9.33e-02        0.06
   1     -4920.776701030      7.42e-02      6.70e-01        0.06
   2     -4920.033010664      7.44e-01      1.17e+00        0.05
   3     -4920.749704904     -7.17e-01      5.56e-01        0.06
   4     -4920.857830555     -1.08e-01      1.05e-01        0.06
   5     -4920.731011990      1.27e-01      6.95e-01        0.06
   6     -4920.843578042     -1.13e-01      2.41e-01        0.06
   7     -4920.859598907     -1.60e-02      8.25e-02        0.07
   8     -4920.858033455      1.57e-03      1.16e-01        0.07
   9     -4920.861616145     -3.58e-03      4.41e-02        0.06
  10     -4920.861522132      9.40e-05      4.18e-02        0.05
  11     -4920.861567206     -4.51e-05      4.08e-02        0.05
  12     -4920.861539173      2.80e-05      4.01e-02        0.05
  13     -4920.861479473      5.97e-05      3.95e-02        0.05
  14     -4920.861971617     -4.92e-04      2.30e-02        0.06
  15     -4920.862238411     -2.67e-04      6.38e-03        0.05
  16     -4920.862265696     -2.73e-05      1.86e-03        0.06
  17     -4920.862266827     -1.13e-06      8.18e-04        0.06
  18     -4920.862267192     -3.65e-07      2.15e-04        0.05
  19     -4920.862267175      1.66e-08      2.36e-04        0.06
  20     -4920.862267199     -2.34e-08      1.01e-04        0.06
  21     -4920.862267205     -6.88e-09      3.05e-05        0.06
  22     -4920.862267206     -4.37e-10      6.18e-06        0.06

 SCF converged in 22 iterations.

 Dipole moment (in Debye):               0.768230      -0.439559      -0.000000

 Quadrupole moment (in Debye-Angstrom):
                  1            2            3
 1       -37.204495    -4.565944    -0.000003
 2        -4.565944   -42.420117    -0.000001
 3        -0.000003    -0.000001   -41.999532

 Spin-squared expectation <S^2>:         0.755
 Total spin quantum number S:            0.503
 TOTAL ENERGY:                       -4920.862267206

 --------------------------------------------------------------------------------

 End time:                               Sun Oct 24 15:13:31 2021
 Total wall-clock time:                  5.015 seconds
==================================================================================
