
================================================================================
          _____________ ________ _______________ ________     _________         
         / ___________// ______ \\_____   _____// ______ \   / ________)        
        / /_________  / /      \ \     | |     / /      \ \ | (_______          
       |  __________|| |        | |    | |    | |        | | \________ \        
        \ \_________ | |        | |    | |     \ \______/ /___________) |       
         \__________||_|        |_|    |_|      \________//____________/        
                                                                                
====================================[ Qcore ]===================================

 Git describe: 2.3.0
 Compiler:     GNU 9.1.0
 Build type:   Release
 Version:      2.3.0

 Start time:   Fri Oct 22 17:52:00 2021

 Data directory: /work/zw18965/.local/qcore/share/entos/qcore/data
 Number of threads: 24
 Number of threads was determined by: command line argument
  - More threads can be used by running 'qcore -n 32'

 --------------------------------------------------------------------------------
                                   command: dft                                  
 --------------------------------------------------------------------------------
 AO basis set:                           def2-tzvppd
 Number of AO basis functions:         201

 Formula:                                Cu3
 Nuclear charge:                        87.000000000
 Total charge:                           0.000000000
 Number of electrons:                   87.000000000

 Number of alpha electrons:             44
 Number of beta electrons:              43
 Number of unpaired electrons:           1
 Spin:                                   1
 Multiplicity:                           doublet

 Theory:                                 dft
 Exchange-correlation functional:        pbe
 Method for Coulomb:                     incore_df
 Integral threshold:                     1.00e-12
 DF basis set:                           def2-universal-jkfit
 Number of DF basis functions:         792
 Schwarz screening threshold:            1.00e-10
 Coulomb fitting method:                 Cholesky
 Total number of grid points:        23808
 Method for AO orthogonalization:        symmetric
 Threshold for linear dependence:        1.00e-08
 D3BJ dispersion energy:                -0.002475426

 -------------------------------------
  Running unrestricted open-shell SCF 
 -------------------------------------
 Max number of iterations:             128
 Conv. threshold (gradient):             1.00e-05
 Conv. threshold (energy):               1.00e-06
 Interpolation scheme:                   adiis+cdiis
 Initial guess:                          SAD

 ---------------------------------------------------------------
                  energy        change          grad        time
 ---------------------------------------------------------------
   0     -4921.016961904                    2.53e+00        0.04
   1     -4920.811071176      2.06e-01      3.18e-01        0.04
   2     -4920.300457379      5.11e-01      7.84e-01        0.04
   3     -4920.722763906     -4.22e-01      4.89e-01        0.04
   4     -4920.221450766      5.01e-01      1.32e+00        0.04
   5     -4920.848342463     -6.27e-01      1.06e-01        0.05
   6     -4920.843031669      5.31e-03      1.63e-01        0.05
   7     -4920.847958675     -4.93e-03      1.63e-01        0.05
   8     -4920.854050031     -6.09e-03      4.34e-02        0.05
   9     -4920.851751391      2.30e-03      6.76e-02        0.06
  10     -4920.854792071     -3.04e-03      1.06e-02        0.05
  11     -4920.854840384     -4.83e-05      1.43e-03        0.04
  12     -4920.854841022     -6.39e-07      3.98e-04        0.04
  13     -4920.854841057     -3.50e-08      1.97e-04        0.05
  14     -4920.854841074     -1.71e-08      1.37e-04        0.05
  15     -4920.854841088     -1.39e-08      1.41e-05        0.04
  16     -4920.854841088     -8.73e-11      5.50e-06        0.04

 SCF converged in 16 iterations.

 Dipole moment (in Debye):              -0.000001      -0.000001      -0.000014

 Quadrupole moment (in Debye-Angstrom):
                  1            2            3
 1       -41.803902     0.000001     0.000000
 2         0.000001   -41.803902     0.000000
 3         0.000000     0.000000   -31.527666

 Spin-squared expectation <S^2>:         0.754
 Total spin quantum number S:            0.502
 TOTAL ENERGY:                       -4920.854841088

 --------------------------------------------------------------------------------

 End time:                               Fri Oct 22 17:52:02 2021
 Total wall-clock time:                  1.561 seconds
==================================================================================
