
================================================================================
          _____________ ________ _______________ ________     _________         
         / ___________// ______ \\_____   _____// ______ \   / ________)        
        / /_________  / /      \ \     | |     / /      \ \ | (_______          
       |  __________|| |        | |    | |    | |        | | \________ \        
        \ \_________ | |        | |    | |     \ \______/ /___________) |       
         \__________||_|        |_|    |_|      \________//____________/        
                                                                                
====================================[ Qcore ]===================================

 Git describe: 2.3.0
 Compiler:     GNU 9.1.0
 Build type:   Release
 Version:      2.3.0

 Start time:   Fri Oct 22 17:51:52 2021

 Data directory: /work/zw18965/.local/qcore/share/entos/qcore/data
 Number of threads: 24
 Number of threads was determined by: command line argument
  - More threads can be used by running 'qcore -n 32'

 --------------------------------------------------------------------------------
                                   command: dft                                  
 --------------------------------------------------------------------------------
 AO basis set:                           def2-tzvppd
 Number of AO basis functions:         201

 Formula:                                Cu3+
 Nuclear charge:                        87.000000000
 Total charge:                           1.000000000
 Number of electrons:                   86.000000000

 Number of alpha electrons:             43
 Number of beta electrons:              43
 Number of unpaired electrons:           0
 Spin:                                   0
 Multiplicity:                           singlet

 Theory:                                 dft
 Exchange-correlation functional:        pbe
 Method for Coulomb:                     incore_df
 Integral threshold:                     1.00e-12
 DF basis set:                           def2-universal-jkfit
 Number of DF basis functions:         792
 Schwarz screening threshold:            1.00e-10
 Coulomb fitting method:                 Cholesky
 Total number of grid points:        23808
 Method for AO orthogonalization:        symmetric
 Threshold for linear dependence:        1.00e-08
 D3BJ dispersion energy:                -0.002442527

 -------------------------------------
  Running restricted closed-shell SCF 
 -------------------------------------
 Max number of iterations:             128
 Conv. threshold (gradient):             1.00e-05
 Conv. threshold (energy):               1.00e-06
 Interpolation scheme:                   adiis+cdiis
 Initial guess:                          SAD

 ---------------------------------------------------------------
                  energy        change          grad        time
 ---------------------------------------------------------------
   0     -4920.987393212                    4.69e+00        0.03
   1     -4920.500050194      4.87e-01      9.05e-01        0.03
   2     -4919.412294176      1.09e+00      3.00e+00        0.03
   3     -4920.291038799     -8.79e-01      1.26e+00        0.03
   4     -4918.813869006      1.48e+00      4.08e+00        0.03
   5     -4920.567371054     -1.75e+00      3.34e-01        0.03
   6     -4920.569936612     -2.57e-03      3.44e-01        0.04
   7     -4920.581839297     -1.19e-02      1.63e-01        0.04
   8     -4920.564281951      1.76e-02      5.07e-01        0.04
   9     -4920.579821750     -1.55e-02      2.01e-01        0.04
  10     -4920.565089021      1.47e-02      3.48e-01        0.04
  11     -4920.582316333     -1.72e-02      9.15e-02        0.04
  12     -4920.582747899     -4.32e-04      8.29e-02        0.04
  13     -4920.584015203     -1.27e-03      2.70e-03        0.04
  14     -4920.584016219     -1.02e-06      1.22e-03        0.04
  15     -4920.584016450     -2.31e-07      4.22e-04        0.03
  16     -4920.584016481     -3.14e-08      2.48e-05        0.03
  17     -4920.584016482     -6.18e-11      7.59e-06        0.03

 SCF converged in 17 iterations.

 Dipole moment (in Debye):              -0.000003      -0.000003       0.000019

 Quadrupole moment (in Debye-Angstrom):
                  1            2            3
 1       -35.741315     0.000004    -0.000002
 2         0.000004   -35.741315    -0.000002
 3        -0.000002    -0.000002     1.367270

 Spin-squared expectation <S^2>:         0.000
 Total spin quantum number S:            0.000
 TOTAL ENERGY:                       -4920.584016482

 --------------------------------------------------------------------------------

 End time:                               Fri Oct 22 17:51:53 2021
 Total wall-clock time:                  1.400 seconds
==================================================================================
