
================================================================================
          _____________ ________ _______________ ________     _________         
         / ___________// ______ \\_____   _____// ______ \   / ________)        
        / /_________  / /      \ \     | |     / /      \ \ | (_______          
       |  __________|| |        | |    | |    | |        | | \________ \        
        \ \_________ | |        | |    | |     \ \______/ /___________) |       
         \__________||_|        |_|    |_|      \________//____________/        
                                                                                
====================================[ Qcore ]===================================

 Git describe: 2.3.0
 Compiler:     GNU 9.1.0
 Build type:   Release
 Version:      2.3.0

 Start time:   Fri Oct 22 17:51:50 2021

 Data directory: /work/zw18965/.local/qcore/share/entos/qcore/data
 Number of threads: 24
 Number of threads was determined by: command line argument
  - More threads can be used by running 'qcore -n 32'

 --------------------------------------------------------------------------------
                                   command: dft                                  
 --------------------------------------------------------------------------------
 AO basis set:                           def2-tzvppd
 Number of AO basis functions:         201

 Formula:                                Cu3+
 Nuclear charge:                        87.000000000
 Total charge:                           1.000000000
 Number of electrons:                   86.000000000

 Number of alpha electrons:             43
 Number of beta electrons:              43
 Number of unpaired electrons:           0
 Spin:                                   0
 Multiplicity:                           singlet

 Theory:                                 dft
 Exchange-correlation functional:        pbe
 Method for Coulomb:                     incore_df
 Integral threshold:                     1.00e-12
 DF basis set:                           def2-universal-jkfit
 Number of DF basis functions:         792
 Schwarz screening threshold:            1.00e-10
 Coulomb fitting method:                 Cholesky
 Total number of grid points:        23808
 Method for AO orthogonalization:        symmetric
 Threshold for linear dependence:        1.00e-08
 D3BJ dispersion energy:                -0.003006923

 -------------------------------------
  Running restricted closed-shell SCF 
 -------------------------------------
 Max number of iterations:             128
 Conv. threshold (gradient):             1.00e-05
 Conv. threshold (energy):               1.00e-06
 Interpolation scheme:                   adiis+cdiis
 Initial guess:                          SAD

 ---------------------------------------------------------------
                  energy        change          grad        time
 ---------------------------------------------------------------
   0     -4921.118717324                    6.98e+00        0.03
   1     -4920.554447910      5.64e-01      8.87e-01        0.03
   2     -4919.972304566      5.82e-01      1.66e+00        0.04
   3     -4920.574931028     -6.03e-01      6.40e-01        0.03
   4     -4920.640239509     -6.53e-02      1.26e-01        0.04
   5     -4920.627005518      1.32e-02      3.00e-01        0.04
   6     -4920.641131497     -1.41e-02      9.37e-02        0.04
   7     -4920.642474950     -1.34e-03      2.08e-02        0.04
   8     -4920.642540439     -6.55e-05      1.60e-03        0.04
   9     -4920.642540557     -1.18e-07      3.00e-04        0.04
  10     -4920.642540562     -5.26e-09      2.61e-05        0.04
  11     -4920.642540562     -6.00e-11      1.05e-05        0.04
  12     -4920.642540562     -9.09e-12      2.84e-06        0.03

 SCF converged in 12 iterations.

 Dipole moment (in Debye):              -0.000001       0.000254      -0.000004

 Quadrupole moment (in Debye-Angstrom):
                  1            2            3
 1       -24.049494     0.000001    -0.000000
 2         0.000001   -24.049103     0.000002
 3        -0.000000     0.000002   -36.054081

 Spin-squared expectation <S^2>:         0.000
 Total spin quantum number S:            0.000
 TOTAL ENERGY:                       -4920.642540562

 --------------------------------------------------------------------------------

 End time:                               Fri Oct 22 17:51:52 2021
 Total wall-clock time:                  1.224 seconds
==================================================================================
