
================================================================================
          _____________ ________ _______________ ________     _________         
         / ___________// ______ \\_____   _____// ______ \   / ________)        
        / /_________  / /      \ \     | |     / /      \ \ | (_______          
       |  __________|| |        | |    | |    | |        | | \________ \        
        \ \_________ | |        | |    | |     \ \______/ /___________) |       
         \__________||_|        |_|    |_|      \________//____________/        
                                                                                
====================================[ Qcore ]===================================

 Git describe: 2.3.0
 Compiler:     GNU 9.1.0
 Build type:   Release
 Version:      2.3.0

 Start time:   Fri Oct 22 17:52:09 2021

 Data directory: /work/zw18965/.local/qcore/share/entos/qcore/data
 Number of threads: 24
 Number of threads was determined by: command line argument
  - More threads can be used by running 'qcore -n 32'

 --------------------------------------------------------------------------------
                                   command: dft                                  
 --------------------------------------------------------------------------------
 AO basis set:                           def2-tzvppd
 Number of AO basis functions:         285

 Formula:                                HCu4(2+)
 Nuclear charge:                       117.000000000
 Total charge:                           2.000000000
 Number of electrons:                  115.000000000

 Number of alpha electrons:             58
 Number of beta electrons:              57
 Number of unpaired electrons:           1
 Spin:                                   1
 Multiplicity:                           doublet

 Theory:                                 dft
 Exchange-correlation functional:        pbe
 Method for Coulomb:                     incore_df
 Integral threshold:                     1.00e-12
 DF basis set:                           def2-universal-jkfit
 Number of DF basis functions:        1074
 Schwarz screening threshold:            1.00e-10
 Coulomb fitting method:                 Cholesky
 Total number of grid points:        37634
 Method for AO orthogonalization:        symmetric
 Threshold for linear dependence:        1.00e-08
 D3BJ dispersion energy:                -0.007195601

 -------------------------------------
  Running unrestricted open-shell SCF 
 -------------------------------------
 Max number of iterations:             128
 Conv. threshold (gradient):             1.00e-05
 Conv. threshold (energy):               1.00e-06
 Interpolation scheme:                   adiis+cdiis
 Initial guess:                          SAD

 ---------------------------------------------------------------
                  energy        change          grad        time
 ---------------------------------------------------------------
   0     -6562.261483128                    6.27e+00        0.08
   1     -6560.697531575      1.56e+00      1.04e+00        0.09
   2     -6558.454981025      2.24e+00      1.73e+00        0.09
   3     -6560.803538068     -2.35e+00      8.12e-01        0.10
   4     -6561.066549708     -2.63e-01      3.57e-01        0.10
   5     -6554.203050603      6.86e+00      9.73e+00        0.10
   6     -6560.627933639     -6.42e+00      2.83e+00        0.10
   7     -6561.036476165     -4.09e-01      4.32e-01        0.11
   8     -6561.001652457      3.48e-02      1.20e+00        0.11
   9     -6561.090313832     -8.87e-02      1.79e-01        0.12
  10     -6561.086769196      3.54e-03      2.61e-01        0.12
  11     -6561.089244231     -2.48e-03      1.22e-01        0.14
  12     -6561.093572371     -4.33e-03      4.43e-02        0.14
  13     -6561.093200976      3.71e-04      8.01e-02        0.14
  14     -6561.093777844     -5.77e-04      6.10e-04        0.13
  15     -6561.093777915     -7.15e-08      2.19e-04        0.12
  16     -6561.093777927     -1.25e-08      4.72e-05        0.10
  17     -6561.093777928     -2.21e-10      5.13e-05        0.10
  18     -6561.093777928     -2.44e-10      1.49e-05        0.12
  19     -6561.093777928     -1.82e-12      1.65e-05        0.10
  20     -6561.093777928     -2.73e-11      1.52e-06        0.10

 SCF converged in 20 iterations.

 Dipole moment (in Debye):              -0.000002       0.000218      -0.328029

 Quadrupole moment (in Debye-Angstrom):
                  1            2            3
 1       -30.428319    -0.000007     0.000003
 2        -0.000007   -30.427904    -0.000343
 3         0.000003    -0.000343   -32.177022

 Spin-squared expectation <S^2>:         0.752
 Total spin quantum number S:            0.501
 TOTAL ENERGY:                       -6561.093777928

 --------------------------------------------------------------------------------

 End time:                               Fri Oct 22 17:52:12 2021
 Total wall-clock time:                  3.529 seconds
==================================================================================
