
================================================================================
          _____________ ________ _______________ ________     _________         
         / ___________// ______ \\_____   _____// ______ \   / ________)        
        / /_________  / /      \ \     | |     / /      \ \ | (_______          
       |  __________|| |        | |    | |    | |        | | \________ \        
        \ \_________ | |        | |    | |     \ \______/ /___________) |       
         \__________||_|        |_|    |_|      \________//____________/        
                                                                                
====================================[ Qcore ]===================================

 Git describe: 2.3.0
 Compiler:     GNU 9.1.0
 Build type:   Release
 Version:      2.3.0

 Start time:   Fri Oct 22 17:52:18 2021

 Data directory: /work/zw18965/.local/qcore/share/entos/qcore/data
 Number of threads: 24
 Number of threads was determined by: command line argument
  - More threads can be used by running 'qcore -n 32'

 --------------------------------------------------------------------------------
                                   command: dft                                  
 --------------------------------------------------------------------------------
 AO basis set:                           def2-tzvppd
 Number of AO basis functions:         356

 Formula:                                H3NCu4(2+)
 Nuclear charge:                       126.000000000
 Total charge:                           2.000000000
 Number of electrons:                  124.000000000

 Number of alpha electrons:             62
 Number of beta electrons:              62
 Number of unpaired electrons:           0
 Spin:                                   0
 Multiplicity:                           singlet

 Theory:                                 dft
 Exchange-correlation functional:        pbe
 Method for Coulomb:                     incore_df
 Integral threshold:                     1.00e-12
 DF basis set:                           def2-universal-jkfit
 Number of DF basis functions:        1187
 Schwarz screening threshold:            1.00e-10
 Coulomb fitting method:                 Cholesky
 Total number of grid points:        56214
 Method for AO orthogonalization:        symmetric
 Threshold for linear dependence:        1.00e-08
 D3BJ dispersion energy:                -0.010387626

 -------------------------------------
  Running restricted closed-shell SCF 
 -------------------------------------
 Max number of iterations:             128
 Conv. threshold (gradient):             1.00e-05
 Conv. threshold (energy):               1.00e-06
 Interpolation scheme:                   adiis+cdiis
 Initial guess:                          SAD

 ---------------------------------------------------------------
                  energy        change          grad        time
 ---------------------------------------------------------------
   0     -6618.172001337                    1.22e+01        0.09
   1     -6616.793322317      1.38e+00      2.55e+00        0.10
   2     -6613.974815914      2.82e+00      5.92e+00        0.10
   3     -6616.761336083     -2.79e+00      2.07e+00        0.10
   4     -6617.042014564     -2.81e-01      1.22e+00        0.11
   5     -6616.128233259      9.14e-01      8.82e+00        0.11
   6     -6616.988379898     -8.60e-01      1.83e+00        0.11
   7     -6616.983309922      5.07e-03      2.77e+00        0.12
   8     -6617.099749151     -1.16e-01      3.09e-01        0.12
   9     -6617.084263530      1.55e-02      7.51e-01        0.12
  10     -6617.104175919     -1.99e-02      3.03e-01        0.14
  11     -6617.098021753      6.15e-03      5.04e-01        0.14
  12     -6617.105370489     -7.35e-03      1.76e-01        0.17
  13     -6617.104382605      9.88e-04      1.23e-01        0.14
  14     -6617.105738271     -1.36e-03      7.92e-02        0.14
  15     -6617.105031636      7.07e-04      1.85e-01        0.13
  16     -6617.105887256     -8.56e-04      5.12e-04        0.13
  17     -6617.105887262     -5.52e-09      3.49e-04        0.11
  18     -6617.105887267     -5.15e-09      4.73e-05        0.11
  19     -6617.105887267     -2.11e-10      1.44e-05        0.11
  20     -6617.105887267     -1.36e-11      2.33e-06        0.10

 SCF converged in 20 iterations.

 Dipole moment (in Debye):               3.809203      -0.000954       0.000005

 Quadrupole moment (in Debye-Angstrom):
                  1            2            3
 1       -17.143582    -0.006619     0.000004
 2        -0.006619   -37.960868    -0.000008
 3         0.000004    -0.000008   -37.961150

 Spin-squared expectation <S^2>:         0.000
 Total spin quantum number S:            0.000
 TOTAL ENERGY:                       -6617.105887267

 --------------------------------------------------------------------------------

 End time:                               Fri Oct 22 17:52:22 2021
 Total wall-clock time:                  4.070 seconds
==================================================================================
