
================================================================================
          _____________ ________ _______________ ________     _________         
         / ___________// ______ \\_____   _____// ______ \   / ________)        
        / /_________  / /      \ \     | |     / /      \ \ | (_______          
       |  __________|| |        | |    | |    | |        | | \________ \        
        \ \_________ | |        | |    | |     \ \______/ /___________) |       
         \__________||_|        |_|    |_|      \________//____________/        
                                                                                
====================================[ Qcore ]===================================

 Git describe: 2.3.0
 Compiler:     GNU 9.1.0
 Build type:   Release
 Version:      2.3.0

 Start time:   Fri Oct 22 17:52:22 2021

 Data directory: /work/zw18965/.local/qcore/share/entos/qcore/data
 Number of threads: 24
 Number of threads was determined by: command line argument
  - More threads can be used by running 'qcore -n 32'

 --------------------------------------------------------------------------------
                                   command: dft                                  
 --------------------------------------------------------------------------------
 AO basis set:                           def2-tzvppd
 Number of AO basis functions:         268

 Formula:                                Cu4
 Nuclear charge:                       116.000000000
 Total charge:                           0.000000000
 Number of electrons:                  116.000000000

 Number of alpha electrons:             58
 Number of beta electrons:              58
 Number of unpaired electrons:           0
 Spin:                                   0
 Multiplicity:                           singlet

 Theory:                                 dft
 Exchange-correlation functional:        pbe
 Method for Coulomb:                     incore_df
 Integral threshold:                     1.00e-12
 DF basis set:                           def2-universal-jkfit
 Number of DF basis functions:        1056
 Schwarz screening threshold:            1.00e-10
 Coulomb fitting method:                 Cholesky
 Total number of grid points:        31744
 Method for AO orthogonalization:        symmetric
 Threshold for linear dependence:        1.00e-08
 D3BJ dispersion energy:                -0.005606786

 -------------------------------------
  Running restricted closed-shell SCF 
 -------------------------------------
 Max number of iterations:             128
 Conv. threshold (gradient):             1.00e-05
 Conv. threshold (energy):               1.00e-06
 Interpolation scheme:                   adiis+cdiis
 Initial guess:                          SAD

 ---------------------------------------------------------------
                  energy        change          grad        time
 ---------------------------------------------------------------
   0     -6561.602972331                    1.05e+01        0.05
   1     -6561.119752146      4.83e-01      8.94e-01        0.06
   2     -6560.554029462      5.66e-01      1.85e+00        0.05
   3     -6561.149015731     -5.95e-01      7.15e-01        0.06
   4     -6561.198263772     -4.92e-02      3.09e-01        0.06
   5     -6560.954361810      2.44e-01      2.36e+00        0.07
   6     -6561.170108780     -2.16e-01      6.27e-01        0.06
   7     -6561.201291107     -3.12e-02      2.74e-01        0.07
   8     -6561.199119799      2.17e-03      2.38e-01        0.07
   9     -6561.205814771     -6.69e-03      5.95e-02        0.07
  10     -6561.205066444      7.48e-04      1.31e-01        0.07
  11     -6561.206040694     -9.74e-04      3.53e-03        0.07
  12     -6561.206040995     -3.02e-07      1.56e-03        0.06
  13     -6561.206041078     -8.29e-08      1.15e-04        0.06
  14     -6561.206041079     -7.16e-10      4.45e-05        0.06
  15     -6561.206041079     -1.28e-10      1.73e-05        0.06
  16     -6561.206041079     -1.55e-11      6.66e-06        0.06

 SCF converged in 16 iterations.

 Dipole moment (in Debye):               0.002278       0.000211       0.000078

 Quadrupole moment (in Debye-Angstrom):
                  1            2            3
 1       -49.395348     0.564085     0.943856
 2         0.564085   -55.727867     0.047157
 3         0.943856     0.047157   -54.122584

 Spin-squared expectation <S^2>:         0.000
 Total spin quantum number S:            0.000
 TOTAL ENERGY:                       -6561.206041079

 --------------------------------------------------------------------------------

 End time:                               Fri Oct 22 17:52:24 2021
 Total wall-clock time:                  2.175 seconds
==================================================================================
