
================================================================================
          _____________ ________ _______________ ________     _________         
         / ___________// ______ \\_____   _____// ______ \   / ________)        
        / /_________  / /      \ \     | |     / /      \ \ | (_______          
       |  __________|| |        | |    | |    | |        | | \________ \        
        \ \_________ | |        | |    | |     \ \______/ /___________) |       
         \__________||_|        |_|    |_|      \________//____________/        
                                                                                
====================================[ Qcore ]===================================

 Git describe: 2.3.0
 Compiler:     GNU 9.1.0
 Build type:   Release
 Version:      2.3.0

 Start time:   Fri Oct 22 17:52:12 2021

 Data directory: /work/zw18965/.local/qcore/share/entos/qcore/data
 Number of threads: 24
 Number of threads was determined by: command line argument
  - More threads can be used by running 'qcore -n 32'

 --------------------------------------------------------------------------------
                                   command: dft                                  
 --------------------------------------------------------------------------------
 AO basis set:                           def2-tzvppd
 Number of AO basis functions:         268

 Formula:                                Cu4(2+)
 Nuclear charge:                       116.000000000
 Total charge:                           2.000000000
 Number of electrons:                  114.000000000

 Number of alpha electrons:             57
 Number of beta electrons:              57
 Number of unpaired electrons:           0
 Spin:                                   0
 Multiplicity:                           singlet

 Theory:                                 dft
 Exchange-correlation functional:        pbe
 Method for Coulomb:                     incore_df
 Integral threshold:                     1.00e-12
 DF basis set:                           def2-universal-jkfit
 Number of DF basis functions:        1056
 Schwarz screening threshold:            1.00e-10
 Coulomb fitting method:                 Cholesky
 Total number of grid points:        31744
 Method for AO orthogonalization:        symmetric
 Threshold for linear dependence:        1.00e-08
 D3BJ dispersion energy:                -0.005989080

 -------------------------------------
  Running restricted closed-shell SCF 
 -------------------------------------
 Max number of iterations:             128
 Conv. threshold (gradient):             1.00e-05
 Conv. threshold (energy):               1.00e-06
 Interpolation scheme:                   adiis+cdiis
 Initial guess:                          SAD

 ---------------------------------------------------------------
                  energy        change          grad        time
 ---------------------------------------------------------------
   0     -6561.604355720                    1.02e+01        0.05
   1     -6560.292778292      1.31e+00      1.32e+00        0.06
   2     -6558.804515254      1.49e+00      2.42e+00        0.06
   3     -6560.346682265     -1.54e+00      9.75e-01        0.06
   4     -6560.531598043     -1.85e-01      1.54e-01        0.06
   5     -6560.496924502      3.47e-02      4.64e-01        0.07
   6     -6560.530675854     -3.38e-02      1.63e-01        0.06
   7     -6560.535097147     -4.42e-03      5.73e-03        0.06
   8     -6560.535063243      3.39e-05      1.75e-02        0.07
   9     -6560.535104689     -4.14e-05      1.56e-03        0.07
  10     -6560.535104842     -1.53e-07      2.18e-04        0.07
  11     -6560.535104844     -2.00e-09      2.89e-05        0.06
  12     -6560.535104844     -6.09e-11      6.27e-06        0.06

 SCF converged in 12 iterations.

 Dipole moment (in Debye):              -0.000014      -0.000174      -0.000098

 Quadrupole moment (in Debye-Angstrom):
                  1            2            3
 1       -29.519938    -0.000027    -0.000000
 2        -0.000027   -29.520436    -0.000055
 3        -0.000000    -0.000055   -29.519890

 Spin-squared expectation <S^2>:         0.000
 Total spin quantum number S:            0.000
 TOTAL ENERGY:                       -6560.535104844

 --------------------------------------------------------------------------------

 End time:                               Fri Oct 22 17:52:14 2021
 Total wall-clock time:                  1.922 seconds
==================================================================================
