
================================================================================
          _____________ ________ _______________ ________     _________         
         / ___________// ______ \\_____   _____// ______ \   / ________)        
        / /_________  / /      \ \     | |     / /      \ \ | (_______          
       |  __________|| |        | |    | |    | |        | | \________ \        
        \ \_________ | |        | |    | |     \ \______/ /___________) |       
         \__________||_|        |_|    |_|      \________//____________/        
                                                                                
====================================[ Qcore ]===================================

 Git describe: 2.3.0
 Compiler:     GNU 9.1.0
 Build type:   Release
 Version:      2.3.0

 Start time:   Fri Oct 22 17:52:05 2021

 Data directory: /work/zw18965/.local/qcore/share/entos/qcore/data
 Number of threads: 24
 Number of threads was determined by: command line argument
  - More threads can be used by running 'qcore -n 32'

 --------------------------------------------------------------------------------
                                   command: dft                                  
 --------------------------------------------------------------------------------
 AO basis set:                           def2-tzvppd
 Number of AO basis functions:         285

 Formula:                                HCu4(2+)
 Nuclear charge:                       117.000000000
 Total charge:                           2.000000000
 Number of electrons:                  115.000000000

 Number of alpha electrons:             58
 Number of beta electrons:              57
 Number of unpaired electrons:           1
 Spin:                                   1
 Multiplicity:                           doublet

 Theory:                                 dft
 Exchange-correlation functional:        pbe
 Method for Coulomb:                     incore_df
 Integral threshold:                     1.00e-12
 DF basis set:                           def2-universal-jkfit
 Number of DF basis functions:        1074
 Schwarz screening threshold:            1.00e-10
 Coulomb fitting method:                 Cholesky
 Total number of grid points:        37634
 Method for AO orthogonalization:        symmetric
 Threshold for linear dependence:        1.00e-08
 D3BJ dispersion energy:                -0.007075577

 -------------------------------------
  Running unrestricted open-shell SCF 
 -------------------------------------
 Max number of iterations:             128
 Conv. threshold (gradient):             1.00e-05
 Conv. threshold (energy):               1.00e-06
 Interpolation scheme:                   adiis+cdiis
 Initial guess:                          SAD

 ---------------------------------------------------------------
                  energy        change          grad        time
 ---------------------------------------------------------------
   0     -6562.214378820                    6.16e+00        0.08
   1     -6560.679595261      1.53e+00      1.30e+00        0.09
   2     -6558.313032186      2.37e+00      2.01e+00        0.09
   3     -6560.781784272     -2.47e+00      1.04e+00        0.10
   4     -6561.063012528     -2.81e-01      4.39e-01        0.09
   5     -6559.164048857      1.90e+00      3.81e+00        0.10
   6     -6560.896742561     -1.73e+00      1.02e+00        0.10
   7     -6561.070295794     -1.74e-01      3.93e-01        0.11
   8     -6560.842178440      2.28e-01      2.25e+00        0.11
   9     -6561.077664736     -2.35e-01      4.79e-01        0.12
  10     -6561.095855738     -1.82e-02      8.16e-02        0.13
  11     -6561.088414374      7.44e-03      3.05e-01        0.13
  12     -6561.097076813     -8.66e-03      3.76e-03        0.12
  13     -6561.097077591     -7.78e-07      3.26e-03        0.10
  14     -6561.097078064     -4.72e-07      2.62e-03        0.10
  15     -6561.097078733     -6.69e-07      5.57e-04        0.10
  16     -6561.097078778     -4.55e-08      1.25e-04        0.10
  17     -6561.097078781     -2.73e-09      2.07e-05        0.10
  18     -6561.097078781     -4.18e-11      2.34e-05        0.10
  19     -6561.097078781     -6.46e-11      3.94e-06        0.12

 SCF converged in 19 iterations.

 Dipole moment (in Debye):              -0.264615       0.001235      -0.002312

 Quadrupole moment (in Debye-Angstrom):
                  1            2            3
 1       -31.072011     0.004000    -0.007962
 2         0.004000   -29.989193    -0.053763
 3        -0.007962    -0.053763   -31.277447

 Spin-squared expectation <S^2>:         0.752
 Total spin quantum number S:            0.501
 TOTAL ENERGY:                       -6561.097078781

 --------------------------------------------------------------------------------

 End time:                               Fri Oct 22 17:52:09 2021
 Total wall-clock time:                  3.325 seconds
==================================================================================
