
================================================================================
          _____________ ________ _______________ ________     _________         
         / ___________// ______ \\_____   _____// ______ \   / ________)        
        / /_________  / /      \ \     | |     / /      \ \ | (_______          
       |  __________|| |        | |    | |    | |        | | \________ \        
        \ \_________ | |        | |    | |     \ \______/ /___________) |       
         \__________||_|        |_|    |_|      \________//____________/        
                                                                                
====================================[ Qcore ]===================================

 Git describe: 2.3.0
 Compiler:     GNU 9.1.0
 Build type:   Release
 Version:      2.3.0

 Start time:   Fri Oct 22 17:52:14 2021

 Data directory: /work/zw18965/.local/qcore/share/entos/qcore/data
 Number of threads: 24
 Number of threads was determined by: command line argument
  - More threads can be used by running 'qcore -n 32'

 --------------------------------------------------------------------------------
                                   command: dft                                  
 --------------------------------------------------------------------------------
 AO basis set:                           def2-tzvppd
 Number of AO basis functions:         356

 Formula:                                H3NCu4(2+)
 Nuclear charge:                       126.000000000
 Total charge:                           2.000000000
 Number of electrons:                  124.000000000

 Number of alpha electrons:             62
 Number of beta electrons:              62
 Number of unpaired electrons:           0
 Spin:                                   0
 Multiplicity:                           singlet

 Theory:                                 dft
 Exchange-correlation functional:        pbe
 Method for Coulomb:                     incore_df
 Integral threshold:                     1.00e-12
 DF basis set:                           def2-universal-jkfit
 Number of DF basis functions:        1187
 Schwarz screening threshold:            1.00e-10
 Coulomb fitting method:                 Cholesky
 Total number of grid points:        56214
 Method for AO orthogonalization:        symmetric
 Threshold for linear dependence:        1.00e-08
 D3BJ dispersion energy:                -0.009276849

 -------------------------------------
  Running restricted closed-shell SCF 
 -------------------------------------
 Max number of iterations:             128
 Conv. threshold (gradient):             1.00e-05
 Conv. threshold (energy):               1.00e-06
 Interpolation scheme:                   adiis+cdiis
 Initial guess:                          SAD

 ---------------------------------------------------------------
                  energy        change          grad        time
 ---------------------------------------------------------------
   0     -6618.273953395                    1.40e+01        0.10
   1     -6616.844197144      1.43e+00      2.49e+00        0.10
   2     -6614.751808324      2.09e+00      5.99e+00        0.10
   3     -6616.896435406     -2.14e+00      1.83e+00        0.10
   4     -6617.138305675     -2.42e-01      8.10e-01        0.11
   5     -6617.015912277      1.22e-01      2.08e+00        0.11
   6     -6617.133427431     -1.18e-01      4.49e-01        0.11
   7     -6617.111328654      2.21e-02      1.10e+00        0.11
   8     -6617.156895053     -4.56e-02      1.60e-01        0.12
   9     -6617.136123996      2.08e-02      9.38e-01        0.13
  10     -6617.155204241     -1.91e-02      2.97e-01        0.15
  11     -6617.157877150     -2.67e-03      4.70e-02        0.15
  12     -6617.157524948      3.52e-04      5.92e-02        0.14
  13     -6617.157976198     -4.51e-04      2.13e-04        0.13
  14     -6617.157976195      2.66e-09      4.07e-04        0.11
  15     -6617.157976200     -5.16e-09      5.45e-05        0.11
  16     -6617.157976200     -1.68e-10      8.20e-06        0.11

 SCF converged in 16 iterations.

 Dipole moment (in Debye):               0.643914       3.718780      -0.000007

 Quadrupole moment (in Debye-Angstrom):
                  1            2            3
 1       -36.491130     4.593616     0.000003
 2         4.593616   -10.822124     0.000005
 3         0.000003     0.000005   -37.284205

 Spin-squared expectation <S^2>:         0.000
 Total spin quantum number S:            0.000
 TOTAL ENERGY:                       -6617.157976200

 --------------------------------------------------------------------------------

 End time:                               Fri Oct 22 17:52:18 2021
 Total wall-clock time:                  3.529 seconds
==================================================================================
