
================================================================================
          _____________ ________ _______________ ________     _________         
         / ___________// ______ \\_____   _____// ______ \   / ________)        
        / /_________  / /      \ \     | |     / /      \ \ | (_______          
       |  __________|| |        | |    | |    | |        | | \________ \        
        \ \_________ | |        | |    | |     \ \______/ /___________) |       
         \__________||_|        |_|    |_|      \________//____________/        
                                                                                
====================================[ Qcore ]===================================

 Git describe: 2.3.0
 Compiler:     GNU 9.1.0
 Build type:   Release
 Version:      2.3.0

 Start time:   Fri Oct 22 17:52:02 2021

 Data directory: /work/zw18965/.local/qcore/share/entos/qcore/data
 Number of threads: 24
 Number of threads was determined by: command line argument
  - More threads can be used by running 'qcore -n 32'

 --------------------------------------------------------------------------------
                                   command: dft                                  
 --------------------------------------------------------------------------------
 AO basis set:                           def2-tzvppd
 Number of AO basis functions:         285

 Formula:                                HCu4(2+)
 Nuclear charge:                       117.000000000
 Total charge:                           2.000000000
 Number of electrons:                  115.000000000

 Number of alpha electrons:             58
 Number of beta electrons:              57
 Number of unpaired electrons:           1
 Spin:                                   1
 Multiplicity:                           doublet

 Theory:                                 dft
 Exchange-correlation functional:        pbe
 Method for Coulomb:                     incore_df
 Integral threshold:                     1.00e-12
 DF basis set:                           def2-universal-jkfit
 Number of DF basis functions:        1074
 Schwarz screening threshold:            1.00e-10
 Coulomb fitting method:                 Cholesky
 Total number of grid points:        37634
 Method for AO orthogonalization:        symmetric
 Threshold for linear dependence:        1.00e-08
 D3BJ dispersion energy:                -0.006709331

 -------------------------------------
  Running unrestricted open-shell SCF 
 -------------------------------------
 Max number of iterations:             128
 Conv. threshold (gradient):             1.00e-05
 Conv. threshold (energy):               1.00e-06
 Interpolation scheme:                   adiis+cdiis
 Initial guess:                          SAD

 ---------------------------------------------------------------
                  energy        change          grad        time
 ---------------------------------------------------------------
   0     -6562.149788931                    5.48e+00        0.07
   1     -6560.367230485      1.78e+00      1.29e+00        0.09
   2     -6556.844009462      3.52e+00      2.02e+00        0.09
   3     -6560.596456534     -3.75e+00      1.13e+00        0.09
   4     -6560.990698931     -3.94e-01      9.34e-01        0.10
   5     -6559.248361608      1.74e+00      4.34e+00        0.10
   6     -6560.696818982     -1.45e+00      1.39e+00        0.10
   7     -6560.849037777     -1.52e-01      1.50e+00        0.12
   8     -6561.027575574     -1.79e-01      5.02e-01        0.11
   9     -6561.044277907     -1.67e-02      2.88e-01        0.12
  10     -6561.063524708     -1.92e-02      2.21e-01        0.13
  11     -6561.062242052      1.28e-03      2.84e-01        0.14
  12     -6561.067072289     -4.83e-03      1.03e-01        0.13
  13     -6561.069850223     -2.78e-03      6.14e-02        0.13
  14     -6561.069918411     -6.82e-05      6.80e-02        0.13
  15     -6561.070819972     -9.02e-04      1.81e-03        0.14
  16     -6561.070820310     -3.38e-07      1.31e-03        0.10
  17     -6561.070820528     -2.17e-07      8.13e-04        0.10
  18     -6561.070820680     -1.52e-07      2.78e-04        0.11
  19     -6561.070820690     -1.01e-08      1.05e-04        0.10
  20     -6561.070820691     -1.41e-09      1.19e-05        0.10
  21     -6561.070820691     -2.46e-11      8.21e-06        0.10

 SCF converged in 21 iterations.

 Dipole moment (in Debye):              -0.000002       0.000214      -0.678002

 Quadrupole moment (in Debye-Angstrom):
                  1            2            3
 1       -30.505665    -0.000002    -0.000000
 2        -0.000002   -30.505139     0.000047
 3        -0.000000     0.000047   -30.583172

 Spin-squared expectation <S^2>:         0.755
 Total spin quantum number S:            0.502
 TOTAL ENERGY:                       -6561.070820691

 --------------------------------------------------------------------------------

 End time:                               Fri Oct 22 17:52:05 2021
 Total wall-clock time:                  3.575 seconds
==================================================================================
