
================================================================================
          _____________ ________ _______________ ________     _________         
         / ___________// ______ \\_____   _____// ______ \   / ________)        
        / /_________  / /      \ \     | |     / /      \ \ | (_______          
       |  __________|| |        | |    | |    | |        | | \________ \        
        \ \_________ | |        | |    | |     \ \______/ /___________) |       
         \__________||_|        |_|    |_|      \________//____________/        
                                                                                
====================================[ Qcore ]===================================

 Git describe: 2.3.0
 Compiler:     GNU 9.1.0
 Build type:   Release
 Version:      2.3.0

 Start time:   Fri Oct 22 17:52:25 2021

 Data directory: /work/zw18965/.local/qcore/share/entos/qcore/data
 Number of threads: 24
 Number of threads was determined by: command line argument
  - More threads can be used by running 'qcore -n 32'

 --------------------------------------------------------------------------------
                                   command: dft                                  
 --------------------------------------------------------------------------------
 AO basis set:                           def2-tzvppd
 Number of AO basis functions:          88

 Formula:                                H3N
 Nuclear charge:                        10.000000000
 Total charge:                           0.000000000
 Number of electrons:                   10.000000000

 Number of alpha electrons:              5
 Number of beta electrons:               5
 Number of unpaired electrons:           0
 Spin:                                   0
 Multiplicity:                           singlet

 Theory:                                 dft
 Exchange-correlation functional:        pbe
 Method for Coulomb:                     incore_df
 Integral threshold:                     1.00e-12
 DF basis set:                           def2-universal-jkfit
 Number of DF basis functions:         131
 Schwarz screening threshold:            1.00e-10
 Coulomb fitting method:                 Cholesky
 Total number of grid points:        24470
 Method for AO orthogonalization:        symmetric
 Threshold for linear dependence:        1.00e-08
 D3BJ dispersion energy:                -0.000763171

 -------------------------------------
  Running restricted closed-shell SCF 
 -------------------------------------
 Max number of iterations:             128
 Conv. threshold (gradient):             1.00e-05
 Conv. threshold (energy):               1.00e-06
 Interpolation scheme:                   adiis+cdiis
 Initial guess:                          SAD

 ---------------------------------------------------------------
                  energy        change          grad        time
 ---------------------------------------------------------------
   0       -56.465331645                    7.07e+00        0.01
   1       -56.406927250      5.84e-02      1.64e+00        0.01
   2       -56.056274118      3.51e-01      2.73e+00        0.01
   3       -56.486191347     -4.30e-01      8.27e-01        0.01
   4       -56.506305624     -2.01e-02      4.33e-01        0.01
   5       -56.511885627     -5.58e-03      2.01e-01        0.01
   6       -56.512936357     -1.05e-03      1.16e-01        0.01
   7       -56.513378043     -4.42e-04      4.25e-02        0.01
   8       -56.513396086     -1.80e-05      3.65e-02        0.01
   9       -56.513447185     -5.11e-05      2.93e-05        0.01
  10       -56.513447185     -2.83e-11      4.96e-07        0.01

 SCF converged in 10 iterations.

 Dipole moment (in Debye):               0.000146      -1.567065      -0.000000

 Quadrupole moment (in Debye-Angstrom):
                  1            2            3
 1        -6.536523     0.000651     0.000000
 2         0.000651    -9.359461     0.000000
 3         0.000000     0.000000    -6.535685

 Spin-squared expectation <S^2>:         0.000
 Total spin quantum number S:            0.000
 TOTAL ENERGY:                         -56.513447185

 --------------------------------------------------------------------------------

 End time:                               Fri Oct 22 17:52:25 2021
 Total wall-clock time:                  0.429 seconds
==================================================================================
