
================================================================================
          _____________ ________ _______________ ________     _________         
         / ___________// ______ \\_____   _____// ______ \   / ________)        
        / /_________  / /      \ \     | |     / /      \ \ | (_______          
       |  __________|| |        | |    | |    | |        | | \________ \        
        \ \_________ | |        | |    | |     \ \______/ /___________) |       
         \__________||_|        |_|    |_|      \________//____________/        
                                                                                
====================================[ Qcore ]===================================

 Git describe: 2.3.0-1-g21d9df7e5
 Compiler:     GNU 9.1.0
 Build type:   Release
 Version:      2.3.0-1-g21d9df7e5

 Start time:   Mon Oct 25 12:44:50 2021

 Data directory: /work/zw18965/.local/qcore/share/entos/qcore/data
 Number of threads: 24
 Number of threads was determined by: command line argument

 --------------------------------------------------------------------------------
                                command: optimize                                
 --------------------------------------------------------------------------------
 Using coordinate system:                tric

 -----------------------------
  Initial coordinates summary 
 -----------------------------
 Total coordinates:                      7
 Bond distances:                         1
 Bond angles:                            0
 Dihedral angles:                        0
 Linear bond angles:                     0
 Out-of-plane bends:                     0
 Translations:                           6
 Rotations:                              0
 Hessian update scheme:                  bfgs
 Initial hessian:                        model

 ------------------------------------------------------------------------------------------------------------
                   energy      change    grad rms    grad max    step rms    step max       trust    time (s)
 ------------------------------------------------------------------------------------------------------------
   1      -147.572679973                3.69e-03    6.39e-03                            2.00e-01        8.92
   2      -147.572838360   -1.58e-04    1.02e-03    1.77e-03    1.87e-02    3.75e-02    2.00e-01        3.00
   3      -147.572852314   -1.40e-05    6.36e-05    1.10e-04    7.15e-03    1.43e-02    2.00e-01        3.12
Rejecting step due to low quality: Quality: -2.90893 New trust radius: 0.000209983
   4      -147.572852179    1.35e-07    6.36e-05    1.10e-04    4.20e-04    8.40e-04    2.10e-04        2.90
 Geometry optimization stopped:          thresholds achieved

 Final energy:                        -147.572852179

 ---------------------------
  Final coordinates summary 
 ---------------------------
 Total coordinates:                      7
 Bond distances:                         1
 Bond angles:                            0
 Dihedral angles:                        0
 Linear bond angles:                     0
 Out-of-plane bends:                     0
 Translations:                           6
 Rotations:                              0

 -----------
  Final XYZ 
 -----------
2
Final structure: -147.573 hartree
Ag           0.000000268          0.000000268          0.019847529
H           -0.000000268         -0.000000268         -1.563006529

 Structure in entos input format:

  structure(
    xyz = [
      ['Ag' ,          0.000000268,          0.000000268,          0.019847529],
      ['H'  ,         -0.000000268,         -0.000000268,         -1.563006529]
    ]
  )

 --------------------------------
  Geometry optimization finished 
 --------------------------------
 Saving results in set 'opt'

 --------------------------------------------------------------------------------
                                 command: hessian                                
 --------------------------------------------------------------------------------

WARNING: semianalytic method is specified for dft hessian, which is not efficient. Try switching to 'method = analytic'


 -------------------------------
  Numerical Geometrical Hessian 
 -------------------------------

 Compute hessian using two-point central differentiation.
 Step size (bohr):                       0.0100

 Frequencies (including translational and rotational modes):
 mode    frequency (cm-1)
    0               40.70 i (imaginary)
    1               40.09 i (imaginary)
    2                0.01 i (imaginary)
    3                0.03
    4                0.08
    5             1878.62

 Project out translational and rotational motions 

 The molecule is linear

 Degrees of freedom for translational and rotational motions: 5

 Vibrational frequencies:
 mode    frequency (cm-1)
    0             1878.62

 --------------------------------------------------------------------------------

 End time:                               Mon Oct 25 12:45:53 2021
 Total wall-clock time:                 62.799 seconds
==================================================================================
