
================================================================================
          _____________ ________ _______________ ________     _________         
         / ___________// ______ \\_____   _____// ______ \   / ________)        
        / /_________  / /      \ \     | |     / /      \ \ | (_______          
       |  __________|| |        | |    | |    | |        | | \________ \        
        \ \_________ | |        | |    | |     \ \______/ /___________) |       
         \__________||_|        |_|    |_|      \________//____________/        
                                                                                
====================================[ Qcore ]===================================

 Git describe: 2.3.0-1-g21d9df7e5
 Compiler:     GNU 9.1.0
 Build type:   Release
 Version:      2.3.0-1-g21d9df7e5

 Start time:   Mon Oct 25 12:42:30 2021

 Data directory: /work/zw18965/.local/qcore/share/entos/qcore/data
 Number of threads: 24
 Number of threads was determined by: command line argument

 --------------------------------------------------------------------------------
                                command: optimize                                
 --------------------------------------------------------------------------------
 Using coordinate system:                tric

 -----------------------------
  Initial coordinates summary 
 -----------------------------
 Total coordinates:                      7
 Bond distances:                         1
 Bond angles:                            0
 Dihedral angles:                        0
 Linear bond angles:                     0
 Out-of-plane bends:                     0
 Translations:                           6
 Rotations:                              0
 Hessian update scheme:                  bfgs
 Initial hessian:                        model

 ------------------------------------------------------------------------------------------------------------
                   energy      change    grad rms    grad max    step rms    step max       trust    time (s)
 ------------------------------------------------------------------------------------------------------------
   1      -246.900651335                4.52e-03    7.82e-03                            2.00e-01       16.38
   2      -246.900820187   -1.69e-04    1.69e-03    2.92e-03    1.53e-02    3.07e-02    2.00e-01        6.79
   3      -246.900847639   -2.75e-05    1.03e-04    1.78e-04    9.15e-03    1.83e-02    2.00e-01        7.05
   4      -246.900847598    4.12e-08    2.26e-06    3.91e-06    5.25e-04    1.05e-03    2.63e-04        6.05
 Geometry optimization stopped:          thresholds achieved

 Final energy:                        -246.900847598

 ---------------------------
  Final coordinates summary 
 ---------------------------
 Total coordinates:                      7
 Bond distances:                         1
 Bond angles:                            0
 Dihedral angles:                        0
 Linear bond angles:                     0
 Out-of-plane bends:                     0
 Translations:                           6
 Rotations:                              0

 -----------
  Final XYZ 
 -----------
2
Final structure: -246.901 hartree
Ag          -0.000001650         -0.000002047          0.305037424
F            0.000001650          0.000002047         -1.646488424

 Structure in entos input format:

  structure(
    xyz = [
      ['Ag' ,         -0.000001650,         -0.000002047,          0.305037424],
      ['F'  ,          0.000001650,          0.000002047,         -1.646488424]
    ]
  )

 --------------------------------
  Geometry optimization finished 
 --------------------------------
 Saving results in set 'opt'

 --------------------------------------------------------------------------------
                                 command: hessian                                
 --------------------------------------------------------------------------------

WARNING: semianalytic method is specified for dft hessian, which is not efficient. Try switching to 'method = analytic'


 -------------------------------
  Numerical Geometrical Hessian 
 -------------------------------

 Compute hessian using two-point central differentiation.
 Step size (bohr):                       0.0100

 Frequencies (including translational and rotational modes):
 mode    frequency (cm-1)
    0                0.02 i (imaginary)
    1                0.01 i (imaginary)
    2                0.00 i (imaginary)
    3               40.44
    4               40.49
    5              531.88

 Project out translational and rotational motions 

 The molecule is linear

 Degrees of freedom for translational and rotational motions: 5

 Vibrational frequencies:
 mode    frequency (cm-1)
    0              531.88

 --------------------------------------------------------------------------------

 End time:                               Mon Oct 25 12:44:43 2021
 Total wall-clock time:                133.667 seconds
==================================================================================
