
================================================================================
          _____________ ________ _______________ ________     _________         
         / ___________// ______ \\_____   _____// ______ \   / ________)        
        / /_________  / /      \ \     | |     / /      \ \ | (_______          
       |  __________|| |        | |    | |    | |        | | \________ \        
        \ \_________ | |        | |    | |     \ \______/ /___________) |       
         \__________||_|        |_|    |_|      \________//____________/        
                                                                                
====================================[ Qcore ]===================================

 Git describe: 2.3.0-1-g21d9df7e5
 Compiler:     GNU 9.1.0
 Build type:   Release
 Version:      2.3.0-1-g21d9df7e5

 Start time:   Mon Oct 25 12:46:00 2021

 Data directory: /work/zw18965/.local/qcore/share/entos/qcore/data
 Number of threads: 24
 Number of threads was determined by: command line argument

 --------------------------------------------------------------------------------
                                command: optimize                                
 --------------------------------------------------------------------------------
 Using coordinate system:                tric

 -----------------------------
  Initial coordinates summary 
 -----------------------------
 Total coordinates:                      7
 Bond distances:                         1
 Bond angles:                            0
 Dihedral angles:                        0
 Linear bond angles:                     0
 Out-of-plane bends:                     0
 Translations:                           6
 Rotations:                              0
 Hessian update scheme:                  bfgs
 Initial hessian:                        model

 ------------------------------------------------------------------------------------------------------------
                   energy      change    grad rms    grad max    step rms    step max       trust    time (s)
 ------------------------------------------------------------------------------------------------------------
   1      -294.040884464                3.65e-03    6.33e-03                            2.00e-01       27.74
   2      -294.041116761   -2.32e-04    1.42e-03    2.46e-03    2.53e-02    5.06e-02    2.00e-01       15.56
   3      -294.041158506   -4.17e-05    1.51e-04    2.61e-04    1.61e-02    3.21e-02    2.00e-01       15.60
   4      -294.041158281    2.25e-07    5.32e-06    9.22e-06    1.54e-03    3.09e-03    7.72e-04       13.74
   5      -294.041158301   -1.98e-08    5.01e-08    5.93e-08    5.26e-05    1.05e-04    7.72e-04       11.51
 Geometry optimization stopped:          thresholds achieved

 Final energy:                        -294.041158301

 ---------------------------
  Final coordinates summary 
 ---------------------------
 Total coordinates:                      7
 Bond distances:                         1
 Bond angles:                            0
 Dihedral angles:                        0
 Linear bond angles:                     0
 Out-of-plane bends:                     0
 Translations:                           6
 Rotations:                              0

 -----------
  Final XYZ 
 -----------
2
Final structure: -294.041 hartree
Ag           0.000001390          0.000000887          1.240712096
Ag          -0.000001390         -0.000000887         -1.240712096

 Structure in entos input format:

  structure(
    xyz = [
      ['Ag' ,          0.000001390,          0.000000887,          1.240712096],
      ['Ag' ,         -0.000001390,         -0.000000887,         -1.240712096]
    ]
  )

 --------------------------------
  Geometry optimization finished 
 --------------------------------
 Saving results in set 'opt'

 --------------------------------------------------------------------------------
                                 command: hessian                                
 --------------------------------------------------------------------------------

WARNING: semianalytic method is specified for dft hessian, which is not efficient. Try switching to 'method = analytic'


 -------------------------------
  Numerical Geometrical Hessian 
 -------------------------------

 Compute hessian using two-point central differentiation.
 Step size (bohr):                       0.0100

 Frequencies (including translational and rotational modes):
 mode    frequency (cm-1)
    0               15.01 i (imaginary)
    1               14.99 i (imaginary)
    2                0.00 i (imaginary)
    3                0.00
    4                0.02
    5              206.83

 Project out translational and rotational motions 

 The molecule is linear

 Degrees of freedom for translational and rotational motions: 5

 Vibrational frequencies:
 mode    frequency (cm-1)
    0              206.83

 --------------------------------------------------------------------------------

 End time:                               Mon Oct 25 12:50:39 2021
 Total wall-clock time:                279.142 seconds
==================================================================================
