
================================================================================
          _____________ ________ _______________ ________     _________         
         / ___________// ______ \\_____   _____// ______ \   / ________)        
        / /_________  / /      \ \     | |     / /      \ \ | (_______          
       |  __________|| |        | |    | |    | |        | | \________ \        
        \ \_________ | |        | |    | |     \ \______/ /___________) |       
         \__________||_|        |_|    |_|      \________//____________/        
                                                                                
====================================[ Qcore ]===================================

 Git describe: 2.3.0-1-g21d9df7e5
 Compiler:     GNU 9.1.0
 Build type:   Release
 Version:      2.3.0-1-g21d9df7e5

 Start time:   Mon Oct 25 12:50:07 2021

 Data directory: /work/zw18965/.local/qcore/share/entos/qcore/data
 Number of threads: 24
 Number of threads was determined by: command line argument

 --------------------------------------------------------------------------------
                                command: optimize                                
 --------------------------------------------------------------------------------
 Using coordinate system:                tric

 -----------------------------
  Initial coordinates summary 
 -----------------------------
 Total coordinates:                     12
 Bond distances:                         3
 Bond angles:                            3
 Dihedral angles:                        0
 Linear bond angles:                     0
 Out-of-plane bends:                     0
 Translations:                           3
 Rotations:                              3
 Hessian update scheme:                  bfgs
 Initial hessian:                        model

 ------------------------------------------------------------------------------------------------------------
                   energy      change    grad rms    grad max    step rms    step max       trust    time (s)
 ------------------------------------------------------------------------------------------------------------
   1      -441.064401461                7.34e-03    1.78e-02                            2.00e-01      459.95
   2      -441.066418959   -2.02e-03    4.44e-03    1.05e-02    6.65e-02    9.63e-02    2.00e-01      181.08
   3      -441.067560467   -1.14e-03    2.66e-03    4.53e-03    1.15e-01    1.52e-01    2.00e-01      192.52
   4      -441.067684966   -1.24e-04    1.26e-03    2.52e-03    1.61e-02    3.06e-02    2.00e-01      177.94
   5      -441.067768085   -8.31e-05    5.48e-04    1.11e-03    1.95e-02    4.76e-02    2.00e-01      179.78
   6      -441.067812442   -4.44e-05    2.15e-04    4.99e-04    2.42e-02    5.55e-02    2.00e-01      179.45
   7      -441.067819147   -6.71e-06    5.52e-05    1.35e-04    9.31e-03    1.91e-02    2.00e-01      149.47
   8      -441.067819724   -5.77e-07    5.85e-06    1.24e-05    1.62e-03    2.86e-03    2.00e-01      118.53
   9      -441.067819761   -3.65e-08    8.58e-07    1.84e-06    5.54e-05    1.04e-04    2.00e-01       91.19
 Geometry optimization stopped:          thresholds achieved

 Final energy:                        -441.067819761

 ---------------------------
  Final coordinates summary 
 ---------------------------
 Total coordinates:                     12
 Bond distances:                         3
 Bond angles:                            3
 Dihedral angles:                        0
 Linear bond angles:                     0
 Out-of-plane bends:                     0
 Translations:                           3
 Rotations:                              3

 -----------
  Final XYZ 
 -----------
3
Final structure: -441.068 hartree
Ag          -0.000001370          1.410832402          0.000008714
Ag           1.414857953         -0.705412247         -0.000006600
Ag          -1.414856583         -0.705421155         -0.000002115

 Structure in entos input format:

  structure(
    xyz = [
      ['Ag' ,         -0.000001370,          1.410832402,          0.000008714],
      ['Ag' ,          1.414857953,         -0.705412247,         -0.000006600],
      ['Ag' ,         -1.414856583,         -0.705421155,         -0.000002115]
    ]
  )

 --------------------------------
  Geometry optimization finished 
 --------------------------------
 Saving results in set 'opt'

 --------------------------------------------------------------------------------
                                 command: hessian                                
 --------------------------------------------------------------------------------

WARNING: semianalytic method is specified for dft hessian, which is not efficient. Try switching to 'method = analytic'


 -------------------------------
  Numerical Geometrical Hessian 
 -------------------------------

 Compute hessian using two-point central differentiation.
 Step size (bohr):                       0.0100

 Frequencies (including translational and rotational modes):
 mode    frequency (cm-1)
    0               13.09 i (imaginary)
    1                6.93 i (imaginary)
    2                0.07 i (imaginary)
    3                0.02 i (imaginary)
    4                0.11
    5                5.03
    6               76.21
    7              118.88
    8              197.87

 Project out translational and rotational motions 

 Degrees of freedom for translational and rotational motions: 6

 Vibrational frequencies:
 mode    frequency (cm-1)
    0               76.21
    1              118.87
    2              197.87

 --------------------------------------------------------------------------------

 End time:                               Mon Oct 25 14:14:01 2021
 Total wall-clock time:               5033.740 seconds
==================================================================================
