
================================================================================
          _____________ ________ _______________ ________     _________         
         / ___________// ______ \\_____   _____// ______ \   / ________)        
        / /_________  / /      \ \     | |     / /      \ \ | (_______          
       |  __________|| |        | |    | |    | |        | | \________ \        
        \ \_________ | |        | |    | |     \ \______/ /___________) |       
         \__________||_|        |_|    |_|      \________//____________/        
                                                                                
====================================[ Qcore ]===================================

 Git describe: 2.3.0-1-g21d9df7e5
 Compiler:     GNU 9.1.0
 Build type:   Release
 Version:      2.3.0-1-g21d9df7e5

 Start time:   Mon Oct 25 12:46:05 2021

 Data directory: /work/zw18965/.local/qcore/share/entos/qcore/data
 Number of threads: 24
 Number of threads was determined by: command line argument

 --------------------------------------------------------------------------------
                                command: optimize                                
 --------------------------------------------------------------------------------
 Using coordinate system:                tric

 -----------------------------
  Initial coordinates summary 
 -----------------------------
 Total coordinates:                     12
 Bond distances:                         3
 Bond angles:                            3
 Dihedral angles:                        0
 Linear bond angles:                     0
 Out-of-plane bends:                     0
 Translations:                           3
 Rotations:                              3
 Hessian update scheme:                  bfgs
 Initial hessian:                        model

 ------------------------------------------------------------------------------------------------------------
                   energy      change    grad rms    grad max    step rms    step max       trust    time (s)
 ------------------------------------------------------------------------------------------------------------
   1      -440.852692249                4.79e-03    8.28e-03                            2.00e-01      137.96
   2      -440.853242151   -5.50e-04    2.67e-03    4.61e-03    2.77e-02    4.82e-02    2.00e-01       87.58
   3      -440.853472564   -2.30e-04    3.87e-04    6.72e-04    3.47e-02    6.04e-02    2.00e-01       87.87
   4      -440.853474132   -1.57e-06    2.54e-05    4.20e-05    4.40e-03    7.63e-03    2.00e-01       72.72
   5      -440.853474258   -1.26e-07    7.34e-07    1.49e-06    2.71e-04    4.88e-04    2.00e-01       51.35
 Geometry optimization stopped:          thresholds achieved

 Final energy:                        -440.853474258

 ---------------------------
  Final coordinates summary 
 ---------------------------
 Total coordinates:                     12
 Bond distances:                         3
 Bond angles:                            3
 Dihedral angles:                        0
 Linear bond angles:                     0
 Out-of-plane bends:                     0
 Translations:                           3
 Rotations:                              3

 -----------
  Final XYZ 
 -----------
3
Final structure: -440.853 hartree
Ag           0.000022577          1.499197845          0.000002054
Ag           1.298054683         -0.749613934          0.000000627
Ag          -1.298077260         -0.749582911         -0.000002681

 Structure in entos input format:

  structure(
    xyz = [
      ['Ag' ,          0.000022577,          1.499197845,          0.000002054],
      ['Ag' ,          1.298054683,         -0.749613934,          0.000000627],
      ['Ag' ,         -1.298077260,         -0.749582911,         -0.000002681]
    ]
  )

 --------------------------------
  Geometry optimization finished 
 --------------------------------
 Saving results in set 'opt'

 --------------------------------------------------------------------------------
                                 command: hessian                                
 --------------------------------------------------------------------------------

WARNING: semianalytic method is specified for dft hessian, which is not efficient. Try switching to 'method = analytic'


 -------------------------------
  Numerical Geometrical Hessian 
 -------------------------------

 Compute hessian using two-point central differentiation.
 Step size (bohr):                       0.0100

 Frequencies (including translational and rotational modes):
 mode    frequency (cm-1)
    0               10.12 i (imaginary)
    1                7.98 i (imaginary)
    2                7.01 i (imaginary)
    3                0.00 i (imaginary)
    4                0.04
    5                0.15
    6              134.99
    7              134.99
    8              198.60

 Project out translational and rotational motions 

 Degrees of freedom for translational and rotational motions: 6

 Vibrational frequencies:
 mode    frequency (cm-1)
    0              134.99
    1              134.99
    2              198.60

 --------------------------------------------------------------------------------

 End time:                               Mon Oct 25 13:17:50 2021
 Total wall-clock time:               1904.886 seconds
==================================================================================
