
================================================================================
          _____________ ________ _______________ ________     _________         
         / ___________// ______ \\_____   _____// ______ \   / ________)        
        / /_________  / /      \ \     | |     / /      \ \ | (_______          
       |  __________|| |        | |    | |    | |        | | \________ \        
        \ \_________ | |        | |    | |     \ \______/ /___________) |       
         \__________||_|        |_|    |_|      \________//____________/        
                                                                                
====================================[ Qcore ]===================================

 Git describe: 2.3.0-1-g21d9df7e5
 Compiler:     GNU 9.1.0
 Build type:   Release
 Version:      2.3.0-1-g21d9df7e5

 Start time:   Mon Oct 25 12:50:45 2021

 Data directory: /work/zw18965/.local/qcore/share/entos/qcore/data
 Number of threads: 24
 Number of threads was determined by: command line argument

 --------------------------------------------------------------------------------
                                command: optimize                                
 --------------------------------------------------------------------------------
 Using coordinate system:                tric

 -----------------------------
  Initial coordinates summary 
 -----------------------------
 Total coordinates:                     13
 Bond distances:                         2
 Bond angles:                            0
 Dihedral angles:                        0
 Linear bond angles:                     2
 Out-of-plane bends:                     0
 Translations:                           9
 Rotations:                              0
 Hessian update scheme:                  bfgs
 Initial hessian:                        model

 ------------------------------------------------------------------------------------------------------------
                   energy      change    grad rms    grad max    step rms    step max       trust    time (s)
 ------------------------------------------------------------------------------------------------------------
   1      -441.060781768                2.69e-03    5.70e-03                            2.00e-01      262.06
   2      -441.061148433   -3.67e-04    1.74e-03    3.69e-03    3.10e-02    3.80e-02    2.00e-01      155.97
   3      -441.061398068   -2.50e-04    2.57e-04    5.44e-04    5.72e-02    7.00e-02    2.00e-01      170.58
   4      -441.061399636   -1.57e-06    2.03e-05    4.31e-05    7.34e-03    8.99e-03    2.00e-01      140.44
   5      -441.061399883   -2.47e-07    2.22e-07    3.46e-07    5.38e-04    6.59e-04    2.00e-01       93.95
 Geometry optimization stopped:          thresholds achieved

 Final energy:                        -441.061399883

 ---------------------------
  Final coordinates summary 
 ---------------------------
 Total coordinates:                     13
 Bond distances:                         2
 Bond angles:                            0
 Dihedral angles:                        0
 Linear bond angles:                     2
 Out-of-plane bends:                     0
 Translations:                           9
 Rotations:                              0

 -----------
  Final XYZ 
 -----------
3
Final structure: -441.061 hartree
Ag          -0.000009386          0.000001540          0.000000008
Ag           0.000005679         -0.000002309          2.539782410
Ag           0.000003707          0.000000770         -2.539782418

 Structure in entos input format:

  structure(
    xyz = [
      ['Ag' ,         -0.000009386,          0.000001540,          0.000000008],
      ['Ag' ,          0.000005679,         -0.000002309,          2.539782410],
      ['Ag' ,          0.000003707,          0.000000770,         -2.539782418]
    ]
  )

 --------------------------------
  Geometry optimization finished 
 --------------------------------
 Saving results in set 'opt'

 --------------------------------------------------------------------------------
                                 command: hessian                                
 --------------------------------------------------------------------------------

WARNING: semianalytic method is specified for dft hessian, which is not efficient. Try switching to 'method = analytic'


 -------------------------------
  Numerical Geometrical Hessian 
 -------------------------------

 Compute hessian using two-point central differentiation.
 Step size (bohr):                       0.0100

 Frequencies (including translational and rotational modes):
 mode    frequency (cm-1)
    0               19.33 i (imaginary)
    1               19.23 i (imaginary)
    2                8.90 i (imaginary)
    3                8.90 i (imaginary)
    4                0.01
    5                0.04
    6                0.07
    7              125.89
    8              202.41

 Project out translational and rotational motions 

 Degrees of freedom for translational and rotational motions: 6

 Vibrational frequencies:
 mode    frequency (cm-1)
    0               19.32 i (imaginary)
    1              125.89
    2              202.41

 --------------------------------------------------------------------------------

 End time:                               Mon Oct 25 13:53:27 2021
 Total wall-clock time:               3761.799 seconds
==================================================================================
