
================================================================================
          _____________ ________ _______________ ________     _________         
         / ___________// ______ \\_____   _____// ______ \   / ________)        
        / /_________  / /      \ \     | |     / /      \ \ | (_______          
       |  __________|| |        | |    | |    | |        | | \________ \        
        \ \_________ | |        | |    | |     \ \______/ /___________) |       
         \__________||_|        |_|    |_|      \________//____________/        
                                                                                
====================================[ Qcore ]===================================

 Git describe: 2.3.0-1-g21d9df7e5
 Compiler:     GNU 9.1.0
 Build type:   Release
 Version:      2.3.0-1-g21d9df7e5

 Start time:   Mon Oct 25 12:47:43 2021

 Data directory: /work/zw18965/.local/qcore/share/entos/qcore/data
 Number of threads: 24
 Number of threads was determined by: command line argument

 --------------------------------------------------------------------------------
                                command: optimize                                
 --------------------------------------------------------------------------------
 Using coordinate system:                tric

 -----------------------------
  Initial coordinates summary 
 -----------------------------
 Total coordinates:                     13
 Bond distances:                         2
 Bond angles:                            0
 Dihedral angles:                        0
 Linear bond angles:                     2
 Out-of-plane bends:                     0
 Translations:                           9
 Rotations:                              0
 Hessian update scheme:                  bfgs
 Initial hessian:                        model

 ------------------------------------------------------------------------------------------------------------
                   energy      change    grad rms    grad max    step rms    step max       trust    time (s)
 ------------------------------------------------------------------------------------------------------------
   1      -440.793793871                2.89e-03    6.12e-03                            2.00e-01      126.98
   2      -440.794233711   -4.40e-04    2.08e-03    4.42e-03    3.33e-02    4.08e-02    2.00e-01       83.02
   3      -440.794660076   -4.26e-04    4.35e-04    9.22e-04    8.65e-02    1.06e-01    2.00e-01       90.95
   4      -440.794668662   -8.59e-06    4.98e-05    1.06e-04    1.49e-02    1.83e-02    2.00e-01       76.88
   5      -440.794669422   -7.61e-07    9.50e-07    2.06e-06    1.54e-03    1.88e-03    2.00e-01       62.27
   6      -440.794669434   -1.17e-08    4.88e-08    8.07e-08    2.97e-05    3.69e-05    2.00e-01       49.31
 Geometry optimization stopped:          thresholds achieved

 Final energy:                        -440.794669434

 ---------------------------
  Final coordinates summary 
 ---------------------------
 Total coordinates:                     13
 Bond distances:                         2
 Bond angles:                            0
 Dihedral angles:                        0
 Linear bond angles:                     2
 Out-of-plane bends:                     0
 Translations:                           9
 Rotations:                              0

 -----------
  Final XYZ 
 -----------
3
Final structure: -440.795 hartree
Ag           0.000001571          0.000000336         -0.000000068
Ag          -0.000001443         -0.000000093          2.560321822
Ag          -0.000000128         -0.000000243         -2.560321754

 Structure in entos input format:

  structure(
    xyz = [
      ['Ag' ,          0.000001571,          0.000000336,         -0.000000068],
      ['Ag' ,         -0.000001443,         -0.000000093,          2.560321822],
      ['Ag' ,         -0.000000128,         -0.000000243,         -2.560321754]
    ]
  )

 --------------------------------
  Geometry optimization finished 
 --------------------------------
 Saving results in set 'opt'

 --------------------------------------------------------------------------------
                                 command: hessian                                
 --------------------------------------------------------------------------------

WARNING: semianalytic method is specified for dft hessian, which is not efficient. Try switching to 'method = analytic'


 -------------------------------
  Numerical Geometrical Hessian 
 -------------------------------

 Compute hessian using two-point central differentiation.
 Step size (bohr):                       0.0100

 Frequencies (including translational and rotational modes):
 mode    frequency (cm-1)
    0               48.42 i (imaginary)
    1               48.37 i (imaginary)
    2                8.76 i (imaginary)
    3                8.73 i (imaginary)
    4                0.00
    5                0.02
    6                0.05
    7              116.25
    8              197.86

 Project out translational and rotational motions 

 Degrees of freedom for translational and rotational motions: 6

 Vibrational frequencies:
 mode    frequency (cm-1)
    0               48.41 i (imaginary)
    1              116.25
    2              197.86

 --------------------------------------------------------------------------------

 End time:                               Mon Oct 25 13:20:15 2021
 Total wall-clock time:               1951.530 seconds
==================================================================================
