
================================================================================
          _____________ ________ _______________ ________     _________         
         / ___________// ______ \\_____   _____// ______ \   / ________)        
        / /_________  / /      \ \     | |     / /      \ \ | (_______          
       |  __________|| |        | |    | |    | |        | | \________ \        
        \ \_________ | |        | |    | |     \ \______/ /___________) |       
         \__________||_|        |_|    |_|      \________//____________/        
                                                                                
====================================[ Qcore ]===================================

 Git describe: 2.3.0-1-g21d9df7e5
 Compiler:     GNU 9.1.0
 Build type:   Release
 Version:      2.3.0-1-g21d9df7e5

 Start time:   Mon Oct 25 12:52:29 2021

 Data directory: /work/zw18965/.local/qcore/share/entos/qcore/data
 Number of threads: 24
 Number of threads was determined by: command line argument

 --------------------------------------------------------------------------------
                                command: optimize                                
 --------------------------------------------------------------------------------
 Using coordinate system:                tric

 -----------------------------
  Initial coordinates summary 
 -----------------------------
 Total coordinates:                      7
 Bond distances:                         1
 Bond angles:                            0
 Dihedral angles:                        0
 Linear bond angles:                     0
 Out-of-plane bends:                     0
 Translations:                           6
 Rotations:                              0
 Hessian update scheme:                  bfgs
 Initial hessian:                        model

 ------------------------------------------------------------------------------------------------------------
                   energy      change    grad rms    grad max    step rms    step max       trust    time (s)
 ------------------------------------------------------------------------------------------------------------
   1      -235.578492205                4.24e-03    7.35e-03                            2.00e-01       17.61
   2      -235.578614503   -1.22e-04    1.38e-03    2.38e-03    1.20e-02    2.39e-02    2.00e-01        8.06
   3      -235.578630391   -1.59e-05    6.61e-05    1.15e-04    5.75e-03    1.15e-02    2.00e-01        8.22
   4      -235.578630448   -5.74e-08    2.26e-06    3.92e-06    2.64e-04    5.27e-04    2.00e-01        7.00
 Geometry optimization stopped:          thresholds achieved

 Final energy:                        -235.578630448

 ---------------------------
  Final coordinates summary 
 ---------------------------
 Total coordinates:                      7
 Bond distances:                         1
 Bond angles:                            0
 Dihedral angles:                        0
 Linear bond angles:                     0
 Out-of-plane bends:                     0
 Translations:                           6
 Rotations:                              0

 -----------
  Final XYZ 
 -----------
2
Final structure: -235.579 hartree
Au          -0.000000945         -0.000002510          0.187619133
F            0.000000945          0.000002510         -1.718697133

 Structure in entos input format:

  structure(
    xyz = [
      ['Au' ,         -0.000000945,         -0.000002510,          0.187619133],
      ['F'  ,          0.000000945,          0.000002510,         -1.718697133]
    ]
  )

 --------------------------------
  Geometry optimization finished 
 --------------------------------
 Saving results in set 'opt'

 --------------------------------------------------------------------------------
                                 command: hessian                                
 --------------------------------------------------------------------------------

WARNING: semianalytic method is specified for dft hessian, which is not efficient. Try switching to 'method = analytic'


 -------------------------------
  Numerical Geometrical Hessian 
 -------------------------------

 Compute hessian using two-point central differentiation.
 Step size (bohr):                       0.0100

 Frequencies (including translational and rotational modes):
 mode    frequency (cm-1)
    0                0.12 i (imaginary)
    1                0.04 i (imaginary)
    2                0.00 i (imaginary)
    3               43.13
    4               43.32
    5              580.20

 Project out translational and rotational motions 

 The molecule is linear

 Degrees of freedom for translational and rotational motions: 5

 Vibrational frequencies:
 mode    frequency (cm-1)
    0              580.20

 --------------------------------------------------------------------------------

 End time:                               Mon Oct 25 12:55:02 2021
 Total wall-clock time:                153.444 seconds
==================================================================================
