
================================================================================
          _____________ ________ _______________ ________     _________         
         / ___________// ______ \\_____   _____// ______ \   / ________)        
        / /_________  / /      \ \     | |     / /      \ \ | (_______          
       |  __________|| |        | |    | |    | |        | | \________ \        
        \ \_________ | |        | |    | |     \ \______/ /___________) |       
         \__________||_|        |_|    |_|      \________//____________/        
                                                                                
====================================[ Qcore ]===================================

 Git describe: 2.3.0-1-g21d9df7e5
 Compiler:     GNU 9.1.0
 Build type:   Release
 Version:      2.3.0-1-g21d9df7e5

 Start time:   Mon Oct 25 12:53:01 2021

 Data directory: /work/zw18965/.local/qcore/share/entos/qcore/data
 Number of threads: 24
 Number of threads was determined by: command line argument

 --------------------------------------------------------------------------------
                                command: optimize                                
 --------------------------------------------------------------------------------
 Using coordinate system:                tric

 -----------------------------
  Initial coordinates summary 
 -----------------------------
 Total coordinates:                      7
 Bond distances:                         1
 Bond angles:                            0
 Dihedral angles:                        0
 Linear bond angles:                     0
 Out-of-plane bends:                     0
 Translations:                           6
 Rotations:                              0
 Hessian update scheme:                  bfgs
 Initial hessian:                        model

 ------------------------------------------------------------------------------------------------------------
                   energy      change    grad rms    grad max    step rms    step max       trust    time (s)
 ------------------------------------------------------------------------------------------------------------
   1      -136.295624121                2.08e-03    3.61e-03                            2.00e-01        9.37
   2      -136.295667767   -4.36e-05    3.01e-04    5.21e-04    7.54e-03    1.51e-02    2.00e-01        3.20
   3      -136.295670620   -2.85e-06    6.74e-06    1.17e-05    1.27e-03    2.55e-03    2.00e-01        3.04
Rejecting step due to low quality: Quality: -166.979 New trust radius: 1.3943e-05
   4      -136.295670566    5.43e-08    6.74e-06    1.17e-05    2.79e-05    5.58e-05    1.39e-05        2.68
 Geometry optimization stopped:          thresholds achieved

 Final energy:                        -136.295670566

 ---------------------------
  Final coordinates summary 
 ---------------------------
 Total coordinates:                      7
 Bond distances:                         1
 Bond angles:                            0
 Dihedral angles:                        0
 Linear bond angles:                     0
 Out-of-plane bends:                     0
 Translations:                           6
 Rotations:                              0

 -----------
  Final XYZ 
 -----------
2
Final structure: -136.296 hartree
Au           0.000000203          0.000000204          0.014369189
H           -0.000000203         -0.000000204         -1.499026189

 Structure in entos input format:

  structure(
    xyz = [
      ['Au' ,          0.000000203,          0.000000204,          0.014369189],
      ['H'  ,         -0.000000203,         -0.000000204,         -1.499026189]
    ]
  )

 --------------------------------
  Geometry optimization finished 
 --------------------------------
 Saving results in set 'opt'

 --------------------------------------------------------------------------------
                                 command: hessian                                
 --------------------------------------------------------------------------------

WARNING: semianalytic method is specified for dft hessian, which is not efficient. Try switching to 'method = analytic'


 -------------------------------
  Numerical Geometrical Hessian 
 -------------------------------

 Compute hessian using two-point central differentiation.
 Step size (bohr):                       0.0100

 Frequencies (including translational and rotational modes):
 mode    frequency (cm-1)
    0                0.01 i (imaginary)
    1                0.00 i (imaginary)
    2                0.00
    3               58.56
    4               58.57
    5             2352.36

 Project out translational and rotational motions 

 The molecule is linear

 Degrees of freedom for translational and rotational motions: 5

 Vibrational frequencies:
 mode    frequency (cm-1)
    0             2352.36

 --------------------------------------------------------------------------------

 End time:                               Mon Oct 25 12:54:04 2021
 Total wall-clock time:                 63.171 seconds
==================================================================================
