
================================================================================
          _____________ ________ _______________ ________     _________         
         / ___________// ______ \\_____   _____// ______ \   / ________)        
        / /_________  / /      \ \     | |     / /      \ \ | (_______          
       |  __________|| |        | |    | |    | |        | | \________ \        
        \ \_________ | |        | |    | |     \ \______/ /___________) |       
         \__________||_|        |_|    |_|      \________//____________/        
                                                                                
====================================[ Qcore ]===================================

 Git describe: 2.3.0-1-g21d9df7e5
 Compiler:     GNU 9.1.0
 Build type:   Release
 Version:      2.3.0-1-g21d9df7e5

 Start time:   Mon Oct 25 12:54:08 2021

 Data directory: /work/zw18965/.local/qcore/share/entos/qcore/data
 Number of threads: 24
 Number of threads was determined by: command line argument

 --------------------------------------------------------------------------------
                                command: optimize                                
 --------------------------------------------------------------------------------
 Using coordinate system:                tric

 -----------------------------
  Initial coordinates summary 
 -----------------------------
 Total coordinates:                      7
 Bond distances:                         1
 Bond angles:                            0
 Dihedral angles:                        0
 Linear bond angles:                     0
 Out-of-plane bends:                     0
 Translations:                           6
 Rotations:                              0
 Hessian update scheme:                  bfgs
 Initial hessian:                        model

 ------------------------------------------------------------------------------------------------------------
                   energy      change    grad rms    grad max    step rms    step max       trust    time (s)
 ------------------------------------------------------------------------------------------------------------
   1      -271.452105234                3.73e-03    6.46e-03                            2.00e-01       28.34
   2      -271.452275695   -1.70e-04    3.48e-04    6.03e-04    2.58e-02    5.16e-02    2.00e-01       18.38
   3      -271.452275505    1.90e-07    2.15e-05    3.72e-05    2.21e-03    4.41e-03    1.10e-03       15.53
   4      -271.452275638   -1.33e-07    1.08e-07    1.79e-07    1.28e-04    2.57e-04    1.10e-03       13.16
 Geometry optimization stopped:          thresholds achieved

 Final energy:                        -271.452275638

 ---------------------------
  Final coordinates summary 
 ---------------------------
 Total coordinates:                      7
 Bond distances:                         1
 Bond angles:                            0
 Dihedral angles:                        0
 Linear bond angles:                     0
 Out-of-plane bends:                     0
 Translations:                           6
 Rotations:                              0

 -----------
  Final XYZ 
 -----------
2
Final structure: -271.452 hartree
Au           0.000000124          0.000000810          1.226976878
Au          -0.000000124         -0.000000810         -1.226976878

 Structure in entos input format:

  structure(
    xyz = [
      ['Au' ,          0.000000124,          0.000000810,          1.226976878],
      ['Au' ,         -0.000000124,         -0.000000810,         -1.226976878]
    ]
  )

 --------------------------------
  Geometry optimization finished 
 --------------------------------
 Saving results in set 'opt'

 --------------------------------------------------------------------------------
                                 command: hessian                                
 --------------------------------------------------------------------------------

WARNING: semianalytic method is specified for dft hessian, which is not efficient. Try switching to 'method = analytic'


 -------------------------------
  Numerical Geometrical Hessian 
 -------------------------------

 Compute hessian using two-point central differentiation.
 Step size (bohr):                       0.0100

 Frequencies (including translational and rotational modes):
 mode    frequency (cm-1)
    0                9.53 i (imaginary)
    1                9.51 i (imaginary)
    2                0.00 i (imaginary)
    3                0.02
    4                0.04
    5              196.86

 Project out translational and rotational motions 

 The molecule is linear

 Degrees of freedom for translational and rotational motions: 5

 Vibrational frequencies:
 mode    frequency (cm-1)
    0              196.86

 --------------------------------------------------------------------------------

 End time:                               Mon Oct 25 12:59:04 2021
 Total wall-clock time:                295.838 seconds
==================================================================================
