
================================================================================
          _____________ ________ _______________ ________     _________         
         / ___________// ______ \\_____   _____// ______ \   / ________)        
        / /_________  / /      \ \     | |     / /      \ \ | (_______          
       |  __________|| |        | |    | |    | |        | | \________ \        
        \ \_________ | |        | |    | |     \ \______/ /___________) |       
         \__________||_|        |_|    |_|      \________//____________/        
                                                                                
====================================[ Qcore ]===================================

 Git describe: 2.3.0-1-g21d9df7e5
 Compiler:     GNU 9.1.0
 Build type:   Release
 Version:      2.3.0-1-g21d9df7e5

 Start time:   Mon Oct 25 12:54:39 2021

 Data directory: /work/zw18965/.local/qcore/share/entos/qcore/data
 Number of threads: 24
 Number of threads was determined by: command line argument

 --------------------------------------------------------------------------------
                                command: optimize                                
 --------------------------------------------------------------------------------
 Using coordinate system:                tric

 -----------------------------
  Initial coordinates summary 
 -----------------------------
 Total coordinates:                     12
 Bond distances:                         3
 Bond angles:                            3
 Dihedral angles:                        0
 Linear bond angles:                     0
 Out-of-plane bends:                     0
 Translations:                           3
 Rotations:                              3
 Hessian update scheme:                  bfgs
 Initial hessian:                        model

 ------------------------------------------------------------------------------------------------------------
                   energy      change    grad rms    grad max    step rms    step max       trust    time (s)
 ------------------------------------------------------------------------------------------------------------
   1      -406.930961444                6.64e-03    1.16e-02                            2.00e-01      152.97
   2      -406.931784513   -8.23e-04    1.05e-03    1.86e-03    3.83e-02    6.67e-02    2.00e-01      102.18
   3      -406.931811378   -2.69e-05    1.12e-04    1.86e-04    7.19e-03    1.27e-02    2.00e-01       94.48
Rejecting step due to low quality: Quality: -3.10093 New trust radius: 0.000347393
   4      -406.931810750    6.28e-07    1.12e-04    1.86e-04    6.95e-04    1.27e-03    3.47e-04       70.02
   5      -406.931811086    2.91e-07    5.54e-05    8.99e-05    3.47e-04    6.35e-04    1.74e-04       70.08
 Geometry optimization stopped:          thresholds achieved

 Final energy:                        -406.931811086

 ---------------------------
  Final coordinates summary 
 ---------------------------
 Total coordinates:                     12
 Bond distances:                         3
 Bond angles:                            3
 Dihedral angles:                        0
 Linear bond angles:                     0
 Out-of-plane bends:                     0
 Translations:                           3
 Rotations:                              3

 -----------
  Final XYZ 
 -----------
3
Final structure: -406.932 hartree
Au           0.000002843          1.477110650          0.000001605
Au           1.279893325         -0.738557234         -0.000001607
Au          -1.279896167         -0.738553415          0.000000001

 Structure in entos input format:

  structure(
    xyz = [
      ['Au' ,          0.000002843,          1.477110650,          0.000001605],
      ['Au' ,          1.279893325,         -0.738557234,         -0.000001607],
      ['Au' ,         -1.279896167,         -0.738553415,          0.000000001]
    ]
  )

 --------------------------------
  Geometry optimization finished 
 --------------------------------
 Saving results in set 'opt'

 --------------------------------------------------------------------------------
                                 command: hessian                                
 --------------------------------------------------------------------------------

WARNING: semianalytic method is specified for dft hessian, which is not efficient. Try switching to 'method = analytic'


 -------------------------------
  Numerical Geometrical Hessian 
 -------------------------------

 Compute hessian using two-point central differentiation.
 Step size (bohr):                       0.0100

 Frequencies (including translational and rotational modes):
 mode    frequency (cm-1)
    0                9.11 i (imaginary)
    1                6.98 i (imaginary)
    2                2.34 i (imaginary)
    3                0.00 i (imaginary)
    4                0.01
    5                0.06
    6              126.51
    7              127.43
    8              195.34

 Project out translational and rotational motions 

 Degrees of freedom for translational and rotational motions: 6

 Vibrational frequencies:
 mode    frequency (cm-1)
    0              126.51
    1              127.43
    2              195.34

 --------------------------------------------------------------------------------

 End time:                               Mon Oct 25 13:32:46 2021
 Total wall-clock time:               2287.458 seconds
==================================================================================
