
================================================================================
          _____________ ________ _______________ ________     _________         
         / ___________// ______ \\_____   _____// ______ \   / ________)        
        / /_________  / /      \ \     | |     / /      \ \ | (_______          
       |  __________|| |        | |    | |    | |        | | \________ \        
        \ \_________ | |        | |    | |     \ \______/ /___________) |       
         \__________||_|        |_|    |_|      \________//____________/        
                                                                                
====================================[ Qcore ]===================================

 Git describe: 2.3.0-1-g21d9df7e5
 Compiler:     GNU 9.1.0
 Build type:   Release
 Version:      2.3.0-1-g21d9df7e5

 Start time:   Thu Oct 28 14:11:19 2021

 Data directory: /work/zw18965/.local/qcore/share/entos/qcore/data
 Number of threads: 24
 Number of threads was determined by: command line argument
  - More threads can be used by running 'qcore -n 32'

 --------------------------------------------------------------------------------
                                command: optimize                                
 --------------------------------------------------------------------------------
 Using coordinate system:                tric

 -----------------------------
  Initial coordinates summary 
 -----------------------------
 Total coordinates:                     12
 Bond distances:                         3
 Bond angles:                            3
 Dihedral angles:                        0
 Linear bond angles:                     0
 Out-of-plane bends:                     0
 Translations:                           3
 Rotations:                              3
 Hessian update scheme:                  bfgs
 Initial hessian:                        model

 ------------------------------------------------------------------------------------------------------------
                   energy      change    grad rms    grad max    step rms    step max       trust    time (s)
 ------------------------------------------------------------------------------------------------------------
   1      -407.186276405                8.87e-03    1.66e-02                            2.00e-01      455.46
   2      -407.188640740   -2.36e-03    2.57e-03    4.96e-03    7.63e-02    1.77e-01    2.00e-01      284.61
   3      -407.188840725   -2.00e-04    1.47e-03    2.72e-03    3.71e-02    7.67e-02    2.00e-01      281.67
   4      -407.188863870   -2.31e-05    2.88e-04    6.02e-04    8.72e-03    2.13e-02    2.00e-01      234.37
   5      -407.188866134   -2.26e-06    1.43e-04    2.95e-04    2.64e-03    6.21e-03    2.00e-01      239.97
   6      -407.188868961   -2.83e-06    2.34e-04    4.67e-04    4.02e-03    9.23e-03    2.00e-01      233.69
   7      -407.188881458   -1.25e-05    7.93e-04    1.37e-03    1.54e-02    3.29e-02    2.00e-01      268.82
Rejecting step due to low quality: Quality: -6.93077 New trust radius: 0.099158
   8      -407.187991710    8.90e-04    7.93e-04    1.37e-03    1.98e-01    4.13e-01    9.92e-02      303.00
Rejecting step due to low quality: Quality: -1.84659 New trust radius: 0.0489923
   9      -407.188745086    1.36e-04    7.93e-04    1.37e-03    9.80e-02    2.05e-01    4.90e-02      278.51
  10      -407.188890458   -9.00e-06    2.18e-03    3.70e-03    4.83e-02    1.01e-01    2.42e-02      287.43
  11      -407.188908361   -1.79e-05    1.54e-03    2.67e-03    2.36e-02    5.01e-02    3.42e-02      269.89
  12      -407.188929762   -2.14e-05    1.62e-03    2.83e-03    6.04e-03    1.11e-02    3.42e-02      233.87
  13      -407.188848144    8.16e-05    1.08e-03    1.92e-03    3.41e-02    5.82e-02    4.83e-02      300.33
Rejecting step due to low quality: Quality: -6.68815 New trust radius: 0.0188343
  14      -407.188875899   -2.78e-05    1.08e-03    1.92e-03    3.77e-02    7.39e-02    1.88e-02      295.11
Rejecting step due to low quality: Quality: -1.18319 New trust radius: 0.00942094
  15      -407.188851826   -3.68e-06    1.08e-03    1.92e-03    1.88e-02    3.69e-02    9.42e-03      283.54
  16      -407.188847779    3.65e-07    8.37e-04    1.60e-03    9.43e-03    1.85e-02    4.71e-03      245.84
  17      -407.188852492   -4.71e-06    7.82e-04    1.46e-03    1.34e-03    2.59e-03    4.71e-03      207.28
  18      -407.188853889   -1.40e-06    6.44e-04    1.28e-03    4.71e-03    9.42e-03    6.67e-03      240.92
  19      -407.188849732    4.16e-06    8.69e-04    1.61e-03    6.67e-03    1.39e-02    9.43e-03      234.32
  20      -407.188842761    6.97e-06    1.21e-03    2.13e-03    9.41e-03    2.01e-02    1.33e-02      248.26
  21      -407.188862161   -1.94e-05    6.11e-04    1.09e-03    1.33e-02    3.01e-02    1.89e-02      264.60
  22      -407.188872920   -1.08e-05    2.03e-04    4.62e-04    1.89e-02    4.09e-02    2.67e-02      285.32
  23      -407.188866623    6.30e-06    8.37e-04    1.34e-03    2.66e-02    5.62e-02    3.77e-02      296.31
  24      -407.188872768   -6.14e-06    1.66e-04    3.38e-04    2.40e-02    5.21e-02    3.77e-02      280.91
  25      -407.188874757   -1.99e-06    3.13e-04    6.06e-04    3.67e-03    8.03e-03    3.77e-02      243.42
  26      -407.188878799   -4.04e-06    1.32e-03    2.90e-03    3.59e-02    1.02e-01    5.33e-02      316.28
  27      -407.188877492    1.31e-06    1.14e-03    2.55e-03    5.33e-02    1.93e-01    2.66e-02      326.01
  28      -407.188873194    4.30e-06    8.81e-04    1.92e-03    4.47e-03    8.91e-03    2.66e-02      244.88
  29      -407.188885134   -1.19e-05    1.52e-03    3.44e-03    1.15e-02    2.13e-02    2.66e-02      270.77
  30      -407.188895314   -1.02e-05    2.00e-03    4.51e-03    9.56e-03    1.65e-02    2.66e-02      253.68
  31      -407.188919540   -2.42e-05    3.14e-03    6.75e-03    2.55e-02    9.29e-02    3.77e-02      294.53
  32      -407.188955399   -3.59e-05    3.79e-03    7.79e-03    2.02e-02    2.34e-01    3.77e-02      282.79
  33      -407.188906193    4.92e-05    5.07e-03    9.28e-03    3.77e-02    7.16e-01    1.89e-02      309.12
  34      -407.188976364   -7.02e-05    4.41e-03    8.21e-03    1.89e-02    1.85e-01    2.67e-02      285.75
  35      -407.188935520    4.08e-05    4.30e-03    8.21e-03    1.65e-02    3.27e-02    2.67e-02      250.28
  36      -407.188992802   -5.73e-05    4.36e-03    8.03e-03    2.08e-02    4.20e-02    2.67e-02      266.55
  37      -407.189010472   -1.77e-05    4.27e-03    7.79e-03    3.99e-03    2.31e-02    2.67e-02      248.10
  38      -407.189123035   -1.13e-04    3.28e-03    6.03e-03    1.84e-02    1.68e-01    2.67e-02      279.45
  39      -407.189211999   -8.90e-05    1.87e-03    3.57e-03    1.19e-02    1.87e-01    2.67e-02      268.24
  40      -407.189263236   -5.12e-05    8.30e-04    1.64e-03    8.91e-03    6.05e-02    2.67e-02      273.14
  41      -407.189287351   -2.41e-05    2.82e-04    5.44e-04    1.15e-02    8.94e-02    2.67e-02      221.78
  42      -407.189292664   -5.31e-06    1.60e-04    3.44e-04    7.92e-03    1.13e-01    2.67e-02      264.48
  43      -407.189293771   -1.11e-06    7.41e-05    1.72e-04    9.30e-04    2.08e-03    2.67e-02      204.21
  44      -407.189294486   -7.16e-07    2.46e-05    5.08e-05    1.21e-03    1.20e-02    2.67e-02      221.91
Rejecting step due to low quality: Quality: -3.38254 New trust radius: 0.000185395
  45      -407.189294428    5.82e-08    2.46e-05    5.08e-05    3.71e-04    6.74e-04    1.85e-04      189.00
 Geometry optimization stopped:          thresholds achieved

 Final energy:                        -407.189294428

 ---------------------------
  Final coordinates summary 
 ---------------------------
 Total coordinates:                     12
 Bond distances:                         3
 Bond angles:                            3
 Dihedral angles:                        0
 Linear bond angles:                     0
 Out-of-plane bends:                     0
 Translations:                           3
 Rotations:                              3

 -----------
  Final XYZ 
 -----------
3
Final structure: -407.189 hartree
Au          -0.460968575          1.468382498          0.000907877
Au           1.469205248         -0.459679985         -0.002335256
Au          -1.008236674         -1.008702511          0.001427379

 Structure in entos input format:

  structure(
    xyz = [
      ['Au' ,         -0.460968575,          1.468382498,          0.000907877],
      ['Au' ,          1.469205248,         -0.459679985,         -0.002335256],
      ['Au' ,         -1.008236674,         -1.008702511,          0.001427379]
    ]
  )

 --------------------------------
  Geometry optimization finished 
 --------------------------------
 Saving results in set 'opt'

 --------------------------------------------------------------------------------
                                 command: hessian                                
 --------------------------------------------------------------------------------

WARNING: semianalytic method is specified for dft hessian, which is not efficient. Try switching to 'method = analytic'


 -------------------------------
  Numerical Geometrical Hessian 
 -------------------------------

 Compute hessian using two-point central differentiation.
 Step size (bohr):                       0.0100

 Frequencies (including translational and rotational modes):
 mode    frequency (cm-1)
    0                0.06 i (imaginary)
    1                0.05 i (imaginary)
    2                0.02 i (imaginary)
    3                4.68
    4                6.89
    5               13.44
    6               84.09
    7               84.91
    8              188.15

 Project out translational and rotational motions 

 Degrees of freedom for translational and rotational motions: 6

 Vibrational frequencies:
 mode    frequency (cm-1)
    0               84.09
    1               84.91
    2              188.15

 --------------------------------------------------------------------------------

 End time:                               Thu Oct 28 18:41:02 2021
 Total wall-clock time:              16182.791 seconds
==================================================================================
