
================================================================================
          _____________ ________ _______________ ________     _________         
         / ___________// ______ \\_____   _____// ______ \   / ________)        
        / /_________  / /      \ \     | |     / /      \ \ | (_______          
       |  __________|| |        | |    | |    | |        | | \________ \        
        \ \_________ | |        | |    | |     \ \______/ /___________) |       
         \__________||_|        |_|    |_|      \________//____________/        
                                                                                
====================================[ Qcore ]===================================

 Git describe: 2.3.0-1-g21d9df7e5
 Compiler:     GNU 9.1.0
 Build type:   Release
 Version:      2.3.0-1-g21d9df7e5

 Start time:   Mon Oct 25 12:59:11 2021

 Data directory: /work/zw18965/.local/qcore/share/entos/qcore/data
 Number of threads: 24
 Number of threads was determined by: command line argument

 --------------------------------------------------------------------------------
                                command: optimize                                
 --------------------------------------------------------------------------------
 Using coordinate system:                tric

 -----------------------------
  Initial coordinates summary 
 -----------------------------
 Total coordinates:                     13
 Bond distances:                         2
 Bond angles:                            0
 Dihedral angles:                        0
 Linear bond angles:                     2
 Out-of-plane bends:                     0
 Translations:                           9
 Rotations:                              0
 Hessian update scheme:                  bfgs
 Initial hessian:                        model

 ------------------------------------------------------------------------------------------------------------
                   energy      change    grad rms    grad max    step rms    step max       trust    time (s)
 ------------------------------------------------------------------------------------------------------------
   1      -407.180051553                3.60e-03    7.63e-03                            2.00e-01      301.88
   2      -407.180600182   -5.49e-04    1.23e-03    2.60e-03    4.15e-02    5.08e-02    2.00e-01      198.15
   3      -407.180684210   -8.40e-05    1.32e-04    3.00e-04    2.15e-02    2.63e-02    2.00e-01      180.90
Failed to converge
Failed to converge
Failed to converge
Rejecting step due to low quality: Quality: -13.2166 New trust radius: 0.00103431
   4      -407.180674889    9.32e-06    1.32e-04    3.00e-04    2.07e-03    2.71e-03    1.03e-03      151.16
   5      -407.180675336    8.87e-06    6.84e-05    1.53e-04    1.03e-03    1.36e-03    5.17e-04      134.71
Failed to converge
Failed to converge
Failed to converge
Failed to converge
Failed to converge
   6      -407.180675261    7.55e-08    3.40e-05    7.46e-05    5.17e-04    7.45e-04    2.59e-04      121.36
 Geometry optimization stopped:          thresholds achieved

 Final energy:                        -407.180675261

 ---------------------------
  Final coordinates summary 
 ---------------------------
 Total coordinates:                     13
 Bond distances:                         2
 Bond angles:                            0
 Dihedral angles:                        0
 Linear bond angles:                     2
 Out-of-plane bends:                     0
 Translations:                           9
 Rotations:                              0

 -----------
  Final XYZ 
 -----------
3
Final structure: -407.181 hartree
Au           0.000000066          0.000001999         -0.000007721
Au           0.000000484         -0.000000995          2.507578053
Au          -0.000000550         -0.000001004         -2.507570332

 Structure in entos input format:

  structure(
    xyz = [
      ['Au' ,          0.000000066,          0.000001999,         -0.000007721],
      ['Au' ,          0.000000484,         -0.000000995,          2.507578053],
      ['Au' ,         -0.000000550,         -0.000001004,         -2.507570332]
    ]
  )

 --------------------------------
  Geometry optimization finished 
 --------------------------------
 Saving results in set 'opt'

 --------------------------------------------------------------------------------
                                 command: hessian                                
 --------------------------------------------------------------------------------

WARNING: semianalytic method is specified for dft hessian, which is not efficient. Try switching to 'method = analytic'

Failed to converge
Failed to converge
Failed to converge
Failed to converge
Failed to converge

 -------------------------------
  Numerical Geometrical Hessian 
 -------------------------------

 Compute hessian using two-point central differentiation.
 Step size (bohr):                       0.0100

 Frequencies (including translational and rotational modes):
 mode    frequency (cm-1)
    0               30.28 i (imaginary)
    1               30.27 i (imaginary)
    2                7.00 i (imaginary)
    3                6.95 i (imaginary)
    4                0.00
    5                0.02
    6                0.04
    7              123.16
    8              194.03

 Project out translational and rotational motions 

 Degrees of freedom for translational and rotational motions: 6

 Vibrational frequencies:
 mode    frequency (cm-1)
    0               30.27 i (imaginary)
    1              123.16
    2              194.03

 --------------------------------------------------------------------------------

 End time:                               Mon Oct 25 14:23:36 2021
 Total wall-clock time:               5065.157 seconds
==================================================================================
