
================================================================================
          _____________ ________ _______________ ________     _________         
         / ___________// ______ \\_____   _____// ______ \   / ________)        
        / /_________  / /      \ \     | |     / /      \ \ | (_______          
       |  __________|| |        | |    | |    | |        | | \________ \        
        \ \_________ | |        | |    | |     \ \______/ /___________) |       
         \__________||_|        |_|    |_|      \________//____________/        
                                                                                
====================================[ Qcore ]===================================

 Git describe: 2.3.0-1-g21d9df7e5
 Compiler:     GNU 9.1.0
 Build type:   Release
 Version:      2.3.0-1-g21d9df7e5

 Start time:   Wed Oct 27 11:04:35 2021

 Data directory: /work/zw18965/.local/qcore/share/entos/qcore/data
 Number of threads: 24
 Number of threads was determined by: command line argument
  - More threads can be used by running 'qcore -n 32'

 --------------------------------------------------------------------------------
                                command: optimize                                
 --------------------------------------------------------------------------------
 Using coordinate system:                tric

 -----------------------------
  Initial coordinates summary 
 -----------------------------
 Total coordinates:                     13
 Bond distances:                         2
 Bond angles:                            0
 Dihedral angles:                        0
 Linear bond angles:                     2
 Out-of-plane bends:                     0
 Translations:                           9
 Rotations:                              0
 Hessian update scheme:                  bfgs
 Initial hessian:                        model

 ------------------------------------------------------------------------------------------------------------
                   energy      change    grad rms    grad max    step rms    step max       trust    time (s)
 ------------------------------------------------------------------------------------------------------------
   1      -406.852840108                3.74e-03    7.93e-03                            2.00e-01      147.56
   2      -406.853477887   -6.38e-04    1.70e-03    3.61e-03    4.32e-02    5.29e-02    2.00e-01       96.16
   3      -408.170842671   -1.32e+00    3.86e+00    9.33e+00    3.61e-02    4.43e-02    2.00e-01      124.27
   4      -406.845246796    1.33e+00    2.03e-02    4.96e-02    2.00e-01    3.20e-01    2.83e-01      180.26
   5      -406.852745926   -7.50e-03    4.04e-03    9.69e-03    2.83e-01    4.43e-01    2.83e-01      123.29
   6      -406.853508682   -7.63e-04    1.55e-03    3.59e-03    5.05e-02    7.91e-02    2.83e-01      101.52
   7      -406.853636002   -1.27e-04    5.53e-04    1.27e-03    3.19e-02    4.99e-02    2.83e-01       97.16
   8      -406.853636318   -3.16e-07    3.93e-04    9.41e-04    4.79e-03    7.50e-03    2.39e-03       87.36
   9      -406.853636360   -4.20e-08    3.97e-04    9.58e-04    2.46e-04    3.85e-04    2.39e-03       59.37
  10      -406.853636348    1.27e-08    3.96e-04    9.57e-04    1.34e-05    1.42e-05    2.39e-03       59.34
  11      -406.853636671   -3.23e-07    4.01e-04    9.74e-04    8.73e-04    1.14e-03    2.39e-03       88.85
  12      -406.853637385   -7.14e-07    4.28e-04    1.04e-03    1.87e-03    2.06e-03    2.39e-03       90.12
  13      -406.853636710    6.74e-07    4.02e-04    9.79e-04    2.03e-03    2.15e-03    1.01e-03       88.50
  14      -406.853636634    7.61e-08    4.00e-04    9.74e-04    3.03e-04    4.21e-04    1.01e-03       79.91
  15      -406.853636715   -8.03e-08    4.01e-04    9.78e-04    2.49e-04    3.59e-04    1.25e-04       73.26
  16      -406.853636669    4.55e-08    4.01e-04    9.76e-04    9.29e-05    1.29e-04    4.65e-05       60.52
  17      -406.853636683   -1.35e-08    4.01e-04    9.77e-04    4.38e-05    6.28e-05    2.19e-05       59.13
  18      -406.853636689   -6.83e-09    4.01e-04    9.77e-04    1.94e-05    2.64e-05    9.71e-06       45.17
  19      -406.853636691   -1.93e-09    4.01e-04    9.77e-04    8.87e-06    1.17e-05    4.43e-06       46.07
  20      -406.853636718   -2.62e-08    4.01e-04    9.77e-04    4.11e-06    5.36e-06    2.06e-06       59.20
  21      -406.853636698    1.95e-08    4.01e-04    9.77e-04    1.91e-06    2.58e-06    2.91e-06       45.43
  22      -406.853636700   -1.44e-09    4.01e-04    9.77e-04    2.73e-06    3.62e-06    1.37e-06       44.80
  23      -406.853636732   -3.28e-08    4.01e-04    9.77e-04    1.28e-06    1.76e-06    1.00e-06       46.03
  24      -406.853636684    4.83e-08    4.01e-04    9.77e-04    9.51e-07    1.27e-06    1.41e-06       59.82
  25      -406.853636699   -1.51e-08    4.01e-04    9.77e-04    1.34e-06    1.91e-06    1.00e-06       45.43
  26      -406.853636702   -2.39e-09    4.01e-04    9.77e-04    9.51e-07    1.30e-06    1.00e-06       45.71
  27      -406.853636685    1.70e-08    4.01e-04    9.77e-04    9.54e-07    1.34e-06    1.41e-06       45.30
  28      -406.853636718   -3.38e-08    4.01e-04    9.77e-04    1.35e-06    1.94e-06    1.00e-06       58.70
  29      -406.853636725   -6.40e-09    4.01e-04    9.78e-04    9.56e-07    1.35e-06    1.00e-06       45.23
  30      -406.853636711    1.34e-08    4.01e-04    9.77e-04    9.51e-07    1.32e-06    1.41e-06       45.39
  31      -406.853636724   -1.23e-08    4.01e-04    9.78e-04    1.35e-06    1.88e-06    1.00e-06       45.09
  32      -406.853636701    2.28e-08    4.01e-04    9.78e-04    9.68e-07    1.43e-06    1.41e-06       61.20
  33      -406.853636690    1.08e-08    4.01e-04    9.77e-04    1.36e-06    2.18e-06    2.00e-06       45.21
  34      -406.853636700   -1.00e-08    4.01e-04    9.78e-04    1.91e-06    3.62e-06    1.00e-06       44.96
  35      -406.853636728   -2.76e-08    4.01e-04    9.77e-04    9.59e-07    1.73e-06    1.00e-06       45.16
  36      -406.853636717    1.05e-08    4.01e-04    9.78e-04    9.73e-07    1.71e-06    1.41e-06       59.65
  37      -406.853636676    4.17e-08    4.01e-04    9.77e-04    1.36e-06    2.84e-06    2.00e-06       45.15
  38      -406.853636684   -8.26e-09    4.01e-04    9.78e-04    1.93e-06    6.12e-06    1.00e-06       44.94
  39      -406.853636711   -2.72e-08    4.01e-04    9.78e-04    1.02e-06    5.06e-06    1.00e-06       45.04
  40      -406.853636712   -1.38e-09    4.01e-04    9.78e-04    9.68e-07    6.76e-06    1.00e-06       58.79
  41      -406.853636706    6.52e-09    4.01e-04    9.78e-04    1.02e-06    1.66e-06    1.41e-06       45.71
  42      -406.853636718   -1.24e-08    4.01e-04    9.78e-04    1.53e-06    8.13e-06    1.00e-06       45.28
  43      -406.853636723   -4.58e-09    4.01e-04    9.78e-04    1.08e-06    4.14e-06    1.00e-06       45.03
  44      -406.853636694    2.86e-08    4.01e-04    9.78e-04    1.04e-06    2.02e-06    1.41e-06       59.41
  45      -406.853636724   -3.01e-08    4.01e-04    9.78e-04    1.46e-06    2.37e-06    1.00e-06       44.91
  46      -406.853636696    2.87e-08    4.01e-04    9.78e-04    1.03e-06    1.79e-06    1.41e-06       45.55
  47      -406.853636696   -1.32e-10    4.01e-04    9.78e-04    1.45e-06    2.39e-06    1.00e-06       45.31
  48      -406.853636698   -2.01e-09    4.01e-04    9.78e-04    1.03e-06    1.72e-06    1.00e-06       59.10
  49      -406.853636683    1.51e-08    4.01e-04    9.78e-04    1.06e-06    1.81e-06    1.41e-06       45.70
  50      -406.853636714   -3.14e-08    4.01e-04    9.78e-04    1.50e-06    2.67e-06    1.00e-06       45.10
  51      -406.853636740   -2.54e-08    4.01e-04    9.78e-04    9.83e-07    2.57e-06    1.00e-06       45.59
  52      -406.853636711    2.87e-08    4.01e-04    9.78e-04    1.00e-06    3.10e-06    1.41e-06       59.49
  53      -406.853636704    7.25e-09    4.01e-04    9.78e-04    1.42e-06    4.54e-06    2.00e-06       45.16
  54      -406.853636702    1.33e-09    4.01e-04    9.78e-04    2.19e-06    4.61e-06    1.10e-06       44.57
  55      -406.853636721   -1.87e-08    4.01e-04    9.78e-04    1.09e-06    3.12e-06    1.55e-06       45.54
  56      -406.853636724   -3.49e-09    4.01e-04    9.78e-04    1.55e-06    6.20e-06    2.19e-06       59.62
  57      -406.853636712    1.29e-08    4.01e-04    9.78e-04    2.20e-06    6.64e-06    1.10e-06       46.01
  58      -406.853636731   -1.96e-08    4.01e-04    9.78e-04    1.11e-06    3.63e-06    1.56e-06       46.10
  59      -406.853636694    3.69e-08    4.01e-04    9.77e-04    1.56e-06    4.66e-06    1.00e-06       45.10
  60      -406.853636720   -2.60e-08    4.01e-04    9.78e-04    9.88e-07    2.49e-06    1.41e-06       59.42
  61      -406.853636692    2.80e-08    4.01e-04    9.78e-04    1.42e-06    4.37e-06    1.00e-06       45.19
  62      -406.853636714   -2.15e-08    4.01e-04    9.78e-04    1.00e-06    2.58e-06    1.41e-06       45.09
  63      -406.853636710    3.85e-09    4.01e-04    9.77e-04    1.42e-06    4.83e-06    1.00e-06       45.12
  64      -406.853636729   -1.91e-08    4.01e-04    9.78e-04    9.90e-07    3.17e-06    1.41e-06       45.61
  65      -406.853636711    1.84e-08    4.01e-04    9.77e-04    1.42e-06    6.27e-06    1.00e-06       59.88
  66      -406.853636706    5.08e-09    4.01e-04    9.77e-04    9.93e-07    2.83e-06    1.00e-06       45.69
  67      -406.853636695    1.10e-08    4.01e-04    9.77e-04    1.01e-06    2.84e-06    1.00e-06       46.09
  68      -406.853636695   -6.10e-10    4.01e-04    9.77e-04    1.00e-06    2.77e-06    1.41e-06       46.37
  69      -406.853636692    2.79e-09    4.01e-04    9.77e-04    1.41e-06    4.16e-06    1.00e-06       59.04
  70      -406.853636712   -2.00e-08    4.01e-04    9.77e-04    1.00e-06    3.44e-06    1.41e-06       45.72
  71      -406.853636706    6.38e-09    4.01e-04    9.77e-04    1.41e-06    3.64e-06    1.00e-06       45.73
  72      -406.853636704    2.50e-09    4.01e-04    9.77e-04    1.02e-06    4.78e-06    1.00e-06       45.25
  73      -406.853636697    6.67e-09    4.01e-04    9.77e-04    1.01e-06    3.17e-06    1.00e-06       44.87
  74      -406.853636702   -4.61e-09    4.01e-04    9.77e-04    1.00e-06    3.46e-06    1.41e-06       44.90
  75      -406.853636716   -1.50e-08    4.01e-04    9.77e-04    1.42e-06    4.23e-06    2.00e-06       60.13
  76      -406.853636727   -1.09e-08    4.01e-04    9.77e-04    2.08e-06    1.05e-05    2.83e-06       45.21
  77      -406.853636692    3.54e-08    4.01e-04    9.77e-04    3.04e-06    1.62e-05    1.52e-06       44.98
  78      -406.853636702   -1.02e-08    4.01e-04    9.77e-04    1.55e-06    5.95e-06    2.15e-06       60.51
  79      -406.853636712   -9.72e-09    4.01e-04    9.77e-04    2.28e-06    1.04e-05    3.04e-06       45.06
  80      -406.853636680    3.19e-08    4.01e-04    9.77e-04    3.10e-06    2.04e-05    1.55e-06       45.15
  81      -406.853636692   -1.17e-08    4.01e-04    9.77e-04    1.67e-06    8.59e-06    2.19e-06       45.41
  82      -406.853636707   -1.55e-08    4.01e-04    9.77e-04    2.21e-06    1.27e-05    3.10e-06       58.57
  83      -406.853636668    3.93e-08    4.01e-04    9.76e-04    2.80e-06    2.58e-05    1.40e-06       44.90
  84      -406.853636700   -3.23e-08    4.01e-04    9.77e-04    1.20e-06    1.04e-05    1.98e-06       45.78
  85      -406.853636689    1.12e-08    4.01e-04    9.76e-04    8.23e-07    1.05e-05    1.00e-06       45.58
  86      -406.853636679    9.74e-09    4.01e-04    9.76e-04    3.64e-07    4.58e-06    1.00e-06       59.27
  87      -406.853636686   -6.17e-09    4.01e-04    9.76e-04    3.51e-07    4.21e-06    1.00e-06       45.39
  88      -406.853636699   -1.34e-08    4.01e-04    9.76e-04    2.92e-07    3.93e-06    1.00e-06       45.46
  89      -406.853636676    2.29e-08    4.01e-04    9.76e-04    3.15e-07    3.78e-06    1.00e-06       45.21
  90      -406.853636703   -2.74e-08    4.01e-04    9.76e-04    3.00e-07    3.61e-06    1.00e-06       59.55
  91      -406.853636703    5.40e-10    4.01e-04    9.76e-04    3.08e-07    3.59e-06    1.00e-06       44.97
  92      -406.853636716   -1.33e-08    4.01e-04    9.76e-04    3.30e-07    3.25e-06    1.00e-06       45.62
  93      -406.853636675    4.12e-08    4.01e-04    9.76e-04    2.67e-07    3.27e-06    1.00e-06       45.52
  94      -406.853636659    1.61e-08    4.01e-04    9.76e-04    2.48e-07    3.36e-06    1.00e-06       59.95
  95      -406.853636657    2.34e-09    4.01e-04    9.76e-04    2.84e-07    3.53e-06    1.00e-06       45.86
  96      -406.853636646    1.09e-08    4.01e-04    9.76e-04    2.84e-07    3.38e-06    1.00e-06       45.40
  97      -406.853636688   -4.19e-08    4.01e-04    9.76e-04    2.48e-07    3.25e-06    1.00e-06       45.36
  98      -406.853636688   -5.78e-10    4.01e-04    9.76e-04    3.44e-07    2.89e-06    1.00e-06       59.36
  99      -406.853636706   -1.77e-08    4.01e-04    9.76e-04    3.30e-07    2.81e-06    1.00e-06       45.69
 100      -406.853636678    2.77e-08    4.01e-04    9.76e-04    3.83e-07    2.69e-06    1.00e-06       45.27
 101      -406.853636698   -2.02e-08    4.01e-04    9.76e-04    2.92e-07    2.78e-06    1.00e-06       45.15
 102      -406.853636654    4.39e-08    4.01e-04    9.76e-04    3.58e-07    2.61e-06    1.00e-06       59.71
 103      -406.853636667   -1.21e-08    4.01e-04    9.76e-04    3.00e-07    2.89e-06    1.00e-06       45.11
 104      -406.853636648    1.87e-08    4.01e-04    9.76e-04    3.51e-07    2.54e-06    1.00e-06       44.97
 105      -406.853636654   -5.64e-09    4.01e-04    9.76e-04    3.51e-07    2.77e-06    1.00e-06       45.60
 106      -406.853636671   -1.73e-08    4.01e-04    9.76e-04    2.84e-07    2.87e-06    1.00e-06       58.87
 107      -406.853636710   -3.95e-08    4.01e-04    9.76e-04    3.00e-07    2.82e-06    1.00e-06       45.37
 108      -406.853636669    4.10e-08    4.01e-04    9.76e-04    3.77e-07    2.40e-06    1.00e-06       44.74
 109      -406.853636706   -3.64e-08    4.01e-04    9.76e-04    3.30e-07    2.57e-06    1.00e-06       45.18
 110      -406.853636661    4.42e-08    4.01e-04    9.76e-04    4.19e-07    2.33e-06    1.00e-06       45.55
 111      -406.853636675   -1.30e-08    4.01e-04    9.76e-04    3.64e-07    2.46e-06    1.00e-06       58.84
 112      -406.853636675   -8.17e-10    4.01e-04    9.76e-04    4.13e-07    2.25e-06    1.00e-06       45.24
 113      -406.853636673    2.75e-09    4.01e-04    9.76e-04    3.71e-07    2.41e-06    1.00e-06       45.02
 114      -406.853636668    4.74e-09    4.01e-04    9.76e-04    3.77e-07    2.43e-06    1.00e-06       45.41
 115      -406.853636689   -2.16e-08    4.01e-04    9.76e-04    4.13e-07    2.23e-06    1.00e-06       44.47
 116      -406.853636699   -9.46e-09    4.01e-04    9.76e-04    4.51e-07    2.15e-06    1.00e-06       60.88
 117      -406.853636664    3.53e-08    4.01e-04    9.76e-04    4.51e-07    2.18e-06    1.00e-06       45.21
 118      -406.853636662    1.76e-09    4.01e-04    9.76e-04    3.95e-07    2.36e-06    1.00e-06       44.99
 119      -406.853636687   -2.48e-08    4.01e-04    9.76e-04    3.89e-07    2.37e-06    1.00e-06       45.70
 120      -406.853636668    1.84e-08    4.01e-04    9.76e-04    4.51e-07    2.07e-06    1.00e-06       59.11
 121      -406.853636717   -4.88e-08    4.01e-04    9.76e-04    4.46e-07    2.16e-06    1.00e-06       45.27
 122      -406.853636684    3.28e-08    4.01e-04    9.76e-04    4.62e-07    2.05e-06    1.00e-06       45.15
 123      -406.853636680    4.46e-09    4.01e-04    9.76e-04    4.51e-07    2.16e-06    1.00e-06       44.87
 124      -406.853636713   -3.31e-08    4.01e-04    9.76e-04    4.19e-07    2.23e-06    1.00e-06       58.93
 125      -406.853636702    1.05e-08    4.01e-04    9.76e-04    4.62e-07    2.07e-06    1.00e-06       45.45
 126      -406.853636723   -2.08e-08    4.01e-04    9.76e-04    5.01e-07    1.96e-06    1.00e-06       45.30
 127      -406.853636703    2.00e-08    4.01e-04    9.76e-04    4.72e-07    2.03e-06    1.00e-06       45.06
 128      -406.853636713   -1.05e-08    4.01e-04    9.76e-04    5.01e-07    1.98e-06    1.00e-06       58.89
 129      -406.853636685    2.88e-08    4.01e-04    9.75e-04    4.77e-07    1.95e-06    1.00e-06       45.40
 130      -406.853636698   -1.29e-08    4.01e-04    9.76e-04    4.57e-07    2.14e-06    1.00e-06       45.87
 131      -406.853636705   -7.75e-09    4.01e-04    9.76e-04    4.82e-07    2.07e-06    1.00e-06       45.46
 132      -406.853636691    1.41e-08    4.01e-04    9.76e-04    4.92e-07    2.03e-06    1.00e-06       59.44
 133      -406.853636702   -1.11e-08    4.01e-04    9.76e-04    4.82e-07    2.02e-06    1.00e-06       45.74
 134      -406.853636707   -4.79e-09    4.01e-04    9.76e-04    4.87e-07    2.03e-06    1.00e-06       45.60
 135      -406.853636722   -1.45e-08    4.01e-04    9.76e-04    5.24e-07    1.91e-06    1.00e-06       45.18
 136      -406.853636700    2.15e-08    4.01e-04    9.75e-04    5.24e-07    1.84e-06    1.00e-06       45.28
 137      -406.853636690    1.01e-08    4.01e-04    9.75e-04    5.24e-07    1.88e-06    1.00e-06       45.17
 138      -406.853636695   -4.85e-09    4.01e-04    9.76e-04    4.67e-07    2.09e-06    1.00e-06       59.15
 139      -406.853636695   -3.45e-10    4.01e-04    9.75e-04    5.10e-07    1.93e-06    1.00e-06       45.79
 140      -406.853636682    1.33e-08    4.01e-04    9.75e-04    4.87e-07    2.02e-06    1.00e-06       45.96
 141      -406.853636688   -5.75e-09    4.01e-04    9.75e-04    5.29e-07    1.92e-06    1.00e-06       45.35
 142      -406.853636720   -3.24e-08    4.01e-04    9.75e-04    5.33e-07    1.86e-06    1.00e-06       59.74
 143      -406.853636719    8.83e-10    4.01e-04    9.75e-04    5.15e-07    1.89e-06    1.00e-06       45.21
 144      -406.853636720   -1.19e-09    4.01e-04    9.76e-04    5.38e-07    1.83e-06    1.00e-06       45.35
 145      -406.853636685    3.50e-08    4.01e-04    9.75e-04    5.72e-07    1.77e-06    1.00e-06       46.17
 146      -406.853636677    8.20e-09    4.01e-04    9.75e-04    5.10e-07    1.96e-06    1.00e-06       60.16
 147      -406.853636674    3.12e-09    4.01e-04    9.75e-04    5.33e-07    1.86e-06    1.00e-06       45.36
 148      -406.853636710   -3.61e-08    4.01e-04    9.75e-04    5.38e-07    1.89e-06    1.00e-06       44.62
 149      -406.853636708    1.91e-09    4.01e-04    9.76e-04    5.72e-07    1.79e-06    1.00e-06       45.10
 150      -406.853636703    5.01e-09    4.01e-04    9.75e-04    5.80e-07    1.70e-06    1.00e-06       59.28
 151      -406.853636719   -1.60e-08    4.01e-04    9.75e-04    5.55e-07    1.77e-06    1.00e-06       45.50
 152      -406.853636698    2.14e-08    4.01e-04    9.75e-04    5.72e-07    1.81e-06    1.00e-06       45.88
 153      -406.853636686    1.12e-08    4.01e-04    9.75e-04    5.76e-07    1.80e-06    1.00e-06       45.48
 154      -406.853636692   -5.08e-09    4.01e-04    9.75e-04    5.76e-07    1.80e-06    1.00e-06       59.65
 155      -406.853636688    3.22e-09    4.00e-04    9.75e-04    5.80e-07    1.76e-06    1.00e-06       44.93
 156      -406.853636677    1.13e-08    4.01e-04    9.75e-04    5.33e-07    1.87e-06    1.00e-06       45.40
 157      -406.853636721   -4.38e-08    4.01e-04    9.75e-04    5.72e-07    1.82e-06    1.00e-06       45.11
 158      -406.853636694    2.74e-08    4.00e-04    9.75e-04    5.55e-07    1.78e-06    1.00e-06       58.74
 159      -406.853636676    1.75e-08    4.00e-04    9.75e-04    5.68e-07    1.78e-06    1.00e-06       45.62
 160      -406.853636712   -3.63e-08    4.01e-04    9.75e-04    5.51e-07    1.86e-06    1.00e-06       45.00
 161      -406.853636709    3.23e-09    4.01e-04    9.75e-04    5.80e-07    1.71e-06    1.00e-06       45.44
 162      -406.853636707    1.64e-09    4.01e-04    9.75e-04    5.55e-07    1.85e-06    1.00e-06       45.46
 163      -406.853636700    7.16e-09    4.01e-04    9.75e-04    6.12e-07    1.70e-06    1.00e-06       60.18
 164      -406.853636678    2.26e-08    4.01e-04    9.75e-04    6.04e-07    1.72e-06    1.00e-06       45.24
 165      -406.853636690   -1.19e-08    4.00e-04    9.75e-04    5.80e-07    1.80e-06    1.00e-06       45.01
 166      -406.853636717   -2.78e-08    4.01e-04    9.75e-04    5.96e-07    1.79e-06    1.00e-06       45.10
 167      -406.853636675    4.26e-08    4.00e-04    9.75e-04    5.92e-07    1.69e-06    1.00e-06       59.05
 168      -406.853636682   -7.69e-09    4.01e-04    9.75e-04    5.92e-07    1.76e-06    1.00e-06       45.00
 169      -406.853636718   -3.57e-08    4.01e-04    9.75e-04    6.00e-07    1.76e-06    1.00e-06       44.94
 170      -406.853636712    6.33e-09    4.01e-04    9.75e-04    6.04e-07    1.70e-06    1.00e-06       45.04
 171      -406.853636689    2.31e-08    4.00e-04    9.75e-04    6.12e-07    1.69e-06    1.00e-06       59.47
 172      -406.853636719   -3.05e-08    4.01e-04    9.75e-04    5.80e-07    1.79e-06    1.00e-06       45.02
 173      -406.853636682    3.73e-08    4.01e-04    9.75e-04    6.08e-07    1.68e-06    1.00e-06       44.97
 174      -406.853636704   -2.21e-08    4.01e-04    9.75e-04    6.16e-07    1.72e-06    1.00e-06       45.79
 175      -406.853636676    2.80e-08    4.00e-04    9.75e-04    6.23e-07    1.66e-06    1.00e-06       58.75
 176      -406.853636684   -8.12e-09    4.00e-04    9.75e-04    6.08e-07    1.68e-06    1.00e-06       45.01
 177      -406.853636700   -1.56e-08    4.00e-04    9.75e-04    6.04e-07    1.72e-06    1.00e-06       45.17
 178      -406.853636699    7.33e-10    4.00e-04    9.75e-04    6.23e-07    1.68e-06    1.00e-06       45.73
 179      -406.853636708   -9.52e-09    4.01e-04    9.75e-04    6.35e-07    1.64e-06    1.00e-06       58.79
 180      -406.853636711   -2.45e-09    4.00e-04    9.75e-04    6.38e-07    1.62e-06    1.00e-06       45.55
 181      -406.853636716   -5.58e-09    4.01e-04    9.75e-04    6.38e-07    1.61e-06    1.00e-06       45.45
 182      -406.853636690    2.66e-08    4.00e-04    9.75e-04    6.42e-07    1.65e-06    1.00e-06       45.50
 183      -406.853636694   -4.16e-09    4.00e-04    9.75e-04    6.57e-07    1.58e-06    1.00e-06       60.57
 184      -406.853636690    3.93e-09    4.00e-04    9.75e-04    6.53e-07    1.58e-06    1.00e-06       45.54
 185      -406.853636676    1.42e-08    4.00e-04    9.75e-04    6.31e-07    1.65e-06    1.00e-06       45.33
 186      -406.853636698   -2.16e-08    4.00e-04    9.75e-04    6.16e-07    1.66e-06    1.00e-06       45.27
 187      -406.853636710   -1.24e-08    4.00e-04    9.75e-04    6.35e-07    1.65e-06    1.00e-06       59.04
 188      -406.853636689    2.05e-08    4.00e-04    9.75e-04    6.46e-07    1.60e-06    1.00e-06       45.76
 189      -406.853636698   -8.85e-09    4.00e-04    9.75e-04    6.42e-07    1.63e-06    1.00e-06       45.52
 190      -406.853636699   -4.65e-10    4.00e-04    9.75e-04    6.31e-07    1.65e-06    1.00e-06       44.68
 191      -406.853636719   -1.97e-08    4.00e-04    9.75e-04    6.31e-07    1.64e-06    1.00e-06       44.97
 192      -406.853636694    2.50e-08    4.00e-04    9.75e-04    6.67e-07    1.57e-06    1.00e-06       59.09
 193      -406.853636672    2.17e-08    4.00e-04    9.75e-04    6.31e-07    1.62e-06    1.00e-06       45.60
 194      -406.853636683   -1.14e-08    4.00e-04    9.75e-04    6.42e-07    1.61e-06    1.00e-06       45.88
 195      -406.853636724   -4.10e-08    4.00e-04    9.75e-04    6.57e-07    1.61e-06    1.00e-06       45.14
 196      -406.853636699    2.53e-08    4.00e-04    9.75e-04    6.53e-07    1.60e-06    1.00e-06       59.51
 197      -406.853636681    1.78e-08    4.00e-04    9.75e-04    6.64e-07    1.54e-06    1.00e-06       46.09
 198      -406.853636682   -4.42e-10    4.00e-04    9.75e-04    6.53e-07    1.60e-06    1.00e-06       45.00
 199      -406.853636700   -1.81e-08    4.00e-04    9.75e-04    6.53e-07    1.61e-06    1.00e-06       45.87
 200      -406.853636701   -1.27e-09    4.00e-04    9.75e-04    6.60e-07    1.61e-06    1.00e-06       45.69
 201      -406.853636700    4.05e-10    4.00e-04    9.75e-04    6.78e-07    1.55e-06    1.00e-06       59.20
 202      -406.853636697    3.89e-09    4.00e-04    9.75e-04    6.81e-07    1.54e-06    1.00e-06       45.13
 203      -406.853636710   -1.34e-08    4.00e-04    9.75e-04    6.46e-07    1.60e-06    1.00e-06       45.12
 204      -406.853636698    1.16e-08    4.00e-04    9.75e-04    6.67e-07    1.54e-06    1.00e-06       44.85
 205      -406.853636697    1.78e-09    4.00e-04    9.75e-04    6.92e-07    1.54e-06    1.00e-06       45.01
 206      -406.853636712   -1.49e-08    4.00e-04    9.75e-04    6.67e-07    1.56e-06    1.00e-06       58.96
 207      -406.853636703    8.07e-09    4.00e-04    9.75e-04    6.81e-07    1.52e-06    1.00e-06       45.36
 208      -406.853636679    2.46e-08    4.00e-04    9.75e-04    6.60e-07    1.57e-06    1.00e-06       45.05
 209      -406.853636682   -3.13e-09    4.00e-04    9.75e-04    6.67e-07    1.59e-06    1.00e-06       45.14
 210      -406.853636692   -9.56e-09    4.00e-04    9.75e-04    6.57e-07    1.60e-06    1.00e-06       59.38
 211      -406.853636709   -1.70e-08    4.00e-04    9.75e-04    6.78e-07    1.54e-06    1.00e-06       44.96
 212      -406.853636680    2.85e-08    4.00e-04    9.75e-04    6.99e-07    1.51e-06    1.00e-06       45.33
 213      -406.853636681   -1.32e-09    4.00e-04    9.75e-04    6.78e-07    1.55e-06    1.00e-06       45.04
 214      -406.853636694   -1.29e-08    4.00e-04    9.75e-04    6.92e-07    1.53e-06    1.00e-06       59.68
 215      -406.853636679    1.54e-08    4.00e-04    9.74e-04    6.71e-07    1.59e-06    1.00e-06       45.34
 216      -406.853636717   -3.86e-08    4.00e-04    9.75e-04    6.74e-07    1.57e-06    1.00e-06       44.77
 217      -406.853636700    1.71e-08    4.00e-04    9.75e-04    6.95e-07    1.52e-06    1.00e-06       44.99
 218      -406.853636725   -2.45e-08    4.00e-04    9.75e-04    6.99e-07    1.50e-06    1.00e-06       58.68
 219      -406.853636685    4.00e-08    4.00e-04    9.74e-04    6.99e-07    1.53e-06    1.00e-06       44.88
 220      -406.853636696   -1.08e-08    4.00e-04    9.74e-04    6.92e-07    1.55e-06    1.00e-06       46.01
 221      -406.853636678    1.82e-08    4.00e-04    9.74e-04    7.05e-07    1.51e-06    1.00e-06       45.54
 222      -406.853636688   -1.05e-08    4.00e-04    9.74e-04    6.99e-07    1.56e-06    1.00e-06       59.20
 223      -406.853636710   -2.20e-08    4.00e-04    9.75e-04    6.78e-07    1.57e-06    1.00e-06       45.40
 224      -406.853636691    1.93e-08    4.00e-04    9.74e-04    6.92e-07    1.53e-06    1.00e-06       45.47
 225      -406.853636710   -1.97e-08    4.00e-04    9.75e-04    6.88e-07    1.56e-06    1.00e-06       45.34
 226      -406.853636681    2.97e-08    4.00e-04    9.74e-04    7.05e-07    1.51e-06    1.00e-06       59.26
 227      -406.853636702   -2.14e-08    4.00e-04    9.75e-04    6.92e-07    1.54e-06    1.00e-06       45.47
 228      -406.853636689    1.34e-08    4.00e-04    9.75e-04    7.19e-07    1.47e-06    1.00e-06       45.25
 229      -406.853636707   -1.83e-08    4.00e-04    9.74e-04    7.09e-07    1.52e-06    1.00e-06       45.60
 230      -406.853636697    9.98e-09    4.00e-04    9.75e-04    7.35e-07    1.45e-06    1.00e-06       60.35
 231      -406.853636697    4.70e-10    4.00e-04    9.74e-04    7.02e-07    1.55e-06    1.00e-06       44.54
 232      -406.853636717   -2.02e-08    4.00e-04    9.75e-04    7.19e-07    1.46e-06    1.00e-06       45.18
 233      -406.853636712    4.99e-09    4.00e-04    9.74e-04    7.05e-07    1.52e-06    1.00e-06       46.02
 234      -406.853636718   -6.83e-09    4.00e-04    9.75e-04    7.22e-07    1.48e-06    1.00e-06       59.60
 235      -406.853636681    3.79e-08    4.00e-04    9.74e-04    7.25e-07    1.47e-06    1.00e-06       45.33
 236      -406.853636701   -2.01e-08    4.00e-04    9.75e-04    7.12e-07    1.53e-06    1.00e-06       46.19
 237      -406.853636688    1.26e-08    4.00e-04    9.74e-04    7.05e-07    1.50e-06    1.00e-06       45.51
 238      -406.853636696   -7.43e-09    4.00e-04    9.74e-04    7.28e-07    1.52e-06    1.00e-06       59.07
 239      -406.853636693    2.93e-09    4.00e-04    9.74e-04    7.19e-07    1.49e-06    1.00e-06       45.05
 240      -406.853636717   -2.46e-08    4.00e-04    9.74e-04    7.12e-07    1.50e-06    1.00e-06       46.35
 241      -406.853636703    1.40e-08    4.00e-04    9.74e-04    7.28e-07    1.49e-06    1.00e-06       45.08
 242      -406.853636690    1.31e-08    4.00e-04    9.74e-04    7.19e-07    1.46e-06    1.00e-06       45.21
 243      -406.853636681    8.98e-09    4.00e-04    9.74e-04    7.35e-07    1.50e-06    1.00e-06       59.39
 244      -406.853636677    3.85e-09    4.00e-04    9.74e-04    7.25e-07    1.47e-06    1.00e-06       45.59
 245      -406.853636691   -1.42e-08    4.00e-04    9.74e-04    7.38e-07    1.50e-06    1.00e-06       45.08
 246      -406.853636687    4.24e-09    4.00e-04    9.74e-04    7.41e-07    1.42e-06    1.00e-06       44.80
 247      -406.853636717   -3.02e-08    4.00e-04    9.75e-04    7.51e-07    1.47e-06    1.00e-06       45.07
 248      -406.853636700    1.77e-08    4.00e-04    9.74e-04    7.38e-07    1.44e-06    1.00e-06       59.01
 249      -406.853636717   -1.75e-08    4.00e-04    9.74e-04    7.35e-07    1.47e-06    1.00e-06       44.73
 250      -406.853636711    6.08e-09    4.00e-04    9.74e-04    7.28e-07    1.47e-06    1.00e-06       45.13
 251      -406.853636690    2.11e-08    4.00e-04    9.74e-04    7.48e-07    1.44e-06    1.00e-06       44.99
 252      -406.853636710   -1.99e-08    4.00e-04    9.74e-04    7.35e-07    1.49e-06    1.00e-06       60.08
 253      -406.853636691    1.85e-08    4.00e-04    9.74e-04    7.25e-07    1.46e-06    1.00e-06       45.25
 254      -406.853636692   -8.85e-11    4.00e-04    9.74e-04    7.41e-07    1.46e-06    1.00e-06       44.93
 255      -406.853636680    1.12e-08    4.00e-04    9.74e-04    7.15e-07    1.49e-06    1.00e-06       44.97
 256      -406.853636698   -1.81e-08    4.00e-04    9.74e-04    7.32e-07    1.52e-06    1.00e-06       59.79
 257      -406.853636698    1.69e-10    4.00e-04    9.74e-04    7.35e-07    1.45e-06    1.00e-06       44.98
 258      -406.853636718   -1.97e-08    4.00e-04    9.74e-04    7.38e-07    1.48e-06    1.00e-06       45.15
 259      -406.853636727   -9.45e-09    4.00e-04    9.74e-04    7.41e-07    1.45e-06    1.00e-06       45.08
 260      -406.853636703    2.42e-08    4.00e-04    9.74e-04    7.38e-07    1.45e-06    1.00e-06       60.16
 261      -406.853636689    1.39e-08    4.00e-04    9.74e-04    7.35e-07    1.46e-06    1.00e-06       44.88
 262      -406.853636680    9.55e-09    4.00e-04    9.74e-04    7.60e-07    1.44e-06    1.00e-06       45.89
 263      -406.853636686   -6.33e-09    4.00e-04    9.74e-04    7.54e-07    1.46e-06    1.00e-06       45.85
 264      -406.853636707   -2.06e-08    4.00e-04    9.74e-04    7.35e-07    1.47e-06    1.00e-06       45.10
 265      -406.853636701    6.03e-09    4.00e-04    9.74e-04    7.63e-07    1.41e-06    1.00e-06       44.81
 266      -406.853636695    5.31e-09    4.00e-04    9.74e-04    7.25e-07    1.50e-06    1.00e-06       58.26
 267      -406.853636692    3.13e-09    4.00e-04    9.74e-04    7.60e-07    1.43e-06    1.00e-06       45.29
 268      -406.853636698   -5.71e-09    4.00e-04    9.74e-04    7.69e-07    1.39e-06    1.00e-06       45.02
 269      -406.853636709   -1.09e-08    4.00e-04    9.74e-04    7.57e-07    1.43e-06    1.00e-06       45.00
 270      -406.853636682    2.64e-08    4.00e-04    9.74e-04    7.60e-07    1.42e-06    1.00e-06       59.61
 271      -406.853636718   -3.59e-08    4.00e-04    9.74e-04    7.54e-07    1.45e-06    1.00e-06       44.99
 272      -406.853636689    2.91e-08    4.00e-04    9.74e-04    7.63e-07    1.41e-06    1.00e-06       45.85
 273      -406.853636719   -2.94e-08    4.00e-04    9.74e-04    7.51e-07    1.46e-06    1.00e-06       44.83
 274      -406.853636686    3.22e-08    4.00e-04    9.74e-04    7.63e-07    1.42e-06    1.00e-06       59.67
 275      -406.853636717   -3.06e-08    4.00e-04    9.74e-04    7.57e-07    1.47e-06    1.00e-06       45.27
 276      -406.853636714    2.99e-09    4.00e-04    9.74e-04    7.66e-07    1.42e-06    1.00e-06       45.23
 277      -406.853636716   -2.13e-09    4.00e-04    9.74e-04    7.82e-07    1.41e-06    1.00e-06       45.11
 278      -406.853636699    1.71e-08    4.00e-04    9.74e-04    7.54e-07    1.45e-06    1.00e-06       60.88
 279      -406.853636673    2.58e-08    4.00e-04    9.74e-04    7.73e-07    1.42e-06    1.00e-06       45.08
 280      -406.853636687   -1.41e-08    4.00e-04    9.74e-04    7.60e-07    1.46e-06    1.00e-06       45.23
 281      -406.853636679    8.75e-09    4.00e-04    9.74e-04    7.54e-07    1.45e-06    1.00e-06       44.84
 282      -406.853636672    6.59e-09    4.00e-04    9.74e-04    7.69e-07    1.46e-06    1.00e-06       59.07
 283      -406.853636707   -3.46e-08    4.00e-04    9.74e-04    7.66e-07    1.41e-06    1.00e-06       45.57
 284      -406.853636708   -1.45e-09    4.00e-04    9.74e-04    7.63e-07    1.44e-06    1.00e-06       44.80
 285      -406.853636711   -2.62e-09    4.00e-04    9.74e-04    7.73e-07    1.43e-06    1.00e-06       45.39
 286      -406.853636702    9.13e-09    4.00e-04    9.74e-04    7.79e-07    1.39e-06    1.00e-06       45.35
 287      -406.853636697    5.00e-09    4.00e-04    9.74e-04    7.69e-07    1.42e-06    1.00e-06       59.64
 288      -406.853636690    6.62e-09    4.00e-04    9.74e-04    7.82e-07    1.41e-06    1.00e-06       45.27
 289      -406.853636669    2.06e-08    4.00e-04    9.74e-04    7.73e-07    1.44e-06    1.00e-06       45.76
 290      -406.853636688   -1.92e-08    4.00e-04    9.74e-04    7.57e-07    1.42e-06    1.00e-06       47.11
 291      -406.853636696   -8.03e-09    4.00e-04    9.74e-04    7.73e-07    1.43e-06    1.00e-06       59.11
 292      -406.853636698   -1.05e-09    4.00e-04    9.74e-04    7.76e-07    1.45e-06    1.00e-06       45.68
 293      -406.853636698   -2.44e-10    4.00e-04    9.74e-04    7.79e-07    1.40e-06    1.00e-06       45.13
 294      -406.853636680    1.81e-08    4.00e-04    9.74e-04    7.73e-07    1.40e-06    1.00e-06       45.84
 295      -406.853636683   -3.57e-09    4.00e-04    9.74e-04    7.94e-07    1.43e-06    1.00e-06       59.11
 296      -406.853636699   -1.59e-08    4.00e-04    9.74e-04    7.73e-07    1.40e-06    1.00e-06       45.43
 297      -406.853636679    2.04e-08    4.00e-04    9.74e-04    7.88e-07    1.39e-06    1.00e-06       44.79
 298      -406.853636680   -1.68e-09    4.00e-04    9.74e-04    7.88e-07    1.41e-06    1.00e-06       45.05
 299      -406.853636698   -1.77e-08    4.00e-04    9.74e-04    7.82e-07    1.42e-06    1.00e-06       58.79
 300      -406.853636681    1.69e-08    4.00e-04    9.74e-04    8.03e-07    1.37e-06    1.00e-06       45.73
 Geometry optimization stopped:          too many iterations

 Non-converged energy:                -406.853636681

 -----------------------------------
  Non-converged coordinates summary 
 -----------------------------------
 Total coordinates:                     13
 Bond distances:                         2
 Bond angles:                            0
 Dihedral angles:                        0
 Linear bond angles:                     2
 Out-of-plane bends:                     0
 Translations:                           9
 Rotations:                              0

 -------------------
  Non-converged XYZ 
 -------------------
3
Non-converged structure: -406.854 hartree
Au           0.000376124         -0.000002600         -0.001899464
Au          -0.000185593          0.000025981          2.529792102
Au          -0.000190531         -0.000023381         -2.527892637

 Structure in entos input format:

  structure(
    xyz = [
      ['Au' ,          0.000376124,         -0.000002600,         -0.001899464],
      ['Au' ,         -0.000185593,          0.000025981,          2.529792102],
      ['Au' ,         -0.000190531,         -0.000023381,         -2.527892637]
    ]
  )
 Geometry optimization failed:           too many iterations

Error: geometry optimization failed to converge because too many iterations
