
================================================================================
          _____________ ________ _______________ ________     _________         
         / ___________// ______ \\_____   _____// ______ \   / ________)        
        / /_________  / /      \ \     | |     / /      \ \ | (_______          
       |  __________|| |        | |    | |    | |        | | \________ \        
        \ \_________ | |        | |    | |     \ \______/ /___________) |       
         \__________||_|        |_|    |_|      \________//____________/        
                                                                                
====================================[ Qcore ]===================================

 Git describe: 2.3.0-1-g21d9df7e5
 Compiler:     GNU 9.1.0
 Build type:   Release
 Version:      2.3.0-1-g21d9df7e5

 Start time:   Mon Oct 25 13:09:40 2021

 Data directory: /work/zw18965/.local/qcore/share/entos/qcore/data
 Number of threads: 24
 Number of threads was determined by: command line argument

 --------------------------------------------------------------------------------
                                command: optimize                                
 --------------------------------------------------------------------------------
 Using coordinate system:                tric

 -----------------------------
  Initial coordinates summary 
 -----------------------------
 Total coordinates:                      7
 Bond distances:                         1
 Bond angles:                            0
 Dihedral angles:                        0
 Linear bond angles:                     0
 Out-of-plane bends:                     0
 Translations:                           6
 Rotations:                              0
 Hessian update scheme:                  bfgs
 Initial hessian:                        model

 ------------------------------------------------------------------------------------------------------------
                   energy      change    grad rms    grad max    step rms    step max       trust    time (s)
 ------------------------------------------------------------------------------------------------------------
   1     -1740.390862360                2.60e-03    4.51e-03                            2.00e-01       25.50
   2     -1740.390886308   -2.39e-05    1.65e-03    2.85e-03    3.92e-03    7.85e-03    2.00e-01       10.39
   3     -1740.390896687   -1.04e-05    4.47e-05    7.74e-05    6.76e-03    1.35e-02    2.00e-01       10.83
   4     -1740.390896943   -2.56e-07    1.04e-06    1.80e-06    1.78e-04    3.57e-04    2.00e-01        9.04
 Geometry optimization stopped:          thresholds achieved

 Final energy:                       -1740.390896943

 ---------------------------
  Final coordinates summary 
 ---------------------------
 Total coordinates:                      7
 Bond distances:                         1
 Bond angles:                            0
 Dihedral angles:                        0
 Linear bond angles:                     0
 Out-of-plane bends:                     0
 Translations:                           6
 Rotations:                              0

 -----------
  Final XYZ 
 -----------
2
Final structure: -1740.39 hartree
Cu           0.000000082         -0.000001600          0.407157904
F           -0.000000082          0.000001600         -1.324304903

 Structure in entos input format:

  structure(
    xyz = [
      ['Cu' ,          0.000000082,         -0.000001600,          0.407157904],
      ['F'  ,         -0.000000082,          0.000001600,         -1.324304903]
    ]
  )

 --------------------------------
  Geometry optimization finished 
 --------------------------------
 Saving results in set 'opt'

 --------------------------------------------------------------------------------
                                 command: hessian                                
 --------------------------------------------------------------------------------

WARNING: semianalytic method is specified for dft hessian, which is not efficient. Try switching to 'method = analytic'


 -------------------------------
  Numerical Geometrical Hessian 
 -------------------------------

 Compute hessian using two-point central differentiation.
 Step size (bohr):                       0.0100

 Frequencies (including translational and rotational modes):
 mode    frequency (cm-1)
    0               57.90 i (imaginary)
    1               57.86 i (imaginary)
    2                0.01 i (imaginary)
    3                0.00 i (imaginary)
    4                0.03
    5              631.03

 Project out translational and rotational motions 

 The molecule is linear

 Degrees of freedom for translational and rotational motions: 5

 Vibrational frequencies:
 mode    frequency (cm-1)
    0              631.03

 --------------------------------------------------------------------------------

 End time:                               Mon Oct 25 13:13:11 2021
 Total wall-clock time:                211.649 seconds
==================================================================================
