
================================================================================
          _____________ ________ _______________ ________     _________         
         / ___________// ______ \\_____   _____// ______ \   / ________)        
        / /_________  / /      \ \     | |     / /      \ \ | (_______          
       |  __________|| |        | |    | |    | |        | | \________ \        
        \ \_________ | |        | |    | |     \ \______/ /___________) |       
         \__________||_|        |_|    |_|      \________//____________/        
                                                                                
====================================[ Qcore ]===================================

 Git describe: 2.3.0-3-g778a55bfd
 Compiler:     GNU 9.3.0
 Build type:   Release
 Version:      2.3.0-3-g778a55bfd

 Start time:   Tue Nov  2 10:58:36 2021

 Data directory: /mnt/storage/home/zw18965/.local/qcore/share/entos/qcore/data
 Number of threads: 28
 Number of threads was determined by: command line argument

 --------------------------------------------------------------------------------
                                command: optimize                                
 --------------------------------------------------------------------------------
 Using coordinate system:                tric

 -----------------------------
  Initial coordinates summary 
 -----------------------------
 Total coordinates:                      7
 Bond distances:                         1
 Bond angles:                            0
 Dihedral angles:                        0
 Linear bond angles:                     0
 Out-of-plane bends:                     0
 Translations:                           6
 Rotations:                              0
 Hessian update scheme:                  bfgs
 Initial hessian:                        model

 ------------------------------------------------------------------------------------------------------------
                   energy      change    grad rms    grad max    step rms    step max       trust    time (s)
 ------------------------------------------------------------------------------------------------------------
   1     -1641.046115709                1.19e-03    2.06e-03                            2.00e-01     1935.79
   2     -1641.046124335   -8.63e-06    6.30e-04    1.09e-03    3.33e-03    6.67e-03    2.00e-01      145.60
   3     -1641.046126166   -1.83e-06    1.15e-05    1.98e-05    3.74e-03    7.49e-03    2.00e-01      168.06
   4     -1641.046126249   -8.23e-08    3.58e-07    6.17e-07    6.69e-05    1.34e-04    2.00e-01       59.30
 Geometry optimization stopped:          thresholds achieved

 Final energy:                       -1641.046126249

 ---------------------------
  Final coordinates summary 
 ---------------------------
 Total coordinates:                      7
 Bond distances:                         1
 Bond angles:                            0
 Dihedral angles:                        0
 Linear bond angles:                     0
 Out-of-plane bends:                     0
 Translations:                           6
 Rotations:                              0

 -----------
  Final XYZ 
 -----------
2
Final structure: -1641.05 hartree
Cu           0.000002578          0.000001910          0.044803254
H           -0.000002578         -0.000001910         -1.403160254

 Structure in entos input format:

  structure(
    xyz = [
      ['Cu' ,          0.000002578,          0.000001910,          0.044803254],
      ['H'  ,         -0.000002578,         -0.000001910,         -1.403160254]
    ]
  )

 --------------------------------
  Geometry optimization finished 
 --------------------------------
 Saving results in set 'opt'

 --------------------------------------------------------------------------------
                                 command: hessian                                
 --------------------------------------------------------------------------------

WARNING: semianalytic method is specified for dft hessian, which is not efficient. Try switching to 'method = analytic'


 -------------------------------
  Numerical Geometrical Hessian 
 -------------------------------

 Compute hessian using two-point central differentiation.
 Step size (bohr):                       0.0100

 Frequencies (including translational and rotational modes):
 mode    frequency (cm-1)
    0               12.98 i (imaginary)
    1               12.96 i (imaginary)
    2                0.00
    3                0.87
    4                1.07
    5             1995.90

 Project out translational and rotational motions 

 The molecule is linear

 Degrees of freedom for translational and rotational motions: 5

 Vibrational frequencies:
 mode    frequency (cm-1)
    0             1995.90

 --------------------------------------------------------------------------------

 End time:                               Tue Nov  2 12:32:32 2021
 Total wall-clock time:               5635.680 seconds
==================================================================================
