
================================================================================
          _____________ ________ _______________ ________     _________         
         / ___________// ______ \\_____   _____// ______ \   / ________)        
        / /_________  / /      \ \     | |     / /      \ \ | (_______          
       |  __________|| |        | |    | |    | |        | | \________ \        
        \ \_________ | |        | |    | |     \ \______/ /___________) |       
         \__________||_|        |_|    |_|      \________//____________/        
                                                                                
====================================[ Qcore ]===================================

 Git describe: 2.3.0-1-g21d9df7e5
 Compiler:     GNU 9.1.0
 Build type:   Release
 Version:      2.3.0-1-g21d9df7e5

 Start time:   Mon Oct 25 13:10:16 2021

 Data directory: /work/zw18965/.local/qcore/share/entos/qcore/data
 Number of threads: 24
 Number of threads was determined by: command line argument

 --------------------------------------------------------------------------------
                                command: optimize                                
 --------------------------------------------------------------------------------
 Using coordinate system:                tric

 -----------------------------
  Initial coordinates summary 
 -----------------------------
 Total coordinates:                      7
 Bond distances:                         1
 Bond angles:                            0
 Dihedral angles:                        0
 Linear bond angles:                     0
 Out-of-plane bends:                     0
 Translations:                           6
 Rotations:                              0
 Hessian update scheme:                  bfgs
 Initial hessian:                        model

 ------------------------------------------------------------------------------------------------------------
                   energy      change    grad rms    grad max    step rms    step max       trust    time (s)
 ------------------------------------------------------------------------------------------------------------
   1     -3280.970810120                1.61e-03    2.79e-03                            2.00e-01       52.37
   2     -3280.970852018   -4.19e-05    5.08e-04    8.80e-04    1.12e-02    2.23e-02    2.00e-01       31.86
   3     -3280.970856960   -4.94e-06    2.00e-05    3.46e-05    5.14e-03    1.03e-02    2.00e-01       29.87
   4     -3280.970857014   -5.34e-08    2.94e-07    4.82e-07    1.94e-04    3.88e-04    2.00e-01       22.09
 Geometry optimization stopped:          thresholds achieved

 Final energy:                       -3280.970857014

 ---------------------------
  Final coordinates summary 
 ---------------------------
 Total coordinates:                      7
 Bond distances:                         1
 Bond angles:                            0
 Dihedral angles:                        0
 Linear bond angles:                     0
 Out-of-plane bends:                     0
 Translations:                           6
 Rotations:                              0

 -----------
  Final XYZ 
 -----------
2
Final structure: -3280.97 hartree
Cu           0.000000721          0.000000344          1.098958629
Cu          -0.000000721         -0.000000344         -1.098958629

 Structure in entos input format:

  structure(
    xyz = [
      ['Cu' ,          0.000000721,          0.000000344,          1.098958629],
      ['Cu' ,         -0.000000721,         -0.000000344,         -1.098958629]
    ]
  )

 --------------------------------
  Geometry optimization finished 
 --------------------------------
 Saving results in set 'opt'

 --------------------------------------------------------------------------------
                                 command: hessian                                
 --------------------------------------------------------------------------------

WARNING: semianalytic method is specified for dft hessian, which is not efficient. Try switching to 'method = analytic'


 -------------------------------
  Numerical Geometrical Hessian 
 -------------------------------

 Compute hessian using two-point central differentiation.
 Step size (bohr):                       0.0100

 Frequencies (including translational and rotational modes):
 mode    frequency (cm-1)
    0                0.00 i (imaginary)
    1                0.00
    2                0.01
    3               13.01
    4               13.01
    5              273.62

 Project out translational and rotational motions 

 The molecule is linear

 Degrees of freedom for translational and rotational motions: 5

 Vibrational frequencies:
 mode    frequency (cm-1)
    0              273.62

 --------------------------------------------------------------------------------

 End time:                               Mon Oct 25 13:19:07 2021
 Total wall-clock time:                530.768 seconds
==================================================================================
