
================================================================================
          _____________ ________ _______________ ________     _________         
         / ___________// ______ \\_____   _____// ______ \   / ________)        
        / /_________  / /      \ \     | |     / /      \ \ | (_______          
       |  __________|| |        | |    | |    | |        | | \________ \        
        \ \_________ | |        | |    | |     \ \______/ /___________) |       
         \__________||_|        |_|    |_|      \________//____________/        
                                                                                
====================================[ Qcore ]===================================

 Git describe: 2.3.0-1-g21d9df7e5
 Compiler:     GNU 9.1.0
 Build type:   Release
 Version:      2.3.0-1-g21d9df7e5

 Start time:   Mon Oct 25 13:32:51 2021

 Data directory: /work/zw18965/.local/qcore/share/entos/qcore/data
 Number of threads: 24
 Number of threads was determined by: command line argument

 --------------------------------------------------------------------------------
                                command: optimize                                
 --------------------------------------------------------------------------------
 Using coordinate system:                tric

 -----------------------------
  Initial coordinates summary 
 -----------------------------
 Total coordinates:                     13
 Bond distances:                         2
 Bond angles:                            0
 Dihedral angles:                        0
 Linear bond angles:                     2
 Out-of-plane bends:                     0
 Translations:                           9
 Rotations:                              0
 Hessian update scheme:                  bfgs
 Initial hessian:                        model

 ------------------------------------------------------------------------------------------------------------
                   energy      change    grad rms    grad max    step rms    step max       trust    time (s)
 ------------------------------------------------------------------------------------------------------------
   1     -4921.455051665                1.89e-03    4.02e-03                            2.00e-01      524.76
   2     -4921.455223612   -1.72e-04    1.14e-03    2.42e-03    2.19e-02    2.68e-02    2.00e-01      407.41
   3     -4921.455317108   -9.35e-05    9.09e-05    1.93e-04    3.32e-02    4.07e-02    2.00e-01      398.02
   4     -4921.455317425   -3.18e-07    4.01e-06    9.18e-06    2.45e-03    3.00e-03    2.00e-01      343.32
Rejecting step due to low quality: Quality: -104.394 New trust radius: 5.10483e-05
   5     -4921.455317315    1.10e-07    4.01e-06    9.18e-06    1.02e-04    1.31e-04    5.10e-05      238.19
 Geometry optimization stopped:          thresholds achieved

 Final energy:                       -4921.455317315

 ---------------------------
  Final coordinates summary 
 ---------------------------
 Total coordinates:                     13
 Bond distances:                         2
 Bond angles:                            0
 Dihedral angles:                        0
 Linear bond angles:                     2
 Out-of-plane bends:                     0
 Translations:                           9
 Rotations:                              0

 -----------
  Final XYZ 
 -----------
3
Final structure: -4921.46 hartree
Cu          -0.000001809          0.000001298         -0.000000725
Cu           0.000002207         -0.000000179          2.256983196
Cu          -0.000000398         -0.000001119         -2.256982466

 Structure in entos input format:

  structure(
    xyz = [
      ['Cu' ,         -0.000001809,          0.000001298,         -0.000000725],
      ['Cu' ,          0.000002207,         -0.000000179,          2.256983196],
      ['Cu' ,         -0.000000398,         -0.000001119,         -2.256982466]
    ]
  )

 --------------------------------
  Geometry optimization finished 
 --------------------------------
 Saving results in set 'opt'

 --------------------------------------------------------------------------------
                                 command: hessian                                
 --------------------------------------------------------------------------------

WARNING: semianalytic method is specified for dft hessian, which is not efficient. Try switching to 'method = analytic'


 -------------------------------
  Numerical Geometrical Hessian 
 -------------------------------

 Compute hessian using two-point central differentiation.
 Step size (bohr):                       0.0100

 Frequencies (including translational and rotational modes):
 mode    frequency (cm-1)
    0               34.45 i (imaginary)
    1               34.44 i (imaginary)
    2                0.51 i (imaginary)
    3                0.17 i (imaginary)
    4                0.04
    5                1.10
    6                1.44
    7              166.69
    8              270.51

 Project out translational and rotational motions 

 Degrees of freedom for translational and rotational motions: 6

 Vibrational frequencies:
 mode    frequency (cm-1)
    0               34.45 i (imaginary)
    1              166.69
    2              270.51

 --------------------------------------------------------------------------------

 End time:                               Mon Oct 25 16:13:52 2021
 Total wall-clock time:               9660.809 seconds
==================================================================================
