
================================================================================
          _____________ ________ _______________ ________     _________         
         / ___________// ______ \\_____   _____// ______ \   / ________)        
        / /_________  / /      \ \     | |     / /      \ \ | (_______          
       |  __________|| |        | |    | |    | |        | | \________ \        
        \ \_________ | |        | |    | |     \ \______/ /___________) |       
         \__________||_|        |_|    |_|      \________//____________/        
                                                                                
====================================[ Qcore ]===================================

 Git describe: 2.3.0-1-g21d9df7e5
 Compiler:     GNU 9.1.0
 Build type:   Release
 Version:      2.3.0-1-g21d9df7e5

 Start time:   Mon Oct 25 13:19:13 2021

 Data directory: /work/zw18965/.local/qcore/share/entos/qcore/data
 Number of threads: 24
 Number of threads was determined by: command line argument

 --------------------------------------------------------------------------------
                                command: optimize                                
 --------------------------------------------------------------------------------
 Using coordinate system:                tric

 -----------------------------
  Initial coordinates summary 
 -----------------------------
 Total coordinates:                     13
 Bond distances:                         2
 Bond angles:                            0
 Dihedral angles:                        0
 Linear bond angles:                     2
 Out-of-plane bends:                     0
 Translations:                           9
 Rotations:                              0
 Hessian update scheme:                  bfgs
 Initial hessian:                        model

 ------------------------------------------------------------------------------------------------------------
                   energy      change    grad rms    grad max    step rms    step max       trust    time (s)
 ------------------------------------------------------------------------------------------------------------
   1     -4921.185267975                2.57e-03    5.46e-03                            2.00e-01      248.17
   2     -4921.185604913   -3.37e-04    1.79e-03    3.79e-03    2.97e-02    3.64e-02    2.00e-01      218.21
   3     -4921.185889184   -2.84e-04    2.74e-04    5.81e-04    6.76e-02    8.28e-02    2.00e-01      208.30
   4     -4921.185893283   -4.10e-06    2.28e-05    4.84e-05    8.97e-03    1.10e-02    2.00e-01      192.78
   5     -4921.185893481   -1.98e-07    4.29e-07    9.49e-07    6.90e-04    8.45e-04    2.00e-01      142.07
 Geometry optimization stopped:          thresholds achieved

 Final energy:                       -4921.185893481

 ---------------------------
  Final coordinates summary 
 ---------------------------
 Total coordinates:                     13
 Bond distances:                         2
 Bond angles:                            0
 Dihedral angles:                        0
 Linear bond angles:                     2
 Out-of-plane bends:                     0
 Translations:                           9
 Rotations:                              0

 -----------
  Final XYZ 
 -----------
3
Final structure: -4921.19 hartree
Cu           0.000001129          0.000000599         -0.000000216
Cu          -0.000000882         -0.000001249          2.279478881
Cu          -0.000000247          0.000000650         -2.279478668

 Structure in entos input format:

  structure(
    xyz = [
      ['Cu' ,          0.000001129,          0.000000599,         -0.000000216],
      ['Cu' ,         -0.000000882,         -0.000001249,          2.279478881],
      ['Cu' ,         -0.000000247,          0.000000650,         -2.279478668]
    ]
  )

 --------------------------------
  Geometry optimization finished 
 --------------------------------
 Saving results in set 'opt'

 --------------------------------------------------------------------------------
                                 command: hessian                                
 --------------------------------------------------------------------------------

WARNING: semianalytic method is specified for dft hessian, which is not efficient. Try switching to 'method = analytic'


 -------------------------------
  Numerical Geometrical Hessian 
 -------------------------------

 Compute hessian using two-point central differentiation.
 Step size (bohr):                       0.0100

 Frequencies (including translational and rotational modes):
 mode    frequency (cm-1)
    0               81.76 i (imaginary)
    1               81.76 i (imaginary)
    2                4.96 i (imaginary)
    3                4.92 i (imaginary)
    4                0.01
    5                0.05
    6                0.08
    7              153.44
    8              261.51

 Project out translational and rotational motions 

 Degrees of freedom for translational and rotational motions: 6

 Vibrational frequencies:
 mode    frequency (cm-1)
    0               81.76 i (imaginary)
    1              153.44
    2              261.51

 --------------------------------------------------------------------------------

 End time:                               Mon Oct 25 14:40:07 2021
 Total wall-clock time:               4854.419 seconds
==================================================================================
