
================================================================================
          _____________ ________ _______________ ________     _________         
         / ___________// ______ \\_____   _____// ______ \   / ________)        
        / /_________  / /      \ \     | |     / /      \ \ | (_______          
       |  __________|| |        | |    | |    | |        | | \________ \        
        \ \_________ | |        | |    | |     \ \______/ /___________) |       
         \__________||_|        |_|    |_|      \________//____________/        
                                                                                
====================================[ Qcore ]===================================

 Git describe: 2.3.0-1-g21d9df7e5
 Compiler:     GNU 9.1.0
 Build type:   Release
 Version:      2.3.0-1-g21d9df7e5

 Start time:   Mon Oct 25 13:20:23 2021

 Data directory: /work/zw18965/.local/qcore/share/entos/qcore/data
 Number of threads: 24
 Number of threads was determined by: command line argument

 --------------------------------------------------------------------------------
                                command: optimize                                
 --------------------------------------------------------------------------------
 Using coordinate system:                tric

 -----------------------------
  Initial coordinates summary 
 -----------------------------
 Total coordinates:                     12
 Bond distances:                         3
 Bond angles:                            3
 Dihedral angles:                        0
 Linear bond angles:                     0
 Out-of-plane bends:                     0
 Translations:                           3
 Rotations:                              3
 Hessian update scheme:                  bfgs
 Initial hessian:                        model

 ------------------------------------------------------------------------------------------------------------
                   energy      change    grad rms    grad max    step rms    step max       trust    time (s)
 ------------------------------------------------------------------------------------------------------------
   1     -4921.463520921                6.68e-03    1.36e-02                            2.00e-01      642.27
   2     -4921.465119704   -1.60e-03    3.22e-03    6.29e-03    6.17e-02    1.33e-01    2.00e-01      454.55
   3     -4921.465510871   -3.91e-04    1.48e-03    3.04e-03    5.99e-02    1.25e-01    2.00e-01      488.96
   4     -4921.465551644   -4.08e-05    3.35e-04    8.05e-04    1.38e-02    3.28e-02    2.00e-01      527.32
   5     -4921.465556775   -5.13e-06    1.82e-04    4.24e-04    2.85e-03    5.57e-03    2.00e-01      489.11
   6     -4921.465560668   -3.89e-06    5.73e-05    9.52e-05    3.28e-03    7.10e-03    2.00e-01      528.60
   7     -4921.465561003   -3.35e-07    7.55e-05    1.38e-04    7.39e-04    1.52e-03    2.00e-01      459.03
   8     -4921.465560846    1.57e-07    3.72e-05    8.21e-05    2.63e-03    4.33e-03    2.00e-01      486.66
Rejecting step due to low quality: Quality: -14.6593 New trust radius: 0.000623234
   9     -4921.465559662    1.18e-06    3.72e-05    8.21e-05    1.25e-03    2.86e-03    6.23e-04      492.87
  10     -4921.465560276    5.70e-07    4.38e-06    8.41e-06    6.23e-04    1.43e-03    3.12e-04      422.47
  11     -4921.465559932    3.44e-07    8.17e-06    1.40e-05    1.71e-04    3.29e-04    3.12e-04      208.35
 Geometry optimization stopped:          thresholds achieved

 Final energy:                       -4921.465559932

 ---------------------------
  Final coordinates summary 
 ---------------------------
 Total coordinates:                     12
 Bond distances:                         3
 Bond angles:                            3
 Dihedral angles:                        0
 Linear bond angles:                     0
 Out-of-plane bends:                     0
 Translations:                           3
 Rotations:                              3

 -----------
  Final XYZ 
 -----------
3
Final structure: -4921.47 hartree
Cu          -0.000116751          1.393600889         -0.000006102
Cu           1.106305753         -0.696865899          0.000008670
Cu          -1.106189004         -0.696734984         -0.000002568

 Structure in entos input format:

  structure(
    xyz = [
      ['Cu' ,         -0.000116751,          1.393600889,         -0.000006102],
      ['Cu' ,          1.106305753,         -0.696865899,          0.000008670],
      ['Cu' ,         -1.106189004,         -0.696734984,         -0.000002568]
    ]
  )

 --------------------------------
  Geometry optimization finished 
 --------------------------------
 Saving results in set 'opt'

 --------------------------------------------------------------------------------
                                 command: hessian                                
 --------------------------------------------------------------------------------

WARNING: semianalytic method is specified for dft hessian, which is not efficient. Try switching to 'method = analytic'


 -------------------------------
  Numerical Geometrical Hessian 
 -------------------------------

 Compute hessian using two-point central differentiation.
 Step size (bohr):                       0.0100

 Frequencies (including translational and rotational modes):
 mode    frequency (cm-1)
    0              127.85 i (imaginary)
    1                0.22 i (imaginary)
    2                0.08 i (imaginary)
    3                0.25
    4               12.52
    5               13.34
    6               13.60
    7              191.07
    8              279.15

 Project out translational and rotational motions 

 Degrees of freedom for translational and rotational motions: 6

 Vibrational frequencies:
 mode    frequency (cm-1)
    0              127.85 i (imaginary)
    1              191.07
    2              279.15

 --------------------------------------------------------------------------------

 End time:                               Mon Oct 25 17:12:12 2021
 Total wall-clock time:              13909.449 seconds
==================================================================================
