
================================================================================
          _____________ ________ _______________ ________     _________         
         / ___________// ______ \\_____   _____// ______ \   / ________)        
        / /_________  / /      \ \     | |     / /      \ \ | (_______          
       |  __________|| |        | |    | |    | |        | | \________ \        
        \ \_________ | |        | |    | |     \ \______/ /___________) |       
         \__________||_|        |_|    |_|      \________//____________/        
                                                                                
====================================[ Qcore ]===================================

 Git describe: 2.3.0-1-g21d9df7e5
 Compiler:     GNU 9.1.0
 Build type:   Release
 Version:      2.3.0-1-g21d9df7e5

 Start time:   Mon Oct 25 13:13:18 2021

 Data directory: /work/zw18965/.local/qcore/share/entos/qcore/data
 Number of threads: 24
 Number of threads was determined by: command line argument

 --------------------------------------------------------------------------------
                                command: optimize                                
 --------------------------------------------------------------------------------
 Using coordinate system:                tric

 -----------------------------
  Initial coordinates summary 
 -----------------------------
 Total coordinates:                     12
 Bond distances:                         3
 Bond angles:                            3
 Dihedral angles:                        0
 Linear bond angles:                     0
 Out-of-plane bends:                     0
 Translations:                           3
 Rotations:                              3
 Hessian update scheme:                  bfgs
 Initial hessian:                        model

 ------------------------------------------------------------------------------------------------------------
                   energy      change    grad rms    grad max    step rms    step max       trust    time (s)
 ------------------------------------------------------------------------------------------------------------
   1     -4921.250890442                3.19e-03    5.50e-03                            2.00e-01      289.89
   2     -4921.251106043   -2.16e-04    1.53e-03    2.64e-03    1.84e-02    3.21e-02    2.00e-01      224.47
   3     -4921.251160977   -5.49e-05    1.20e-04    2.11e-04    1.70e-02    2.96e-02    2.00e-01      220.08
   4     -4921.251161855   -8.78e-07    4.08e-06    7.16e-06    1.24e-03    2.15e-03    2.00e-01      161.43
Rejecting step due to low quality: Quality: -234.826 New trust radius: 2.02865e-05
   5     -4921.251161754    1.01e-07    4.08e-06    7.16e-06    4.06e-05    8.19e-05    2.03e-05      131.60
 Geometry optimization stopped:          thresholds achieved

 Final energy:                       -4921.251161754

 ---------------------------
  Final coordinates summary 
 ---------------------------
 Total coordinates:                     12
 Bond distances:                         3
 Bond angles:                            3
 Dihedral angles:                        0
 Linear bond angles:                     0
 Out-of-plane bends:                     0
 Translations:                           3
 Rotations:                              3

 -----------
  Final XYZ 
 -----------
3
Final structure: -4921.25 hartree
Cu          -0.000004532          1.331303187          0.000000617
Cu           1.152729939         -0.665647508         -0.000000811
Cu          -1.152725404         -0.665654678          0.000000194

 Structure in entos input format:

  structure(
    xyz = [
      ['Cu' ,         -0.000004532,          1.331303187,          0.000000617],
      ['Cu' ,          1.152729939,         -0.665647508,         -0.000000811],
      ['Cu' ,         -1.152725404,         -0.665654678,          0.000000194]
    ]
  )

 --------------------------------
  Geometry optimization finished 
 --------------------------------
 Saving results in set 'opt'

 --------------------------------------------------------------------------------
                                 command: hessian                                
 --------------------------------------------------------------------------------

WARNING: semianalytic method is specified for dft hessian, which is not efficient. Try switching to 'method = analytic'


 -------------------------------
  Numerical Geometrical Hessian 
 -------------------------------

 Compute hessian using two-point central differentiation.
 Step size (bohr):                       0.0100

 Frequencies (including translational and rotational modes):
 mode    frequency (cm-1)
    0                7.14 i (imaginary)
    1                6.65 i (imaginary)
    2                0.35 i (imaginary)
    3                0.00
    4                0.27
    5                3.45
    6              186.80
    7              187.04
    8              268.50

 Project out translational and rotational motions 

 Degrees of freedom for translational and rotational motions: 6

 Vibrational frequencies:
 mode    frequency (cm-1)
    0              186.80
    1              187.04
    2              268.50

 --------------------------------------------------------------------------------

 End time:                               Mon Oct 25 14:31:17 2021
 Total wall-clock time:               4679.264 seconds
==================================================================================
