
================================================================================
          _____________ ________ _______________ ________     _________         
         / ___________// ______ \\_____   _____// ______ \   / ________)        
        / /_________  / /      \ \     | |     / /      \ \ | (_______          
       |  __________|| |        | |    | |    | |        | | \________ \        
        \ \_________ | |        | |    | |     \ \______/ /___________) |       
         \__________||_|        |_|    |_|      \________//____________/        
                                                                                
====================================[ Qcore ]===================================

 Git describe: 2.3.0
 Compiler:     GNU 9.1.0
 Build type:   Release
 Version:      2.3.0

 Start time:   Fri Oct 22 17:23:17 2021

 Data directory: /work/zw18965/.local/qcore/share/entos/qcore/data
 Number of threads: 24
 Number of threads was determined by: command line argument
  - More threads can be used by running 'qcore -n 32'

 --------------------------------------------------------------------------------
                                command: optimize                                
 --------------------------------------------------------------------------------
 Using coordinate system:                tric

 -----------------------------
  Initial coordinates summary 
 -----------------------------
 Total coordinates:                      7
 Bond distances:                         1
 Bond angles:                            0
 Dihedral angles:                        0
 Linear bond angles:                     0
 Out-of-plane bends:                     0
 Translations:                           6
 Rotations:                              0
 Hessian update scheme:                  bfgs
 Initial hessian:                        model

 ------------------------------------------------------------------------------------------------------------
                   energy      change    grad rms    grad max    step rms    step max       trust    time (s)
 ------------------------------------------------------------------------------------------------------------
   1      -147.573764940                4.65e-04    8.06e-04                            2.00e-01        0.68
   2      -147.573767414   -2.47e-06    1.40e-04    2.42e-04    2.36e-03    4.73e-03    2.00e-01        0.39
   3      -147.573767657   -2.43e-07    1.30e-06    2.26e-06    1.01e-03    2.02e-03    2.00e-01        0.38
Rejecting step due to low quality: Quality: -764.195 New trust radius: 4.68058e-06
   4      -147.573767641    1.63e-08    1.30e-06    2.26e-06    9.36e-06    1.87e-05    4.68e-06        0.38
 Geometry optimization stopped:          thresholds achieved

 Final energy:                        -147.573767641

 ---------------------------
  Final coordinates summary 
 ---------------------------
 Total coordinates:                      7
 Bond distances:                         1
 Bond angles:                            0
 Dihedral angles:                        0
 Linear bond angles:                     0
 Out-of-plane bends:                     0
 Translations:                           6
 Rotations:                              0

 -----------
  Final XYZ 
 -----------
2
Final structure: -147.574 hartree
Ag           0.000002598         -0.000000608          0.031760852
H           -0.000002598          0.000000608         -1.574919852

 Structure in entos input format:

  structure(
    xyz = [
      ['Ag' ,          0.000002598,         -0.000000608,          0.031760852],
      ['H'  ,         -0.000002598,          0.000000608,         -1.574919852]
    ]
  )

 --------------------------------
  Geometry optimization finished 
 --------------------------------
 Saving results in set 'opt'

 --------------------------------------------------------------------------------
                                 command: hessian                                
 --------------------------------------------------------------------------------

WARNING: semianalytic method is specified for dft hessian, which is not efficient. Try switching to 'method = analytic'


 -------------------------------
  Numerical Geometrical Hessian 
 -------------------------------

 Compute hessian using two-point central differentiation.
 Step size (bohr):                       0.0100

 Frequencies (including translational and rotational modes):
 mode    frequency (cm-1)
    0               50.05 i (imaginary)
    1               46.65 i (imaginary)
    2                0.01 i (imaginary)
    3                0.28
    4                0.36
    5             1787.42

 Project out translational and rotational motions 

 The molecule is linear

 Degrees of freedom for translational and rotational motions: 5

 Vibrational frequencies:
 mode    frequency (cm-1)
    0             1787.42

 --------------------------------------------------------------------------------

 End time:                               Fri Oct 22 17:23:24 2021
 Total wall-clock time:                  6.973 seconds
==================================================================================
