
================================================================================
          _____________ ________ _______________ ________     _________         
         / ___________// ______ \\_____   _____// ______ \   / ________)        
        / /_________  / /      \ \     | |     / /      \ \ | (_______          
       |  __________|| |        | |    | |    | |        | | \________ \        
        \ \_________ | |        | |    | |     \ \______/ /___________) |       
         \__________||_|        |_|    |_|      \________//____________/        
                                                                                
====================================[ Qcore ]===================================

 Git describe: 2.3.0
 Compiler:     GNU 9.1.0
 Build type:   Release
 Version:      2.3.0

 Start time:   Fri Oct 22 17:23:21 2021

 Data directory: /work/zw18965/.local/qcore/share/entos/qcore/data
 Number of threads: 24
 Number of threads was determined by: command line argument

 --------------------------------------------------------------------------------
                                command: optimize                                
 --------------------------------------------------------------------------------
 Using coordinate system:                tric

 -----------------------------
  Initial coordinates summary 
 -----------------------------
 Total coordinates:                      7
 Bond distances:                         1
 Bond angles:                            0
 Dihedral angles:                        0
 Linear bond angles:                     0
 Out-of-plane bends:                     0
 Translations:                           6
 Rotations:                              0
 Hessian update scheme:                  bfgs
 Initial hessian:                        model

 ------------------------------------------------------------------------------------------------------------
                   energy      change    grad rms    grad max    step rms    step max       trust    time (s)
 ------------------------------------------------------------------------------------------------------------
   1      -294.033693654                3.50e-03    6.07e-03                            2.00e-01        0.93
   2      -294.033897435   -2.04e-04    1.38e-03    2.39e-03    2.43e-02    4.86e-02    2.00e-01        0.66
   3      -294.033938060   -4.06e-05    1.22e-04    2.11e-04    1.58e-02    3.16e-02    2.00e-01        0.68
   4      -294.033938374   -3.14e-07    4.73e-06    8.19e-06    1.53e-03    3.05e-03    2.00e-01        0.64
   5      -294.033938421   -4.67e-08    1.64e-07    2.83e-07    6.17e-05    1.23e-04    2.00e-01        0.63
 Geometry optimization stopped:          thresholds achieved

 Final energy:                        -294.033938421

 ---------------------------
  Final coordinates summary 
 ---------------------------
 Total coordinates:                      7
 Bond distances:                         1
 Bond angles:                            0
 Dihedral angles:                        0
 Linear bond angles:                     0
 Out-of-plane bends:                     0
 Translations:                           6
 Rotations:                              0

 -----------
  Final XYZ 
 -----------
2
Final structure: -294.034 hartree
Ag          -0.000003652          0.000008103          1.283861307
Ag           0.000003652         -0.000008103         -1.283861307

 Structure in entos input format:

  structure(
    xyz = [
      ['Ag' ,         -0.000003652,          0.000008103,          1.283861307],
      ['Ag' ,          0.000003652,         -0.000008103,         -1.283861307]
    ]
  )

 --------------------------------
  Geometry optimization finished 
 --------------------------------
 Saving results in set 'opt'

 --------------------------------------------------------------------------------
                                 command: hessian                                
 --------------------------------------------------------------------------------

WARNING: semianalytic method is specified for dft hessian, which is not efficient. Try switching to 'method = analytic'


 -------------------------------
  Numerical Geometrical Hessian 
 -------------------------------

 Compute hessian using two-point central differentiation.
 Step size (bohr):                       0.0100

 Frequencies (including translational and rotational modes):
 mode    frequency (cm-1)
    0               17.75 i (imaginary)
    1               17.64 i (imaginary)
    2                0.01 i (imaginary)
    3                0.11
    4                0.21
    5              180.08

 Project out translational and rotational motions 

 The molecule is linear

 Degrees of freedom for translational and rotational motions: 5

 Vibrational frequencies:
 mode    frequency (cm-1)
    0              180.08

 --------------------------------------------------------------------------------

 End time:                               Fri Oct 22 17:23:33 2021
 Total wall-clock time:                 11.999 seconds
==================================================================================
