
================================================================================
          _____________ ________ _______________ ________     _________         
         / ___________// ______ \\_____   _____// ______ \   / ________)        
        / /_________  / /      \ \     | |     / /      \ \ | (_______          
       |  __________|| |        | |    | |    | |        | | \________ \        
        \ \_________ | |        | |    | |     \ \______/ /___________) |       
         \__________||_|        |_|    |_|      \________//____________/        
                                                                                
====================================[ Qcore ]===================================

 Git describe: 2.3.0
 Compiler:     GNU 9.1.0
 Build type:   Release
 Version:      2.3.0

 Start time:   Fri Oct 22 17:23:24 2021

 Data directory: /work/zw18965/.local/qcore/share/entos/qcore/data
 Number of threads: 24
 Number of threads was determined by: command line argument

 --------------------------------------------------------------------------------
                                command: optimize                                
 --------------------------------------------------------------------------------
 Using coordinate system:                tric

 -----------------------------
  Initial coordinates summary 
 -----------------------------
 Total coordinates:                     12
 Bond distances:                         3
 Bond angles:                            3
 Dihedral angles:                        0
 Linear bond angles:                     0
 Out-of-plane bends:                     0
 Translations:                           3
 Rotations:                              3
 Hessian update scheme:                  bfgs
 Initial hessian:                        model

 ------------------------------------------------------------------------------------------------------------
                   energy      change    grad rms    grad max    step rms    step max       trust    time (s)
 ------------------------------------------------------------------------------------------------------------
   1      -440.834316463                3.23e-03    5.66e-03                            2.00e-01        1.58
   2      -440.834556064   -2.40e-04    1.70e-03    2.98e-03    1.87e-02    3.26e-02    2.00e-01        1.29
   3      -440.834655205   -9.91e-05    1.36e-04    2.50e-04    2.07e-02    3.62e-02    2.00e-01        1.27
   4      -440.834655881   -6.75e-07    8.31e-06    2.03e-05    1.79e-03    3.21e-03    2.00e-01        1.22
   5      -440.834655945   -6.47e-08    3.38e-06    5.56e-06    1.09e-04    2.10e-04    2.00e-01        1.15
 Geometry optimization stopped:          thresholds achieved

 Final energy:                        -440.834655945

 ---------------------------
  Final coordinates summary 
 ---------------------------
 Total coordinates:                     12
 Bond distances:                         3
 Bond angles:                            3
 Dihedral angles:                        0
 Linear bond angles:                     0
 Out-of-plane bends:                     0
 Translations:                           3
 Rotations:                              3

 -----------
  Final XYZ 
 -----------
3
Final structure: -440.835 hartree
Ag           0.000007567          1.552237699          0.000009901
Ag           1.343306435         -0.776124180          0.000000722
Ag          -1.343314002         -0.776112519         -0.000010623

 Structure in entos input format:

  structure(
    xyz = [
      ['Ag' ,          0.000007567,          1.552237699,          0.000009901],
      ['Ag' ,          1.343306435,         -0.776124180,          0.000000722],
      ['Ag' ,         -1.343314002,         -0.776112519,         -0.000010623]
    ]
  )

 --------------------------------
  Geometry optimization finished 
 --------------------------------
 Saving results in set 'opt'

 --------------------------------------------------------------------------------
                                 command: hessian                                
 --------------------------------------------------------------------------------

WARNING: semianalytic method is specified for dft hessian, which is not efficient. Try switching to 'method = analytic'


 -------------------------------
  Numerical Geometrical Hessian 
 -------------------------------

 Compute hessian using two-point central differentiation.
 Step size (bohr):                       0.0100

 Frequencies (including translational and rotational modes):
 mode    frequency (cm-1)
    0                7.43 i (imaginary)
    1                7.17 i (imaginary)
    2                6.69 i (imaginary)
    3                0.00 i (imaginary)
    4                0.02
    5                0.18
    6              118.06
    7              118.50
    8              174.55

 Project out translational and rotational motions 

 Degrees of freedom for translational and rotational motions: 6

 Vibrational frequencies:
 mode    frequency (cm-1)
    0              118.06
    1              118.50
    2              174.55

 --------------------------------------------------------------------------------

 End time:                               Fri Oct 22 17:23:54 2021
 Total wall-clock time:                 29.593 seconds
==================================================================================
