
================================================================================
          _____________ ________ _______________ ________     _________         
         / ___________// ______ \\_____   _____// ______ \   / ________)        
        / /_________  / /      \ \     | |     / /      \ \ | (_______          
       |  __________|| |        | |    | |    | |        | | \________ \        
        \ \_________ | |        | |    | |     \ \______/ /___________) |       
         \__________||_|        |_|    |_|      \________//____________/        
                                                                                
====================================[ Qcore ]===================================

 Git describe: 2.3.0
 Compiler:     GNU 9.1.0
 Build type:   Release
 Version:      2.3.0

 Start time:   Fri Oct 22 17:23:28 2021

 Data directory: /work/zw18965/.local/qcore/share/entos/qcore/data
 Number of threads: 24
 Number of threads was determined by: command line argument
  - More threads can be used by running 'qcore -n 32'

 --------------------------------------------------------------------------------
                                command: optimize                                
 --------------------------------------------------------------------------------
 Using coordinate system:                tric

 -----------------------------
  Initial coordinates summary 
 -----------------------------
 Total coordinates:                     13
 Bond distances:                         2
 Bond angles:                            0
 Dihedral angles:                        0
 Linear bond angles:                     2
 Out-of-plane bends:                     0
 Translations:                           9
 Rotations:                              0
 Hessian update scheme:                  bfgs
 Initial hessian:                        model

 ------------------------------------------------------------------------------------------------------------
                   energy      change    grad rms    grad max    step rms    step max       trust    time (s)
 ------------------------------------------------------------------------------------------------------------
   1      -441.049717826                1.93e-03    4.08e-03                            2.00e-01        1.54
   2      -441.049896949   -1.79e-04    1.18e-03    2.51e-03    2.22e-02    2.72e-02    2.00e-01        1.15
   3      -441.050012743   -1.16e-04    8.97e-05    1.90e-04    3.54e-02    4.33e-02    2.00e-01        1.23
   4      -441.050013356   -6.13e-07    4.85e-06    1.05e-05    2.91e-03    3.56e-03    2.00e-01        1.12
   5      -441.050013525   -1.69e-07    2.09e-07    4.92e-07    1.66e-04    2.05e-04    2.00e-01        1.02
 Geometry optimization stopped:          thresholds achieved

 Final energy:                        -441.050013525

 ---------------------------
  Final coordinates summary 
 ---------------------------
 Total coordinates:                     13
 Bond distances:                         2
 Bond angles:                            0
 Dihedral angles:                        0
 Linear bond angles:                     2
 Out-of-plane bends:                     0
 Translations:                           9
 Rotations:                              0

 -----------
  Final XYZ 
 -----------
3
Final structure: -441.05 hartree
Ag           0.000003464         -0.000005457          0.000000168
Ag          -0.000002019          0.000004872          2.631863345
Ag          -0.000001445          0.000000584         -2.631863513

 Structure in entos input format:

  structure(
    xyz = [
      ['Ag' ,          0.000003464,         -0.000005457,          0.000000168],
      ['Ag' ,         -0.000002019,          0.000004872,          2.631863345],
      ['Ag' ,         -0.000001445,          0.000000584,         -2.631863513]
    ]
  )

 --------------------------------
  Geometry optimization finished 
 --------------------------------
 Saving results in set 'opt'

 --------------------------------------------------------------------------------
                                 command: hessian                                
 --------------------------------------------------------------------------------

WARNING: semianalytic method is specified for dft hessian, which is not efficient. Try switching to 'method = analytic'


 -------------------------------
  Numerical Geometrical Hessian 
 -------------------------------

 Compute hessian using two-point central differentiation.
 Step size (bohr):                       0.0100

 Frequencies (including translational and rotational modes):
 mode    frequency (cm-1)
    0               20.73 i (imaginary)
    1               20.70 i (imaginary)
    2                8.63 i (imaginary)
    3                8.63 i (imaginary)
    4                0.01 i (imaginary)
    5                0.03
    6                0.04
    7              111.21
    8              180.93

 Project out translational and rotational motions 

 Degrees of freedom for translational and rotational motions: 6

 Vibrational frequencies:
 mode    frequency (cm-1)
    0               20.72 i (imaginary)
    1              111.21
    2              180.93

 --------------------------------------------------------------------------------

 End time:                               Fri Oct 22 17:23:56 2021
 Total wall-clock time:                 27.860 seconds
==================================================================================
