
================================================================================
          _____________ ________ _______________ ________     _________         
         / ___________// ______ \\_____   _____// ______ \   / ________)        
        / /_________  / /      \ \     | |     / /      \ \ | (_______          
       |  __________|| |        | |    | |    | |        | | \________ \        
        \ \_________ | |        | |    | |     \ \______/ /___________) |       
         \__________||_|        |_|    |_|      \________//____________/        
                                                                                
====================================[ Qcore ]===================================

 Git describe: 2.3.0
 Compiler:     GNU 9.1.0
 Build type:   Release
 Version:      2.3.0

 Start time:   Fri Oct 22 17:23:27 2021

 Data directory: /work/zw18965/.local/qcore/share/entos/qcore/data
 Number of threads: 24
 Number of threads was determined by: command line argument
  - More threads can be used by running 'qcore -n 32'

 --------------------------------------------------------------------------------
                                command: optimize                                
 --------------------------------------------------------------------------------
 Using coordinate system:                tric

 -----------------------------
  Initial coordinates summary 
 -----------------------------
 Total coordinates:                     13
 Bond distances:                         2
 Bond angles:                            0
 Dihedral angles:                        0
 Linear bond angles:                     2
 Out-of-plane bends:                     0
 Translations:                           9
 Rotations:                              0
 Hessian update scheme:                  bfgs
 Initial hessian:                        model

 ------------------------------------------------------------------------------------------------------------
                   energy      change    grad rms    grad max    step rms    step max       trust    time (s)
 ------------------------------------------------------------------------------------------------------------
   1      -440.787080713                1.68e-03    3.57e-03                            2.00e-01        1.63
   2      -440.787223415   -1.43e-04    1.16e-03    2.46e-03    1.94e-02    2.38e-02    2.00e-01        1.24
   3      -440.787364894   -1.41e-04    1.02e-04    2.17e-04    4.32e-02    5.29e-02    2.00e-01        1.22
   4      -440.787366386   -1.49e-06    7.32e-06    1.57e-05    4.17e-03    5.11e-03    2.00e-01        1.21
   5      -440.787367529   -1.14e-06    1.20e-06    2.72e-06    3.22e-04    3.96e-04    2.00e-01        1.10
Rejecting step due to low quality: Quality: -8097.64 New trust radius: 2.23946e-05
   6      -440.787366412    1.12e-06    1.20e-06    2.72e-06    4.48e-05    5.64e-05    2.24e-05        1.13
   7      -440.787366971    5.59e-07    7.06e-08    1.47e-07    2.24e-05    2.82e-05    1.12e-05        1.10
 Geometry optimization stopped:          thresholds achieved

 Final energy:                        -440.787366971

 ---------------------------
  Final coordinates summary 
 ---------------------------
 Total coordinates:                     13
 Bond distances:                         2
 Bond angles:                            0
 Dihedral angles:                        0
 Linear bond angles:                     2
 Out-of-plane bends:                     0
 Translations:                           9
 Rotations:                              0

 -----------
  Final XYZ 
 -----------
3
Final structure: -440.787 hartree
Ag           0.000002037         -0.000000144         -0.000000159
Ag           0.000001106          0.000000544          2.672796292
Ag          -0.000003144         -0.000000400         -2.672796133

 Structure in entos input format:

  structure(
    xyz = [
      ['Ag' ,          0.000002037,         -0.000000144,         -0.000000159],
      ['Ag' ,          0.000001106,          0.000000544,          2.672796292],
      ['Ag' ,         -0.000003144,         -0.000000400,         -2.672796133]
    ]
  )

 --------------------------------
  Geometry optimization finished 
 --------------------------------
 Saving results in set 'opt'

 --------------------------------------------------------------------------------
                                 command: hessian                                
 --------------------------------------------------------------------------------

WARNING: semianalytic method is specified for dft hessian, which is not efficient. Try switching to 'method = analytic'


 -------------------------------
  Numerical Geometrical Hessian 
 -------------------------------

 Compute hessian using two-point central differentiation.
 Step size (bohr):                       0.0100

 Frequencies (including translational and rotational modes):
 mode    frequency (cm-1)
    0               45.05 i (imaginary)
    1               45.04 i (imaginary)
    2                8.08 i (imaginary)
    3                8.00 i (imaginary)
    4                0.00
    5                0.04
    6                0.09
    7               97.70
    8              164.45

 Project out translational and rotational motions 

 Degrees of freedom for translational and rotational motions: 6

 Vibrational frequencies:
 mode    frequency (cm-1)
    0               45.04 i (imaginary)
    1               97.70
    2              164.45

 --------------------------------------------------------------------------------

 End time:                               Fri Oct 22 17:23:58 2021
 Total wall-clock time:                 31.133 seconds
==================================================================================
