
================================================================================
          _____________ ________ _______________ ________     _________         
         / ___________// ______ \\_____   _____// ______ \   / ________)        
        / /_________  / /      \ \     | |     / /      \ \ | (_______          
       |  __________|| |        | |    | |    | |        | | \________ \        
        \ \_________ | |        | |    | |     \ \______/ /___________) |       
         \__________||_|        |_|    |_|      \________//____________/        
                                                                                
====================================[ Qcore ]===================================

 Git describe: 2.3.0
 Compiler:     GNU 9.1.0
 Build type:   Release
 Version:      2.3.0

 Start time:   Fri Oct 22 17:23:35 2021

 Data directory: /work/zw18965/.local/qcore/share/entos/qcore/data
 Number of threads: 24
 Number of threads was determined by: command line argument
  - More threads can be used by running 'qcore -n 32'

 --------------------------------------------------------------------------------
                                command: optimize                                
 --------------------------------------------------------------------------------
 Using coordinate system:                tric

 -----------------------------
  Initial coordinates summary 
 -----------------------------
 Total coordinates:                      7
 Bond distances:                         1
 Bond angles:                            0
 Dihedral angles:                        0
 Linear bond angles:                     0
 Out-of-plane bends:                     0
 Translations:                           6
 Rotations:                              0
 Hessian update scheme:                  bfgs
 Initial hessian:                        model

 ------------------------------------------------------------------------------------------------------------
                   energy      change    grad rms    grad max    step rms    step max       trust    time (s)
 ------------------------------------------------------------------------------------------------------------
   1      -235.537222649                4.40e-03    7.62e-03                            2.00e-01        0.83
   2      -235.537350323   -1.28e-04    1.54e-03    2.68e-03    1.24e-02    2.48e-02    2.00e-01        0.48
   3      -235.537369394   -1.91e-05    9.86e-05    1.71e-04    6.72e-03    1.34e-02    2.00e-01        0.48
Rejecting step due to low quality: Quality: -1.23249 New trust radius: 0.000228882
   4      -235.537369298    9.63e-08    9.86e-05    1.71e-04    4.58e-04    9.16e-04    2.29e-04        0.48
 Geometry optimization stopped:          thresholds achieved

 Final energy:                        -235.537369298

 ---------------------------
  Final coordinates summary 
 ---------------------------
 Total coordinates:                      7
 Bond distances:                         1
 Bond angles:                            0
 Dihedral angles:                        0
 Linear bond angles:                     0
 Out-of-plane bends:                     0
 Translations:                           6
 Rotations:                              0

 -----------
  Final XYZ 
 -----------
2
Final structure: -235.537 hartree
Au           0.000004224         -0.000010820          0.206976550
F           -0.000004224          0.000010820         -1.738054550

 Structure in entos input format:

  structure(
    xyz = [
      ['Au' ,          0.000004224,         -0.000010820,          0.206976550],
      ['F'  ,         -0.000004224,          0.000010820,         -1.738054550]
    ]
  )

 --------------------------------
  Geometry optimization finished 
 --------------------------------
 Saving results in set 'opt'

 --------------------------------------------------------------------------------
                                 command: hessian                                
 --------------------------------------------------------------------------------

WARNING: semianalytic method is specified for dft hessian, which is not efficient. Try switching to 'method = analytic'


 -------------------------------
  Numerical Geometrical Hessian 
 -------------------------------

 Compute hessian using two-point central differentiation.
 Step size (bohr):                       0.0100

 Frequencies (including translational and rotational modes):
 mode    frequency (cm-1)
    0                0.08 i (imaginary)
    1                0.03 i (imaginary)
    2                0.00 i (imaginary)
    3               63.60
    4               63.75
    5              527.28

 Project out translational and rotational motions 

 The molecule is linear

 Degrees of freedom for translational and rotational motions: 5

 Vibrational frequencies:
 mode    frequency (cm-1)
    0              527.28

 --------------------------------------------------------------------------------

 End time:                               Fri Oct 22 17:23:44 2021
 Total wall-clock time:                  8.631 seconds
==================================================================================
