
================================================================================
          _____________ ________ _______________ ________     _________         
         / ___________// ______ \\_____   _____// ______ \   / ________)        
        / /_________  / /      \ \     | |     / /      \ \ | (_______          
       |  __________|| |        | |    | |    | |        | | \________ \        
        \ \_________ | |        | |    | |     \ \______/ /___________) |       
         \__________||_|        |_|    |_|      \________//____________/        
                                                                                
====================================[ Qcore ]===================================

 Git describe: 2.3.0
 Compiler:     GNU 9.1.0
 Build type:   Release
 Version:      2.3.0

 Start time:   Fri Oct 22 17:23:36 2021

 Data directory: /work/zw18965/.local/qcore/share/entos/qcore/data
 Number of threads: 24
 Number of threads was determined by: command line argument
  - More threads can be used by running 'qcore -n 32'

 --------------------------------------------------------------------------------
                                command: optimize                                
 --------------------------------------------------------------------------------
 Using coordinate system:                tric

 -----------------------------
  Initial coordinates summary 
 -----------------------------
 Total coordinates:                      7
 Bond distances:                         1
 Bond angles:                            0
 Dihedral angles:                        0
 Linear bond angles:                     0
 Out-of-plane bends:                     0
 Translations:                           6
 Rotations:                              0
 Hessian update scheme:                  bfgs
 Initial hessian:                        model

 ------------------------------------------------------------------------------------------------------------
                   energy      change    grad rms    grad max    step rms    step max       trust    time (s)
 ------------------------------------------------------------------------------------------------------------
   1      -136.363277379                3.16e-03    5.47e-03                            2.00e-01        0.69
   2      -136.363349857   -7.25e-05    5.28e-04    9.15e-04    1.14e-02    2.29e-02    2.00e-01        0.39
   3      -136.363352043   -2.19e-06    1.89e-05    3.27e-05    2.30e-03    4.59e-03    2.00e-01        0.40
Rejecting step due to low quality: Quality: -129.884 New trust radius: 4.25452e-05
   4      -136.363351682    3.61e-07    1.89e-05    3.27e-05    8.51e-05    1.70e-04    4.25e-05        0.39
 Geometry optimization stopped:          thresholds achieved

 Final energy:                        -136.363351682

 ---------------------------
  Final coordinates summary 
 ---------------------------
 Total coordinates:                      7
 Bond distances:                         1
 Bond angles:                            0
 Dihedral angles:                        0
 Linear bond angles:                     0
 Out-of-plane bends:                     0
 Translations:                           6
 Rotations:                              0

 -----------
  Final XYZ 
 -----------
2
Final structure: -136.363 hartree
Au          -0.000000218          0.000000479          0.026299242
H            0.000000218         -0.000000479         -1.510956242

 Structure in entos input format:

  structure(
    xyz = [
      ['Au' ,         -0.000000218,          0.000000479,          0.026299242],
      ['H'  ,          0.000000218,         -0.000000479,         -1.510956242]
    ]
  )

 --------------------------------
  Geometry optimization finished 
 --------------------------------
 Saving results in set 'opt'

 --------------------------------------------------------------------------------
                                 command: hessian                                
 --------------------------------------------------------------------------------

WARNING: semianalytic method is specified for dft hessian, which is not efficient. Try switching to 'method = analytic'


 -------------------------------
  Numerical Geometrical Hessian 
 -------------------------------

 Compute hessian using two-point central differentiation.
 Step size (bohr):                       0.0100

 Frequencies (including translational and rotational modes):
 mode    frequency (cm-1)
    0                0.01 i (imaginary)
    1                0.00 i (imaginary)
    2                0.00 i (imaginary)
    3               66.25
    4               66.61
    5             2243.23

 Project out translational and rotational motions 

 The molecule is linear

 Degrees of freedom for translational and rotational motions: 5

 Vibrational frequencies:
 mode    frequency (cm-1)
    0             2243.23

 --------------------------------------------------------------------------------

 End time:                               Fri Oct 22 17:23:43 2021
 Total wall-clock time:                  7.134 seconds
==================================================================================
