
================================================================================
          _____________ ________ _______________ ________     _________         
         / ___________// ______ \\_____   _____// ______ \   / ________)        
        / /_________  / /      \ \     | |     / /      \ \ | (_______          
       |  __________|| |        | |    | |    | |        | | \________ \        
        \ \_________ | |        | |    | |     \ \______/ /___________) |       
         \__________||_|        |_|    |_|      \________//____________/        
                                                                                
====================================[ Qcore ]===================================

 Git describe: 2.3.0
 Compiler:     GNU 9.1.0
 Build type:   Release
 Version:      2.3.0

 Start time:   Fri Oct 22 17:23:36 2021

 Data directory: /work/zw18965/.local/qcore/share/entos/qcore/data
 Number of threads: 24
 Number of threads was determined by: command line argument
  - More threads can be used by running 'qcore -n 32'

 --------------------------------------------------------------------------------
                                command: optimize                                
 --------------------------------------------------------------------------------
 Using coordinate system:                tric

 -----------------------------
  Initial coordinates summary 
 -----------------------------
 Total coordinates:                      7
 Bond distances:                         1
 Bond angles:                            0
 Dihedral angles:                        0
 Linear bond angles:                     0
 Out-of-plane bends:                     0
 Translations:                           6
 Rotations:                              0
 Hessian update scheme:                  bfgs
 Initial hessian:                        model

 ------------------------------------------------------------------------------------------------------------
                   energy      change    grad rms    grad max    step rms    step max       trust    time (s)
 ------------------------------------------------------------------------------------------------------------
   1      -271.577341782                5.70e-03    9.87e-03                            2.00e-01        0.95
   2      -271.577723319   -3.82e-04    5.67e-05    9.82e-05    3.95e-02    7.90e-02    2.00e-01        0.72
   3      -271.577723386   -6.69e-08    5.44e-06    9.42e-06    3.97e-04    7.93e-04    2.00e-01        0.73
 Geometry optimization stopped:          thresholds achieved

 Final energy:                        -271.577723386

 ---------------------------
  Final coordinates summary 
 ---------------------------
 Total coordinates:                      7
 Bond distances:                         1
 Bond angles:                            0
 Dihedral angles:                        0
 Linear bond angles:                     0
 Out-of-plane bends:                     0
 Translations:                           6
 Rotations:                              0

 -----------
  Final XYZ 
 -----------
2
Final structure: -271.578 hartree
Au           0.000002210          0.000002210          1.260642446
Au          -0.000002210         -0.000002210         -1.260642446

 Structure in entos input format:

  structure(
    xyz = [
      ['Au' ,          0.000002210,          0.000002210,          1.260642446],
      ['Au' ,         -0.000002210,         -0.000002210,         -1.260642446]
    ]
  )

 --------------------------------
  Geometry optimization finished 
 --------------------------------
 Saving results in set 'opt'

 --------------------------------------------------------------------------------
                                 command: hessian                                
 --------------------------------------------------------------------------------

WARNING: semianalytic method is specified for dft hessian, which is not efficient. Try switching to 'method = analytic'


 -------------------------------
  Numerical Geometrical Hessian 
 -------------------------------

 Compute hessian using two-point central differentiation.
 Step size (bohr):                       0.0100

 Frequencies (including translational and rotational modes):
 mode    frequency (cm-1)
    0               13.71 i (imaginary)
    1               13.71 i (imaginary)
    2                0.00 i (imaginary)
    3                0.01
    4                0.07
    5              173.09

 Project out translational and rotational motions 

 The molecule is linear

 Degrees of freedom for translational and rotational motions: 5

 Vibrational frequencies:
 mode    frequency (cm-1)
    0              173.09

 --------------------------------------------------------------------------------

 End time:                               Fri Oct 22 17:23:49 2021
 Total wall-clock time:                 12.105 seconds
==================================================================================
