
================================================================================
          _____________ ________ _______________ ________     _________         
         / ___________// ______ \\_____   _____// ______ \   / ________)        
        / /_________  / /      \ \     | |     / /      \ \ | (_______          
       |  __________|| |        | |    | |    | |        | | \________ \        
        \ \_________ | |        | |    | |     \ \______/ /___________) |       
         \__________||_|        |_|    |_|      \________//____________/        
                                                                                
====================================[ Qcore ]===================================

 Git describe: 2.3.0
 Compiler:     GNU 9.1.0
 Build type:   Release
 Version:      2.3.0

 Start time:   Fri Oct 22 17:23:40 2021

 Data directory: /work/zw18965/.local/qcore/share/entos/qcore/data
 Number of threads: 24
 Number of threads was determined by: command line argument

 --------------------------------------------------------------------------------
                                command: optimize                                
 --------------------------------------------------------------------------------
 Using coordinate system:                tric

 -----------------------------
  Initial coordinates summary 
 -----------------------------
 Total coordinates:                     12
 Bond distances:                         3
 Bond angles:                            3
 Dihedral angles:                        0
 Linear bond angles:                     0
 Out-of-plane bends:                     0
 Translations:                           3
 Rotations:                              3
 Hessian update scheme:                  bfgs
 Initial hessian:                        model

 ------------------------------------------------------------------------------------------------------------
                   energy      change    grad rms    grad max    step rms    step max       trust    time (s)
 ------------------------------------------------------------------------------------------------------------
   1      -407.110403589                5.05e-03    8.63e-03                            2.00e-01        1.68
   2      -407.110851524   -4.48e-04    9.63e-04    1.62e-03    2.91e-02    5.16e-02    2.00e-01        1.50
   3      -407.110869501   -1.80e-05    7.39e-05    1.24e-04    6.88e-03    1.25e-02    2.00e-01        1.52
   4      -407.110869868   -3.67e-07    4.26e-06    7.30e-06    5.78e-04    1.17e-03    2.00e-01        1.47
 Geometry optimization stopped:          thresholds achieved

 Final energy:                        -407.110869868

 ---------------------------
  Final coordinates summary 
 ---------------------------
 Total coordinates:                     12
 Bond distances:                         3
 Bond angles:                            3
 Dihedral angles:                        0
 Linear bond angles:                     0
 Out-of-plane bends:                     0
 Translations:                           3
 Rotations:                              3

 -----------
  Final XYZ 
 -----------
3
Final structure: -407.111 hartree
Au           0.000011703          1.520184227          0.000009448
Au           1.317499530         -0.760101460         -0.000010044
Au          -1.317511233         -0.760082767          0.000000595

 Structure in entos input format:

  structure(
    xyz = [
      ['Au' ,          0.000011703,          1.520184227,          0.000009448],
      ['Au' ,          1.317499530,         -0.760101460,         -0.000010044],
      ['Au' ,         -1.317511233,         -0.760082767,          0.000000595]
    ]
  )

 --------------------------------
  Geometry optimization finished 
 --------------------------------
 Saving results in set 'opt'

 --------------------------------------------------------------------------------
                                 command: hessian                                
 --------------------------------------------------------------------------------

WARNING: semianalytic method is specified for dft hessian, which is not efficient. Try switching to 'method = analytic'


 -------------------------------
  Numerical Geometrical Hessian 
 -------------------------------

 Compute hessian using two-point central differentiation.
 Step size (bohr):                       0.0100

 Frequencies (including translational and rotational modes):
 mode    frequency (cm-1)
    0               11.74 i (imaginary)
    1               10.26 i (imaginary)
    2                1.82 i (imaginary)
    3                0.01 i (imaginary)
    4                0.05
    5                0.25
    6              110.17
    7              111.44
    8              171.97

 Project out translational and rotational motions 

 Degrees of freedom for translational and rotational motions: 6

 Vibrational frequencies:
 mode    frequency (cm-1)
    0              110.17
    1              111.44
    2              171.97

 --------------------------------------------------------------------------------

 End time:                               Fri Oct 22 17:24:15 2021
 Total wall-clock time:                 34.667 seconds
==================================================================================
