
================================================================================
          _____________ ________ _______________ ________     _________         
         / ___________// ______ \\_____   _____// ______ \   / ________)        
        / /_________  / /      \ \     | |     / /      \ \ | (_______          
       |  __________|| |        | |    | |    | |        | | \________ \        
        \ \_________ | |        | |    | |     \ \______/ /___________) |       
         \__________||_|        |_|    |_|      \________//____________/        
                                                                                
====================================[ Qcore ]===================================

 Git describe: 2.3.0
 Compiler:     GNU 9.1.0
 Build type:   Release
 Version:      2.3.0

 Start time:   Fri Oct 22 17:23:47 2021

 Data directory: /work/zw18965/.local/qcore/share/entos/qcore/data
 Number of threads: 24
 Number of threads was determined by: command line argument
  - More threads can be used by running 'qcore -n 32'

 --------------------------------------------------------------------------------
                                command: optimize                                
 --------------------------------------------------------------------------------
 Using coordinate system:                tric

 -----------------------------
  Initial coordinates summary 
 -----------------------------
 Total coordinates:                     13
 Bond distances:                         2
 Bond angles:                            0
 Dihedral angles:                        0
 Linear bond angles:                     2
 Out-of-plane bends:                     0
 Translations:                           9
 Rotations:                              0
 Hessian update scheme:                  bfgs
 Initial hessian:                        model

 ------------------------------------------------------------------------------------------------------------
                   energy      change    grad rms    grad max    step rms    step max       trust    time (s)
 ------------------------------------------------------------------------------------------------------------
   1      -407.369297146                2.53e-03    5.36e-03                            2.00e-01        1.79
Failed to converge
Failed to converge
Failed to converge
Failed to converge
Failed to converge
Failed to converge
Failed to converge
   2      -407.369552653   -2.56e-04    8.58e-04    1.82e-03    2.92e-02    3.57e-02    2.00e-01        1.42
   3      -407.369586651   -3.40e-05    6.09e-05    1.32e-04    1.50e-02    1.84e-02    2.00e-01        1.36
Failed to converge
Failed to converge
Failed to converge
Failed to converge
Failed to converge
   4      -407.369586988   -3.37e-07    1.46e-06    3.54e-06    1.15e-03    1.43e-03    2.00e-01        1.31
Failed to converge
Failed to converge
Failed to converge
Failed to converge
Failed to converge
   5      -407.369644395   -5.74e-05    2.37e-04    5.71e-04    2.63e-05    3.78e-05    2.00e-01        1.32
Rejecting step due to low quality: Quality: -11918 New trust radius: 2.47237e-05
   6      -407.369586938    5.75e-05    2.37e-04    5.71e-04    4.94e-05    9.21e-05    2.47e-05        1.34
   7      -407.369586938    5.75e-05    1.87e-06    4.25e-06    2.47e-05    4.60e-05    1.23e-05        1.25
Failed to converge
Failed to converge
Failed to converge
Failed to converge
Failed to converge
   8      -407.369586939   -1.90e-10    1.29e-06    2.84e-06    1.24e-05    1.96e-05    1.74e-05        1.22
 Geometry optimization stopped:          thresholds achieved

 Final energy:                        -407.369586939

 ---------------------------
  Final coordinates summary 
 ---------------------------
 Total coordinates:                     13
 Bond distances:                         2
 Bond angles:                            0
 Dihedral angles:                        0
 Linear bond angles:                     2
 Out-of-plane bends:                     0
 Translations:                           9
 Rotations:                              0

 -----------
  Final XYZ 
 -----------
3
Final structure: -407.37 hartree
Au          -0.000006984         -0.000000910          0.000006518
Au           0.000008266          0.000000907          2.576805878
Au          -0.000001283          0.000000003         -2.576812396

 Structure in entos input format:

  structure(
    xyz = [
      ['Au' ,         -0.000006984,         -0.000000910,          0.000006518],
      ['Au' ,          0.000008266,          0.000000907,          2.576805878],
      ['Au' ,         -0.000001283,          0.000000003,         -2.576812396]
    ]
  )

 --------------------------------
  Geometry optimization finished 
 --------------------------------
 Saving results in set 'opt'

 --------------------------------------------------------------------------------
                                 command: hessian                                
 --------------------------------------------------------------------------------

WARNING: semianalytic method is specified for dft hessian, which is not efficient. Try switching to 'method = analytic'

Failed to converge
Failed to converge
Failed to converge
Failed to converge
Failed to converge

 -------------------------------
  Numerical Geometrical Hessian 
 -------------------------------

 Compute hessian using two-point central differentiation.
 Step size (bohr):                       0.0100

 Frequencies (including translational and rotational modes):
 mode    frequency (cm-1)
    0               51.53 i (imaginary)
    1               51.50 i (imaginary)
    2                9.59 i (imaginary)
    3                9.55 i (imaginary)
    4                0.01
    5                0.02
    6                0.04
    7              109.61
    8              174.13

 Project out translational and rotational motions 

 Degrees of freedom for translational and rotational motions: 6

 Vibrational frequencies:
 mode    frequency (cm-1)
    0               51.50 i (imaginary)
    1              109.61
    2              174.13

 --------------------------------------------------------------------------------

 End time:                               Fri Oct 22 17:24:25 2021
 Total wall-clock time:                 37.987 seconds
==================================================================================
