
================================================================================
          _____________ ________ _______________ ________     _________         
         / ___________// ______ \\_____   _____// ______ \   / ________)        
        / /_________  / /      \ \     | |     / /      \ \ | (_______          
       |  __________|| |        | |    | |    | |        | | \________ \        
        \ \_________ | |        | |    | |     \ \______/ /___________) |       
         \__________||_|        |_|    |_|      \________//____________/        
                                                                                
====================================[ Qcore ]===================================

 Git describe: 2.3.0-3-g778a55bfd
 Compiler:     GNU 9.3.0
 Build type:   Release
 Version:      2.3.0-3-g778a55bfd

 Start time:   Tue Nov  2 10:13:10 2021

 Data directory: /mnt/storage/home/zw18965/.local/qcore/share/entos/qcore/data
 Number of threads: 28
 Number of threads was determined by: command line argument

 --------------------------------------------------------------------------------
                                command: optimize                                
 --------------------------------------------------------------------------------
 Using coordinate system:                tric

 -----------------------------
  Initial coordinates summary 
 -----------------------------
 Total coordinates:                      7
 Bond distances:                         1
 Bond angles:                            0
 Dihedral angles:                        0
 Linear bond angles:                     0
 Out-of-plane bends:                     0
 Translations:                           6
 Rotations:                              0
 Hessian update scheme:                  bfgs
 Initial hessian:                        model

 ------------------------------------------------------------------------------------------------------------
                   energy      change    grad rms    grad max    step rms    step max       trust    time (s)
 ------------------------------------------------------------------------------------------------------------
   1     -1640.847762206                2.68e-03    4.64e-03                            2.00e-01       25.23
   2     -1640.847815288   -5.31e-05    1.41e-03    2.44e-03    7.51e-03    1.50e-02    2.00e-01        3.23
   3     -1640.847836457   -2.12e-05    5.37e-05    9.30e-05    8.33e-03    1.67e-02    2.00e-01        3.96
Rejecting step due to low quality: Quality: -3.55157 New trust radius: 0.000164899
   4     -1640.847836348    1.09e-07    5.37e-05    9.30e-05    3.30e-04    6.60e-04    1.65e-04        4.88
 Geometry optimization stopped:          thresholds achieved

 Final energy:                       -1640.847836348

 ---------------------------
  Final coordinates summary 
 ---------------------------
 Total coordinates:                      7
 Bond distances:                         1
 Bond angles:                            0
 Dihedral angles:                        0
 Linear bond angles:                     0
 Out-of-plane bends:                     0
 Translations:                           6
 Rotations:                              0

 -----------
  Final XYZ 
 -----------
2
Final structure: -1640.85 hartree
Cu          -0.000001564          0.000000366          0.056892924
H            0.000001564         -0.000000366         -1.415249924

 Structure in entos input format:

  structure(
    xyz = [
      ['Cu' ,         -0.000001564,          0.000000366,          0.056892924],
      ['H'  ,          0.000001564,         -0.000000366,         -1.415249924]
    ]
  )

 --------------------------------
  Geometry optimization finished 
 --------------------------------
 Saving results in set 'opt'

 --------------------------------------------------------------------------------
                                 command: hessian                                
 --------------------------------------------------------------------------------

WARNING: semianalytic method is specified for dft hessian, which is not efficient. Try switching to 'method = analytic'


 -------------------------------
  Numerical Geometrical Hessian 
 -------------------------------

 Compute hessian using two-point central differentiation.
 Step size (bohr):                       0.0100

 Frequencies (including translational and rotational modes):
 mode    frequency (cm-1)
    0               45.64 i (imaginary)
    1               44.06 i (imaginary)
    2                0.01
    3                0.21
    4                0.34
    5             1917.89

 Project out translational and rotational motions 

 The molecule is linear

 Degrees of freedom for translational and rotational motions: 5

 Vibrational frequencies:
 mode    frequency (cm-1)
    0             1917.89

 --------------------------------------------------------------------------------

 End time:                               Tue Nov  2 10:15:43 2021
 Total wall-clock time:                153.389 seconds
==================================================================================
