
================================================================================
          _____________ ________ _______________ ________     _________         
         / ___________// ______ \\_____   _____// ______ \   / ________)        
        / /_________  / /      \ \     | |     / /      \ \ | (_______          
       |  __________|| |        | |    | |    | |        | | \________ \        
        \ \_________ | |        | |    | |     \ \______/ /___________) |       
         \__________||_|        |_|    |_|      \________//____________/        
                                                                                
====================================[ Qcore ]===================================

 Git describe: 2.3.0
 Compiler:     GNU 9.1.0
 Build type:   Release
 Version:      2.3.0

 Start time:   Fri Oct 22 17:23:51 2021

 Data directory: /work/zw18965/.local/qcore/share/entos/qcore/data
 Number of threads: 24
 Number of threads was determined by: command line argument
  - More threads can be used by running 'qcore -n 32'

 --------------------------------------------------------------------------------
                                command: optimize                                
 --------------------------------------------------------------------------------
 Using coordinate system:                tric

 -----------------------------
  Initial coordinates summary 
 -----------------------------
 Total coordinates:                      7
 Bond distances:                         1
 Bond angles:                            0
 Dihedral angles:                        0
 Linear bond angles:                     0
 Out-of-plane bends:                     0
 Translations:                           6
 Rotations:                              0
 Hessian update scheme:                  bfgs
 Initial hessian:                        model

 ------------------------------------------------------------------------------------------------------------
                   energy      change    grad rms    grad max    step rms    step max       trust    time (s)
 ------------------------------------------------------------------------------------------------------------
   1     -1740.076003403                4.27e-03    7.40e-03                            2.00e-01        0.69
   2     -1740.076081143   -7.77e-05    2.68e-03    4.65e-03    6.43e-03    1.29e-02    2.00e-01        0.32
   3     -1740.076133092   -5.19e-05    9.43e-05    1.63e-04    1.09e-02    2.18e-02    2.00e-01        0.30
Rejecting step due to low quality: Quality: -2.03737 New trust radius: 0.000198223
   4     -1740.076132961    1.32e-07    9.43e-05    1.63e-04    3.96e-04    7.93e-04    1.98e-04        0.30
 Geometry optimization stopped:          thresholds achieved

 Final energy:                       -1740.076132961

 ---------------------------
  Final coordinates summary 
 ---------------------------
 Total coordinates:                      7
 Bond distances:                         1
 Bond angles:                            0
 Dihedral angles:                        0
 Linear bond angles:                     0
 Out-of-plane bends:                     0
 Translations:                           6
 Rotations:                              0

 -----------
  Final XYZ 
 -----------
2
Final structure: -1740.08 hartree
Cu          -0.000004662         -0.000002426          0.421881160
F            0.000004662          0.000002426         -1.339028160

 Structure in entos input format:

  structure(
    xyz = [
      ['Cu' ,         -0.000004662,         -0.000002426,          0.421881160],
      ['F'  ,          0.000004662,          0.000002426,         -1.339028160]
    ]
  )

 --------------------------------
  Geometry optimization finished 
 --------------------------------
 Saving results in set 'opt'

 --------------------------------------------------------------------------------
                                 command: hessian                                
 --------------------------------------------------------------------------------

WARNING: semianalytic method is specified for dft hessian, which is not efficient. Try switching to 'method = analytic'


 -------------------------------
  Numerical Geometrical Hessian 
 -------------------------------

 Compute hessian using two-point central differentiation.
 Step size (bohr):                       0.0100

 Frequencies (including translational and rotational modes):
 mode    frequency (cm-1)
    0               58.62 i (imaginary)
    1               58.61 i (imaginary)
    2                0.02 i (imaginary)
    3                0.01 i (imaginary)
    4                0.00
    5              602.80

 Project out translational and rotational motions 

 The molecule is linear

 Degrees of freedom for translational and rotational motions: 5

 Vibrational frequencies:
 mode    frequency (cm-1)
    0              602.80

 --------------------------------------------------------------------------------

 End time:                               Fri Oct 22 17:23:57 2021
 Total wall-clock time:                  5.955 seconds
==================================================================================
