
================================================================================
          _____________ ________ _______________ ________     _________         
         / ___________// ______ \\_____   _____// ______ \   / ________)        
        / /_________  / /      \ \     | |     / /      \ \ | (_______          
       |  __________|| |        | |    | |    | |        | | \________ \        
        \ \_________ | |        | |    | |     \ \______/ /___________) |       
         \__________||_|        |_|    |_|      \________//____________/        
                                                                                
====================================[ Qcore ]===================================

 Git describe: 2.3.0
 Compiler:     GNU 9.1.0
 Build type:   Release
 Version:      2.3.0

 Start time:   Fri Oct 22 17:23:52 2021

 Data directory: /work/zw18965/.local/qcore/share/entos/qcore/data
 Number of threads: 24
 Number of threads was determined by: command line argument
  - More threads can be used by running 'qcore -n 32'

 --------------------------------------------------------------------------------
                                command: optimize                                
 --------------------------------------------------------------------------------
 Using coordinate system:                tric

 -----------------------------
  Initial coordinates summary 
 -----------------------------
 Total coordinates:                      7
 Bond distances:                         1
 Bond angles:                            0
 Dihedral angles:                        0
 Linear bond angles:                     0
 Out-of-plane bends:                     0
 Translations:                           6
 Rotations:                              0
 Hessian update scheme:                  bfgs
 Initial hessian:                        model

 ------------------------------------------------------------------------------------------------------------
                   energy      change    grad rms    grad max    step rms    step max       trust    time (s)
 ------------------------------------------------------------------------------------------------------------
   1     -3280.568318375                4.45e-03    7.71e-03                            2.00e-01        0.81
   2     -3280.568623434   -3.05e-04    1.34e-03    2.32e-03    3.08e-02    6.17e-02    2.00e-01        0.49
   3     -3280.568657166   -3.37e-05    1.24e-04    2.15e-04    1.33e-02    2.66e-02    2.00e-01        0.49
   4     -3280.568657466   -3.01e-07    3.86e-06    6.69e-06    1.36e-03    2.71e-03    2.00e-01        0.46
   5     -3280.568657467   -2.89e-10    5.77e-08    6.98e-08    4.35e-05    8.71e-05    2.00e-01        0.43
 Geometry optimization stopped:          thresholds achieved

 Final energy:                       -3280.568657467

 ---------------------------
  Final coordinates summary 
 ---------------------------
 Total coordinates:                      7
 Bond distances:                         1
 Bond angles:                            0
 Dihedral angles:                        0
 Linear bond angles:                     0
 Out-of-plane bends:                     0
 Translations:                           6
 Rotations:                              0

 -----------
  Final XYZ 
 -----------
2
Final structure: -3280.57 hartree
Cu           0.000002149         -0.000000674          1.131576057
Cu          -0.000002149          0.000000674         -1.131576057

 Structure in entos input format:

  structure(
    xyz = [
      ['Cu' ,          0.000002149,         -0.000000674,          1.131576057],
      ['Cu' ,         -0.000002149,          0.000000674,         -1.131576057]
    ]
  )

 --------------------------------
  Geometry optimization finished 
 --------------------------------
 Saving results in set 'opt'

 --------------------------------------------------------------------------------
                                 command: hessian                                
 --------------------------------------------------------------------------------

WARNING: semianalytic method is specified for dft hessian, which is not efficient. Try switching to 'method = analytic'


 -------------------------------
  Numerical Geometrical Hessian 
 -------------------------------

 Compute hessian using two-point central differentiation.
 Step size (bohr):                       0.0100

 Frequencies (including translational and rotational modes):
 mode    frequency (cm-1)
    0                0.25 i (imaginary)
    1                0.10 i (imaginary)
    2                0.00
    3                4.87
    4                5.07
    5              252.40

 Project out translational and rotational motions 

 The molecule is linear

 Degrees of freedom for translational and rotational motions: 5

 Vibrational frequencies:
 mode    frequency (cm-1)
    0              252.40

 --------------------------------------------------------------------------------

 End time:                               Fri Oct 22 17:24:01 2021
 Total wall-clock time:                  9.036 seconds
==================================================================================
