
================================================================================
          _____________ ________ _______________ ________     _________         
         / ___________// ______ \\_____   _____// ______ \   / ________)        
        / /_________  / /      \ \     | |     / /      \ \ | (_______          
       |  __________|| |        | |    | |    | |        | | \________ \        
        \ \_________ | |        | |    | |     \ \______/ /___________) |       
         \__________||_|        |_|    |_|      \________//____________/        
                                                                                
====================================[ Qcore ]===================================

 Git describe: 2.3.0
 Compiler:     GNU 9.1.0
 Build type:   Release
 Version:      2.3.0

 Start time:   Fri Oct 22 17:23:59 2021

 Data directory: /work/zw18965/.local/qcore/share/entos/qcore/data
 Number of threads: 24
 Number of threads was determined by: command line argument
  - More threads can be used by running 'qcore -n 32'

 --------------------------------------------------------------------------------
                                command: optimize                                
 --------------------------------------------------------------------------------
 Using coordinate system:                tric

 -----------------------------
  Initial coordinates summary 
 -----------------------------
 Total coordinates:                     13
 Bond distances:                         2
 Bond angles:                            0
 Dihedral angles:                        0
 Linear bond angles:                     2
 Out-of-plane bends:                     0
 Translations:                           9
 Rotations:                              0
 Hessian update scheme:                  bfgs
 Initial hessian:                        model

 ------------------------------------------------------------------------------------------------------------
                   energy      change    grad rms    grad max    step rms    step max       trust    time (s)
 ------------------------------------------------------------------------------------------------------------
   1     -4920.854841088                1.84e-03    3.91e-03                            2.00e-01        1.74
   2     -4920.854999059   -1.58e-04    1.01e-03    2.15e-03    2.13e-02    2.61e-02    2.00e-01        1.14
   3     -4920.855070862   -7.18e-05    5.97e-05    1.27e-04    2.60e-02    3.19e-02    2.00e-01        1.15
   4     -4920.855071349   -4.87e-07    2.11e-06    4.58e-06    1.63e-03    1.99e-03    2.00e-01        1.07
   5     -4920.855071350   -3.96e-10    5.41e-08    1.01e-07    5.98e-05    7.40e-05    2.00e-01        0.90
 Geometry optimization stopped:          thresholds achieved

 Final energy:                       -4920.855071350

 ---------------------------
  Final coordinates summary 
 ---------------------------
 Total coordinates:                     13
 Bond distances:                         2
 Bond angles:                            0
 Dihedral angles:                        0
 Linear bond angles:                     2
 Out-of-plane bends:                     0
 Translations:                           9
 Rotations:                              0

 -----------
  Final XYZ 
 -----------
3
Final structure: -4920.86 hartree
Cu          -0.000007740          0.000004156          0.000001071
Cu           0.000001689         -0.000000264          2.322860599
Cu           0.000006052         -0.000003892         -2.322861676

 Structure in entos input format:

  structure(
    xyz = [
      ['Cu' ,         -0.000007740,          0.000004156,          0.000001071],
      ['Cu' ,          0.000001689,         -0.000000264,          2.322860599],
      ['Cu' ,          0.000006052,         -0.000003892,         -2.322861676]
    ]
  )

 --------------------------------
  Geometry optimization finished 
 --------------------------------
 Saving results in set 'opt'

 --------------------------------------------------------------------------------
                                 command: hessian                                
 --------------------------------------------------------------------------------

WARNING: semianalytic method is specified for dft hessian, which is not efficient. Try switching to 'method = analytic'


 -------------------------------
  Numerical Geometrical Hessian 
 -------------------------------

 Compute hessian using two-point central differentiation.
 Step size (bohr):                       0.0100

 Frequencies (including translational and rotational modes):
 mode    frequency (cm-1)
    0               54.74 i (imaginary)
    1               54.74 i (imaginary)
    2                0.08 i (imaginary)
    3                0.03 i (imaginary)
    4                0.03
    5                1.33
    6                1.38
    7              159.37
    8              260.78

 Project out translational and rotational motions 

 Degrees of freedom for translational and rotational motions: 6

 Vibrational frequencies:
 mode    frequency (cm-1)
    0               54.74 i (imaginary)
    1              159.37
    2              260.78

 --------------------------------------------------------------------------------

 End time:                               Fri Oct 22 17:24:27 2021
 Total wall-clock time:                 27.952 seconds
==================================================================================
