
================================================================================
          _____________ ________ _______________ ________     _________         
         / ___________// ______ \\_____   _____// ______ \   / ________)        
        / /_________  / /      \ \     | |     / /      \ \ | (_______          
       |  __________|| |        | |    | |    | |        | | \________ \        
        \ \_________ | |        | |    | |     \ \______/ /___________) |       
         \__________||_|        |_|    |_|      \________//____________/        
                                                                                
====================================[ Qcore ]===================================

 Git describe: 2.3.0
 Compiler:     GNU 9.1.0
 Build type:   Release
 Version:      2.3.0

 Start time:   Fri Oct 22 17:23:52 2021

 Data directory: /work/zw18965/.local/qcore/share/entos/qcore/data
 Number of threads: 24
 Number of threads was determined by: command line argument

 --------------------------------------------------------------------------------
                                command: optimize                                
 --------------------------------------------------------------------------------
 Using coordinate system:                tric

 -----------------------------
  Initial coordinates summary 
 -----------------------------
 Total coordinates:                     12
 Bond distances:                         3
 Bond angles:                            3
 Dihedral angles:                        0
 Linear bond angles:                     0
 Out-of-plane bends:                     0
 Translations:                           3
 Rotations:                              3
 Hessian update scheme:                  bfgs
 Initial hessian:                        model

 ------------------------------------------------------------------------------------------------------------
                   energy      change    grad rms    grad max    step rms    step max       trust    time (s)
 ------------------------------------------------------------------------------------------------------------
   1     -4920.642540562                3.30e-03    5.76e-03                            2.00e-01        1.48
   2     -4920.642772726   -2.32e-04    1.42e-03    2.50e-03    1.91e-02    3.32e-02    2.00e-01        1.03
   3     -4920.642828883   -5.62e-05    1.03e-04    2.06e-04    1.44e-02    2.52e-02    2.00e-01        1.04
   4     -4920.642829425   -5.42e-07    9.89e-06    2.17e-05    1.13e-03    2.11e-03    2.00e-01        1.03
Rejecting step due to low quality: Quality: -77.0568 New trust radius: 5.55453e-05
   5     -4920.642829206    2.19e-07    9.89e-06    2.17e-05    1.11e-04    1.69e-04    5.55e-05        0.95
 Geometry optimization stopped:          thresholds achieved

 Final energy:                       -4920.642829206

 ---------------------------
  Final coordinates summary 
 ---------------------------
 Total coordinates:                     12
 Bond distances:                         3
 Bond angles:                            3
 Dihedral angles:                        0
 Linear bond angles:                     0
 Out-of-plane bends:                     0
 Translations:                           3
 Rotations:                              3

 -----------
  Final XYZ 
 -----------
3
Final structure: -4920.64 hartree
Cu           0.000005217          1.367974261          0.000014641
Cu           1.183955164         -0.683989663         -0.000004374
Cu          -1.183960371         -0.683983600         -0.000010266

 Structure in entos input format:

  structure(
    xyz = [
      ['Cu' ,          0.000005217,          1.367974261,          0.000014641],
      ['Cu' ,          1.183955164,         -0.683989663,         -0.000004374],
      ['Cu' ,         -1.183960371,         -0.683983600,         -0.000010266]
    ]
  )

 --------------------------------
  Geometry optimization finished 
 --------------------------------
 Saving results in set 'opt'

 --------------------------------------------------------------------------------
                                 command: hessian                                
 --------------------------------------------------------------------------------

WARNING: semianalytic method is specified for dft hessian, which is not efficient. Try switching to 'method = analytic'


 -------------------------------
  Numerical Geometrical Hessian 
 -------------------------------

 Compute hessian using two-point central differentiation.
 Step size (bohr):                       0.0100

 Frequencies (including translational and rotational modes):
 mode    frequency (cm-1)
    0               11.89 i (imaginary)
    1                4.11 i (imaginary)
    2                0.08 i (imaginary)
    3                0.34
    4                0.75
    5                4.94
    6              175.02
    7              176.28
    8              252.05

 Project out translational and rotational motions 

 Degrees of freedom for translational and rotational motions: 6

 Vibrational frequencies:
 mode    frequency (cm-1)
    0              175.02
    1              176.27
    2              252.05

 --------------------------------------------------------------------------------

 End time:                               Fri Oct 22 17:24:17 2021
 Total wall-clock time:                 24.505 seconds
==================================================================================
