
================================================================================
          _____________ ________ _______________ ________     _________         
         / ___________// ______ \\_____   _____// ______ \   / ________)        
        / /_________  / /      \ \     | |     / /      \ \ | (_______          
       |  __________|| |        | |    | |    | |        | | \________ \        
        \ \_________ | |        | |    | |     \ \______/ /___________) |       
         \__________||_|        |_|    |_|      \________//____________/        
                                                                                
====================================[ Qcore ]===================================

 Git describe: 2.3.0
 Compiler:     GNU 9.1.0
 Build type:   Release
 Version:      2.3.0

 Start time:   Fri Oct 22 17:23:57 2021

 Data directory: /work/zw18965/.local/qcore/share/entos/qcore/data
 Number of threads: 24
 Number of threads was determined by: command line argument

 --------------------------------------------------------------------------------
                                command: optimize                                
 --------------------------------------------------------------------------------
 Using coordinate system:                tric

 -----------------------------
  Initial coordinates summary 
 -----------------------------
 Total coordinates:                     13
 Bond distances:                         2
 Bond angles:                            0
 Dihedral angles:                        0
 Linear bond angles:                     2
 Out-of-plane bends:                     0
 Translations:                           9
 Rotations:                              0
 Hessian update scheme:                  bfgs
 Initial hessian:                        model

 ------------------------------------------------------------------------------------------------------------
                   energy      change    grad rms    grad max    step rms    step max       trust    time (s)
 ------------------------------------------------------------------------------------------------------------
   1     -4920.584016482                8.29e-04    1.76e-03                            2.00e-01        1.62
   2     -4920.584049920   -3.34e-05    5.35e-04    1.13e-03    9.57e-03    1.17e-02    2.00e-01        0.96
   3     -4920.584075500   -2.56e-05    2.16e-05    4.60e-05    1.74e-02    2.13e-02    2.00e-01        1.02
Rejecting step due to low quality: Quality: -10.4379 New trust radius: 0.000366477
   4     -4920.584075071    4.29e-07    2.16e-05    4.60e-05    7.33e-04    8.99e-04    3.66e-04        0.95
 Geometry optimization stopped:          thresholds achieved

 Final energy:                       -4920.584075071

 ---------------------------
  Final coordinates summary 
 ---------------------------
 Total coordinates:                     13
 Bond distances:                         2
 Bond angles:                            0
 Dihedral angles:                        0
 Linear bond angles:                     2
 Out-of-plane bends:                     0
 Translations:                           9
 Rotations:                              0

 -----------
  Final XYZ 
 -----------
3
Final structure: -4920.58 hartree
Cu          -0.000005092         -0.000005092          0.000000734
Cu           0.000001783          0.000001783          2.354659796
Cu           0.000003309          0.000003309         -2.354660528

 Structure in entos input format:

  structure(
    xyz = [
      ['Cu' ,         -0.000005092,         -0.000005092,          0.000000734],
      ['Cu' ,          0.000001783,          0.000001783,          2.354659796],
      ['Cu' ,          0.000003309,          0.000003309,         -2.354660528]
    ]
  )

 --------------------------------
  Geometry optimization finished 
 --------------------------------
 Saving results in set 'opt'

 --------------------------------------------------------------------------------
                                 command: hessian                                
 --------------------------------------------------------------------------------

WARNING: semianalytic method is specified for dft hessian, which is not efficient. Try switching to 'method = analytic'


 -------------------------------
  Numerical Geometrical Hessian 
 -------------------------------

 Compute hessian using two-point central differentiation.
 Step size (bohr):                       0.0100

 Frequencies (including translational and rotational modes):
 mode    frequency (cm-1)
    0              104.57 i (imaginary)
    1              104.55 i (imaginary)
    2                0.11 i (imaginary)
    3                0.00 i (imaginary)
    4                0.03
    5                5.82
    6                5.83
    7              143.58
    8              241.26

 Project out translational and rotational motions 

 Degrees of freedom for translational and rotational motions: 6

 Vibrational frequencies:
 mode    frequency (cm-1)
    0              104.56 i (imaginary)
    1              143.58
    2              241.26

 --------------------------------------------------------------------------------

 End time:                               Fri Oct 22 17:24:21 2021
 Total wall-clock time:                 24.071 seconds
==================================================================================
